#
# A fatal error has been detected by the Java Runtime Environment:
#
#  SIGSEGV (0xb) at pc=0x00007f3de0aeb2a8, pid=4568, tid=139903880529664
#
# JRE version: 7.0_03-b147
# Java VM: OpenJDK 64-Bit Server VM (22.0-b10 mixed mode linux-amd64 compressed oops)
# Derivative: IcedTea7 2.1
# Distribution: Custom build (Tue Mar  6 19:52:34 UTC 2012)
# Problematic frame:
# C  [libX11.so.6+0x382a8]  XQueryExtension+0x28
#
# Failed to write core dump. Core dumps have been disabled. To enable core dumping, try "ulimit -c unlimited" before starting Java again
#
# If you would like to submit a bug report, please include
# instructions on how to reproduce the bug and visit:
#   http://icedtea.classpath.org/bugzilla
#

---------------  T H R E A D  ---------------

Current thread (0x00007f3de409d000):  VMThread [stack: 0x00007f3de90a0000,0x00007f3de91a1000] [id=4579]

siginfo:si_signo=SIGSEGV: si_errno=0, si_code=1 (SEGV_MAPERR), si_addr=0xffffffffe41c8d28

Registers:
RAX=0x00007f3dbc0008c0, RBX=0xffffffffe41c83c0, RCX=0x00007f3de919f6b8, RDX=0x00007f3de919f6b4
RSP=0x00007f3de919f650, RBP=0x00007f3dd0e26932, RSI=0x00007f3dd0e26932, RDI=0xffffffffe41c83c0
R8 =0x00007f3de919f6bc, R9 =0x0000000000000000, R10=0x00007f3de919f510, R11=0x00007f3dec966ad0
R12=0x0000000000000000, R13=0x00007f3dd0e26932, R14=0x00007f3dbc0008c0, R15=0x0000000000000000
RIP=0x00007f3de0aeb2a8, EFLAGS=0x0000000000010206, CSGSFS=0x0000000000000033, ERR=0x0000000000000005
  TRAPNO=0x000000000000000e

Top of Stack: (sp=0x00007f3de919f650)
0x00007f3de919f650:   00007f3de919f670 00007f3de919f6c8
0x00007f3de919f660:   00007f3de919f6c9 00007f3ded52b3da
0x00007f3de919f670:   00007f3de919f6f0 ffffffffe41c83c0
0x00007f3de919f680:   00007f3dd0e26932 0000000000000000
0x00007f3de919f690:   00007f3dd0e26932 00007f3dbc0008c0
0x00007f3de919f6a0:   0000000000000000 00007f3de0adf285
0x00007f3de919f6b0:   0000000000000000 00007f3dec9abb20
0x00007f3de919f6c0:   00007f3dd0f5f520 ffffffffe41c83c0
0x00007f3de919f6d0:   00007f3de41d0c20 00007f3de0dfbb1b
0x00007f3de919f6e0:   00007f3d00000005 0000001100000000
0x00007f3de919f6f0:   00007f3d00000005 0000000000000000
0x00007f3de919f700:   00007f3de919f770 ffffffffe41c83c0
0x00007f3de919f710:   00007f3de919f8f8 00007f3de919fa10
0x00007f3de919f720:   00007f3dd0f78d50 00007f3dd0dcd119
0x00007f3de919f730:   0000000000000000 00007f3de41d0cd0
0x00007f3de919f740:   00007f3de919f770 00007f3dd11db008
0x00007f3de919f750:   00007f3de919f8f8 00007f3de919fa10
0x00007f3de919f760:   00000000ffffffff 00007f3dd0dc3b42
0x00007f3de919f770:   00007f3de919fa80 00007f3dd0e268b1
0x00007f3de919f780:   00007f3de919fa80 00007f3ded521f5f
0x00007f3de919f790:   00007f3ded736170 00007f3ded736700
0x00007f3de919f7a0:   00007f3ded702000 00007f3de4005900
0x00007f3de919f7b0:   00007f3de400a110 00007f3de417b1f0
0x00007f3de919f7c0:   00007f3de417c670 00007f3de417d000
0x00007f3de919f7d0:   00007f3de417d510 00007f3de417cb10
0x00007f3de919f7e0:   00007f3de417da20 00007f3de417e930
0x00007f3de919f7f0:   00007f3de417e420 00007f3de417ee40
0x00007f3de919f800:   00007f3de417f340 00007f3de417f830
0x00007f3de919f810:   00007f3de4180250 00007f3de4181b90
0x00007f3de919f820:   00007f3de4182cf0 00007f3de41831f0
0x00007f3de919f830:   00007f3de41836e0 00007f3de417c1d0
0x00007f3de919f840:   00007f3de4183be0 00007f3de41840f0 

Instructions: (pc=0x00007f3de0aeb2a8)
0x00007f3de0aeb288:   24 d8 48 89 fb 4c 89 64 24 e0 4c 89 6c 24 e8 48
0x00007f3de0aeb298:   89 f5 4c 89 74 24 f0 4c 89 7c 24 f8 48 83 ec 58
0x00007f3de0aeb2a8:   48 8b 87 68 09 00 00 49 89 d4 49 89 cd 4d 89 c6
0x00007f3de0aeb2b8:   48 85 c0 74 02 ff 10 ba 08 00 00 00 be 62 00 00 

Register to memory mapping:

RAX=0x00007f3dbc0008c0 is an unknown value
RBX=0xffffffffe41c83c0 is an unknown value
RCX=0x00007f3de919f6b8 is an unknown value
RDX=0x00007f3de919f6b4 is an unknown value
RSP=0x00007f3de919f650 is an unknown value
RBP=0x00007f3dd0e26932: <offset 0x96932> in /usr/lib/libGL.so.1 at 0x00007f3dd0d90000
RSI=0x00007f3dd0e26932: <offset 0x96932> in /usr/lib/libGL.so.1 at 0x00007f3dd0d90000
RDI=0xffffffffe41c83c0 is an unknown value
R8 =0x00007f3de919f6bc is an unknown value
R9 =0x0000000000000000 is an unknown value
R10=0x00007f3de919f510 is an unknown value
R11=0x00007f3dec966ad0: __cxa_finalize+0 in /lib/libc.so.6 at 0x00007f3dec92f000
R12=0x0000000000000000 is an unknown value
R13=0x00007f3dd0e26932: <offset 0x96932> in /usr/lib/libGL.so.1 at 0x00007f3dd0d90000
R14=0x00007f3dbc0008c0 is an unknown value
R15=0x0000000000000000 is an unknown value


Stack: [0x00007f3de90a0000,0x00007f3de91a1000],  sp=0x00007f3de919f650,  free space=1021k
Native frames: (J=compiled Java code, j=interpreted, Vv=VM code, C=native code)
C  [libX11.so.6+0x382a8]  XQueryExtension+0x28

VM_Operation (0x00007f3dc9c2f670): Exit, mode: safepoint, requested by thread 0x00007f3de44b0800


---------------  P R O C E S S  ---------------

Java Threads: ( => current thread )
  0x00007f3d900f0000 JavaThread "Image Fetcher 0" daemon [_thread_blocked, id=4594, stack(0x00007f3dc8eca000,0x00007f3dc8fcb000)]
  0x00007f3de4006000 JavaThread "DestroyJavaVM" [_thread_blocked, id=4570, stack(0x00007f3ded5fd000,0x00007f3ded6fe000)]
  0x00007f3de44b0800 JavaThread "Thread-0" [_thread_blocked, id=4593, stack(0x00007f3dc9b30000,0x00007f3dc9c31000)]
  0x00007f3de44d0800 JavaThread "AWT-EventQueue-0" [_thread_blocked, id=4592, stack(0x00007f3dc9c31000,0x00007f3dc9d32000)]
  0x00007f3de44cf000 JavaThread "AWT-Shutdown" [_thread_blocked, id=4591, stack(0x00007f3dd002e000,0x00007f3dd012f000)]
  0x00007f3de4430000 JavaThread "AWT-XAWT" daemon [_thread_blocked, id=4590, stack(0x00007f3dd0245000,0x00007f3dd0346000)]
  0x00007f3de43e6000 JavaThread "Java2D Disposer" daemon [_thread_blocked, id=4588, stack(0x00007f3dd0346000,0x00007f3dd0447000)]
  0x00007f3de43e3800 JavaThread "Java2D Queue Flusher" daemon [_thread_blocked, id=4587, stack(0x00007f3dd048f000,0x00007f3dd0590000)]
  0x00007f3de4106000 JavaThread "Service Thread" daemon [_thread_blocked, id=4585, stack(0x00007f3de86ee000,0x00007f3de87ef000)]
  0x00007f3de4103800 JavaThread "C2 CompilerThread1" daemon [_thread_blocked, id=4584, stack(0x00007f3de87ef000,0x00007f3de88f0000)]
  0x00007f3de4101000 JavaThread "C2 CompilerThread0" daemon [_thread_blocked, id=4583, stack(0x00007f3de88f0000,0x00007f3de89f1000)]
  0x00007f3de40fe800 JavaThread "Signal Dispatcher" daemon [_thread_blocked, id=4582, stack(0x00007f3de89f1000,0x00007f3de8af2000)]
  0x00007f3de40a8000 JavaThread "Finalizer" daemon [_thread_blocked, id=4581, stack(0x00007f3de8e9e000,0x00007f3de8f9f000)]
  0x00007f3de40a5800 JavaThread "Reference Handler" daemon [_thread_blocked, id=4580, stack(0x00007f3de8f9f000,0x00007f3de90a0000)]

Other Threads:
=>0x00007f3de409d000 VMThread [stack: 0x00007f3de90a0000,0x00007f3de91a1000] [id=4579]

VM state:at safepoint (shutting down)

VM Mutex/Monitor currently owned by a thread:  ([mutex/lock_event])
[0x00007f3de4003f50] Threads_lock - owner thread: 0x00007f3de409d000

Heap
 PSYoungGen      total 73792K, used 29257K [0x00000007adab0000, 0x00000007b2d00000, 0x0000000800000000)
  eden space 63296K, 46% used [0x00000007adab0000,0x00000007af7425a8,0x00000007b1880000)
  from space 10496K, 0% used [0x00000007b22c0000,0x00000007b22c0000,0x00000007b2d00000)
  to   space 10496K, 0% used [0x00000007b1880000,0x00000007b1880000,0x00000007b22c0000)
 PSOldGen        total 168576K, used 0K [0x0000000709000000, 0x00000007134a0000, 0x00000007adab0000)
  object space 168576K, 0% used [0x0000000709000000,0x0000000709000000,0x00000007134a0000)
 PSPermGen       total 21248K, used 11937K [0x00000006fea00000, 0x00000006ffec0000, 0x0000000709000000)
  object space 21248K, 56% used [0x00000006fea00000,0x00000006ff5a8548,0x00000006ffec0000)

Code Cache  [0x00007f3de1000000, 0x00007f3de1270000, 0x00007f3de4000000)
 total_blobs=549 nmethods=88 adapters=415 free_code_cache=48401Kb largest_free_block=49537344

Dynamic libraries:
00400000-00401000 r-xp 00000000 08:06 533859                             /usr/lib/jvm/java-7-openjdk/jre/bin/java
00600000-00601000 rw-p 00000000 08:06 533859                             /usr/lib/jvm/java-7-openjdk/jre/bin/java
019c2000-019e3000 rw-p 00000000 00:00 0                                  [heap]
6fea00000-6ffec0000 rw-p 00000000 00:00 0 
6ffec0000-709000000 rw-p 00000000 00:00 0 
709000000-7134a0000 rw-p 00000000 00:00 0 
7134a0000-7adab0000 rw-p 00000000 00:00 0 
7adab0000-7b2d00000 rw-p 00000000 00:00 0 
7b2d00000-800000000 rw-p 00000000 00:00 0 
7f3d7c000000-7f3d7c021000 rw-p 00000000 00:00 0 
7f3d7c021000-7f3d80000000 ---p 00000000 00:00 0 
7f3d84000000-7f3d84021000 rw-p 00000000 00:00 0 
7f3d84021000-7f3d88000000 ---p 00000000 00:00 0 
7f3d88000000-7f3d88021000 rw-p 00000000 00:00 0 
7f3d88021000-7f3d8c000000 ---p 00000000 00:00 0 
7f3d8c000000-7f3d8c1a8000 rw-p 00000000 00:00 0 
7f3d8c1a8000-7f3d90000000 ---p 00000000 00:00 0 
7f3d90000000-7f3d9012b000 rw-p 00000000 00:00 0 
7f3d9012b000-7f3d94000000 ---p 00000000 00:00 0 
7f3d94000000-7f3d94022000 rw-p 00000000 00:00 0 
7f3d94022000-7f3d98000000 ---p 00000000 00:00 0 
7f3d98000000-7f3d98021000 rw-p 00000000 00:00 0 
7f3d98021000-7f3d9c000000 ---p 00000000 00:00 0 
7f3d9c000000-7f3d9cf15000 rw-p 00000000 00:00 0 
7f3d9cf15000-7f3da0000000 ---p 00000000 00:00 0 
7f3da0000000-7f3da0021000 rw-p 00000000 00:00 0 
7f3da0021000-7f3da4000000 ---p 00000000 00:00 0 
7f3da4000000-7f3da4021000 rw-p 00000000 00:00 0 
7f3da4021000-7f3da8000000 ---p 00000000 00:00 0 
7f3da8000000-7f3da8021000 rw-p 00000000 00:00 0 
7f3da8021000-7f3dac000000 ---p 00000000 00:00 0 
7f3dac000000-7f3dac500000 rw-p 00000000 00:00 0 
7f3dac500000-7f3db0000000 ---p 00000000 00:00 0 
7f3db0000000-7f3db03de000 rw-p 00000000 00:00 0 
7f3db03de000-7f3db4000000 ---p 00000000 00:00 0 
7f3db4000000-7f3db4021000 rw-p 00000000 00:00 0 
7f3db4021000-7f3db8000000 ---p 00000000 00:00 0 
7f3db8000000-7f3db8021000 rw-p 00000000 00:00 0 
7f3db8021000-7f3dbc000000 ---p 00000000 00:00 0 
7f3dbc000000-7f3dbc021000 rw-p 00000000 00:00 0 
7f3dbc021000-7f3dc0000000 ---p 00000000 00:00 0 
7f3dc0000000-7f3dc0021000 rw-p 00000000 00:00 0 
7f3dc0021000-7f3dc4000000 ---p 00000000 00:00 0 
7f3dc4000000-7f3dc4021000 rw-p 00000000 00:00 0 
7f3dc4021000-7f3dc8000000 ---p 00000000 00:00 0 
7f3dc8cc8000-7f3dc8ccb000 ---p 00000000 00:00 0 
7f3dc8ccb000-7f3dc8dc9000 rw-p 00000000 00:00 0 
7f3dc8dc9000-7f3dc8dcc000 ---p 00000000 00:00 0 
7f3dc8dcc000-7f3dc8eca000 rw-p 00000000 00:00 0 
7f3dc8eca000-7f3dc8ecd000 ---p 00000000 00:00 0 
7f3dc8ecd000-7f3dc8fcb000 rw-p 00000000 00:00 0 
7f3dc8fcb000-7f3dc91cb000 rw-s d5c46000 00:05 10083                      /dev/ati/card1
7f3dc91cb000-7f3dc93cc000 rw-s d3fe8000 00:05 10083                      /dev/ati/card1
7f3dc93cc000-7f3dc93dc000 r-xp 00000000 08:06 525189                     /usr/lib/jvm/java-7-openjdk/jre/lib/amd64/libnio.so
7f3dc93dc000-7f3dc95dc000 ---p 00010000 08:06 525189                     /usr/lib/jvm/java-7-openjdk/jre/lib/amd64/libnio.so
7f3dc95dc000-7f3dc95dd000 rw-p 00010000 08:06 525189                     /usr/lib/jvm/java-7-openjdk/jre/lib/amd64/libnio.so
7f3dc95dd000-7f3dc95f2000 r-xp 00000000 08:06 525188                     /usr/lib/jvm/java-7-openjdk/jre/lib/amd64/libnet.so
7f3dc95f2000-7f3dc97f2000 ---p 00015000 08:06 525188                     /usr/lib/jvm/java-7-openjdk/jre/lib/amd64/libnet.so
7f3dc97f2000-7f3dc97f3000 rw-p 00015000 08:06 525188                     /usr/lib/jvm/java-7-openjdk/jre/lib/amd64/libnet.so
7f3dc97f3000-7f3dc982d000 r-xp 00000000 08:06 525196                     /usr/lib/jvm/java-7-openjdk/jre/lib/amd64/libfontmanager.so
7f3dc982d000-7f3dc9a2d000 ---p 0003a000 08:06 525196                     /usr/lib/jvm/java-7-openjdk/jre/lib/amd64/libfontmanager.so
7f3dc9a2d000-7f3dc9a30000 rw-p 0003a000 08:06 525196                     /usr/lib/jvm/java-7-openjdk/jre/lib/amd64/libfontmanager.so
7f3dc9a30000-7f3dc9b30000 rw-s 09203000 00:05 10083                      /dev/ati/card1
7f3dc9b30000-7f3dc9b33000 ---p 00000000 00:00 0 
7f3dc9b33000-7f3dc9c31000 rw-p 00000000 00:00 0 
7f3dc9c31000-7f3dc9c34000 ---p 00000000 00:00 0 
7f3dc9c34000-7f3dc9d32000 rw-p 00000000 00:00 0 
7f3dc9d32000-7f3dcbc8c000 r-xp 00000000 08:06 527438                     /usr/lib/xorg/modules/dri/fglrx_dri.so
7f3dcbc8c000-7f3dcbd8c000 ---p 01f5a000 08:06 527438                     /usr/lib/xorg/modules/dri/fglrx_dri.so
7f3dcbd8c000-7f3dcbeda000 rwxp 01f5a000 08:06 527438                     /usr/lib/xorg/modules/dri/fglrx_dri.so
7f3dcbeda000-7f3dcc000000 rwxp 00000000 00:00 0 
7f3dcc000000-7f3dcc021000 rw-p 00000000 00:00 0 
7f3dcc021000-7f3dd0000000 ---p 00000000 00:00 0 
7f3dd002e000-7f3dd0031000 ---p 00000000 00:00 0 
7f3dd0031000-7f3dd012f000 rw-p 00000000 00:00 0 
7f3dd012f000-7f3dd0130000 r--s 00000000 00:11 27270                      /home/tobi/.fontconfig/5604230ae2129cf9aeedc64ab4ef6938-le64.cache-3
7f3dd0130000-7f3dd0146000 r--s 00000000 08:07 22836                      /var/cache/fontconfig/8d4af663993b81a124ee82e610bb31f9-le64.cache-3
7f3dd0146000-7f3dd018b000 r--s 00000000 08:07 26937                      /var/cache/fontconfig/f6b893a7224233d96cb72fd88691c0b4-le64.cache-3
7f3dd018b000-7f3dd01e8000 r--s 00000000 08:07 26936                      /var/cache/fontconfig/17090aa38d5c6f09fb8c5c354938f1d7-le64.cache-3
7f3dd01e8000-7f3dd0245000 r--s 00000000 08:07 26934                      /var/cache/fontconfig/df311e82a1a24c41a75c2c930223552e-le64.cache-3
7f3dd0245000-7f3dd0248000 ---p 00000000 00:00 0 
7f3dd0248000-7f3dd0346000 rw-p 00000000 00:00 0 
7f3dd0346000-7f3dd0349000 ---p 00000000 00:00 0 
7f3dd0349000-7f3dd048f000 rw-p 00000000 00:00 0 
7f3dd048f000-7f3dd0492000 ---p 00000000 00:00 0 
7f3dd0492000-7f3dd0590000 rw-p 00000000 00:00 0 
7f3dd0590000-7f3dd0c90000 rw-s 00006000 00:05 10083                      /dev/ati/card1
7f3dd0c90000-7f3dd0d90000 rw-p 00000000 00:00 0 
7f3dd0d90000-7f3dd0e53000 r-xp 00000000 08:06 531369                     /usr/lib/fglrx/fglrx-libGL.so.1.2
7f3dd0e53000-7f3dd0f52000 ---p 000c3000 08:06 531369                     /usr/lib/fglrx/fglrx-libGL.so.1.2
7f3dd0f52000-7f3dd0f79000 rwxp 000c2000 08:06 531369                     /usr/lib/fglrx/fglrx-libGL.so.1.2
7f3dd0f79000-7f3dd0f99000 rwxp 00000000 00:00 0 
7f3dd0f99000-7f3dd0fdb000 r-xp 00000000 08:06 527897                     /usr/lib/libdbus-1.so.3.5.9
7f3dd0fdb000-7f3dd11db000 ---p 00042000 08:06 527897                     /usr/lib/libdbus-1.so.3.5.9
7f3dd11db000-7f3dd11dd000 rw-p 00042000 08:06 527897                     /usr/lib/libdbus-1.so.3.5.9
7f3dd11dd000-7f3dd11ee000 r-xp 00000000 08:06 533797                     /usr/lib/libp11-kit.so.0.0.0
7f3dd11ee000-7f3dd13ed000 ---p 00011000 08:06 533797                     /usr/lib/libp11-kit.so.0.0.0
7f3dd13ed000-7f3dd13ee000 r--p 00010000 08:06 533797                     /usr/lib/libp11-kit.so.0.0.0
7f3dd13ee000-7f3dd13ef000 rw-p 00011000 08:06 533797                     /usr/lib/libp11-kit.so.0.0.0
7f3dd13ef000-7f3dd1454000 r-xp 00000000 08:06 527102                     /usr/lib/libgmp.so.10.0.5
7f3dd1454000-7f3dd1654000 ---p 00065000 08:06 527102                     /usr/lib/libgmp.so.10.0.5
7f3dd1654000-7f3dd1655000 r--p 00065000 08:06 527102                     /usr/lib/libgmp.so.10.0.5
7f3dd1655000-7f3dd165e000 rw-p 00066000 08:06 527102                     /usr/lib/libgmp.so.10.0.5
7f3dd165e000-7f3dd1670000 r-xp 00000000 08:06 533726                     /usr/lib/libhogweed.so.2.1
7f3dd1670000-7f3dd186f000 ---p 00012000 08:06 533726                     /usr/lib/libhogweed.so.2.1
7f3dd186f000-7f3dd1870000 r--p 00011000 08:06 533726                     /usr/lib/libhogweed.so.2.1
7f3dd1870000-7f3dd1871000 rw-p 00012000 08:06 533726                     /usr/lib/libhogweed.so.2.1
7f3dd1871000-7f3dd1896000 r-xp 00000000 08:06 531660                     /usr/lib/libnettle.so.4.3
7f3dd1896000-7f3dd1a96000 ---p 00025000 08:06 531660                     /usr/lib/libnettle.so.4.3
7f3dd1a96000-7f3dd1a97000 r--p 00025000 08:06 531660                     /usr/lib/libnettle.so.4.3
7f3dd1a97000-7f3dd1a98000 rw-p 00026000 08:06 531660                     /usr/lib/libnettle.so.4.3
7f3dd1a98000-7f3dd1aa8000 r-xp 00000000 08:06 523686                     /usr/lib/libtasn1.so.3.1.15
7f3dd1aa8000-7f3dd1ca7000 ---p 00010000 08:06 523686                     /usr/lib/libtasn1.so.3.1.15
7f3dd1ca7000-7f3dd1ca8000 r--p 0000f000 08:06 523686                     /usr/lib/libtasn1.so.3.1.15
7f3dd1ca8000-7f3dd1ca9000 rw-p 00010000 08:06 523686                     /usr/lib/libtasn1.so.3.1.15
7f3dd1ca9000-7f3dd1cac000 r-xp 00000000 08:06 536931                     /usr/lib/libkeyutils.so.1.4
7f3dd1cac000-7f3dd1eab000 ---p 00003000 08:06 536931                     /usr/lib/libkeyutils.so.1.4
7f3dd1eab000-7f3dd1eac000 r--p 00002000 08:06 536931                     /usr/lib/libkeyutils.so.1.4
7f3dd1eac000-7f3dd1ead000 rw-p 00003000 08:06 536931                     /usr/lib/libkeyutils.so.1.4
7f3dd1ead000-7f3dd1eb6000 r-xp 00000000 08:06 529619                     /usr/lib/libkrb5support.so.0.1
7f3dd1eb6000-7f3dd20b5000 ---p 00009000 08:06 529619                     /usr/lib/libkrb5support.so.0.1
7f3dd20b5000-7f3dd20b6000 r--p 00008000 08:06 529619                     /usr/lib/libkrb5support.so.0.1
7f3dd20b6000-7f3dd20b7000 rw-p 00009000 08:06 529619                     /usr/lib/libkrb5support.so.0.1
7f3dd20b7000-7f3dd20ba000 r-xp 00000000 08:06 524071                     /usr/lib/libcom_err.so.2.1
7f3dd20ba000-7f3dd22b9000 ---p 00003000 08:06 524071                     /usr/lib/libcom_err.so.2.1
7f3dd22b9000-7f3dd22ba000 r--p 00002000 08:06 524071                     /usr/lib/libcom_err.so.2.1
7f3dd22ba000-7f3dd22bb000 rw-p 00003000 08:06 524071                     /usr/lib/libcom_err.so.2.1
7f3dd22bb000-7f3dd22e3000 r-xp 00000000 08:06 533131                     /usr/lib/libk5crypto.so.3.1
7f3dd22e3000-7f3dd24e3000 ---p 00028000 08:06 533131                     /usr/lib/libk5crypto.so.3.1
7f3dd24e3000-7f3dd24e4000 r--p 00028000 08:06 533131                     /usr/lib/libk5crypto.so.3.1
7f3dd24e4000-7f3dd24e5000 rw-p 00029000 08:06 533131                     /usr/lib/libk5crypto.so.3.1
7f3dd24e5000-7f3dd24e6000 rw-p 00000000 00:00 0 
7f3dd24e6000-7f3dd25be000 r-xp 00000000 08:06 527453                     /usr/lib/libkrb5.so.3.3
7f3dd25be000-7f3dd27be000 ---p 000d8000 08:06 527453                     /usr/lib/libkrb5.so.3.3
7f3dd27be000-7f3dd27c8000 r--p 000d8000 08:06 527453                     /usr/lib/libkrb5.so.3.3
7f3dd27c8000-7f3dd27ca000 rw-p 000e2000 08:06 527453                     /usr/lib/libkrb5.so.3.3
7f3dd27ca000-7f3dd27cf000 r-xp 00000000 08:06 523755                     /usr/lib/libXdmcp.so.6.0.0
7f3dd27cf000-7f3dd29ce000 ---p 00005000 08:06 523755                     /usr/lib/libXdmcp.so.6.0.0
7f3dd29ce000-7f3dd29cf000 r--p 00004000 08:06 523755                     /usr/lib/libXdmcp.so.6.0.0
7f3dd29cf000-7f3dd29d0000 rw-p 00005000 08:06 523755                     /usr/lib/libXdmcp.so.6.0.0
7f3dd29d0000-7f3dd29d2000 r-xp 00000000 08:06 523713                     /usr/lib/libXau.so.6.0.0
7f3dd29d2000-7f3dd2bd2000 ---p 00002000 08:06 523713                     /usr/lib/libXau.so.6.0.0
7f3dd2bd2000-7f3dd2bd3000 r--p 00002000 08:06 523713                     /usr/lib/libXau.so.6.0.0
7f3dd2bd3000-7f3dd2bd4000 rw-p 00003000 08:06 523713                     /usr/lib/libXau.so.6.0.0
7f3dd2bd4000-7f3dd2be4000 r-xp 00000000 08:06 526584                     /usr/lib/libavahi-client.so.3.2.9
7f3dd2be4000-7f3dd2de3000 ---p 00010000 08:06 526584                     /usr/lib/libavahi-client.so.3.2.9
7f3dd2de3000-7f3dd2de4000 r--p 0000f000 08:06 526584                     /usr/lib/libavahi-client.so.3.2.9
7f3dd2de4000-7f3dd2de5000 rw-p 00010000 08:06 526584                     /usr/lib/libavahi-client.so.3.2.9
7f3dd2de5000-7f3dd2df1000 r-xp 00000000 08:06 527596                     /usr/lib/libavahi-common.so.3.5.3
7f3dd2df1000-7f3dd2ff0000 ---p 0000c000 08:06 527596                     /usr/lib/libavahi-common.so.3.5.3
7f3dd2ff0000-7f3dd2ff1000 r--p 0000b000 08:06 527596                     /usr/lib/libavahi-common.so.3.5.3
7f3dd2ff1000-7f3dd2ff2000 rw-p 0000c000 08:06 527596                     /usr/lib/libavahi-common.so.3.5.3
7f3dd2ff2000-7f3dd30e4000 r-xp 00000000 08:06 528636                     /usr/lib/libgnutls.so.28.8.1
7f3dd30e4000-7f3dd32e4000 ---p 000f2000 08:06 528636                     /usr/lib/libgnutls.so.28.8.1
7f3dd32e4000-7f3dd32ec000 r--p 000f2000 08:06 528636                     /usr/lib/libgnutls.so.28.8.1
7f3dd32ec000-7f3dd32ee000 rw-p 000fa000 08:06 528636                     /usr/lib/libgnutls.so.28.8.1
7f3dd32ee000-7f3dd32ef000 rw-p 00000000 00:00 0 
7f3dd32ef000-7f3dd3330000 r-xp 00000000 08:06 533554                     /usr/lib/libgssapi_krb5.so.2.2
7f3dd3330000-7f3dd3530000 ---p 00041000 08:06 533554                     /usr/lib/libgssapi_krb5.so.2.2
7f3dd3530000-7f3dd3531000 r--p 00041000 08:06 533554                     /usr/lib/libgssapi_krb5.so.2.2
7f3dd3531000-7f3dd3533000 rw-p 00042000 08:06 533554                     /usr/lib/libgssapi_krb5.so.2.2
7f3dd3533000-7f3dd355b000 r-xp 00000000 08:06 534280                     /usr/lib/libexpat.so.1.6.0
7f3dd355b000-7f3dd375a000 ---p 00028000 08:06 534280                     /usr/lib/libexpat.so.1.6.0
7f3dd375a000-7f3dd375c000 r--p 00027000 08:06 534280                     /usr/lib/libexpat.so.1.6.0
7f3dd375c000-7f3dd375d000 rw-p 00029000 08:06 534280                     /usr/lib/libexpat.so.1.6.0
7f3dd375d000-7f3dd376c000 r-xp 00000000 08:06 535331                     /usr/lib/libbz2.so.1.0.6
7f3dd376c000-7f3dd396b000 ---p 0000f000 08:06 535331                     /usr/lib/libbz2.so.1.0.6
7f3dd396b000-7f3dd396d000 rw-p 0000e000 08:06 535331                     /usr/lib/libbz2.so.1.0.6
7f3dd396d000-7f3dd3975000 r-xp 00000000 08:06 534957                     /usr/lib/libxcb-render.so.0.0.0
7f3dd3975000-7f3dd3b75000 ---p 00008000 08:06 534957                     /usr/lib/libxcb-render.so.0.0.0
7f3dd3b75000-7f3dd3b76000 rw-p 00008000 08:06 534957                     /usr/lib/libxcb-render.so.0.0.0
7f3dd3b76000-7f3dd3b78000 r-xp 00000000 08:06 530934                     /usr/lib/libxcb-shm.so.0.0.0
7f3dd3b78000-7f3dd3d77000 ---p 00002000 08:06 530934                     /usr/lib/libxcb-shm.so.0.0.0
7f3dd3d77000-7f3dd3d78000 rw-p 00001000 08:06 530934                     /usr/lib/libxcb-shm.so.0.0.0
7f3dd3d78000-7f3dd3df9000 r-xp 00000000 08:06 528735                     /usr/lib/libpixman-1.so.0.24.4
7f3dd3df9000-7f3dd3ff9000 ---p 00081000 08:06 528735                     /usr/lib/libpixman-1.so.0.24.4
7f3dd3ff9000-7f3dd3fff000 r--p 00081000 08:06 528735                     /usr/lib/libpixman-1.so.0.24.4
7f3dd3fff000-7f3dd4000000 rw-p 00087000 08:06 528735                     /usr/lib/libpixman-1.so.0.24.4
7f3dd4000000-7f3dd4021000 rw-p 00000000 00:00 0 
7f3dd4021000-7f3dd8000000 ---p 00000000 00:00 0 
7f3dd8005000-7f3dd8015000 rw-s 0921d000 00:05 10083                      /dev/ati/card1
7f3dd8015000-7f3dd8050000 r-xp 00000000 08:06 527355                     /usr/lib/libatiadlxx.so
7f3dd8050000-7f3dd8150000 ---p 0003b000 08:06 527355                     /usr/lib/libatiadlxx.so
7f3dd8150000-7f3dd8159000 rw-p 0003b000 08:06 527355                     /usr/lib/libatiadlxx.so
7f3dd8159000-7f3dd816a000 rw-p 00000000 00:00 0 
7f3dd816a000-7f3dd8196000 r-xp 00000000 08:06 528725                     /usr/lib/libpng15.so.15.10.0
7f3dd8196000-7f3dd8395000 ---p 0002c000 08:06 528725                     /usr/lib/libpng15.so.15.10.0
7f3dd8395000-7f3dd8396000 r--p 0002b000 08:06 528725                     /usr/lib/libpng15.so.15.10.0
7f3dd8396000-7f3dd8397000 rw-p 0002c000 08:06 528725                     /usr/lib/libpng15.so.15.10.0
7f3dd8397000-7f3dd83aa000 r-xp 00000000 08:06 1332                       /lib/libresolv-2.15.so
7f3dd83aa000-7f3dd85aa000 ---p 00013000 08:06 1332                       /lib/libresolv-2.15.so
7f3dd85aa000-7f3dd85ab000 r--p 00013000 08:06 1332                       /lib/libresolv-2.15.so
7f3dd85ab000-7f3dd85ac000 rw-p 00014000 08:06 1332                       /lib/libresolv-2.15.so
7f3dd85ac000-7f3dd85ae000 rw-p 00000000 00:00 0 
7f3dd85ae000-7f3dd8607000 r-xp 00000000 08:06 531196                     /usr/lib/libpcre.so.1.0.0
7f3dd8607000-7f3dd8806000 ---p 00059000 08:06 531196                     /usr/lib/libpcre.so.1.0.0
7f3dd8806000-7f3dd8807000 r--p 00058000 08:06 531196                     /usr/lib/libpcre.so.1.0.0
7f3dd8807000-7f3dd8808000 rw-p 00059000 08:06 531196                     /usr/lib/libpcre.so.1.0.0
7f3dd8808000-7f3dd880f000 r-xp 00000000 08:06 533126                     /usr/lib/libffi.so.6.0.0
7f3dd880f000-7f3dd8a0e000 ---p 00007000 08:06 533126                     /usr/lib/libffi.so.6.0.0
7f3dd8a0e000-7f3dd8a0f000 r--p 00006000 08:06 533126                     /usr/lib/libffi.so.6.0.0
7f3dd8a0f000-7f3dd8a10000 rw-p 00007000 08:06 533126                     /usr/lib/libffi.so.6.0.0
7f3dd8a10000-7f3dd8a12000 r-xp 00000000 08:06 533292                     /usr/lib/libXdamage.so.1.1.0
7f3dd8a12000-7f3dd8c11000 ---p 00002000 08:06 533292                     /usr/lib/libXdamage.so.1.1.0
7f3dd8c11000-7f3dd8c12000 r--p 00001000 08:06 533292                     /usr/lib/libXdamage.so.1.1.0
7f3dd8c12000-7f3dd8c13000 rw-p 00002000 08:06 533292                     /usr/lib/libXdamage.so.1.1.0
7f3dd8c13000-7f3dd8c15000 r-xp 00000000 08:06 523753                     /usr/lib/libXcomposite.so.1.0.0
7f3dd8c15000-7f3dd8e14000 ---p 00002000 08:06 523753                     /usr/lib/libXcomposite.so.1.0.0
7f3dd8e14000-7f3dd8e15000 r--p 00001000 08:06 523753                     /usr/lib/libXcomposite.so.1.0.0
7f3dd8e15000-7f3dd8e16000 rw-p 00002000 08:06 523753                     /usr/lib/libXcomposite.so.1.0.0
7f3dd8e16000-7f3dd8e1f000 r-xp 00000000 08:06 531336                     /usr/lib/libXcursor.so.1.0.2
7f3dd8e1f000-7f3dd901e000 ---p 00009000 08:06 531336                     /usr/lib/libXcursor.so.1.0.2
7f3dd901e000-7f3dd901f000 r--p 00008000 08:06 531336                     /usr/lib/libXcursor.so.1.0.2
7f3dd901f000-7f3dd9020000 rw-p 00009000 08:06 531336                     /usr/lib/libXcursor.so.1.0.2
7f3dd9020000-7f3dd9028000 r-xp 00000000 08:06 533170                     /usr/lib/libXrandr.so.2.2.0
7f3dd9028000-7f3dd9227000 ---p 00008000 08:06 533170                     /usr/lib/libXrandr.so.2.2.0
7f3dd9227000-7f3dd9228000 r--p 00007000 08:06 533170                     /usr/lib/libXrandr.so.2.2.0
7f3dd9228000-7f3dd9229000 rw-p 00008000 08:06 533170                     /usr/lib/libXrandr.so.2.2.0
7f3dd9229000-7f3dd922b000 r-xp 00000000 08:06 523766                     /usr/lib/libXinerama.so.1.0.0
7f3dd922b000-7f3dd942a000 ---p 00002000 08:06 523766                     /usr/lib/libXinerama.so.1.0.0
7f3dd942a000-7f3dd942b000 r--p 00001000 08:06 523766                     /usr/lib/libXinerama.so.1.0.0
7f3dd942b000-7f3dd942c000 rw-p 00002000 08:06 523766                     /usr/lib/libXinerama.so.1.0.0
7f3dd942c000-7f3dd9431000 r-xp 00000000 08:06 523749                     /usr/lib/libXfixes.so.3.1.0
7f3dd9431000-7f3dd9631000 ---p 00005000 08:06 523749                     /usr/lib/libXfixes.so.3.1.0
7f3dd9631000-7f3dd9632000 r--p 00005000 08:06 523749                     /usr/lib/libXfixes.so.3.1.0
7f3dd9632000-7f3dd9633000 rw-p 00006000 08:06 523749                     /usr/lib/libXfixes.so.3.1.0
7f3dd9633000-7f3dd9650000 r-xp 00000000 08:06 533661                     /usr/lib/libxcb.so.1.1.0
7f3dd9650000-7f3dd9850000 ---p 0001d000 08:06 533661                     /usr/lib/libxcb.so.1.1.0
7f3dd9850000-7f3dd9851000 rw-p 0001d000 08:06 533661                     /usr/lib/libxcb.so.1.1.0
7f3dd9851000-7f3dd98a3000 r-xp 00000000 08:06 527907                     /usr/lib/libcups.so.2
7f3dd98a3000-7f3dd9aa3000 ---p 00052000 08:06 527907                     /usr/lib/libcups.so.2
7f3dd9aa3000-7f3dd9aa7000 r--p 00052000 08:06 527907                     /usr/lib/libcups.so.2
7f3dd9aa7000-7f3dd9aa8000 rw-p 00056000 08:06 527907                     /usr/lib/libcups.so.2
7f3dd9aa8000-7f3dd9b9a000 r-xp 00000000 08:06 528037                     /usr/lib/libglib-2.0.so.0.3200.3
7f3dd9b9a000-7f3dd9d99000 ---p 000f2000 08:06 528037                     /usr/lib/libglib-2.0.so.0.3200.3
7f3dd9d99000-7f3dd9d9a000 r--p 000f1000 08:06 528037                     /usr/lib/libglib-2.0.so.0.3200.3
7f3dd9d9a000-7f3dd9d9b000 rw-p 000f2000 08:06 528037                     /usr/lib/libglib-2.0.so.0.3200.3
7f3dd9d9b000-7f3dd9d9c000 rw-p 00000000 00:00 0 
7f3dd9d9c000-7f3dd9d9d000 r-xp 00000000 08:06 528046                     /usr/lib/libgthread-2.0.so.0.3200.3
7f3dd9d9d000-7f3dd9f9c000 ---p 00001000 08:06 528046                     /usr/lib/libgthread-2.0.so.0.3200.3
7f3dd9f9c000-7f3dd9f9d000 r--p 00000000 08:06 528046                     /usr/lib/libgthread-2.0.so.0.3200.3
7f3dd9f9d000-7f3dd9f9e000 rw-p 00001000 08:06 528046                     /usr/lib/libgthread-2.0.so.0.3200.3
7f3dd9f9e000-7f3dd9fa1000 r-xp 00000000 08:06 528042                     /usr/lib/libgmodule-2.0.so.0.3200.3
7f3dd9fa1000-7f3dda1a0000 ---p 00003000 08:06 528042                     /usr/lib/libgmodule-2.0.so.0.3200.3
7f3dda1a0000-7f3dda1a1000 r--p 00002000 08:06 528042                     /usr/lib/libgmodule-2.0.so.0.3200.3
7f3dda1a1000-7f3dda1a2000 rw-p 00003000 08:06 528042                     /usr/lib/libgmodule-2.0.so.0.3200.3
7f3dda1a2000-7f3dda1ee000 r-xp 00000000 08:06 528048                     /usr/lib/libgobject-2.0.so.0.3200.3
7f3dda1ee000-7f3dda3ee000 ---p 0004c000 08:06 528048                     /usr/lib/libgobject-2.0.so.0.3200.3
7f3dda3ee000-7f3dda3ef000 r--p 0004c000 08:06 528048                     /usr/lib/libgobject-2.0.so.0.3200.3
7f3dda3ef000-7f3dda3f0000 rw-p 0004d000 08:06 528048                     /usr/lib/libgobject-2.0.so.0.3200.3
7f3dda3f0000-7f3dda424000 r-xp 00000000 08:06 534580                     /usr/lib/libfontconfig.so.1.4.4
7f3dda424000-7f3dda624000 ---p 00034000 08:06 534580                     /usr/lib/libfontconfig.so.1.4.4
7f3dda624000-7f3dda625000 r--p 00034000 08:06 534580                     /usr/lib/libfontconfig.so.1.4.4
7f3dda625000-7f3dda626000 rw-p 00035000 08:06 534580                     /usr/lib/libfontconfig.so.1.4.4
7f3dda626000-7f3dda6bf000 r-xp 00000000 08:06 533427                     /usr/lib/libfreetype.so.6.8.1
7f3dda6bf000-7f3dda8be000 ---p 00099000 08:06 533427                     /usr/lib/libfreetype.so.6.8.1
7f3dda8be000-7f3dda8c4000 r--p 00098000 08:06 533427                     /usr/lib/libfreetype.so.6.8.1
7f3dda8c4000-7f3dda8c5000 rw-p 0009e000 08:06 533427                     /usr/lib/libfreetype.so.6.8.1
7f3dda8c5000-7f3dda90d000 r-xp 00000000 08:06 533234                     /usr/lib/libpango-1.0.so.0.3000.0
7f3dda90d000-7f3ddab0d000 ---p 00048000 08:06 533234                     /usr/lib/libpango-1.0.so.0.3000.0
7f3ddab0d000-7f3ddab0f000 r--p 00048000 08:06 533234                     /usr/lib/libpango-1.0.so.0.3000.0
7f3ddab0f000-7f3ddab10000 rw-p 0004a000 08:06 533234                     /usr/lib/libpango-1.0.so.0.3000.0
7f3ddab10000-7f3ddac00000 r-xp 00000000 08:06 527614                     /usr/lib/libcairo.so.2.11200.2
7f3ddac00000-7f3ddae00000 ---p 000f0000 08:06 527614                     /usr/lib/libcairo.so.2.11200.2
7f3ddae00000-7f3ddae04000 rw-p 000f0000 08:06 527614                     /usr/lib/libcairo.so.2.11200.2
7f3ddae04000-7f3ddae05000 rw-p 00000000 00:00 0 
7f3ddae05000-7f3ddae26000 r-xp 00000000 08:06 532661                     /usr/lib/libgdk_pixbuf-2.0.so.0.2600.1
7f3ddae26000-7f3ddb025000 ---p 00021000 08:06 532661                     /usr/lib/libgdk_pixbuf-2.0.so.0.2600.1
7f3ddb025000-7f3ddb026000 r--p 00020000 08:06 532661                     /usr/lib/libgdk_pixbuf-2.0.so.0.2600.1
7f3ddb026000-7f3ddb027000 rw-p 00021000 08:06 532661                     /usr/lib/libgdk_pixbuf-2.0.so.0.2600.1
7f3ddb027000-7f3ddb032000 r-xp 00000000 08:06 533238                     /usr/lib/libpangocairo-1.0.so.0.3000.0
7f3ddb032000-7f3ddb232000 ---p 0000b000 08:06 533238                     /usr/lib/libpangocairo-1.0.so.0.3000.0
7f3ddb232000-7f3ddb233000 r--p 0000b000 08:06 533238                     /usr/lib/libpangocairo-1.0.so.0.3000.0
7f3ddb233000-7f3ddb234000 rw-p 0000c000 08:06 533238                     /usr/lib/libpangocairo-1.0.so.0.3000.0
7f3ddb234000-7f3ddb25f000 r-xp 00000000 08:06 533236                     /usr/lib/libpangoft2-1.0.so.0.3000.0
7f3ddb25f000-7f3ddb45f000 ---p 0002b000 08:06 533236                     /usr/lib/libpangoft2-1.0.so.0.3000.0
7f3ddb45f000-7f3ddb460000 r--p 0002b000 08:06 533236                     /usr/lib/libpangoft2-1.0.so.0.3000.0
7f3ddb460000-7f3ddb461000 rw-p 0002c000 08:06 533236                     /usr/lib/libpangoft2-1.0.so.0.3000.0
7f3ddb461000-7f3ddb5a6000 r-xp 00000000 08:06 528051                     /usr/lib/libgio-2.0.so.0.3200.3
7f3ddb5a6000-7f3ddb7a6000 ---p 00145000 08:06 528051                     /usr/lib/libgio-2.0.so.0.3200.3
7f3ddb7a6000-7f3ddb7aa000 r--p 00145000 08:06 528051                     /usr/lib/libgio-2.0.so.0.3200.3
7f3ddb7aa000-7f3ddb7ac000 rw-p 00149000 08:06 528051                     /usr/lib/libgio-2.0.so.0.3200.3
7f3ddb7ac000-7f3ddb7ae000 rw-p 00000000 00:00 0 
7f3ddb7ae000-7f3ddb7ce000 r-xp 00000000 08:06 533187                     /usr/lib/libatk-1.0.so.0.20409.1
7f3ddb7ce000-7f3ddb9ce000 ---p 00020000 08:06 533187                     /usr/lib/libatk-1.0.so.0.20409.1
7f3ddb9ce000-7f3ddb9d0000 r--p 00020000 08:06 533187                     /usr/lib/libatk-1.0.so.0.20409.1
7f3ddb9d0000-7f3ddb9d1000 rw-p 00022000 08:06 533187                     /usr/lib/libatk-1.0.so.0.20409.1
7f3ddb9d1000-7f3ddbdf3000 r-xp 00000000 08:06 523420                     /usr/lib/libgtk-x11-2.0.so.0.2400.10
7f3ddbdf3000-7f3ddbff3000 ---p 00422000 08:06 523420                     /usr/lib/libgtk-x11-2.0.so.0.2400.10
7f3ddbff3000-7f3ddbffa000 r--p 00422000 08:06 523420                     /usr/lib/libgtk-x11-2.0.so.0.2400.10
7f3ddbffa000-7f3ddbffe000 rw-p 00429000 08:06 523420                     /usr/lib/libgtk-x11-2.0.so.0.2400.10
7f3ddbffe000-7f3ddc000000 rw-p 00000000 00:00 0 
7f3ddc000000-7f3ddc021000 rw-p 00000000 00:00 0 
7f3ddc021000-7f3de0000000 ---p 00000000 00:00 0 
7f3de0001000-7f3de0005000 r--s 000a0000 08:06 523715                     /usr/lib/jvm/java-7-openjdk/jre/lib/jsse.jar
7f3de0005000-7f3de000e000 r--s 00263000 08:06 523786                     /usr/lib/jvm/java-7-openjdk/jre/lib/resources.jar
7f3de000e000-7f3de00d6000 rw-p 00000000 00:00 0 
7f3de00d6000-7f3de00dd000 r-xp 00000000 08:06 526968                     /usr/lib/libatiuki.so.1.0
7f3de00dd000-7f3de01dd000 ---p 00007000 08:06 526968                     /usr/lib/libatiuki.so.1.0
7f3de01dd000-7f3de01de000 rw-p 00007000 08:06 526968                     /usr/lib/libatiuki.so.1.0
7f3de01de000-7f3de01df000 rw-p 00000000 00:00 0 
7f3de01df000-7f3de028c000 r-xp 00000000 08:06 523419                     /usr/lib/libgdk-x11-2.0.so.0.2400.10
7f3de028c000-7f3de048c000 ---p 000ad000 08:06 523419                     /usr/lib/libgdk-x11-2.0.so.0.2400.10
7f3de048c000-7f3de0490000 r--p 000ad000 08:06 523419                     /usr/lib/libgdk-x11-2.0.so.0.2400.10
7f3de0490000-7f3de0492000 rw-p 000b1000 08:06 523419                     /usr/lib/libgdk-x11-2.0.so.0.2400.10
7f3de0492000-7f3de04a0000 r-xp 00000000 08:06 526751                     /usr/lib/libXi.so.6.1.0
7f3de04a0000-7f3de069f000 ---p 0000e000 08:06 526751                     /usr/lib/libXi.so.6.1.0
7f3de069f000-7f3de06a0000 r--p 0000d000 08:06 526751                     /usr/lib/libXi.so.6.1.0
7f3de06a0000-7f3de06a1000 rw-p 0000e000 08:06 526751                     /usr/lib/libXi.so.6.1.0
7f3de06a1000-7f3de06a6000 r-xp 00000000 08:06 523793                     /usr/lib/libXtst.so.6.1.0
7f3de06a6000-7f3de08a6000 ---p 00005000 08:06 523793                     /usr/lib/libXtst.so.6.1.0
7f3de08a6000-7f3de08a7000 r--p 00005000 08:06 523793                     /usr/lib/libXtst.so.6.1.0
7f3de08a7000-7f3de08a8000 rw-p 00006000 08:06 523793                     /usr/lib/libXtst.so.6.1.0
7f3de08a8000-7f3de08b2000 r-xp 00000000 08:06 529110                     /usr/lib/libXrender.so.1.3.0
7f3de08b2000-7f3de0ab1000 ---p 0000a000 08:06 529110                     /usr/lib/libXrender.so.1.3.0
7f3de0ab1000-7f3de0ab2000 r--p 00009000 08:06 529110                     /usr/lib/libXrender.so.1.3.0
7f3de0ab2000-7f3de0ab3000 rw-p 0000a000 08:06 529110                     /usr/lib/libXrender.so.1.3.0
7f3de0ab3000-7f3de0be7000 r-xp 00000000 08:06 531386                     /usr/lib/libX11.so.6.3.0
7f3de0be7000-7f3de0de7000 ---p 00134000 08:06 531386                     /usr/lib/libX11.so.6.3.0
7f3de0de7000-7f3de0de8000 r--p 00134000 08:06 531386                     /usr/lib/libX11.so.6.3.0
7f3de0de8000-7f3de0ded000 rw-p 00135000 08:06 531386                     /usr/lib/libX11.so.6.3.0
7f3de0ded000-7f3de0dff000 r-xp 00000000 08:06 523664                     /usr/lib/libXext.so.6.4.0
7f3de0dff000-7f3de0ffe000 ---p 00012000 08:06 523664                     /usr/lib/libXext.so.6.4.0
7f3de0ffe000-7f3de0fff000 r--p 00011000 08:06 523664                     /usr/lib/libXext.so.6.4.0
7f3de0fff000-7f3de1000000 rw-p 00012000 08:06 523664                     /usr/lib/libXext.so.6.4.0
7f3de1000000-7f3de1270000 rwxp 00000000 00:00 0 
7f3de1270000-7f3de44db000 rw-p 00000000 00:00 0 
7f3de44db000-7f3de8000000 ---p 00000000 00:00 0 
7f3de8002000-7f3de8042000 rw-s 00030000 00:05 10083                      /dev/ati/card1
7f3de8042000-7f3de80c2000 rw-p 00000000 00:00 0 
7f3de80c2000-7f3de8114000 r-xp 00000000 08:06 533913                     /usr/lib/jvm/java-7-openjdk/jre/lib/amd64/xawt/libmawt.so
7f3de8114000-7f3de8313000 ---p 00052000 08:06 533913                     /usr/lib/jvm/java-7-openjdk/jre/lib/amd64/xawt/libmawt.so
7f3de8313000-7f3de8317000 rw-p 00051000 08:06 533913                     /usr/lib/jvm/java-7-openjdk/jre/lib/amd64/xawt/libmawt.so
7f3de8317000-7f3de8318000 rw-p 00000000 00:00 0 
7f3de8318000-7f3de83ba000 r-xp 00000000 08:06 525820                     /usr/lib/jvm/java-7-openjdk/jre/lib/amd64/libawt.so
7f3de83ba000-7f3de85ba000 ---p 000a2000 08:06 525820                     /usr/lib/jvm/java-7-openjdk/jre/lib/amd64/libawt.so
7f3de85ba000-7f3de85c6000 rw-p 000a2000 08:06 525820                     /usr/lib/jvm/java-7-openjdk/jre/lib/amd64/libawt.so
7f3de85c6000-7f3de85ea000 rw-p 00000000 00:00 0 
7f3de85ea000-7f3de85ed000 r--s 0000f000 08:06 526356                     /usr/lib/jvm/java-7-openjdk/jre/lib/ext/pulse-java.jar
7f3de85ed000-7f3de85ee000 ---p 00000000 00:00 0 
7f3de85ee000-7f3de86ee000 rw-p 00000000 00:00 0 
7f3de86ee000-7f3de86f1000 ---p 00000000 00:00 0 
7f3de86f1000-7f3de87ef000 rw-p 00000000 00:00 0 
7f3de87ef000-7f3de87f2000 ---p 00000000 00:00 0 
7f3de87f2000-7f3de88f0000 rw-p 00000000 00:00 0 
7f3de88f0000-7f3de88f3000 ---p 00000000 00:00 0 
7f3de88f3000-7f3de89f1000 rw-p 00000000 00:00 0 
7f3de89f1000-7f3de89f4000 ---p 00000000 00:00 0 
7f3de89f4000-7f3de8af2000 rw-p 00000000 00:00 0 
7f3de8af2000-7f3de8e9e000 r--p 00000000 08:06 536728                     /usr/lib/locale/locale-archive
7f3de8e9e000-7f3de8ea1000 ---p 00000000 00:00 0 
7f3de8ea1000-7f3de8f9f000 rw-p 00000000 00:00 0 
7f3de8f9f000-7f3de8fa2000 ---p 00000000 00:00 0 
7f3de8fa2000-7f3de90a0000 rw-p 00000000 00:00 0 
7f3de90a0000-7f3de90a1000 ---p 00000000 00:00 0 
7f3de90a1000-7f3de9712000 rw-p 00000000 00:00 0 
7f3de9712000-7f3de98c1000 r--s 03e7b000 08:06 524045                     /usr/lib/jvm/java-7-openjdk/jre/lib/rt.jar
7f3de98c1000-7f3de98e9000 rw-p 00000000 00:00 0 
7f3de98e9000-7f3de98ea000 ---p 00000000 00:00 0 
7f3de98ea000-7f3de99ea000 rw-p 00000000 00:00 0 
7f3de99ea000-7f3de99eb000 ---p 00000000 00:00 0 
7f3de99eb000-7f3de9aeb000 rw-p 00000000 00:00 0 
7f3de9aeb000-7f3de9aec000 ---p 00000000 00:00 0 
7f3de9aec000-7f3de9bec000 rw-p 00000000 00:00 0 
7f3de9bec000-7f3de9bed000 ---p 00000000 00:00 0 
7f3de9bed000-7f3de9cf8000 rw-p 00000000 00:00 0 
7f3de9cf8000-7f3de9d40000 rw-p 00000000 00:00 0 
7f3de9d40000-7f3de9d93000 rw-p 00000000 00:00 0 
7f3de9d93000-7f3dea266000 rw-p 00000000 00:00 0 
7f3dea266000-7f3dea271000 rw-p 00000000 00:00 0 
7f3dea271000-7f3dea2b9000 rw-p 00000000 00:00 0 
7f3dea2b9000-7f3dea30c000 rw-p 00000000 00:00 0 
7f3dea30c000-7f3dea7de000 rw-p 00000000 00:00 0 
7f3dea7de000-7f3dea808000 rw-p 00000000 00:00 0 
7f3dea808000-7f3deaa71000 rw-p 00000000 00:00 0 
7f3deaa71000-7f3deaa72000 rw-p 00000000 00:00 0 
7f3deaa72000-7f3deaa7a000 r-xp 00000000 08:06 525197                     /usr/lib/jvm/java-7-openjdk/jre/lib/amd64/libzip.so
7f3deaa7a000-7f3deac79000 ---p 00008000 08:06 525197                     /usr/lib/jvm/java-7-openjdk/jre/lib/amd64/libzip.so
7f3deac79000-7f3deac7a000 rw-p 00007000 08:06 525197                     /usr/lib/jvm/java-7-openjdk/jre/lib/amd64/libzip.so
7f3deac7a000-7f3deac86000 r-xp 00000000 08:06 1309                       /lib/libnss_files-2.15.so
7f3deac86000-7f3deae85000 ---p 0000c000 08:06 1309                       /lib/libnss_files-2.15.so
7f3deae85000-7f3deae86000 r--p 0000b000 08:06 1309                       /lib/libnss_files-2.15.so
7f3deae86000-7f3deae87000 rw-p 0000c000 08:06 1309                       /lib/libnss_files-2.15.so
7f3deae87000-7f3deaeb0000 r-xp 00000000 08:06 525207                     /usr/lib/jvm/java-7-openjdk/jre/lib/amd64/libjava.so
7f3deaeb0000-7f3deb0af000 ---p 00029000 08:06 525207                     /usr/lib/jvm/java-7-openjdk/jre/lib/amd64/libjava.so
7f3deb0af000-7f3deb0b1000 rw-p 00028000 08:06 525207                     /usr/lib/jvm/java-7-openjdk/jre/lib/amd64/libjava.so
7f3deb0b1000-7f3deb0bf000 r-xp 00000000 08:06 525194                     /usr/lib/jvm/java-7-openjdk/jre/lib/amd64/libverify.so
7f3deb0bf000-7f3deb2be000 ---p 0000e000 08:06 525194                     /usr/lib/jvm/java-7-openjdk/jre/lib/amd64/libverify.so
7f3deb2be000-7f3deb2c0000 rw-p 0000d000 08:06 525194                     /usr/lib/jvm/java-7-openjdk/jre/lib/amd64/libverify.so
7f3deb2c0000-7f3deb2c7000 r-xp 00000000 08:06 1288                       /lib/librt-2.15.so
7f3deb2c7000-7f3deb4c6000 ---p 00007000 08:06 1288                       /lib/librt-2.15.so
7f3deb4c6000-7f3deb4c7000 r--p 00006000 08:06 1288                       /lib/librt-2.15.so
7f3deb4c7000-7f3deb4c8000 rw-p 00007000 08:06 1288                       /lib/librt-2.15.so
7f3deb4c8000-7f3deb4dd000 r-xp 00000000 08:06 526089                     /usr/lib/libgcc_s.so.1
7f3deb4dd000-7f3deb6dc000 ---p 00015000 08:06 526089                     /usr/lib/libgcc_s.so.1
7f3deb6dc000-7f3deb6dd000 rw-p 00014000 08:06 526089                     /usr/lib/libgcc_s.so.1
7f3deb6dd000-7f3deb7d0000 r-xp 00000000 08:06 1293                       /lib/libm-2.15.so
7f3deb7d0000-7f3deb9d0000 ---p 000f3000 08:06 1293                       /lib/libm-2.15.so
7f3deb9d0000-7f3deb9d1000 r--p 000f3000 08:06 1293                       /lib/libm-2.15.so
7f3deb9d1000-7f3deb9d2000 rw-p 000f4000 08:06 1293                       /lib/libm-2.15.so
7f3deb9d2000-7f3debab7000 r-xp 00000000 08:06 526567                     /usr/lib/libstdc++.so.6.0.17
7f3debab7000-7f3debcb7000 ---p 000e5000 08:06 526567                     /usr/lib/libstdc++.so.6.0.17
7f3debcb7000-7f3debcbf000 r--p 000e5000 08:06 526567                     /usr/lib/libstdc++.so.6.0.17
7f3debcbf000-7f3debcc1000 rw-p 000ed000 08:06 526567                     /usr/lib/libstdc++.so.6.0.17
7f3debcc1000-7f3debcd6000 rw-p 00000000 00:00 0 
7f3debcd6000-7f3dec669000 r-xp 00000000 08:06 525849                     /usr/lib/jvm/java-7-openjdk/jre/lib/amd64/server/libjvm.so
7f3dec669000-7f3dec869000 ---p 00993000 08:06 525849                     /usr/lib/jvm/java-7-openjdk/jre/lib/amd64/server/libjvm.so
7f3dec869000-7f3dec905000 rw-p 00993000 08:06 525849                     /usr/lib/jvm/java-7-openjdk/jre/lib/amd64/server/libjvm.so
7f3dec905000-7f3dec92f000 rw-p 00000000 00:00 0 
7f3dec92f000-7f3decac6000 r-xp 00000000 08:06 1304                       /lib/libc-2.15.so
7f3decac6000-7f3deccc6000 ---p 00197000 08:06 1304                       /lib/libc-2.15.so
7f3deccc6000-7f3deccca000 r--p 00197000 08:06 1304                       /lib/libc-2.15.so
7f3deccca000-7f3decccc000 rw-p 0019b000 08:06 1304                       /lib/libc-2.15.so
7f3decccc000-7f3deccd0000 rw-p 00000000 00:00 0 
7f3deccd0000-7f3deccd3000 r-xp 00000000 08:06 1292                       /lib/libdl-2.15.so
7f3deccd3000-7f3deced2000 ---p 00003000 08:06 1292                       /lib/libdl-2.15.so
7f3deced2000-7f3deced3000 r--p 00002000 08:06 1292                       /lib/libdl-2.15.so
7f3deced3000-7f3deced4000 rw-p 00003000 08:06 1292                       /lib/libdl-2.15.so
7f3deced4000-7f3decee9000 r-xp 00000000 08:06 528979                     /usr/lib/libz.so.1.2.7
7f3decee9000-7f3ded0e8000 ---p 00015000 08:06 528979                     /usr/lib/libz.so.1.2.7
7f3ded0e8000-7f3ded0e9000 r--p 00014000 08:06 528979                     /usr/lib/libz.so.1.2.7
7f3ded0e9000-7f3ded0ea000 rw-p 00015000 08:06 528979                     /usr/lib/libz.so.1.2.7
7f3ded0ea000-7f3ded0f6000 r-xp 00000000 08:06 526062                     /usr/lib/jvm/java-7-openjdk/jre/lib/amd64/jli/libjli.so
7f3ded0f6000-7f3ded2f6000 ---p 0000c000 08:06 526062                     /usr/lib/jvm/java-7-openjdk/jre/lib/amd64/jli/libjli.so
7f3ded2f6000-7f3ded2f7000 rw-p 0000c000 08:06 526062                     /usr/lib/jvm/java-7-openjdk/jre/lib/amd64/jli/libjli.so
7f3ded2f7000-7f3ded30e000 r-xp 00000000 08:06 929                        /lib/libpthread-2.15.so
7f3ded30e000-7f3ded50d000 ---p 00017000 08:06 929                        /lib/libpthread-2.15.so
7f3ded50d000-7f3ded50e000 r--p 00016000 08:06 929                        /lib/libpthread-2.15.so
7f3ded50e000-7f3ded50f000 rw-p 00017000 08:06 929                        /lib/libpthread-2.15.so
7f3ded50f000-7f3ded513000 rw-p 00000000 00:00 0 
7f3ded513000-7f3ded534000 r-xp 00000000 08:06 1312                       /lib/ld-2.15.so
7f3ded534000-7f3ded53d000 r--s 00000000 08:07 26938                      /var/cache/fontconfig/d62e99ef547d1d24cdb1bd22ec1a2976-le64.cache-3
7f3ded53d000-7f3ded547000 rw-p 00000000 00:00 0 
7f3ded547000-7f3ded5fd000 rw-p 00000000 00:00 0 
7f3ded5fd000-7f3ded600000 ---p 00000000 00:00 0 
7f3ded600000-7f3ded703000 rw-p 00000000 00:00 0 
7f3ded706000-7f3ded707000 rw-s 00005000 00:05 10083                      /dev/ati/card1
7f3ded707000-7f3ded727000 rw-s feae0000 00:05 10083                      /dev/ati/card1
7f3ded727000-7f3ded729000 rw-s 00002000 00:05 10083                      /dev/ati/card1
7f3ded729000-7f3ded731000 rw-s 00000000 08:06 527780                     /tmp/hsperfdata_tobi/4568 (deleted)
7f3ded731000-7f3ded732000 rw-p 00000000 00:00 0 
7f3ded732000-7f3ded733000 ---p 00000000 00:00 0 
7f3ded733000-7f3ded734000 rw-p 00000000 00:00 0 
7f3ded734000-7f3ded735000 r--p 00021000 08:06 1312                       /lib/ld-2.15.so
7f3ded735000-7f3ded736000 rw-p 00022000 08:06 1312                       /lib/ld-2.15.so
7f3ded736000-7f3ded737000 rw-p 00000000 00:00 0 
7fff52526000-7fff52547000 rw-p 00000000 00:00 0                          [stack]
7fff525ff000-7fff52600000 r-xp 00000000 00:00 0                          [vdso]
ffffffffff600000-ffffffffff601000 r-xp 00000000 00:00 0                  [vsyscall]

VM Arguments:
jvm_args: -Dsun.java2d.opengl=True -Dfile.encoding=UTF-8 
java_command: bombi.BombiGui
Launcher Type: SUN_STANDARD

Environment Variables:
JAVA_HOME=/usr/lib/jvm/java-7-openjdk
PATH=/usr/local/bin:/usr/bin:/bin:/usr/local/sbin:/usr/sbin:/sbin:/opt/android-sdk/platform-tools:/opt/android-sdk/tools:/usr/bin/vendor_perl:/usr/bin/core_perl
SHELL=/bin/bash
DISPLAY=:0.0

Signal Handlers:
SIGSEGV: [libjvm.so+0x807d30], sa_mask[0]=0x7ffbfeff, sa_flags=0x10000004
SIGBUS: [libjvm.so+0x807d30], sa_mask[0]=0x7ffbfeff, sa_flags=0x10000004
SIGFPE: [libjvm.so+0x6ac970], sa_mask[0]=0x7ffbfeff, sa_flags=0x10000004
SIGPIPE: [libjvm.so+0x6ac970], sa_mask[0]=0x7ffbfeff, sa_flags=0x10000004
SIGXFSZ: [libjvm.so+0x6ac970], sa_mask[0]=0x7ffbfeff, sa_flags=0x10000004
SIGILL: [libjvm.so+0x6ac970], sa_mask[0]=0x7ffbfeff, sa_flags=0x10000004
SIGUSR1: SIG_DFL, sa_mask[0]=0x00000000, sa_flags=0x00000000
SIGUSR2: [libjvm.so+0x6acd40], sa_mask[0]=0x00000004, sa_flags=0x10000004
SIGHUP: [libjvm.so+0x6ace80], sa_mask[0]=0x7ffbfeff, sa_flags=0x10000004
SIGINT: [libjvm.so+0x6ace80], sa_mask[0]=0x7ffbfeff, sa_flags=0x10000004
SIGTERM: [libjvm.so+0x6ace80], sa_mask[0]=0x7ffbfeff, sa_flags=0x10000004
SIGQUIT: [libjvm.so+0x6ace80], sa_mask[0]=0x7ffbfeff, sa_flags=0x10000004


---------------  S Y S T E M  ---------------

OS:Linux
uname:Linux 3.3.6-1-ARCH #1 SMP PREEMPT Sun May 13 10:52:32 CEST 2012 x86_64
libc:glibc 2.15 NPTL 2.15 
rlimit: STACK 8192k, CORE 0k, NPROC 125839, NOFILE 4096, AS infinity
load average:1.67 1.63 1.44

/proc/meminfo:
MemTotal:       16180360 kB
MemFree:         9974888 kB
Buffers:         1503260 kB
Cached:          2726144 kB
SwapCached:            0 kB
Active:          2416372 kB
Inactive:        3254808 kB
Active(anon):    1442788 kB
Inactive(anon):    50528 kB
Active(file):     973584 kB
Inactive(file):  3204280 kB
Unevictable:           0 kB
Mlocked:               0 kB
SwapTotal:             0 kB
SwapFree:              0 kB
Dirty:               276 kB
Writeback:             0 kB
AnonPages:       1441848 kB
Mapped:           305276 kB
Shmem:             51500 kB
Slab:             133876 kB
SReclaimable:     103236 kB
SUnreclaim:        30640 kB
KernelStack:        4208 kB
PageTables:        39668 kB
NFS_Unstable:          0 kB
Bounce:                0 kB
WritebackTmp:          0 kB
CommitLimit:     8090180 kB
Committed_AS:    3251628 kB
VmallocTotal:   34359738367 kB
VmallocUsed:      361360 kB
VmallocChunk:   34359373283 kB
HardwareCorrupted:     0 kB
AnonHugePages:    817152 kB
HugePages_Total:       0
HugePages_Free:        0
HugePages_Rsvd:        0
HugePages_Surp:        0
Hugepagesize:       2048 kB
DirectMap4k:       80384 kB
DirectMap2M:     3850240 kB
DirectMap1G:    12582912 kB


CPU:total 4 (4 cores per cpu, 1 threads per core) family 16 model 5 stepping 2, cmov, cx8, fxsr, mmx, sse, sse2, sse3, popcnt, mmxext, 3dnowpref, lzcnt, sse4a

/proc/cpuinfo:
processor	: 0
vendor_id	: AuthenticAMD
cpu family	: 16
model		: 5
model name	: AMD Athlon(tm) II X4 620 Processor
stepping	: 2
microcode	: 0x10000c6
cpu MHz		: 2600.000
cache size	: 512 KB
physical id	: 0
siblings	: 4
core id		: 0
cpu cores	: 4
apicid		: 0
initial apicid	: 0
fpu		: yes
fpu_exception	: yes
cpuid level	: 5
wp		: yes
flags		: fpu vme de pse tsc msr pae mce cx8 apic sep mtrr pge mca cmov pat pse36 clflush mmx fxsr sse sse2 ht syscall nx mmxext fxsr_opt pdpe1gb rdtscp lm 3dnowext 3dnow constant_tsc rep_good nopl nonstop_tsc extd_apicid pni monitor cx16 popcnt lahf_lm cmp_legacy svm extapic cr8_legacy abm sse4a misalignsse 3dnowprefetch osvw ibs skinit wdt nodeid_msr npt lbrv svm_lock nrip_save
bogomips	: 5225.31
TLB size	: 1024 4K pages
clflush size	: 64
cache_alignment	: 64
address sizes	: 48 bits physical, 48 bits virtual
power management: ts ttp tm stc 100mhzsteps hwpstate

processor	: 1
vendor_id	: AuthenticAMD
cpu family	: 16
model		: 5
model name	: AMD Athlon(tm) II X4 620 Processor
stepping	: 2
microcode	: 0x10000c6
cpu MHz		: 2600.000
cache size	: 512 KB
physical id	: 0
siblings	: 4
core id		: 1
cpu cores	: 4
apicid		: 1
initial apicid	: 1
fpu		: yes
fpu_exception	: yes
cpuid level	: 5
wp		: yes
flags		: fpu vme de pse tsc msr pae mce cx8 apic sep mtrr pge mca cmov pat pse36 clflush mmx fxsr sse sse2 ht syscall nx mmxext fxsr_opt pdpe1gb rdtscp lm 3dnowext 3dnow constant_tsc rep_good nopl nonstop_tsc extd_apicid pni monitor cx16 popcnt lahf_lm cmp_legacy svm extapic cr8_legacy abm sse4a misalignsse 3dnowprefetch osvw ibs skinit wdt nodeid_msr npt lbrv svm_lock nrip_save
bogomips	: 5225.31
TLB size	: 1024 4K pages
clflush size	: 64
cache_alignment	: 64
address sizes	: 48 bits physical, 48 bits virtual
power management: ts ttp tm stc 100mhzsteps hwpstate

processor	: 2
vendor_id	: AuthenticAMD
cpu family	: 16
model		: 5
model name	: AMD Athlon(tm) II X4 620 Processor
stepping	: 2
microcode	: 0x10000c6
cpu MHz		: 800.000
cache size	: 512 KB
physical id	: 0
siblings	: 4
core id		: 2
cpu cores	: 4
apicid		: 2
initial apicid	: 2
fpu		: yes
fpu_exception	: yes
cpuid level	: 5
wp		: yes
flags		: fpu vme de pse tsc msr pae mce cx8 apic sep mtrr pge mca cmov pat pse36 clflush mmx fxsr sse sse2 ht syscall nx mmxext fxsr_opt pdpe1gb rdtscp lm 3dnowext 3dnow constant_tsc rep_good nopl nonstop_tsc extd_apicid pni monitor cx16 popcnt lahf_lm cmp_legacy svm extapic cr8_legacy abm sse4a misalignsse 3dnowprefetch osvw ibs skinit wdt nodeid_msr npt lbrv svm_lock nrip_save
bogomips	: 5225.31
TLB size	: 1024 4K pages
clflush size	: 64
cache_alignment	: 64
address sizes	: 48 bits physical, 48 bits virtual
power management: ts ttp tm stc 100mhzsteps hwpstate

processor	: 3
vendor_id	: AuthenticAMD
cpu family	: 16
model		: 5
model name	: AMD Athlon(tm) II X4 620 Processor
stepping	: 2
microcode	: 0x10000c6
cpu MHz		: 800.000
cache size	: 512 KB
physical id	: 0
siblings	: 4
core id		: 3
cpu cores	: 4
apicid		: 3
initial apicid	: 3
fpu		: yes
fpu_exception	: yes
cpuid level	: 5
wp		: yes
flags		: fpu vme de pse tsc msr pae mce cx8 apic sep mtrr pge mca cmov pat pse36 clflush mmx fxsr sse sse2 ht syscall nx mmxext fxsr_opt pdpe1gb rdtscp lm 3dnowext 3dnow constant_tsc rep_good nopl nonstop_tsc extd_apicid pni monitor cx16 popcnt lahf_lm cmp_legacy svm extapic cr8_legacy abm sse4a misalignsse 3dnowprefetch osvw ibs skinit wdt nodeid_msr npt lbrv svm_lock nrip_save
bogomips	: 5225.31
TLB size	: 1024 4K pages
clflush size	: 64
cache_alignment	: 64
address sizes	: 48 bits physical, 48 bits virtual
power management: ts ttp tm stc 100mhzsteps hwpstate



Memory: 4k page, physical 16180360k(9974888k free), swap 0k(0k free)

vm_info: OpenJDK 64-Bit Server VM (22.0-b10) for linux-amd64 JRE (1.7.0_03-b147), built on Mar  6 2012 20:02:29 by "nobody" with gcc 4.6.3

time: Fri May 18 20:27:49 2012
elapsed time: 6 seconds

