#
# A fatal error has been detected by the Java Runtime Environment:
#
#  SIGSEGV (0xb) at pc=0x00007f4faccfe2a8, pid=10128, tid=139980319651584
#
# JRE version: 7.0_03-b147
# Java VM: OpenJDK 64-Bit Server VM (22.0-b10 mixed mode linux-amd64 compressed oops)
# Derivative: IcedTea7 2.1
# Distribution: Custom build (Tue Mar  6 19:52:34 UTC 2012)
# Problematic frame:
# C  [libX11.so.6+0x382a8]  XQueryExtension+0x28
#
# Failed to write core dump. Core dumps have been disabled. To enable core dumping, try "ulimit -c unlimited" before starting Java again
#
# If you would like to submit a bug report, please include
# instructions on how to reproduce the bug and visit:
#   http://icedtea.classpath.org/bugzilla
#

---------------  T H R E A D  ---------------

Current thread (0x00007f4fb009d000):  VMThread [stack: 0x00007f4fb52a7000,0x00007f4fb53a8000] [id=10138]

siginfo:si_signo=SIGSEGV: si_errno=0, si_code=1 (SEGV_MAPERR), si_addr=0xffffffffb01c8ab8

Registers:
RAX=0x00007f4f880008c0, RBX=0xffffffffb01c8150, RCX=0x00007f4fb53a66c8, RDX=0x00007f4fb53a66c4
RSP=0x00007f4fb53a6660, RBP=0x00007f4f9d267932, RSI=0x00007f4f9d267932, RDI=0xffffffffb01c8150
R8 =0x00007f4fb53a66cc, R9 =0x0000000000000000, R10=0x00007f4fb53a6520, R11=0x00007f4fb8b6dad0
R12=0x0000000000000000, R13=0x00007f4f9d267932, R14=0x00007f4f880008c0, R15=0x0000000000000000
RIP=0x00007f4faccfe2a8, EFLAGS=0x0000000000010206, CSGSFS=0x0000000000000033, ERR=0x0000000000000005
  TRAPNO=0x000000000000000e

Top of Stack: (sp=0x00007f4fb53a6660)
0x00007f4fb53a6660:   0000000000000000 00007f4fb53a66e8
0x00007f4fb53a6670:   00007f4fb53a66e9 00007f4fb97324e5
0x00007f4fb53a6680:   0000000000000000 ffffffffb01c8150
0x00007f4fb53a6690:   00007f4f9d267932 0000000000000000
0x00007f4fb53a66a0:   00007f4f9d267932 00007f4f880008c0
0x00007f4fb53a66b0:   0000000000000000 00007f4faccf2285
0x00007f4fb53a66c0:   0000000000000000 00007f4fb8bb2b20
0x00007f4fb53a66d0:   00007f4f9d3a0520 ffffffffb01c8150
0x00007f4fb53a66e0:   00007f4fb01d09b0 00007f4fb4094b1b
0x00007f4fb53a66f0:   00007f4f00000005 0000001100000000
0x00007f4fb53a6700:   00007f4f00000005 0000000000000000
0x00007f4fb53a6710:   00007f4fb53a6780 ffffffffb01c8150
0x00007f4fb53a6720:   00007f4fb53a6990 00007f4fb53a6a08
0x00007f4fb53a6730:   00007f4f9d3b9d50 00007f4f9d20e119
0x00007f4fb53a6740:   0000000000000000 00007f4fb01d0a60
0x00007f4fb53a6750:   00007f4fb53a6780 00007f4f9d61c008
0x00007f4fb53a6760:   00007f4fb53a6990 00007f4fb53a6a08
0x00007f4fb53a6770:   00000000ffffffff 00007f4f9d204b42
0x00007f4fb53a6780:   00007f4fb53a6a80 00007f4f9d2678b1
0x00007f4fb53a6790:   00007f4fb53a6a80 00007f4fb9728f5f
0x00007f4fb53a67a0:   00007f4fb993d170 00007f4fb993d700
0x00007f4fb53a67b0:   00007f4fb9909000 00007f4fb0005900
0x00007f4fb53a67c0:   00007f4fb000a110 00007f4fb017b160
0x00007f4fb53a67d0:   00007f4fb0178fc0 00007f4fb00021f0
0x00007f4fb53a67e0:   00007f4fb0001b30 0000000001e8c560
0x00007f4fb53a67f0:   0000000001e8ca30 0000000001e8d370
0x00007f4fb53a6800:   00007f4fb017c5e0 00007f4fb017cf70
0x00007f4fb53a6810:   00007f4fb017d480 00007f4fb017ca80
0x00007f4fb53a6820:   00007f4fb017d990 00007f4fb017e8a0
0x00007f4fb53a6830:   00007f4fb017e390 00007f4fb017edb0
0x00007f4fb53a6840:   00007f4fb017de90 00007f4fb017f2b0
0x00007f4fb53a6850:   00007f4fb017f7a0 00007f4fb01801c0 

Instructions: (pc=0x00007f4faccfe2a8)
0x00007f4faccfe288:   24 d8 48 89 fb 4c 89 64 24 e0 4c 89 6c 24 e8 48
0x00007f4faccfe298:   89 f5 4c 89 74 24 f0 4c 89 7c 24 f8 48 83 ec 58
0x00007f4faccfe2a8:   48 8b 87 68 09 00 00 49 89 d4 49 89 cd 4d 89 c6
0x00007f4faccfe2b8:   48 85 c0 74 02 ff 10 ba 08 00 00 00 be 62 00 00 

Register to memory mapping:

RAX=0x00007f4f880008c0 is an unknown value
RBX=0xffffffffb01c8150 is an unknown value
RCX=0x00007f4fb53a66c8 is an unknown value
RDX=0x00007f4fb53a66c4 is an unknown value
RSP=0x00007f4fb53a6660 is an unknown value
RBP=0x00007f4f9d267932: <offset 0x96932> in /usr/lib/libGL.so.1 at 0x00007f4f9d1d1000
RSI=0x00007f4f9d267932: <offset 0x96932> in /usr/lib/libGL.so.1 at 0x00007f4f9d1d1000
RDI=0xffffffffb01c8150 is an unknown value
R8 =0x00007f4fb53a66cc is an unknown value
R9 =0x0000000000000000 is an unknown value
R10=0x00007f4fb53a6520 is an unknown value
R11=0x00007f4fb8b6dad0: __cxa_finalize+0 in /lib/libc.so.6 at 0x00007f4fb8b36000
R12=0x0000000000000000 is an unknown value
R13=0x00007f4f9d267932: <offset 0x96932> in /usr/lib/libGL.so.1 at 0x00007f4f9d1d1000
R14=0x00007f4f880008c0 is an unknown value
R15=0x0000000000000000 is an unknown value


Stack: [0x00007f4fb52a7000,0x00007f4fb53a8000],  sp=0x00007f4fb53a6660,  free space=1021k
Native frames: (J=compiled Java code, j=interpreted, Vv=VM code, C=native code)
C  [libX11.so.6+0x382a8]  XQueryExtension+0x28

VM_Operation (0x00007f4f9c1c5160): Exit, mode: safepoint, requested by thread 0x00007f4fb04ca800


---------------  P R O C E S S  ---------------

Java Threads: ( => current thread )
  0x00007f4fb0006000 JavaThread "DestroyJavaVM" [_thread_blocked, id=10133, stack(0x00007f4fb9804000,0x00007f4fb9905000)]
  0x00007f4fb04ca800 JavaThread "AWT-EventQueue-0" [_thread_blocked, id=10150, stack(0x00007f4f9c0c7000,0x00007f4f9c1c8000)]
  0x00007f4fb04c9000 JavaThread "AWT-Shutdown" [_thread_blocked, id=10149, stack(0x00007f4f9c1c8000,0x00007f4f9c2c9000)]
  0x00007f4fb0438000 JavaThread "AWT-XAWT" daemon [_thread_blocked, id=10148, stack(0x00007f4f9c3e8000,0x00007f4f9c4e9000)]
  0x00007f4fb03ed800 JavaThread "Java2D Disposer" daemon [_thread_blocked, id=10147, stack(0x00007f4f9c4e9000,0x00007f4f9c5ea000)]
  0x00007f4fb03eb000 JavaThread "Java2D Queue Flusher" daemon [_thread_blocked, id=10146, stack(0x00007f4f9c672000,0x00007f4f9c773000)]
  0x00007f4fb0106000 JavaThread "Service Thread" daemon [_thread_blocked, id=10144, stack(0x00007f4fb48f5000,0x00007f4fb49f6000)]
  0x00007f4fb0103800 JavaThread "C2 CompilerThread1" daemon [_thread_blocked, id=10143, stack(0x00007f4fb49f6000,0x00007f4fb4af7000)]
  0x00007f4fb0101000 JavaThread "C2 CompilerThread0" daemon [_thread_blocked, id=10142, stack(0x00007f4fb4af7000,0x00007f4fb4bf8000)]
  0x00007f4fb00fe800 JavaThread "Signal Dispatcher" daemon [_thread_blocked, id=10141, stack(0x00007f4fb4bf8000,0x00007f4fb4cf9000)]
  0x00007f4fb00a8000 JavaThread "Finalizer" daemon [_thread_blocked, id=10140, stack(0x00007f4fb50a5000,0x00007f4fb51a6000)]
  0x00007f4fb00a5800 JavaThread "Reference Handler" daemon [_thread_blocked, id=10139, stack(0x00007f4fb51a6000,0x00007f4fb52a7000)]

Other Threads:
=>0x00007f4fb009d000 VMThread [stack: 0x00007f4fb52a7000,0x00007f4fb53a8000] [id=10138]

VM state:at safepoint (shutting down)

VM Mutex/Monitor currently owned by a thread:  ([mutex/lock_event])
[0x00007f4fb0003f50] Threads_lock - owner thread: 0x00007f4fb009d000

Heap
 PSYoungGen      total 73792K, used 13362K [0x00000007adab0000, 0x00000007b2d00000, 0x0000000800000000)
  eden space 63296K, 21% used [0x00000007adab0000,0x00000007ae7bcac0,0x00000007b1880000)
  from space 10496K, 0% used [0x00000007b22c0000,0x00000007b22c0000,0x00000007b2d00000)
  to   space 10496K, 0% used [0x00000007b1880000,0x00000007b1880000,0x00000007b22c0000)
 PSOldGen        total 168576K, used 0K [0x0000000709000000, 0x00000007134a0000, 0x00000007adab0000)
  object space 168576K, 0% used [0x0000000709000000,0x0000000709000000,0x00000007134a0000)
 PSPermGen       total 21248K, used 9913K [0x00000006fea00000, 0x00000006ffec0000, 0x0000000709000000)
  object space 21248K, 46% used [0x00000006fea00000,0x00000006ff3ae550,0x00000006ffec0000)

Code Cache  [0x00007f4fad000000, 0x00007f4fad270000, 0x00007f4fb0000000)
 total_blobs=428 nmethods=18 adapters=364 free_code_cache=48611Kb largest_free_block=49751296

Dynamic libraries:
00400000-00401000 r-xp 00000000 08:06 533859                             /usr/lib/jvm/java-7-openjdk/jre/bin/java
00600000-00601000 rw-p 00000000 08:06 533859                             /usr/lib/jvm/java-7-openjdk/jre/bin/java
01e8c000-01ead000 rw-p 00000000 00:00 0                                  [heap]
6fea00000-6ffec0000 rw-p 00000000 00:00 0 
6ffec0000-709000000 rw-p 00000000 00:00 0 
709000000-7134a0000 rw-p 00000000 00:00 0 
7134a0000-7adab0000 rw-p 00000000 00:00 0 
7adab0000-7b2d00000 rw-p 00000000 00:00 0 
7b2d00000-800000000 rw-p 00000000 00:00 0 
7f4f58000000-7f4f581ad000 rw-p 00000000 00:00 0 
7f4f581ad000-7f4f5c000000 ---p 00000000 00:00 0 
7f4f5c000000-7f4f5c080000 rw-p 00000000 00:00 0 
7f4f5c080000-7f4f60000000 ---p 00000000 00:00 0 
7f4f60000000-7f4f60021000 rw-p 00000000 00:00 0 
7f4f60021000-7f4f64000000 ---p 00000000 00:00 0 
7f4f64000000-7f4f64021000 rw-p 00000000 00:00 0 
7f4f64021000-7f4f68000000 ---p 00000000 00:00 0 
7f4f68000000-7f4f6890e000 rw-p 00000000 00:00 0 
7f4f6890e000-7f4f6c000000 ---p 00000000 00:00 0 
7f4f6c000000-7f4f6c021000 rw-p 00000000 00:00 0 
7f4f6c021000-7f4f70000000 ---p 00000000 00:00 0 
7f4f70000000-7f4f70021000 rw-p 00000000 00:00 0 
7f4f70021000-7f4f74000000 ---p 00000000 00:00 0 
7f4f74000000-7f4f74021000 rw-p 00000000 00:00 0 
7f4f74021000-7f4f78000000 ---p 00000000 00:00 0 
7f4f78000000-7f4f781a5000 rw-p 00000000 00:00 0 
7f4f781a5000-7f4f7c000000 ---p 00000000 00:00 0 
7f4f7c000000-7f4f7c288000 rw-p 00000000 00:00 0 
7f4f7c288000-7f4f80000000 ---p 00000000 00:00 0 
7f4f80000000-7f4f80021000 rw-p 00000000 00:00 0 
7f4f80021000-7f4f84000000 ---p 00000000 00:00 0 
7f4f84000000-7f4f84021000 rw-p 00000000 00:00 0 
7f4f84021000-7f4f88000000 ---p 00000000 00:00 0 
7f4f88000000-7f4f88021000 rw-p 00000000 00:00 0 
7f4f88021000-7f4f8c000000 ---p 00000000 00:00 0 
7f4f8c000000-7f4f8c021000 rw-p 00000000 00:00 0 
7f4f8c021000-7f4f90000000 ---p 00000000 00:00 0 
7f4f90000000-7f4f90021000 rw-p 00000000 00:00 0 
7f4f90021000-7f4f94000000 ---p 00000000 00:00 0 
7f4f95a30000-7f4f95a33000 ---p 00000000 00:00 0 
7f4f95a33000-7f4f95b31000 rw-p 00000000 00:00 0 
7f4f95b31000-7f4f95c31000 rw-s 136cf000 00:05 9111                       /dev/ati/card1
7f4f95c31000-7f4f95c34000 ---p 00000000 00:00 0 
7f4f95c34000-7f4f95d32000 rw-p 00000000 00:00 0 
7f4f95d32000-7f4f97c8c000 r-xp 00000000 08:06 527438                     /usr/lib/xorg/modules/dri/fglrx_dri.so
7f4f97c8c000-7f4f97d8c000 ---p 01f5a000 08:06 527438                     /usr/lib/xorg/modules/dri/fglrx_dri.so
7f4f97d8c000-7f4f97eda000 rwxp 01f5a000 08:06 527438                     /usr/lib/xorg/modules/dri/fglrx_dri.so
7f4f97eda000-7f4f98000000 rwxp 00000000 00:00 0 
7f4f98000000-7f4f98021000 rw-p 00000000 00:00 0 
7f4f98021000-7f4f9c000000 ---p 00000000 00:00 0 
7f4f9c0c7000-7f4f9c0ca000 ---p 00000000 00:00 0 
7f4f9c0ca000-7f4f9c1c8000 rw-p 00000000 00:00 0 
7f4f9c1c8000-7f4f9c1cb000 ---p 00000000 00:00 0 
7f4f9c1cb000-7f4f9c2c9000 rw-p 00000000 00:00 0 
7f4f9c2c9000-7f4f9c2ca000 r--s 00000000 00:11 27270                      /home/tobi/.fontconfig/5604230ae2129cf9aeedc64ab4ef6938-le64.cache-3
7f4f9c2ca000-7f4f9c2e0000 r--s 00000000 08:07 22836                      /var/cache/fontconfig/8d4af663993b81a124ee82e610bb31f9-le64.cache-3
7f4f9c2e0000-7f4f9c2e9000 r--s 00000000 08:07 26938                      /var/cache/fontconfig/d62e99ef547d1d24cdb1bd22ec1a2976-le64.cache-3
7f4f9c2e9000-7f4f9c32e000 r--s 00000000 08:07 26937                      /var/cache/fontconfig/f6b893a7224233d96cb72fd88691c0b4-le64.cache-3
7f4f9c32e000-7f4f9c38b000 r--s 00000000 08:07 26936                      /var/cache/fontconfig/17090aa38d5c6f09fb8c5c354938f1d7-le64.cache-3
7f4f9c38b000-7f4f9c3e8000 r--s 00000000 08:07 26934                      /var/cache/fontconfig/df311e82a1a24c41a75c2c930223552e-le64.cache-3
7f4f9c3e8000-7f4f9c3eb000 ---p 00000000 00:00 0 
7f4f9c3eb000-7f4f9c4e9000 rw-p 00000000 00:00 0 
7f4f9c4e9000-7f4f9c4ec000 ---p 00000000 00:00 0 
7f4f9c4ec000-7f4f9c632000 rw-p 00000000 00:00 0 
7f4f9c632000-7f4f9c672000 rw-s 00030000 00:05 9111                       /dev/ati/card1
7f4f9c672000-7f4f9c675000 ---p 00000000 00:00 0 
7f4f9c675000-7f4f9c773000 rw-p 00000000 00:00 0 
7f4f9c773000-7f4f9ce73000 rw-s 00006000 00:05 9111                       /dev/ati/card1
7f4f9ce73000-7f4f9cf73000 rw-p 00000000 00:00 0 
7f4f9cf73000-7f4f9cfae000 r-xp 00000000 08:06 527355                     /usr/lib/libatiadlxx.so
7f4f9cfae000-7f4f9d0ae000 ---p 0003b000 08:06 527355                     /usr/lib/libatiadlxx.so
7f4f9d0ae000-7f4f9d0b7000 rw-p 0003b000 08:06 527355                     /usr/lib/libatiadlxx.so
7f4f9d0b7000-7f4f9d0c8000 rw-p 00000000 00:00 0 
7f4f9d0c8000-7f4f9d0cf000 r-xp 00000000 08:06 526968                     /usr/lib/libatiuki.so.1.0
7f4f9d0cf000-7f4f9d1cf000 ---p 00007000 08:06 526968                     /usr/lib/libatiuki.so.1.0
7f4f9d1cf000-7f4f9d1d0000 rw-p 00007000 08:06 526968                     /usr/lib/libatiuki.so.1.0
7f4f9d1d0000-7f4f9d1d1000 rw-p 00000000 00:00 0 
7f4f9d1d1000-7f4f9d294000 r-xp 00000000 08:06 531369                     /usr/lib/fglrx/fglrx-libGL.so.1.2
7f4f9d294000-7f4f9d393000 ---p 000c3000 08:06 531369                     /usr/lib/fglrx/fglrx-libGL.so.1.2
7f4f9d393000-7f4f9d3ba000 rwxp 000c2000 08:06 531369                     /usr/lib/fglrx/fglrx-libGL.so.1.2
7f4f9d3ba000-7f4f9d3da000 rwxp 00000000 00:00 0 
7f4f9d3da000-7f4f9d41c000 r-xp 00000000 08:06 527897                     /usr/lib/libdbus-1.so.3.5.9
7f4f9d41c000-7f4f9d61c000 ---p 00042000 08:06 527897                     /usr/lib/libdbus-1.so.3.5.9
7f4f9d61c000-7f4f9d61e000 rw-p 00042000 08:06 527897                     /usr/lib/libdbus-1.so.3.5.9
7f4f9d61e000-7f4f9d62f000 r-xp 00000000 08:06 533797                     /usr/lib/libp11-kit.so.0.0.0
7f4f9d62f000-7f4f9d82e000 ---p 00011000 08:06 533797                     /usr/lib/libp11-kit.so.0.0.0
7f4f9d82e000-7f4f9d82f000 r--p 00010000 08:06 533797                     /usr/lib/libp11-kit.so.0.0.0
7f4f9d82f000-7f4f9d830000 rw-p 00011000 08:06 533797                     /usr/lib/libp11-kit.so.0.0.0
7f4f9d830000-7f4f9d895000 r-xp 00000000 08:06 527102                     /usr/lib/libgmp.so.10.0.5
7f4f9d895000-7f4f9da95000 ---p 00065000 08:06 527102                     /usr/lib/libgmp.so.10.0.5
7f4f9da95000-7f4f9da96000 r--p 00065000 08:06 527102                     /usr/lib/libgmp.so.10.0.5
7f4f9da96000-7f4f9da9f000 rw-p 00066000 08:06 527102                     /usr/lib/libgmp.so.10.0.5
7f4f9da9f000-7f4f9dab1000 r-xp 00000000 08:06 533726                     /usr/lib/libhogweed.so.2.1
7f4f9dab1000-7f4f9dcb0000 ---p 00012000 08:06 533726                     /usr/lib/libhogweed.so.2.1
7f4f9dcb0000-7f4f9dcb1000 r--p 00011000 08:06 533726                     /usr/lib/libhogweed.so.2.1
7f4f9dcb1000-7f4f9dcb2000 rw-p 00012000 08:06 533726                     /usr/lib/libhogweed.so.2.1
7f4f9dcb2000-7f4f9dcd7000 r-xp 00000000 08:06 531660                     /usr/lib/libnettle.so.4.3
7f4f9dcd7000-7f4f9ded7000 ---p 00025000 08:06 531660                     /usr/lib/libnettle.so.4.3
7f4f9ded7000-7f4f9ded8000 r--p 00025000 08:06 531660                     /usr/lib/libnettle.so.4.3
7f4f9ded8000-7f4f9ded9000 rw-p 00026000 08:06 531660                     /usr/lib/libnettle.so.4.3
7f4f9ded9000-7f4f9dee9000 r-xp 00000000 08:06 523686                     /usr/lib/libtasn1.so.3.1.15
7f4f9dee9000-7f4f9e0e8000 ---p 00010000 08:06 523686                     /usr/lib/libtasn1.so.3.1.15
7f4f9e0e8000-7f4f9e0e9000 r--p 0000f000 08:06 523686                     /usr/lib/libtasn1.so.3.1.15
7f4f9e0e9000-7f4f9e0ea000 rw-p 00010000 08:06 523686                     /usr/lib/libtasn1.so.3.1.15
7f4f9e0ea000-7f4f9e0ed000 r-xp 00000000 08:06 536931                     /usr/lib/libkeyutils.so.1.4
7f4f9e0ed000-7f4f9e2ec000 ---p 00003000 08:06 536931                     /usr/lib/libkeyutils.so.1.4
7f4f9e2ec000-7f4f9e2ed000 r--p 00002000 08:06 536931                     /usr/lib/libkeyutils.so.1.4
7f4f9e2ed000-7f4f9e2ee000 rw-p 00003000 08:06 536931                     /usr/lib/libkeyutils.so.1.4
7f4f9e2ee000-7f4f9e2f7000 r-xp 00000000 08:06 529619                     /usr/lib/libkrb5support.so.0.1
7f4f9e2f7000-7f4f9e4f6000 ---p 00009000 08:06 529619                     /usr/lib/libkrb5support.so.0.1
7f4f9e4f6000-7f4f9e4f7000 r--p 00008000 08:06 529619                     /usr/lib/libkrb5support.so.0.1
7f4f9e4f7000-7f4f9e4f8000 rw-p 00009000 08:06 529619                     /usr/lib/libkrb5support.so.0.1
7f4f9e4f8000-7f4f9e4fb000 r-xp 00000000 08:06 524071                     /usr/lib/libcom_err.so.2.1
7f4f9e4fb000-7f4f9e6fa000 ---p 00003000 08:06 524071                     /usr/lib/libcom_err.so.2.1
7f4f9e6fa000-7f4f9e6fb000 r--p 00002000 08:06 524071                     /usr/lib/libcom_err.so.2.1
7f4f9e6fb000-7f4f9e6fc000 rw-p 00003000 08:06 524071                     /usr/lib/libcom_err.so.2.1
7f4f9e6fc000-7f4f9e724000 r-xp 00000000 08:06 533131                     /usr/lib/libk5crypto.so.3.1
7f4f9e724000-7f4f9e924000 ---p 00028000 08:06 533131                     /usr/lib/libk5crypto.so.3.1
7f4f9e924000-7f4f9e925000 r--p 00028000 08:06 533131                     /usr/lib/libk5crypto.so.3.1
7f4f9e925000-7f4f9e926000 rw-p 00029000 08:06 533131                     /usr/lib/libk5crypto.so.3.1
7f4f9e926000-7f4f9e927000 rw-p 00000000 00:00 0 
7f4f9e927000-7f4f9e9ff000 r-xp 00000000 08:06 527453                     /usr/lib/libkrb5.so.3.3
7f4f9e9ff000-7f4f9ebff000 ---p 000d8000 08:06 527453                     /usr/lib/libkrb5.so.3.3
7f4f9ebff000-7f4f9ec09000 r--p 000d8000 08:06 527453                     /usr/lib/libkrb5.so.3.3
7f4f9ec09000-7f4f9ec0b000 rw-p 000e2000 08:06 527453                     /usr/lib/libkrb5.so.3.3
7f4f9ec0b000-7f4f9ec10000 r-xp 00000000 08:06 523755                     /usr/lib/libXdmcp.so.6.0.0
7f4f9ec10000-7f4f9ee0f000 ---p 00005000 08:06 523755                     /usr/lib/libXdmcp.so.6.0.0
7f4f9ee0f000-7f4f9ee10000 r--p 00004000 08:06 523755                     /usr/lib/libXdmcp.so.6.0.0
7f4f9ee10000-7f4f9ee11000 rw-p 00005000 08:06 523755                     /usr/lib/libXdmcp.so.6.0.0
7f4f9ee11000-7f4f9ee13000 r-xp 00000000 08:06 523713                     /usr/lib/libXau.so.6.0.0
7f4f9ee13000-7f4f9f013000 ---p 00002000 08:06 523713                     /usr/lib/libXau.so.6.0.0
7f4f9f013000-7f4f9f014000 r--p 00002000 08:06 523713                     /usr/lib/libXau.so.6.0.0
7f4f9f014000-7f4f9f015000 rw-p 00003000 08:06 523713                     /usr/lib/libXau.so.6.0.0
7f4f9f015000-7f4f9f025000 r-xp 00000000 08:06 526584                     /usr/lib/libavahi-client.so.3.2.9
7f4f9f025000-7f4f9f224000 ---p 00010000 08:06 526584                     /usr/lib/libavahi-client.so.3.2.9
7f4f9f224000-7f4f9f225000 r--p 0000f000 08:06 526584                     /usr/lib/libavahi-client.so.3.2.9
7f4f9f225000-7f4f9f226000 rw-p 00010000 08:06 526584                     /usr/lib/libavahi-client.so.3.2.9
7f4f9f226000-7f4f9f232000 r-xp 00000000 08:06 527596                     /usr/lib/libavahi-common.so.3.5.3
7f4f9f232000-7f4f9f431000 ---p 0000c000 08:06 527596                     /usr/lib/libavahi-common.so.3.5.3
7f4f9f431000-7f4f9f432000 r--p 0000b000 08:06 527596                     /usr/lib/libavahi-common.so.3.5.3
7f4f9f432000-7f4f9f433000 rw-p 0000c000 08:06 527596                     /usr/lib/libavahi-common.so.3.5.3
7f4f9f433000-7f4f9f525000 r-xp 00000000 08:06 528636                     /usr/lib/libgnutls.so.28.8.1
7f4f9f525000-7f4f9f725000 ---p 000f2000 08:06 528636                     /usr/lib/libgnutls.so.28.8.1
7f4f9f725000-7f4f9f72d000 r--p 000f2000 08:06 528636                     /usr/lib/libgnutls.so.28.8.1
7f4f9f72d000-7f4f9f72f000 rw-p 000fa000 08:06 528636                     /usr/lib/libgnutls.so.28.8.1
7f4f9f72f000-7f4f9f730000 rw-p 00000000 00:00 0 
7f4f9f730000-7f4f9f771000 r-xp 00000000 08:06 533554                     /usr/lib/libgssapi_krb5.so.2.2
7f4f9f771000-7f4f9f971000 ---p 00041000 08:06 533554                     /usr/lib/libgssapi_krb5.so.2.2
7f4f9f971000-7f4f9f972000 r--p 00041000 08:06 533554                     /usr/lib/libgssapi_krb5.so.2.2
7f4f9f972000-7f4f9f974000 rw-p 00042000 08:06 533554                     /usr/lib/libgssapi_krb5.so.2.2
7f4f9f974000-7f4f9f9cd000 r-xp 00000000 08:06 531196                     /usr/lib/libpcre.so.1.0.0
7f4f9f9cd000-7f4f9fbcc000 ---p 00059000 08:06 531196                     /usr/lib/libpcre.so.1.0.0
7f4f9fbcc000-7f4f9fbcd000 r--p 00058000 08:06 531196                     /usr/lib/libpcre.so.1.0.0
7f4f9fbcd000-7f4f9fbce000 rw-p 00059000 08:06 531196                     /usr/lib/libpcre.so.1.0.0
7f4f9fbce000-7f4f9fbd5000 r-xp 00000000 08:06 533126                     /usr/lib/libffi.so.6.0.0
7f4f9fbd5000-7f4f9fdd4000 ---p 00007000 08:06 533126                     /usr/lib/libffi.so.6.0.0
7f4f9fdd4000-7f4f9fdd5000 r--p 00006000 08:06 533126                     /usr/lib/libffi.so.6.0.0
7f4f9fdd5000-7f4f9fdd6000 rw-p 00007000 08:06 533126                     /usr/lib/libffi.so.6.0.0
7f4f9fdd6000-7f4f9fdfe000 r-xp 00000000 08:06 534280                     /usr/lib/libexpat.so.1.6.0
7f4f9fdfe000-7f4f9fffd000 ---p 00028000 08:06 534280                     /usr/lib/libexpat.so.1.6.0
7f4f9fffd000-7f4f9ffff000 r--p 00027000 08:06 534280                     /usr/lib/libexpat.so.1.6.0
7f4f9ffff000-7f4fa0000000 rw-p 00029000 08:06 534280                     /usr/lib/libexpat.so.1.6.0
7f4fa0000000-7f4fa0021000 rw-p 00000000 00:00 0 
7f4fa0021000-7f4fa4000000 ---p 00000000 00:00 0 
7f4fa4027000-7f4fa40a7000 rw-p 00000000 00:00 0 
7f4fa40a7000-7f4fa40b6000 r-xp 00000000 08:06 535331                     /usr/lib/libbz2.so.1.0.6
7f4fa40b6000-7f4fa42b5000 ---p 0000f000 08:06 535331                     /usr/lib/libbz2.so.1.0.6
7f4fa42b5000-7f4fa42b7000 rw-p 0000e000 08:06 535331                     /usr/lib/libbz2.so.1.0.6
7f4fa42b7000-7f4fa42bf000 r-xp 00000000 08:06 534957                     /usr/lib/libxcb-render.so.0.0.0
7f4fa42bf000-7f4fa44bf000 ---p 00008000 08:06 534957                     /usr/lib/libxcb-render.so.0.0.0
7f4fa44bf000-7f4fa44c0000 rw-p 00008000 08:06 534957                     /usr/lib/libxcb-render.so.0.0.0
7f4fa44c0000-7f4fa44c2000 r-xp 00000000 08:06 530934                     /usr/lib/libxcb-shm.so.0.0.0
7f4fa44c2000-7f4fa46c1000 ---p 00002000 08:06 530934                     /usr/lib/libxcb-shm.so.0.0.0
7f4fa46c1000-7f4fa46c2000 rw-p 00001000 08:06 530934                     /usr/lib/libxcb-shm.so.0.0.0
7f4fa46c2000-7f4fa4743000 r-xp 00000000 08:06 528735                     /usr/lib/libpixman-1.so.0.24.4
7f4fa4743000-7f4fa4943000 ---p 00081000 08:06 528735                     /usr/lib/libpixman-1.so.0.24.4
7f4fa4943000-7f4fa4949000 r--p 00081000 08:06 528735                     /usr/lib/libpixman-1.so.0.24.4
7f4fa4949000-7f4fa494a000 rw-p 00087000 08:06 528735                     /usr/lib/libpixman-1.so.0.24.4
7f4fa494a000-7f4fa4976000 r-xp 00000000 08:06 528725                     /usr/lib/libpng15.so.15.10.0
7f4fa4976000-7f4fa4b75000 ---p 0002c000 08:06 528725                     /usr/lib/libpng15.so.15.10.0
7f4fa4b75000-7f4fa4b76000 r--p 0002b000 08:06 528725                     /usr/lib/libpng15.so.15.10.0
7f4fa4b76000-7f4fa4b77000 rw-p 0002c000 08:06 528725                     /usr/lib/libpng15.so.15.10.0
7f4fa4b77000-7f4fa4b8a000 r-xp 00000000 08:06 1332                       /lib/libresolv-2.15.so
7f4fa4b8a000-7f4fa4d8a000 ---p 00013000 08:06 1332                       /lib/libresolv-2.15.so
7f4fa4d8a000-7f4fa4d8b000 r--p 00013000 08:06 1332                       /lib/libresolv-2.15.so
7f4fa4d8b000-7f4fa4d8c000 rw-p 00014000 08:06 1332                       /lib/libresolv-2.15.so
7f4fa4d8c000-7f4fa4d8e000 rw-p 00000000 00:00 0 
7f4fa4d8e000-7f4fa4d90000 r-xp 00000000 08:06 533292                     /usr/lib/libXdamage.so.1.1.0
7f4fa4d90000-7f4fa4f8f000 ---p 00002000 08:06 533292                     /usr/lib/libXdamage.so.1.1.0
7f4fa4f8f000-7f4fa4f90000 r--p 00001000 08:06 533292                     /usr/lib/libXdamage.so.1.1.0
7f4fa4f90000-7f4fa4f91000 rw-p 00002000 08:06 533292                     /usr/lib/libXdamage.so.1.1.0
7f4fa4f91000-7f4fa4f93000 r-xp 00000000 08:06 523753                     /usr/lib/libXcomposite.so.1.0.0
7f4fa4f93000-7f4fa5192000 ---p 00002000 08:06 523753                     /usr/lib/libXcomposite.so.1.0.0
7f4fa5192000-7f4fa5193000 r--p 00001000 08:06 523753                     /usr/lib/libXcomposite.so.1.0.0
7f4fa5193000-7f4fa5194000 rw-p 00002000 08:06 523753                     /usr/lib/libXcomposite.so.1.0.0
7f4fa5194000-7f4fa519d000 r-xp 00000000 08:06 531336                     /usr/lib/libXcursor.so.1.0.2
7f4fa519d000-7f4fa539c000 ---p 00009000 08:06 531336                     /usr/lib/libXcursor.so.1.0.2
7f4fa539c000-7f4fa539d000 r--p 00008000 08:06 531336                     /usr/lib/libXcursor.so.1.0.2
7f4fa539d000-7f4fa539e000 rw-p 00009000 08:06 531336                     /usr/lib/libXcursor.so.1.0.2
7f4fa539e000-7f4fa53a6000 r-xp 00000000 08:06 533170                     /usr/lib/libXrandr.so.2.2.0
7f4fa53a6000-7f4fa55a5000 ---p 00008000 08:06 533170                     /usr/lib/libXrandr.so.2.2.0
7f4fa55a5000-7f4fa55a6000 r--p 00007000 08:06 533170                     /usr/lib/libXrandr.so.2.2.0
7f4fa55a6000-7f4fa55a7000 rw-p 00008000 08:06 533170                     /usr/lib/libXrandr.so.2.2.0
7f4fa55a7000-7f4fa55a9000 r-xp 00000000 08:06 523766                     /usr/lib/libXinerama.so.1.0.0
7f4fa55a9000-7f4fa57a8000 ---p 00002000 08:06 523766                     /usr/lib/libXinerama.so.1.0.0
7f4fa57a8000-7f4fa57a9000 r--p 00001000 08:06 523766                     /usr/lib/libXinerama.so.1.0.0
7f4fa57a9000-7f4fa57aa000 rw-p 00002000 08:06 523766                     /usr/lib/libXinerama.so.1.0.0
7f4fa57aa000-7f4fa57af000 r-xp 00000000 08:06 523749                     /usr/lib/libXfixes.so.3.1.0
7f4fa57af000-7f4fa59af000 ---p 00005000 08:06 523749                     /usr/lib/libXfixes.so.3.1.0
7f4fa59af000-7f4fa59b0000 r--p 00005000 08:06 523749                     /usr/lib/libXfixes.so.3.1.0
7f4fa59b0000-7f4fa59b1000 rw-p 00006000 08:06 523749                     /usr/lib/libXfixes.so.3.1.0
7f4fa59b1000-7f4fa59ce000 r-xp 00000000 08:06 533661                     /usr/lib/libxcb.so.1.1.0
7f4fa59ce000-7f4fa5bce000 ---p 0001d000 08:06 533661                     /usr/lib/libxcb.so.1.1.0
7f4fa5bce000-7f4fa5bcf000 rw-p 0001d000 08:06 533661                     /usr/lib/libxcb.so.1.1.0
7f4fa5bcf000-7f4fa5c21000 r-xp 00000000 08:06 528718                     /usr/lib/libcups.so.2
7f4fa5c21000-7f4fa5e20000 ---p 00052000 08:06 528718                     /usr/lib/libcups.so.2
7f4fa5e20000-7f4fa5e24000 r--p 00051000 08:06 528718                     /usr/lib/libcups.so.2
7f4fa5e24000-7f4fa5e25000 rw-p 00055000 08:06 528718                     /usr/lib/libcups.so.2
7f4fa5e25000-7f4fa5f17000 r-xp 00000000 08:06 528627                     /usr/lib/libglib-2.0.so.0.3200.2
7f4fa5f17000-7f4fa6116000 ---p 000f2000 08:06 528627                     /usr/lib/libglib-2.0.so.0.3200.2
7f4fa6116000-7f4fa6117000 r--p 000f1000 08:06 528627                     /usr/lib/libglib-2.0.so.0.3200.2
7f4fa6117000-7f4fa6118000 rw-p 000f2000 08:06 528627                     /usr/lib/libglib-2.0.so.0.3200.2
7f4fa6118000-7f4fa6119000 rw-p 00000000 00:00 0 
7f4fa6119000-7f4fa611a000 r-xp 00000000 08:06 528965                     /usr/lib/libgthread-2.0.so.0.3200.2
7f4fa611a000-7f4fa6319000 ---p 00001000 08:06 528965                     /usr/lib/libgthread-2.0.so.0.3200.2
7f4fa6319000-7f4fa631a000 r--p 00000000 08:06 528965                     /usr/lib/libgthread-2.0.so.0.3200.2
7f4fa631a000-7f4fa631b000 rw-p 00001000 08:06 528965                     /usr/lib/libgthread-2.0.so.0.3200.2
7f4fa631b000-7f4fa631e000 r-xp 00000000 08:06 528923                     /usr/lib/libgmodule-2.0.so.0.3200.2
7f4fa631e000-7f4fa651d000 ---p 00003000 08:06 528923                     /usr/lib/libgmodule-2.0.so.0.3200.2
7f4fa651d000-7f4fa651e000 r--p 00002000 08:06 528923                     /usr/lib/libgmodule-2.0.so.0.3200.2
7f4fa651e000-7f4fa651f000 rw-p 00003000 08:06 528923                     /usr/lib/libgmodule-2.0.so.0.3200.2
7f4fa651f000-7f4fa656b000 r-xp 00000000 08:06 528966                     /usr/lib/libgobject-2.0.so.0.3200.2
7f4fa656b000-7f4fa676b000 ---p 0004c000 08:06 528966                     /usr/lib/libgobject-2.0.so.0.3200.2
7f4fa676b000-7f4fa676c000 r--p 0004c000 08:06 528966                     /usr/lib/libgobject-2.0.so.0.3200.2
7f4fa676c000-7f4fa676d000 rw-p 0004d000 08:06 528966                     /usr/lib/libgobject-2.0.so.0.3200.2
7f4fa676d000-7f4fa67a1000 r-xp 00000000 08:06 534580                     /usr/lib/libfontconfig.so.1.4.4
7f4fa67a1000-7f4fa69a1000 ---p 00034000 08:06 534580                     /usr/lib/libfontconfig.so.1.4.4
7f4fa69a1000-7f4fa69a2000 r--p 00034000 08:06 534580                     /usr/lib/libfontconfig.so.1.4.4
7f4fa69a2000-7f4fa69a3000 rw-p 00035000 08:06 534580                     /usr/lib/libfontconfig.so.1.4.4
7f4fa69a3000-7f4fa6a3c000 r-xp 00000000 08:06 533427                     /usr/lib/libfreetype.so.6.8.1
7f4fa6a3c000-7f4fa6c3b000 ---p 00099000 08:06 533427                     /usr/lib/libfreetype.so.6.8.1
7f4fa6c3b000-7f4fa6c41000 r--p 00098000 08:06 533427                     /usr/lib/libfreetype.so.6.8.1
7f4fa6c41000-7f4fa6c42000 rw-p 0009e000 08:06 533427                     /usr/lib/libfreetype.so.6.8.1
7f4fa6c42000-7f4fa6c8a000 r-xp 00000000 08:06 533234                     /usr/lib/libpango-1.0.so.0.3000.0
7f4fa6c8a000-7f4fa6e8a000 ---p 00048000 08:06 533234                     /usr/lib/libpango-1.0.so.0.3000.0
7f4fa6e8a000-7f4fa6e8c000 r--p 00048000 08:06 533234                     /usr/lib/libpango-1.0.so.0.3000.0
7f4fa6e8c000-7f4fa6e8d000 rw-p 0004a000 08:06 533234                     /usr/lib/libpango-1.0.so.0.3000.0
7f4fa6e8d000-7f4fa6f7d000 r-xp 00000000 08:06 527614                     /usr/lib/libcairo.so.2.11200.2
7f4fa6f7d000-7f4fa717d000 ---p 000f0000 08:06 527614                     /usr/lib/libcairo.so.2.11200.2
7f4fa717d000-7f4fa7181000 rw-p 000f0000 08:06 527614                     /usr/lib/libcairo.so.2.11200.2
7f4fa7181000-7f4fa7182000 rw-p 00000000 00:00 0 
7f4fa7182000-7f4fa71a3000 r-xp 00000000 08:06 532661                     /usr/lib/libgdk_pixbuf-2.0.so.0.2600.1
7f4fa71a3000-7f4fa73a2000 ---p 00021000 08:06 532661                     /usr/lib/libgdk_pixbuf-2.0.so.0.2600.1
7f4fa73a2000-7f4fa73a3000 r--p 00020000 08:06 532661                     /usr/lib/libgdk_pixbuf-2.0.so.0.2600.1
7f4fa73a3000-7f4fa73a4000 rw-p 00021000 08:06 532661                     /usr/lib/libgdk_pixbuf-2.0.so.0.2600.1
7f4fa73a4000-7f4fa73af000 r-xp 00000000 08:06 533238                     /usr/lib/libpangocairo-1.0.so.0.3000.0
7f4fa73af000-7f4fa75af000 ---p 0000b000 08:06 533238                     /usr/lib/libpangocairo-1.0.so.0.3000.0
7f4fa75af000-7f4fa75b0000 r--p 0000b000 08:06 533238                     /usr/lib/libpangocairo-1.0.so.0.3000.0
7f4fa75b0000-7f4fa75b1000 rw-p 0000c000 08:06 533238                     /usr/lib/libpangocairo-1.0.so.0.3000.0
7f4fa75b1000-7f4fa75dc000 r-xp 00000000 08:06 533236                     /usr/lib/libpangoft2-1.0.so.0.3000.0
7f4fa75dc000-7f4fa77dc000 ---p 0002b000 08:06 533236                     /usr/lib/libpangoft2-1.0.so.0.3000.0
7f4fa77dc000-7f4fa77dd000 r--p 0002b000 08:06 533236                     /usr/lib/libpangoft2-1.0.so.0.3000.0
7f4fa77dd000-7f4fa77de000 rw-p 0002c000 08:06 533236                     /usr/lib/libpangoft2-1.0.so.0.3000.0
7f4fa77de000-7f4fa7923000 r-xp 00000000 08:06 528967                     /usr/lib/libgio-2.0.so.0.3200.2
7f4fa7923000-7f4fa7b22000 ---p 00145000 08:06 528967                     /usr/lib/libgio-2.0.so.0.3200.2
7f4fa7b22000-7f4fa7b26000 r--p 00144000 08:06 528967                     /usr/lib/libgio-2.0.so.0.3200.2
7f4fa7b26000-7f4fa7b28000 rw-p 00148000 08:06 528967                     /usr/lib/libgio-2.0.so.0.3200.2
7f4fa7b28000-7f4fa7b2a000 rw-p 00000000 00:00 0 
7f4fa7b2a000-7f4fa7b4a000 r-xp 00000000 08:06 533187                     /usr/lib/libatk-1.0.so.0.20409.1
7f4fa7b4a000-7f4fa7d4a000 ---p 00020000 08:06 533187                     /usr/lib/libatk-1.0.so.0.20409.1
7f4fa7d4a000-7f4fa7d4c000 r--p 00020000 08:06 533187                     /usr/lib/libatk-1.0.so.0.20409.1
7f4fa7d4c000-7f4fa7d4d000 rw-p 00022000 08:06 533187                     /usr/lib/libatk-1.0.so.0.20409.1
7f4fa7d4d000-7f4fa7dfa000 r-xp 00000000 08:06 523419                     /usr/lib/libgdk-x11-2.0.so.0.2400.10
7f4fa7dfa000-7f4fa7ffa000 ---p 000ad000 08:06 523419                     /usr/lib/libgdk-x11-2.0.so.0.2400.10
7f4fa7ffa000-7f4fa7ffe000 r--p 000ad000 08:06 523419                     /usr/lib/libgdk-x11-2.0.so.0.2400.10
7f4fa7ffe000-7f4fa8000000 rw-p 000b1000 08:06 523419                     /usr/lib/libgdk-x11-2.0.so.0.2400.10
7f4fa8000000-7f4fa8021000 rw-p 00000000 00:00 0 
7f4fa8021000-7f4fac000000 ---p 00000000 00:00 0 
7f4fac025000-7f4fac02e000 r--s 00263000 08:06 523786                     /usr/lib/jvm/java-7-openjdk/jre/lib/resources.jar
7f4fac02e000-7f4fac076000 rw-p 00000000 00:00 0 
7f4fac076000-7f4fac498000 r-xp 00000000 08:06 523420                     /usr/lib/libgtk-x11-2.0.so.0.2400.10
7f4fac498000-7f4fac698000 ---p 00422000 08:06 523420                     /usr/lib/libgtk-x11-2.0.so.0.2400.10
7f4fac698000-7f4fac69f000 r--p 00422000 08:06 523420                     /usr/lib/libgtk-x11-2.0.so.0.2400.10
7f4fac69f000-7f4fac6a3000 rw-p 00429000 08:06 523420                     /usr/lib/libgtk-x11-2.0.so.0.2400.10
7f4fac6a3000-7f4fac6a5000 rw-p 00000000 00:00 0 
7f4fac6a5000-7f4fac6b3000 r-xp 00000000 08:06 526751                     /usr/lib/libXi.so.6.1.0
7f4fac6b3000-7f4fac8b2000 ---p 0000e000 08:06 526751                     /usr/lib/libXi.so.6.1.0
7f4fac8b2000-7f4fac8b3000 r--p 0000d000 08:06 526751                     /usr/lib/libXi.so.6.1.0
7f4fac8b3000-7f4fac8b4000 rw-p 0000e000 08:06 526751                     /usr/lib/libXi.so.6.1.0
7f4fac8b4000-7f4fac8b9000 r-xp 00000000 08:06 523793                     /usr/lib/libXtst.so.6.1.0
7f4fac8b9000-7f4facab9000 ---p 00005000 08:06 523793                     /usr/lib/libXtst.so.6.1.0
7f4facab9000-7f4facaba000 r--p 00005000 08:06 523793                     /usr/lib/libXtst.so.6.1.0
7f4facaba000-7f4facabb000 rw-p 00006000 08:06 523793                     /usr/lib/libXtst.so.6.1.0
7f4facabb000-7f4facac5000 r-xp 00000000 08:06 529110                     /usr/lib/libXrender.so.1.3.0
7f4facac5000-7f4faccc4000 ---p 0000a000 08:06 529110                     /usr/lib/libXrender.so.1.3.0
7f4faccc4000-7f4faccc5000 r--p 00009000 08:06 529110                     /usr/lib/libXrender.so.1.3.0
7f4faccc5000-7f4faccc6000 rw-p 0000a000 08:06 529110                     /usr/lib/libXrender.so.1.3.0
7f4faccc6000-7f4facdfa000 r-xp 00000000 08:06 531386                     /usr/lib/libX11.so.6.3.0
7f4facdfa000-7f4facffa000 ---p 00134000 08:06 531386                     /usr/lib/libX11.so.6.3.0
7f4facffa000-7f4facffb000 r--p 00134000 08:06 531386                     /usr/lib/libX11.so.6.3.0
7f4facffb000-7f4fad000000 rw-p 00135000 08:06 531386                     /usr/lib/libX11.so.6.3.0
7f4fad000000-7f4fad270000 rwxp 00000000 00:00 0 
7f4fad270000-7f4fb04d7000 rw-p 00000000 00:00 0 
7f4fb04d7000-7f4fb4000000 ---p 00000000 00:00 0 
7f4fb4006000-7f4fb4086000 rw-p 00000000 00:00 0 
7f4fb4086000-7f4fb4098000 r-xp 00000000 08:06 523664                     /usr/lib/libXext.so.6.4.0
7f4fb4098000-7f4fb4297000 ---p 00012000 08:06 523664                     /usr/lib/libXext.so.6.4.0
7f4fb4297000-7f4fb4298000 r--p 00011000 08:06 523664                     /usr/lib/libXext.so.6.4.0
7f4fb4298000-7f4fb4299000 rw-p 00012000 08:06 523664                     /usr/lib/libXext.so.6.4.0
7f4fb42c9000-7f4fb431b000 r-xp 00000000 08:06 533913                     /usr/lib/jvm/java-7-openjdk/jre/lib/amd64/xawt/libmawt.so
7f4fb431b000-7f4fb451a000 ---p 00052000 08:06 533913                     /usr/lib/jvm/java-7-openjdk/jre/lib/amd64/xawt/libmawt.so
7f4fb451a000-7f4fb451e000 rw-p 00051000 08:06 533913                     /usr/lib/jvm/java-7-openjdk/jre/lib/amd64/xawt/libmawt.so
7f4fb451e000-7f4fb451f000 rw-p 00000000 00:00 0 
7f4fb451f000-7f4fb45c1000 r-xp 00000000 08:06 525820                     /usr/lib/jvm/java-7-openjdk/jre/lib/amd64/libawt.so
7f4fb45c1000-7f4fb47c1000 ---p 000a2000 08:06 525820                     /usr/lib/jvm/java-7-openjdk/jre/lib/amd64/libawt.so
7f4fb47c1000-7f4fb47cd000 rw-p 000a2000 08:06 525820                     /usr/lib/jvm/java-7-openjdk/jre/lib/amd64/libawt.so
7f4fb47cd000-7f4fb47f1000 rw-p 00000000 00:00 0 
7f4fb47f1000-7f4fb47f4000 r--s 0000f000 08:06 526356                     /usr/lib/jvm/java-7-openjdk/jre/lib/ext/pulse-java.jar
7f4fb47f4000-7f4fb47f5000 ---p 00000000 00:00 0 
7f4fb47f5000-7f4fb48f5000 rw-p 00000000 00:00 0 
7f4fb48f5000-7f4fb48f8000 ---p 00000000 00:00 0 
7f4fb48f8000-7f4fb49f6000 rw-p 00000000 00:00 0 
7f4fb49f6000-7f4fb49f9000 ---p 00000000 00:00 0 
7f4fb49f9000-7f4fb4af7000 rw-p 00000000 00:00 0 
7f4fb4af7000-7f4fb4afa000 ---p 00000000 00:00 0 
7f4fb4afa000-7f4fb4bf8000 rw-p 00000000 00:00 0 
7f4fb4bf8000-7f4fb4bfb000 ---p 00000000 00:00 0 
7f4fb4bfb000-7f4fb4cf9000 rw-p 00000000 00:00 0 
7f4fb4cf9000-7f4fb50a5000 r--p 00000000 08:06 536728                     /usr/lib/locale/locale-archive
7f4fb50a5000-7f4fb50a8000 ---p 00000000 00:00 0 
7f4fb50a8000-7f4fb51a6000 rw-p 00000000 00:00 0 
7f4fb51a6000-7f4fb51a9000 ---p 00000000 00:00 0 
7f4fb51a9000-7f4fb52a7000 rw-p 00000000 00:00 0 
7f4fb52a7000-7f4fb52a8000 ---p 00000000 00:00 0 
7f4fb52a8000-7f4fb5919000 rw-p 00000000 00:00 0 
7f4fb5919000-7f4fb5ac8000 r--s 03e7b000 08:06 524045                     /usr/lib/jvm/java-7-openjdk/jre/lib/rt.jar
7f4fb5ac8000-7f4fb5af0000 rw-p 00000000 00:00 0 
7f4fb5af0000-7f4fb5af1000 ---p 00000000 00:00 0 
7f4fb5af1000-7f4fb5bf1000 rw-p 00000000 00:00 0 
7f4fb5bf1000-7f4fb5bf2000 ---p 00000000 00:00 0 
7f4fb5bf2000-7f4fb5cf2000 rw-p 00000000 00:00 0 
7f4fb5cf2000-7f4fb5cf3000 ---p 00000000 00:00 0 
7f4fb5cf3000-7f4fb5df3000 rw-p 00000000 00:00 0 
7f4fb5df3000-7f4fb5df4000 ---p 00000000 00:00 0 
7f4fb5df4000-7f4fb5eff000 rw-p 00000000 00:00 0 
7f4fb5eff000-7f4fb5f47000 rw-p 00000000 00:00 0 
7f4fb5f47000-7f4fb5f9a000 rw-p 00000000 00:00 0 
7f4fb5f9a000-7f4fb646d000 rw-p 00000000 00:00 0 
7f4fb646d000-7f4fb6478000 rw-p 00000000 00:00 0 
7f4fb6478000-7f4fb64c0000 rw-p 00000000 00:00 0 
7f4fb64c0000-7f4fb6513000 rw-p 00000000 00:00 0 
7f4fb6513000-7f4fb69e5000 rw-p 00000000 00:00 0 
7f4fb69e5000-7f4fb6a0f000 rw-p 00000000 00:00 0 
7f4fb6a0f000-7f4fb6c78000 rw-p 00000000 00:00 0 
7f4fb6c78000-7f4fb6c79000 rw-p 00000000 00:00 0 
7f4fb6c79000-7f4fb6c81000 r-xp 00000000 08:06 525197                     /usr/lib/jvm/java-7-openjdk/jre/lib/amd64/libzip.so
7f4fb6c81000-7f4fb6e80000 ---p 00008000 08:06 525197                     /usr/lib/jvm/java-7-openjdk/jre/lib/amd64/libzip.so
7f4fb6e80000-7f4fb6e81000 rw-p 00007000 08:06 525197                     /usr/lib/jvm/java-7-openjdk/jre/lib/amd64/libzip.so
7f4fb6e81000-7f4fb6e8d000 r-xp 00000000 08:06 1309                       /lib/libnss_files-2.15.so
7f4fb6e8d000-7f4fb708c000 ---p 0000c000 08:06 1309                       /lib/libnss_files-2.15.so
7f4fb708c000-7f4fb708d000 r--p 0000b000 08:06 1309                       /lib/libnss_files-2.15.so
7f4fb708d000-7f4fb708e000 rw-p 0000c000 08:06 1309                       /lib/libnss_files-2.15.so
7f4fb708e000-7f4fb70b7000 r-xp 00000000 08:06 525207                     /usr/lib/jvm/java-7-openjdk/jre/lib/amd64/libjava.so
7f4fb70b7000-7f4fb72b6000 ---p 00029000 08:06 525207                     /usr/lib/jvm/java-7-openjdk/jre/lib/amd64/libjava.so
7f4fb72b6000-7f4fb72b8000 rw-p 00028000 08:06 525207                     /usr/lib/jvm/java-7-openjdk/jre/lib/amd64/libjava.so
7f4fb72b8000-7f4fb72c6000 r-xp 00000000 08:06 525194                     /usr/lib/jvm/java-7-openjdk/jre/lib/amd64/libverify.so
7f4fb72c6000-7f4fb74c5000 ---p 0000e000 08:06 525194                     /usr/lib/jvm/java-7-openjdk/jre/lib/amd64/libverify.so
7f4fb74c5000-7f4fb74c7000 rw-p 0000d000 08:06 525194                     /usr/lib/jvm/java-7-openjdk/jre/lib/amd64/libverify.so
7f4fb74c7000-7f4fb74ce000 r-xp 00000000 08:06 1288                       /lib/librt-2.15.so
7f4fb74ce000-7f4fb76cd000 ---p 00007000 08:06 1288                       /lib/librt-2.15.so
7f4fb76cd000-7f4fb76ce000 r--p 00006000 08:06 1288                       /lib/librt-2.15.so
7f4fb76ce000-7f4fb76cf000 rw-p 00007000 08:06 1288                       /lib/librt-2.15.so
7f4fb76cf000-7f4fb76e4000 r-xp 00000000 08:06 526089                     /usr/lib/libgcc_s.so.1
7f4fb76e4000-7f4fb78e3000 ---p 00015000 08:06 526089                     /usr/lib/libgcc_s.so.1
7f4fb78e3000-7f4fb78e4000 rw-p 00014000 08:06 526089                     /usr/lib/libgcc_s.so.1
7f4fb78e4000-7f4fb79d7000 r-xp 00000000 08:06 1293                       /lib/libm-2.15.so
7f4fb79d7000-7f4fb7bd7000 ---p 000f3000 08:06 1293                       /lib/libm-2.15.so
7f4fb7bd7000-7f4fb7bd8000 r--p 000f3000 08:06 1293                       /lib/libm-2.15.so
7f4fb7bd8000-7f4fb7bd9000 rw-p 000f4000 08:06 1293                       /lib/libm-2.15.so
7f4fb7bd9000-7f4fb7cbe000 r-xp 00000000 08:06 526567                     /usr/lib/libstdc++.so.6.0.17
7f4fb7cbe000-7f4fb7ebe000 ---p 000e5000 08:06 526567                     /usr/lib/libstdc++.so.6.0.17
7f4fb7ebe000-7f4fb7ec6000 r--p 000e5000 08:06 526567                     /usr/lib/libstdc++.so.6.0.17
7f4fb7ec6000-7f4fb7ec8000 rw-p 000ed000 08:06 526567                     /usr/lib/libstdc++.so.6.0.17
7f4fb7ec8000-7f4fb7edd000 rw-p 00000000 00:00 0 
7f4fb7edd000-7f4fb8870000 r-xp 00000000 08:06 525849                     /usr/lib/jvm/java-7-openjdk/jre/lib/amd64/server/libjvm.so
7f4fb8870000-7f4fb8a70000 ---p 00993000 08:06 525849                     /usr/lib/jvm/java-7-openjdk/jre/lib/amd64/server/libjvm.so
7f4fb8a70000-7f4fb8b0c000 rw-p 00993000 08:06 525849                     /usr/lib/jvm/java-7-openjdk/jre/lib/amd64/server/libjvm.so
7f4fb8b0c000-7f4fb8b36000 rw-p 00000000 00:00 0 
7f4fb8b36000-7f4fb8ccd000 r-xp 00000000 08:06 1304                       /lib/libc-2.15.so
7f4fb8ccd000-7f4fb8ecd000 ---p 00197000 08:06 1304                       /lib/libc-2.15.so
7f4fb8ecd000-7f4fb8ed1000 r--p 00197000 08:06 1304                       /lib/libc-2.15.so
7f4fb8ed1000-7f4fb8ed3000 rw-p 0019b000 08:06 1304                       /lib/libc-2.15.so
7f4fb8ed3000-7f4fb8ed7000 rw-p 00000000 00:00 0 
7f4fb8ed7000-7f4fb8eda000 r-xp 00000000 08:06 1292                       /lib/libdl-2.15.so
7f4fb8eda000-7f4fb90d9000 ---p 00003000 08:06 1292                       /lib/libdl-2.15.so
7f4fb90d9000-7f4fb90da000 r--p 00002000 08:06 1292                       /lib/libdl-2.15.so
7f4fb90da000-7f4fb90db000 rw-p 00003000 08:06 1292                       /lib/libdl-2.15.so
7f4fb90db000-7f4fb90f0000 r-xp 00000000 08:06 528979                     /usr/lib/libz.so.1.2.7
7f4fb90f0000-7f4fb92ef000 ---p 00015000 08:06 528979                     /usr/lib/libz.so.1.2.7
7f4fb92ef000-7f4fb92f0000 r--p 00014000 08:06 528979                     /usr/lib/libz.so.1.2.7
7f4fb92f0000-7f4fb92f1000 rw-p 00015000 08:06 528979                     /usr/lib/libz.so.1.2.7
7f4fb92f1000-7f4fb92fd000 r-xp 00000000 08:06 526062                     /usr/lib/jvm/java-7-openjdk/jre/lib/amd64/jli/libjli.so
7f4fb92fd000-7f4fb94fd000 ---p 0000c000 08:06 526062                     /usr/lib/jvm/java-7-openjdk/jre/lib/amd64/jli/libjli.so
7f4fb94fd000-7f4fb94fe000 rw-p 0000c000 08:06 526062                     /usr/lib/jvm/java-7-openjdk/jre/lib/amd64/jli/libjli.so
7f4fb94fe000-7f4fb9515000 r-xp 00000000 08:06 929                        /lib/libpthread-2.15.so
7f4fb9515000-7f4fb9714000 ---p 00017000 08:06 929                        /lib/libpthread-2.15.so
7f4fb9714000-7f4fb9715000 r--p 00016000 08:06 929                        /lib/libpthread-2.15.so
7f4fb9715000-7f4fb9716000 rw-p 00017000 08:06 929                        /lib/libpthread-2.15.so
7f4fb9716000-7f4fb971a000 rw-p 00000000 00:00 0 
7f4fb971a000-7f4fb973b000 r-xp 00000000 08:06 1312                       /lib/ld-2.15.so
7f4fb9740000-7f4fb9744000 r--s 000a0000 08:06 523715                     /usr/lib/jvm/java-7-openjdk/jre/lib/jsse.jar
7f4fb9744000-7f4fb974e000 rw-p 00000000 00:00 0 
7f4fb974e000-7f4fb9804000 rw-p 00000000 00:00 0 
7f4fb9804000-7f4fb9807000 ---p 00000000 00:00 0 
7f4fb9807000-7f4fb990a000 rw-p 00000000 00:00 0 
7f4fb990d000-7f4fb990e000 rw-s 00005000 00:05 9111                       /dev/ati/card1
7f4fb990e000-7f4fb992e000 rw-s feae0000 00:05 9111                       /dev/ati/card1
7f4fb992e000-7f4fb9930000 rw-s 00002000 00:05 9111                       /dev/ati/card1
7f4fb9930000-7f4fb9938000 rw-s 00000000 08:06 265760                     /tmp/hsperfdata_tobi/10128 (deleted)
7f4fb9938000-7f4fb9939000 rw-p 00000000 00:00 0 
7f4fb9939000-7f4fb993a000 ---p 00000000 00:00 0 
7f4fb993a000-7f4fb993b000 rw-p 00000000 00:00 0 
7f4fb993b000-7f4fb993c000 r--p 00021000 08:06 1312                       /lib/ld-2.15.so
7f4fb993c000-7f4fb993d000 rw-p 00022000 08:06 1312                       /lib/ld-2.15.so
7f4fb993d000-7f4fb993e000 rw-p 00000000 00:00 0 
7fff2ee98000-7fff2eeb9000 rw-p 00000000 00:00 0                          [stack]
7fff2ef04000-7fff2ef05000 r-xp 00000000 00:00 0                          [vdso]
ffffffffff600000-ffffffffff601000 r-xp 00000000 00:00 0                  [vsyscall]

VM Arguments:
jvm_args: -Dsun.java2d.opengl=True -Dfile.encoding=UTF-8 
java_command: bombi.BombiGui
Launcher Type: SUN_STANDARD

Environment Variables:
JAVA_HOME=/usr/lib/jvm/java-7-openjdk
PATH=/usr/local/bin:/usr/bin:/bin:/usr/local/sbin:/usr/sbin:/sbin:/opt/android-sdk/platform-tools:/opt/android-sdk/tools:/usr/bin/vendor_perl:/usr/bin/core_perl:/opt/qt/bin
SHELL=/bin/bash
DISPLAY=:0.0

Signal Handlers:
SIGSEGV: [libjvm.so+0x807d30], sa_mask[0]=0x7ffbfeff, sa_flags=0x10000004
SIGBUS: [libjvm.so+0x807d30], sa_mask[0]=0x7ffbfeff, sa_flags=0x10000004
SIGFPE: [libjvm.so+0x6ac970], sa_mask[0]=0x7ffbfeff, sa_flags=0x10000004
SIGPIPE: [libjvm.so+0x6ac970], sa_mask[0]=0x7ffbfeff, sa_flags=0x10000004
SIGXFSZ: [libjvm.so+0x6ac970], sa_mask[0]=0x7ffbfeff, sa_flags=0x10000004
SIGILL: [libjvm.so+0x6ac970], sa_mask[0]=0x7ffbfeff, sa_flags=0x10000004
SIGUSR1: SIG_DFL, sa_mask[0]=0x00000000, sa_flags=0x00000000
SIGUSR2: [libjvm.so+0x6acd40], sa_mask[0]=0x00000004, sa_flags=0x10000004
SIGHUP: [libjvm.so+0x6ace80], sa_mask[0]=0x7ffbfeff, sa_flags=0x10000004
SIGINT: [libjvm.so+0x6ace80], sa_mask[0]=0x7ffbfeff, sa_flags=0x10000004
SIGTERM: [libjvm.so+0x6ace80], sa_mask[0]=0x7ffbfeff, sa_flags=0x10000004
SIGQUIT: [libjvm.so+0x6ace80], sa_mask[0]=0x7ffbfeff, sa_flags=0x10000004


---------------  S Y S T E M  ---------------

OS:Linux
uname:Linux 3.3.6-1-ARCH #1 SMP PREEMPT Sun May 13 10:52:32 CEST 2012 x86_64
libc:glibc 2.15 NPTL 2.15 
rlimit: STACK 8192k, CORE 0k, NPROC 125839, NOFILE 4096, AS infinity
load average:1.51 1.62 1.85

/proc/meminfo:
MemTotal:       16180360 kB
MemFree:         9013000 kB
Buffers:         1037212 kB
Cached:          3229172 kB
SwapCached:            0 kB
Active:          3490352 kB
Inactive:        2729184 kB
Active(anon):    1954164 kB
Inactive(anon):    47340 kB
Active(file):    1536188 kB
Inactive(file):  2681844 kB
Unevictable:           0 kB
Mlocked:               0 kB
SwapTotal:             0 kB
SwapFree:              0 kB
Dirty:               260 kB
Writeback:             0 kB
AnonPages:       1953196 kB
Mapped:           326776 kB
Shmem:             48364 kB
Slab:             516796 kB
SReclaimable:     440340 kB
SUnreclaim:        76456 kB
KernelStack:        4712 kB
PageTables:        43420 kB
NFS_Unstable:          0 kB
Bounce:                0 kB
WritebackTmp:          0 kB
CommitLimit:     8090180 kB
Committed_AS:    4518204 kB
VmallocTotal:   34359738367 kB
VmallocUsed:      362644 kB
VmallocChunk:   34359374303 kB
HardwareCorrupted:     0 kB
AnonHugePages:    970752 kB
HugePages_Total:       0
HugePages_Free:        0
HugePages_Rsvd:        0
HugePages_Surp:        0
Hugepagesize:       2048 kB
DirectMap4k:      639488 kB
DirectMap2M:     8534016 kB
DirectMap1G:     7340032 kB


CPU:total 4 (4 cores per cpu, 1 threads per core) family 16 model 5 stepping 2, cmov, cx8, fxsr, mmx, sse, sse2, sse3, popcnt, mmxext, 3dnowpref, lzcnt, sse4a

/proc/cpuinfo:
processor	: 0
vendor_id	: AuthenticAMD
cpu family	: 16
model		: 5
model name	: AMD Athlon(tm) II X4 620 Processor
stepping	: 2
microcode	: 0x10000c6
cpu MHz		: 2600.000
cache size	: 512 KB
physical id	: 0
siblings	: 4
core id		: 0
cpu cores	: 4
apicid		: 0
initial apicid	: 0
fpu		: yes
fpu_exception	: yes
cpuid level	: 5
wp		: yes
flags		: fpu vme de pse tsc msr pae mce cx8 apic sep mtrr pge mca cmov pat pse36 clflush mmx fxsr sse sse2 ht syscall nx mmxext fxsr_opt pdpe1gb rdtscp lm 3dnowext 3dnow constant_tsc rep_good nopl nonstop_tsc extd_apicid pni monitor cx16 popcnt lahf_lm cmp_legacy svm extapic cr8_legacy abm sse4a misalignsse 3dnowprefetch osvw ibs skinit wdt nodeid_msr npt lbrv svm_lock nrip_save
bogomips	: 5225.40
TLB size	: 1024 4K pages
clflush size	: 64
cache_alignment	: 64
address sizes	: 48 bits physical, 48 bits virtual
power management: ts ttp tm stc 100mhzsteps hwpstate

processor	: 1
vendor_id	: AuthenticAMD
cpu family	: 16
model		: 5
model name	: AMD Athlon(tm) II X4 620 Processor
stepping	: 2
microcode	: 0x10000c6
cpu MHz		: 2600.000
cache size	: 512 KB
physical id	: 0
siblings	: 4
core id		: 1
cpu cores	: 4
apicid		: 1
initial apicid	: 1
fpu		: yes
fpu_exception	: yes
cpuid level	: 5
wp		: yes
flags		: fpu vme de pse tsc msr pae mce cx8 apic sep mtrr pge mca cmov pat pse36 clflush mmx fxsr sse sse2 ht syscall nx mmxext fxsr_opt pdpe1gb rdtscp lm 3dnowext 3dnow constant_tsc rep_good nopl nonstop_tsc extd_apicid pni monitor cx16 popcnt lahf_lm cmp_legacy svm extapic cr8_legacy abm sse4a misalignsse 3dnowprefetch osvw ibs skinit wdt nodeid_msr npt lbrv svm_lock nrip_save
bogomips	: 5225.40
TLB size	: 1024 4K pages
clflush size	: 64
cache_alignment	: 64
address sizes	: 48 bits physical, 48 bits virtual
power management: ts ttp tm stc 100mhzsteps hwpstate

processor	: 2
vendor_id	: AuthenticAMD
cpu family	: 16
model		: 5
model name	: AMD Athlon(tm) II X4 620 Processor
stepping	: 2
microcode	: 0x10000c6
cpu MHz		: 800.000
cache size	: 512 KB
physical id	: 0
siblings	: 4
core id		: 2
cpu cores	: 4
apicid		: 2
initial apicid	: 2
fpu		: yes
fpu_exception	: yes
cpuid level	: 5
wp		: yes
flags		: fpu vme de pse tsc msr pae mce cx8 apic sep mtrr pge mca cmov pat pse36 clflush mmx fxsr sse sse2 ht syscall nx mmxext fxsr_opt pdpe1gb rdtscp lm 3dnowext 3dnow constant_tsc rep_good nopl nonstop_tsc extd_apicid pni monitor cx16 popcnt lahf_lm cmp_legacy svm extapic cr8_legacy abm sse4a misalignsse 3dnowprefetch osvw ibs skinit wdt nodeid_msr npt lbrv svm_lock nrip_save
bogomips	: 5225.40
TLB size	: 1024 4K pages
clflush size	: 64
cache_alignment	: 64
address sizes	: 48 bits physical, 48 bits virtual
power management: ts ttp tm stc 100mhzsteps hwpstate

processor	: 3
vendor_id	: AuthenticAMD
cpu family	: 16
model		: 5
model name	: AMD Athlon(tm) II X4 620 Processor
stepping	: 2
microcode	: 0x10000c6
cpu MHz		: 2600.000
cache size	: 512 KB
physical id	: 0
siblings	: 4
core id		: 3
cpu cores	: 4
apicid		: 3
initial apicid	: 3
fpu		: yes
fpu_exception	: yes
cpuid level	: 5
wp		: yes
flags		: fpu vme de pse tsc msr pae mce cx8 apic sep mtrr pge mca cmov pat pse36 clflush mmx fxsr sse sse2 ht syscall nx mmxext fxsr_opt pdpe1gb rdtscp lm 3dnowext 3dnow constant_tsc rep_good nopl nonstop_tsc extd_apicid pni monitor cx16 popcnt lahf_lm cmp_legacy svm extapic cr8_legacy abm sse4a misalignsse 3dnowprefetch osvw ibs skinit wdt nodeid_msr npt lbrv svm_lock nrip_save
bogomips	: 5225.40
TLB size	: 1024 4K pages
clflush size	: 64
cache_alignment	: 64
address sizes	: 48 bits physical, 48 bits virtual
power management: ts ttp tm stc 100mhzsteps hwpstate



Memory: 4k page, physical 16180360k(9013000k free), swap 0k(0k free)

vm_info: OpenJDK 64-Bit Server VM (22.0-b10) for linux-amd64 JRE (1.7.0_03-b147), built on Mar  6 2012 20:02:29 by "nobody" with gcc 4.6.3

time: Wed May 16 23:20:09 2012
elapsed time: 67 seconds

