#
# A fatal error has been detected by the Java Runtime Environment:
#
#  SIGSEGV (0xb) at pc=0x00007fe05ccfe2a8, pid=9669, tid=140601750513408
#
# JRE version: 7.0_03-b147
# Java VM: OpenJDK 64-Bit Server VM (22.0-b10 mixed mode linux-amd64 compressed oops)
# Derivative: IcedTea7 2.1
# Distribution: Custom build (Tue Mar  6 19:52:34 UTC 2012)
# Problematic frame:
# C  [libX11.so.6+0x382a8]  XQueryExtension+0x28
#
# Failed to write core dump. Core dumps have been disabled. To enable core dumping, try "ulimit -c unlimited" before starting Java again
#
# If you would like to submit a bug report, please include
# instructions on how to reproduce the bug and visit:
#   http://icedtea.classpath.org/bugzilla
#

---------------  T H R E A D  ---------------

Current thread (0x00007fe06009d000):  VMThread [stack: 0x00007fe06554e000,0x00007fe06564f000] [id=9679]

siginfo:si_signo=SIGSEGV: si_errno=0, si_code=1 (SEGV_MAPERR), si_addr=0x00000000601c7df8

Registers:
RAX=0x00007fe0440008c0, RBX=0x00000000601c7490, RCX=0x00007fe06564d858, RDX=0x00007fe06564d854
RSP=0x00007fe06564d7f0, RBP=0x00007fe04d8f3932, RSI=0x00007fe04d8f3932, RDI=0x00000000601c7490
R8 =0x00007fe06564d85c, R9 =0x0000000000000000, R10=0x00007fe06564d6b0, R11=0x00007fe068e14ad0
R12=0x0000000000000000, R13=0x00007fe04d8f3932, R14=0x00007fe0440008c0, R15=0x0000000000000000
RIP=0x00007fe05ccfe2a8, EFLAGS=0x0000000000010206, CSGSFS=0x0000000000000033, ERR=0x0000000000000004
  TRAPNO=0x000000000000000e

Top of Stack: (sp=0x00007fe06564d7f0)
0x00007fe06564d7f0:   0000000000000000 00007fe06564d870
0x00007fe06564d800:   00007fe06564d871 00007fe0699d94e5
0x00007fe06564d810:   0000000000000000 00000000601c7490
0x00007fe06564d820:   00007fe04d8f3932 0000000000000000
0x00007fe06564d830:   00007fe04d8f3932 00007fe0440008c0
0x00007fe06564d840:   0000000000000000 00007fe05ccf2285
0x00007fe06564d850:   0000000000000000 00007fe068e59b20
0x00007fe06564d860:   00007fe04da2c520 00000000601c7490
0x00007fe06564d870:   00007fe0601cfcf0 00007fe06433eb1b
0x00007fe06564d880:   00007fe000000005 0000001100000000
0x00007fe06564d890:   00007fe000000005 0000000000000000
0x00007fe06564d8a0:   00007fe06564d910 00000000601c7490
0x00007fe06564d8b0:   00007fe06564db10 00007fe06564db88
0x00007fe06564d8c0:   00007fe04da45d50 00007fe04d89a119
0x00007fe06564d8d0:   0000000000000000 00007fe0601cfda0
0x00007fe06564d8e0:   00007fe06564d910 00007fe04dca8008
0x00007fe06564d8f0:   00007fe06564db10 00007fe06564db88
0x00007fe06564d900:   00000000ffffffff 00007fe04d890b42
0x00007fe06564d910:   00007fe06564dc00 00007fe04d8f38b1
0x00007fe06564d920:   00007fe06564dc00 00007fe0699cff5f
0x00007fe06564d930:   00007fe069be4170 00007fe069be4700
0x00007fe06564d940:   00007fe069bb0000 00007fe060005900
0x00007fe06564d950:   00007fe06000a110 00007fe06017b070
0x00007fe06564d960:   00007fe060178ed0 00007fe0600021f0
0x00007fe06564d970:   00007fe060001b30 00000000014de560
0x00007fe06564d980:   00000000014dea30 00000000014df370
0x00007fe06564d990:   00007fe06017c4f0 00007fe06017ce80
0x00007fe06564d9a0:   00007fe06017d390 00007fe06017c990
0x00007fe06564d9b0:   00007fe06017d8a0 00007fe06017e7b0
0x00007fe06564d9c0:   00007fe06017e2a0 00007fe06017ecc0
0x00007fe06564d9d0:   00007fe06017dda0 00007fe06017f1c0
0x00007fe06564d9e0:   00007fe06017f6b0 00007fe0601800d0 

Instructions: (pc=0x00007fe05ccfe2a8)
0x00007fe05ccfe288:   24 d8 48 89 fb 4c 89 64 24 e0 4c 89 6c 24 e8 48
0x00007fe05ccfe298:   89 f5 4c 89 74 24 f0 4c 89 7c 24 f8 48 83 ec 58
0x00007fe05ccfe2a8:   48 8b 87 68 09 00 00 49 89 d4 49 89 cd 4d 89 c6
0x00007fe05ccfe2b8:   48 85 c0 74 02 ff 10 ba 08 00 00 00 be 62 00 00 

Register to memory mapping:

RAX=0x00007fe0440008c0 is an unknown value
RBX=0x00000000601c7490 is an unknown value
RCX=0x00007fe06564d858 is an unknown value
RDX=0x00007fe06564d854 is an unknown value
RSP=0x00007fe06564d7f0 is an unknown value
RBP=0x00007fe04d8f3932: <offset 0x96932> in /usr/lib/libGL.so.1 at 0x00007fe04d85d000
RSI=0x00007fe04d8f3932: <offset 0x96932> in /usr/lib/libGL.so.1 at 0x00007fe04d85d000
RDI=0x00000000601c7490 is an unknown value
R8 =0x00007fe06564d85c is an unknown value
R9 =0x0000000000000000 is an unknown value
R10=0x00007fe06564d6b0 is an unknown value
R11=0x00007fe068e14ad0: __cxa_finalize+0 in /lib/libc.so.6 at 0x00007fe068ddd000
R12=0x0000000000000000 is an unknown value
R13=0x00007fe04d8f3932: <offset 0x96932> in /usr/lib/libGL.so.1 at 0x00007fe04d85d000
R14=0x00007fe0440008c0 is an unknown value
R15=0x0000000000000000 is an unknown value


Stack: [0x00007fe06554e000,0x00007fe06564f000],  sp=0x00007fe06564d7f0,  free space=1021k
Native frames: (J=compiled Java code, j=interpreted, Vv=VM code, C=native code)
C  [libX11.so.6+0x382a8]  XQueryExtension+0x28

VM_Operation (0x00007fe04c8d1ee0): Exit, mode: safepoint, requested by thread 0x00007fe0604d0800


---------------  P R O C E S S  ---------------

Java Threads: ( => current thread )
  0x00007fe060006000 JavaThread "DestroyJavaVM" [_thread_blocked, id=9674, stack(0x00007fe069aab000,0x00007fe069bac000)]
  0x00007fe0604d3800 JavaThread "Thread-0" [_thread_blocked, id=9693, stack(0x00007fe04c6d3000,0x00007fe04c7d4000)]
  0x00007fe0604d0800 JavaThread "AWT-EventQueue-0" [_thread_blocked, id=9692, stack(0x00007fe04c7d4000,0x00007fe04c8d5000)]
  0x00007fe0604ce800 JavaThread "AWT-Shutdown" [_thread_blocked, id=9690, stack(0x00007fe04c8d5000,0x00007fe04c9d6000)]
  0x00007fe060437000 JavaThread "AWT-XAWT" daemon [_thread_blocked, id=9689, stack(0x00007fe04caf5000,0x00007fe04cbf6000)]
  0x00007fe0603ed000 JavaThread "Java2D Disposer" daemon [_thread_blocked, id=9688, stack(0x00007fe04cbf6000,0x00007fe04ccf7000)]
  0x00007fe0603ea800 JavaThread "Java2D Queue Flusher" daemon [_thread_blocked, id=9687, stack(0x00007fe04cd3f000,0x00007fe04ce40000)]
  0x00007fe060106000 JavaThread "Service Thread" daemon [_thread_blocked, id=9685, stack(0x00007fe064b9c000,0x00007fe064c9d000)]
  0x00007fe060103800 JavaThread "C2 CompilerThread1" daemon [_thread_blocked, id=9684, stack(0x00007fe064c9d000,0x00007fe064d9e000)]
  0x00007fe060101000 JavaThread "C2 CompilerThread0" daemon [_thread_blocked, id=9683, stack(0x00007fe064d9e000,0x00007fe064e9f000)]
  0x00007fe0600fe800 JavaThread "Signal Dispatcher" daemon [_thread_blocked, id=9682, stack(0x00007fe064e9f000,0x00007fe064fa0000)]
  0x00007fe0600a8000 JavaThread "Finalizer" daemon [_thread_blocked, id=9681, stack(0x00007fe06534c000,0x00007fe06544d000)]
  0x00007fe0600a5800 JavaThread "Reference Handler" daemon [_thread_blocked, id=9680, stack(0x00007fe06544d000,0x00007fe06554e000)]

Other Threads:
=>0x00007fe06009d000 VMThread [stack: 0x00007fe06554e000,0x00007fe06564f000] [id=9679]

VM state:at safepoint (shutting down)

VM Mutex/Monitor currently owned by a thread:  ([mutex/lock_event])
[0x00007fe060003f50] Threads_lock - owner thread: 0x00007fe06009d000

Heap
 PSYoungGen      total 73792K, used 63296K [0x00000007adab0000, 0x00000007b2d00000, 0x0000000800000000)
  eden space 63296K, 100% used [0x00000007adab0000,0x00000007b1880000,0x00000007b1880000)
  from space 10496K, 0% used [0x00000007b22c0000,0x00000007b22c0000,0x00000007b2d00000)
  to   space 10496K, 0% used [0x00000007b1880000,0x00000007b1880000,0x00000007b22c0000)
 PSOldGen        total 168576K, used 0K [0x0000000709000000, 0x00000007134a0000, 0x00000007adab0000)
  object space 168576K, 0% used [0x0000000709000000,0x0000000709000000,0x00000007134a0000)
 PSPermGen       total 21248K, used 10120K [0x00000006fea00000, 0x00000006ffec0000, 0x0000000709000000)
  object space 21248K, 47% used [0x00000006fea00000,0x00000006ff3e2018,0x00000006ffec0000)

Code Cache  [0x00007fe05d000000, 0x00007fe05d270000, 0x00007fe060000000)
 total_blobs=481 nmethods=71 adapters=364 free_code_cache=48457Kb largest_free_block=49594304

Dynamic libraries:
00400000-00401000 r-xp 00000000 08:06 533859                             /usr/lib/jvm/java-7-openjdk/jre/bin/java
00600000-00601000 rw-p 00000000 08:06 533859                             /usr/lib/jvm/java-7-openjdk/jre/bin/java
014de000-014ff000 rw-p 00000000 00:00 0                                  [heap]
6fea00000-6ffec0000 rw-p 00000000 00:00 0 
6ffec0000-709000000 rw-p 00000000 00:00 0 
709000000-7134a0000 rw-p 00000000 00:00 0 
7134a0000-7adab0000 rw-p 00000000 00:00 0 
7adab0000-7b2d00000 rw-p 00000000 00:00 0 
7b2d00000-800000000 rw-p 00000000 00:00 0 
7fdffc000000-7fdffc021000 rw-p 00000000 00:00 0 
7fdffc021000-7fe000000000 ---p 00000000 00:00 0 
7fe004000000-7fe00408e000 rw-p 00000000 00:00 0 
7fe00408e000-7fe008000000 ---p 00000000 00:00 0 
7fe008000000-7fe008021000 rw-p 00000000 00:00 0 
7fe008021000-7fe00c000000 ---p 00000000 00:00 0 
7fe00c000000-7fe00c021000 rw-p 00000000 00:00 0 
7fe00c021000-7fe010000000 ---p 00000000 00:00 0 
7fe010000000-7fe0101a3000 rw-p 00000000 00:00 0 
7fe0101a3000-7fe014000000 ---p 00000000 00:00 0 
7fe014000000-7fe014021000 rw-p 00000000 00:00 0 
7fe014021000-7fe018000000 ---p 00000000 00:00 0 
7fe018000000-7fe018021000 rw-p 00000000 00:00 0 
7fe018021000-7fe01c000000 ---p 00000000 00:00 0 
7fe01c000000-7fe01c919000 rw-p 00000000 00:00 0 
7fe01c919000-7fe020000000 ---p 00000000 00:00 0 
7fe020000000-7fe020021000 rw-p 00000000 00:00 0 
7fe020021000-7fe024000000 ---p 00000000 00:00 0 
7fe025c31000-7fe025c34000 ---p 00000000 00:00 0 
7fe025c34000-7fe025d32000 rw-p 00000000 00:00 0 
7fe025d32000-7fe027c8c000 r-xp 00000000 08:06 527438                     /usr/lib/xorg/modules/dri/fglrx_dri.so
7fe027c8c000-7fe027d8c000 ---p 01f5a000 08:06 527438                     /usr/lib/xorg/modules/dri/fglrx_dri.so
7fe027d8c000-7fe027eda000 rwxp 01f5a000 08:06 527438                     /usr/lib/xorg/modules/dri/fglrx_dri.so
7fe027eda000-7fe028000000 rwxp 00000000 00:00 0 
7fe028000000-7fe028484000 rw-p 00000000 00:00 0 
7fe028484000-7fe02c000000 ---p 00000000 00:00 0 
7fe02c000000-7fe02c021000 rw-p 00000000 00:00 0 
7fe02c021000-7fe030000000 ---p 00000000 00:00 0 
7fe030000000-7fe030021000 rw-p 00000000 00:00 0 
7fe030021000-7fe034000000 ---p 00000000 00:00 0 
7fe034000000-7fe034454000 rw-p 00000000 00:00 0 
7fe034454000-7fe038000000 ---p 00000000 00:00 0 
7fe038000000-7fe038021000 rw-p 00000000 00:00 0 
7fe038021000-7fe03c000000 ---p 00000000 00:00 0 
7fe03c000000-7fe03c021000 rw-p 00000000 00:00 0 
7fe03c021000-7fe040000000 ---p 00000000 00:00 0 
7fe040000000-7fe040021000 rw-p 00000000 00:00 0 
7fe040021000-7fe044000000 ---p 00000000 00:00 0 
7fe044000000-7fe044021000 rw-p 00000000 00:00 0 
7fe044021000-7fe048000000 ---p 00000000 00:00 0 
7fe048000000-7fe048021000 rw-p 00000000 00:00 0 
7fe048021000-7fe04c000000 ---p 00000000 00:00 0 
7fe04c0d0000-7fe04c0d3000 ---p 00000000 00:00 0 
7fe04c0d3000-7fe04c1d1000 rw-p 00000000 00:00 0 
7fe04c1d1000-7fe04c3d2000 rw-s d561b000 00:05 1869                       /dev/ati/card1
7fe04c3d2000-7fe04c5d3000 rw-s d541b000 00:05 1869                       /dev/ati/card1
7fe04c5d3000-7fe04c6d3000 rw-s 04a1f000 00:05 1869                       /dev/ati/card1
7fe04c6d3000-7fe04c6d6000 ---p 00000000 00:00 0 
7fe04c6d6000-7fe04c7d4000 rw-p 00000000 00:00 0 
7fe04c7d4000-7fe04c7d7000 ---p 00000000 00:00 0 
7fe04c7d7000-7fe04c8d5000 rw-p 00000000 00:00 0 
7fe04c8d5000-7fe04c8d8000 ---p 00000000 00:00 0 
7fe04c8d8000-7fe04c9d6000 rw-p 00000000 00:00 0 
7fe04c9d6000-7fe04c9d7000 r--s 00000000 00:11 27270                      /home/tobi/.fontconfig/5604230ae2129cf9aeedc64ab4ef6938-le64.cache-3
7fe04c9d7000-7fe04c9ed000 r--s 00000000 08:07 22836                      /var/cache/fontconfig/8d4af663993b81a124ee82e610bb31f9-le64.cache-3
7fe04c9ed000-7fe04c9f6000 r--s 00000000 08:07 26938                      /var/cache/fontconfig/d62e99ef547d1d24cdb1bd22ec1a2976-le64.cache-3
7fe04c9f6000-7fe04ca3b000 r--s 00000000 08:07 26937                      /var/cache/fontconfig/f6b893a7224233d96cb72fd88691c0b4-le64.cache-3
7fe04ca3b000-7fe04ca98000 r--s 00000000 08:07 26936                      /var/cache/fontconfig/17090aa38d5c6f09fb8c5c354938f1d7-le64.cache-3
7fe04ca98000-7fe04caf5000 r--s 00000000 08:07 26934                      /var/cache/fontconfig/df311e82a1a24c41a75c2c930223552e-le64.cache-3
7fe04caf5000-7fe04caf8000 ---p 00000000 00:00 0 
7fe04caf8000-7fe04cbf6000 rw-p 00000000 00:00 0 
7fe04cbf6000-7fe04cbf9000 ---p 00000000 00:00 0 
7fe04cbf9000-7fe04cd3f000 rw-p 00000000 00:00 0 
7fe04cd3f000-7fe04cd42000 ---p 00000000 00:00 0 
7fe04cd42000-7fe04ce88000 rw-p 00000000 00:00 0 
7fe04ce88000-7fe04d588000 rw-s 00006000 00:05 1869                       /dev/ati/card1
7fe04d588000-7fe04d708000 rw-p 00000000 00:00 0 
7fe04d708000-7fe04d743000 r-xp 00000000 08:06 527355                     /usr/lib/libatiadlxx.so
7fe04d743000-7fe04d843000 ---p 0003b000 08:06 527355                     /usr/lib/libatiadlxx.so
7fe04d843000-7fe04d84c000 rw-p 0003b000 08:06 527355                     /usr/lib/libatiadlxx.so
7fe04d84c000-7fe04d85d000 rw-p 00000000 00:00 0 
7fe04d85d000-7fe04d920000 r-xp 00000000 08:06 531369                     /usr/lib/fglrx/fglrx-libGL.so.1.2
7fe04d920000-7fe04da1f000 ---p 000c3000 08:06 531369                     /usr/lib/fglrx/fglrx-libGL.so.1.2
7fe04da1f000-7fe04da46000 rwxp 000c2000 08:06 531369                     /usr/lib/fglrx/fglrx-libGL.so.1.2
7fe04da46000-7fe04da66000 rwxp 00000000 00:00 0 
7fe04da66000-7fe04daa8000 r-xp 00000000 08:06 527897                     /usr/lib/libdbus-1.so.3.5.9
7fe04daa8000-7fe04dca8000 ---p 00042000 08:06 527897                     /usr/lib/libdbus-1.so.3.5.9
7fe04dca8000-7fe04dcaa000 rw-p 00042000 08:06 527897                     /usr/lib/libdbus-1.so.3.5.9
7fe04dcaa000-7fe04dcbb000 r-xp 00000000 08:06 533797                     /usr/lib/libp11-kit.so.0.0.0
7fe04dcbb000-7fe04deba000 ---p 00011000 08:06 533797                     /usr/lib/libp11-kit.so.0.0.0
7fe04deba000-7fe04debb000 r--p 00010000 08:06 533797                     /usr/lib/libp11-kit.so.0.0.0
7fe04debb000-7fe04debc000 rw-p 00011000 08:06 533797                     /usr/lib/libp11-kit.so.0.0.0
7fe04debc000-7fe04df21000 r-xp 00000000 08:06 527102                     /usr/lib/libgmp.so.10.0.5
7fe04df21000-7fe04e121000 ---p 00065000 08:06 527102                     /usr/lib/libgmp.so.10.0.5
7fe04e121000-7fe04e122000 r--p 00065000 08:06 527102                     /usr/lib/libgmp.so.10.0.5
7fe04e122000-7fe04e12b000 rw-p 00066000 08:06 527102                     /usr/lib/libgmp.so.10.0.5
7fe04e12b000-7fe04e13d000 r-xp 00000000 08:06 533726                     /usr/lib/libhogweed.so.2.1
7fe04e13d000-7fe04e33c000 ---p 00012000 08:06 533726                     /usr/lib/libhogweed.so.2.1
7fe04e33c000-7fe04e33d000 r--p 00011000 08:06 533726                     /usr/lib/libhogweed.so.2.1
7fe04e33d000-7fe04e33e000 rw-p 00012000 08:06 533726                     /usr/lib/libhogweed.so.2.1
7fe04e33e000-7fe04e363000 r-xp 00000000 08:06 531660                     /usr/lib/libnettle.so.4.3
7fe04e363000-7fe04e563000 ---p 00025000 08:06 531660                     /usr/lib/libnettle.so.4.3
7fe04e563000-7fe04e564000 r--p 00025000 08:06 531660                     /usr/lib/libnettle.so.4.3
7fe04e564000-7fe04e565000 rw-p 00026000 08:06 531660                     /usr/lib/libnettle.so.4.3
7fe04e565000-7fe04e575000 r-xp 00000000 08:06 523686                     /usr/lib/libtasn1.so.3.1.15
7fe04e575000-7fe04e774000 ---p 00010000 08:06 523686                     /usr/lib/libtasn1.so.3.1.15
7fe04e774000-7fe04e775000 r--p 0000f000 08:06 523686                     /usr/lib/libtasn1.so.3.1.15
7fe04e775000-7fe04e776000 rw-p 00010000 08:06 523686                     /usr/lib/libtasn1.so.3.1.15
7fe04e776000-7fe04e779000 r-xp 00000000 08:06 536931                     /usr/lib/libkeyutils.so.1.4
7fe04e779000-7fe04e978000 ---p 00003000 08:06 536931                     /usr/lib/libkeyutils.so.1.4
7fe04e978000-7fe04e979000 r--p 00002000 08:06 536931                     /usr/lib/libkeyutils.so.1.4
7fe04e979000-7fe04e97a000 rw-p 00003000 08:06 536931                     /usr/lib/libkeyutils.so.1.4
7fe04e97a000-7fe04e983000 r-xp 00000000 08:06 529619                     /usr/lib/libkrb5support.so.0.1
7fe04e983000-7fe04eb82000 ---p 00009000 08:06 529619                     /usr/lib/libkrb5support.so.0.1
7fe04eb82000-7fe04eb83000 r--p 00008000 08:06 529619                     /usr/lib/libkrb5support.so.0.1
7fe04eb83000-7fe04eb84000 rw-p 00009000 08:06 529619                     /usr/lib/libkrb5support.so.0.1
7fe04eb84000-7fe04eb87000 r-xp 00000000 08:06 524071                     /usr/lib/libcom_err.so.2.1
7fe04eb87000-7fe04ed86000 ---p 00003000 08:06 524071                     /usr/lib/libcom_err.so.2.1
7fe04ed86000-7fe04ed87000 r--p 00002000 08:06 524071                     /usr/lib/libcom_err.so.2.1
7fe04ed87000-7fe04ed88000 rw-p 00003000 08:06 524071                     /usr/lib/libcom_err.so.2.1
7fe04ed88000-7fe04edb0000 r-xp 00000000 08:06 533131                     /usr/lib/libk5crypto.so.3.1
7fe04edb0000-7fe04efb0000 ---p 00028000 08:06 533131                     /usr/lib/libk5crypto.so.3.1
7fe04efb0000-7fe04efb1000 r--p 00028000 08:06 533131                     /usr/lib/libk5crypto.so.3.1
7fe04efb1000-7fe04efb2000 rw-p 00029000 08:06 533131                     /usr/lib/libk5crypto.so.3.1
7fe04efb2000-7fe04efb3000 rw-p 00000000 00:00 0 
7fe04efb3000-7fe04f08b000 r-xp 00000000 08:06 527453                     /usr/lib/libkrb5.so.3.3
7fe04f08b000-7fe04f28b000 ---p 000d8000 08:06 527453                     /usr/lib/libkrb5.so.3.3
7fe04f28b000-7fe04f295000 r--p 000d8000 08:06 527453                     /usr/lib/libkrb5.so.3.3
7fe04f295000-7fe04f297000 rw-p 000e2000 08:06 527453                     /usr/lib/libkrb5.so.3.3
7fe04f297000-7fe04f29c000 r-xp 00000000 08:06 523755                     /usr/lib/libXdmcp.so.6.0.0
7fe04f29c000-7fe04f49b000 ---p 00005000 08:06 523755                     /usr/lib/libXdmcp.so.6.0.0
7fe04f49b000-7fe04f49c000 r--p 00004000 08:06 523755                     /usr/lib/libXdmcp.so.6.0.0
7fe04f49c000-7fe04f49d000 rw-p 00005000 08:06 523755                     /usr/lib/libXdmcp.so.6.0.0
7fe04f49d000-7fe04f49f000 r-xp 00000000 08:06 523713                     /usr/lib/libXau.so.6.0.0
7fe04f49f000-7fe04f69f000 ---p 00002000 08:06 523713                     /usr/lib/libXau.so.6.0.0
7fe04f69f000-7fe04f6a0000 r--p 00002000 08:06 523713                     /usr/lib/libXau.so.6.0.0
7fe04f6a0000-7fe04f6a1000 rw-p 00003000 08:06 523713                     /usr/lib/libXau.so.6.0.0
7fe04f6a1000-7fe04f6b1000 r-xp 00000000 08:06 526584                     /usr/lib/libavahi-client.so.3.2.9
7fe04f6b1000-7fe04f8b0000 ---p 00010000 08:06 526584                     /usr/lib/libavahi-client.so.3.2.9
7fe04f8b0000-7fe04f8b1000 r--p 0000f000 08:06 526584                     /usr/lib/libavahi-client.so.3.2.9
7fe04f8b1000-7fe04f8b2000 rw-p 00010000 08:06 526584                     /usr/lib/libavahi-client.so.3.2.9
7fe04f8b2000-7fe04f8be000 r-xp 00000000 08:06 527596                     /usr/lib/libavahi-common.so.3.5.3
7fe04f8be000-7fe04fabd000 ---p 0000c000 08:06 527596                     /usr/lib/libavahi-common.so.3.5.3
7fe04fabd000-7fe04fabe000 r--p 0000b000 08:06 527596                     /usr/lib/libavahi-common.so.3.5.3
7fe04fabe000-7fe04fabf000 rw-p 0000c000 08:06 527596                     /usr/lib/libavahi-common.so.3.5.3
7fe04fabf000-7fe04fbb1000 r-xp 00000000 08:06 528636                     /usr/lib/libgnutls.so.28.8.1
7fe04fbb1000-7fe04fdb1000 ---p 000f2000 08:06 528636                     /usr/lib/libgnutls.so.28.8.1
7fe04fdb1000-7fe04fdb9000 r--p 000f2000 08:06 528636                     /usr/lib/libgnutls.so.28.8.1
7fe04fdb9000-7fe04fdbb000 rw-p 000fa000 08:06 528636                     /usr/lib/libgnutls.so.28.8.1
7fe04fdbb000-7fe04fdbc000 rw-p 00000000 00:00 0 
7fe04fdbc000-7fe04fdfd000 r-xp 00000000 08:06 533554                     /usr/lib/libgssapi_krb5.so.2.2
7fe04fdfd000-7fe04fffd000 ---p 00041000 08:06 533554                     /usr/lib/libgssapi_krb5.so.2.2
7fe04fffd000-7fe04fffe000 r--p 00041000 08:06 533554                     /usr/lib/libgssapi_krb5.so.2.2
7fe04fffe000-7fe050000000 rw-p 00042000 08:06 533554                     /usr/lib/libgssapi_krb5.so.2.2
7fe050000000-7fe050021000 rw-p 00000000 00:00 0 
7fe050021000-7fe054000000 ---p 00000000 00:00 0 
7fe054012000-7fe054092000 rw-p 00000000 00:00 0 
7fe054092000-7fe0540eb000 r-xp 00000000 08:06 531196                     /usr/lib/libpcre.so.1.0.0
7fe0540eb000-7fe0542ea000 ---p 00059000 08:06 531196                     /usr/lib/libpcre.so.1.0.0
7fe0542ea000-7fe0542eb000 r--p 00058000 08:06 531196                     /usr/lib/libpcre.so.1.0.0
7fe0542eb000-7fe0542ec000 rw-p 00059000 08:06 531196                     /usr/lib/libpcre.so.1.0.0
7fe0542ec000-7fe0542f3000 r-xp 00000000 08:06 533126                     /usr/lib/libffi.so.6.0.0
7fe0542f3000-7fe0544f2000 ---p 00007000 08:06 533126                     /usr/lib/libffi.so.6.0.0
7fe0544f2000-7fe0544f3000 r--p 00006000 08:06 533126                     /usr/lib/libffi.so.6.0.0
7fe0544f3000-7fe0544f4000 rw-p 00007000 08:06 533126                     /usr/lib/libffi.so.6.0.0
7fe0544f4000-7fe05451c000 r-xp 00000000 08:06 534280                     /usr/lib/libexpat.so.1.6.0
7fe05451c000-7fe05471b000 ---p 00028000 08:06 534280                     /usr/lib/libexpat.so.1.6.0
7fe05471b000-7fe05471d000 r--p 00027000 08:06 534280                     /usr/lib/libexpat.so.1.6.0
7fe05471d000-7fe05471e000 rw-p 00029000 08:06 534280                     /usr/lib/libexpat.so.1.6.0
7fe05471e000-7fe05472d000 r-xp 00000000 08:06 535331                     /usr/lib/libbz2.so.1.0.6
7fe05472d000-7fe05492c000 ---p 0000f000 08:06 535331                     /usr/lib/libbz2.so.1.0.6
7fe05492c000-7fe05492e000 rw-p 0000e000 08:06 535331                     /usr/lib/libbz2.so.1.0.6
7fe05492e000-7fe0549af000 r-xp 00000000 08:06 528735                     /usr/lib/libpixman-1.so.0.24.4
7fe0549af000-7fe054baf000 ---p 00081000 08:06 528735                     /usr/lib/libpixman-1.so.0.24.4
7fe054baf000-7fe054bb5000 r--p 00081000 08:06 528735                     /usr/lib/libpixman-1.so.0.24.4
7fe054bb5000-7fe054bb6000 rw-p 00087000 08:06 528735                     /usr/lib/libpixman-1.so.0.24.4
7fe054bb6000-7fe054be2000 r-xp 00000000 08:06 528725                     /usr/lib/libpng15.so.15.10.0
7fe054be2000-7fe054de1000 ---p 0002c000 08:06 528725                     /usr/lib/libpng15.so.15.10.0
7fe054de1000-7fe054de2000 r--p 0002b000 08:06 528725                     /usr/lib/libpng15.so.15.10.0
7fe054de2000-7fe054de3000 rw-p 0002c000 08:06 528725                     /usr/lib/libpng15.so.15.10.0
7fe054de3000-7fe054df6000 r-xp 00000000 08:06 1332                       /lib/libresolv-2.15.so
7fe054df6000-7fe054ff6000 ---p 00013000 08:06 1332                       /lib/libresolv-2.15.so
7fe054ff6000-7fe054ff7000 r--p 00013000 08:06 1332                       /lib/libresolv-2.15.so
7fe054ff7000-7fe054ff8000 rw-p 00014000 08:06 1332                       /lib/libresolv-2.15.so
7fe054ff8000-7fe054ffa000 rw-p 00000000 00:00 0 
7fe054ffa000-7fe054ffc000 r-xp 00000000 08:06 533292                     /usr/lib/libXdamage.so.1.1.0
7fe054ffc000-7fe0551fb000 ---p 00002000 08:06 533292                     /usr/lib/libXdamage.so.1.1.0
7fe0551fb000-7fe0551fc000 r--p 00001000 08:06 533292                     /usr/lib/libXdamage.so.1.1.0
7fe0551fc000-7fe0551fd000 rw-p 00002000 08:06 533292                     /usr/lib/libXdamage.so.1.1.0
7fe0551fd000-7fe0551ff000 r-xp 00000000 08:06 523753                     /usr/lib/libXcomposite.so.1.0.0
7fe0551ff000-7fe0553fe000 ---p 00002000 08:06 523753                     /usr/lib/libXcomposite.so.1.0.0
7fe0553fe000-7fe0553ff000 r--p 00001000 08:06 523753                     /usr/lib/libXcomposite.so.1.0.0
7fe0553ff000-7fe055400000 rw-p 00002000 08:06 523753                     /usr/lib/libXcomposite.so.1.0.0
7fe055400000-7fe055409000 r-xp 00000000 08:06 531336                     /usr/lib/libXcursor.so.1.0.2
7fe055409000-7fe055608000 ---p 00009000 08:06 531336                     /usr/lib/libXcursor.so.1.0.2
7fe055608000-7fe055609000 r--p 00008000 08:06 531336                     /usr/lib/libXcursor.so.1.0.2
7fe055609000-7fe05560a000 rw-p 00009000 08:06 531336                     /usr/lib/libXcursor.so.1.0.2
7fe05560a000-7fe055612000 r-xp 00000000 08:06 533170                     /usr/lib/libXrandr.so.2.2.0
7fe055612000-7fe055811000 ---p 00008000 08:06 533170                     /usr/lib/libXrandr.so.2.2.0
7fe055811000-7fe055812000 r--p 00007000 08:06 533170                     /usr/lib/libXrandr.so.2.2.0
7fe055812000-7fe055813000 rw-p 00008000 08:06 533170                     /usr/lib/libXrandr.so.2.2.0
7fe055813000-7fe055815000 r-xp 00000000 08:06 523766                     /usr/lib/libXinerama.so.1.0.0
7fe055815000-7fe055a14000 ---p 00002000 08:06 523766                     /usr/lib/libXinerama.so.1.0.0
7fe055a14000-7fe055a15000 r--p 00001000 08:06 523766                     /usr/lib/libXinerama.so.1.0.0
7fe055a15000-7fe055a16000 rw-p 00002000 08:06 523766                     /usr/lib/libXinerama.so.1.0.0
7fe055a16000-7fe055a1b000 r-xp 00000000 08:06 523749                     /usr/lib/libXfixes.so.3.1.0
7fe055a1b000-7fe055c1b000 ---p 00005000 08:06 523749                     /usr/lib/libXfixes.so.3.1.0
7fe055c1b000-7fe055c1c000 r--p 00005000 08:06 523749                     /usr/lib/libXfixes.so.3.1.0
7fe055c1c000-7fe055c1d000 rw-p 00006000 08:06 523749                     /usr/lib/libXfixes.so.3.1.0
7fe055c1d000-7fe055c3a000 r-xp 00000000 08:06 533661                     /usr/lib/libxcb.so.1.1.0
7fe055c3a000-7fe055e3a000 ---p 0001d000 08:06 533661                     /usr/lib/libxcb.so.1.1.0
7fe055e3a000-7fe055e3b000 rw-p 0001d000 08:06 533661                     /usr/lib/libxcb.so.1.1.0
7fe055e3b000-7fe055e8d000 r-xp 00000000 08:06 528718                     /usr/lib/libcups.so.2
7fe055e8d000-7fe05608c000 ---p 00052000 08:06 528718                     /usr/lib/libcups.so.2
7fe05608c000-7fe056090000 r--p 00051000 08:06 528718                     /usr/lib/libcups.so.2
7fe056090000-7fe056091000 rw-p 00055000 08:06 528718                     /usr/lib/libcups.so.2
7fe056091000-7fe056183000 r-xp 00000000 08:06 528627                     /usr/lib/libglib-2.0.so.0.3200.2
7fe056183000-7fe056382000 ---p 000f2000 08:06 528627                     /usr/lib/libglib-2.0.so.0.3200.2
7fe056382000-7fe056383000 r--p 000f1000 08:06 528627                     /usr/lib/libglib-2.0.so.0.3200.2
7fe056383000-7fe056384000 rw-p 000f2000 08:06 528627                     /usr/lib/libglib-2.0.so.0.3200.2
7fe056384000-7fe056385000 rw-p 00000000 00:00 0 
7fe056385000-7fe056386000 r-xp 00000000 08:06 528965                     /usr/lib/libgthread-2.0.so.0.3200.2
7fe056386000-7fe056585000 ---p 00001000 08:06 528965                     /usr/lib/libgthread-2.0.so.0.3200.2
7fe056585000-7fe056586000 r--p 00000000 08:06 528965                     /usr/lib/libgthread-2.0.so.0.3200.2
7fe056586000-7fe056587000 rw-p 00001000 08:06 528965                     /usr/lib/libgthread-2.0.so.0.3200.2
7fe056587000-7fe05658a000 r-xp 00000000 08:06 528923                     /usr/lib/libgmodule-2.0.so.0.3200.2
7fe05658a000-7fe056789000 ---p 00003000 08:06 528923                     /usr/lib/libgmodule-2.0.so.0.3200.2
7fe056789000-7fe05678a000 r--p 00002000 08:06 528923                     /usr/lib/libgmodule-2.0.so.0.3200.2
7fe05678a000-7fe05678b000 rw-p 00003000 08:06 528923                     /usr/lib/libgmodule-2.0.so.0.3200.2
7fe05678b000-7fe0567d7000 r-xp 00000000 08:06 528966                     /usr/lib/libgobject-2.0.so.0.3200.2
7fe0567d7000-7fe0569d7000 ---p 0004c000 08:06 528966                     /usr/lib/libgobject-2.0.so.0.3200.2
7fe0569d7000-7fe0569d8000 r--p 0004c000 08:06 528966                     /usr/lib/libgobject-2.0.so.0.3200.2
7fe0569d8000-7fe0569d9000 rw-p 0004d000 08:06 528966                     /usr/lib/libgobject-2.0.so.0.3200.2
7fe0569d9000-7fe056a0d000 r-xp 00000000 08:06 534580                     /usr/lib/libfontconfig.so.1.4.4
7fe056a0d000-7fe056c0d000 ---p 00034000 08:06 534580                     /usr/lib/libfontconfig.so.1.4.4
7fe056c0d000-7fe056c0e000 r--p 00034000 08:06 534580                     /usr/lib/libfontconfig.so.1.4.4
7fe056c0e000-7fe056c0f000 rw-p 00035000 08:06 534580                     /usr/lib/libfontconfig.so.1.4.4
7fe056c0f000-7fe056ca8000 r-xp 00000000 08:06 533427                     /usr/lib/libfreetype.so.6.8.1
7fe056ca8000-7fe056ea7000 ---p 00099000 08:06 533427                     /usr/lib/libfreetype.so.6.8.1
7fe056ea7000-7fe056ead000 r--p 00098000 08:06 533427                     /usr/lib/libfreetype.so.6.8.1
7fe056ead000-7fe056eae000 rw-p 0009e000 08:06 533427                     /usr/lib/libfreetype.so.6.8.1
7fe056eae000-7fe056ef6000 r-xp 00000000 08:06 533234                     /usr/lib/libpango-1.0.so.0.3000.0
7fe056ef6000-7fe0570f6000 ---p 00048000 08:06 533234                     /usr/lib/libpango-1.0.so.0.3000.0
7fe0570f6000-7fe0570f8000 r--p 00048000 08:06 533234                     /usr/lib/libpango-1.0.so.0.3000.0
7fe0570f8000-7fe0570f9000 rw-p 0004a000 08:06 533234                     /usr/lib/libpango-1.0.so.0.3000.0
7fe0570f9000-7fe0571a0000 r-xp 00000000 08:06 531350                     /usr/lib/libcairo.so.2.11000.2
7fe0571a0000-7fe05739f000 ---p 000a7000 08:06 531350                     /usr/lib/libcairo.so.2.11000.2
7fe05739f000-7fe0573a1000 r--p 000a6000 08:06 531350                     /usr/lib/libcairo.so.2.11000.2
7fe0573a1000-7fe0573a2000 rw-p 000a8000 08:06 531350                     /usr/lib/libcairo.so.2.11000.2
7fe0573a2000-7fe0573a5000 rw-p 00000000 00:00 0 
7fe0573a5000-7fe0573c6000 r-xp 00000000 08:06 532661                     /usr/lib/libgdk_pixbuf-2.0.so.0.2600.1
7fe0573c6000-7fe0575c5000 ---p 00021000 08:06 532661                     /usr/lib/libgdk_pixbuf-2.0.so.0.2600.1
7fe0575c5000-7fe0575c6000 r--p 00020000 08:06 532661                     /usr/lib/libgdk_pixbuf-2.0.so.0.2600.1
7fe0575c6000-7fe0575c7000 rw-p 00021000 08:06 532661                     /usr/lib/libgdk_pixbuf-2.0.so.0.2600.1
7fe0575c7000-7fe0575d2000 r-xp 00000000 08:06 533238                     /usr/lib/libpangocairo-1.0.so.0.3000.0
7fe0575d2000-7fe0577d2000 ---p 0000b000 08:06 533238                     /usr/lib/libpangocairo-1.0.so.0.3000.0
7fe0577d2000-7fe0577d3000 r--p 0000b000 08:06 533238                     /usr/lib/libpangocairo-1.0.so.0.3000.0
7fe0577d3000-7fe0577d4000 rw-p 0000c000 08:06 533238                     /usr/lib/libpangocairo-1.0.so.0.3000.0
7fe0577d4000-7fe0577ff000 r-xp 00000000 08:06 533236                     /usr/lib/libpangoft2-1.0.so.0.3000.0
7fe0577ff000-7fe0579ff000 ---p 0002b000 08:06 533236                     /usr/lib/libpangoft2-1.0.so.0.3000.0
7fe0579ff000-7fe057a00000 r--p 0002b000 08:06 533236                     /usr/lib/libpangoft2-1.0.so.0.3000.0
7fe057a00000-7fe057a01000 rw-p 0002c000 08:06 533236                     /usr/lib/libpangoft2-1.0.so.0.3000.0
7fe057a01000-7fe057b46000 r-xp 00000000 08:06 528967                     /usr/lib/libgio-2.0.so.0.3200.2
7fe057b46000-7fe057d45000 ---p 00145000 08:06 528967                     /usr/lib/libgio-2.0.so.0.3200.2
7fe057d45000-7fe057d49000 r--p 00144000 08:06 528967                     /usr/lib/libgio-2.0.so.0.3200.2
7fe057d49000-7fe057d4b000 rw-p 00148000 08:06 528967                     /usr/lib/libgio-2.0.so.0.3200.2
7fe057d4b000-7fe057d4d000 rw-p 00000000 00:00 0 
7fe057d4d000-7fe057dfa000 r-xp 00000000 08:06 523419                     /usr/lib/libgdk-x11-2.0.so.0.2400.10
7fe057dfa000-7fe057ffa000 ---p 000ad000 08:06 523419                     /usr/lib/libgdk-x11-2.0.so.0.2400.10
7fe057ffa000-7fe057ffe000 r--p 000ad000 08:06 523419                     /usr/lib/libgdk-x11-2.0.so.0.2400.10
7fe057ffe000-7fe058000000 rw-p 000b1000 08:06 523419                     /usr/lib/libgdk-x11-2.0.so.0.2400.10
7fe058000000-7fe058021000 rw-p 00000000 00:00 0 
7fe058021000-7fe05c000000 ---p 00000000 00:00 0 
7fe05c01f000-7fe05c05f000 rw-s 00030000 00:05 1869                       /dev/ati/card1
7fe05c05f000-7fe05c07f000 r-xp 00000000 08:06 533187                     /usr/lib/libatk-1.0.so.0.20409.1
7fe05c07f000-7fe05c27f000 ---p 00020000 08:06 533187                     /usr/lib/libatk-1.0.so.0.20409.1
7fe05c27f000-7fe05c281000 r--p 00020000 08:06 533187                     /usr/lib/libatk-1.0.so.0.20409.1
7fe05c281000-7fe05c282000 rw-p 00022000 08:06 533187                     /usr/lib/libatk-1.0.so.0.20409.1
7fe05c282000-7fe05c6a4000 r-xp 00000000 08:06 523420                     /usr/lib/libgtk-x11-2.0.so.0.2400.10
7fe05c6a4000-7fe05c8a4000 ---p 00422000 08:06 523420                     /usr/lib/libgtk-x11-2.0.so.0.2400.10
7fe05c8a4000-7fe05c8ab000 r--p 00422000 08:06 523420                     /usr/lib/libgtk-x11-2.0.so.0.2400.10
7fe05c8ab000-7fe05c8af000 rw-p 00429000 08:06 523420                     /usr/lib/libgtk-x11-2.0.so.0.2400.10
7fe05c8af000-7fe05c8b1000 rw-p 00000000 00:00 0 
7fe05c8b1000-7fe05c8bf000 r-xp 00000000 08:06 532665                     /usr/lib/libXi.so.6.1.0
7fe05c8bf000-7fe05cabe000 ---p 0000e000 08:06 532665                     /usr/lib/libXi.so.6.1.0
7fe05cabe000-7fe05cabf000 rw-p 0000d000 08:06 532665                     /usr/lib/libXi.so.6.1.0
7fe05cabf000-7fe05cac4000 r-xp 00000000 08:06 523793                     /usr/lib/libXtst.so.6.1.0
7fe05cac4000-7fe05ccc4000 ---p 00005000 08:06 523793                     /usr/lib/libXtst.so.6.1.0
7fe05ccc4000-7fe05ccc5000 r--p 00005000 08:06 523793                     /usr/lib/libXtst.so.6.1.0
7fe05ccc5000-7fe05ccc6000 rw-p 00006000 08:06 523793                     /usr/lib/libXtst.so.6.1.0
7fe05ccc6000-7fe05cdfa000 r-xp 00000000 08:06 531386                     /usr/lib/libX11.so.6.3.0
7fe05cdfa000-7fe05cffa000 ---p 00134000 08:06 531386                     /usr/lib/libX11.so.6.3.0
7fe05cffa000-7fe05cffb000 r--p 00134000 08:06 531386                     /usr/lib/libX11.so.6.3.0
7fe05cffb000-7fe05d000000 rw-p 00135000 08:06 531386                     /usr/lib/libX11.so.6.3.0
7fe05d000000-7fe05d270000 rwxp 00000000 00:00 0 
7fe05d270000-7fe0604da000 rw-p 00000000 00:00 0 
7fe0604da000-7fe064000000 ---p 00000000 00:00 0 
7fe06401c000-7fe064023000 r-xp 00000000 08:06 526968                     /usr/lib/libatiuki.so.1.0
7fe064023000-7fe064123000 ---p 00007000 08:06 526968                     /usr/lib/libatiuki.so.1.0
7fe064123000-7fe064124000 rw-p 00007000 08:06 526968                     /usr/lib/libatiuki.so.1.0
7fe064124000-7fe064125000 rw-p 00000000 00:00 0 
7fe064125000-7fe06412f000 r-xp 00000000 08:06 529110                     /usr/lib/libXrender.so.1.3.0
7fe06412f000-7fe06432e000 ---p 0000a000 08:06 529110                     /usr/lib/libXrender.so.1.3.0
7fe06432e000-7fe06432f000 r--p 00009000 08:06 529110                     /usr/lib/libXrender.so.1.3.0
7fe06432f000-7fe064330000 rw-p 0000a000 08:06 529110                     /usr/lib/libXrender.so.1.3.0
7fe064330000-7fe064342000 r-xp 00000000 08:06 523664                     /usr/lib/libXext.so.6.4.0
7fe064342000-7fe064541000 ---p 00012000 08:06 523664                     /usr/lib/libXext.so.6.4.0
7fe064541000-7fe064542000 r--p 00011000 08:06 523664                     /usr/lib/libXext.so.6.4.0
7fe064542000-7fe064543000 rw-p 00012000 08:06 523664                     /usr/lib/libXext.so.6.4.0
7fe06456f000-7fe064573000 r--s 000a0000 08:06 523715                     /usr/lib/jvm/java-7-openjdk/jre/lib/jsse.jar
7fe064573000-7fe0645c5000 r-xp 00000000 08:06 533913                     /usr/lib/jvm/java-7-openjdk/jre/lib/amd64/xawt/libmawt.so
7fe0645c5000-7fe0647c4000 ---p 00052000 08:06 533913                     /usr/lib/jvm/java-7-openjdk/jre/lib/amd64/xawt/libmawt.so
7fe0647c4000-7fe0647c8000 rw-p 00051000 08:06 533913                     /usr/lib/jvm/java-7-openjdk/jre/lib/amd64/xawt/libmawt.so
7fe0647c8000-7fe0647c9000 rw-p 00000000 00:00 0 
7fe0647c9000-7fe06486b000 r-xp 00000000 08:06 525820                     /usr/lib/jvm/java-7-openjdk/jre/lib/amd64/libawt.so
7fe06486b000-7fe064a6b000 ---p 000a2000 08:06 525820                     /usr/lib/jvm/java-7-openjdk/jre/lib/amd64/libawt.so
7fe064a6b000-7fe064a77000 rw-p 000a2000 08:06 525820                     /usr/lib/jvm/java-7-openjdk/jre/lib/amd64/libawt.so
7fe064a77000-7fe064a9b000 rw-p 00000000 00:00 0 
7fe064a9b000-7fe064a9c000 ---p 00000000 00:00 0 
7fe064a9c000-7fe064b9c000 rw-p 00000000 00:00 0 
7fe064b9c000-7fe064b9f000 ---p 00000000 00:00 0 
7fe064b9f000-7fe064c9d000 rw-p 00000000 00:00 0 
7fe064c9d000-7fe064ca0000 ---p 00000000 00:00 0 
7fe064ca0000-7fe064d9e000 rw-p 00000000 00:00 0 
7fe064d9e000-7fe064da1000 ---p 00000000 00:00 0 
7fe064da1000-7fe064e9f000 rw-p 00000000 00:00 0 
7fe064e9f000-7fe064ea2000 ---p 00000000 00:00 0 
7fe064ea2000-7fe064fa0000 rw-p 00000000 00:00 0 
7fe064fa0000-7fe06534c000 r--p 00000000 08:06 536728                     /usr/lib/locale/locale-archive
7fe06534c000-7fe06534f000 ---p 00000000 00:00 0 
7fe06534f000-7fe06544d000 rw-p 00000000 00:00 0 
7fe06544d000-7fe065450000 ---p 00000000 00:00 0 
7fe065450000-7fe06554e000 rw-p 00000000 00:00 0 
7fe06554e000-7fe06554f000 ---p 00000000 00:00 0 
7fe06554f000-7fe065bc0000 rw-p 00000000 00:00 0 
7fe065bc0000-7fe065d6f000 r--s 03e7b000 08:06 524045                     /usr/lib/jvm/java-7-openjdk/jre/lib/rt.jar
7fe065d6f000-7fe065d97000 rw-p 00000000 00:00 0 
7fe065d97000-7fe065d98000 ---p 00000000 00:00 0 
7fe065d98000-7fe065e98000 rw-p 00000000 00:00 0 
7fe065e98000-7fe065e99000 ---p 00000000 00:00 0 
7fe065e99000-7fe065f99000 rw-p 00000000 00:00 0 
7fe065f99000-7fe065f9a000 ---p 00000000 00:00 0 
7fe065f9a000-7fe06609a000 rw-p 00000000 00:00 0 
7fe06609a000-7fe06609b000 ---p 00000000 00:00 0 
7fe06609b000-7fe0661a6000 rw-p 00000000 00:00 0 
7fe0661a6000-7fe0661ee000 rw-p 00000000 00:00 0 
7fe0661ee000-7fe066241000 rw-p 00000000 00:00 0 
7fe066241000-7fe066714000 rw-p 00000000 00:00 0 
7fe066714000-7fe06671f000 rw-p 00000000 00:00 0 
7fe06671f000-7fe066767000 rw-p 00000000 00:00 0 
7fe066767000-7fe0667ba000 rw-p 00000000 00:00 0 
7fe0667ba000-7fe066c8c000 rw-p 00000000 00:00 0 
7fe066c8c000-7fe066cb6000 rw-p 00000000 00:00 0 
7fe066cb6000-7fe066f1f000 rw-p 00000000 00:00 0 
7fe066f1f000-7fe066f20000 rw-p 00000000 00:00 0 
7fe066f20000-7fe066f28000 r-xp 00000000 08:06 525197                     /usr/lib/jvm/java-7-openjdk/jre/lib/amd64/libzip.so
7fe066f28000-7fe067127000 ---p 00008000 08:06 525197                     /usr/lib/jvm/java-7-openjdk/jre/lib/amd64/libzip.so
7fe067127000-7fe067128000 rw-p 00007000 08:06 525197                     /usr/lib/jvm/java-7-openjdk/jre/lib/amd64/libzip.so
7fe067128000-7fe067134000 r-xp 00000000 08:06 1309                       /lib/libnss_files-2.15.so
7fe067134000-7fe067333000 ---p 0000c000 08:06 1309                       /lib/libnss_files-2.15.so
7fe067333000-7fe067334000 r--p 0000b000 08:06 1309                       /lib/libnss_files-2.15.so
7fe067334000-7fe067335000 rw-p 0000c000 08:06 1309                       /lib/libnss_files-2.15.so
7fe067335000-7fe06735e000 r-xp 00000000 08:06 525207                     /usr/lib/jvm/java-7-openjdk/jre/lib/amd64/libjava.so
7fe06735e000-7fe06755d000 ---p 00029000 08:06 525207                     /usr/lib/jvm/java-7-openjdk/jre/lib/amd64/libjava.so
7fe06755d000-7fe06755f000 rw-p 00028000 08:06 525207                     /usr/lib/jvm/java-7-openjdk/jre/lib/amd64/libjava.so
7fe06755f000-7fe06756d000 r-xp 00000000 08:06 525194                     /usr/lib/jvm/java-7-openjdk/jre/lib/amd64/libverify.so
7fe06756d000-7fe06776c000 ---p 0000e000 08:06 525194                     /usr/lib/jvm/java-7-openjdk/jre/lib/amd64/libverify.so
7fe06776c000-7fe06776e000 rw-p 0000d000 08:06 525194                     /usr/lib/jvm/java-7-openjdk/jre/lib/amd64/libverify.so
7fe06776e000-7fe067775000 r-xp 00000000 08:06 1288                       /lib/librt-2.15.so
7fe067775000-7fe067974000 ---p 00007000 08:06 1288                       /lib/librt-2.15.so
7fe067974000-7fe067975000 r--p 00006000 08:06 1288                       /lib/librt-2.15.so
7fe067975000-7fe067976000 rw-p 00007000 08:06 1288                       /lib/librt-2.15.so
7fe067976000-7fe06798b000 r-xp 00000000 08:06 526089                     /usr/lib/libgcc_s.so.1
7fe06798b000-7fe067b8a000 ---p 00015000 08:06 526089                     /usr/lib/libgcc_s.so.1
7fe067b8a000-7fe067b8b000 rw-p 00014000 08:06 526089                     /usr/lib/libgcc_s.so.1
7fe067b8b000-7fe067c7e000 r-xp 00000000 08:06 1293                       /lib/libm-2.15.so
7fe067c7e000-7fe067e7e000 ---p 000f3000 08:06 1293                       /lib/libm-2.15.so
7fe067e7e000-7fe067e7f000 r--p 000f3000 08:06 1293                       /lib/libm-2.15.so
7fe067e7f000-7fe067e80000 rw-p 000f4000 08:06 1293                       /lib/libm-2.15.so
7fe067e80000-7fe067f65000 r-xp 00000000 08:06 526567                     /usr/lib/libstdc++.so.6.0.17
7fe067f65000-7fe068165000 ---p 000e5000 08:06 526567                     /usr/lib/libstdc++.so.6.0.17
7fe068165000-7fe06816d000 r--p 000e5000 08:06 526567                     /usr/lib/libstdc++.so.6.0.17
7fe06816d000-7fe06816f000 rw-p 000ed000 08:06 526567                     /usr/lib/libstdc++.so.6.0.17
7fe06816f000-7fe068184000 rw-p 00000000 00:00 0 
7fe068184000-7fe068b17000 r-xp 00000000 08:06 525849                     /usr/lib/jvm/java-7-openjdk/jre/lib/amd64/server/libjvm.so
7fe068b17000-7fe068d17000 ---p 00993000 08:06 525849                     /usr/lib/jvm/java-7-openjdk/jre/lib/amd64/server/libjvm.so
7fe068d17000-7fe068db3000 rw-p 00993000 08:06 525849                     /usr/lib/jvm/java-7-openjdk/jre/lib/amd64/server/libjvm.so
7fe068db3000-7fe068ddd000 rw-p 00000000 00:00 0 
7fe068ddd000-7fe068f74000 r-xp 00000000 08:06 1304                       /lib/libc-2.15.so
7fe068f74000-7fe069174000 ---p 00197000 08:06 1304                       /lib/libc-2.15.so
7fe069174000-7fe069178000 r--p 00197000 08:06 1304                       /lib/libc-2.15.so
7fe069178000-7fe06917a000 rw-p 0019b000 08:06 1304                       /lib/libc-2.15.so
7fe06917a000-7fe06917e000 rw-p 00000000 00:00 0 
7fe06917e000-7fe069181000 r-xp 00000000 08:06 1292                       /lib/libdl-2.15.so
7fe069181000-7fe069380000 ---p 00003000 08:06 1292                       /lib/libdl-2.15.so
7fe069380000-7fe069381000 r--p 00002000 08:06 1292                       /lib/libdl-2.15.so
7fe069381000-7fe069382000 rw-p 00003000 08:06 1292                       /lib/libdl-2.15.so
7fe069382000-7fe069397000 r-xp 00000000 08:06 528979                     /usr/lib/libz.so.1.2.7
7fe069397000-7fe069596000 ---p 00015000 08:06 528979                     /usr/lib/libz.so.1.2.7
7fe069596000-7fe069597000 r--p 00014000 08:06 528979                     /usr/lib/libz.so.1.2.7
7fe069597000-7fe069598000 rw-p 00015000 08:06 528979                     /usr/lib/libz.so.1.2.7
7fe069598000-7fe0695a4000 r-xp 00000000 08:06 526062                     /usr/lib/jvm/java-7-openjdk/jre/lib/amd64/jli/libjli.so
7fe0695a4000-7fe0697a4000 ---p 0000c000 08:06 526062                     /usr/lib/jvm/java-7-openjdk/jre/lib/amd64/jli/libjli.so
7fe0697a4000-7fe0697a5000 rw-p 0000c000 08:06 526062                     /usr/lib/jvm/java-7-openjdk/jre/lib/amd64/jli/libjli.so
7fe0697a5000-7fe0697bc000 r-xp 00000000 08:06 929                        /lib/libpthread-2.15.so
7fe0697bc000-7fe0699bb000 ---p 00017000 08:06 929                        /lib/libpthread-2.15.so
7fe0699bb000-7fe0699bc000 r--p 00016000 08:06 929                        /lib/libpthread-2.15.so
7fe0699bc000-7fe0699bd000 rw-p 00017000 08:06 929                        /lib/libpthread-2.15.so
7fe0699bd000-7fe0699c1000 rw-p 00000000 00:00 0 
7fe0699c1000-7fe0699e2000 r-xp 00000000 08:06 1312                       /lib/ld-2.15.so
7fe0699e2000-7fe0699eb000 r--s 00263000 08:06 523786                     /usr/lib/jvm/java-7-openjdk/jre/lib/resources.jar
7fe0699eb000-7fe0699f5000 rw-p 00000000 00:00 0 
7fe0699f5000-7fe069aab000 rw-p 00000000 00:00 0 
7fe069aab000-7fe069aae000 ---p 00000000 00:00 0 
7fe069aae000-7fe069bb1000 rw-p 00000000 00:00 0 
7fe069bb1000-7fe069bb2000 rw-s 00005000 00:05 1869                       /dev/ati/card1
7fe069bb2000-7fe069bd2000 rw-s feae0000 00:05 1869                       /dev/ati/card1
7fe069bd2000-7fe069bd4000 rw-s 00002000 00:05 1869                       /dev/ati/card1
7fe069bd4000-7fe069bd7000 r--s 0000f000 08:06 526356                     /usr/lib/jvm/java-7-openjdk/jre/lib/ext/pulse-java.jar
7fe069bd7000-7fe069bdf000 rw-s 00000000 08:06 392931                     /tmp/hsperfdata_tobi/9669 (deleted)
7fe069bdf000-7fe069be0000 rw-p 00000000 00:00 0 
7fe069be0000-7fe069be1000 ---p 00000000 00:00 0 
7fe069be1000-7fe069be2000 rw-p 00000000 00:00 0 
7fe069be2000-7fe069be3000 r--p 00021000 08:06 1312                       /lib/ld-2.15.so
7fe069be3000-7fe069be4000 rw-p 00022000 08:06 1312                       /lib/ld-2.15.so
7fe069be4000-7fe069be5000 rw-p 00000000 00:00 0 
7fffeecd9000-7fffeecfa000 rw-p 00000000 00:00 0                          [stack]
7fffeedff000-7fffeee00000 r-xp 00000000 00:00 0                          [vdso]
ffffffffff600000-ffffffffff601000 r-xp 00000000 00:00 0                  [vsyscall]

VM Arguments:
jvm_args: -Dsun.java2d.opengl=True -Dfile.encoding=UTF-8 
java_command: bombi.BombiGui
Launcher Type: SUN_STANDARD

Environment Variables:
JAVA_HOME=/usr/lib/jvm/java-7-openjdk
PATH=/usr/local/bin:/usr/bin:/bin:/usr/local/sbin:/usr/sbin:/sbin:/opt/android-sdk/platform-tools:/opt/android-sdk/tools:/usr/bin/vendor_perl:/usr/bin/core_perl:/opt/qt/bin
SHELL=/bin/bash
DISPLAY=:0.0

Signal Handlers:
SIGSEGV: [libjvm.so+0x807d30], sa_mask[0]=0x7ffbfeff, sa_flags=0x10000004
SIGBUS: [libjvm.so+0x807d30], sa_mask[0]=0x7ffbfeff, sa_flags=0x10000004
SIGFPE: [libjvm.so+0x6ac970], sa_mask[0]=0x7ffbfeff, sa_flags=0x10000004
SIGPIPE: [libjvm.so+0x6ac970], sa_mask[0]=0x7ffbfeff, sa_flags=0x10000004
SIGXFSZ: [libjvm.so+0x6ac970], sa_mask[0]=0x7ffbfeff, sa_flags=0x10000004
SIGILL: [libjvm.so+0x6ac970], sa_mask[0]=0x7ffbfeff, sa_flags=0x10000004
SIGUSR1: SIG_DFL, sa_mask[0]=0x00000000, sa_flags=0x00000000
SIGUSR2: [libjvm.so+0x6acd40], sa_mask[0]=0x00000004, sa_flags=0x10000004
SIGHUP: [libjvm.so+0x6ace80], sa_mask[0]=0x7ffbfeff, sa_flags=0x10000004
SIGINT: [libjvm.so+0x6ace80], sa_mask[0]=0x7ffbfeff, sa_flags=0x10000004
SIGTERM: [libjvm.so+0x6ace80], sa_mask[0]=0x7ffbfeff, sa_flags=0x10000004
SIGQUIT: [libjvm.so+0x6ace80], sa_mask[0]=0x7ffbfeff, sa_flags=0x10000004


---------------  S Y S T E M  ---------------

OS:Linux
uname:Linux 3.3.5-1-ARCH #1 SMP PREEMPT Mon May 7 19:57:51 CEST 2012 x86_64
libc:glibc 2.15 NPTL 2.15 
rlimit: STACK 8192k, CORE 0k, NPROC 125839, NOFILE 4096, AS infinity
load average:1.47 1.17 1.15

/proc/meminfo:
MemTotal:       16180360 kB
MemFree:        11882092 kB
Buffers:          242252 kB
Cached:          2288264 kB
SwapCached:            0 kB
Active:          1728904 kB
Inactive:        1909472 kB
Active(anon):    1108252 kB
Inactive(anon):    32052 kB
Active(file):     620652 kB
Inactive(file):  1877420 kB
Unevictable:           0 kB
Mlocked:               0 kB
SwapTotal:             0 kB
SwapFree:              0 kB
Dirty:               524 kB
Writeback:             0 kB
AnonPages:       1101480 kB
Mapped:           252592 kB
Shmem:             32456 kB
Slab:             311152 kB
SReclaimable:     278828 kB
SUnreclaim:        32324 kB
KernelStack:        4032 kB
PageTables:        36504 kB
NFS_Unstable:          0 kB
Bounce:                0 kB
WritebackTmp:          0 kB
CommitLimit:     8090180 kB
Committed_AS:    2770220 kB
VmallocTotal:   34359738367 kB
VmallocUsed:      362644 kB
VmallocChunk:   34359373835 kB
HardwareCorrupted:     0 kB
AnonHugePages:    708608 kB
HugePages_Total:       0
HugePages_Free:        0
HugePages_Rsvd:        0
HugePages_Surp:        0
Hugepagesize:       2048 kB
DirectMap4k:       86528 kB
DirectMap2M:     3844096 kB
DirectMap1G:    12582912 kB


CPU:total 4 (4 cores per cpu, 1 threads per core) family 16 model 5 stepping 2, cmov, cx8, fxsr, mmx, sse, sse2, sse3, popcnt, mmxext, 3dnowpref, lzcnt, sse4a

/proc/cpuinfo:
processor	: 0
vendor_id	: AuthenticAMD
cpu family	: 16
model		: 5
model name	: AMD Athlon(tm) II X4 620 Processor
stepping	: 2
microcode	: 0x10000c6
cpu MHz		: 800.000
cache size	: 512 KB
physical id	: 0
siblings	: 4
core id		: 0
cpu cores	: 4
apicid		: 0
initial apicid	: 0
fpu		: yes
fpu_exception	: yes
cpuid level	: 5
wp		: yes
flags		: fpu vme de pse tsc msr pae mce cx8 apic sep mtrr pge mca cmov pat pse36 clflush mmx fxsr sse sse2 ht syscall nx mmxext fxsr_opt pdpe1gb rdtscp lm 3dnowext 3dnow constant_tsc rep_good nopl nonstop_tsc extd_apicid pni monitor cx16 popcnt lahf_lm cmp_legacy svm extapic cr8_legacy abm sse4a misalignsse 3dnowprefetch osvw ibs skinit wdt nodeid_msr npt lbrv svm_lock nrip_save
bogomips	: 5225.76
TLB size	: 1024 4K pages
clflush size	: 64
cache_alignment	: 64
address sizes	: 48 bits physical, 48 bits virtual
power management: ts ttp tm stc 100mhzsteps hwpstate

processor	: 1
vendor_id	: AuthenticAMD
cpu family	: 16
model		: 5
model name	: AMD Athlon(tm) II X4 620 Processor
stepping	: 2
microcode	: 0x10000c6
cpu MHz		: 800.000
cache size	: 512 KB
physical id	: 0
siblings	: 4
core id		: 1
cpu cores	: 4
apicid		: 1
initial apicid	: 1
fpu		: yes
fpu_exception	: yes
cpuid level	: 5
wp		: yes
flags		: fpu vme de pse tsc msr pae mce cx8 apic sep mtrr pge mca cmov pat pse36 clflush mmx fxsr sse sse2 ht syscall nx mmxext fxsr_opt pdpe1gb rdtscp lm 3dnowext 3dnow constant_tsc rep_good nopl nonstop_tsc extd_apicid pni monitor cx16 popcnt lahf_lm cmp_legacy svm extapic cr8_legacy abm sse4a misalignsse 3dnowprefetch osvw ibs skinit wdt nodeid_msr npt lbrv svm_lock nrip_save
bogomips	: 5225.76
TLB size	: 1024 4K pages
clflush size	: 64
cache_alignment	: 64
address sizes	: 48 bits physical, 48 bits virtual
power management: ts ttp tm stc 100mhzsteps hwpstate

processor	: 2
vendor_id	: AuthenticAMD
cpu family	: 16
model		: 5
model name	: AMD Athlon(tm) II X4 620 Processor
stepping	: 2
microcode	: 0x10000c6
cpu MHz		: 2600.000
cache size	: 512 KB
physical id	: 0
siblings	: 4
core id		: 2
cpu cores	: 4
apicid		: 2
initial apicid	: 2
fpu		: yes
fpu_exception	: yes
cpuid level	: 5
wp		: yes
flags		: fpu vme de pse tsc msr pae mce cx8 apic sep mtrr pge mca cmov pat pse36 clflush mmx fxsr sse sse2 ht syscall nx mmxext fxsr_opt pdpe1gb rdtscp lm 3dnowext 3dnow constant_tsc rep_good nopl nonstop_tsc extd_apicid pni monitor cx16 popcnt lahf_lm cmp_legacy svm extapic cr8_legacy abm sse4a misalignsse 3dnowprefetch osvw ibs skinit wdt nodeid_msr npt lbrv svm_lock nrip_save
bogomips	: 5225.76
TLB size	: 1024 4K pages
clflush size	: 64
cache_alignment	: 64
address sizes	: 48 bits physical, 48 bits virtual
power management: ts ttp tm stc 100mhzsteps hwpstate

processor	: 3
vendor_id	: AuthenticAMD
cpu family	: 16
model		: 5
model name	: AMD Athlon(tm) II X4 620 Processor
stepping	: 2
microcode	: 0x10000c6
cpu MHz		: 2600.000
cache size	: 512 KB
physical id	: 0
siblings	: 4
core id		: 3
cpu cores	: 4
apicid		: 3
initial apicid	: 3
fpu		: yes
fpu_exception	: yes
cpuid level	: 5
wp		: yes
flags		: fpu vme de pse tsc msr pae mce cx8 apic sep mtrr pge mca cmov pat pse36 clflush mmx fxsr sse sse2 ht syscall nx mmxext fxsr_opt pdpe1gb rdtscp lm 3dnowext 3dnow constant_tsc rep_good nopl nonstop_tsc extd_apicid pni monitor cx16 popcnt lahf_lm cmp_legacy svm extapic cr8_legacy abm sse4a misalignsse 3dnowprefetch osvw ibs skinit wdt nodeid_msr npt lbrv svm_lock nrip_save
bogomips	: 5225.76
TLB size	: 1024 4K pages
clflush size	: 64
cache_alignment	: 64
address sizes	: 48 bits physical, 48 bits virtual
power management: ts ttp tm stc 100mhzsteps hwpstate



Memory: 4k page, physical 16180360k(11882092k free), swap 0k(0k free)

vm_info: OpenJDK 64-Bit Server VM (22.0-b10) for linux-amd64 JRE (1.7.0_03-b147), built on Mar  6 2012 20:02:29 by "nobody" with gcc 4.6.3

time: Thu May 10 19:33:45 2012
elapsed time: 9 seconds

