#
# A fatal error has been detected by the Java Runtime Environment:
#
#  SIGSEGV (0xb) at pc=0x00007f939c0bb2a8, pid=9968, tid=140272095745792
#
# JRE version: 7.0_03-b147
# Java VM: OpenJDK 64-Bit Server VM (22.0-b10 mixed mode linux-amd64 compressed oops)
# Derivative: IcedTea7 2.1
# Distribution: Custom build (Tue Mar  6 19:52:34 UTC 2012)
# Problematic frame:
# C  [libX11.so.6+0x382a8]  XQueryExtension+0x28
#
# Failed to write core dump. Core dumps have been disabled. To enable core dumping, try "ulimit -c unlimited" before starting Java again
#
# If you would like to submit a bug report, please include
# instructions on how to reproduce the bug and visit:
#   http://icedtea.classpath.org/bugzilla
#

---------------  T H R E A D  ---------------

Current thread (0x00007f93a009d000):  VMThread [stack: 0x00007f93a4605000,0x00007f93a4706000] [id=9978]

siginfo:si_signo=SIGSEGV: si_errno=0, si_code=1 (SEGV_MAPERR), si_addr=0xffffffffa01c8ab8

Registers:
RAX=0x00007f93800008c0, RBX=0xffffffffa01c8150, RCX=0x00007f93a47046c8, RDX=0x00007f93a47046c4
RSP=0x00007f93a4704660, RBP=0x00007f9364580932, RSI=0x00007f9364580932, RDI=0xffffffffa01c8150
R8 =0x00007f93a47046cc, R9 =0x0000000000000000, R10=0x00007f93a4704520, R11=0x00007f93a7ecbad0
R12=0x0000000000000000, R13=0x00007f9364580932, R14=0x00007f93800008c0, R15=0x0000000000000000
RIP=0x00007f939c0bb2a8, EFLAGS=0x0000000000010206, CSGSFS=0x0000000000000033, ERR=0x0000000000000005
  TRAPNO=0x000000000000000e

Top of Stack: (sp=0x00007f93a4704660)
0x00007f93a4704660:   0000000000000000 00007f93a47046e8
0x00007f93a4704670:   00007f93a47046e9 00007f93a8a904e5
0x00007f93a4704680:   0000000000000000 ffffffffa01c8150
0x00007f93a4704690:   00007f9364580932 0000000000000000
0x00007f93a47046a0:   00007f9364580932 00007f93800008c0
0x00007f93a47046b0:   0000000000000000 00007f939c0af285
0x00007f93a47046c0:   0000000000000000 00007f93a7f10b20
0x00007f93a47046d0:   00007f93646b9520 ffffffffa01c8150
0x00007f93a47046e0:   00007f93a01d09b0 00007f939c3cbb1b
0x00007f93a47046f0:   00007f9300000005 0000001100000000
0x00007f93a4704700:   00007f9300000005 0000000000000000
0x00007f93a4704710:   00007f93a4704780 ffffffffa01c8150
0x00007f93a4704720:   00007f93a4704990 00007f93a4704a08
0x00007f93a4704730:   00007f93646d2d50 00007f9364527119
0x00007f93a4704740:   0000000000000000 00007f93a01d0a60
0x00007f93a4704750:   00007f93a4704780 00007f9364935008
0x00007f93a4704760:   00007f93a4704990 00007f93a4704a08
0x00007f93a4704770:   00000000ffffffff 00007f936451db42
0x00007f93a4704780:   00007f93a4704a80 00007f93645808b1
0x00007f93a4704790:   00007f93a4704a80 00007f93a8a86f5f
0x00007f93a47047a0:   00007f93a8c9b170 00007f93a8c9b700
0x00007f93a47047b0:   00007f93a8c67000 00007f93a0005900
0x00007f93a47047c0:   00007f93a000a110 00007f93a017b160
0x00007f93a47047d0:   00007f93a0178fc0 00007f93a00021f0
0x00007f93a47047e0:   00007f93a0001b30 0000000000734560
0x00007f93a47047f0:   0000000000734a30 0000000000735370
0x00007f93a4704800:   00007f93a017c5e0 00007f93a017cf70
0x00007f93a4704810:   00007f93a017d480 00007f93a017ca80
0x00007f93a4704820:   00007f93a017d990 00007f93a017e8a0
0x00007f93a4704830:   00007f93a017e390 00007f93a017edb0
0x00007f93a4704840:   00007f93a017de90 00007f93a017f2b0
0x00007f93a4704850:   00007f93a017f7a0 00007f93a01801c0 

Instructions: (pc=0x00007f939c0bb2a8)
0x00007f939c0bb288:   24 d8 48 89 fb 4c 89 64 24 e0 4c 89 6c 24 e8 48
0x00007f939c0bb298:   89 f5 4c 89 74 24 f0 4c 89 7c 24 f8 48 83 ec 58
0x00007f939c0bb2a8:   48 8b 87 68 09 00 00 49 89 d4 49 89 cd 4d 89 c6
0x00007f939c0bb2b8:   48 85 c0 74 02 ff 10 ba 08 00 00 00 be 62 00 00 

Register to memory mapping:

RAX=0x00007f93800008c0 is an unknown value
RBX=0xffffffffa01c8150 is an unknown value
RCX=0x00007f93a47046c8 is an unknown value
RDX=0x00007f93a47046c4 is an unknown value
RSP=0x00007f93a4704660 is an unknown value
RBP=0x00007f9364580932: <offset 0x96932> in /usr/lib/libGL.so.1 at 0x00007f93644ea000
RSI=0x00007f9364580932: <offset 0x96932> in /usr/lib/libGL.so.1 at 0x00007f93644ea000
RDI=0xffffffffa01c8150 is an unknown value
R8 =0x00007f93a47046cc is an unknown value
R9 =0x0000000000000000 is an unknown value
R10=0x00007f93a4704520 is an unknown value
R11=0x00007f93a7ecbad0: __cxa_finalize+0 in /lib/libc.so.6 at 0x00007f93a7e94000
R12=0x0000000000000000 is an unknown value
R13=0x00007f9364580932: <offset 0x96932> in /usr/lib/libGL.so.1 at 0x00007f93644ea000
R14=0x00007f93800008c0 is an unknown value
R15=0x0000000000000000 is an unknown value


Stack: [0x00007f93a4605000,0x00007f93a4706000],  sp=0x00007f93a4704660,  free space=1021k
Native frames: (J=compiled Java code, j=interpreted, Vv=VM code, C=native code)
C  [libX11.so.6+0x382a8]  XQueryExtension+0x28

VM_Operation (0x00007f9361292160): Exit, mode: safepoint, requested by thread 0x00007f93a04e6800


---------------  P R O C E S S  ---------------

Java Threads: ( => current thread )
  0x00007f93a0006000 JavaThread "DestroyJavaVM" [_thread_blocked, id=9970, stack(0x00007f93a8b62000,0x00007f93a8c63000)]
  0x00007f93a04e6800 JavaThread "AWT-EventQueue-0" [_thread_blocked, id=9990, stack(0x00007f9361194000,0x00007f9361295000)]
  0x00007f93a04e5000 JavaThread "AWT-Shutdown" [_thread_blocked, id=9989, stack(0x00007f9361295000,0x00007f9361396000)]
  0x00007f93a0450000 JavaThread "AWT-XAWT" daemon [_thread_blocked, id=9988, stack(0x00007f93614b4000,0x00007f93615b5000)]
  0x00007f93a0405800 JavaThread "Java2D Disposer" daemon [_thread_blocked, id=9987, stack(0x00007f93615b5000,0x00007f93616b6000)]
  0x00007f93a0403000 JavaThread "Java2D Queue Flusher" daemon [_thread_blocked, id=9986, stack(0x00007f93616fe000,0x00007f93617ff000)]
  0x00007f93a0106000 JavaThread "Service Thread" daemon [_thread_blocked, id=9984, stack(0x00007f939cbfc000,0x00007f939ccfd000)]
  0x00007f93a0103800 JavaThread "C2 CompilerThread1" daemon [_thread_blocked, id=9983, stack(0x00007f939ccfd000,0x00007f939cdfe000)]
  0x00007f93a0101000 JavaThread "C2 CompilerThread0" daemon [_thread_blocked, id=9982, stack(0x00007f939cdfe000,0x00007f939ceff000)]
  0x00007f93a00fe800 JavaThread "Signal Dispatcher" daemon [_thread_blocked, id=9981, stack(0x00007f939ceff000,0x00007f939d000000)]
  0x00007f93a00a8000 JavaThread "Finalizer" daemon [_thread_blocked, id=9980, stack(0x00007f93a4403000,0x00007f93a4504000)]
  0x00007f93a00a5800 JavaThread "Reference Handler" daemon [_thread_blocked, id=9979, stack(0x00007f93a4504000,0x00007f93a4605000)]

Other Threads:
=>0x00007f93a009d000 VMThread [stack: 0x00007f93a4605000,0x00007f93a4706000] [id=9978]

VM state:at safepoint (shutting down)

VM Mutex/Monitor currently owned by a thread:  ([mutex/lock_event])
[0x00007f93a0003f50] Threads_lock - owner thread: 0x00007f93a009d000

Heap
 PSYoungGen      total 73792K, used 13362K [0x00000007adab0000, 0x00000007b2d00000, 0x0000000800000000)
  eden space 63296K, 21% used [0x00000007adab0000,0x00000007ae7bcb30,0x00000007b1880000)
  from space 10496K, 0% used [0x00000007b22c0000,0x00000007b22c0000,0x00000007b2d00000)
  to   space 10496K, 0% used [0x00000007b1880000,0x00000007b1880000,0x00000007b22c0000)
 PSOldGen        total 168576K, used 0K [0x0000000709000000, 0x00000007134a0000, 0x00000007adab0000)
  object space 168576K, 0% used [0x0000000709000000,0x0000000709000000,0x00000007134a0000)
 PSPermGen       total 21248K, used 9850K [0x00000006fea00000, 0x00000006ffec0000, 0x0000000709000000)
  object space 21248K, 46% used [0x00000006fea00000,0x00000006ff39eb78,0x00000006ffec0000)

Code Cache  [0x00007f939d000000, 0x00007f939d270000, 0x00007f93a0000000)
 total_blobs=425 nmethods=17 adapters=362 free_code_cache=48614Kb largest_free_block=49753152

Dynamic libraries:
00400000-00401000 r-xp 00000000 08:06 533859                             /usr/lib/jvm/java-7-openjdk/jre/bin/java
00600000-00601000 rw-p 00000000 08:06 533859                             /usr/lib/jvm/java-7-openjdk/jre/bin/java
00734000-00755000 rw-p 00000000 00:00 0                                  [heap]
6fea00000-6ffec0000 rw-p 00000000 00:00 0 
6ffec0000-709000000 rw-p 00000000 00:00 0 
709000000-7134a0000 rw-p 00000000 00:00 0 
7134a0000-7adab0000 rw-p 00000000 00:00 0 
7adab0000-7b2d00000 rw-p 00000000 00:00 0 
7b2d00000-800000000 rw-p 00000000 00:00 0 
7f9344000000-7f9344074000 rw-p 00000000 00:00 0 
7f9344074000-7f9348000000 ---p 00000000 00:00 0 
7f9348000000-7f9348021000 rw-p 00000000 00:00 0 
7f9348021000-7f934c000000 ---p 00000000 00:00 0 
7f934c000000-7f934c021000 rw-p 00000000 00:00 0 
7f934c021000-7f9350000000 ---p 00000000 00:00 0 
7f9350000000-7f93501c1000 rw-p 00000000 00:00 0 
7f93501c1000-7f9354000000 ---p 00000000 00:00 0 
7f9354000000-7f9354021000 rw-p 00000000 00:00 0 
7f9354021000-7f9358000000 ---p 00000000 00:00 0 
7f9358000000-7f9358021000 rw-p 00000000 00:00 0 
7f9358021000-7f935c000000 ---p 00000000 00:00 0 
7f935c000000-7f935c90e000 rw-p 00000000 00:00 0 
7f935c90e000-7f9360000000 ---p 00000000 00:00 0 
7f9360e92000-7f9360e95000 ---p 00000000 00:00 0 
7f9360e95000-7f9360f93000 rw-p 00000000 00:00 0 
7f9360f93000-7f9361093000 rw-s 132cc000 00:05 9111                       /dev/ati/card1
7f9361093000-7f9361096000 ---p 00000000 00:00 0 
7f9361096000-7f9361194000 rw-p 00000000 00:00 0 
7f9361194000-7f9361197000 ---p 00000000 00:00 0 
7f9361197000-7f9361295000 rw-p 00000000 00:00 0 
7f9361295000-7f9361298000 ---p 00000000 00:00 0 
7f9361298000-7f9361396000 rw-p 00000000 00:00 0 
7f9361396000-7f93613ac000 r--s 00000000 08:07 22836                      /var/cache/fontconfig/8d4af663993b81a124ee82e610bb31f9-le64.cache-3
7f93613ac000-7f93613b5000 r--s 00000000 08:07 26938                      /var/cache/fontconfig/d62e99ef547d1d24cdb1bd22ec1a2976-le64.cache-3
7f93613b5000-7f93613fa000 r--s 00000000 08:07 26937                      /var/cache/fontconfig/f6b893a7224233d96cb72fd88691c0b4-le64.cache-3
7f93613fa000-7f9361457000 r--s 00000000 08:07 26936                      /var/cache/fontconfig/17090aa38d5c6f09fb8c5c354938f1d7-le64.cache-3
7f9361457000-7f93614b4000 r--s 00000000 08:07 26934                      /var/cache/fontconfig/df311e82a1a24c41a75c2c930223552e-le64.cache-3
7f93614b4000-7f93614b7000 ---p 00000000 00:00 0 
7f93614b7000-7f93615b5000 rw-p 00000000 00:00 0 
7f93615b5000-7f93615b8000 ---p 00000000 00:00 0 
7f93615b8000-7f93616fe000 rw-p 00000000 00:00 0 
7f93616fe000-7f9361701000 ---p 00000000 00:00 0 
7f9361701000-7f9361847000 rw-p 00000000 00:00 0 
7f9361847000-7f9361f47000 rw-s 00006000 00:05 9111                       /dev/ati/card1
7f9361f47000-7f93620c7000 rw-p 00000000 00:00 0 
7f93620c7000-7f9362102000 r-xp 00000000 08:06 527355                     /usr/lib/libatiadlxx.so
7f9362102000-7f9362202000 ---p 0003b000 08:06 527355                     /usr/lib/libatiadlxx.so
7f9362202000-7f936220b000 rw-p 0003b000 08:06 527355                     /usr/lib/libatiadlxx.so
7f936220b000-7f936221c000 rw-p 00000000 00:00 0 
7f936221c000-7f9364176000 r-xp 00000000 08:06 527438                     /usr/lib/xorg/modules/dri/fglrx_dri.so
7f9364176000-7f9364276000 ---p 01f5a000 08:06 527438                     /usr/lib/xorg/modules/dri/fglrx_dri.so
7f9364276000-7f93643c4000 rwxp 01f5a000 08:06 527438                     /usr/lib/xorg/modules/dri/fglrx_dri.so
7f93643c4000-7f93644ea000 rwxp 00000000 00:00 0 
7f93644ea000-7f93645ad000 r-xp 00000000 08:06 531369                     /usr/lib/fglrx/fglrx-libGL.so.1.2
7f93645ad000-7f93646ac000 ---p 000c3000 08:06 531369                     /usr/lib/fglrx/fglrx-libGL.so.1.2
7f93646ac000-7f93646d3000 rwxp 000c2000 08:06 531369                     /usr/lib/fglrx/fglrx-libGL.so.1.2
7f93646d3000-7f93646f3000 rwxp 00000000 00:00 0 
7f93646f3000-7f9364735000 r-xp 00000000 08:06 527897                     /usr/lib/libdbus-1.so.3.5.9
7f9364735000-7f9364935000 ---p 00042000 08:06 527897                     /usr/lib/libdbus-1.so.3.5.9
7f9364935000-7f9364937000 rw-p 00042000 08:06 527897                     /usr/lib/libdbus-1.so.3.5.9
7f9364937000-7f9364948000 r-xp 00000000 08:06 533797                     /usr/lib/libp11-kit.so.0.0.0
7f9364948000-7f9364b47000 ---p 00011000 08:06 533797                     /usr/lib/libp11-kit.so.0.0.0
7f9364b47000-7f9364b48000 r--p 00010000 08:06 533797                     /usr/lib/libp11-kit.so.0.0.0
7f9364b48000-7f9364b49000 rw-p 00011000 08:06 533797                     /usr/lib/libp11-kit.so.0.0.0
7f9364b49000-7f9364bae000 r-xp 00000000 08:06 527102                     /usr/lib/libgmp.so.10.0.5
7f9364bae000-7f9364dae000 ---p 00065000 08:06 527102                     /usr/lib/libgmp.so.10.0.5
7f9364dae000-7f9364daf000 r--p 00065000 08:06 527102                     /usr/lib/libgmp.so.10.0.5
7f9364daf000-7f9364db8000 rw-p 00066000 08:06 527102                     /usr/lib/libgmp.so.10.0.5
7f9364db8000-7f9364dca000 r-xp 00000000 08:06 533726                     /usr/lib/libhogweed.so.2.1
7f9364dca000-7f9364fc9000 ---p 00012000 08:06 533726                     /usr/lib/libhogweed.so.2.1
7f9364fc9000-7f9364fca000 r--p 00011000 08:06 533726                     /usr/lib/libhogweed.so.2.1
7f9364fca000-7f9364fcb000 rw-p 00012000 08:06 533726                     /usr/lib/libhogweed.so.2.1
7f9364fcb000-7f9364ff0000 r-xp 00000000 08:06 531660                     /usr/lib/libnettle.so.4.3
7f9364ff0000-7f93651f0000 ---p 00025000 08:06 531660                     /usr/lib/libnettle.so.4.3
7f93651f0000-7f93651f1000 r--p 00025000 08:06 531660                     /usr/lib/libnettle.so.4.3
7f93651f1000-7f93651f2000 rw-p 00026000 08:06 531660                     /usr/lib/libnettle.so.4.3
7f93651f2000-7f9365202000 r-xp 00000000 08:06 523686                     /usr/lib/libtasn1.so.3.1.15
7f9365202000-7f9365401000 ---p 00010000 08:06 523686                     /usr/lib/libtasn1.so.3.1.15
7f9365401000-7f9365402000 r--p 0000f000 08:06 523686                     /usr/lib/libtasn1.so.3.1.15
7f9365402000-7f9365403000 rw-p 00010000 08:06 523686                     /usr/lib/libtasn1.so.3.1.15
7f9365403000-7f9365406000 r-xp 00000000 08:06 536931                     /usr/lib/libkeyutils.so.1.4
7f9365406000-7f9365605000 ---p 00003000 08:06 536931                     /usr/lib/libkeyutils.so.1.4
7f9365605000-7f9365606000 r--p 00002000 08:06 536931                     /usr/lib/libkeyutils.so.1.4
7f9365606000-7f9365607000 rw-p 00003000 08:06 536931                     /usr/lib/libkeyutils.so.1.4
7f9365607000-7f9365610000 r-xp 00000000 08:06 529619                     /usr/lib/libkrb5support.so.0.1
7f9365610000-7f936580f000 ---p 00009000 08:06 529619                     /usr/lib/libkrb5support.so.0.1
7f936580f000-7f9365810000 r--p 00008000 08:06 529619                     /usr/lib/libkrb5support.so.0.1
7f9365810000-7f9365811000 rw-p 00009000 08:06 529619                     /usr/lib/libkrb5support.so.0.1
7f9365811000-7f9365814000 r-xp 00000000 08:06 524071                     /usr/lib/libcom_err.so.2.1
7f9365814000-7f9365a13000 ---p 00003000 08:06 524071                     /usr/lib/libcom_err.so.2.1
7f9365a13000-7f9365a14000 r--p 00002000 08:06 524071                     /usr/lib/libcom_err.so.2.1
7f9365a14000-7f9365a15000 rw-p 00003000 08:06 524071                     /usr/lib/libcom_err.so.2.1
7f9365a15000-7f9365a3d000 r-xp 00000000 08:06 533131                     /usr/lib/libk5crypto.so.3.1
7f9365a3d000-7f9365c3d000 ---p 00028000 08:06 533131                     /usr/lib/libk5crypto.so.3.1
7f9365c3d000-7f9365c3e000 r--p 00028000 08:06 533131                     /usr/lib/libk5crypto.so.3.1
7f9365c3e000-7f9365c3f000 rw-p 00029000 08:06 533131                     /usr/lib/libk5crypto.so.3.1
7f9365c3f000-7f9365c40000 rw-p 00000000 00:00 0 
7f9365c40000-7f9365d18000 r-xp 00000000 08:06 527453                     /usr/lib/libkrb5.so.3.3
7f9365d18000-7f9365f18000 ---p 000d8000 08:06 527453                     /usr/lib/libkrb5.so.3.3
7f9365f18000-7f9365f22000 r--p 000d8000 08:06 527453                     /usr/lib/libkrb5.so.3.3
7f9365f22000-7f9365f24000 rw-p 000e2000 08:06 527453                     /usr/lib/libkrb5.so.3.3
7f9365f24000-7f9365f29000 r-xp 00000000 08:06 523755                     /usr/lib/libXdmcp.so.6.0.0
7f9365f29000-7f9366128000 ---p 00005000 08:06 523755                     /usr/lib/libXdmcp.so.6.0.0
7f9366128000-7f9366129000 r--p 00004000 08:06 523755                     /usr/lib/libXdmcp.so.6.0.0
7f9366129000-7f936612a000 rw-p 00005000 08:06 523755                     /usr/lib/libXdmcp.so.6.0.0
7f936612a000-7f936612c000 r-xp 00000000 08:06 523713                     /usr/lib/libXau.so.6.0.0
7f936612c000-7f936632c000 ---p 00002000 08:06 523713                     /usr/lib/libXau.so.6.0.0
7f936632c000-7f936632d000 r--p 00002000 08:06 523713                     /usr/lib/libXau.so.6.0.0
7f936632d000-7f936632e000 rw-p 00003000 08:06 523713                     /usr/lib/libXau.so.6.0.0
7f936632e000-7f936633e000 r-xp 00000000 08:06 526584                     /usr/lib/libavahi-client.so.3.2.9
7f936633e000-7f936653d000 ---p 00010000 08:06 526584                     /usr/lib/libavahi-client.so.3.2.9
7f936653d000-7f936653e000 r--p 0000f000 08:06 526584                     /usr/lib/libavahi-client.so.3.2.9
7f936653e000-7f936653f000 rw-p 00010000 08:06 526584                     /usr/lib/libavahi-client.so.3.2.9
7f936653f000-7f936654b000 r-xp 00000000 08:06 527596                     /usr/lib/libavahi-common.so.3.5.3
7f936654b000-7f936674a000 ---p 0000c000 08:06 527596                     /usr/lib/libavahi-common.so.3.5.3
7f936674a000-7f936674b000 r--p 0000b000 08:06 527596                     /usr/lib/libavahi-common.so.3.5.3
7f936674b000-7f936674c000 rw-p 0000c000 08:06 527596                     /usr/lib/libavahi-common.so.3.5.3
7f936674c000-7f936683e000 r-xp 00000000 08:06 528636                     /usr/lib/libgnutls.so.28.8.1
7f936683e000-7f9366a3e000 ---p 000f2000 08:06 528636                     /usr/lib/libgnutls.so.28.8.1
7f9366a3e000-7f9366a46000 r--p 000f2000 08:06 528636                     /usr/lib/libgnutls.so.28.8.1
7f9366a46000-7f9366a48000 rw-p 000fa000 08:06 528636                     /usr/lib/libgnutls.so.28.8.1
7f9366a48000-7f9366a49000 rw-p 00000000 00:00 0 
7f9366a49000-7f9366a8a000 r-xp 00000000 08:06 533554                     /usr/lib/libgssapi_krb5.so.2.2
7f9366a8a000-7f9366c8a000 ---p 00041000 08:06 533554                     /usr/lib/libgssapi_krb5.so.2.2
7f9366c8a000-7f9366c8b000 r--p 00041000 08:06 533554                     /usr/lib/libgssapi_krb5.so.2.2
7f9366c8b000-7f9366c8d000 rw-p 00042000 08:06 533554                     /usr/lib/libgssapi_krb5.so.2.2
7f9366c8d000-7f9366ce6000 r-xp 00000000 08:06 531196                     /usr/lib/libpcre.so.1.0.0
7f9366ce6000-7f9366ee5000 ---p 00059000 08:06 531196                     /usr/lib/libpcre.so.1.0.0
7f9366ee5000-7f9366ee6000 r--p 00058000 08:06 531196                     /usr/lib/libpcre.so.1.0.0
7f9366ee6000-7f9366ee7000 rw-p 00059000 08:06 531196                     /usr/lib/libpcre.so.1.0.0
7f9366ee7000-7f9366eee000 r-xp 00000000 08:06 533126                     /usr/lib/libffi.so.6.0.0
7f9366eee000-7f93670ed000 ---p 00007000 08:06 533126                     /usr/lib/libffi.so.6.0.0
7f93670ed000-7f93670ee000 r--p 00006000 08:06 533126                     /usr/lib/libffi.so.6.0.0
7f93670ee000-7f93670ef000 rw-p 00007000 08:06 533126                     /usr/lib/libffi.so.6.0.0
7f93670ef000-7f9367117000 r-xp 00000000 08:06 534280                     /usr/lib/libexpat.so.1.6.0
7f9367117000-7f9367316000 ---p 00028000 08:06 534280                     /usr/lib/libexpat.so.1.6.0
7f9367316000-7f9367318000 r--p 00027000 08:06 534280                     /usr/lib/libexpat.so.1.6.0
7f9367318000-7f9367319000 rw-p 00029000 08:06 534280                     /usr/lib/libexpat.so.1.6.0
7f9367319000-7f9367328000 r-xp 00000000 08:06 535331                     /usr/lib/libbz2.so.1.0.6
7f9367328000-7f9367527000 ---p 0000f000 08:06 535331                     /usr/lib/libbz2.so.1.0.6
7f9367527000-7f9367529000 rw-p 0000e000 08:06 535331                     /usr/lib/libbz2.so.1.0.6
7f9367529000-7f9367531000 r-xp 00000000 08:06 534957                     /usr/lib/libxcb-render.so.0.0.0
7f9367531000-7f9367731000 ---p 00008000 08:06 534957                     /usr/lib/libxcb-render.so.0.0.0
7f9367731000-7f9367732000 rw-p 00008000 08:06 534957                     /usr/lib/libxcb-render.so.0.0.0
7f9367732000-7f9367734000 r-xp 00000000 08:06 530934                     /usr/lib/libxcb-shm.so.0.0.0
7f9367734000-7f9367933000 ---p 00002000 08:06 530934                     /usr/lib/libxcb-shm.so.0.0.0
7f9367933000-7f9367934000 rw-p 00001000 08:06 530934                     /usr/lib/libxcb-shm.so.0.0.0
7f9367934000-7f93679b5000 r-xp 00000000 08:06 528735                     /usr/lib/libpixman-1.so.0.24.4
7f93679b5000-7f9367bb5000 ---p 00081000 08:06 528735                     /usr/lib/libpixman-1.so.0.24.4
7f9367bb5000-7f9367bbb000 r--p 00081000 08:06 528735                     /usr/lib/libpixman-1.so.0.24.4
7f9367bbb000-7f9367bbc000 rw-p 00087000 08:06 528735                     /usr/lib/libpixman-1.so.0.24.4
7f9367bbc000-7f9367be8000 r-xp 00000000 08:06 528725                     /usr/lib/libpng15.so.15.10.0
7f9367be8000-7f9367de7000 ---p 0002c000 08:06 528725                     /usr/lib/libpng15.so.15.10.0
7f9367de7000-7f9367de8000 r--p 0002b000 08:06 528725                     /usr/lib/libpng15.so.15.10.0
7f9367de8000-7f9367de9000 rw-p 0002c000 08:06 528725                     /usr/lib/libpng15.so.15.10.0
7f9367de9000-7f9367dfc000 r-xp 00000000 08:06 1332                       /lib/libresolv-2.15.so
7f9367dfc000-7f9367ffc000 ---p 00013000 08:06 1332                       /lib/libresolv-2.15.so
7f9367ffc000-7f9367ffd000 r--p 00013000 08:06 1332                       /lib/libresolv-2.15.so
7f9367ffd000-7f9367ffe000 rw-p 00014000 08:06 1332                       /lib/libresolv-2.15.so
7f9367ffe000-7f9368000000 rw-p 00000000 00:00 0 
7f9368000000-7f9368021000 rw-p 00000000 00:00 0 
7f9368021000-7f936c000000 ---p 00000000 00:00 0 
7f936c000000-7f936c021000 rw-p 00000000 00:00 0 
7f936c021000-7f9370000000 ---p 00000000 00:00 0 
7f9370000000-7f9370214000 rw-p 00000000 00:00 0 
7f9370214000-7f9374000000 ---p 00000000 00:00 0 
7f9374000000-7f937420d000 rw-p 00000000 00:00 0 
7f937420d000-7f9378000000 ---p 00000000 00:00 0 
7f9378000000-7f9378021000 rw-p 00000000 00:00 0 
7f9378021000-7f937c000000 ---p 00000000 00:00 0 
7f937c000000-7f937c021000 rw-p 00000000 00:00 0 
7f937c021000-7f9380000000 ---p 00000000 00:00 0 
7f9380000000-7f9380021000 rw-p 00000000 00:00 0 
7f9380021000-7f9384000000 ---p 00000000 00:00 0 
7f9384000000-7f9384021000 rw-p 00000000 00:00 0 
7f9384021000-7f9388000000 ---p 00000000 00:00 0 
7f9388000000-7f9388021000 rw-p 00000000 00:00 0 
7f9388021000-7f938c000000 ---p 00000000 00:00 0 
7f938c035000-7f938c03c000 r-xp 00000000 08:06 526968                     /usr/lib/libatiuki.so.1.0
7f938c03c000-7f938c13c000 ---p 00007000 08:06 526968                     /usr/lib/libatiuki.so.1.0
7f938c13c000-7f938c13d000 rw-p 00007000 08:06 526968                     /usr/lib/libatiuki.so.1.0
7f938c13d000-7f938c13e000 rw-p 00000000 00:00 0 
7f938c13e000-7f938c140000 r-xp 00000000 08:06 533292                     /usr/lib/libXdamage.so.1.1.0
7f938c140000-7f938c33f000 ---p 00002000 08:06 533292                     /usr/lib/libXdamage.so.1.1.0
7f938c33f000-7f938c340000 r--p 00001000 08:06 533292                     /usr/lib/libXdamage.so.1.1.0
7f938c340000-7f938c341000 rw-p 00002000 08:06 533292                     /usr/lib/libXdamage.so.1.1.0
7f938c341000-7f938c343000 r-xp 00000000 08:06 523753                     /usr/lib/libXcomposite.so.1.0.0
7f938c343000-7f938c542000 ---p 00002000 08:06 523753                     /usr/lib/libXcomposite.so.1.0.0
7f938c542000-7f938c543000 r--p 00001000 08:06 523753                     /usr/lib/libXcomposite.so.1.0.0
7f938c543000-7f938c544000 rw-p 00002000 08:06 523753                     /usr/lib/libXcomposite.so.1.0.0
7f938c544000-7f938c54d000 r-xp 00000000 08:06 531336                     /usr/lib/libXcursor.so.1.0.2
7f938c54d000-7f938c74c000 ---p 00009000 08:06 531336                     /usr/lib/libXcursor.so.1.0.2
7f938c74c000-7f938c74d000 r--p 00008000 08:06 531336                     /usr/lib/libXcursor.so.1.0.2
7f938c74d000-7f938c74e000 rw-p 00009000 08:06 531336                     /usr/lib/libXcursor.so.1.0.2
7f938c74e000-7f938c756000 r-xp 00000000 08:06 533170                     /usr/lib/libXrandr.so.2.2.0
7f938c756000-7f938c955000 ---p 00008000 08:06 533170                     /usr/lib/libXrandr.so.2.2.0
7f938c955000-7f938c956000 r--p 00007000 08:06 533170                     /usr/lib/libXrandr.so.2.2.0
7f938c956000-7f938c957000 rw-p 00008000 08:06 533170                     /usr/lib/libXrandr.so.2.2.0
7f938c957000-7f938c959000 r-xp 00000000 08:06 523766                     /usr/lib/libXinerama.so.1.0.0
7f938c959000-7f938cb58000 ---p 00002000 08:06 523766                     /usr/lib/libXinerama.so.1.0.0
7f938cb58000-7f938cb59000 r--p 00001000 08:06 523766                     /usr/lib/libXinerama.so.1.0.0
7f938cb59000-7f938cb5a000 rw-p 00002000 08:06 523766                     /usr/lib/libXinerama.so.1.0.0
7f938cb5a000-7f938cb5f000 r-xp 00000000 08:06 523749                     /usr/lib/libXfixes.so.3.1.0
7f938cb5f000-7f938cd5f000 ---p 00005000 08:06 523749                     /usr/lib/libXfixes.so.3.1.0
7f938cd5f000-7f938cd60000 r--p 00005000 08:06 523749                     /usr/lib/libXfixes.so.3.1.0
7f938cd60000-7f938cd61000 rw-p 00006000 08:06 523749                     /usr/lib/libXfixes.so.3.1.0
7f938cd61000-7f938cd7e000 r-xp 00000000 08:06 533661                     /usr/lib/libxcb.so.1.1.0
7f938cd7e000-7f938cf7e000 ---p 0001d000 08:06 533661                     /usr/lib/libxcb.so.1.1.0
7f938cf7e000-7f938cf7f000 rw-p 0001d000 08:06 533661                     /usr/lib/libxcb.so.1.1.0
7f938cf7f000-7f938cfd1000 r-xp 00000000 08:06 528718                     /usr/lib/libcups.so.2
7f938cfd1000-7f938d1d0000 ---p 00052000 08:06 528718                     /usr/lib/libcups.so.2
7f938d1d0000-7f938d1d4000 r--p 00051000 08:06 528718                     /usr/lib/libcups.so.2
7f938d1d4000-7f938d1d5000 rw-p 00055000 08:06 528718                     /usr/lib/libcups.so.2
7f938d1d5000-7f938d2c7000 r-xp 00000000 08:06 528627                     /usr/lib/libglib-2.0.so.0.3200.2
7f938d2c7000-7f938d4c6000 ---p 000f2000 08:06 528627                     /usr/lib/libglib-2.0.so.0.3200.2
7f938d4c6000-7f938d4c7000 r--p 000f1000 08:06 528627                     /usr/lib/libglib-2.0.so.0.3200.2
7f938d4c7000-7f938d4c8000 rw-p 000f2000 08:06 528627                     /usr/lib/libglib-2.0.so.0.3200.2
7f938d4c8000-7f938d4c9000 rw-p 00000000 00:00 0 
7f938d4c9000-7f938d4ca000 r-xp 00000000 08:06 528965                     /usr/lib/libgthread-2.0.so.0.3200.2
7f938d4ca000-7f938d6c9000 ---p 00001000 08:06 528965                     /usr/lib/libgthread-2.0.so.0.3200.2
7f938d6c9000-7f938d6ca000 r--p 00000000 08:06 528965                     /usr/lib/libgthread-2.0.so.0.3200.2
7f938d6ca000-7f938d6cb000 rw-p 00001000 08:06 528965                     /usr/lib/libgthread-2.0.so.0.3200.2
7f938d6cb000-7f938d6ce000 r-xp 00000000 08:06 528923                     /usr/lib/libgmodule-2.0.so.0.3200.2
7f938d6ce000-7f938d8cd000 ---p 00003000 08:06 528923                     /usr/lib/libgmodule-2.0.so.0.3200.2
7f938d8cd000-7f938d8ce000 r--p 00002000 08:06 528923                     /usr/lib/libgmodule-2.0.so.0.3200.2
7f938d8ce000-7f938d8cf000 rw-p 00003000 08:06 528923                     /usr/lib/libgmodule-2.0.so.0.3200.2
7f938d8cf000-7f938d91b000 r-xp 00000000 08:06 528966                     /usr/lib/libgobject-2.0.so.0.3200.2
7f938d91b000-7f938db1b000 ---p 0004c000 08:06 528966                     /usr/lib/libgobject-2.0.so.0.3200.2
7f938db1b000-7f938db1c000 r--p 0004c000 08:06 528966                     /usr/lib/libgobject-2.0.so.0.3200.2
7f938db1c000-7f938db1d000 rw-p 0004d000 08:06 528966                     /usr/lib/libgobject-2.0.so.0.3200.2
7f938db1d000-7f938db51000 r-xp 00000000 08:06 534580                     /usr/lib/libfontconfig.so.1.4.4
7f938db51000-7f938dd51000 ---p 00034000 08:06 534580                     /usr/lib/libfontconfig.so.1.4.4
7f938dd51000-7f938dd52000 r--p 00034000 08:06 534580                     /usr/lib/libfontconfig.so.1.4.4
7f938dd52000-7f938dd53000 rw-p 00035000 08:06 534580                     /usr/lib/libfontconfig.so.1.4.4
7f938dd53000-7f938ddec000 r-xp 00000000 08:06 533427                     /usr/lib/libfreetype.so.6.8.1
7f938ddec000-7f938dfeb000 ---p 00099000 08:06 533427                     /usr/lib/libfreetype.so.6.8.1
7f938dfeb000-7f938dff1000 r--p 00098000 08:06 533427                     /usr/lib/libfreetype.so.6.8.1
7f938dff1000-7f938dff2000 rw-p 0009e000 08:06 533427                     /usr/lib/libfreetype.so.6.8.1
7f938dff2000-7f938e03a000 r-xp 00000000 08:06 533234                     /usr/lib/libpango-1.0.so.0.3000.0
7f938e03a000-7f938e23a000 ---p 00048000 08:06 533234                     /usr/lib/libpango-1.0.so.0.3000.0
7f938e23a000-7f938e23c000 r--p 00048000 08:06 533234                     /usr/lib/libpango-1.0.so.0.3000.0
7f938e23c000-7f938e23d000 rw-p 0004a000 08:06 533234                     /usr/lib/libpango-1.0.so.0.3000.0
7f938e23d000-7f938e32d000 r-xp 00000000 08:06 527614                     /usr/lib/libcairo.so.2.11200.2
7f938e32d000-7f938e52d000 ---p 000f0000 08:06 527614                     /usr/lib/libcairo.so.2.11200.2
7f938e52d000-7f938e531000 rw-p 000f0000 08:06 527614                     /usr/lib/libcairo.so.2.11200.2
7f938e531000-7f938e532000 rw-p 00000000 00:00 0 
7f938e532000-7f938e553000 r-xp 00000000 08:06 532661                     /usr/lib/libgdk_pixbuf-2.0.so.0.2600.1
7f938e553000-7f938e752000 ---p 00021000 08:06 532661                     /usr/lib/libgdk_pixbuf-2.0.so.0.2600.1
7f938e752000-7f938e753000 r--p 00020000 08:06 532661                     /usr/lib/libgdk_pixbuf-2.0.so.0.2600.1
7f938e753000-7f938e754000 rw-p 00021000 08:06 532661                     /usr/lib/libgdk_pixbuf-2.0.so.0.2600.1
7f938e754000-7f938e75f000 r-xp 00000000 08:06 533238                     /usr/lib/libpangocairo-1.0.so.0.3000.0
7f938e75f000-7f938e95f000 ---p 0000b000 08:06 533238                     /usr/lib/libpangocairo-1.0.so.0.3000.0
7f938e95f000-7f938e960000 r--p 0000b000 08:06 533238                     /usr/lib/libpangocairo-1.0.so.0.3000.0
7f938e960000-7f938e961000 rw-p 0000c000 08:06 533238                     /usr/lib/libpangocairo-1.0.so.0.3000.0
7f938e961000-7f938e98c000 r-xp 00000000 08:06 533236                     /usr/lib/libpangoft2-1.0.so.0.3000.0
7f938e98c000-7f938eb8c000 ---p 0002b000 08:06 533236                     /usr/lib/libpangoft2-1.0.so.0.3000.0
7f938eb8c000-7f938eb8d000 r--p 0002b000 08:06 533236                     /usr/lib/libpangoft2-1.0.so.0.3000.0
7f938eb8d000-7f938eb8e000 rw-p 0002c000 08:06 533236                     /usr/lib/libpangoft2-1.0.so.0.3000.0
7f938eb8e000-7f938ecd3000 r-xp 00000000 08:06 528967                     /usr/lib/libgio-2.0.so.0.3200.2
7f938ecd3000-7f938eed2000 ---p 00145000 08:06 528967                     /usr/lib/libgio-2.0.so.0.3200.2
7f938eed2000-7f938eed6000 r--p 00144000 08:06 528967                     /usr/lib/libgio-2.0.so.0.3200.2
7f938eed6000-7f938eed8000 rw-p 00148000 08:06 528967                     /usr/lib/libgio-2.0.so.0.3200.2
7f938eed8000-7f938eeda000 rw-p 00000000 00:00 0 
7f938eeda000-7f938eefa000 r-xp 00000000 08:06 533187                     /usr/lib/libatk-1.0.so.0.20409.1
7f938eefa000-7f938f0fa000 ---p 00020000 08:06 533187                     /usr/lib/libatk-1.0.so.0.20409.1
7f938f0fa000-7f938f0fc000 r--p 00020000 08:06 533187                     /usr/lib/libatk-1.0.so.0.20409.1
7f938f0fc000-7f938f0fd000 rw-p 00022000 08:06 533187                     /usr/lib/libatk-1.0.so.0.20409.1
7f938f0fd000-7f938f1aa000 r-xp 00000000 08:06 523419                     /usr/lib/libgdk-x11-2.0.so.0.2400.10
7f938f1aa000-7f938f3aa000 ---p 000ad000 08:06 523419                     /usr/lib/libgdk-x11-2.0.so.0.2400.10
7f938f3aa000-7f938f3ae000 r--p 000ad000 08:06 523419                     /usr/lib/libgdk-x11-2.0.so.0.2400.10
7f938f3ae000-7f938f3b0000 rw-p 000b1000 08:06 523419                     /usr/lib/libgdk-x11-2.0.so.0.2400.10
7f938f3b0000-7f938f7d2000 r-xp 00000000 08:06 523420                     /usr/lib/libgtk-x11-2.0.so.0.2400.10
7f938f7d2000-7f938f9d2000 ---p 00422000 08:06 523420                     /usr/lib/libgtk-x11-2.0.so.0.2400.10
7f938f9d2000-7f938f9d9000 r--p 00422000 08:06 523420                     /usr/lib/libgtk-x11-2.0.so.0.2400.10
7f938f9d9000-7f938f9dd000 rw-p 00429000 08:06 523420                     /usr/lib/libgtk-x11-2.0.so.0.2400.10
7f938f9dd000-7f938f9df000 rw-p 00000000 00:00 0 
7f938f9df000-7f938f9ed000 r-xp 00000000 08:06 526751                     /usr/lib/libXi.so.6.1.0
7f938f9ed000-7f938fbec000 ---p 0000e000 08:06 526751                     /usr/lib/libXi.so.6.1.0
7f938fbec000-7f938fbed000 r--p 0000d000 08:06 526751                     /usr/lib/libXi.so.6.1.0
7f938fbed000-7f938fbee000 rw-p 0000e000 08:06 526751                     /usr/lib/libXi.so.6.1.0
7f938fbee000-7f938fbf3000 r-xp 00000000 08:06 523793                     /usr/lib/libXtst.so.6.1.0
7f938fbf3000-7f938fdf3000 ---p 00005000 08:06 523793                     /usr/lib/libXtst.so.6.1.0
7f938fdf3000-7f938fdf4000 r--p 00005000 08:06 523793                     /usr/lib/libXtst.so.6.1.0
7f938fdf4000-7f938fdf5000 rw-p 00006000 08:06 523793                     /usr/lib/libXtst.so.6.1.0
7f938fdf5000-7f938fdff000 r-xp 00000000 08:06 529110                     /usr/lib/libXrender.so.1.3.0
7f938fdff000-7f938fffe000 ---p 0000a000 08:06 529110                     /usr/lib/libXrender.so.1.3.0
7f938fffe000-7f938ffff000 r--p 00009000 08:06 529110                     /usr/lib/libXrender.so.1.3.0
7f938ffff000-7f9390000000 rw-p 0000a000 08:06 529110                     /usr/lib/libXrender.so.1.3.0
7f9390000000-7f9390021000 rw-p 00000000 00:00 0 
7f9390021000-7f9394000000 ---p 00000000 00:00 0 
7f9394000000-7f9394021000 rw-p 00000000 00:00 0 
7f9394021000-7f9398000000 ---p 00000000 00:00 0 
7f9398000000-7f9398021000 rw-p 00000000 00:00 0 
7f9398021000-7f939c000000 ---p 00000000 00:00 0 
7f939c003000-7f939c083000 rw-p 00000000 00:00 0 
7f939c083000-7f939c1b7000 r-xp 00000000 08:06 531386                     /usr/lib/libX11.so.6.3.0
7f939c1b7000-7f939c3b7000 ---p 00134000 08:06 531386                     /usr/lib/libX11.so.6.3.0
7f939c3b7000-7f939c3b8000 r--p 00134000 08:06 531386                     /usr/lib/libX11.so.6.3.0
7f939c3b8000-7f939c3bd000 rw-p 00135000 08:06 531386                     /usr/lib/libX11.so.6.3.0
7f939c3bd000-7f939c3cf000 r-xp 00000000 08:06 523664                     /usr/lib/libXext.so.6.4.0
7f939c3cf000-7f939c5ce000 ---p 00012000 08:06 523664                     /usr/lib/libXext.so.6.4.0
7f939c5ce000-7f939c5cf000 r--p 00011000 08:06 523664                     /usr/lib/libXext.so.6.4.0
7f939c5cf000-7f939c5d0000 rw-p 00012000 08:06 523664                     /usr/lib/libXext.so.6.4.0
7f939c5d0000-7f939c622000 r-xp 00000000 08:06 533913                     /usr/lib/jvm/java-7-openjdk/jre/lib/amd64/xawt/libmawt.so
7f939c622000-7f939c821000 ---p 00052000 08:06 533913                     /usr/lib/jvm/java-7-openjdk/jre/lib/amd64/xawt/libmawt.so
7f939c821000-7f939c825000 rw-p 00051000 08:06 533913                     /usr/lib/jvm/java-7-openjdk/jre/lib/amd64/xawt/libmawt.so
7f939c825000-7f939c826000 rw-p 00000000 00:00 0 
7f939c826000-7f939c8c8000 r-xp 00000000 08:06 525820                     /usr/lib/jvm/java-7-openjdk/jre/lib/amd64/libawt.so
7f939c8c8000-7f939cac8000 ---p 000a2000 08:06 525820                     /usr/lib/jvm/java-7-openjdk/jre/lib/amd64/libawt.so
7f939cac8000-7f939cad4000 rw-p 000a2000 08:06 525820                     /usr/lib/jvm/java-7-openjdk/jre/lib/amd64/libawt.so
7f939cad4000-7f939caf8000 rw-p 00000000 00:00 0 
7f939caf8000-7f939cafb000 r--s 0000f000 08:06 526356                     /usr/lib/jvm/java-7-openjdk/jre/lib/ext/pulse-java.jar
7f939cafb000-7f939cafc000 ---p 00000000 00:00 0 
7f939cafc000-7f939cbfc000 rw-p 00000000 00:00 0 
7f939cbfc000-7f939cbff000 ---p 00000000 00:00 0 
7f939cbff000-7f939ccfd000 rw-p 00000000 00:00 0 
7f939ccfd000-7f939cd00000 ---p 00000000 00:00 0 
7f939cd00000-7f939cdfe000 rw-p 00000000 00:00 0 
7f939cdfe000-7f939ce01000 ---p 00000000 00:00 0 
7f939ce01000-7f939ceff000 rw-p 00000000 00:00 0 
7f939ceff000-7f939cf02000 ---p 00000000 00:00 0 
7f939cf02000-7f939d000000 rw-p 00000000 00:00 0 
7f939d000000-7f939d270000 rwxp 00000000 00:00 0 
7f939d270000-7f93a04f3000 rw-p 00000000 00:00 0 
7f93a04f3000-7f93a4000000 ---p 00000000 00:00 0 
7f93a4013000-7f93a4017000 r--s 000a0000 08:06 523715                     /usr/lib/jvm/java-7-openjdk/jre/lib/jsse.jar
7f93a4017000-7f93a4057000 rw-s 00030000 00:05 9111                       /dev/ati/card1
7f93a4057000-7f93a4403000 r--p 00000000 08:06 536728                     /usr/lib/locale/locale-archive
7f93a4403000-7f93a4406000 ---p 00000000 00:00 0 
7f93a4406000-7f93a4504000 rw-p 00000000 00:00 0 
7f93a4504000-7f93a4507000 ---p 00000000 00:00 0 
7f93a4507000-7f93a4605000 rw-p 00000000 00:00 0 
7f93a4605000-7f93a4606000 ---p 00000000 00:00 0 
7f93a4606000-7f93a4c77000 rw-p 00000000 00:00 0 
7f93a4c77000-7f93a4e26000 r--s 03e7b000 08:06 524045                     /usr/lib/jvm/java-7-openjdk/jre/lib/rt.jar
7f93a4e26000-7f93a4e4e000 rw-p 00000000 00:00 0 
7f93a4e4e000-7f93a4e4f000 ---p 00000000 00:00 0 
7f93a4e4f000-7f93a4f4f000 rw-p 00000000 00:00 0 
7f93a4f4f000-7f93a4f50000 ---p 00000000 00:00 0 
7f93a4f50000-7f93a5050000 rw-p 00000000 00:00 0 
7f93a5050000-7f93a5051000 ---p 00000000 00:00 0 
7f93a5051000-7f93a5151000 rw-p 00000000 00:00 0 
7f93a5151000-7f93a5152000 ---p 00000000 00:00 0 
7f93a5152000-7f93a525d000 rw-p 00000000 00:00 0 
7f93a525d000-7f93a52a5000 rw-p 00000000 00:00 0 
7f93a52a5000-7f93a52f8000 rw-p 00000000 00:00 0 
7f93a52f8000-7f93a57cb000 rw-p 00000000 00:00 0 
7f93a57cb000-7f93a57d6000 rw-p 00000000 00:00 0 
7f93a57d6000-7f93a581e000 rw-p 00000000 00:00 0 
7f93a581e000-7f93a5871000 rw-p 00000000 00:00 0 
7f93a5871000-7f93a5d43000 rw-p 00000000 00:00 0 
7f93a5d43000-7f93a5d6d000 rw-p 00000000 00:00 0 
7f93a5d6d000-7f93a5fd6000 rw-p 00000000 00:00 0 
7f93a5fd6000-7f93a5fd7000 rw-p 00000000 00:00 0 
7f93a5fd7000-7f93a5fdf000 r-xp 00000000 08:06 525197                     /usr/lib/jvm/java-7-openjdk/jre/lib/amd64/libzip.so
7f93a5fdf000-7f93a61de000 ---p 00008000 08:06 525197                     /usr/lib/jvm/java-7-openjdk/jre/lib/amd64/libzip.so
7f93a61de000-7f93a61df000 rw-p 00007000 08:06 525197                     /usr/lib/jvm/java-7-openjdk/jre/lib/amd64/libzip.so
7f93a61df000-7f93a61eb000 r-xp 00000000 08:06 1309                       /lib/libnss_files-2.15.so
7f93a61eb000-7f93a63ea000 ---p 0000c000 08:06 1309                       /lib/libnss_files-2.15.so
7f93a63ea000-7f93a63eb000 r--p 0000b000 08:06 1309                       /lib/libnss_files-2.15.so
7f93a63eb000-7f93a63ec000 rw-p 0000c000 08:06 1309                       /lib/libnss_files-2.15.so
7f93a63ec000-7f93a6415000 r-xp 00000000 08:06 525207                     /usr/lib/jvm/java-7-openjdk/jre/lib/amd64/libjava.so
7f93a6415000-7f93a6614000 ---p 00029000 08:06 525207                     /usr/lib/jvm/java-7-openjdk/jre/lib/amd64/libjava.so
7f93a6614000-7f93a6616000 rw-p 00028000 08:06 525207                     /usr/lib/jvm/java-7-openjdk/jre/lib/amd64/libjava.so
7f93a6616000-7f93a6624000 r-xp 00000000 08:06 525194                     /usr/lib/jvm/java-7-openjdk/jre/lib/amd64/libverify.so
7f93a6624000-7f93a6823000 ---p 0000e000 08:06 525194                     /usr/lib/jvm/java-7-openjdk/jre/lib/amd64/libverify.so
7f93a6823000-7f93a6825000 rw-p 0000d000 08:06 525194                     /usr/lib/jvm/java-7-openjdk/jre/lib/amd64/libverify.so
7f93a6825000-7f93a682c000 r-xp 00000000 08:06 1288                       /lib/librt-2.15.so
7f93a682c000-7f93a6a2b000 ---p 00007000 08:06 1288                       /lib/librt-2.15.so
7f93a6a2b000-7f93a6a2c000 r--p 00006000 08:06 1288                       /lib/librt-2.15.so
7f93a6a2c000-7f93a6a2d000 rw-p 00007000 08:06 1288                       /lib/librt-2.15.so
7f93a6a2d000-7f93a6a42000 r-xp 00000000 08:06 526089                     /usr/lib/libgcc_s.so.1
7f93a6a42000-7f93a6c41000 ---p 00015000 08:06 526089                     /usr/lib/libgcc_s.so.1
7f93a6c41000-7f93a6c42000 rw-p 00014000 08:06 526089                     /usr/lib/libgcc_s.so.1
7f93a6c42000-7f93a6d35000 r-xp 00000000 08:06 1293                       /lib/libm-2.15.so
7f93a6d35000-7f93a6f35000 ---p 000f3000 08:06 1293                       /lib/libm-2.15.so
7f93a6f35000-7f93a6f36000 r--p 000f3000 08:06 1293                       /lib/libm-2.15.so
7f93a6f36000-7f93a6f37000 rw-p 000f4000 08:06 1293                       /lib/libm-2.15.so
7f93a6f37000-7f93a701c000 r-xp 00000000 08:06 526567                     /usr/lib/libstdc++.so.6.0.17
7f93a701c000-7f93a721c000 ---p 000e5000 08:06 526567                     /usr/lib/libstdc++.so.6.0.17
7f93a721c000-7f93a7224000 r--p 000e5000 08:06 526567                     /usr/lib/libstdc++.so.6.0.17
7f93a7224000-7f93a7226000 rw-p 000ed000 08:06 526567                     /usr/lib/libstdc++.so.6.0.17
7f93a7226000-7f93a723b000 rw-p 00000000 00:00 0 
7f93a723b000-7f93a7bce000 r-xp 00000000 08:06 525849                     /usr/lib/jvm/java-7-openjdk/jre/lib/amd64/server/libjvm.so
7f93a7bce000-7f93a7dce000 ---p 00993000 08:06 525849                     /usr/lib/jvm/java-7-openjdk/jre/lib/amd64/server/libjvm.so
7f93a7dce000-7f93a7e6a000 rw-p 00993000 08:06 525849                     /usr/lib/jvm/java-7-openjdk/jre/lib/amd64/server/libjvm.so
7f93a7e6a000-7f93a7e94000 rw-p 00000000 00:00 0 
7f93a7e94000-7f93a802b000 r-xp 00000000 08:06 1304                       /lib/libc-2.15.so
7f93a802b000-7f93a822b000 ---p 00197000 08:06 1304                       /lib/libc-2.15.so
7f93a822b000-7f93a822f000 r--p 00197000 08:06 1304                       /lib/libc-2.15.so
7f93a822f000-7f93a8231000 rw-p 0019b000 08:06 1304                       /lib/libc-2.15.so
7f93a8231000-7f93a8235000 rw-p 00000000 00:00 0 
7f93a8235000-7f93a8238000 r-xp 00000000 08:06 1292                       /lib/libdl-2.15.so
7f93a8238000-7f93a8437000 ---p 00003000 08:06 1292                       /lib/libdl-2.15.so
7f93a8437000-7f93a8438000 r--p 00002000 08:06 1292                       /lib/libdl-2.15.so
7f93a8438000-7f93a8439000 rw-p 00003000 08:06 1292                       /lib/libdl-2.15.so
7f93a8439000-7f93a844e000 r-xp 00000000 08:06 528979                     /usr/lib/libz.so.1.2.7
7f93a844e000-7f93a864d000 ---p 00015000 08:06 528979                     /usr/lib/libz.so.1.2.7
7f93a864d000-7f93a864e000 r--p 00014000 08:06 528979                     /usr/lib/libz.so.1.2.7
7f93a864e000-7f93a864f000 rw-p 00015000 08:06 528979                     /usr/lib/libz.so.1.2.7
7f93a864f000-7f93a865b000 r-xp 00000000 08:06 526062                     /usr/lib/jvm/java-7-openjdk/jre/lib/amd64/jli/libjli.so
7f93a865b000-7f93a885b000 ---p 0000c000 08:06 526062                     /usr/lib/jvm/java-7-openjdk/jre/lib/amd64/jli/libjli.so
7f93a885b000-7f93a885c000 rw-p 0000c000 08:06 526062                     /usr/lib/jvm/java-7-openjdk/jre/lib/amd64/jli/libjli.so
7f93a885c000-7f93a8873000 r-xp 00000000 08:06 929                        /lib/libpthread-2.15.so
7f93a8873000-7f93a8a72000 ---p 00017000 08:06 929                        /lib/libpthread-2.15.so
7f93a8a72000-7f93a8a73000 r--p 00016000 08:06 929                        /lib/libpthread-2.15.so
7f93a8a73000-7f93a8a74000 rw-p 00017000 08:06 929                        /lib/libpthread-2.15.so
7f93a8a74000-7f93a8a78000 rw-p 00000000 00:00 0 
7f93a8a78000-7f93a8a99000 r-xp 00000000 08:06 1312                       /lib/ld-2.15.so
7f93a8a99000-7f93a8aa2000 r--s 00263000 08:06 523786                     /usr/lib/jvm/java-7-openjdk/jre/lib/resources.jar
7f93a8aa2000-7f93a8aac000 rw-p 00000000 00:00 0 
7f93a8aac000-7f93a8b62000 rw-p 00000000 00:00 0 
7f93a8b62000-7f93a8b65000 ---p 00000000 00:00 0 
7f93a8b65000-7f93a8c68000 rw-p 00000000 00:00 0 
7f93a8c6a000-7f93a8c6b000 r--s 00000000 00:11 27270                      /home/tobi/.fontconfig/5604230ae2129cf9aeedc64ab4ef6938-le64.cache-3
7f93a8c6b000-7f93a8c6c000 rw-s 00005000 00:05 9111                       /dev/ati/card1
7f93a8c6c000-7f93a8c8c000 rw-s feae0000 00:05 9111                       /dev/ati/card1
7f93a8c8c000-7f93a8c8e000 rw-s 00002000 00:05 9111                       /dev/ati/card1
7f93a8c8e000-7f93a8c96000 rw-s 00000000 08:06 265761                     /tmp/hsperfdata_tobi/9968 (deleted)
7f93a8c96000-7f93a8c97000 rw-p 00000000 00:00 0 
7f93a8c97000-7f93a8c98000 ---p 00000000 00:00 0 
7f93a8c98000-7f93a8c99000 rw-p 00000000 00:00 0 
7f93a8c99000-7f93a8c9a000 r--p 00021000 08:06 1312                       /lib/ld-2.15.so
7f93a8c9a000-7f93a8c9b000 rw-p 00022000 08:06 1312                       /lib/ld-2.15.so
7f93a8c9b000-7f93a8c9c000 rw-p 00000000 00:00 0 
7ffff237f000-7ffff23a0000 rw-p 00000000 00:00 0                          [stack]
7ffff23ff000-7ffff2400000 r-xp 00000000 00:00 0                          [vdso]
ffffffffff600000-ffffffffff601000 r-xp 00000000 00:00 0                  [vsyscall]

VM Arguments:
jvm_args: -Dsun.java2d.opengl=True -Dfile.encoding=UTF-8 
java_command: bombi.BombiGui
Launcher Type: SUN_STANDARD

Environment Variables:
JAVA_HOME=/usr/lib/jvm/java-7-openjdk
PATH=/usr/local/bin:/usr/bin:/bin:/usr/local/sbin:/usr/sbin:/sbin:/opt/android-sdk/platform-tools:/opt/android-sdk/tools:/usr/bin/vendor_perl:/usr/bin/core_perl:/opt/qt/bin
SHELL=/bin/bash
DISPLAY=:0.0

Signal Handlers:
SIGSEGV: [libjvm.so+0x807d30], sa_mask[0]=0x7ffbfeff, sa_flags=0x10000004
SIGBUS: [libjvm.so+0x807d30], sa_mask[0]=0x7ffbfeff, sa_flags=0x10000004
SIGFPE: [libjvm.so+0x6ac970], sa_mask[0]=0x7ffbfeff, sa_flags=0x10000004
SIGPIPE: [libjvm.so+0x6ac970], sa_mask[0]=0x7ffbfeff, sa_flags=0x10000004
SIGXFSZ: [libjvm.so+0x6ac970], sa_mask[0]=0x7ffbfeff, sa_flags=0x10000004
SIGILL: [libjvm.so+0x6ac970], sa_mask[0]=0x7ffbfeff, sa_flags=0x10000004
SIGUSR1: SIG_DFL, sa_mask[0]=0x00000000, sa_flags=0x00000000
SIGUSR2: [libjvm.so+0x6acd40], sa_mask[0]=0x00000004, sa_flags=0x10000004
SIGHUP: [libjvm.so+0x6ace80], sa_mask[0]=0x7ffbfeff, sa_flags=0x10000004
SIGINT: [libjvm.so+0x6ace80], sa_mask[0]=0x7ffbfeff, sa_flags=0x10000004
SIGTERM: [libjvm.so+0x6ace80], sa_mask[0]=0x7ffbfeff, sa_flags=0x10000004
SIGQUIT: [libjvm.so+0x6ace80], sa_mask[0]=0x7ffbfeff, sa_flags=0x10000004


---------------  S Y S T E M  ---------------

OS:Linux
uname:Linux 3.3.6-1-ARCH #1 SMP PREEMPT Sun May 13 10:52:32 CEST 2012 x86_64
libc:glibc 2.15 NPTL 2.15 
rlimit: STACK 8192k, CORE 0k, NPROC 125839, NOFILE 4096, AS infinity
load average:1.61 1.69 1.90

/proc/meminfo:
MemTotal:       16180360 kB
MemFree:         9048716 kB
Buffers:         1037072 kB
Cached:          3226276 kB
SwapCached:            0 kB
Active:          3459476 kB
Inactive:        2727332 kB
Active(anon):    1924368 kB
Inactive(anon):    47292 kB
Active(file):    1535108 kB
Inactive(file):  2680040 kB
Unevictable:           0 kB
Mlocked:               0 kB
SwapTotal:             0 kB
SwapFree:              0 kB
Dirty:                80 kB
Writeback:             0 kB
AnonPages:       1921280 kB
Mapped:           327372 kB
Shmem:             48212 kB
Slab:             516952 kB
SReclaimable:     440360 kB
SUnreclaim:        76592 kB
KernelStack:        4648 kB
PageTables:        43312 kB
NFS_Unstable:          0 kB
Bounce:                0 kB
WritebackTmp:          0 kB
CommitLimit:     8090180 kB
Committed_AS:    4521876 kB
VmallocTotal:   34359738367 kB
VmallocUsed:      362644 kB
VmallocChunk:   34359374303 kB
HardwareCorrupted:     0 kB
AnonHugePages:    948224 kB
HugePages_Total:       0
HugePages_Free:        0
HugePages_Rsvd:        0
HugePages_Surp:        0
Hugepagesize:       2048 kB
DirectMap4k:      639488 kB
DirectMap2M:     8534016 kB
DirectMap1G:     7340032 kB


CPU:total 4 (4 cores per cpu, 1 threads per core) family 16 model 5 stepping 2, cmov, cx8, fxsr, mmx, sse, sse2, sse3, popcnt, mmxext, 3dnowpref, lzcnt, sse4a

/proc/cpuinfo:
processor	: 0
vendor_id	: AuthenticAMD
cpu family	: 16
model		: 5
model name	: AMD Athlon(tm) II X4 620 Processor
stepping	: 2
microcode	: 0x10000c6
cpu MHz		: 800.000
cache size	: 512 KB
physical id	: 0
siblings	: 4
core id		: 0
cpu cores	: 4
apicid		: 0
initial apicid	: 0
fpu		: yes
fpu_exception	: yes
cpuid level	: 5
wp		: yes
flags		: fpu vme de pse tsc msr pae mce cx8 apic sep mtrr pge mca cmov pat pse36 clflush mmx fxsr sse sse2 ht syscall nx mmxext fxsr_opt pdpe1gb rdtscp lm 3dnowext 3dnow constant_tsc rep_good nopl nonstop_tsc extd_apicid pni monitor cx16 popcnt lahf_lm cmp_legacy svm extapic cr8_legacy abm sse4a misalignsse 3dnowprefetch osvw ibs skinit wdt nodeid_msr npt lbrv svm_lock nrip_save
bogomips	: 5225.40
TLB size	: 1024 4K pages
clflush size	: 64
cache_alignment	: 64
address sizes	: 48 bits physical, 48 bits virtual
power management: ts ttp tm stc 100mhzsteps hwpstate

processor	: 1
vendor_id	: AuthenticAMD
cpu family	: 16
model		: 5
model name	: AMD Athlon(tm) II X4 620 Processor
stepping	: 2
microcode	: 0x10000c6
cpu MHz		: 2600.000
cache size	: 512 KB
physical id	: 0
siblings	: 4
core id		: 1
cpu cores	: 4
apicid		: 1
initial apicid	: 1
fpu		: yes
fpu_exception	: yes
cpuid level	: 5
wp		: yes
flags		: fpu vme de pse tsc msr pae mce cx8 apic sep mtrr pge mca cmov pat pse36 clflush mmx fxsr sse sse2 ht syscall nx mmxext fxsr_opt pdpe1gb rdtscp lm 3dnowext 3dnow constant_tsc rep_good nopl nonstop_tsc extd_apicid pni monitor cx16 popcnt lahf_lm cmp_legacy svm extapic cr8_legacy abm sse4a misalignsse 3dnowprefetch osvw ibs skinit wdt nodeid_msr npt lbrv svm_lock nrip_save
bogomips	: 5225.40
TLB size	: 1024 4K pages
clflush size	: 64
cache_alignment	: 64
address sizes	: 48 bits physical, 48 bits virtual
power management: ts ttp tm stc 100mhzsteps hwpstate

processor	: 2
vendor_id	: AuthenticAMD
cpu family	: 16
model		: 5
model name	: AMD Athlon(tm) II X4 620 Processor
stepping	: 2
microcode	: 0x10000c6
cpu MHz		: 800.000
cache size	: 512 KB
physical id	: 0
siblings	: 4
core id		: 2
cpu cores	: 4
apicid		: 2
initial apicid	: 2
fpu		: yes
fpu_exception	: yes
cpuid level	: 5
wp		: yes
flags		: fpu vme de pse tsc msr pae mce cx8 apic sep mtrr pge mca cmov pat pse36 clflush mmx fxsr sse sse2 ht syscall nx mmxext fxsr_opt pdpe1gb rdtscp lm 3dnowext 3dnow constant_tsc rep_good nopl nonstop_tsc extd_apicid pni monitor cx16 popcnt lahf_lm cmp_legacy svm extapic cr8_legacy abm sse4a misalignsse 3dnowprefetch osvw ibs skinit wdt nodeid_msr npt lbrv svm_lock nrip_save
bogomips	: 5225.40
TLB size	: 1024 4K pages
clflush size	: 64
cache_alignment	: 64
address sizes	: 48 bits physical, 48 bits virtual
power management: ts ttp tm stc 100mhzsteps hwpstate

processor	: 3
vendor_id	: AuthenticAMD
cpu family	: 16
model		: 5
model name	: AMD Athlon(tm) II X4 620 Processor
stepping	: 2
microcode	: 0x10000c6
cpu MHz		: 800.000
cache size	: 512 KB
physical id	: 0
siblings	: 4
core id		: 3
cpu cores	: 4
apicid		: 3
initial apicid	: 3
fpu		: yes
fpu_exception	: yes
cpuid level	: 5
wp		: yes
flags		: fpu vme de pse tsc msr pae mce cx8 apic sep mtrr pge mca cmov pat pse36 clflush mmx fxsr sse sse2 ht syscall nx mmxext fxsr_opt pdpe1gb rdtscp lm 3dnowext 3dnow constant_tsc rep_good nopl nonstop_tsc extd_apicid pni monitor cx16 popcnt lahf_lm cmp_legacy svm extapic cr8_legacy abm sse4a misalignsse 3dnowprefetch osvw ibs skinit wdt nodeid_msr npt lbrv svm_lock nrip_save
bogomips	: 5225.40
TLB size	: 1024 4K pages
clflush size	: 64
cache_alignment	: 64
address sizes	: 48 bits physical, 48 bits virtual
power management: ts ttp tm stc 100mhzsteps hwpstate



Memory: 4k page, physical 16180360k(9048716k free), swap 0k(0k free)

vm_info: OpenJDK 64-Bit Server VM (22.0-b10) for linux-amd64 JRE (1.7.0_03-b147), built on Mar  6 2012 20:02:29 by "nobody" with gcc 4.6.3

time: Wed May 16 23:18:41 2012
elapsed time: 97 seconds

