#
# A fatal error has been detected by the Java Runtime Environment:
#
#  SIGSEGV (0xb) at pc=0x00007ff344aeb2a8, pid=5089, tid=140682947348224
#
# JRE version: 7.0_03-b147
# Java VM: OpenJDK 64-Bit Server VM (22.0-b10 mixed mode linux-amd64 compressed oops)
# Derivative: IcedTea7 2.1
# Distribution: Custom build (Tue Mar  6 19:52:34 UTC 2012)
# Problematic frame:
# C  [libX11.so.6+0x382a8]  XQueryExtension+0x28
#
# Failed to write core dump. Core dumps have been disabled. To enable core dumping, try "ulimit -c unlimited" before starting Java again
#
# If you would like to submit a bug report, please include
# instructions on how to reproduce the bug and visit:
#   http://icedtea.classpath.org/bugzilla
#

---------------  T H R E A D  ---------------

Current thread (0x00007ff34809d000):  VMThread [stack: 0x00007ff34d0a4000,0x00007ff34d1a5000] [id=5099]

siginfo:si_signo=SIGSEGV: si_errno=0, si_code=1 (SEGV_MAPERR), si_addr=0x00000000481c8d88

Registers:
RAX=0x00007ff334000bd0, RBX=0x00000000481c8420, RCX=0x00007ff34d1a3638, RDX=0x00007ff34d1a3634
RSP=0x00007ff34d1a35d0, RBP=0x00007ff30ce26932, RSI=0x00007ff30ce26932, RDI=0x00000000481c8420
R8 =0x00007ff34d1a363c, R9 =0x0000000000000003, R10=0x0000000000020411, R11=0x00007ff35096aad0
R12=0x0000000000000000, R13=0x00007ff30ce26932, R14=0x00007ff334000bd0, R15=0x0000000000000000
RIP=0x00007ff344aeb2a8, EFLAGS=0x0000000000010202, CSGSFS=0x0000000000000033, ERR=0x0000000000000004
  TRAPNO=0x000000000000000e

Top of Stack: (sp=0x00007ff34d1a35d0)
0x00007ff34d1a35d0:   0000000000000000 0000000000000000
0x00007ff34d1a35e0:   0000000000000000 0000003000000003
0x00007ff34d1a35f0:   0000006e0000005b 00000000481c8420
0x00007ff34d1a3600:   00007ff30ce26932 0000000000000000
0x00007ff34d1a3610:   00007ff30ce26932 00007ff334000bd0
0x00007ff34d1a3620:   0000000000000000 00007ff344adf285
0x00007ff34d1a3630:   0000000000000000 00007ff3509afb20
0x00007ff34d1a3640:   00007ff30cf5f520 00000000481c8420
0x00007ff34d1a3650:   00007ff3481d0c80 00007ff344dfbb1b
0x00007ff34d1a3660:   00007ff300000005 0000001100000000
0x00007ff34d1a3670:   00007ff300000005 0000000000000000
0x00007ff34d1a3680:   00007ff34d1a36f0 00000000481c8420
0x00007ff34d1a3690:   00007ff34d1a3878 00007ff34d1a3990
0x00007ff34d1a36a0:   00007ff30cf78d50 00007ff30cdcd119
0x00007ff34d1a36b0:   0000000000000000 00007ff3481d0d30
0x00007ff34d1a36c0:   00007ff34d1a36f0 00007ff30d1db008
0x00007ff34d1a36d0:   00007ff34d1a3878 00007ff34d1a3990
0x00007ff34d1a36e0:   00000000ffffffff 00007ff30cdc3b42
0x00007ff34d1a36f0:   00007ff34d1a3a00 00007ff30ce268b1
0x00007ff34d1a3700:   00007ff34d1a3a00 00007ff351525f5f
0x00007ff34d1a3710:   00007ff35173a170 00007ff35173a700
0x00007ff34d1a3720:   00007ff351706000 00007ff348005900
0x00007ff34d1a3730:   00007ff34800a110 00007ff34817b250
0x00007ff34d1a3740:   00007ff34817c6d0 00007ff34817d060
0x00007ff34d1a3750:   00007ff34817d570 00007ff34817cb70
0x00007ff34d1a3760:   00007ff34817da80 00007ff34817e990
0x00007ff34d1a3770:   00007ff34817e480 00007ff34817eea0
0x00007ff34d1a3780:   00007ff34817f3a0 00007ff34817f890
0x00007ff34d1a3790:   00007ff3481802b0 00007ff348181bf0
0x00007ff34d1a37a0:   00007ff348182d50 00007ff348183250
0x00007ff34d1a37b0:   00007ff348183740 00007ff34817c230
0x00007ff34d1a37c0:   00007ff348183c40 00007ff348184150 

Instructions: (pc=0x00007ff344aeb2a8)
0x00007ff344aeb288:   24 d8 48 89 fb 4c 89 64 24 e0 4c 89 6c 24 e8 48
0x00007ff344aeb298:   89 f5 4c 89 74 24 f0 4c 89 7c 24 f8 48 83 ec 58
0x00007ff344aeb2a8:   48 8b 87 68 09 00 00 49 89 d4 49 89 cd 4d 89 c6
0x00007ff344aeb2b8:   48 85 c0 74 02 ff 10 ba 08 00 00 00 be 62 00 00 

Register to memory mapping:

RAX=0x00007ff334000bd0 is an unknown value
RBX=0x00000000481c8420 is an unknown value
RCX=0x00007ff34d1a3638 is an unknown value
RDX=0x00007ff34d1a3634 is an unknown value
RSP=0x00007ff34d1a35d0 is an unknown value
RBP=0x00007ff30ce26932: <offset 0x96932> in /usr/lib/libGL.so.1 at 0x00007ff30cd90000
RSI=0x00007ff30ce26932: <offset 0x96932> in /usr/lib/libGL.so.1 at 0x00007ff30cd90000
RDI=0x00000000481c8420 is an unknown value
R8 =0x00007ff34d1a363c is an unknown value
R9 =0x0000000000000003 is an unknown value
R10=0x0000000000020411 is an unknown value
R11=0x00007ff35096aad0: __cxa_finalize+0 in /lib/libc.so.6 at 0x00007ff350933000
R12=0x0000000000000000 is an unknown value
R13=0x00007ff30ce26932: <offset 0x96932> in /usr/lib/libGL.so.1 at 0x00007ff30cd90000
R14=0x00007ff334000bd0 is an unknown value
R15=0x0000000000000000 is an unknown value


Stack: [0x00007ff34d0a4000,0x00007ff34d1a5000],  sp=0x00007ff34d1a35d0,  free space=1021k
Native frames: (J=compiled Java code, j=interpreted, Vv=VM code, C=native code)
C  [libX11.so.6+0x382a8]  XQueryExtension+0x28

VM_Operation (0x00007ff309d5e0e0): Exit, mode: safepoint, requested by thread 0x00007ff3484de800


---------------  P R O C E S S  ---------------

Java Threads: ( => current thread )
  0x00007ff348006000 JavaThread "DestroyJavaVM" [_thread_blocked, id=5094, stack(0x00007ff351601000,0x00007ff351702000)]
  0x00007ff3484e3800 JavaThread "Thread-0" [_thread_blocked, id=5112, stack(0x00007ff309b5f000,0x00007ff309c60000)]
  0x00007ff3484de800 JavaThread "AWT-EventQueue-0" [_thread_blocked, id=5111, stack(0x00007ff309c60000,0x00007ff309d61000)]
  0x00007ff3484dd000 JavaThread "AWT-Shutdown" [_thread_blocked, id=5110, stack(0x00007ff309d61000,0x00007ff309e62000)]
  0x00007ff348440000 JavaThread "AWT-XAWT" daemon [_thread_blocked, id=5109, stack(0x00007ff309f77000,0x00007ff30a078000)]
  0x00007ff3483f6000 JavaThread "Java2D Disposer" daemon [_thread_blocked, id=5108, stack(0x00007ff30a078000,0x00007ff30a179000)]
  0x00007ff3483f3800 JavaThread "Java2D Queue Flusher" daemon [_thread_blocked, id=5107, stack(0x00007ff30a1c1000,0x00007ff30a2c2000)]
  0x00007ff348106000 JavaThread "Service Thread" daemon [_thread_blocked, id=5105, stack(0x00007ff34c6f2000,0x00007ff34c7f3000)]
  0x00007ff348103800 JavaThread "C2 CompilerThread1" daemon [_thread_blocked, id=5104, stack(0x00007ff34c7f3000,0x00007ff34c8f4000)]
  0x00007ff348101000 JavaThread "C2 CompilerThread0" daemon [_thread_blocked, id=5103, stack(0x00007ff34c8f4000,0x00007ff34c9f5000)]
  0x00007ff3480fe800 JavaThread "Signal Dispatcher" daemon [_thread_blocked, id=5102, stack(0x00007ff34c9f5000,0x00007ff34caf6000)]
  0x00007ff3480a8000 JavaThread "Finalizer" daemon [_thread_blocked, id=5101, stack(0x00007ff34cea2000,0x00007ff34cfa3000)]
  0x00007ff3480a5800 JavaThread "Reference Handler" daemon [_thread_blocked, id=5100, stack(0x00007ff34cfa3000,0x00007ff34d0a4000)]

Other Threads:
=>0x00007ff34809d000 VMThread [stack: 0x00007ff34d0a4000,0x00007ff34d1a5000] [id=5099]

VM state:at safepoint (shutting down)

VM Mutex/Monitor currently owned by a thread:  ([mutex/lock_event])
[0x00007ff348003f50] Threads_lock - owner thread: 0x00007ff34809d000

Heap
 PSYoungGen      total 73792K, used 28889K [0x00000007adab0000, 0x00000007b2d00000, 0x0000000800000000)
  eden space 63296K, 39% used [0x00000007adab0000,0x00000007af365c40,0x00000007b1880000)
  from space 10496K, 34% used [0x00000007b1880000,0x00000007b1c00b50,0x00000007b22c0000)
  to   space 10496K, 0% used [0x00000007b22c0000,0x00000007b22c0000,0x00000007b2d00000)
 PSOldGen        total 168576K, used 0K [0x0000000709000000, 0x00000007134a0000, 0x00000007adab0000)
  object space 168576K, 0% used [0x0000000709000000,0x0000000709000000,0x00000007134a0000)
 PSPermGen       total 21248K, used 10922K [0x00000006fea00000, 0x00000006ffec0000, 0x0000000709000000)
  object space 21248K, 51% used [0x00000006fea00000,0x00000006ff4aa860,0x00000006ffec0000)

Code Cache  [0x00007ff345000000, 0x00007ff345270000, 0x00007ff348000000)
 total_blobs=516 nmethods=80 adapters=390 free_code_cache=48422Kb largest_free_block=49561472

Dynamic libraries:
00400000-00401000 r-xp 00000000 08:06 533859                             /usr/lib/jvm/java-7-openjdk/jre/bin/java
00600000-00601000 rw-p 00000000 08:06 533859                             /usr/lib/jvm/java-7-openjdk/jre/bin/java
00669000-0068a000 rw-p 00000000 00:00 0                                  [heap]
6fea00000-6ffec0000 rw-p 00000000 00:00 0 
6ffec0000-709000000 rw-p 00000000 00:00 0 
709000000-7134a0000 rw-p 00000000 00:00 0 
7134a0000-7adab0000 rw-p 00000000 00:00 0 
7adab0000-7b2d00000 rw-p 00000000 00:00 0 
7b2d00000-800000000 rw-p 00000000 00:00 0 
7ff2e4000000-7ff2e4021000 rw-p 00000000 00:00 0 
7ff2e4021000-7ff2e8000000 ---p 00000000 00:00 0 
7ff2ec000000-7ff2ec0f4000 rw-p 00000000 00:00 0 
7ff2ec0f4000-7ff2f0000000 ---p 00000000 00:00 0 
7ff2f0000000-7ff2f0021000 rw-p 00000000 00:00 0 
7ff2f0021000-7ff2f4000000 ---p 00000000 00:00 0 
7ff2f4000000-7ff2f4021000 rw-p 00000000 00:00 0 
7ff2f4021000-7ff2f8000000 ---p 00000000 00:00 0 
7ff2f8000000-7ff2f81a1000 rw-p 00000000 00:00 0 
7ff2f81a1000-7ff2fc000000 ---p 00000000 00:00 0 
7ff2fc000000-7ff2fc021000 rw-p 00000000 00:00 0 
7ff2fc021000-7ff300000000 ---p 00000000 00:00 0 
7ff300000000-7ff30007a000 rw-p 00000000 00:00 0 
7ff30007a000-7ff304000000 ---p 00000000 00:00 0 
7ff304000000-7ff304919000 rw-p 00000000 00:00 0 
7ff304919000-7ff308000000 ---p 00000000 00:00 0 
7ff308df9000-7ff308dfc000 ---p 00000000 00:00 0 
7ff308dfc000-7ff308efa000 rw-p 00000000 00:00 0 
7ff308efa000-7ff308efd000 ---p 00000000 00:00 0 
7ff308efd000-7ff308ffb000 rw-p 00000000 00:00 0 
7ff308ffb000-7ff3091fb000 rw-s 0a276000 00:05 10083                      /dev/ati/card1
7ff3091fb000-7ff3093fb000 rw-s 0a274000 00:05 10083                      /dev/ati/card1
7ff3093fb000-7ff30940b000 r-xp 00000000 08:06 525189                     /usr/lib/jvm/java-7-openjdk/jre/lib/amd64/libnio.so
7ff30940b000-7ff30960b000 ---p 00010000 08:06 525189                     /usr/lib/jvm/java-7-openjdk/jre/lib/amd64/libnio.so
7ff30960b000-7ff30960c000 rw-p 00010000 08:06 525189                     /usr/lib/jvm/java-7-openjdk/jre/lib/amd64/libnio.so
7ff30960c000-7ff309621000 r-xp 00000000 08:06 525188                     /usr/lib/jvm/java-7-openjdk/jre/lib/amd64/libnet.so
7ff309621000-7ff309821000 ---p 00015000 08:06 525188                     /usr/lib/jvm/java-7-openjdk/jre/lib/amd64/libnet.so
7ff309821000-7ff309822000 rw-p 00015000 08:06 525188                     /usr/lib/jvm/java-7-openjdk/jre/lib/amd64/libnet.so
7ff309822000-7ff30985c000 r-xp 00000000 08:06 525196                     /usr/lib/jvm/java-7-openjdk/jre/lib/amd64/libfontmanager.so
7ff30985c000-7ff309a5c000 ---p 0003a000 08:06 525196                     /usr/lib/jvm/java-7-openjdk/jre/lib/amd64/libfontmanager.so
7ff309a5c000-7ff309a5f000 rw-p 0003a000 08:06 525196                     /usr/lib/jvm/java-7-openjdk/jre/lib/amd64/libfontmanager.so
7ff309a5f000-7ff309b5f000 rw-s 0a26e000 00:05 10083                      /dev/ati/card1
7ff309b5f000-7ff309b62000 ---p 00000000 00:00 0 
7ff309b62000-7ff309c60000 rw-p 00000000 00:00 0 
7ff309c60000-7ff309c63000 ---p 00000000 00:00 0 
7ff309c63000-7ff309d61000 rw-p 00000000 00:00 0 
7ff309d61000-7ff309d64000 ---p 00000000 00:00 0 
7ff309d64000-7ff309e62000 rw-p 00000000 00:00 0 
7ff309e62000-7ff309e78000 r--s 00000000 08:07 22836                      /var/cache/fontconfig/8d4af663993b81a124ee82e610bb31f9-le64.cache-3
7ff309e78000-7ff309ebd000 r--s 00000000 08:07 26937                      /var/cache/fontconfig/f6b893a7224233d96cb72fd88691c0b4-le64.cache-3
7ff309ebd000-7ff309f1a000 r--s 00000000 08:07 26936                      /var/cache/fontconfig/17090aa38d5c6f09fb8c5c354938f1d7-le64.cache-3
7ff309f1a000-7ff309f77000 r--s 00000000 08:07 26934                      /var/cache/fontconfig/df311e82a1a24c41a75c2c930223552e-le64.cache-3
7ff309f77000-7ff309f7a000 ---p 00000000 00:00 0 
7ff309f7a000-7ff30a078000 rw-p 00000000 00:00 0 
7ff30a078000-7ff30a07b000 ---p 00000000 00:00 0 
7ff30a07b000-7ff30a1c1000 rw-p 00000000 00:00 0 
7ff30a1c1000-7ff30a1c4000 ---p 00000000 00:00 0 
7ff30a1c4000-7ff30a2c2000 rw-p 00000000 00:00 0 
7ff30a2c2000-7ff30a9c2000 rw-s 00006000 00:05 10083                      /dev/ati/card1
7ff30a9c2000-7ff30aac2000 rw-p 00000000 00:00 0 
7ff30aac2000-7ff30ca1c000 r-xp 00000000 08:06 527438                     /usr/lib/xorg/modules/dri/fglrx_dri.so
7ff30ca1c000-7ff30cb1c000 ---p 01f5a000 08:06 527438                     /usr/lib/xorg/modules/dri/fglrx_dri.so
7ff30cb1c000-7ff30cc6a000 rwxp 01f5a000 08:06 527438                     /usr/lib/xorg/modules/dri/fglrx_dri.so
7ff30cc6a000-7ff30cd90000 rwxp 00000000 00:00 0 
7ff30cd90000-7ff30ce53000 r-xp 00000000 08:06 531369                     /usr/lib/fglrx/fglrx-libGL.so.1.2
7ff30ce53000-7ff30cf52000 ---p 000c3000 08:06 531369                     /usr/lib/fglrx/fglrx-libGL.so.1.2
7ff30cf52000-7ff30cf79000 rwxp 000c2000 08:06 531369                     /usr/lib/fglrx/fglrx-libGL.so.1.2
7ff30cf79000-7ff30cf99000 rwxp 00000000 00:00 0 
7ff30cf99000-7ff30cfdb000 r-xp 00000000 08:06 527897                     /usr/lib/libdbus-1.so.3.5.9
7ff30cfdb000-7ff30d1db000 ---p 00042000 08:06 527897                     /usr/lib/libdbus-1.so.3.5.9
7ff30d1db000-7ff30d1dd000 rw-p 00042000 08:06 527897                     /usr/lib/libdbus-1.so.3.5.9
7ff30d1dd000-7ff30d1ee000 r-xp 00000000 08:06 533797                     /usr/lib/libp11-kit.so.0.0.0
7ff30d1ee000-7ff30d3ed000 ---p 00011000 08:06 533797                     /usr/lib/libp11-kit.so.0.0.0
7ff30d3ed000-7ff30d3ee000 r--p 00010000 08:06 533797                     /usr/lib/libp11-kit.so.0.0.0
7ff30d3ee000-7ff30d3ef000 rw-p 00011000 08:06 533797                     /usr/lib/libp11-kit.so.0.0.0
7ff30d3ef000-7ff30d454000 r-xp 00000000 08:06 527102                     /usr/lib/libgmp.so.10.0.5
7ff30d454000-7ff30d654000 ---p 00065000 08:06 527102                     /usr/lib/libgmp.so.10.0.5
7ff30d654000-7ff30d655000 r--p 00065000 08:06 527102                     /usr/lib/libgmp.so.10.0.5
7ff30d655000-7ff30d65e000 rw-p 00066000 08:06 527102                     /usr/lib/libgmp.so.10.0.5
7ff30d65e000-7ff30d670000 r-xp 00000000 08:06 533726                     /usr/lib/libhogweed.so.2.1
7ff30d670000-7ff30d86f000 ---p 00012000 08:06 533726                     /usr/lib/libhogweed.so.2.1
7ff30d86f000-7ff30d870000 r--p 00011000 08:06 533726                     /usr/lib/libhogweed.so.2.1
7ff30d870000-7ff30d871000 rw-p 00012000 08:06 533726                     /usr/lib/libhogweed.so.2.1
7ff30d871000-7ff30d896000 r-xp 00000000 08:06 531660                     /usr/lib/libnettle.so.4.3
7ff30d896000-7ff30da96000 ---p 00025000 08:06 531660                     /usr/lib/libnettle.so.4.3
7ff30da96000-7ff30da97000 r--p 00025000 08:06 531660                     /usr/lib/libnettle.so.4.3
7ff30da97000-7ff30da98000 rw-p 00026000 08:06 531660                     /usr/lib/libnettle.so.4.3
7ff30da98000-7ff30daa8000 r-xp 00000000 08:06 523686                     /usr/lib/libtasn1.so.3.1.15
7ff30daa8000-7ff30dca7000 ---p 00010000 08:06 523686                     /usr/lib/libtasn1.so.3.1.15
7ff30dca7000-7ff30dca8000 r--p 0000f000 08:06 523686                     /usr/lib/libtasn1.so.3.1.15
7ff30dca8000-7ff30dca9000 rw-p 00010000 08:06 523686                     /usr/lib/libtasn1.so.3.1.15
7ff30dca9000-7ff30dcac000 r-xp 00000000 08:06 536931                     /usr/lib/libkeyutils.so.1.4
7ff30dcac000-7ff30deab000 ---p 00003000 08:06 536931                     /usr/lib/libkeyutils.so.1.4
7ff30deab000-7ff30deac000 r--p 00002000 08:06 536931                     /usr/lib/libkeyutils.so.1.4
7ff30deac000-7ff30dead000 rw-p 00003000 08:06 536931                     /usr/lib/libkeyutils.so.1.4
7ff30dead000-7ff30deb6000 r-xp 00000000 08:06 529619                     /usr/lib/libkrb5support.so.0.1
7ff30deb6000-7ff30e0b5000 ---p 00009000 08:06 529619                     /usr/lib/libkrb5support.so.0.1
7ff30e0b5000-7ff30e0b6000 r--p 00008000 08:06 529619                     /usr/lib/libkrb5support.so.0.1
7ff30e0b6000-7ff30e0b7000 rw-p 00009000 08:06 529619                     /usr/lib/libkrb5support.so.0.1
7ff30e0b7000-7ff30e0ba000 r-xp 00000000 08:06 524071                     /usr/lib/libcom_err.so.2.1
7ff30e0ba000-7ff30e2b9000 ---p 00003000 08:06 524071                     /usr/lib/libcom_err.so.2.1
7ff30e2b9000-7ff30e2ba000 r--p 00002000 08:06 524071                     /usr/lib/libcom_err.so.2.1
7ff30e2ba000-7ff30e2bb000 rw-p 00003000 08:06 524071                     /usr/lib/libcom_err.so.2.1
7ff30e2bb000-7ff30e2e3000 r-xp 00000000 08:06 533131                     /usr/lib/libk5crypto.so.3.1
7ff30e2e3000-7ff30e4e3000 ---p 00028000 08:06 533131                     /usr/lib/libk5crypto.so.3.1
7ff30e4e3000-7ff30e4e4000 r--p 00028000 08:06 533131                     /usr/lib/libk5crypto.so.3.1
7ff30e4e4000-7ff30e4e5000 rw-p 00029000 08:06 533131                     /usr/lib/libk5crypto.so.3.1
7ff30e4e5000-7ff30e4e6000 rw-p 00000000 00:00 0 
7ff30e4e6000-7ff30e5be000 r-xp 00000000 08:06 527453                     /usr/lib/libkrb5.so.3.3
7ff30e5be000-7ff30e7be000 ---p 000d8000 08:06 527453                     /usr/lib/libkrb5.so.3.3
7ff30e7be000-7ff30e7c8000 r--p 000d8000 08:06 527453                     /usr/lib/libkrb5.so.3.3
7ff30e7c8000-7ff30e7ca000 rw-p 000e2000 08:06 527453                     /usr/lib/libkrb5.so.3.3
7ff30e7ca000-7ff30e7cf000 r-xp 00000000 08:06 523755                     /usr/lib/libXdmcp.so.6.0.0
7ff30e7cf000-7ff30e9ce000 ---p 00005000 08:06 523755                     /usr/lib/libXdmcp.so.6.0.0
7ff30e9ce000-7ff30e9cf000 r--p 00004000 08:06 523755                     /usr/lib/libXdmcp.so.6.0.0
7ff30e9cf000-7ff30e9d0000 rw-p 00005000 08:06 523755                     /usr/lib/libXdmcp.so.6.0.0
7ff30e9d0000-7ff30e9d2000 r-xp 00000000 08:06 523713                     /usr/lib/libXau.so.6.0.0
7ff30e9d2000-7ff30ebd2000 ---p 00002000 08:06 523713                     /usr/lib/libXau.so.6.0.0
7ff30ebd2000-7ff30ebd3000 r--p 00002000 08:06 523713                     /usr/lib/libXau.so.6.0.0
7ff30ebd3000-7ff30ebd4000 rw-p 00003000 08:06 523713                     /usr/lib/libXau.so.6.0.0
7ff30ebd4000-7ff30ebe4000 r-xp 00000000 08:06 526584                     /usr/lib/libavahi-client.so.3.2.9
7ff30ebe4000-7ff30ede3000 ---p 00010000 08:06 526584                     /usr/lib/libavahi-client.so.3.2.9
7ff30ede3000-7ff30ede4000 r--p 0000f000 08:06 526584                     /usr/lib/libavahi-client.so.3.2.9
7ff30ede4000-7ff30ede5000 rw-p 00010000 08:06 526584                     /usr/lib/libavahi-client.so.3.2.9
7ff30ede5000-7ff30edf1000 r-xp 00000000 08:06 527596                     /usr/lib/libavahi-common.so.3.5.3
7ff30edf1000-7ff30eff0000 ---p 0000c000 08:06 527596                     /usr/lib/libavahi-common.so.3.5.3
7ff30eff0000-7ff30eff1000 r--p 0000b000 08:06 527596                     /usr/lib/libavahi-common.so.3.5.3
7ff30eff1000-7ff30eff2000 rw-p 0000c000 08:06 527596                     /usr/lib/libavahi-common.so.3.5.3
7ff30eff2000-7ff30f0e4000 r-xp 00000000 08:06 528636                     /usr/lib/libgnutls.so.28.8.1
7ff30f0e4000-7ff30f2e4000 ---p 000f2000 08:06 528636                     /usr/lib/libgnutls.so.28.8.1
7ff30f2e4000-7ff30f2ec000 r--p 000f2000 08:06 528636                     /usr/lib/libgnutls.so.28.8.1
7ff30f2ec000-7ff30f2ee000 rw-p 000fa000 08:06 528636                     /usr/lib/libgnutls.so.28.8.1
7ff30f2ee000-7ff30f2ef000 rw-p 00000000 00:00 0 
7ff30f2ef000-7ff30f330000 r-xp 00000000 08:06 533554                     /usr/lib/libgssapi_krb5.so.2.2
7ff30f330000-7ff30f530000 ---p 00041000 08:06 533554                     /usr/lib/libgssapi_krb5.so.2.2
7ff30f530000-7ff30f531000 r--p 00041000 08:06 533554                     /usr/lib/libgssapi_krb5.so.2.2
7ff30f531000-7ff30f533000 rw-p 00042000 08:06 533554                     /usr/lib/libgssapi_krb5.so.2.2
7ff30f533000-7ff30f55b000 r-xp 00000000 08:06 534280                     /usr/lib/libexpat.so.1.6.0
7ff30f55b000-7ff30f75a000 ---p 00028000 08:06 534280                     /usr/lib/libexpat.so.1.6.0
7ff30f75a000-7ff30f75c000 r--p 00027000 08:06 534280                     /usr/lib/libexpat.so.1.6.0
7ff30f75c000-7ff30f75d000 rw-p 00029000 08:06 534280                     /usr/lib/libexpat.so.1.6.0
7ff30f75d000-7ff30f76c000 r-xp 00000000 08:06 535331                     /usr/lib/libbz2.so.1.0.6
7ff30f76c000-7ff30f96b000 ---p 0000f000 08:06 535331                     /usr/lib/libbz2.so.1.0.6
7ff30f96b000-7ff30f96d000 rw-p 0000e000 08:06 535331                     /usr/lib/libbz2.so.1.0.6
7ff30f96d000-7ff30f975000 r-xp 00000000 08:06 534957                     /usr/lib/libxcb-render.so.0.0.0
7ff30f975000-7ff30fb75000 ---p 00008000 08:06 534957                     /usr/lib/libxcb-render.so.0.0.0
7ff30fb75000-7ff30fb76000 rw-p 00008000 08:06 534957                     /usr/lib/libxcb-render.so.0.0.0
7ff30fb76000-7ff30fb78000 r-xp 00000000 08:06 530934                     /usr/lib/libxcb-shm.so.0.0.0
7ff30fb78000-7ff30fd77000 ---p 00002000 08:06 530934                     /usr/lib/libxcb-shm.so.0.0.0
7ff30fd77000-7ff30fd78000 rw-p 00001000 08:06 530934                     /usr/lib/libxcb-shm.so.0.0.0
7ff30fd78000-7ff30fdf9000 r-xp 00000000 08:06 528735                     /usr/lib/libpixman-1.so.0.24.4
7ff30fdf9000-7ff30fff9000 ---p 00081000 08:06 528735                     /usr/lib/libpixman-1.so.0.24.4
7ff30fff9000-7ff30ffff000 r--p 00081000 08:06 528735                     /usr/lib/libpixman-1.so.0.24.4
7ff30ffff000-7ff310000000 rw-p 00087000 08:06 528735                     /usr/lib/libpixman-1.so.0.24.4
7ff310000000-7ff310021000 rw-p 00000000 00:00 0 
7ff310021000-7ff314000000 ---p 00000000 00:00 0 
7ff314015000-7ff314050000 r-xp 00000000 08:06 527355                     /usr/lib/libatiadlxx.so
7ff314050000-7ff314150000 ---p 0003b000 08:06 527355                     /usr/lib/libatiadlxx.so
7ff314150000-7ff314159000 rw-p 0003b000 08:06 527355                     /usr/lib/libatiadlxx.so
7ff314159000-7ff31416a000 rw-p 00000000 00:00 0 
7ff31416a000-7ff314196000 r-xp 00000000 08:06 528725                     /usr/lib/libpng15.so.15.10.0
7ff314196000-7ff314395000 ---p 0002c000 08:06 528725                     /usr/lib/libpng15.so.15.10.0
7ff314395000-7ff314396000 r--p 0002b000 08:06 528725                     /usr/lib/libpng15.so.15.10.0
7ff314396000-7ff314397000 rw-p 0002c000 08:06 528725                     /usr/lib/libpng15.so.15.10.0
7ff314397000-7ff3143aa000 r-xp 00000000 08:06 1332                       /lib/libresolv-2.15.so
7ff3143aa000-7ff3145aa000 ---p 00013000 08:06 1332                       /lib/libresolv-2.15.so
7ff3145aa000-7ff3145ab000 r--p 00013000 08:06 1332                       /lib/libresolv-2.15.so
7ff3145ab000-7ff3145ac000 rw-p 00014000 08:06 1332                       /lib/libresolv-2.15.so
7ff3145ac000-7ff3145ae000 rw-p 00000000 00:00 0 
7ff3145ae000-7ff314607000 r-xp 00000000 08:06 531196                     /usr/lib/libpcre.so.1.0.0
7ff314607000-7ff314806000 ---p 00059000 08:06 531196                     /usr/lib/libpcre.so.1.0.0
7ff314806000-7ff314807000 r--p 00058000 08:06 531196                     /usr/lib/libpcre.so.1.0.0
7ff314807000-7ff314808000 rw-p 00059000 08:06 531196                     /usr/lib/libpcre.so.1.0.0
7ff314808000-7ff31480f000 r-xp 00000000 08:06 533126                     /usr/lib/libffi.so.6.0.0
7ff31480f000-7ff314a0e000 ---p 00007000 08:06 533126                     /usr/lib/libffi.so.6.0.0
7ff314a0e000-7ff314a0f000 r--p 00006000 08:06 533126                     /usr/lib/libffi.so.6.0.0
7ff314a0f000-7ff314a10000 rw-p 00007000 08:06 533126                     /usr/lib/libffi.so.6.0.0
7ff314a10000-7ff314a12000 r-xp 00000000 08:06 533292                     /usr/lib/libXdamage.so.1.1.0
7ff314a12000-7ff314c11000 ---p 00002000 08:06 533292                     /usr/lib/libXdamage.so.1.1.0
7ff314c11000-7ff314c12000 r--p 00001000 08:06 533292                     /usr/lib/libXdamage.so.1.1.0
7ff314c12000-7ff314c13000 rw-p 00002000 08:06 533292                     /usr/lib/libXdamage.so.1.1.0
7ff314c13000-7ff314c15000 r-xp 00000000 08:06 523753                     /usr/lib/libXcomposite.so.1.0.0
7ff314c15000-7ff314e14000 ---p 00002000 08:06 523753                     /usr/lib/libXcomposite.so.1.0.0
7ff314e14000-7ff314e15000 r--p 00001000 08:06 523753                     /usr/lib/libXcomposite.so.1.0.0
7ff314e15000-7ff314e16000 rw-p 00002000 08:06 523753                     /usr/lib/libXcomposite.so.1.0.0
7ff314e16000-7ff314e1f000 r-xp 00000000 08:06 531336                     /usr/lib/libXcursor.so.1.0.2
7ff314e1f000-7ff31501e000 ---p 00009000 08:06 531336                     /usr/lib/libXcursor.so.1.0.2
7ff31501e000-7ff31501f000 r--p 00008000 08:06 531336                     /usr/lib/libXcursor.so.1.0.2
7ff31501f000-7ff315020000 rw-p 00009000 08:06 531336                     /usr/lib/libXcursor.so.1.0.2
7ff315020000-7ff315028000 r-xp 00000000 08:06 533170                     /usr/lib/libXrandr.so.2.2.0
7ff315028000-7ff315227000 ---p 00008000 08:06 533170                     /usr/lib/libXrandr.so.2.2.0
7ff315227000-7ff315228000 r--p 00007000 08:06 533170                     /usr/lib/libXrandr.so.2.2.0
7ff315228000-7ff315229000 rw-p 00008000 08:06 533170                     /usr/lib/libXrandr.so.2.2.0
7ff315229000-7ff31522b000 r-xp 00000000 08:06 523766                     /usr/lib/libXinerama.so.1.0.0
7ff31522b000-7ff31542a000 ---p 00002000 08:06 523766                     /usr/lib/libXinerama.so.1.0.0
7ff31542a000-7ff31542b000 r--p 00001000 08:06 523766                     /usr/lib/libXinerama.so.1.0.0
7ff31542b000-7ff31542c000 rw-p 00002000 08:06 523766                     /usr/lib/libXinerama.so.1.0.0
7ff31542c000-7ff315431000 r-xp 00000000 08:06 523749                     /usr/lib/libXfixes.so.3.1.0
7ff315431000-7ff315631000 ---p 00005000 08:06 523749                     /usr/lib/libXfixes.so.3.1.0
7ff315631000-7ff315632000 r--p 00005000 08:06 523749                     /usr/lib/libXfixes.so.3.1.0
7ff315632000-7ff315633000 rw-p 00006000 08:06 523749                     /usr/lib/libXfixes.so.3.1.0
7ff315633000-7ff315650000 r-xp 00000000 08:06 533661                     /usr/lib/libxcb.so.1.1.0
7ff315650000-7ff315850000 ---p 0001d000 08:06 533661                     /usr/lib/libxcb.so.1.1.0
7ff315850000-7ff315851000 rw-p 0001d000 08:06 533661                     /usr/lib/libxcb.so.1.1.0
7ff315851000-7ff3158a3000 r-xp 00000000 08:06 527907                     /usr/lib/libcups.so.2
7ff3158a3000-7ff315aa3000 ---p 00052000 08:06 527907                     /usr/lib/libcups.so.2
7ff315aa3000-7ff315aa7000 r--p 00052000 08:06 527907                     /usr/lib/libcups.so.2
7ff315aa7000-7ff315aa8000 rw-p 00056000 08:06 527907                     /usr/lib/libcups.so.2
7ff315aa8000-7ff315b9a000 r-xp 00000000 08:06 528037                     /usr/lib/libglib-2.0.so.0.3200.3
7ff315b9a000-7ff315d99000 ---p 000f2000 08:06 528037                     /usr/lib/libglib-2.0.so.0.3200.3
7ff315d99000-7ff315d9a000 r--p 000f1000 08:06 528037                     /usr/lib/libglib-2.0.so.0.3200.3
7ff315d9a000-7ff315d9b000 rw-p 000f2000 08:06 528037                     /usr/lib/libglib-2.0.so.0.3200.3
7ff315d9b000-7ff315d9c000 rw-p 00000000 00:00 0 
7ff315d9c000-7ff315d9d000 r-xp 00000000 08:06 528046                     /usr/lib/libgthread-2.0.so.0.3200.3
7ff315d9d000-7ff315f9c000 ---p 00001000 08:06 528046                     /usr/lib/libgthread-2.0.so.0.3200.3
7ff315f9c000-7ff315f9d000 r--p 00000000 08:06 528046                     /usr/lib/libgthread-2.0.so.0.3200.3
7ff315f9d000-7ff315f9e000 rw-p 00001000 08:06 528046                     /usr/lib/libgthread-2.0.so.0.3200.3
7ff315f9e000-7ff315fa1000 r-xp 00000000 08:06 528042                     /usr/lib/libgmodule-2.0.so.0.3200.3
7ff315fa1000-7ff3161a0000 ---p 00003000 08:06 528042                     /usr/lib/libgmodule-2.0.so.0.3200.3
7ff3161a0000-7ff3161a1000 r--p 00002000 08:06 528042                     /usr/lib/libgmodule-2.0.so.0.3200.3
7ff3161a1000-7ff3161a2000 rw-p 00003000 08:06 528042                     /usr/lib/libgmodule-2.0.so.0.3200.3
7ff3161a2000-7ff3161ee000 r-xp 00000000 08:06 528048                     /usr/lib/libgobject-2.0.so.0.3200.3
7ff3161ee000-7ff3163ee000 ---p 0004c000 08:06 528048                     /usr/lib/libgobject-2.0.so.0.3200.3
7ff3163ee000-7ff3163ef000 r--p 0004c000 08:06 528048                     /usr/lib/libgobject-2.0.so.0.3200.3
7ff3163ef000-7ff3163f0000 rw-p 0004d000 08:06 528048                     /usr/lib/libgobject-2.0.so.0.3200.3
7ff3163f0000-7ff316424000 r-xp 00000000 08:06 534580                     /usr/lib/libfontconfig.so.1.4.4
7ff316424000-7ff316624000 ---p 00034000 08:06 534580                     /usr/lib/libfontconfig.so.1.4.4
7ff316624000-7ff316625000 r--p 00034000 08:06 534580                     /usr/lib/libfontconfig.so.1.4.4
7ff316625000-7ff316626000 rw-p 00035000 08:06 534580                     /usr/lib/libfontconfig.so.1.4.4
7ff316626000-7ff3166bf000 r-xp 00000000 08:06 533427                     /usr/lib/libfreetype.so.6.8.1
7ff3166bf000-7ff3168be000 ---p 00099000 08:06 533427                     /usr/lib/libfreetype.so.6.8.1
7ff3168be000-7ff3168c4000 r--p 00098000 08:06 533427                     /usr/lib/libfreetype.so.6.8.1
7ff3168c4000-7ff3168c5000 rw-p 0009e000 08:06 533427                     /usr/lib/libfreetype.so.6.8.1
7ff3168c5000-7ff31690d000 r-xp 00000000 08:06 533234                     /usr/lib/libpango-1.0.so.0.3000.0
7ff31690d000-7ff316b0d000 ---p 00048000 08:06 533234                     /usr/lib/libpango-1.0.so.0.3000.0
7ff316b0d000-7ff316b0f000 r--p 00048000 08:06 533234                     /usr/lib/libpango-1.0.so.0.3000.0
7ff316b0f000-7ff316b10000 rw-p 0004a000 08:06 533234                     /usr/lib/libpango-1.0.so.0.3000.0
7ff316b10000-7ff316c00000 r-xp 00000000 08:06 527614                     /usr/lib/libcairo.so.2.11200.2
7ff316c00000-7ff316e00000 ---p 000f0000 08:06 527614                     /usr/lib/libcairo.so.2.11200.2
7ff316e00000-7ff316e04000 rw-p 000f0000 08:06 527614                     /usr/lib/libcairo.so.2.11200.2
7ff316e04000-7ff316e05000 rw-p 00000000 00:00 0 
7ff316e05000-7ff316e26000 r-xp 00000000 08:06 532661                     /usr/lib/libgdk_pixbuf-2.0.so.0.2600.1
7ff316e26000-7ff317025000 ---p 00021000 08:06 532661                     /usr/lib/libgdk_pixbuf-2.0.so.0.2600.1
7ff317025000-7ff317026000 r--p 00020000 08:06 532661                     /usr/lib/libgdk_pixbuf-2.0.so.0.2600.1
7ff317026000-7ff317027000 rw-p 00021000 08:06 532661                     /usr/lib/libgdk_pixbuf-2.0.so.0.2600.1
7ff317027000-7ff317032000 r-xp 00000000 08:06 533238                     /usr/lib/libpangocairo-1.0.so.0.3000.0
7ff317032000-7ff317232000 ---p 0000b000 08:06 533238                     /usr/lib/libpangocairo-1.0.so.0.3000.0
7ff317232000-7ff317233000 r--p 0000b000 08:06 533238                     /usr/lib/libpangocairo-1.0.so.0.3000.0
7ff317233000-7ff317234000 rw-p 0000c000 08:06 533238                     /usr/lib/libpangocairo-1.0.so.0.3000.0
7ff317234000-7ff31725f000 r-xp 00000000 08:06 533236                     /usr/lib/libpangoft2-1.0.so.0.3000.0
7ff31725f000-7ff31745f000 ---p 0002b000 08:06 533236                     /usr/lib/libpangoft2-1.0.so.0.3000.0
7ff31745f000-7ff317460000 r--p 0002b000 08:06 533236                     /usr/lib/libpangoft2-1.0.so.0.3000.0
7ff317460000-7ff317461000 rw-p 0002c000 08:06 533236                     /usr/lib/libpangoft2-1.0.so.0.3000.0
7ff317461000-7ff3175a6000 r-xp 00000000 08:06 528051                     /usr/lib/libgio-2.0.so.0.3200.3
7ff3175a6000-7ff3177a6000 ---p 00145000 08:06 528051                     /usr/lib/libgio-2.0.so.0.3200.3
7ff3177a6000-7ff3177aa000 r--p 00145000 08:06 528051                     /usr/lib/libgio-2.0.so.0.3200.3
7ff3177aa000-7ff3177ac000 rw-p 00149000 08:06 528051                     /usr/lib/libgio-2.0.so.0.3200.3
7ff3177ac000-7ff3177ae000 rw-p 00000000 00:00 0 
7ff3177ae000-7ff3177ce000 r-xp 00000000 08:06 533187                     /usr/lib/libatk-1.0.so.0.20409.1
7ff3177ce000-7ff3179ce000 ---p 00020000 08:06 533187                     /usr/lib/libatk-1.0.so.0.20409.1
7ff3179ce000-7ff3179d0000 r--p 00020000 08:06 533187                     /usr/lib/libatk-1.0.so.0.20409.1
7ff3179d0000-7ff3179d1000 rw-p 00022000 08:06 533187                     /usr/lib/libatk-1.0.so.0.20409.1
7ff3179d1000-7ff317df3000 r-xp 00000000 08:06 523420                     /usr/lib/libgtk-x11-2.0.so.0.2400.10
7ff317df3000-7ff317ff3000 ---p 00422000 08:06 523420                     /usr/lib/libgtk-x11-2.0.so.0.2400.10
7ff317ff3000-7ff317ffa000 r--p 00422000 08:06 523420                     /usr/lib/libgtk-x11-2.0.so.0.2400.10
7ff317ffa000-7ff317ffe000 rw-p 00429000 08:06 523420                     /usr/lib/libgtk-x11-2.0.so.0.2400.10
7ff317ffe000-7ff318000000 rw-p 00000000 00:00 0 
7ff318000000-7ff31833f000 rw-p 00000000 00:00 0 
7ff31833f000-7ff31c000000 ---p 00000000 00:00 0 
7ff31c000000-7ff31c021000 rw-p 00000000 00:00 0 
7ff31c021000-7ff320000000 ---p 00000000 00:00 0 
7ff320000000-7ff320021000 rw-p 00000000 00:00 0 
7ff320021000-7ff324000000 ---p 00000000 00:00 0 
7ff324000000-7ff324524000 rw-p 00000000 00:00 0 
7ff324524000-7ff328000000 ---p 00000000 00:00 0 
7ff328000000-7ff328021000 rw-p 00000000 00:00 0 
7ff328021000-7ff32c000000 ---p 00000000 00:00 0 
7ff32c000000-7ff32c021000 rw-p 00000000 00:00 0 
7ff32c021000-7ff330000000 ---p 00000000 00:00 0 
7ff330000000-7ff330021000 rw-p 00000000 00:00 0 
7ff330021000-7ff334000000 ---p 00000000 00:00 0 
7ff334000000-7ff334021000 rw-p 00000000 00:00 0 
7ff334021000-7ff338000000 ---p 00000000 00:00 0 
7ff338000000-7ff338021000 rw-p 00000000 00:00 0 
7ff338021000-7ff33c000000 ---p 00000000 00:00 0 
7ff33c000000-7ff33c021000 rw-p 00000000 00:00 0 
7ff33c021000-7ff340000000 ---p 00000000 00:00 0 
7ff340000000-7ff340021000 rw-p 00000000 00:00 0 
7ff340021000-7ff344000000 ---p 00000000 00:00 0 
7ff344009000-7ff34400d000 r--s 000a0000 08:06 523715                     /usr/lib/jvm/java-7-openjdk/jre/lib/jsse.jar
7ff34400d000-7ff344016000 r--s 00000000 08:07 26938                      /var/cache/fontconfig/d62e99ef547d1d24cdb1bd22ec1a2976-le64.cache-3
7ff344016000-7ff344056000 rw-s 00030000 00:05 10083                      /dev/ati/card1
7ff344056000-7ff3440d6000 rw-p 00000000 00:00 0 
7ff3440d6000-7ff3440dd000 r-xp 00000000 08:06 526968                     /usr/lib/libatiuki.so.1.0
7ff3440dd000-7ff3441dd000 ---p 00007000 08:06 526968                     /usr/lib/libatiuki.so.1.0
7ff3441dd000-7ff3441de000 rw-p 00007000 08:06 526968                     /usr/lib/libatiuki.so.1.0
7ff3441de000-7ff3441df000 rw-p 00000000 00:00 0 
7ff3441df000-7ff34428c000 r-xp 00000000 08:06 523419                     /usr/lib/libgdk-x11-2.0.so.0.2400.10
7ff34428c000-7ff34448c000 ---p 000ad000 08:06 523419                     /usr/lib/libgdk-x11-2.0.so.0.2400.10
7ff34448c000-7ff344490000 r--p 000ad000 08:06 523419                     /usr/lib/libgdk-x11-2.0.so.0.2400.10
7ff344490000-7ff344492000 rw-p 000b1000 08:06 523419                     /usr/lib/libgdk-x11-2.0.so.0.2400.10
7ff344492000-7ff3444a0000 r-xp 00000000 08:06 526751                     /usr/lib/libXi.so.6.1.0
7ff3444a0000-7ff34469f000 ---p 0000e000 08:06 526751                     /usr/lib/libXi.so.6.1.0
7ff34469f000-7ff3446a0000 r--p 0000d000 08:06 526751                     /usr/lib/libXi.so.6.1.0
7ff3446a0000-7ff3446a1000 rw-p 0000e000 08:06 526751                     /usr/lib/libXi.so.6.1.0
7ff3446a1000-7ff3446a6000 r-xp 00000000 08:06 523793                     /usr/lib/libXtst.so.6.1.0
7ff3446a6000-7ff3448a6000 ---p 00005000 08:06 523793                     /usr/lib/libXtst.so.6.1.0
7ff3448a6000-7ff3448a7000 r--p 00005000 08:06 523793                     /usr/lib/libXtst.so.6.1.0
7ff3448a7000-7ff3448a8000 rw-p 00006000 08:06 523793                     /usr/lib/libXtst.so.6.1.0
7ff3448a8000-7ff3448b2000 r-xp 00000000 08:06 529110                     /usr/lib/libXrender.so.1.3.0
7ff3448b2000-7ff344ab1000 ---p 0000a000 08:06 529110                     /usr/lib/libXrender.so.1.3.0
7ff344ab1000-7ff344ab2000 r--p 00009000 08:06 529110                     /usr/lib/libXrender.so.1.3.0
7ff344ab2000-7ff344ab3000 rw-p 0000a000 08:06 529110                     /usr/lib/libXrender.so.1.3.0
7ff344ab3000-7ff344be7000 r-xp 00000000 08:06 531386                     /usr/lib/libX11.so.6.3.0
7ff344be7000-7ff344de7000 ---p 00134000 08:06 531386                     /usr/lib/libX11.so.6.3.0
7ff344de7000-7ff344de8000 r--p 00134000 08:06 531386                     /usr/lib/libX11.so.6.3.0
7ff344de8000-7ff344ded000 rw-p 00135000 08:06 531386                     /usr/lib/libX11.so.6.3.0
7ff344ded000-7ff344dff000 r-xp 00000000 08:06 523664                     /usr/lib/libXext.so.6.4.0
7ff344dff000-7ff344ffe000 ---p 00012000 08:06 523664                     /usr/lib/libXext.so.6.4.0
7ff344ffe000-7ff344fff000 r--p 00011000 08:06 523664                     /usr/lib/libXext.so.6.4.0
7ff344fff000-7ff345000000 rw-p 00012000 08:06 523664                     /usr/lib/libXext.so.6.4.0
7ff345000000-7ff345270000 rwxp 00000000 00:00 0 
7ff345270000-7ff3484eb000 rw-p 00000000 00:00 0 
7ff3484eb000-7ff34c000000 ---p 00000000 00:00 0 
7ff34c000000-7ff34c001000 r--s 00000000 00:11 27270                      /home/tobi/.fontconfig/5604230ae2129cf9aeedc64ab4ef6938-le64.cache-3
7ff34c001000-7ff34c0c9000 rw-p 00000000 00:00 0 
7ff34c0c9000-7ff34c11b000 r-xp 00000000 08:06 533913                     /usr/lib/jvm/java-7-openjdk/jre/lib/amd64/xawt/libmawt.so
7ff34c11b000-7ff34c31a000 ---p 00052000 08:06 533913                     /usr/lib/jvm/java-7-openjdk/jre/lib/amd64/xawt/libmawt.so
7ff34c31a000-7ff34c31e000 rw-p 00051000 08:06 533913                     /usr/lib/jvm/java-7-openjdk/jre/lib/amd64/xawt/libmawt.so
7ff34c31e000-7ff34c31f000 rw-p 00000000 00:00 0 
7ff34c31f000-7ff34c3c1000 r-xp 00000000 08:06 525820                     /usr/lib/jvm/java-7-openjdk/jre/lib/amd64/libawt.so
7ff34c3c1000-7ff34c5c1000 ---p 000a2000 08:06 525820                     /usr/lib/jvm/java-7-openjdk/jre/lib/amd64/libawt.so
7ff34c5c1000-7ff34c5cd000 rw-p 000a2000 08:06 525820                     /usr/lib/jvm/java-7-openjdk/jre/lib/amd64/libawt.so
7ff34c5cd000-7ff34c5f1000 rw-p 00000000 00:00 0 
7ff34c5f1000-7ff34c5f2000 ---p 00000000 00:00 0 
7ff34c5f2000-7ff34c6f2000 rw-p 00000000 00:00 0 
7ff34c6f2000-7ff34c6f5000 ---p 00000000 00:00 0 
7ff34c6f5000-7ff34c7f3000 rw-p 00000000 00:00 0 
7ff34c7f3000-7ff34c7f6000 ---p 00000000 00:00 0 
7ff34c7f6000-7ff34c8f4000 rw-p 00000000 00:00 0 
7ff34c8f4000-7ff34c8f7000 ---p 00000000 00:00 0 
7ff34c8f7000-7ff34c9f5000 rw-p 00000000 00:00 0 
7ff34c9f5000-7ff34c9f8000 ---p 00000000 00:00 0 
7ff34c9f8000-7ff34caf6000 rw-p 00000000 00:00 0 
7ff34caf6000-7ff34cea2000 r--p 00000000 08:06 536728                     /usr/lib/locale/locale-archive
7ff34cea2000-7ff34cea5000 ---p 00000000 00:00 0 
7ff34cea5000-7ff34cfa3000 rw-p 00000000 00:00 0 
7ff34cfa3000-7ff34cfa6000 ---p 00000000 00:00 0 
7ff34cfa6000-7ff34d0a4000 rw-p 00000000 00:00 0 
7ff34d0a4000-7ff34d0a5000 ---p 00000000 00:00 0 
7ff34d0a5000-7ff34d716000 rw-p 00000000 00:00 0 
7ff34d716000-7ff34d8c5000 r--s 03e7b000 08:06 524045                     /usr/lib/jvm/java-7-openjdk/jre/lib/rt.jar
7ff34d8c5000-7ff34d8ed000 rw-p 00000000 00:00 0 
7ff34d8ed000-7ff34d8ee000 ---p 00000000 00:00 0 
7ff34d8ee000-7ff34d9ee000 rw-p 00000000 00:00 0 
7ff34d9ee000-7ff34d9ef000 ---p 00000000 00:00 0 
7ff34d9ef000-7ff34daef000 rw-p 00000000 00:00 0 
7ff34daef000-7ff34daf0000 ---p 00000000 00:00 0 
7ff34daf0000-7ff34dbf0000 rw-p 00000000 00:00 0 
7ff34dbf0000-7ff34dbf1000 ---p 00000000 00:00 0 
7ff34dbf1000-7ff34dcfc000 rw-p 00000000 00:00 0 
7ff34dcfc000-7ff34dd44000 rw-p 00000000 00:00 0 
7ff34dd44000-7ff34dd97000 rw-p 00000000 00:00 0 
7ff34dd97000-7ff34e26a000 rw-p 00000000 00:00 0 
7ff34e26a000-7ff34e275000 rw-p 00000000 00:00 0 
7ff34e275000-7ff34e2bd000 rw-p 00000000 00:00 0 
7ff34e2bd000-7ff34e310000 rw-p 00000000 00:00 0 
7ff34e310000-7ff34e7e2000 rw-p 00000000 00:00 0 
7ff34e7e2000-7ff34e80c000 rw-p 00000000 00:00 0 
7ff34e80c000-7ff34ea75000 rw-p 00000000 00:00 0 
7ff34ea75000-7ff34ea76000 rw-p 00000000 00:00 0 
7ff34ea76000-7ff34ea7e000 r-xp 00000000 08:06 525197                     /usr/lib/jvm/java-7-openjdk/jre/lib/amd64/libzip.so
7ff34ea7e000-7ff34ec7d000 ---p 00008000 08:06 525197                     /usr/lib/jvm/java-7-openjdk/jre/lib/amd64/libzip.so
7ff34ec7d000-7ff34ec7e000 rw-p 00007000 08:06 525197                     /usr/lib/jvm/java-7-openjdk/jre/lib/amd64/libzip.so
7ff34ec7e000-7ff34ec8a000 r-xp 00000000 08:06 1309                       /lib/libnss_files-2.15.so
7ff34ec8a000-7ff34ee89000 ---p 0000c000 08:06 1309                       /lib/libnss_files-2.15.so
7ff34ee89000-7ff34ee8a000 r--p 0000b000 08:06 1309                       /lib/libnss_files-2.15.so
7ff34ee8a000-7ff34ee8b000 rw-p 0000c000 08:06 1309                       /lib/libnss_files-2.15.so
7ff34ee8b000-7ff34eeb4000 r-xp 00000000 08:06 525207                     /usr/lib/jvm/java-7-openjdk/jre/lib/amd64/libjava.so
7ff34eeb4000-7ff34f0b3000 ---p 00029000 08:06 525207                     /usr/lib/jvm/java-7-openjdk/jre/lib/amd64/libjava.so
7ff34f0b3000-7ff34f0b5000 rw-p 00028000 08:06 525207                     /usr/lib/jvm/java-7-openjdk/jre/lib/amd64/libjava.so
7ff34f0b5000-7ff34f0c3000 r-xp 00000000 08:06 525194                     /usr/lib/jvm/java-7-openjdk/jre/lib/amd64/libverify.so
7ff34f0c3000-7ff34f2c2000 ---p 0000e000 08:06 525194                     /usr/lib/jvm/java-7-openjdk/jre/lib/amd64/libverify.so
7ff34f2c2000-7ff34f2c4000 rw-p 0000d000 08:06 525194                     /usr/lib/jvm/java-7-openjdk/jre/lib/amd64/libverify.so
7ff34f2c4000-7ff34f2cb000 r-xp 00000000 08:06 1288                       /lib/librt-2.15.so
7ff34f2cb000-7ff34f4ca000 ---p 00007000 08:06 1288                       /lib/librt-2.15.so
7ff34f4ca000-7ff34f4cb000 r--p 00006000 08:06 1288                       /lib/librt-2.15.so
7ff34f4cb000-7ff34f4cc000 rw-p 00007000 08:06 1288                       /lib/librt-2.15.so
7ff34f4cc000-7ff34f4e1000 r-xp 00000000 08:06 526089                     /usr/lib/libgcc_s.so.1
7ff34f4e1000-7ff34f6e0000 ---p 00015000 08:06 526089                     /usr/lib/libgcc_s.so.1
7ff34f6e0000-7ff34f6e1000 rw-p 00014000 08:06 526089                     /usr/lib/libgcc_s.so.1
7ff34f6e1000-7ff34f7d4000 r-xp 00000000 08:06 1293                       /lib/libm-2.15.so
7ff34f7d4000-7ff34f9d4000 ---p 000f3000 08:06 1293                       /lib/libm-2.15.so
7ff34f9d4000-7ff34f9d5000 r--p 000f3000 08:06 1293                       /lib/libm-2.15.so
7ff34f9d5000-7ff34f9d6000 rw-p 000f4000 08:06 1293                       /lib/libm-2.15.so
7ff34f9d6000-7ff34fabb000 r-xp 00000000 08:06 526567                     /usr/lib/libstdc++.so.6.0.17
7ff34fabb000-7ff34fcbb000 ---p 000e5000 08:06 526567                     /usr/lib/libstdc++.so.6.0.17
7ff34fcbb000-7ff34fcc3000 r--p 000e5000 08:06 526567                     /usr/lib/libstdc++.so.6.0.17
7ff34fcc3000-7ff34fcc5000 rw-p 000ed000 08:06 526567                     /usr/lib/libstdc++.so.6.0.17
7ff34fcc5000-7ff34fcda000 rw-p 00000000 00:00 0 
7ff34fcda000-7ff35066d000 r-xp 00000000 08:06 525849                     /usr/lib/jvm/java-7-openjdk/jre/lib/amd64/server/libjvm.so
7ff35066d000-7ff35086d000 ---p 00993000 08:06 525849                     /usr/lib/jvm/java-7-openjdk/jre/lib/amd64/server/libjvm.so
7ff35086d000-7ff350909000 rw-p 00993000 08:06 525849                     /usr/lib/jvm/java-7-openjdk/jre/lib/amd64/server/libjvm.so
7ff350909000-7ff350933000 rw-p 00000000 00:00 0 
7ff350933000-7ff350aca000 r-xp 00000000 08:06 1304                       /lib/libc-2.15.so
7ff350aca000-7ff350cca000 ---p 00197000 08:06 1304                       /lib/libc-2.15.so
7ff350cca000-7ff350cce000 r--p 00197000 08:06 1304                       /lib/libc-2.15.so
7ff350cce000-7ff350cd0000 rw-p 0019b000 08:06 1304                       /lib/libc-2.15.so
7ff350cd0000-7ff350cd4000 rw-p 00000000 00:00 0 
7ff350cd4000-7ff350cd7000 r-xp 00000000 08:06 1292                       /lib/libdl-2.15.so
7ff350cd7000-7ff350ed6000 ---p 00003000 08:06 1292                       /lib/libdl-2.15.so
7ff350ed6000-7ff350ed7000 r--p 00002000 08:06 1292                       /lib/libdl-2.15.so
7ff350ed7000-7ff350ed8000 rw-p 00003000 08:06 1292                       /lib/libdl-2.15.so
7ff350ed8000-7ff350eed000 r-xp 00000000 08:06 528979                     /usr/lib/libz.so.1.2.7
7ff350eed000-7ff3510ec000 ---p 00015000 08:06 528979                     /usr/lib/libz.so.1.2.7
7ff3510ec000-7ff3510ed000 r--p 00014000 08:06 528979                     /usr/lib/libz.so.1.2.7
7ff3510ed000-7ff3510ee000 rw-p 00015000 08:06 528979                     /usr/lib/libz.so.1.2.7
7ff3510ee000-7ff3510fa000 r-xp 00000000 08:06 526062                     /usr/lib/jvm/java-7-openjdk/jre/lib/amd64/jli/libjli.so
7ff3510fa000-7ff3512fa000 ---p 0000c000 08:06 526062                     /usr/lib/jvm/java-7-openjdk/jre/lib/amd64/jli/libjli.so
7ff3512fa000-7ff3512fb000 rw-p 0000c000 08:06 526062                     /usr/lib/jvm/java-7-openjdk/jre/lib/amd64/jli/libjli.so
7ff3512fb000-7ff351312000 r-xp 00000000 08:06 929                        /lib/libpthread-2.15.so
7ff351312000-7ff351511000 ---p 00017000 08:06 929                        /lib/libpthread-2.15.so
7ff351511000-7ff351512000 r--p 00016000 08:06 929                        /lib/libpthread-2.15.so
7ff351512000-7ff351513000 rw-p 00017000 08:06 929                        /lib/libpthread-2.15.so
7ff351513000-7ff351517000 rw-p 00000000 00:00 0 
7ff351517000-7ff351538000 r-xp 00000000 08:06 1312                       /lib/ld-2.15.so
7ff351538000-7ff351541000 r--s 00263000 08:06 523786                     /usr/lib/jvm/java-7-openjdk/jre/lib/resources.jar
7ff351541000-7ff35154b000 rw-p 00000000 00:00 0 
7ff35154b000-7ff351601000 rw-p 00000000 00:00 0 
7ff351601000-7ff351604000 ---p 00000000 00:00 0 
7ff351604000-7ff351707000 rw-p 00000000 00:00 0 
7ff351707000-7ff351708000 rw-s 00005000 00:05 10083                      /dev/ati/card1
7ff351708000-7ff351728000 rw-s feae0000 00:05 10083                      /dev/ati/card1
7ff351728000-7ff35172a000 rw-s 00002000 00:05 10083                      /dev/ati/card1
7ff35172a000-7ff35172d000 r--s 0000f000 08:06 526356                     /usr/lib/jvm/java-7-openjdk/jre/lib/ext/pulse-java.jar
7ff35172d000-7ff351735000 rw-s 00000000 08:06 527780                     /tmp/hsperfdata_tobi/5089 (deleted)
7ff351735000-7ff351736000 rw-p 00000000 00:00 0 
7ff351736000-7ff351737000 ---p 00000000 00:00 0 
7ff351737000-7ff351738000 rw-p 00000000 00:00 0 
7ff351738000-7ff351739000 r--p 00021000 08:06 1312                       /lib/ld-2.15.so
7ff351739000-7ff35173a000 rw-p 00022000 08:06 1312                       /lib/ld-2.15.so
7ff35173a000-7ff35173b000 rw-p 00000000 00:00 0 
7fff61e66000-7fff61e87000 rw-p 00000000 00:00 0                          [stack]
7fff61fff000-7fff62000000 r-xp 00000000 00:00 0                          [vdso]
ffffffffff600000-ffffffffff601000 r-xp 00000000 00:00 0                  [vsyscall]

VM Arguments:
jvm_args: -Dsun.java2d.opengl=True -Dfile.encoding=UTF-8 
java_command: bombi.BombiGui
Launcher Type: SUN_STANDARD

Environment Variables:
JAVA_HOME=/usr/lib/jvm/java-7-openjdk
PATH=/usr/local/bin:/usr/bin:/bin:/usr/local/sbin:/usr/sbin:/sbin:/opt/android-sdk/platform-tools:/opt/android-sdk/tools:/usr/bin/vendor_perl:/usr/bin/core_perl
SHELL=/bin/bash
DISPLAY=:0.0

Signal Handlers:
SIGSEGV: [libjvm.so+0x807d30], sa_mask[0]=0x7ffbfeff, sa_flags=0x10000004
SIGBUS: [libjvm.so+0x807d30], sa_mask[0]=0x7ffbfeff, sa_flags=0x10000004
SIGFPE: [libjvm.so+0x6ac970], sa_mask[0]=0x7ffbfeff, sa_flags=0x10000004
SIGPIPE: [libjvm.so+0x6ac970], sa_mask[0]=0x7ffbfeff, sa_flags=0x10000004
SIGXFSZ: [libjvm.so+0x6ac970], sa_mask[0]=0x7ffbfeff, sa_flags=0x10000004
SIGILL: [libjvm.so+0x6ac970], sa_mask[0]=0x7ffbfeff, sa_flags=0x10000004
SIGUSR1: SIG_DFL, sa_mask[0]=0x00000000, sa_flags=0x00000000
SIGUSR2: [libjvm.so+0x6acd40], sa_mask[0]=0x00000004, sa_flags=0x10000004
SIGHUP: [libjvm.so+0x6ace80], sa_mask[0]=0x7ffbfeff, sa_flags=0x10000004
SIGINT: [libjvm.so+0x6ace80], sa_mask[0]=0x7ffbfeff, sa_flags=0x10000004
SIGTERM: [libjvm.so+0x6ace80], sa_mask[0]=0x7ffbfeff, sa_flags=0x10000004
SIGQUIT: [libjvm.so+0x6ace80], sa_mask[0]=0x7ffbfeff, sa_flags=0x10000004


---------------  S Y S T E M  ---------------

OS:Linux
uname:Linux 3.3.6-1-ARCH #1 SMP PREEMPT Sun May 13 10:52:32 CEST 2012 x86_64
libc:glibc 2.15 NPTL 2.15 
rlimit: STACK 8192k, CORE 0k, NPROC 125839, NOFILE 4096, AS infinity
load average:1.22 1.26 1.31

/proc/meminfo:
MemTotal:       16180360 kB
MemFree:         9840632 kB
Buffers:         1509844 kB
Cached:          2766664 kB
SwapCached:            0 kB
Active:          2546192 kB
Inactive:        3273188 kB
Active(anon):    1543844 kB
Inactive(anon):    52056 kB
Active(file):    1002348 kB
Inactive(file):  3221132 kB
Unevictable:           0 kB
Mlocked:               0 kB
SwapTotal:             0 kB
SwapFree:              0 kB
Dirty:              2240 kB
Writeback:             0 kB
AnonPages:       1542480 kB
Mapped:           307336 kB
Shmem:             53028 kB
Slab:             134436 kB
SReclaimable:     103876 kB
SUnreclaim:        30560 kB
KernelStack:        4176 kB
PageTables:        39852 kB
NFS_Unstable:          0 kB
Bounce:                0 kB
WritebackTmp:          0 kB
CommitLimit:     8090180 kB
Committed_AS:    3332932 kB
VmallocTotal:   34359738367 kB
VmallocUsed:      361360 kB
VmallocChunk:   34359373283 kB
HardwareCorrupted:     0 kB
AnonHugePages:    897024 kB
HugePages_Total:       0
HugePages_Free:        0
HugePages_Rsvd:        0
HugePages_Surp:        0
Hugepagesize:       2048 kB
DirectMap4k:       92672 kB
DirectMap2M:     5935104 kB
DirectMap1G:    10485760 kB


CPU:total 4 (4 cores per cpu, 1 threads per core) family 16 model 5 stepping 2, cmov, cx8, fxsr, mmx, sse, sse2, sse3, popcnt, mmxext, 3dnowpref, lzcnt, sse4a

/proc/cpuinfo:
processor	: 0
vendor_id	: AuthenticAMD
cpu family	: 16
model		: 5
model name	: AMD Athlon(tm) II X4 620 Processor
stepping	: 2
microcode	: 0x10000c6
cpu MHz		: 800.000
cache size	: 512 KB
physical id	: 0
siblings	: 4
core id		: 0
cpu cores	: 4
apicid		: 0
initial apicid	: 0
fpu		: yes
fpu_exception	: yes
cpuid level	: 5
wp		: yes
flags		: fpu vme de pse tsc msr pae mce cx8 apic sep mtrr pge mca cmov pat pse36 clflush mmx fxsr sse sse2 ht syscall nx mmxext fxsr_opt pdpe1gb rdtscp lm 3dnowext 3dnow constant_tsc rep_good nopl nonstop_tsc extd_apicid pni monitor cx16 popcnt lahf_lm cmp_legacy svm extapic cr8_legacy abm sse4a misalignsse 3dnowprefetch osvw ibs skinit wdt nodeid_msr npt lbrv svm_lock nrip_save
bogomips	: 5225.31
TLB size	: 1024 4K pages
clflush size	: 64
cache_alignment	: 64
address sizes	: 48 bits physical, 48 bits virtual
power management: ts ttp tm stc 100mhzsteps hwpstate

processor	: 1
vendor_id	: AuthenticAMD
cpu family	: 16
model		: 5
model name	: AMD Athlon(tm) II X4 620 Processor
stepping	: 2
microcode	: 0x10000c6
cpu MHz		: 2600.000
cache size	: 512 KB
physical id	: 0
siblings	: 4
core id		: 1
cpu cores	: 4
apicid		: 1
initial apicid	: 1
fpu		: yes
fpu_exception	: yes
cpuid level	: 5
wp		: yes
flags		: fpu vme de pse tsc msr pae mce cx8 apic sep mtrr pge mca cmov pat pse36 clflush mmx fxsr sse sse2 ht syscall nx mmxext fxsr_opt pdpe1gb rdtscp lm 3dnowext 3dnow constant_tsc rep_good nopl nonstop_tsc extd_apicid pni monitor cx16 popcnt lahf_lm cmp_legacy svm extapic cr8_legacy abm sse4a misalignsse 3dnowprefetch osvw ibs skinit wdt nodeid_msr npt lbrv svm_lock nrip_save
bogomips	: 5225.31
TLB size	: 1024 4K pages
clflush size	: 64
cache_alignment	: 64
address sizes	: 48 bits physical, 48 bits virtual
power management: ts ttp tm stc 100mhzsteps hwpstate

processor	: 2
vendor_id	: AuthenticAMD
cpu family	: 16
model		: 5
model name	: AMD Athlon(tm) II X4 620 Processor
stepping	: 2
microcode	: 0x10000c6
cpu MHz		: 2600.000
cache size	: 512 KB
physical id	: 0
siblings	: 4
core id		: 2
cpu cores	: 4
apicid		: 2
initial apicid	: 2
fpu		: yes
fpu_exception	: yes
cpuid level	: 5
wp		: yes
flags		: fpu vme de pse tsc msr pae mce cx8 apic sep mtrr pge mca cmov pat pse36 clflush mmx fxsr sse sse2 ht syscall nx mmxext fxsr_opt pdpe1gb rdtscp lm 3dnowext 3dnow constant_tsc rep_good nopl nonstop_tsc extd_apicid pni monitor cx16 popcnt lahf_lm cmp_legacy svm extapic cr8_legacy abm sse4a misalignsse 3dnowprefetch osvw ibs skinit wdt nodeid_msr npt lbrv svm_lock nrip_save
bogomips	: 5225.31
TLB size	: 1024 4K pages
clflush size	: 64
cache_alignment	: 64
address sizes	: 48 bits physical, 48 bits virtual
power management: ts ttp tm stc 100mhzsteps hwpstate

processor	: 3
vendor_id	: AuthenticAMD
cpu family	: 16
model		: 5
model name	: AMD Athlon(tm) II X4 620 Processor
stepping	: 2
microcode	: 0x10000c6
cpu MHz		: 800.000
cache size	: 512 KB
physical id	: 0
siblings	: 4
core id		: 3
cpu cores	: 4
apicid		: 3
initial apicid	: 3
fpu		: yes
fpu_exception	: yes
cpuid level	: 5
wp		: yes
flags		: fpu vme de pse tsc msr pae mce cx8 apic sep mtrr pge mca cmov pat pse36 clflush mmx fxsr sse sse2 ht syscall nx mmxext fxsr_opt pdpe1gb rdtscp lm 3dnowext 3dnow constant_tsc rep_good nopl nonstop_tsc extd_apicid pni monitor cx16 popcnt lahf_lm cmp_legacy svm extapic cr8_legacy abm sse4a misalignsse 3dnowprefetch osvw ibs skinit wdt nodeid_msr npt lbrv svm_lock nrip_save
bogomips	: 5225.31
TLB size	: 1024 4K pages
clflush size	: 64
cache_alignment	: 64
address sizes	: 48 bits physical, 48 bits virtual
power management: ts ttp tm stc 100mhzsteps hwpstate



Memory: 4k page, physical 16180360k(9840632k free), swap 0k(0k free)

vm_info: OpenJDK 64-Bit Server VM (22.0-b10) for linux-amd64 JRE (1.7.0_03-b147), built on Mar  6 2012 20:02:29 by "nobody" with gcc 4.6.3

time: Fri May 18 20:37:20 2012
elapsed time: 12 seconds

