#
# A fatal error has been detected by the Java Runtime Environment:
#
#  SIGSEGV (0xb) at pc=0x00007f43e52252a8, pid=10212, tid=139929606772480
#
# JRE version: 7.0_03-b147
# Java VM: OpenJDK 64-Bit Server VM (22.0-b10 mixed mode linux-amd64 compressed oops)
# Derivative: IcedTea7 2.1
# Distribution: Custom build (Tue Mar  6 19:52:34 UTC 2012)
# Problematic frame:
# C  [libX11.so.6+0x382a8]  XQueryExtension+0x28
#
# Failed to write core dump. Core dumps have been disabled. To enable core dumping, try "ulimit -c unlimited" before starting Java again
#
# If you would like to submit a bug report, please include
# instructions on how to reproduce the bug and visit:
#   http://icedtea.classpath.org/bugzilla
#

---------------  T H R E A D  ---------------

Current thread (0x00007f43e809d000):  VMThread [stack: 0x00007f43e6715000,0x00007f43e6816000] [id=10222]

siginfo:si_signo=SIGSEGV: si_errno=0, si_code=1 (SEGV_MAPERR), si_addr=0xffffffffe81c7ea8

Registers:
RAX=0x00007f43c8000bd0, RBX=0xffffffffe81c7540, RCX=0x00007f43e68148c8, RDX=0x00007f43e68148c4
RSP=0x00007f43e6814860, RBP=0x00007f43adb37932, RSI=0x00007f43adb37932, RDI=0xffffffffe81c7540
R8 =0x00007f43e68148cc, R9 =0x0000000000000003, R10=0x0000000000020411, R11=0x00007f43f1022ad0
R12=0x0000000000000000, R13=0x00007f43adb37932, R14=0x00007f43c8000bd0, R15=0x0000000000000000
RIP=0x00007f43e52252a8, EFLAGS=0x0000000000010206, CSGSFS=0x0000000000000033, ERR=0x0000000000000005
  TRAPNO=0x000000000000000e

Top of Stack: (sp=0x00007f43e6814860)
0x00007f43e6814860:   0000000000000000 0000000000000000
0x00007f43e6814870:   0000000000000000 0000003000000003
0x00007f43e6814880:   0000006e0000005b ffffffffe81c7540
0x00007f43e6814890:   00007f43adb37932 0000000000000000
0x00007f43e68148a0:   00007f43adb37932 00007f43c8000bd0
0x00007f43e68148b0:   0000000000000000 00007f43e5219285
0x00007f43e68148c0:   0000000000000000 00007f43f1067b20
0x00007f43e68148d0:   00007f43adc70520 ffffffffe81c7540
0x00007f43e68148e0:   00007f43e81cfda0 00007f43e5535b1b
0x00007f43e68148f0:   00007f4300000005 0000001100000000
0x00007f43e6814900:   00007f4300000005 0000000000000000
0x00007f43e6814910:   00007f43e6814980 ffffffffe81c7540
0x00007f43e6814920:   00007f43e6814af8 00007f43e6814c10
0x00007f43e6814930:   00007f43adc89d50 00007f43adade119
0x00007f43e6814940:   0000000000000000 00007f43e81cfe50
0x00007f43e6814950:   00007f43e6814980 00007f43adeec008
0x00007f43e6814960:   00007f43e6814af8 00007f43e6814c10
0x00007f43e6814970:   00000000ffffffff 00007f43adad4b42
0x00007f43e6814980:   00007f43e6814c80 00007f43adb378b1
0x00007f43e6814990:   00007f43e6814c80 00007f43f1bddf5f
0x00007f43e68149a0:   00007f43f1df2170 00007f43f1df2700
0x00007f43e68149b0:   00007f43f1dbe000 00007f43e8005900
0x00007f43e68149c0:   00007f43e800a110 00007f43e817b100
0x00007f43e68149d0:   00007f43e817c580 00007f43e817cf10
0x00007f43e68149e0:   00007f43e817d420 00007f43e817ca20
0x00007f43e68149f0:   00007f43e817d930 00007f43e817e840
0x00007f43e6814a00:   00007f43e817e330 00007f43e817ed50
0x00007f43e6814a10:   00007f43e817f250 00007f43e817f740
0x00007f43e6814a20:   00007f43e8180160 00007f43e8181aa0
0x00007f43e6814a30:   00007f43e8182c00 00007f43e8183100
0x00007f43e6814a40:   00007f43e81835f0 00007f43e817c0e0
0x00007f43e6814a50:   00007f43e8183af0 00007f43e8184000 

Instructions: (pc=0x00007f43e52252a8)
0x00007f43e5225288:   24 d8 48 89 fb 4c 89 64 24 e0 4c 89 6c 24 e8 48
0x00007f43e5225298:   89 f5 4c 89 74 24 f0 4c 89 7c 24 f8 48 83 ec 58
0x00007f43e52252a8:   48 8b 87 68 09 00 00 49 89 d4 49 89 cd 4d 89 c6
0x00007f43e52252b8:   48 85 c0 74 02 ff 10 ba 08 00 00 00 be 62 00 00 

Register to memory mapping:

RAX=0x00007f43c8000bd0 is an unknown value
RBX=0xffffffffe81c7540 is an unknown value
RCX=0x00007f43e68148c8 is an unknown value
RDX=0x00007f43e68148c4 is an unknown value
RSP=0x00007f43e6814860 is an unknown value
RBP=0x00007f43adb37932: <offset 0x96932> in /usr/lib/libGL.so.1 at 0x00007f43adaa1000
RSI=0x00007f43adb37932: <offset 0x96932> in /usr/lib/libGL.so.1 at 0x00007f43adaa1000
RDI=0xffffffffe81c7540 is an unknown value
R8 =0x00007f43e68148cc is an unknown value
R9 =0x0000000000000003 is an unknown value
R10=0x0000000000020411 is an unknown value
R11=0x00007f43f1022ad0: __cxa_finalize+0 in /lib/libc.so.6 at 0x00007f43f0feb000
R12=0x0000000000000000 is an unknown value
R13=0x00007f43adb37932: <offset 0x96932> in /usr/lib/libGL.so.1 at 0x00007f43adaa1000
R14=0x00007f43c8000bd0 is an unknown value
R15=0x0000000000000000 is an unknown value


Stack: [0x00007f43e6715000,0x00007f43e6816000],  sp=0x00007f43e6814860,  free space=1022k
Native frames: (J=compiled Java code, j=interpreted, Vv=VM code, C=native code)
C  [libX11.so.6+0x382a8]  XQueryExtension+0x28

VM_Operation (0x00007f43aa887f60): Exit, mode: safepoint, requested by thread 0x00007f43e84d5000


---------------  P R O C E S S  ---------------

Java Threads: ( => current thread )
  0x00007f43e8006000 JavaThread "DestroyJavaVM" [_thread_blocked, id=10217, stack(0x00007f43f1cb9000,0x00007f43f1dba000)]
  0x00007f43e84b1800 JavaThread "Thread-0" [_thread_blocked, id=10235, stack(0x00007f43aa689000,0x00007f43aa78a000)]
  0x00007f43e84d5000 JavaThread "AWT-EventQueue-0" [_thread_blocked, id=10234, stack(0x00007f43aa78a000,0x00007f43aa88b000)]
  0x00007f43e84d2800 JavaThread "AWT-Shutdown" [_thread_blocked, id=10233, stack(0x00007f43aa88b000,0x00007f43aa98c000)]
  0x00007f43e843f000 JavaThread "AWT-XAWT" daemon [_thread_blocked, id=10232, stack(0x00007f43aaaaa000,0x00007f43aabab000)]
  0x00007f43e83f5000 JavaThread "Java2D Disposer" daemon [_thread_blocked, id=10231, stack(0x00007f43aabab000,0x00007f43aacac000)]
  0x00007f43e83f2800 JavaThread "Java2D Queue Flusher" daemon [_thread_blocked, id=10230, stack(0x00007f43aacf4000,0x00007f43aadf5000)]
  0x00007f43e8106000 JavaThread "Service Thread" daemon [_thread_blocked, id=10228, stack(0x00007f43e5d63000,0x00007f43e5e64000)]
  0x00007f43e8103800 JavaThread "C2 CompilerThread1" daemon [_thread_blocked, id=10227, stack(0x00007f43e5e64000,0x00007f43e5f65000)]
  0x00007f43e8101000 JavaThread "C2 CompilerThread0" daemon [_thread_blocked, id=10226, stack(0x00007f43e5f65000,0x00007f43e6066000)]
  0x00007f43e80fe800 JavaThread "Signal Dispatcher" daemon [_thread_blocked, id=10225, stack(0x00007f43e6066000,0x00007f43e6167000)]
  0x00007f43e80a8000 JavaThread "Finalizer" daemon [_thread_blocked, id=10224, stack(0x00007f43e6513000,0x00007f43e6614000)]
  0x00007f43e80a5800 JavaThread "Reference Handler" daemon [_thread_blocked, id=10223, stack(0x00007f43e6614000,0x00007f43e6715000)]

Other Threads:
=>0x00007f43e809d000 VMThread [stack: 0x00007f43e6715000,0x00007f43e6816000] [id=10222]

VM state:at safepoint (shutting down)

VM Mutex/Monitor currently owned by a thread:  ([mutex/lock_event])
[0x00007f43e8003f50] Threads_lock - owner thread: 0x00007f43e809d000

Heap
 PSYoungGen      total 73792K, used 14897K [0x00000007adab0000, 0x00000007b2d00000, 0x0000000800000000)
  eden space 63296K, 11% used [0x00000007adab0000,0x00000007ae2133c8,0x00000007b1880000)
  from space 10496K, 69% used [0x00000007b1880000,0x00000007b1fa9160,0x00000007b22c0000)
  to   space 10496K, 0% used [0x00000007b22c0000,0x00000007b22c0000,0x00000007b2d00000)
 PSOldGen        total 168576K, used 0K [0x0000000709000000, 0x00000007134a0000, 0x00000007adab0000)
  object space 168576K, 0% used [0x0000000709000000,0x0000000709000000,0x00000007134a0000)
 PSPermGen       total 21248K, used 10594K [0x00000006fea00000, 0x00000006ffec0000, 0x0000000709000000)
  object space 21248K, 49% used [0x00000006fea00000,0x00000006ff458a78,0x00000006ffec0000)

Code Cache  [0x00007f43ec12e000, 0x00007f43ec39e000, 0x00007f43ef12e000)
 total_blobs=506 nmethods=74 adapters=386 free_code_cache=48428Kb largest_free_block=49571456

Dynamic libraries:
00400000-00401000 r-xp 00000000 08:06 533859                             /usr/lib/jvm/java-7-openjdk/jre/bin/java
00600000-00601000 rw-p 00000000 08:06 533859                             /usr/lib/jvm/java-7-openjdk/jre/bin/java
00d7b000-00d9c000 rw-p 00000000 00:00 0                                  [heap]
6fea00000-6ffec0000 rw-p 00000000 00:00 0 
6ffec0000-709000000 rw-p 00000000 00:00 0 
709000000-7134a0000 rw-p 00000000 00:00 0 
7134a0000-7adab0000 rw-p 00000000 00:00 0 
7adab0000-7b2d00000 rw-p 00000000 00:00 0 
7b2d00000-800000000 rw-p 00000000 00:00 0 
7f4384000000-7f4384021000 rw-p 00000000 00:00 0 
7f4384021000-7f4388000000 ---p 00000000 00:00 0 
7f438c000000-7f438c11c000 rw-p 00000000 00:00 0 
7f438c11c000-7f4390000000 ---p 00000000 00:00 0 
7f4390000000-7f4390021000 rw-p 00000000 00:00 0 
7f4390021000-7f4394000000 ---p 00000000 00:00 0 
7f4394000000-7f4394021000 rw-p 00000000 00:00 0 
7f4394021000-7f4398000000 ---p 00000000 00:00 0 
7f4398000000-7f43981c3000 rw-p 00000000 00:00 0 
7f43981c3000-7f439c000000 ---p 00000000 00:00 0 
7f439c000000-7f439c021000 rw-p 00000000 00:00 0 
7f439c021000-7f43a0000000 ---p 00000000 00:00 0 
7f43a0000000-7f43a0021000 rw-p 00000000 00:00 0 
7f43a0021000-7f43a4000000 ---p 00000000 00:00 0 
7f43a4000000-7f43a4919000 rw-p 00000000 00:00 0 
7f43a4919000-7f43a8000000 ---p 00000000 00:00 0 
7f43a9921000-7f43a9924000 ---p 00000000 00:00 0 
7f43a9924000-7f43a9a22000 rw-p 00000000 00:00 0 
7f43a9a22000-7f43a9a25000 ---p 00000000 00:00 0 
7f43a9a25000-7f43a9b23000 rw-p 00000000 00:00 0 
7f43a9b23000-7f43a9d24000 rw-s d561b000 00:05 1869                       /dev/ati/card1
7f43a9d24000-7f43a9f25000 rw-s d541b000 00:05 1869                       /dev/ati/card1
7f43a9f25000-7f43a9f35000 r-xp 00000000 08:06 525189                     /usr/lib/jvm/java-7-openjdk/jre/lib/amd64/libnio.so
7f43a9f35000-7f43aa135000 ---p 00010000 08:06 525189                     /usr/lib/jvm/java-7-openjdk/jre/lib/amd64/libnio.so
7f43aa135000-7f43aa136000 rw-p 00010000 08:06 525189                     /usr/lib/jvm/java-7-openjdk/jre/lib/amd64/libnio.so
7f43aa136000-7f43aa14b000 r-xp 00000000 08:06 525188                     /usr/lib/jvm/java-7-openjdk/jre/lib/amd64/libnet.so
7f43aa14b000-7f43aa34b000 ---p 00015000 08:06 525188                     /usr/lib/jvm/java-7-openjdk/jre/lib/amd64/libnet.so
7f43aa34b000-7f43aa34c000 rw-p 00015000 08:06 525188                     /usr/lib/jvm/java-7-openjdk/jre/lib/amd64/libnet.so
7f43aa34c000-7f43aa386000 r-xp 00000000 08:06 525196                     /usr/lib/jvm/java-7-openjdk/jre/lib/amd64/libfontmanager.so
7f43aa386000-7f43aa586000 ---p 0003a000 08:06 525196                     /usr/lib/jvm/java-7-openjdk/jre/lib/amd64/libfontmanager.so
7f43aa586000-7f43aa589000 rw-p 0003a000 08:06 525196                     /usr/lib/jvm/java-7-openjdk/jre/lib/amd64/libfontmanager.so
7f43aa589000-7f43aa689000 rw-s 05c0e000 00:05 1869                       /dev/ati/card1
7f43aa689000-7f43aa68c000 ---p 00000000 00:00 0 
7f43aa68c000-7f43aa78a000 rw-p 00000000 00:00 0 
7f43aa78a000-7f43aa78d000 ---p 00000000 00:00 0 
7f43aa78d000-7f43aa88b000 rw-p 00000000 00:00 0 
7f43aa88b000-7f43aa88e000 ---p 00000000 00:00 0 
7f43aa88e000-7f43aa98c000 rw-p 00000000 00:00 0 
7f43aa98c000-7f43aa9a2000 r--s 00000000 08:07 22836                      /var/cache/fontconfig/8d4af663993b81a124ee82e610bb31f9-le64.cache-3
7f43aa9a2000-7f43aa9ab000 r--s 00000000 08:07 26938                      /var/cache/fontconfig/d62e99ef547d1d24cdb1bd22ec1a2976-le64.cache-3
7f43aa9ab000-7f43aa9f0000 r--s 00000000 08:07 26937                      /var/cache/fontconfig/f6b893a7224233d96cb72fd88691c0b4-le64.cache-3
7f43aa9f0000-7f43aaa4d000 r--s 00000000 08:07 26936                      /var/cache/fontconfig/17090aa38d5c6f09fb8c5c354938f1d7-le64.cache-3
7f43aaa4d000-7f43aaaaa000 r--s 00000000 08:07 26934                      /var/cache/fontconfig/df311e82a1a24c41a75c2c930223552e-le64.cache-3
7f43aaaaa000-7f43aaaad000 ---p 00000000 00:00 0 
7f43aaaad000-7f43aabab000 rw-p 00000000 00:00 0 
7f43aabab000-7f43aabae000 ---p 00000000 00:00 0 
7f43aabae000-7f43aacf4000 rw-p 00000000 00:00 0 
7f43aacf4000-7f43aacf7000 ---p 00000000 00:00 0 
7f43aacf7000-7f43aadf5000 rw-p 00000000 00:00 0 
7f43aadf5000-7f43ab4f5000 rw-s 00006000 00:05 1869                       /dev/ati/card1
7f43ab4f5000-7f43ab575000 rw-p 00000000 00:00 0 
7f43ab575000-7f43ab5b0000 r-xp 00000000 08:06 527355                     /usr/lib/libatiadlxx.so
7f43ab5b0000-7f43ab6b0000 ---p 0003b000 08:06 527355                     /usr/lib/libatiadlxx.so
7f43ab6b0000-7f43ab6b9000 rw-p 0003b000 08:06 527355                     /usr/lib/libatiadlxx.so
7f43ab6b9000-7f43ab6ca000 rw-p 00000000 00:00 0 
7f43ab6ca000-7f43ab6d1000 r-xp 00000000 08:06 526968                     /usr/lib/libatiuki.so.1.0
7f43ab6d1000-7f43ab7d1000 ---p 00007000 08:06 526968                     /usr/lib/libatiuki.so.1.0
7f43ab7d1000-7f43ab7d2000 rw-p 00007000 08:06 526968                     /usr/lib/libatiuki.so.1.0
7f43ab7d2000-7f43ab7d3000 rw-p 00000000 00:00 0 
7f43ab7d3000-7f43ad72d000 r-xp 00000000 08:06 527438                     /usr/lib/xorg/modules/dri/fglrx_dri.so
7f43ad72d000-7f43ad82d000 ---p 01f5a000 08:06 527438                     /usr/lib/xorg/modules/dri/fglrx_dri.so
7f43ad82d000-7f43ad97b000 rwxp 01f5a000 08:06 527438                     /usr/lib/xorg/modules/dri/fglrx_dri.so
7f43ad97b000-7f43adaa1000 rwxp 00000000 00:00 0 
7f43adaa1000-7f43adb64000 r-xp 00000000 08:06 531369                     /usr/lib/fglrx/fglrx-libGL.so.1.2
7f43adb64000-7f43adc63000 ---p 000c3000 08:06 531369                     /usr/lib/fglrx/fglrx-libGL.so.1.2
7f43adc63000-7f43adc8a000 rwxp 000c2000 08:06 531369                     /usr/lib/fglrx/fglrx-libGL.so.1.2
7f43adc8a000-7f43adcaa000 rwxp 00000000 00:00 0 
7f43adcaa000-7f43adcec000 r-xp 00000000 08:06 527897                     /usr/lib/libdbus-1.so.3.5.9
7f43adcec000-7f43adeec000 ---p 00042000 08:06 527897                     /usr/lib/libdbus-1.so.3.5.9
7f43adeec000-7f43adeee000 rw-p 00042000 08:06 527897                     /usr/lib/libdbus-1.so.3.5.9
7f43adeee000-7f43adeff000 r-xp 00000000 08:06 533797                     /usr/lib/libp11-kit.so.0.0.0
7f43adeff000-7f43ae0fe000 ---p 00011000 08:06 533797                     /usr/lib/libp11-kit.so.0.0.0
7f43ae0fe000-7f43ae0ff000 r--p 00010000 08:06 533797                     /usr/lib/libp11-kit.so.0.0.0
7f43ae0ff000-7f43ae100000 rw-p 00011000 08:06 533797                     /usr/lib/libp11-kit.so.0.0.0
7f43ae100000-7f43ae165000 r-xp 00000000 08:06 527102                     /usr/lib/libgmp.so.10.0.5
7f43ae165000-7f43ae365000 ---p 00065000 08:06 527102                     /usr/lib/libgmp.so.10.0.5
7f43ae365000-7f43ae366000 r--p 00065000 08:06 527102                     /usr/lib/libgmp.so.10.0.5
7f43ae366000-7f43ae36f000 rw-p 00066000 08:06 527102                     /usr/lib/libgmp.so.10.0.5
7f43ae36f000-7f43ae381000 r-xp 00000000 08:06 533726                     /usr/lib/libhogweed.so.2.1
7f43ae381000-7f43ae580000 ---p 00012000 08:06 533726                     /usr/lib/libhogweed.so.2.1
7f43ae580000-7f43ae581000 r--p 00011000 08:06 533726                     /usr/lib/libhogweed.so.2.1
7f43ae581000-7f43ae582000 rw-p 00012000 08:06 533726                     /usr/lib/libhogweed.so.2.1
7f43ae582000-7f43ae5a7000 r-xp 00000000 08:06 531660                     /usr/lib/libnettle.so.4.3
7f43ae5a7000-7f43ae7a7000 ---p 00025000 08:06 531660                     /usr/lib/libnettle.so.4.3
7f43ae7a7000-7f43ae7a8000 r--p 00025000 08:06 531660                     /usr/lib/libnettle.so.4.3
7f43ae7a8000-7f43ae7a9000 rw-p 00026000 08:06 531660                     /usr/lib/libnettle.so.4.3
7f43ae7a9000-7f43ae7b9000 r-xp 00000000 08:06 523686                     /usr/lib/libtasn1.so.3.1.15
7f43ae7b9000-7f43ae9b8000 ---p 00010000 08:06 523686                     /usr/lib/libtasn1.so.3.1.15
7f43ae9b8000-7f43ae9b9000 r--p 0000f000 08:06 523686                     /usr/lib/libtasn1.so.3.1.15
7f43ae9b9000-7f43ae9ba000 rw-p 00010000 08:06 523686                     /usr/lib/libtasn1.so.3.1.15
7f43ae9ba000-7f43ae9bd000 r-xp 00000000 08:06 536931                     /usr/lib/libkeyutils.so.1.4
7f43ae9bd000-7f43aebbc000 ---p 00003000 08:06 536931                     /usr/lib/libkeyutils.so.1.4
7f43aebbc000-7f43aebbd000 r--p 00002000 08:06 536931                     /usr/lib/libkeyutils.so.1.4
7f43aebbd000-7f43aebbe000 rw-p 00003000 08:06 536931                     /usr/lib/libkeyutils.so.1.4
7f43aebbe000-7f43aebc7000 r-xp 00000000 08:06 529619                     /usr/lib/libkrb5support.so.0.1
7f43aebc7000-7f43aedc6000 ---p 00009000 08:06 529619                     /usr/lib/libkrb5support.so.0.1
7f43aedc6000-7f43aedc7000 r--p 00008000 08:06 529619                     /usr/lib/libkrb5support.so.0.1
7f43aedc7000-7f43aedc8000 rw-p 00009000 08:06 529619                     /usr/lib/libkrb5support.so.0.1
7f43aedc8000-7f43aedcb000 r-xp 00000000 08:06 524071                     /usr/lib/libcom_err.so.2.1
7f43aedcb000-7f43aefca000 ---p 00003000 08:06 524071                     /usr/lib/libcom_err.so.2.1
7f43aefca000-7f43aefcb000 r--p 00002000 08:06 524071                     /usr/lib/libcom_err.so.2.1
7f43aefcb000-7f43aefcc000 rw-p 00003000 08:06 524071                     /usr/lib/libcom_err.so.2.1
7f43aefcc000-7f43aeff4000 r-xp 00000000 08:06 533131                     /usr/lib/libk5crypto.so.3.1
7f43aeff4000-7f43af1f4000 ---p 00028000 08:06 533131                     /usr/lib/libk5crypto.so.3.1
7f43af1f4000-7f43af1f5000 r--p 00028000 08:06 533131                     /usr/lib/libk5crypto.so.3.1
7f43af1f5000-7f43af1f6000 rw-p 00029000 08:06 533131                     /usr/lib/libk5crypto.so.3.1
7f43af1f6000-7f43af1f7000 rw-p 00000000 00:00 0 
7f43af1f7000-7f43af2cf000 r-xp 00000000 08:06 527453                     /usr/lib/libkrb5.so.3.3
7f43af2cf000-7f43af4cf000 ---p 000d8000 08:06 527453                     /usr/lib/libkrb5.so.3.3
7f43af4cf000-7f43af4d9000 r--p 000d8000 08:06 527453                     /usr/lib/libkrb5.so.3.3
7f43af4d9000-7f43af4db000 rw-p 000e2000 08:06 527453                     /usr/lib/libkrb5.so.3.3
7f43af4db000-7f43af4e0000 r-xp 00000000 08:06 523755                     /usr/lib/libXdmcp.so.6.0.0
7f43af4e0000-7f43af6df000 ---p 00005000 08:06 523755                     /usr/lib/libXdmcp.so.6.0.0
7f43af6df000-7f43af6e0000 r--p 00004000 08:06 523755                     /usr/lib/libXdmcp.so.6.0.0
7f43af6e0000-7f43af6e1000 rw-p 00005000 08:06 523755                     /usr/lib/libXdmcp.so.6.0.0
7f43af6e1000-7f43af6e3000 r-xp 00000000 08:06 523713                     /usr/lib/libXau.so.6.0.0
7f43af6e3000-7f43af8e3000 ---p 00002000 08:06 523713                     /usr/lib/libXau.so.6.0.0
7f43af8e3000-7f43af8e4000 r--p 00002000 08:06 523713                     /usr/lib/libXau.so.6.0.0
7f43af8e4000-7f43af8e5000 rw-p 00003000 08:06 523713                     /usr/lib/libXau.so.6.0.0
7f43af8e5000-7f43af8f5000 r-xp 00000000 08:06 526584                     /usr/lib/libavahi-client.so.3.2.9
7f43af8f5000-7f43afaf4000 ---p 00010000 08:06 526584                     /usr/lib/libavahi-client.so.3.2.9
7f43afaf4000-7f43afaf5000 r--p 0000f000 08:06 526584                     /usr/lib/libavahi-client.so.3.2.9
7f43afaf5000-7f43afaf6000 rw-p 00010000 08:06 526584                     /usr/lib/libavahi-client.so.3.2.9
7f43afaf6000-7f43afb02000 r-xp 00000000 08:06 527596                     /usr/lib/libavahi-common.so.3.5.3
7f43afb02000-7f43afd01000 ---p 0000c000 08:06 527596                     /usr/lib/libavahi-common.so.3.5.3
7f43afd01000-7f43afd02000 r--p 0000b000 08:06 527596                     /usr/lib/libavahi-common.so.3.5.3
7f43afd02000-7f43afd03000 rw-p 0000c000 08:06 527596                     /usr/lib/libavahi-common.so.3.5.3
7f43afd03000-7f43afdf5000 r-xp 00000000 08:06 528636                     /usr/lib/libgnutls.so.28.8.1
7f43afdf5000-7f43afff5000 ---p 000f2000 08:06 528636                     /usr/lib/libgnutls.so.28.8.1
7f43afff5000-7f43afffd000 r--p 000f2000 08:06 528636                     /usr/lib/libgnutls.so.28.8.1
7f43afffd000-7f43affff000 rw-p 000fa000 08:06 528636                     /usr/lib/libgnutls.so.28.8.1
7f43affff000-7f43b0000000 rw-p 00000000 00:00 0 
7f43b0000000-7f43b0021000 rw-p 00000000 00:00 0 
7f43b0021000-7f43b4000000 ---p 00000000 00:00 0 
7f43b4000000-7f43b4021000 rw-p 00000000 00:00 0 
7f43b4021000-7f43b8000000 ---p 00000000 00:00 0 
7f43b8000000-7f43b8345000 rw-p 00000000 00:00 0 
7f43b8345000-7f43bc000000 ---p 00000000 00:00 0 
7f43bc000000-7f43bc54b000 rw-p 00000000 00:00 0 
7f43bc54b000-7f43c0000000 ---p 00000000 00:00 0 
7f43c0000000-7f43c0021000 rw-p 00000000 00:00 0 
7f43c0021000-7f43c4000000 ---p 00000000 00:00 0 
7f43c4000000-7f43c4021000 rw-p 00000000 00:00 0 
7f43c4021000-7f43c8000000 ---p 00000000 00:00 0 
7f43c8000000-7f43c8021000 rw-p 00000000 00:00 0 
7f43c8021000-7f43cc000000 ---p 00000000 00:00 0 
7f43cc000000-7f43cc021000 rw-p 00000000 00:00 0 
7f43cc021000-7f43d0000000 ---p 00000000 00:00 0 
7f43d0000000-7f43d0021000 rw-p 00000000 00:00 0 
7f43d0021000-7f43d4000000 ---p 00000000 00:00 0 
7f43d4001000-7f43d4101000 rw-p 00000000 00:00 0 
7f43d4101000-7f43d4142000 r-xp 00000000 08:06 533554                     /usr/lib/libgssapi_krb5.so.2.2
7f43d4142000-7f43d4342000 ---p 00041000 08:06 533554                     /usr/lib/libgssapi_krb5.so.2.2
7f43d4342000-7f43d4343000 r--p 00041000 08:06 533554                     /usr/lib/libgssapi_krb5.so.2.2
7f43d4343000-7f43d4345000 rw-p 00042000 08:06 533554                     /usr/lib/libgssapi_krb5.so.2.2
7f43d4345000-7f43d439e000 r-xp 00000000 08:06 531196                     /usr/lib/libpcre.so.1.0.0
7f43d439e000-7f43d459d000 ---p 00059000 08:06 531196                     /usr/lib/libpcre.so.1.0.0
7f43d459d000-7f43d459e000 r--p 00058000 08:06 531196                     /usr/lib/libpcre.so.1.0.0
7f43d459e000-7f43d459f000 rw-p 00059000 08:06 531196                     /usr/lib/libpcre.so.1.0.0
7f43d459f000-7f43d45a6000 r-xp 00000000 08:06 533126                     /usr/lib/libffi.so.6.0.0
7f43d45a6000-7f43d47a5000 ---p 00007000 08:06 533126                     /usr/lib/libffi.so.6.0.0
7f43d47a5000-7f43d47a6000 r--p 00006000 08:06 533126                     /usr/lib/libffi.so.6.0.0
7f43d47a6000-7f43d47a7000 rw-p 00007000 08:06 533126                     /usr/lib/libffi.so.6.0.0
7f43d47a7000-7f43d47cf000 r-xp 00000000 08:06 534280                     /usr/lib/libexpat.so.1.6.0
7f43d47cf000-7f43d49ce000 ---p 00028000 08:06 534280                     /usr/lib/libexpat.so.1.6.0
7f43d49ce000-7f43d49d0000 r--p 00027000 08:06 534280                     /usr/lib/libexpat.so.1.6.0
7f43d49d0000-7f43d49d1000 rw-p 00029000 08:06 534280                     /usr/lib/libexpat.so.1.6.0
7f43d49d1000-7f43d49e0000 r-xp 00000000 08:06 535331                     /usr/lib/libbz2.so.1.0.6
7f43d49e0000-7f43d4bdf000 ---p 0000f000 08:06 535331                     /usr/lib/libbz2.so.1.0.6
7f43d4bdf000-7f43d4be1000 rw-p 0000e000 08:06 535331                     /usr/lib/libbz2.so.1.0.6
7f43d4be1000-7f43d4c62000 r-xp 00000000 08:06 528735                     /usr/lib/libpixman-1.so.0.24.4
7f43d4c62000-7f43d4e62000 ---p 00081000 08:06 528735                     /usr/lib/libpixman-1.so.0.24.4
7f43d4e62000-7f43d4e68000 r--p 00081000 08:06 528735                     /usr/lib/libpixman-1.so.0.24.4
7f43d4e68000-7f43d4e69000 rw-p 00087000 08:06 528735                     /usr/lib/libpixman-1.so.0.24.4
7f43d4e69000-7f43d4e95000 r-xp 00000000 08:06 528725                     /usr/lib/libpng15.so.15.10.0
7f43d4e95000-7f43d5094000 ---p 0002c000 08:06 528725                     /usr/lib/libpng15.so.15.10.0
7f43d5094000-7f43d5095000 r--p 0002b000 08:06 528725                     /usr/lib/libpng15.so.15.10.0
7f43d5095000-7f43d5096000 rw-p 0002c000 08:06 528725                     /usr/lib/libpng15.so.15.10.0
7f43d5096000-7f43d50a9000 r-xp 00000000 08:06 1332                       /lib/libresolv-2.15.so
7f43d50a9000-7f43d52a9000 ---p 00013000 08:06 1332                       /lib/libresolv-2.15.so
7f43d52a9000-7f43d52aa000 r--p 00013000 08:06 1332                       /lib/libresolv-2.15.so
7f43d52aa000-7f43d52ab000 rw-p 00014000 08:06 1332                       /lib/libresolv-2.15.so
7f43d52ab000-7f43d52ad000 rw-p 00000000 00:00 0 
7f43d52ad000-7f43d52af000 r-xp 00000000 08:06 533292                     /usr/lib/libXdamage.so.1.1.0
7f43d52af000-7f43d54ae000 ---p 00002000 08:06 533292                     /usr/lib/libXdamage.so.1.1.0
7f43d54ae000-7f43d54af000 r--p 00001000 08:06 533292                     /usr/lib/libXdamage.so.1.1.0
7f43d54af000-7f43d54b0000 rw-p 00002000 08:06 533292                     /usr/lib/libXdamage.so.1.1.0
7f43d54b0000-7f43d54b2000 r-xp 00000000 08:06 523753                     /usr/lib/libXcomposite.so.1.0.0
7f43d54b2000-7f43d56b1000 ---p 00002000 08:06 523753                     /usr/lib/libXcomposite.so.1.0.0
7f43d56b1000-7f43d56b2000 r--p 00001000 08:06 523753                     /usr/lib/libXcomposite.so.1.0.0
7f43d56b2000-7f43d56b3000 rw-p 00002000 08:06 523753                     /usr/lib/libXcomposite.so.1.0.0
7f43d56b3000-7f43d56bc000 r-xp 00000000 08:06 531336                     /usr/lib/libXcursor.so.1.0.2
7f43d56bc000-7f43d58bb000 ---p 00009000 08:06 531336                     /usr/lib/libXcursor.so.1.0.2
7f43d58bb000-7f43d58bc000 r--p 00008000 08:06 531336                     /usr/lib/libXcursor.so.1.0.2
7f43d58bc000-7f43d58bd000 rw-p 00009000 08:06 531336                     /usr/lib/libXcursor.so.1.0.2
7f43d58bd000-7f43d58c5000 r-xp 00000000 08:06 533170                     /usr/lib/libXrandr.so.2.2.0
7f43d58c5000-7f43d5ac4000 ---p 00008000 08:06 533170                     /usr/lib/libXrandr.so.2.2.0
7f43d5ac4000-7f43d5ac5000 r--p 00007000 08:06 533170                     /usr/lib/libXrandr.so.2.2.0
7f43d5ac5000-7f43d5ac6000 rw-p 00008000 08:06 533170                     /usr/lib/libXrandr.so.2.2.0
7f43d5ac6000-7f43d5ac8000 r-xp 00000000 08:06 523766                     /usr/lib/libXinerama.so.1.0.0
7f43d5ac8000-7f43d5cc7000 ---p 00002000 08:06 523766                     /usr/lib/libXinerama.so.1.0.0
7f43d5cc7000-7f43d5cc8000 r--p 00001000 08:06 523766                     /usr/lib/libXinerama.so.1.0.0
7f43d5cc8000-7f43d5cc9000 rw-p 00002000 08:06 523766                     /usr/lib/libXinerama.so.1.0.0
7f43d5cc9000-7f43d5cce000 r-xp 00000000 08:06 523749                     /usr/lib/libXfixes.so.3.1.0
7f43d5cce000-7f43d5ece000 ---p 00005000 08:06 523749                     /usr/lib/libXfixes.so.3.1.0
7f43d5ece000-7f43d5ecf000 r--p 00005000 08:06 523749                     /usr/lib/libXfixes.so.3.1.0
7f43d5ecf000-7f43d5ed0000 rw-p 00006000 08:06 523749                     /usr/lib/libXfixes.so.3.1.0
7f43d5ed0000-7f43d5eed000 r-xp 00000000 08:06 533661                     /usr/lib/libxcb.so.1.1.0
7f43d5eed000-7f43d60ed000 ---p 0001d000 08:06 533661                     /usr/lib/libxcb.so.1.1.0
7f43d60ed000-7f43d60ee000 rw-p 0001d000 08:06 533661                     /usr/lib/libxcb.so.1.1.0
7f43d60ee000-7f43d6140000 r-xp 00000000 08:06 528718                     /usr/lib/libcups.so.2
7f43d6140000-7f43d633f000 ---p 00052000 08:06 528718                     /usr/lib/libcups.so.2
7f43d633f000-7f43d6343000 r--p 00051000 08:06 528718                     /usr/lib/libcups.so.2
7f43d6343000-7f43d6344000 rw-p 00055000 08:06 528718                     /usr/lib/libcups.so.2
7f43d6344000-7f43d6436000 r-xp 00000000 08:06 528627                     /usr/lib/libglib-2.0.so.0.3200.2
7f43d6436000-7f43d6635000 ---p 000f2000 08:06 528627                     /usr/lib/libglib-2.0.so.0.3200.2
7f43d6635000-7f43d6636000 r--p 000f1000 08:06 528627                     /usr/lib/libglib-2.0.so.0.3200.2
7f43d6636000-7f43d6637000 rw-p 000f2000 08:06 528627                     /usr/lib/libglib-2.0.so.0.3200.2
7f43d6637000-7f43d6638000 rw-p 00000000 00:00 0 
7f43d6638000-7f43d6639000 r-xp 00000000 08:06 528965                     /usr/lib/libgthread-2.0.so.0.3200.2
7f43d6639000-7f43d6838000 ---p 00001000 08:06 528965                     /usr/lib/libgthread-2.0.so.0.3200.2
7f43d6838000-7f43d6839000 r--p 00000000 08:06 528965                     /usr/lib/libgthread-2.0.so.0.3200.2
7f43d6839000-7f43d683a000 rw-p 00001000 08:06 528965                     /usr/lib/libgthread-2.0.so.0.3200.2
7f43d683a000-7f43d683d000 r-xp 00000000 08:06 528923                     /usr/lib/libgmodule-2.0.so.0.3200.2
7f43d683d000-7f43d6a3c000 ---p 00003000 08:06 528923                     /usr/lib/libgmodule-2.0.so.0.3200.2
7f43d6a3c000-7f43d6a3d000 r--p 00002000 08:06 528923                     /usr/lib/libgmodule-2.0.so.0.3200.2
7f43d6a3d000-7f43d6a3e000 rw-p 00003000 08:06 528923                     /usr/lib/libgmodule-2.0.so.0.3200.2
7f43d6a3e000-7f43d6a8a000 r-xp 00000000 08:06 528966                     /usr/lib/libgobject-2.0.so.0.3200.2
7f43d6a8a000-7f43d6c8a000 ---p 0004c000 08:06 528966                     /usr/lib/libgobject-2.0.so.0.3200.2
7f43d6c8a000-7f43d6c8b000 r--p 0004c000 08:06 528966                     /usr/lib/libgobject-2.0.so.0.3200.2
7f43d6c8b000-7f43d6c8c000 rw-p 0004d000 08:06 528966                     /usr/lib/libgobject-2.0.so.0.3200.2
7f43d6c8c000-7f43d6cc0000 r-xp 00000000 08:06 534580                     /usr/lib/libfontconfig.so.1.4.4
7f43d6cc0000-7f43d6ec0000 ---p 00034000 08:06 534580                     /usr/lib/libfontconfig.so.1.4.4
7f43d6ec0000-7f43d6ec1000 r--p 00034000 08:06 534580                     /usr/lib/libfontconfig.so.1.4.4
7f43d6ec1000-7f43d6ec2000 rw-p 00035000 08:06 534580                     /usr/lib/libfontconfig.so.1.4.4
7f43d6ec2000-7f43d6f5b000 r-xp 00000000 08:06 533427                     /usr/lib/libfreetype.so.6.8.1
7f43d6f5b000-7f43d715a000 ---p 00099000 08:06 533427                     /usr/lib/libfreetype.so.6.8.1
7f43d715a000-7f43d7160000 r--p 00098000 08:06 533427                     /usr/lib/libfreetype.so.6.8.1
7f43d7160000-7f43d7161000 rw-p 0009e000 08:06 533427                     /usr/lib/libfreetype.so.6.8.1
7f43d7161000-7f43d71a9000 r-xp 00000000 08:06 533234                     /usr/lib/libpango-1.0.so.0.3000.0
7f43d71a9000-7f43d73a9000 ---p 00048000 08:06 533234                     /usr/lib/libpango-1.0.so.0.3000.0
7f43d73a9000-7f43d73ab000 r--p 00048000 08:06 533234                     /usr/lib/libpango-1.0.so.0.3000.0
7f43d73ab000-7f43d73ac000 rw-p 0004a000 08:06 533234                     /usr/lib/libpango-1.0.so.0.3000.0
7f43d73ac000-7f43d7453000 r-xp 00000000 08:06 531350                     /usr/lib/libcairo.so.2.11000.2
7f43d7453000-7f43d7652000 ---p 000a7000 08:06 531350                     /usr/lib/libcairo.so.2.11000.2
7f43d7652000-7f43d7654000 r--p 000a6000 08:06 531350                     /usr/lib/libcairo.so.2.11000.2
7f43d7654000-7f43d7655000 rw-p 000a8000 08:06 531350                     /usr/lib/libcairo.so.2.11000.2
7f43d7655000-7f43d7658000 rw-p 00000000 00:00 0 
7f43d7658000-7f43d7679000 r-xp 00000000 08:06 532661                     /usr/lib/libgdk_pixbuf-2.0.so.0.2600.1
7f43d7679000-7f43d7878000 ---p 00021000 08:06 532661                     /usr/lib/libgdk_pixbuf-2.0.so.0.2600.1
7f43d7878000-7f43d7879000 r--p 00020000 08:06 532661                     /usr/lib/libgdk_pixbuf-2.0.so.0.2600.1
7f43d7879000-7f43d787a000 rw-p 00021000 08:06 532661                     /usr/lib/libgdk_pixbuf-2.0.so.0.2600.1
7f43d787a000-7f43d7885000 r-xp 00000000 08:06 533238                     /usr/lib/libpangocairo-1.0.so.0.3000.0
7f43d7885000-7f43d7a85000 ---p 0000b000 08:06 533238                     /usr/lib/libpangocairo-1.0.so.0.3000.0
7f43d7a85000-7f43d7a86000 r--p 0000b000 08:06 533238                     /usr/lib/libpangocairo-1.0.so.0.3000.0
7f43d7a86000-7f43d7a87000 rw-p 0000c000 08:06 533238                     /usr/lib/libpangocairo-1.0.so.0.3000.0
7f43d7a87000-7f43d7ab2000 r-xp 00000000 08:06 533236                     /usr/lib/libpangoft2-1.0.so.0.3000.0
7f43d7ab2000-7f43d7cb2000 ---p 0002b000 08:06 533236                     /usr/lib/libpangoft2-1.0.so.0.3000.0
7f43d7cb2000-7f43d7cb3000 r--p 0002b000 08:06 533236                     /usr/lib/libpangoft2-1.0.so.0.3000.0
7f43d7cb3000-7f43d7cb4000 rw-p 0002c000 08:06 533236                     /usr/lib/libpangoft2-1.0.so.0.3000.0
7f43d7cb4000-7f43d7df9000 r-xp 00000000 08:06 528967                     /usr/lib/libgio-2.0.so.0.3200.2
7f43d7df9000-7f43d7ff8000 ---p 00145000 08:06 528967                     /usr/lib/libgio-2.0.so.0.3200.2
7f43d7ff8000-7f43d7ffc000 r--p 00144000 08:06 528967                     /usr/lib/libgio-2.0.so.0.3200.2
7f43d7ffc000-7f43d7ffe000 rw-p 00148000 08:06 528967                     /usr/lib/libgio-2.0.so.0.3200.2
7f43d7ffe000-7f43d8000000 rw-p 00000000 00:00 0 
7f43d8000000-7f43d8021000 rw-p 00000000 00:00 0 
7f43d8021000-7f43dc000000 ---p 00000000 00:00 0 
7f43dc000000-7f43dc021000 rw-p 00000000 00:00 0 
7f43dc021000-7f43e0000000 ---p 00000000 00:00 0 
7f43e0000000-7f43e0021000 rw-p 00000000 00:00 0 
7f43e0021000-7f43e4000000 ---p 00000000 00:00 0 
7f43e4000000-7f43e40c8000 rw-p 00000000 00:00 0 
7f43e40c8000-7f43e40e8000 r-xp 00000000 08:06 533187                     /usr/lib/libatk-1.0.so.0.20409.1
7f43e40e8000-7f43e42e8000 ---p 00020000 08:06 533187                     /usr/lib/libatk-1.0.so.0.20409.1
7f43e42e8000-7f43e42ea000 r--p 00020000 08:06 533187                     /usr/lib/libatk-1.0.so.0.20409.1
7f43e42ea000-7f43e42eb000 rw-p 00022000 08:06 533187                     /usr/lib/libatk-1.0.so.0.20409.1
7f43e42eb000-7f43e4398000 r-xp 00000000 08:06 523419                     /usr/lib/libgdk-x11-2.0.so.0.2400.10
7f43e4398000-7f43e4598000 ---p 000ad000 08:06 523419                     /usr/lib/libgdk-x11-2.0.so.0.2400.10
7f43e4598000-7f43e459c000 r--p 000ad000 08:06 523419                     /usr/lib/libgdk-x11-2.0.so.0.2400.10
7f43e459c000-7f43e459e000 rw-p 000b1000 08:06 523419                     /usr/lib/libgdk-x11-2.0.so.0.2400.10
7f43e459e000-7f43e49c0000 r-xp 00000000 08:06 523420                     /usr/lib/libgtk-x11-2.0.so.0.2400.10
7f43e49c0000-7f43e4bc0000 ---p 00422000 08:06 523420                     /usr/lib/libgtk-x11-2.0.so.0.2400.10
7f43e4bc0000-7f43e4bc7000 r--p 00422000 08:06 523420                     /usr/lib/libgtk-x11-2.0.so.0.2400.10
7f43e4bc7000-7f43e4bcb000 rw-p 00429000 08:06 523420                     /usr/lib/libgtk-x11-2.0.so.0.2400.10
7f43e4bcb000-7f43e4bcd000 rw-p 00000000 00:00 0 
7f43e4bcd000-7f43e4bdb000 r-xp 00000000 08:06 532665                     /usr/lib/libXi.so.6.1.0
7f43e4bdb000-7f43e4dda000 ---p 0000e000 08:06 532665                     /usr/lib/libXi.so.6.1.0
7f43e4dda000-7f43e4ddb000 rw-p 0000d000 08:06 532665                     /usr/lib/libXi.so.6.1.0
7f43e4ddb000-7f43e4de0000 r-xp 00000000 08:06 523793                     /usr/lib/libXtst.so.6.1.0
7f43e4de0000-7f43e4fe0000 ---p 00005000 08:06 523793                     /usr/lib/libXtst.so.6.1.0
7f43e4fe0000-7f43e4fe1000 r--p 00005000 08:06 523793                     /usr/lib/libXtst.so.6.1.0
7f43e4fe1000-7f43e4fe2000 rw-p 00006000 08:06 523793                     /usr/lib/libXtst.so.6.1.0
7f43e4fe2000-7f43e4fec000 r-xp 00000000 08:06 529110                     /usr/lib/libXrender.so.1.3.0
7f43e4fec000-7f43e51eb000 ---p 0000a000 08:06 529110                     /usr/lib/libXrender.so.1.3.0
7f43e51eb000-7f43e51ec000 r--p 00009000 08:06 529110                     /usr/lib/libXrender.so.1.3.0
7f43e51ec000-7f43e51ed000 rw-p 0000a000 08:06 529110                     /usr/lib/libXrender.so.1.3.0
7f43e51ed000-7f43e5321000 r-xp 00000000 08:06 531386                     /usr/lib/libX11.so.6.3.0
7f43e5321000-7f43e5521000 ---p 00134000 08:06 531386                     /usr/lib/libX11.so.6.3.0
7f43e5521000-7f43e5522000 r--p 00134000 08:06 531386                     /usr/lib/libX11.so.6.3.0
7f43e5522000-7f43e5527000 rw-p 00135000 08:06 531386                     /usr/lib/libX11.so.6.3.0
7f43e5527000-7f43e5539000 r-xp 00000000 08:06 523664                     /usr/lib/libXext.so.6.4.0
7f43e5539000-7f43e5738000 ---p 00012000 08:06 523664                     /usr/lib/libXext.so.6.4.0
7f43e5738000-7f43e5739000 r--p 00011000 08:06 523664                     /usr/lib/libXext.so.6.4.0
7f43e5739000-7f43e573a000 rw-p 00012000 08:06 523664                     /usr/lib/libXext.so.6.4.0
7f43e573a000-7f43e578c000 r-xp 00000000 08:06 533913                     /usr/lib/jvm/java-7-openjdk/jre/lib/amd64/xawt/libmawt.so
7f43e578c000-7f43e598b000 ---p 00052000 08:06 533913                     /usr/lib/jvm/java-7-openjdk/jre/lib/amd64/xawt/libmawt.so
7f43e598b000-7f43e598f000 rw-p 00051000 08:06 533913                     /usr/lib/jvm/java-7-openjdk/jre/lib/amd64/xawt/libmawt.so
7f43e598f000-7f43e5990000 rw-p 00000000 00:00 0 
7f43e5990000-7f43e5a32000 r-xp 00000000 08:06 525820                     /usr/lib/jvm/java-7-openjdk/jre/lib/amd64/libawt.so
7f43e5a32000-7f43e5c32000 ---p 000a2000 08:06 525820                     /usr/lib/jvm/java-7-openjdk/jre/lib/amd64/libawt.so
7f43e5c32000-7f43e5c3e000 rw-p 000a2000 08:06 525820                     /usr/lib/jvm/java-7-openjdk/jre/lib/amd64/libawt.so
7f43e5c3e000-7f43e5c62000 rw-p 00000000 00:00 0 
7f43e5c62000-7f43e5c63000 ---p 00000000 00:00 0 
7f43e5c63000-7f43e5d63000 rw-p 00000000 00:00 0 
7f43e5d63000-7f43e5d66000 ---p 00000000 00:00 0 
7f43e5d66000-7f43e5e64000 rw-p 00000000 00:00 0 
7f43e5e64000-7f43e5e67000 ---p 00000000 00:00 0 
7f43e5e67000-7f43e5f65000 rw-p 00000000 00:00 0 
7f43e5f65000-7f43e5f68000 ---p 00000000 00:00 0 
7f43e5f68000-7f43e6066000 rw-p 00000000 00:00 0 
7f43e6066000-7f43e6069000 ---p 00000000 00:00 0 
7f43e6069000-7f43e6167000 rw-p 00000000 00:00 0 
7f43e6167000-7f43e6513000 r--p 00000000 08:06 536728                     /usr/lib/locale/locale-archive
7f43e6513000-7f43e6516000 ---p 00000000 00:00 0 
7f43e6516000-7f43e6614000 rw-p 00000000 00:00 0 
7f43e6614000-7f43e6617000 ---p 00000000 00:00 0 
7f43e6617000-7f43e6715000 rw-p 00000000 00:00 0 
7f43e6715000-7f43e6716000 ---p 00000000 00:00 0 
7f43e6716000-7f43e6d1b000 rw-p 00000000 00:00 0 
7f43e6d1b000-7f43e6eca000 r--s 03e7b000 08:06 524045                     /usr/lib/jvm/java-7-openjdk/jre/lib/rt.jar
7f43e6eca000-7f43e6ecb000 ---p 00000000 00:00 0 
7f43e6ecb000-7f43e6fcb000 rw-p 00000000 00:00 0 
7f43e6fcb000-7f43e6fcc000 ---p 00000000 00:00 0 
7f43e6fcc000-7f43e70cc000 rw-p 00000000 00:00 0 
7f43e70cc000-7f43e70cd000 ---p 00000000 00:00 0 
7f43e70cd000-7f43e71cd000 rw-p 00000000 00:00 0 
7f43e71cd000-7f43e71ce000 ---p 00000000 00:00 0 
7f43e71ce000-7f43e7321000 rw-p 00000000 00:00 0 
7f43e7321000-7f43e77f4000 rw-p 00000000 00:00 0 
7f43e77f4000-7f43e77ff000 rw-p 00000000 00:00 0 
7f43e77ff000-7f43e7847000 rw-p 00000000 00:00 0 
7f43e7847000-7f43e789a000 rw-p 00000000 00:00 0 
7f43e789a000-7f43e7d6c000 rw-p 00000000 00:00 0 
7f43e7d6c000-7f43e7d96000 rw-p 00000000 00:00 0 
7f43e7d96000-7f43e7fff000 rw-p 00000000 00:00 0 
7f43e7fff000-7f43e8000000 rw-p 00000000 00:00 0 
7f43e8000000-7f43e84de000 rw-p 00000000 00:00 0 
7f43e84de000-7f43ec000000 ---p 00000000 00:00 0 
7f43ec002000-7f43ec006000 r--s 000a0000 08:06 523715                     /usr/lib/jvm/java-7-openjdk/jre/lib/jsse.jar
7f43ec006000-7f43ec007000 r--s 00000000 00:11 27270                      /home/tobi/.fontconfig/5604230ae2129cf9aeedc64ab4ef6938-le64.cache-3
7f43ec007000-7f43ec047000 rw-s 00030000 00:05 1869                       /dev/ati/card1
7f43ec047000-7f43ec0e6000 rw-p 00000000 00:00 0 
7f43ec0e6000-7f43ec12e000 rw-p 00000000 00:00 0 
7f43ec12e000-7f43ec39e000 rwxp 00000000 00:00 0 
7f43ec39e000-7f43ef12e000 rw-p 00000000 00:00 0 
7f43ef12e000-7f43ef136000 r-xp 00000000 08:06 525197                     /usr/lib/jvm/java-7-openjdk/jre/lib/amd64/libzip.so
7f43ef136000-7f43ef335000 ---p 00008000 08:06 525197                     /usr/lib/jvm/java-7-openjdk/jre/lib/amd64/libzip.so
7f43ef335000-7f43ef336000 rw-p 00007000 08:06 525197                     /usr/lib/jvm/java-7-openjdk/jre/lib/amd64/libzip.so
7f43ef336000-7f43ef342000 r-xp 00000000 08:06 1309                       /lib/libnss_files-2.15.so
7f43ef342000-7f43ef541000 ---p 0000c000 08:06 1309                       /lib/libnss_files-2.15.so
7f43ef541000-7f43ef542000 r--p 0000b000 08:06 1309                       /lib/libnss_files-2.15.so
7f43ef542000-7f43ef543000 rw-p 0000c000 08:06 1309                       /lib/libnss_files-2.15.so
7f43ef543000-7f43ef56c000 r-xp 00000000 08:06 525207                     /usr/lib/jvm/java-7-openjdk/jre/lib/amd64/libjava.so
7f43ef56c000-7f43ef76b000 ---p 00029000 08:06 525207                     /usr/lib/jvm/java-7-openjdk/jre/lib/amd64/libjava.so
7f43ef76b000-7f43ef76d000 rw-p 00028000 08:06 525207                     /usr/lib/jvm/java-7-openjdk/jre/lib/amd64/libjava.so
7f43ef76d000-7f43ef77b000 r-xp 00000000 08:06 525194                     /usr/lib/jvm/java-7-openjdk/jre/lib/amd64/libverify.so
7f43ef77b000-7f43ef97a000 ---p 0000e000 08:06 525194                     /usr/lib/jvm/java-7-openjdk/jre/lib/amd64/libverify.so
7f43ef97a000-7f43ef97c000 rw-p 0000d000 08:06 525194                     /usr/lib/jvm/java-7-openjdk/jre/lib/amd64/libverify.so
7f43ef97c000-7f43ef983000 r-xp 00000000 08:06 1288                       /lib/librt-2.15.so
7f43ef983000-7f43efb82000 ---p 00007000 08:06 1288                       /lib/librt-2.15.so
7f43efb82000-7f43efb83000 r--p 00006000 08:06 1288                       /lib/librt-2.15.so
7f43efb83000-7f43efb84000 rw-p 00007000 08:06 1288                       /lib/librt-2.15.so
7f43efb84000-7f43efb99000 r-xp 00000000 08:06 526089                     /usr/lib/libgcc_s.so.1
7f43efb99000-7f43efd98000 ---p 00015000 08:06 526089                     /usr/lib/libgcc_s.so.1
7f43efd98000-7f43efd99000 rw-p 00014000 08:06 526089                     /usr/lib/libgcc_s.so.1
7f43efd99000-7f43efe8c000 r-xp 00000000 08:06 1293                       /lib/libm-2.15.so
7f43efe8c000-7f43f008c000 ---p 000f3000 08:06 1293                       /lib/libm-2.15.so
7f43f008c000-7f43f008d000 r--p 000f3000 08:06 1293                       /lib/libm-2.15.so
7f43f008d000-7f43f008e000 rw-p 000f4000 08:06 1293                       /lib/libm-2.15.so
7f43f008e000-7f43f0173000 r-xp 00000000 08:06 526567                     /usr/lib/libstdc++.so.6.0.17
7f43f0173000-7f43f0373000 ---p 000e5000 08:06 526567                     /usr/lib/libstdc++.so.6.0.17
7f43f0373000-7f43f037b000 r--p 000e5000 08:06 526567                     /usr/lib/libstdc++.so.6.0.17
7f43f037b000-7f43f037d000 rw-p 000ed000 08:06 526567                     /usr/lib/libstdc++.so.6.0.17
7f43f037d000-7f43f0392000 rw-p 00000000 00:00 0 
7f43f0392000-7f43f0d25000 r-xp 00000000 08:06 525849                     /usr/lib/jvm/java-7-openjdk/jre/lib/amd64/server/libjvm.so
7f43f0d25000-7f43f0f25000 ---p 00993000 08:06 525849                     /usr/lib/jvm/java-7-openjdk/jre/lib/amd64/server/libjvm.so
7f43f0f25000-7f43f0fc1000 rw-p 00993000 08:06 525849                     /usr/lib/jvm/java-7-openjdk/jre/lib/amd64/server/libjvm.so
7f43f0fc1000-7f43f0feb000 rw-p 00000000 00:00 0 
7f43f0feb000-7f43f1182000 r-xp 00000000 08:06 1304                       /lib/libc-2.15.so
7f43f1182000-7f43f1382000 ---p 00197000 08:06 1304                       /lib/libc-2.15.so
7f43f1382000-7f43f1386000 r--p 00197000 08:06 1304                       /lib/libc-2.15.so
7f43f1386000-7f43f1388000 rw-p 0019b000 08:06 1304                       /lib/libc-2.15.so
7f43f1388000-7f43f138c000 rw-p 00000000 00:00 0 
7f43f138c000-7f43f138f000 r-xp 00000000 08:06 1292                       /lib/libdl-2.15.so
7f43f138f000-7f43f158e000 ---p 00003000 08:06 1292                       /lib/libdl-2.15.so
7f43f158e000-7f43f158f000 r--p 00002000 08:06 1292                       /lib/libdl-2.15.so
7f43f158f000-7f43f1590000 rw-p 00003000 08:06 1292                       /lib/libdl-2.15.so
7f43f1590000-7f43f15a5000 r-xp 00000000 08:06 528979                     /usr/lib/libz.so.1.2.7
7f43f15a5000-7f43f17a4000 ---p 00015000 08:06 528979                     /usr/lib/libz.so.1.2.7
7f43f17a4000-7f43f17a5000 r--p 00014000 08:06 528979                     /usr/lib/libz.so.1.2.7
7f43f17a5000-7f43f17a6000 rw-p 00015000 08:06 528979                     /usr/lib/libz.so.1.2.7
7f43f17a6000-7f43f17b2000 r-xp 00000000 08:06 526062                     /usr/lib/jvm/java-7-openjdk/jre/lib/amd64/jli/libjli.so
7f43f17b2000-7f43f19b2000 ---p 0000c000 08:06 526062                     /usr/lib/jvm/java-7-openjdk/jre/lib/amd64/jli/libjli.so
7f43f19b2000-7f43f19b3000 rw-p 0000c000 08:06 526062                     /usr/lib/jvm/java-7-openjdk/jre/lib/amd64/jli/libjli.so
7f43f19b3000-7f43f19ca000 r-xp 00000000 08:06 929                        /lib/libpthread-2.15.so
7f43f19ca000-7f43f1bc9000 ---p 00017000 08:06 929                        /lib/libpthread-2.15.so
7f43f1bc9000-7f43f1bca000 r--p 00016000 08:06 929                        /lib/libpthread-2.15.so
7f43f1bca000-7f43f1bcb000 rw-p 00017000 08:06 929                        /lib/libpthread-2.15.so
7f43f1bcb000-7f43f1bcf000 rw-p 00000000 00:00 0 
7f43f1bcf000-7f43f1bf0000 r-xp 00000000 08:06 1312                       /lib/ld-2.15.so
7f43f1bf0000-7f43f1bf9000 r--s 00263000 08:06 523786                     /usr/lib/jvm/java-7-openjdk/jre/lib/resources.jar
7f43f1bf9000-7f43f1c03000 rw-p 00000000 00:00 0 
7f43f1c03000-7f43f1cb9000 rw-p 00000000 00:00 0 
7f43f1cb9000-7f43f1cbc000 ---p 00000000 00:00 0 
7f43f1cbc000-7f43f1dbf000 rw-p 00000000 00:00 0 
7f43f1dbf000-7f43f1dc0000 rw-s 00005000 00:05 1869                       /dev/ati/card1
7f43f1dc0000-7f43f1de0000 rw-s feae0000 00:05 1869                       /dev/ati/card1
7f43f1de0000-7f43f1de2000 rw-s 00002000 00:05 1869                       /dev/ati/card1
7f43f1de2000-7f43f1de5000 r--s 0000f000 08:06 526356                     /usr/lib/jvm/java-7-openjdk/jre/lib/ext/pulse-java.jar
7f43f1de5000-7f43f1ded000 rw-s 00000000 08:06 392931                     /tmp/hsperfdata_tobi/10212 (deleted)
7f43f1ded000-7f43f1dee000 rw-p 00000000 00:00 0 
7f43f1dee000-7f43f1def000 ---p 00000000 00:00 0 
7f43f1def000-7f43f1df0000 rw-p 00000000 00:00 0 
7f43f1df0000-7f43f1df1000 r--p 00021000 08:06 1312                       /lib/ld-2.15.so
7f43f1df1000-7f43f1df2000 rw-p 00022000 08:06 1312                       /lib/ld-2.15.so
7f43f1df2000-7f43f1df3000 rw-p 00000000 00:00 0 
7fffdd19a000-7fffdd1bb000 rw-p 00000000 00:00 0                          [stack]
7fffdd1ff000-7fffdd200000 r-xp 00000000 00:00 0                          [vdso]
ffffffffff600000-ffffffffff601000 r-xp 00000000 00:00 0                  [vsyscall]

VM Arguments:
jvm_args: -Dsun.java2d.opengl=True -Dfile.encoding=UTF-8 
java_command: bombi.BombiGui
Launcher Type: SUN_STANDARD

Environment Variables:
JAVA_HOME=/usr/lib/jvm/java-7-openjdk
PATH=/usr/local/bin:/usr/bin:/bin:/usr/local/sbin:/usr/sbin:/sbin:/opt/android-sdk/platform-tools:/opt/android-sdk/tools:/usr/bin/vendor_perl:/usr/bin/core_perl:/opt/qt/bin
SHELL=/bin/bash
DISPLAY=:0.0

Signal Handlers:
SIGSEGV: [libjvm.so+0x807d30], sa_mask[0]=0x7ffbfeff, sa_flags=0x10000004
SIGBUS: [libjvm.so+0x807d30], sa_mask[0]=0x7ffbfeff, sa_flags=0x10000004
SIGFPE: [libjvm.so+0x6ac970], sa_mask[0]=0x7ffbfeff, sa_flags=0x10000004
SIGPIPE: [libjvm.so+0x6ac970], sa_mask[0]=0x7ffbfeff, sa_flags=0x10000004
SIGXFSZ: [libjvm.so+0x6ac970], sa_mask[0]=0x7ffbfeff, sa_flags=0x10000004
SIGILL: [libjvm.so+0x6ac970], sa_mask[0]=0x7ffbfeff, sa_flags=0x10000004
SIGUSR1: SIG_DFL, sa_mask[0]=0x00000000, sa_flags=0x00000000
SIGUSR2: [libjvm.so+0x6acd40], sa_mask[0]=0x00000004, sa_flags=0x10000004
SIGHUP: [libjvm.so+0x6ace80], sa_mask[0]=0x7ffbfeff, sa_flags=0x10000004
SIGINT: [libjvm.so+0x6ace80], sa_mask[0]=0x7ffbfeff, sa_flags=0x10000004
SIGTERM: [libjvm.so+0x6ace80], sa_mask[0]=0x7ffbfeff, sa_flags=0x10000004
SIGQUIT: [libjvm.so+0x6ace80], sa_mask[0]=0x7ffbfeff, sa_flags=0x10000004


---------------  S Y S T E M  ---------------

OS:Linux
uname:Linux 3.3.5-1-ARCH #1 SMP PREEMPT Mon May 7 19:57:51 CEST 2012 x86_64
libc:glibc 2.15 NPTL 2.15 
rlimit: STACK 8192k, CORE 0k, NPROC 125839, NOFILE 4096, AS infinity
load average:1.11 1.08 1.13

/proc/meminfo:
MemTotal:       16180360 kB
MemFree:        11858152 kB
Buffers:          242568 kB
Cached:          2298856 kB
SwapCached:            0 kB
Active:          1749080 kB
Inactive:        1913040 kB
Active(anon):    1121088 kB
Inactive(anon):    32052 kB
Active(file):     627992 kB
Inactive(file):  1880988 kB
Unevictable:           0 kB
Mlocked:               0 kB
SwapTotal:             0 kB
SwapFree:              0 kB
Dirty:               420 kB
Writeback:             0 kB
AnonPages:       1114116 kB
Mapped:           252652 kB
Shmem:             32456 kB
Slab:             311328 kB
SReclaimable:     278952 kB
SUnreclaim:        32376 kB
KernelStack:        3968 kB
PageTables:        36556 kB
NFS_Unstable:          0 kB
Bounce:                0 kB
WritebackTmp:          0 kB
CommitLimit:     8090180 kB
Committed_AS:    2770364 kB
VmallocTotal:   34359738367 kB
VmallocUsed:      362644 kB
VmallocChunk:   34359373835 kB
HardwareCorrupted:     0 kB
AnonHugePages:    716800 kB
HugePages_Total:       0
HugePages_Free:        0
HugePages_Rsvd:        0
HugePages_Surp:        0
Hugepagesize:       2048 kB
DirectMap4k:      111104 kB
DirectMap2M:     5916672 kB
DirectMap1G:    10485760 kB


CPU:total 4 (4 cores per cpu, 1 threads per core) family 16 model 5 stepping 2, cmov, cx8, fxsr, mmx, sse, sse2, sse3, popcnt, mmxext, 3dnowpref, lzcnt, sse4a

/proc/cpuinfo:
processor	: 0
vendor_id	: AuthenticAMD
cpu family	: 16
model		: 5
model name	: AMD Athlon(tm) II X4 620 Processor
stepping	: 2
microcode	: 0x10000c6
cpu MHz		: 800.000
cache size	: 512 KB
physical id	: 0
siblings	: 4
core id		: 0
cpu cores	: 4
apicid		: 0
initial apicid	: 0
fpu		: yes
fpu_exception	: yes
cpuid level	: 5
wp		: yes
flags		: fpu vme de pse tsc msr pae mce cx8 apic sep mtrr pge mca cmov pat pse36 clflush mmx fxsr sse sse2 ht syscall nx mmxext fxsr_opt pdpe1gb rdtscp lm 3dnowext 3dnow constant_tsc rep_good nopl nonstop_tsc extd_apicid pni monitor cx16 popcnt lahf_lm cmp_legacy svm extapic cr8_legacy abm sse4a misalignsse 3dnowprefetch osvw ibs skinit wdt nodeid_msr npt lbrv svm_lock nrip_save
bogomips	: 5225.76
TLB size	: 1024 4K pages
clflush size	: 64
cache_alignment	: 64
address sizes	: 48 bits physical, 48 bits virtual
power management: ts ttp tm stc 100mhzsteps hwpstate

processor	: 1
vendor_id	: AuthenticAMD
cpu family	: 16
model		: 5
model name	: AMD Athlon(tm) II X4 620 Processor
stepping	: 2
microcode	: 0x10000c6
cpu MHz		: 2600.000
cache size	: 512 KB
physical id	: 0
siblings	: 4
core id		: 1
cpu cores	: 4
apicid		: 1
initial apicid	: 1
fpu		: yes
fpu_exception	: yes
cpuid level	: 5
wp		: yes
flags		: fpu vme de pse tsc msr pae mce cx8 apic sep mtrr pge mca cmov pat pse36 clflush mmx fxsr sse sse2 ht syscall nx mmxext fxsr_opt pdpe1gb rdtscp lm 3dnowext 3dnow constant_tsc rep_good nopl nonstop_tsc extd_apicid pni monitor cx16 popcnt lahf_lm cmp_legacy svm extapic cr8_legacy abm sse4a misalignsse 3dnowprefetch osvw ibs skinit wdt nodeid_msr npt lbrv svm_lock nrip_save
bogomips	: 5225.76
TLB size	: 1024 4K pages
clflush size	: 64
cache_alignment	: 64
address sizes	: 48 bits physical, 48 bits virtual
power management: ts ttp tm stc 100mhzsteps hwpstate

processor	: 2
vendor_id	: AuthenticAMD
cpu family	: 16
model		: 5
model name	: AMD Athlon(tm) II X4 620 Processor
stepping	: 2
microcode	: 0x10000c6
cpu MHz		: 800.000
cache size	: 512 KB
physical id	: 0
siblings	: 4
core id		: 2
cpu cores	: 4
apicid		: 2
initial apicid	: 2
fpu		: yes
fpu_exception	: yes
cpuid level	: 5
wp		: yes
flags		: fpu vme de pse tsc msr pae mce cx8 apic sep mtrr pge mca cmov pat pse36 clflush mmx fxsr sse sse2 ht syscall nx mmxext fxsr_opt pdpe1gb rdtscp lm 3dnowext 3dnow constant_tsc rep_good nopl nonstop_tsc extd_apicid pni monitor cx16 popcnt lahf_lm cmp_legacy svm extapic cr8_legacy abm sse4a misalignsse 3dnowprefetch osvw ibs skinit wdt nodeid_msr npt lbrv svm_lock nrip_save
bogomips	: 5225.76
TLB size	: 1024 4K pages
clflush size	: 64
cache_alignment	: 64
address sizes	: 48 bits physical, 48 bits virtual
power management: ts ttp tm stc 100mhzsteps hwpstate

processor	: 3
vendor_id	: AuthenticAMD
cpu family	: 16
model		: 5
model name	: AMD Athlon(tm) II X4 620 Processor
stepping	: 2
microcode	: 0x10000c6
cpu MHz		: 800.000
cache size	: 512 KB
physical id	: 0
siblings	: 4
core id		: 3
cpu cores	: 4
apicid		: 3
initial apicid	: 3
fpu		: yes
fpu_exception	: yes
cpuid level	: 5
wp		: yes
flags		: fpu vme de pse tsc msr pae mce cx8 apic sep mtrr pge mca cmov pat pse36 clflush mmx fxsr sse sse2 ht syscall nx mmxext fxsr_opt pdpe1gb rdtscp lm 3dnowext 3dnow constant_tsc rep_good nopl nonstop_tsc extd_apicid pni monitor cx16 popcnt lahf_lm cmp_legacy svm extapic cr8_legacy abm sse4a misalignsse 3dnowprefetch osvw ibs skinit wdt nodeid_msr npt lbrv svm_lock nrip_save
bogomips	: 5225.76
TLB size	: 1024 4K pages
clflush size	: 64
cache_alignment	: 64
address sizes	: 48 bits physical, 48 bits virtual
power management: ts ttp tm stc 100mhzsteps hwpstate



Memory: 4k page, physical 16180360k(11858152k free), swap 0k(0k free)

vm_info: OpenJDK 64-Bit Server VM (22.0-b10) for linux-amd64 JRE (1.7.0_03-b147), built on Mar  6 2012 20:02:29 by "nobody" with gcc 4.6.3

time: Thu May 10 19:41:14 2012
elapsed time: 9 seconds

