#
# A fatal error has been detected by the Java Runtime Environment:
#
#  SIGSEGV (0xb) at pc=0x00007f568e80a2a8, pid=5131, tid=140009757726464
#
# JRE version: 7.0_03-b147
# Java VM: OpenJDK 64-Bit Server VM (22.0-b10 mixed mode linux-amd64 compressed oops)
# Derivative: IcedTea7 2.1
# Distribution: Custom build (Tue Mar  6 19:52:34 UTC 2012)
# Problematic frame:
# C  [libX11.so.6+0x382a8]  XQueryExtension+0x28
#
# Failed to write core dump. Core dumps have been disabled. To enable core dumping, try "ulimit -c unlimited" before starting Java again
#
# If you would like to submit a bug report, please include
# instructions on how to reproduce the bug and visit:
#   http://icedtea.classpath.org/bugzilla
#

---------------  T H R E A D  ---------------

Current thread (0x00007f569809d000):  VMThread [stack: 0x00007f568fcfd000,0x00007f568fdfe000] [id=5141]

siginfo:si_signo=SIGSEGV: si_errno=0, si_code=1 (SEGV_MAPERR), si_addr=0xffffffff981c8d88

Registers:
RAX=0x00007f56700008c0, RBX=0xffffffff981c8420, RCX=0x00007f568fdfc538, RDX=0x00007f568fdfc534
RSP=0x00007f568fdfc4d0, RBP=0x00007f567ed6f932, RSI=0x00007f567ed6f932, RDI=0xffffffff981c8420
R8 =0x00007f568fdfc53c, R9 =0x0000000000000000, R10=0x00007f568fdfc390, R11=0x00007f569e66bad0
R12=0x0000000000000000, R13=0x00007f567ed6f932, R14=0x00007f56700008c0, R15=0x0000000000000000
RIP=0x00007f568e80a2a8, EFLAGS=0x0000000000010202, CSGSFS=0x0000000000000033, ERR=0x0000000000000005
  TRAPNO=0x000000000000000e

Top of Stack: (sp=0x00007f568fdfc4d0)
0x00007f568fdfc4d0:   0000000000000000 00007f568fdfc548
0x00007f568fdfc4e0:   00007f568fdfc549 00007f569f2303da
0x00007f568fdfc4f0:   0000000000000000 ffffffff981c8420
0x00007f568fdfc500:   00007f567ed6f932 0000000000000000
0x00007f568fdfc510:   00007f567ed6f932 00007f56700008c0
0x00007f568fdfc520:   0000000000000000 00007f568e7fe285
0x00007f568fdfc530:   0000000000000000 00007f569e6b0b20
0x00007f568fdfc540:   00007f567eea8520 ffffffff981c8420
0x00007f568fdfc550:   00007f56981d0c80 00007f568eb1ab1b
0x00007f568fdfc560:   00007f5600000005 0000001100000000
0x00007f568fdfc570:   00007f5600000005 0000000000000000
0x00007f568fdfc580:   00007f568fdfc5f0 ffffffff981c8420
0x00007f568fdfc590:   00007f568fdfc778 00007f568fdfc890
0x00007f568fdfc5a0:   00007f567eec1d50 00007f567ed16119
0x00007f568fdfc5b0:   0000000000000000 00007f56981d0d30
0x00007f568fdfc5c0:   00007f568fdfc5f0 00007f567f124008
0x00007f568fdfc5d0:   00007f568fdfc778 00007f568fdfc890
0x00007f568fdfc5e0:   00000000ffffffff 00007f567ed0cb42
0x00007f568fdfc5f0:   00007f568fdfc900 00007f567ed6f8b1
0x00007f568fdfc600:   00007f568fdfc900 00007f569f226f5f
0x00007f568fdfc610:   00007f569f43b170 00007f569f43b700
0x00007f568fdfc620:   00007f569f407000 00007f5698005900
0x00007f568fdfc630:   00007f569800a110 00007f569817b250
0x00007f568fdfc640:   00007f569817c6d0 00007f569817d060
0x00007f568fdfc650:   00007f569817d570 00007f569817cb70
0x00007f568fdfc660:   00007f569817da80 00007f569817e990
0x00007f568fdfc670:   00007f569817e480 00007f569817eea0
0x00007f568fdfc680:   00007f569817f3a0 00007f569817f890
0x00007f568fdfc690:   00007f56981802b0 00007f5698181bf0
0x00007f568fdfc6a0:   00007f5698182d50 00007f5698183250
0x00007f568fdfc6b0:   00007f5698183740 00007f569817c230
0x00007f568fdfc6c0:   00007f5698183c40 00007f5698184150 

Instructions: (pc=0x00007f568e80a2a8)
0x00007f568e80a288:   24 d8 48 89 fb 4c 89 64 24 e0 4c 89 6c 24 e8 48
0x00007f568e80a298:   89 f5 4c 89 74 24 f0 4c 89 7c 24 f8 48 83 ec 58
0x00007f568e80a2a8:   48 8b 87 68 09 00 00 49 89 d4 49 89 cd 4d 89 c6
0x00007f568e80a2b8:   48 85 c0 74 02 ff 10 ba 08 00 00 00 be 62 00 00 

Register to memory mapping:

RAX=0x00007f56700008c0 is an unknown value
RBX=0xffffffff981c8420 is an unknown value
RCX=0x00007f568fdfc538 is an unknown value
RDX=0x00007f568fdfc534 is an unknown value
RSP=0x00007f568fdfc4d0 is an unknown value
RBP=0x00007f567ed6f932: <offset 0x96932> in /usr/lib/libGL.so.1 at 0x00007f567ecd9000
RSI=0x00007f567ed6f932: <offset 0x96932> in /usr/lib/libGL.so.1 at 0x00007f567ecd9000
RDI=0xffffffff981c8420 is an unknown value
R8 =0x00007f568fdfc53c is an unknown value
R9 =0x0000000000000000 is an unknown value
R10=0x00007f568fdfc390 is an unknown value
R11=0x00007f569e66bad0: __cxa_finalize+0 in /lib/libc.so.6 at 0x00007f569e634000
R12=0x0000000000000000 is an unknown value
R13=0x00007f567ed6f932: <offset 0x96932> in /usr/lib/libGL.so.1 at 0x00007f567ecd9000
R14=0x00007f56700008c0 is an unknown value
R15=0x0000000000000000 is an unknown value


Stack: [0x00007f568fcfd000,0x00007f568fdfe000],  sp=0x00007f568fdfc4d0,  free space=1021k
Native frames: (J=compiled Java code, j=interpreted, Vv=VM code, C=native code)
C  [libX11.so.6+0x382a8]  XQueryExtension+0x28

VM_Operation (0x00007f56578fcfe0): Exit, mode: safepoint, requested by thread 0x00007f56984e6800


---------------  P R O C E S S  ---------------

Java Threads: ( => current thread )
  0x00007f5698006000 JavaThread "DestroyJavaVM" [_thread_blocked, id=5136, stack(0x00007f569f302000,0x00007f569f403000)]
  0x00007f56984eb800 JavaThread "Thread-0" [_thread_blocked, id=5154, stack(0x00007f56576fe000,0x00007f56577ff000)]
  0x00007f56984e6800 JavaThread "AWT-EventQueue-0" [_thread_blocked, id=5153, stack(0x00007f56577ff000,0x00007f5657900000)]
  0x00007f56984e5000 JavaThread "AWT-Shutdown" [_thread_blocked, id=5152, stack(0x00007f567c0c3000,0x00007f567c1c4000)]
  0x00007f5698448000 JavaThread "AWT-XAWT" daemon [_thread_blocked, id=5151, stack(0x00007f567c2e2000,0x00007f567c3e3000)]
  0x00007f56983fe000 JavaThread "Java2D Disposer" daemon [_thread_blocked, id=5150, stack(0x00007f567c3e3000,0x00007f567c4e4000)]
  0x00007f56983fb800 JavaThread "Java2D Queue Flusher" daemon [_thread_blocked, id=5149, stack(0x00007f567c52c000,0x00007f567c62d000)]
  0x00007f5698106000 JavaThread "Service Thread" daemon [_thread_blocked, id=5147, stack(0x00007f568f34b000,0x00007f568f44c000)]
  0x00007f5698103800 JavaThread "C2 CompilerThread1" daemon [_thread_blocked, id=5146, stack(0x00007f568f44c000,0x00007f568f54d000)]
  0x00007f5698101000 JavaThread "C2 CompilerThread0" daemon [_thread_blocked, id=5145, stack(0x00007f568f54d000,0x00007f568f64e000)]
  0x00007f56980fe800 JavaThread "Signal Dispatcher" daemon [_thread_blocked, id=5144, stack(0x00007f568f64e000,0x00007f568f74f000)]
  0x00007f56980a8000 JavaThread "Finalizer" daemon [_thread_blocked, id=5143, stack(0x00007f568fafb000,0x00007f568fbfc000)]
  0x00007f56980a5800 JavaThread "Reference Handler" daemon [_thread_blocked, id=5142, stack(0x00007f568fbfc000,0x00007f568fcfd000)]

Other Threads:
=>0x00007f569809d000 VMThread [stack: 0x00007f568fcfd000,0x00007f568fdfe000] [id=5141]

VM state:at safepoint (shutting down)

VM Mutex/Monitor currently owned by a thread:  ([mutex/lock_event])
[0x00007f5698003f50] Threads_lock - owner thread: 0x00007f569809d000

Heap
 PSYoungGen      total 73792K, used 48247K [0x00000007adab0000, 0x00000007b2d00000, 0x0000000800000000)
  eden space 63296K, 76% used [0x00000007adab0000,0x00000007b09cdc20,0x00000007b1880000)
  from space 10496K, 0% used [0x00000007b22c0000,0x00000007b22c0000,0x00000007b2d00000)
  to   space 10496K, 0% used [0x00000007b1880000,0x00000007b1880000,0x00000007b22c0000)
 PSOldGen        total 168576K, used 0K [0x0000000709000000, 0x00000007134a0000, 0x00000007adab0000)
  object space 168576K, 0% used [0x0000000709000000,0x0000000709000000,0x00000007134a0000)
 PSPermGen       total 21248K, used 10896K [0x00000006fea00000, 0x00000006ffec0000, 0x0000000709000000)
  object space 21248K, 51% used [0x00000006fea00000,0x00000006ff4a4110,0x00000006ffec0000)

Code Cache  [0x00007f5695000000, 0x00007f5695270000, 0x00007f5698000000)
 total_blobs=515 nmethods=79 adapters=390 free_code_cache=48421Kb largest_free_block=49562048

Dynamic libraries:
00400000-00401000 r-xp 00000000 08:06 533859                             /usr/lib/jvm/java-7-openjdk/jre/bin/java
00600000-00601000 rw-p 00000000 08:06 533859                             /usr/lib/jvm/java-7-openjdk/jre/bin/java
01af8000-01b19000 rw-p 00000000 00:00 0                                  [heap]
6fea00000-6ffec0000 rw-p 00000000 00:00 0 
6ffec0000-709000000 rw-p 00000000 00:00 0 
709000000-7134a0000 rw-p 00000000 00:00 0 
7134a0000-7adab0000 rw-p 00000000 00:00 0 
7adab0000-7b2d00000 rw-p 00000000 00:00 0 
7b2d00000-800000000 rw-p 00000000 00:00 0 
7f5630000000-7f5630021000 rw-p 00000000 00:00 0 
7f5630021000-7f5634000000 ---p 00000000 00:00 0 
7f5638000000-7f5638144000 rw-p 00000000 00:00 0 
7f5638144000-7f563c000000 ---p 00000000 00:00 0 
7f563c000000-7f563c021000 rw-p 00000000 00:00 0 
7f563c021000-7f5640000000 ---p 00000000 00:00 0 
7f5640000000-7f5640021000 rw-p 00000000 00:00 0 
7f5640021000-7f5644000000 ---p 00000000 00:00 0 
7f5644000000-7f56441a1000 rw-p 00000000 00:00 0 
7f56441a1000-7f5648000000 ---p 00000000 00:00 0 
7f5648000000-7f5648021000 rw-p 00000000 00:00 0 
7f5648021000-7f564c000000 ---p 00000000 00:00 0 
7f564c000000-7f564c033000 rw-p 00000000 00:00 0 
7f564c033000-7f5650000000 ---p 00000000 00:00 0 
7f5650000000-7f5650919000 rw-p 00000000 00:00 0 
7f5650919000-7f5654000000 ---p 00000000 00:00 0 
7f5656998000-7f565699b000 ---p 00000000 00:00 0 
7f565699b000-7f5656a99000 rw-p 00000000 00:00 0 
7f5656a99000-7f5656a9c000 ---p 00000000 00:00 0 
7f5656a9c000-7f5656b9a000 rw-p 00000000 00:00 0 
7f5656b9a000-7f5656d9a000 rw-s 0a347000 00:05 10083                      /dev/ati/card1
7f5656d9a000-7f5656f9a000 rw-s 0a345000 00:05 10083                      /dev/ati/card1
7f5656f9a000-7f5656faa000 r-xp 00000000 08:06 525189                     /usr/lib/jvm/java-7-openjdk/jre/lib/amd64/libnio.so
7f5656faa000-7f56571aa000 ---p 00010000 08:06 525189                     /usr/lib/jvm/java-7-openjdk/jre/lib/amd64/libnio.so
7f56571aa000-7f56571ab000 rw-p 00010000 08:06 525189                     /usr/lib/jvm/java-7-openjdk/jre/lib/amd64/libnio.so
7f56571ab000-7f56571c0000 r-xp 00000000 08:06 525188                     /usr/lib/jvm/java-7-openjdk/jre/lib/amd64/libnet.so
7f56571c0000-7f56573c0000 ---p 00015000 08:06 525188                     /usr/lib/jvm/java-7-openjdk/jre/lib/amd64/libnet.so
7f56573c0000-7f56573c1000 rw-p 00015000 08:06 525188                     /usr/lib/jvm/java-7-openjdk/jre/lib/amd64/libnet.so
7f56573c1000-7f56574c1000 rw-s 0a33f000 00:05 10083                      /dev/ati/card1
7f56574c1000-7f56574fb000 r-xp 00000000 08:06 525196                     /usr/lib/jvm/java-7-openjdk/jre/lib/amd64/libfontmanager.so
7f56574fb000-7f56576fb000 ---p 0003a000 08:06 525196                     /usr/lib/jvm/java-7-openjdk/jre/lib/amd64/libfontmanager.so
7f56576fb000-7f56576fe000 rw-p 0003a000 08:06 525196                     /usr/lib/jvm/java-7-openjdk/jre/lib/amd64/libfontmanager.so
7f56576fe000-7f5657701000 ---p 00000000 00:00 0 
7f5657701000-7f56577ff000 rw-p 00000000 00:00 0 
7f56577ff000-7f5657802000 ---p 00000000 00:00 0 
7f5657802000-7f5657900000 rw-p 00000000 00:00 0 
7f5657900000-7f5658000000 rw-s 00006000 00:05 10083                      /dev/ati/card1
7f5658000000-7f5658021000 rw-p 00000000 00:00 0 
7f5658021000-7f565c000000 ---p 00000000 00:00 0 
7f565c000000-7f565c021000 rw-p 00000000 00:00 0 
7f565c021000-7f5660000000 ---p 00000000 00:00 0 
7f5660000000-7f5660359000 rw-p 00000000 00:00 0 
7f5660359000-7f5664000000 ---p 00000000 00:00 0 
7f5664000000-7f5664517000 rw-p 00000000 00:00 0 
7f5664517000-7f5668000000 ---p 00000000 00:00 0 
7f5668000000-7f5668021000 rw-p 00000000 00:00 0 
7f5668021000-7f566c000000 ---p 00000000 00:00 0 
7f566c000000-7f566c021000 rw-p 00000000 00:00 0 
7f566c021000-7f5670000000 ---p 00000000 00:00 0 
7f5670000000-7f5670021000 rw-p 00000000 00:00 0 
7f5670021000-7f5674000000 ---p 00000000 00:00 0 
7f5674000000-7f5674021000 rw-p 00000000 00:00 0 
7f5674021000-7f5678000000 ---p 00000000 00:00 0 
7f5678000000-7f5678021000 rw-p 00000000 00:00 0 
7f5678021000-7f567c000000 ---p 00000000 00:00 0 
7f567c0c3000-7f567c0c6000 ---p 00000000 00:00 0 
7f567c0c6000-7f567c1c4000 rw-p 00000000 00:00 0 
7f567c1c4000-7f567c1da000 r--s 00000000 08:07 22836                      /var/cache/fontconfig/8d4af663993b81a124ee82e610bb31f9-le64.cache-3
7f567c1da000-7f567c1e3000 r--s 00000000 08:07 26938                      /var/cache/fontconfig/d62e99ef547d1d24cdb1bd22ec1a2976-le64.cache-3
7f567c1e3000-7f567c228000 r--s 00000000 08:07 26937                      /var/cache/fontconfig/f6b893a7224233d96cb72fd88691c0b4-le64.cache-3
7f567c228000-7f567c285000 r--s 00000000 08:07 26936                      /var/cache/fontconfig/17090aa38d5c6f09fb8c5c354938f1d7-le64.cache-3
7f567c285000-7f567c2e2000 r--s 00000000 08:07 26934                      /var/cache/fontconfig/df311e82a1a24c41a75c2c930223552e-le64.cache-3
7f567c2e2000-7f567c2e5000 ---p 00000000 00:00 0 
7f567c2e5000-7f567c3e3000 rw-p 00000000 00:00 0 
7f567c3e3000-7f567c3e6000 ---p 00000000 00:00 0 
7f567c3e6000-7f567c52c000 rw-p 00000000 00:00 0 
7f567c52c000-7f567c52f000 ---p 00000000 00:00 0 
7f567c52f000-7f567c7ad000 rw-p 00000000 00:00 0 
7f567c7ad000-7f567c7e8000 r-xp 00000000 08:06 527355                     /usr/lib/libatiadlxx.so
7f567c7e8000-7f567c8e8000 ---p 0003b000 08:06 527355                     /usr/lib/libatiadlxx.so
7f567c8e8000-7f567c8f1000 rw-p 0003b000 08:06 527355                     /usr/lib/libatiadlxx.so
7f567c8f1000-7f567c902000 rw-p 00000000 00:00 0 
7f567c902000-7f567c909000 r-xp 00000000 08:06 526968                     /usr/lib/libatiuki.so.1.0
7f567c909000-7f567ca09000 ---p 00007000 08:06 526968                     /usr/lib/libatiuki.so.1.0
7f567ca09000-7f567ca0a000 rw-p 00007000 08:06 526968                     /usr/lib/libatiuki.so.1.0
7f567ca0a000-7f567ca0b000 rw-p 00000000 00:00 0 
7f567ca0b000-7f567e965000 r-xp 00000000 08:06 527438                     /usr/lib/xorg/modules/dri/fglrx_dri.so
7f567e965000-7f567ea65000 ---p 01f5a000 08:06 527438                     /usr/lib/xorg/modules/dri/fglrx_dri.so
7f567ea65000-7f567ebb3000 rwxp 01f5a000 08:06 527438                     /usr/lib/xorg/modules/dri/fglrx_dri.so
7f567ebb3000-7f567ecd9000 rwxp 00000000 00:00 0 
7f567ecd9000-7f567ed9c000 r-xp 00000000 08:06 531369                     /usr/lib/fglrx/fglrx-libGL.so.1.2
7f567ed9c000-7f567ee9b000 ---p 000c3000 08:06 531369                     /usr/lib/fglrx/fglrx-libGL.so.1.2
7f567ee9b000-7f567eec2000 rwxp 000c2000 08:06 531369                     /usr/lib/fglrx/fglrx-libGL.so.1.2
7f567eec2000-7f567eee2000 rwxp 00000000 00:00 0 
7f567eee2000-7f567ef24000 r-xp 00000000 08:06 527897                     /usr/lib/libdbus-1.so.3.5.9
7f567ef24000-7f567f124000 ---p 00042000 08:06 527897                     /usr/lib/libdbus-1.so.3.5.9
7f567f124000-7f567f126000 rw-p 00042000 08:06 527897                     /usr/lib/libdbus-1.so.3.5.9
7f567f126000-7f567f137000 r-xp 00000000 08:06 533797                     /usr/lib/libp11-kit.so.0.0.0
7f567f137000-7f567f336000 ---p 00011000 08:06 533797                     /usr/lib/libp11-kit.so.0.0.0
7f567f336000-7f567f337000 r--p 00010000 08:06 533797                     /usr/lib/libp11-kit.so.0.0.0
7f567f337000-7f567f338000 rw-p 00011000 08:06 533797                     /usr/lib/libp11-kit.so.0.0.0
7f567f338000-7f567f39d000 r-xp 00000000 08:06 527102                     /usr/lib/libgmp.so.10.0.5
7f567f39d000-7f567f59d000 ---p 00065000 08:06 527102                     /usr/lib/libgmp.so.10.0.5
7f567f59d000-7f567f59e000 r--p 00065000 08:06 527102                     /usr/lib/libgmp.so.10.0.5
7f567f59e000-7f567f5a7000 rw-p 00066000 08:06 527102                     /usr/lib/libgmp.so.10.0.5
7f567f5a7000-7f567f5b9000 r-xp 00000000 08:06 533726                     /usr/lib/libhogweed.so.2.1
7f567f5b9000-7f567f7b8000 ---p 00012000 08:06 533726                     /usr/lib/libhogweed.so.2.1
7f567f7b8000-7f567f7b9000 r--p 00011000 08:06 533726                     /usr/lib/libhogweed.so.2.1
7f567f7b9000-7f567f7ba000 rw-p 00012000 08:06 533726                     /usr/lib/libhogweed.so.2.1
7f567f7ba000-7f567f7df000 r-xp 00000000 08:06 531660                     /usr/lib/libnettle.so.4.3
7f567f7df000-7f567f9df000 ---p 00025000 08:06 531660                     /usr/lib/libnettle.so.4.3
7f567f9df000-7f567f9e0000 r--p 00025000 08:06 531660                     /usr/lib/libnettle.so.4.3
7f567f9e0000-7f567f9e1000 rw-p 00026000 08:06 531660                     /usr/lib/libnettle.so.4.3
7f567f9e1000-7f567f9f1000 r-xp 00000000 08:06 523686                     /usr/lib/libtasn1.so.3.1.15
7f567f9f1000-7f567fbf0000 ---p 00010000 08:06 523686                     /usr/lib/libtasn1.so.3.1.15
7f567fbf0000-7f567fbf1000 r--p 0000f000 08:06 523686                     /usr/lib/libtasn1.so.3.1.15
7f567fbf1000-7f567fbf2000 rw-p 00010000 08:06 523686                     /usr/lib/libtasn1.so.3.1.15
7f567fbf2000-7f567fbf5000 r-xp 00000000 08:06 536931                     /usr/lib/libkeyutils.so.1.4
7f567fbf5000-7f567fdf4000 ---p 00003000 08:06 536931                     /usr/lib/libkeyutils.so.1.4
7f567fdf4000-7f567fdf5000 r--p 00002000 08:06 536931                     /usr/lib/libkeyutils.so.1.4
7f567fdf5000-7f567fdf6000 rw-p 00003000 08:06 536931                     /usr/lib/libkeyutils.so.1.4
7f567fdf6000-7f567fdff000 r-xp 00000000 08:06 529619                     /usr/lib/libkrb5support.so.0.1
7f567fdff000-7f567fffe000 ---p 00009000 08:06 529619                     /usr/lib/libkrb5support.so.0.1
7f567fffe000-7f567ffff000 r--p 00008000 08:06 529619                     /usr/lib/libkrb5support.so.0.1
7f567ffff000-7f5680000000 rw-p 00009000 08:06 529619                     /usr/lib/libkrb5support.so.0.1
7f5680000000-7f5680021000 rw-p 00000000 00:00 0 
7f5680021000-7f5684000000 ---p 00000000 00:00 0 
7f568403f000-7f568407f000 rw-s 00030000 00:05 10083                      /dev/ati/card1
7f568407f000-7f5684082000 r-xp 00000000 08:06 524071                     /usr/lib/libcom_err.so.2.1
7f5684082000-7f5684281000 ---p 00003000 08:06 524071                     /usr/lib/libcom_err.so.2.1
7f5684281000-7f5684282000 r--p 00002000 08:06 524071                     /usr/lib/libcom_err.so.2.1
7f5684282000-7f5684283000 rw-p 00003000 08:06 524071                     /usr/lib/libcom_err.so.2.1
7f5684283000-7f56842ab000 r-xp 00000000 08:06 533131                     /usr/lib/libk5crypto.so.3.1
7f56842ab000-7f56844ab000 ---p 00028000 08:06 533131                     /usr/lib/libk5crypto.so.3.1
7f56844ab000-7f56844ac000 r--p 00028000 08:06 533131                     /usr/lib/libk5crypto.so.3.1
7f56844ac000-7f56844ad000 rw-p 00029000 08:06 533131                     /usr/lib/libk5crypto.so.3.1
7f56844ad000-7f56844ae000 rw-p 00000000 00:00 0 
7f56844ae000-7f5684586000 r-xp 00000000 08:06 527453                     /usr/lib/libkrb5.so.3.3
7f5684586000-7f5684786000 ---p 000d8000 08:06 527453                     /usr/lib/libkrb5.so.3.3
7f5684786000-7f5684790000 r--p 000d8000 08:06 527453                     /usr/lib/libkrb5.so.3.3
7f5684790000-7f5684792000 rw-p 000e2000 08:06 527453                     /usr/lib/libkrb5.so.3.3
7f5684792000-7f5684797000 r-xp 00000000 08:06 523755                     /usr/lib/libXdmcp.so.6.0.0
7f5684797000-7f5684996000 ---p 00005000 08:06 523755                     /usr/lib/libXdmcp.so.6.0.0
7f5684996000-7f5684997000 r--p 00004000 08:06 523755                     /usr/lib/libXdmcp.so.6.0.0
7f5684997000-7f5684998000 rw-p 00005000 08:06 523755                     /usr/lib/libXdmcp.so.6.0.0
7f5684998000-7f568499a000 r-xp 00000000 08:06 523713                     /usr/lib/libXau.so.6.0.0
7f568499a000-7f5684b9a000 ---p 00002000 08:06 523713                     /usr/lib/libXau.so.6.0.0
7f5684b9a000-7f5684b9b000 r--p 00002000 08:06 523713                     /usr/lib/libXau.so.6.0.0
7f5684b9b000-7f5684b9c000 rw-p 00003000 08:06 523713                     /usr/lib/libXau.so.6.0.0
7f5684b9c000-7f5684bac000 r-xp 00000000 08:06 526584                     /usr/lib/libavahi-client.so.3.2.9
7f5684bac000-7f5684dab000 ---p 00010000 08:06 526584                     /usr/lib/libavahi-client.so.3.2.9
7f5684dab000-7f5684dac000 r--p 0000f000 08:06 526584                     /usr/lib/libavahi-client.so.3.2.9
7f5684dac000-7f5684dad000 rw-p 00010000 08:06 526584                     /usr/lib/libavahi-client.so.3.2.9
7f5684dad000-7f5684db9000 r-xp 00000000 08:06 527596                     /usr/lib/libavahi-common.so.3.5.3
7f5684db9000-7f5684fb8000 ---p 0000c000 08:06 527596                     /usr/lib/libavahi-common.so.3.5.3
7f5684fb8000-7f5684fb9000 r--p 0000b000 08:06 527596                     /usr/lib/libavahi-common.so.3.5.3
7f5684fb9000-7f5684fba000 rw-p 0000c000 08:06 527596                     /usr/lib/libavahi-common.so.3.5.3
7f5684fba000-7f56850ac000 r-xp 00000000 08:06 528636                     /usr/lib/libgnutls.so.28.8.1
7f56850ac000-7f56852ac000 ---p 000f2000 08:06 528636                     /usr/lib/libgnutls.so.28.8.1
7f56852ac000-7f56852b4000 r--p 000f2000 08:06 528636                     /usr/lib/libgnutls.so.28.8.1
7f56852b4000-7f56852b6000 rw-p 000fa000 08:06 528636                     /usr/lib/libgnutls.so.28.8.1
7f56852b6000-7f56852b7000 rw-p 00000000 00:00 0 
7f56852b7000-7f56852f8000 r-xp 00000000 08:06 533554                     /usr/lib/libgssapi_krb5.so.2.2
7f56852f8000-7f56854f8000 ---p 00041000 08:06 533554                     /usr/lib/libgssapi_krb5.so.2.2
7f56854f8000-7f56854f9000 r--p 00041000 08:06 533554                     /usr/lib/libgssapi_krb5.so.2.2
7f56854f9000-7f56854fb000 rw-p 00042000 08:06 533554                     /usr/lib/libgssapi_krb5.so.2.2
7f56854fb000-7f5685523000 r-xp 00000000 08:06 534280                     /usr/lib/libexpat.so.1.6.0
7f5685523000-7f5685722000 ---p 00028000 08:06 534280                     /usr/lib/libexpat.so.1.6.0
7f5685722000-7f5685724000 r--p 00027000 08:06 534280                     /usr/lib/libexpat.so.1.6.0
7f5685724000-7f5685725000 rw-p 00029000 08:06 534280                     /usr/lib/libexpat.so.1.6.0
7f5685725000-7f5685734000 r-xp 00000000 08:06 535331                     /usr/lib/libbz2.so.1.0.6
7f5685734000-7f5685933000 ---p 0000f000 08:06 535331                     /usr/lib/libbz2.so.1.0.6
7f5685933000-7f5685935000 rw-p 0000e000 08:06 535331                     /usr/lib/libbz2.so.1.0.6
7f5685935000-7f568593d000 r-xp 00000000 08:06 534957                     /usr/lib/libxcb-render.so.0.0.0
7f568593d000-7f5685b3d000 ---p 00008000 08:06 534957                     /usr/lib/libxcb-render.so.0.0.0
7f5685b3d000-7f5685b3e000 rw-p 00008000 08:06 534957                     /usr/lib/libxcb-render.so.0.0.0
7f5685b3e000-7f5685b40000 r-xp 00000000 08:06 530934                     /usr/lib/libxcb-shm.so.0.0.0
7f5685b40000-7f5685d3f000 ---p 00002000 08:06 530934                     /usr/lib/libxcb-shm.so.0.0.0
7f5685d3f000-7f5685d40000 rw-p 00001000 08:06 530934                     /usr/lib/libxcb-shm.so.0.0.0
7f5685d40000-7f5685dc1000 r-xp 00000000 08:06 528735                     /usr/lib/libpixman-1.so.0.24.4
7f5685dc1000-7f5685fc1000 ---p 00081000 08:06 528735                     /usr/lib/libpixman-1.so.0.24.4
7f5685fc1000-7f5685fc7000 r--p 00081000 08:06 528735                     /usr/lib/libpixman-1.so.0.24.4
7f5685fc7000-7f5685fc8000 rw-p 00087000 08:06 528735                     /usr/lib/libpixman-1.so.0.24.4
7f5685fc8000-7f5685ff4000 r-xp 00000000 08:06 528725                     /usr/lib/libpng15.so.15.10.0
7f5685ff4000-7f56861f3000 ---p 0002c000 08:06 528725                     /usr/lib/libpng15.so.15.10.0
7f56861f3000-7f56861f4000 r--p 0002b000 08:06 528725                     /usr/lib/libpng15.so.15.10.0
7f56861f4000-7f56861f5000 rw-p 0002c000 08:06 528725                     /usr/lib/libpng15.so.15.10.0
7f56861f5000-7f5686208000 r-xp 00000000 08:06 1332                       /lib/libresolv-2.15.so
7f5686208000-7f5686408000 ---p 00013000 08:06 1332                       /lib/libresolv-2.15.so
7f5686408000-7f5686409000 r--p 00013000 08:06 1332                       /lib/libresolv-2.15.so
7f5686409000-7f568640a000 rw-p 00014000 08:06 1332                       /lib/libresolv-2.15.so
7f568640a000-7f568640c000 rw-p 00000000 00:00 0 
7f568640c000-7f5686465000 r-xp 00000000 08:06 531196                     /usr/lib/libpcre.so.1.0.0
7f5686465000-7f5686664000 ---p 00059000 08:06 531196                     /usr/lib/libpcre.so.1.0.0
7f5686664000-7f5686665000 r--p 00058000 08:06 531196                     /usr/lib/libpcre.so.1.0.0
7f5686665000-7f5686666000 rw-p 00059000 08:06 531196                     /usr/lib/libpcre.so.1.0.0
7f5686666000-7f568666d000 r-xp 00000000 08:06 533126                     /usr/lib/libffi.so.6.0.0
7f568666d000-7f568686c000 ---p 00007000 08:06 533126                     /usr/lib/libffi.so.6.0.0
7f568686c000-7f568686d000 r--p 00006000 08:06 533126                     /usr/lib/libffi.so.6.0.0
7f568686d000-7f568686e000 rw-p 00007000 08:06 533126                     /usr/lib/libffi.so.6.0.0
7f568686e000-7f5686870000 r-xp 00000000 08:06 533292                     /usr/lib/libXdamage.so.1.1.0
7f5686870000-7f5686a6f000 ---p 00002000 08:06 533292                     /usr/lib/libXdamage.so.1.1.0
7f5686a6f000-7f5686a70000 r--p 00001000 08:06 533292                     /usr/lib/libXdamage.so.1.1.0
7f5686a70000-7f5686a71000 rw-p 00002000 08:06 533292                     /usr/lib/libXdamage.so.1.1.0
7f5686a71000-7f5686a73000 r-xp 00000000 08:06 523753                     /usr/lib/libXcomposite.so.1.0.0
7f5686a73000-7f5686c72000 ---p 00002000 08:06 523753                     /usr/lib/libXcomposite.so.1.0.0
7f5686c72000-7f5686c73000 r--p 00001000 08:06 523753                     /usr/lib/libXcomposite.so.1.0.0
7f5686c73000-7f5686c74000 rw-p 00002000 08:06 523753                     /usr/lib/libXcomposite.so.1.0.0
7f5686c74000-7f5686c7d000 r-xp 00000000 08:06 531336                     /usr/lib/libXcursor.so.1.0.2
7f5686c7d000-7f5686e7c000 ---p 00009000 08:06 531336                     /usr/lib/libXcursor.so.1.0.2
7f5686e7c000-7f5686e7d000 r--p 00008000 08:06 531336                     /usr/lib/libXcursor.so.1.0.2
7f5686e7d000-7f5686e7e000 rw-p 00009000 08:06 531336                     /usr/lib/libXcursor.so.1.0.2
7f5686e7e000-7f5686e86000 r-xp 00000000 08:06 533170                     /usr/lib/libXrandr.so.2.2.0
7f5686e86000-7f5687085000 ---p 00008000 08:06 533170                     /usr/lib/libXrandr.so.2.2.0
7f5687085000-7f5687086000 r--p 00007000 08:06 533170                     /usr/lib/libXrandr.so.2.2.0
7f5687086000-7f5687087000 rw-p 00008000 08:06 533170                     /usr/lib/libXrandr.so.2.2.0
7f5687087000-7f5687089000 r-xp 00000000 08:06 523766                     /usr/lib/libXinerama.so.1.0.0
7f5687089000-7f5687288000 ---p 00002000 08:06 523766                     /usr/lib/libXinerama.so.1.0.0
7f5687288000-7f5687289000 r--p 00001000 08:06 523766                     /usr/lib/libXinerama.so.1.0.0
7f5687289000-7f568728a000 rw-p 00002000 08:06 523766                     /usr/lib/libXinerama.so.1.0.0
7f568728a000-7f568728f000 r-xp 00000000 08:06 523749                     /usr/lib/libXfixes.so.3.1.0
7f568728f000-7f568748f000 ---p 00005000 08:06 523749                     /usr/lib/libXfixes.so.3.1.0
7f568748f000-7f5687490000 r--p 00005000 08:06 523749                     /usr/lib/libXfixes.so.3.1.0
7f5687490000-7f5687491000 rw-p 00006000 08:06 523749                     /usr/lib/libXfixes.so.3.1.0
7f5687491000-7f56874ae000 r-xp 00000000 08:06 533661                     /usr/lib/libxcb.so.1.1.0
7f56874ae000-7f56876ae000 ---p 0001d000 08:06 533661                     /usr/lib/libxcb.so.1.1.0
7f56876ae000-7f56876af000 rw-p 0001d000 08:06 533661                     /usr/lib/libxcb.so.1.1.0
7f56876af000-7f5687701000 r-xp 00000000 08:06 527907                     /usr/lib/libcups.so.2
7f5687701000-7f5687901000 ---p 00052000 08:06 527907                     /usr/lib/libcups.so.2
7f5687901000-7f5687905000 r--p 00052000 08:06 527907                     /usr/lib/libcups.so.2
7f5687905000-7f5687906000 rw-p 00056000 08:06 527907                     /usr/lib/libcups.so.2
7f5687906000-7f56879f8000 r-xp 00000000 08:06 528037                     /usr/lib/libglib-2.0.so.0.3200.3
7f56879f8000-7f5687bf7000 ---p 000f2000 08:06 528037                     /usr/lib/libglib-2.0.so.0.3200.3
7f5687bf7000-7f5687bf8000 r--p 000f1000 08:06 528037                     /usr/lib/libglib-2.0.so.0.3200.3
7f5687bf8000-7f5687bf9000 rw-p 000f2000 08:06 528037                     /usr/lib/libglib-2.0.so.0.3200.3
7f5687bf9000-7f5687bfa000 rw-p 00000000 00:00 0 
7f5687bfa000-7f5687bfb000 r-xp 00000000 08:06 528046                     /usr/lib/libgthread-2.0.so.0.3200.3
7f5687bfb000-7f5687dfa000 ---p 00001000 08:06 528046                     /usr/lib/libgthread-2.0.so.0.3200.3
7f5687dfa000-7f5687dfb000 r--p 00000000 08:06 528046                     /usr/lib/libgthread-2.0.so.0.3200.3
7f5687dfb000-7f5687dfc000 rw-p 00001000 08:06 528046                     /usr/lib/libgthread-2.0.so.0.3200.3
7f5687dfc000-7f5687dff000 r-xp 00000000 08:06 528042                     /usr/lib/libgmodule-2.0.so.0.3200.3
7f5687dff000-7f5687ffe000 ---p 00003000 08:06 528042                     /usr/lib/libgmodule-2.0.so.0.3200.3
7f5687ffe000-7f5687fff000 r--p 00002000 08:06 528042                     /usr/lib/libgmodule-2.0.so.0.3200.3
7f5687fff000-7f5688000000 rw-p 00003000 08:06 528042                     /usr/lib/libgmodule-2.0.so.0.3200.3
7f5688000000-7f5688021000 rw-p 00000000 00:00 0 
7f5688021000-7f568c000000 ---p 00000000 00:00 0 
7f568c020000-7f568c0a0000 rw-p 00000000 00:00 0 
7f568c0a0000-7f568c0ec000 r-xp 00000000 08:06 528048                     /usr/lib/libgobject-2.0.so.0.3200.3
7f568c0ec000-7f568c2ec000 ---p 0004c000 08:06 528048                     /usr/lib/libgobject-2.0.so.0.3200.3
7f568c2ec000-7f568c2ed000 r--p 0004c000 08:06 528048                     /usr/lib/libgobject-2.0.so.0.3200.3
7f568c2ed000-7f568c2ee000 rw-p 0004d000 08:06 528048                     /usr/lib/libgobject-2.0.so.0.3200.3
7f568c2ee000-7f568c322000 r-xp 00000000 08:06 534580                     /usr/lib/libfontconfig.so.1.4.4
7f568c322000-7f568c522000 ---p 00034000 08:06 534580                     /usr/lib/libfontconfig.so.1.4.4
7f568c522000-7f568c523000 r--p 00034000 08:06 534580                     /usr/lib/libfontconfig.so.1.4.4
7f568c523000-7f568c524000 rw-p 00035000 08:06 534580                     /usr/lib/libfontconfig.so.1.4.4
7f568c524000-7f568c5bd000 r-xp 00000000 08:06 533427                     /usr/lib/libfreetype.so.6.8.1
7f568c5bd000-7f568c7bc000 ---p 00099000 08:06 533427                     /usr/lib/libfreetype.so.6.8.1
7f568c7bc000-7f568c7c2000 r--p 00098000 08:06 533427                     /usr/lib/libfreetype.so.6.8.1
7f568c7c2000-7f568c7c3000 rw-p 0009e000 08:06 533427                     /usr/lib/libfreetype.so.6.8.1
7f568c7c3000-7f568c80b000 r-xp 00000000 08:06 533234                     /usr/lib/libpango-1.0.so.0.3000.0
7f568c80b000-7f568ca0b000 ---p 00048000 08:06 533234                     /usr/lib/libpango-1.0.so.0.3000.0
7f568ca0b000-7f568ca0d000 r--p 00048000 08:06 533234                     /usr/lib/libpango-1.0.so.0.3000.0
7f568ca0d000-7f568ca0e000 rw-p 0004a000 08:06 533234                     /usr/lib/libpango-1.0.so.0.3000.0
7f568ca0e000-7f568cafe000 r-xp 00000000 08:06 527614                     /usr/lib/libcairo.so.2.11200.2
7f568cafe000-7f568ccfe000 ---p 000f0000 08:06 527614                     /usr/lib/libcairo.so.2.11200.2
7f568ccfe000-7f568cd02000 rw-p 000f0000 08:06 527614                     /usr/lib/libcairo.so.2.11200.2
7f568cd02000-7f568cd03000 rw-p 00000000 00:00 0 
7f568cd03000-7f568cd24000 r-xp 00000000 08:06 532661                     /usr/lib/libgdk_pixbuf-2.0.so.0.2600.1
7f568cd24000-7f568cf23000 ---p 00021000 08:06 532661                     /usr/lib/libgdk_pixbuf-2.0.so.0.2600.1
7f568cf23000-7f568cf24000 r--p 00020000 08:06 532661                     /usr/lib/libgdk_pixbuf-2.0.so.0.2600.1
7f568cf24000-7f568cf25000 rw-p 00021000 08:06 532661                     /usr/lib/libgdk_pixbuf-2.0.so.0.2600.1
7f568cf25000-7f568cf30000 r-xp 00000000 08:06 533238                     /usr/lib/libpangocairo-1.0.so.0.3000.0
7f568cf30000-7f568d130000 ---p 0000b000 08:06 533238                     /usr/lib/libpangocairo-1.0.so.0.3000.0
7f568d130000-7f568d131000 r--p 0000b000 08:06 533238                     /usr/lib/libpangocairo-1.0.so.0.3000.0
7f568d131000-7f568d132000 rw-p 0000c000 08:06 533238                     /usr/lib/libpangocairo-1.0.so.0.3000.0
7f568d132000-7f568d15d000 r-xp 00000000 08:06 533236                     /usr/lib/libpangoft2-1.0.so.0.3000.0
7f568d15d000-7f568d35d000 ---p 0002b000 08:06 533236                     /usr/lib/libpangoft2-1.0.so.0.3000.0
7f568d35d000-7f568d35e000 r--p 0002b000 08:06 533236                     /usr/lib/libpangoft2-1.0.so.0.3000.0
7f568d35e000-7f568d35f000 rw-p 0002c000 08:06 533236                     /usr/lib/libpangoft2-1.0.so.0.3000.0
7f568d35f000-7f568d4a4000 r-xp 00000000 08:06 528051                     /usr/lib/libgio-2.0.so.0.3200.3
7f568d4a4000-7f568d6a4000 ---p 00145000 08:06 528051                     /usr/lib/libgio-2.0.so.0.3200.3
7f568d6a4000-7f568d6a8000 r--p 00145000 08:06 528051                     /usr/lib/libgio-2.0.so.0.3200.3
7f568d6a8000-7f568d6aa000 rw-p 00149000 08:06 528051                     /usr/lib/libgio-2.0.so.0.3200.3
7f568d6aa000-7f568d6ac000 rw-p 00000000 00:00 0 
7f568d6ac000-7f568d6cc000 r-xp 00000000 08:06 533187                     /usr/lib/libatk-1.0.so.0.20409.1
7f568d6cc000-7f568d8cc000 ---p 00020000 08:06 533187                     /usr/lib/libatk-1.0.so.0.20409.1
7f568d8cc000-7f568d8ce000 r--p 00020000 08:06 533187                     /usr/lib/libatk-1.0.so.0.20409.1
7f568d8ce000-7f568d8cf000 rw-p 00022000 08:06 533187                     /usr/lib/libatk-1.0.so.0.20409.1
7f568d8cf000-7f568d97c000 r-xp 00000000 08:06 523419                     /usr/lib/libgdk-x11-2.0.so.0.2400.10
7f568d97c000-7f568db7c000 ---p 000ad000 08:06 523419                     /usr/lib/libgdk-x11-2.0.so.0.2400.10
7f568db7c000-7f568db80000 r--p 000ad000 08:06 523419                     /usr/lib/libgdk-x11-2.0.so.0.2400.10
7f568db80000-7f568db82000 rw-p 000b1000 08:06 523419                     /usr/lib/libgdk-x11-2.0.so.0.2400.10
7f568db82000-7f568dfa4000 r-xp 00000000 08:06 523420                     /usr/lib/libgtk-x11-2.0.so.0.2400.10
7f568dfa4000-7f568e1a4000 ---p 00422000 08:06 523420                     /usr/lib/libgtk-x11-2.0.so.0.2400.10
7f568e1a4000-7f568e1ab000 r--p 00422000 08:06 523420                     /usr/lib/libgtk-x11-2.0.so.0.2400.10
7f568e1ab000-7f568e1af000 rw-p 00429000 08:06 523420                     /usr/lib/libgtk-x11-2.0.so.0.2400.10
7f568e1af000-7f568e1b1000 rw-p 00000000 00:00 0 
7f568e1b1000-7f568e1bf000 r-xp 00000000 08:06 526751                     /usr/lib/libXi.so.6.1.0
7f568e1bf000-7f568e3be000 ---p 0000e000 08:06 526751                     /usr/lib/libXi.so.6.1.0
7f568e3be000-7f568e3bf000 r--p 0000d000 08:06 526751                     /usr/lib/libXi.so.6.1.0
7f568e3bf000-7f568e3c0000 rw-p 0000e000 08:06 526751                     /usr/lib/libXi.so.6.1.0
7f568e3c0000-7f568e3c5000 r-xp 00000000 08:06 523793                     /usr/lib/libXtst.so.6.1.0
7f568e3c5000-7f568e5c5000 ---p 00005000 08:06 523793                     /usr/lib/libXtst.so.6.1.0
7f568e5c5000-7f568e5c6000 r--p 00005000 08:06 523793                     /usr/lib/libXtst.so.6.1.0
7f568e5c6000-7f568e5c7000 rw-p 00006000 08:06 523793                     /usr/lib/libXtst.so.6.1.0
7f568e5c7000-7f568e5d1000 r-xp 00000000 08:06 529110                     /usr/lib/libXrender.so.1.3.0
7f568e5d1000-7f568e7d0000 ---p 0000a000 08:06 529110                     /usr/lib/libXrender.so.1.3.0
7f568e7d0000-7f568e7d1000 r--p 00009000 08:06 529110                     /usr/lib/libXrender.so.1.3.0
7f568e7d1000-7f568e7d2000 rw-p 0000a000 08:06 529110                     /usr/lib/libXrender.so.1.3.0
7f568e7d2000-7f568e906000 r-xp 00000000 08:06 531386                     /usr/lib/libX11.so.6.3.0
7f568e906000-7f568eb06000 ---p 00134000 08:06 531386                     /usr/lib/libX11.so.6.3.0
7f568eb06000-7f568eb07000 r--p 00134000 08:06 531386                     /usr/lib/libX11.so.6.3.0
7f568eb07000-7f568eb0c000 rw-p 00135000 08:06 531386                     /usr/lib/libX11.so.6.3.0
7f568eb0c000-7f568eb1e000 r-xp 00000000 08:06 523664                     /usr/lib/libXext.so.6.4.0
7f568eb1e000-7f568ed1d000 ---p 00012000 08:06 523664                     /usr/lib/libXext.so.6.4.0
7f568ed1d000-7f568ed1e000 r--p 00011000 08:06 523664                     /usr/lib/libXext.so.6.4.0
7f568ed1e000-7f568ed1f000 rw-p 00012000 08:06 523664                     /usr/lib/libXext.so.6.4.0
7f568ed1f000-7f568ed71000 r-xp 00000000 08:06 533913                     /usr/lib/jvm/java-7-openjdk/jre/lib/amd64/xawt/libmawt.so
7f568ed71000-7f568ef70000 ---p 00052000 08:06 533913                     /usr/lib/jvm/java-7-openjdk/jre/lib/amd64/xawt/libmawt.so
7f568ef70000-7f568ef74000 rw-p 00051000 08:06 533913                     /usr/lib/jvm/java-7-openjdk/jre/lib/amd64/xawt/libmawt.so
7f568ef74000-7f568ef75000 rw-p 00000000 00:00 0 
7f568ef75000-7f568f017000 r-xp 00000000 08:06 525820                     /usr/lib/jvm/java-7-openjdk/jre/lib/amd64/libawt.so
7f568f017000-7f568f217000 ---p 000a2000 08:06 525820                     /usr/lib/jvm/java-7-openjdk/jre/lib/amd64/libawt.so
7f568f217000-7f568f223000 rw-p 000a2000 08:06 525820                     /usr/lib/jvm/java-7-openjdk/jre/lib/amd64/libawt.so
7f568f223000-7f568f247000 rw-p 00000000 00:00 0 
7f568f247000-7f568f24a000 r--s 0000f000 08:06 526356                     /usr/lib/jvm/java-7-openjdk/jre/lib/ext/pulse-java.jar
7f568f24a000-7f568f24b000 ---p 00000000 00:00 0 
7f568f24b000-7f568f34b000 rw-p 00000000 00:00 0 
7f568f34b000-7f568f34e000 ---p 00000000 00:00 0 
7f568f34e000-7f568f44c000 rw-p 00000000 00:00 0 
7f568f44c000-7f568f44f000 ---p 00000000 00:00 0 
7f568f44f000-7f568f54d000 rw-p 00000000 00:00 0 
7f568f54d000-7f568f550000 ---p 00000000 00:00 0 
7f568f550000-7f568f64e000 rw-p 00000000 00:00 0 
7f568f64e000-7f568f651000 ---p 00000000 00:00 0 
7f568f651000-7f568f74f000 rw-p 00000000 00:00 0 
7f568f74f000-7f568fafb000 r--p 00000000 08:06 536728                     /usr/lib/locale/locale-archive
7f568fafb000-7f568fafe000 ---p 00000000 00:00 0 
7f568fafe000-7f568fbfc000 rw-p 00000000 00:00 0 
7f568fbfc000-7f568fbff000 ---p 00000000 00:00 0 
7f568fbff000-7f568fcfd000 rw-p 00000000 00:00 0 
7f568fcfd000-7f568fcfe000 ---p 00000000 00:00 0 
7f568fcfe000-7f5690000000 rw-p 00000000 00:00 0 
7f5690000000-7f5690021000 rw-p 00000000 00:00 0 
7f5690021000-7f5694000000 ---p 00000000 00:00 0 
7f569403f000-7f5694342000 rw-p 00000000 00:00 0 
7f5694342000-7f56944f1000 r--s 03e7b000 08:06 524045                     /usr/lib/jvm/java-7-openjdk/jre/lib/rt.jar
7f56944f1000-7f56944f2000 ---p 00000000 00:00 0 
7f56944f2000-7f56945f2000 rw-p 00000000 00:00 0 
7f56945f2000-7f56945f3000 ---p 00000000 00:00 0 
7f56945f3000-7f56946f3000 rw-p 00000000 00:00 0 
7f56946f3000-7f56946f4000 ---p 00000000 00:00 0 
7f56946f4000-7f56947ff000 rw-p 00000000 00:00 0 
7f56947ff000-7f5694847000 rw-p 00000000 00:00 0 
7f5694847000-7f569489a000 rw-p 00000000 00:00 0 
7f569489a000-7f5694d6c000 rw-p 00000000 00:00 0 
7f5694d6c000-7f5694d96000 rw-p 00000000 00:00 0 
7f5694d96000-7f5694fff000 rw-p 00000000 00:00 0 
7f5694fff000-7f5695000000 rw-p 00000000 00:00 0 
7f5695000000-7f5695270000 rwxp 00000000 00:00 0 
7f5695270000-7f56984f3000 rw-p 00000000 00:00 0 
7f56984f3000-7f569c000000 ---p 00000000 00:00 0 
7f569c018000-7f569c021000 r--s 00263000 08:06 523786                     /usr/lib/jvm/java-7-openjdk/jre/lib/resources.jar
7f569c021000-7f569c0fd000 rw-p 00000000 00:00 0 
7f569c0fd000-7f569c0fe000 ---p 00000000 00:00 0 
7f569c0fe000-7f569c209000 rw-p 00000000 00:00 0 
7f569c209000-7f569c251000 rw-p 00000000 00:00 0 
7f569c251000-7f569c2a4000 rw-p 00000000 00:00 0 
7f569c2a4000-7f569c777000 rw-p 00000000 00:00 0 
7f569c777000-7f569c77f000 r-xp 00000000 08:06 525197                     /usr/lib/jvm/java-7-openjdk/jre/lib/amd64/libzip.so
7f569c77f000-7f569c97e000 ---p 00008000 08:06 525197                     /usr/lib/jvm/java-7-openjdk/jre/lib/amd64/libzip.so
7f569c97e000-7f569c97f000 rw-p 00007000 08:06 525197                     /usr/lib/jvm/java-7-openjdk/jre/lib/amd64/libzip.so
7f569c97f000-7f569c98b000 r-xp 00000000 08:06 1309                       /lib/libnss_files-2.15.so
7f569c98b000-7f569cb8a000 ---p 0000c000 08:06 1309                       /lib/libnss_files-2.15.so
7f569cb8a000-7f569cb8b000 r--p 0000b000 08:06 1309                       /lib/libnss_files-2.15.so
7f569cb8b000-7f569cb8c000 rw-p 0000c000 08:06 1309                       /lib/libnss_files-2.15.so
7f569cb8c000-7f569cbb5000 r-xp 00000000 08:06 525207                     /usr/lib/jvm/java-7-openjdk/jre/lib/amd64/libjava.so
7f569cbb5000-7f569cdb4000 ---p 00029000 08:06 525207                     /usr/lib/jvm/java-7-openjdk/jre/lib/amd64/libjava.so
7f569cdb4000-7f569cdb6000 rw-p 00028000 08:06 525207                     /usr/lib/jvm/java-7-openjdk/jre/lib/amd64/libjava.so
7f569cdb6000-7f569cdc4000 r-xp 00000000 08:06 525194                     /usr/lib/jvm/java-7-openjdk/jre/lib/amd64/libverify.so
7f569cdc4000-7f569cfc3000 ---p 0000e000 08:06 525194                     /usr/lib/jvm/java-7-openjdk/jre/lib/amd64/libverify.so
7f569cfc3000-7f569cfc5000 rw-p 0000d000 08:06 525194                     /usr/lib/jvm/java-7-openjdk/jre/lib/amd64/libverify.so
7f569cfc5000-7f569cfcc000 r-xp 00000000 08:06 1288                       /lib/librt-2.15.so
7f569cfcc000-7f569d1cb000 ---p 00007000 08:06 1288                       /lib/librt-2.15.so
7f569d1cb000-7f569d1cc000 r--p 00006000 08:06 1288                       /lib/librt-2.15.so
7f569d1cc000-7f569d1cd000 rw-p 00007000 08:06 1288                       /lib/librt-2.15.so
7f569d1cd000-7f569d1e2000 r-xp 00000000 08:06 526089                     /usr/lib/libgcc_s.so.1
7f569d1e2000-7f569d3e1000 ---p 00015000 08:06 526089                     /usr/lib/libgcc_s.so.1
7f569d3e1000-7f569d3e2000 rw-p 00014000 08:06 526089                     /usr/lib/libgcc_s.so.1
7f569d3e2000-7f569d4d5000 r-xp 00000000 08:06 1293                       /lib/libm-2.15.so
7f569d4d5000-7f569d6d5000 ---p 000f3000 08:06 1293                       /lib/libm-2.15.so
7f569d6d5000-7f569d6d6000 r--p 000f3000 08:06 1293                       /lib/libm-2.15.so
7f569d6d6000-7f569d6d7000 rw-p 000f4000 08:06 1293                       /lib/libm-2.15.so
7f569d6d7000-7f569d7bc000 r-xp 00000000 08:06 526567                     /usr/lib/libstdc++.so.6.0.17
7f569d7bc000-7f569d9bc000 ---p 000e5000 08:06 526567                     /usr/lib/libstdc++.so.6.0.17
7f569d9bc000-7f569d9c4000 r--p 000e5000 08:06 526567                     /usr/lib/libstdc++.so.6.0.17
7f569d9c4000-7f569d9c6000 rw-p 000ed000 08:06 526567                     /usr/lib/libstdc++.so.6.0.17
7f569d9c6000-7f569d9db000 rw-p 00000000 00:00 0 
7f569d9db000-7f569e36e000 r-xp 00000000 08:06 525849                     /usr/lib/jvm/java-7-openjdk/jre/lib/amd64/server/libjvm.so
7f569e36e000-7f569e56e000 ---p 00993000 08:06 525849                     /usr/lib/jvm/java-7-openjdk/jre/lib/amd64/server/libjvm.so
7f569e56e000-7f569e60a000 rw-p 00993000 08:06 525849                     /usr/lib/jvm/java-7-openjdk/jre/lib/amd64/server/libjvm.so
7f569e60a000-7f569e634000 rw-p 00000000 00:00 0 
7f569e634000-7f569e7cb000 r-xp 00000000 08:06 1304                       /lib/libc-2.15.so
7f569e7cb000-7f569e9cb000 ---p 00197000 08:06 1304                       /lib/libc-2.15.so
7f569e9cb000-7f569e9cf000 r--p 00197000 08:06 1304                       /lib/libc-2.15.so
7f569e9cf000-7f569e9d1000 rw-p 0019b000 08:06 1304                       /lib/libc-2.15.so
7f569e9d1000-7f569e9d5000 rw-p 00000000 00:00 0 
7f569e9d5000-7f569e9d8000 r-xp 00000000 08:06 1292                       /lib/libdl-2.15.so
7f569e9d8000-7f569ebd7000 ---p 00003000 08:06 1292                       /lib/libdl-2.15.so
7f569ebd7000-7f569ebd8000 r--p 00002000 08:06 1292                       /lib/libdl-2.15.so
7f569ebd8000-7f569ebd9000 rw-p 00003000 08:06 1292                       /lib/libdl-2.15.so
7f569ebd9000-7f569ebee000 r-xp 00000000 08:06 528979                     /usr/lib/libz.so.1.2.7
7f569ebee000-7f569eded000 ---p 00015000 08:06 528979                     /usr/lib/libz.so.1.2.7
7f569eded000-7f569edee000 r--p 00014000 08:06 528979                     /usr/lib/libz.so.1.2.7
7f569edee000-7f569edef000 rw-p 00015000 08:06 528979                     /usr/lib/libz.so.1.2.7
7f569edef000-7f569edfb000 r-xp 00000000 08:06 526062                     /usr/lib/jvm/java-7-openjdk/jre/lib/amd64/jli/libjli.so
7f569edfb000-7f569effb000 ---p 0000c000 08:06 526062                     /usr/lib/jvm/java-7-openjdk/jre/lib/amd64/jli/libjli.so
7f569effb000-7f569effc000 rw-p 0000c000 08:06 526062                     /usr/lib/jvm/java-7-openjdk/jre/lib/amd64/jli/libjli.so
7f569effc000-7f569f013000 r-xp 00000000 08:06 929                        /lib/libpthread-2.15.so
7f569f013000-7f569f212000 ---p 00017000 08:06 929                        /lib/libpthread-2.15.so
7f569f212000-7f569f213000 r--p 00016000 08:06 929                        /lib/libpthread-2.15.so
7f569f213000-7f569f214000 rw-p 00017000 08:06 929                        /lib/libpthread-2.15.so
7f569f214000-7f569f218000 rw-p 00000000 00:00 0 
7f569f218000-7f569f239000 r-xp 00000000 08:06 1312                       /lib/ld-2.15.so
7f569f23e000-7f569f242000 r--s 000a0000 08:06 523715                     /usr/lib/jvm/java-7-openjdk/jre/lib/jsse.jar
7f569f242000-7f569f24c000 rw-p 00000000 00:00 0 
7f569f24c000-7f569f302000 rw-p 00000000 00:00 0 
7f569f302000-7f569f305000 ---p 00000000 00:00 0 
7f569f305000-7f569f408000 rw-p 00000000 00:00 0 
7f569f40a000-7f569f40b000 r--s 00000000 00:11 27270                      /home/tobi/.fontconfig/5604230ae2129cf9aeedc64ab4ef6938-le64.cache-3
7f569f40b000-7f569f40c000 rw-s 00005000 00:05 10083                      /dev/ati/card1
7f569f40c000-7f569f42c000 rw-s feae0000 00:05 10083                      /dev/ati/card1
7f569f42c000-7f569f42e000 rw-s 00002000 00:05 10083                      /dev/ati/card1
7f569f42e000-7f569f436000 rw-s 00000000 08:06 527780                     /tmp/hsperfdata_tobi/5131 (deleted)
7f569f436000-7f569f437000 rw-p 00000000 00:00 0 
7f569f437000-7f569f438000 ---p 00000000 00:00 0 
7f569f438000-7f569f439000 rw-p 00000000 00:00 0 
7f569f439000-7f569f43a000 r--p 00021000 08:06 1312                       /lib/ld-2.15.so
7f569f43a000-7f569f43b000 rw-p 00022000 08:06 1312                       /lib/ld-2.15.so
7f569f43b000-7f569f43c000 rw-p 00000000 00:00 0 
7ffff8b0c000-7ffff8b2d000 rw-p 00000000 00:00 0                          [stack]
7ffff8bff000-7ffff8c00000 r-xp 00000000 00:00 0                          [vdso]
ffffffffff600000-ffffffffff601000 r-xp 00000000 00:00 0                  [vsyscall]

VM Arguments:
jvm_args: -Dsun.java2d.opengl=True -Dfile.encoding=UTF-8 
java_command: bombi.BombiGui
Launcher Type: SUN_STANDARD

Environment Variables:
JAVA_HOME=/usr/lib/jvm/java-7-openjdk
PATH=/usr/local/bin:/usr/bin:/bin:/usr/local/sbin:/usr/sbin:/sbin:/opt/android-sdk/platform-tools:/opt/android-sdk/tools:/usr/bin/vendor_perl:/usr/bin/core_perl
SHELL=/bin/bash
DISPLAY=:0.0

Signal Handlers:
SIGSEGV: [libjvm.so+0x807d30], sa_mask[0]=0x7ffbfeff, sa_flags=0x10000004
SIGBUS: [libjvm.so+0x807d30], sa_mask[0]=0x7ffbfeff, sa_flags=0x10000004
SIGFPE: [libjvm.so+0x6ac970], sa_mask[0]=0x7ffbfeff, sa_flags=0x10000004
SIGPIPE: [libjvm.so+0x6ac970], sa_mask[0]=0x7ffbfeff, sa_flags=0x10000004
SIGXFSZ: [libjvm.so+0x6ac970], sa_mask[0]=0x7ffbfeff, sa_flags=0x10000004
SIGILL: [libjvm.so+0x6ac970], sa_mask[0]=0x7ffbfeff, sa_flags=0x10000004
SIGUSR1: SIG_DFL, sa_mask[0]=0x00000000, sa_flags=0x00000000
SIGUSR2: [libjvm.so+0x6acd40], sa_mask[0]=0x00000004, sa_flags=0x10000004
SIGHUP: [libjvm.so+0x6ace80], sa_mask[0]=0x7ffbfeff, sa_flags=0x10000004
SIGINT: [libjvm.so+0x6ace80], sa_mask[0]=0x7ffbfeff, sa_flags=0x10000004
SIGTERM: [libjvm.so+0x6ace80], sa_mask[0]=0x7ffbfeff, sa_flags=0x10000004
SIGQUIT: [libjvm.so+0x6ace80], sa_mask[0]=0x7ffbfeff, sa_flags=0x10000004


---------------  S Y S T E M  ---------------

OS:Linux
uname:Linux 3.3.6-1-ARCH #1 SMP PREEMPT Sun May 13 10:52:32 CEST 2012 x86_64
libc:glibc 2.15 NPTL 2.15 
rlimit: STACK 8192k, CORE 0k, NPROC 125839, NOFILE 4096, AS infinity
load average:1.34 1.28 1.32

/proc/meminfo:
MemTotal:       16180360 kB
MemFree:         9865436 kB
Buffers:         1509888 kB
Cached:          2770968 kB
SwapCached:            0 kB
Active:          2516968 kB
Inactive:        3277344 kB
Active(anon):    1514416 kB
Inactive(anon):    52076 kB
Active(file):    1002552 kB
Inactive(file):  3225268 kB
Unevictable:           0 kB
Mlocked:               0 kB
SwapTotal:             0 kB
SwapFree:              0 kB
Dirty:              2488 kB
Writeback:             0 kB
AnonPages:       1508848 kB
Mapped:           307168 kB
Shmem:             53048 kB
Slab:             134588 kB
SReclaimable:     103968 kB
SUnreclaim:        30620 kB
KernelStack:        4176 kB
PageTables:        39800 kB
NFS_Unstable:          0 kB
Bounce:                0 kB
WritebackTmp:          0 kB
CommitLimit:     8090180 kB
Committed_AS:    3321164 kB
VmallocTotal:   34359738367 kB
VmallocUsed:      361360 kB
VmallocChunk:   34359373283 kB
HardwareCorrupted:     0 kB
AnonHugePages:    868352 kB
HugePages_Total:       0
HugePages_Free:        0
HugePages_Rsvd:        0
HugePages_Surp:        0
Hugepagesize:       2048 kB
DirectMap4k:       96768 kB
DirectMap2M:     5931008 kB
DirectMap1G:    10485760 kB


CPU:total 4 (4 cores per cpu, 1 threads per core) family 16 model 5 stepping 2, cmov, cx8, fxsr, mmx, sse, sse2, sse3, popcnt, mmxext, 3dnowpref, lzcnt, sse4a

/proc/cpuinfo:
processor	: 0
vendor_id	: AuthenticAMD
cpu family	: 16
model		: 5
model name	: AMD Athlon(tm) II X4 620 Processor
stepping	: 2
microcode	: 0x10000c6
cpu MHz		: 2600.000
cache size	: 512 KB
physical id	: 0
siblings	: 4
core id		: 0
cpu cores	: 4
apicid		: 0
initial apicid	: 0
fpu		: yes
fpu_exception	: yes
cpuid level	: 5
wp		: yes
flags		: fpu vme de pse tsc msr pae mce cx8 apic sep mtrr pge mca cmov pat pse36 clflush mmx fxsr sse sse2 ht syscall nx mmxext fxsr_opt pdpe1gb rdtscp lm 3dnowext 3dnow constant_tsc rep_good nopl nonstop_tsc extd_apicid pni monitor cx16 popcnt lahf_lm cmp_legacy svm extapic cr8_legacy abm sse4a misalignsse 3dnowprefetch osvw ibs skinit wdt nodeid_msr npt lbrv svm_lock nrip_save
bogomips	: 5225.31
TLB size	: 1024 4K pages
clflush size	: 64
cache_alignment	: 64
address sizes	: 48 bits physical, 48 bits virtual
power management: ts ttp tm stc 100mhzsteps hwpstate

processor	: 1
vendor_id	: AuthenticAMD
cpu family	: 16
model		: 5
model name	: AMD Athlon(tm) II X4 620 Processor
stepping	: 2
microcode	: 0x10000c6
cpu MHz		: 2600.000
cache size	: 512 KB
physical id	: 0
siblings	: 4
core id		: 1
cpu cores	: 4
apicid		: 1
initial apicid	: 1
fpu		: yes
fpu_exception	: yes
cpuid level	: 5
wp		: yes
flags		: fpu vme de pse tsc msr pae mce cx8 apic sep mtrr pge mca cmov pat pse36 clflush mmx fxsr sse sse2 ht syscall nx mmxext fxsr_opt pdpe1gb rdtscp lm 3dnowext 3dnow constant_tsc rep_good nopl nonstop_tsc extd_apicid pni monitor cx16 popcnt lahf_lm cmp_legacy svm extapic cr8_legacy abm sse4a misalignsse 3dnowprefetch osvw ibs skinit wdt nodeid_msr npt lbrv svm_lock nrip_save
bogomips	: 5225.31
TLB size	: 1024 4K pages
clflush size	: 64
cache_alignment	: 64
address sizes	: 48 bits physical, 48 bits virtual
power management: ts ttp tm stc 100mhzsteps hwpstate

processor	: 2
vendor_id	: AuthenticAMD
cpu family	: 16
model		: 5
model name	: AMD Athlon(tm) II X4 620 Processor
stepping	: 2
microcode	: 0x10000c6
cpu MHz		: 2600.000
cache size	: 512 KB
physical id	: 0
siblings	: 4
core id		: 2
cpu cores	: 4
apicid		: 2
initial apicid	: 2
fpu		: yes
fpu_exception	: yes
cpuid level	: 5
wp		: yes
flags		: fpu vme de pse tsc msr pae mce cx8 apic sep mtrr pge mca cmov pat pse36 clflush mmx fxsr sse sse2 ht syscall nx mmxext fxsr_opt pdpe1gb rdtscp lm 3dnowext 3dnow constant_tsc rep_good nopl nonstop_tsc extd_apicid pni monitor cx16 popcnt lahf_lm cmp_legacy svm extapic cr8_legacy abm sse4a misalignsse 3dnowprefetch osvw ibs skinit wdt nodeid_msr npt lbrv svm_lock nrip_save
bogomips	: 5225.31
TLB size	: 1024 4K pages
clflush size	: 64
cache_alignment	: 64
address sizes	: 48 bits physical, 48 bits virtual
power management: ts ttp tm stc 100mhzsteps hwpstate

processor	: 3
vendor_id	: AuthenticAMD
cpu family	: 16
model		: 5
model name	: AMD Athlon(tm) II X4 620 Processor
stepping	: 2
microcode	: 0x10000c6
cpu MHz		: 800.000
cache size	: 512 KB
physical id	: 0
siblings	: 4
core id		: 3
cpu cores	: 4
apicid		: 3
initial apicid	: 3
fpu		: yes
fpu_exception	: yes
cpuid level	: 5
wp		: yes
flags		: fpu vme de pse tsc msr pae mce cx8 apic sep mtrr pge mca cmov pat pse36 clflush mmx fxsr sse sse2 ht syscall nx mmxext fxsr_opt pdpe1gb rdtscp lm 3dnowext 3dnow constant_tsc rep_good nopl nonstop_tsc extd_apicid pni monitor cx16 popcnt lahf_lm cmp_legacy svm extapic cr8_legacy abm sse4a misalignsse 3dnowprefetch osvw ibs skinit wdt nodeid_msr npt lbrv svm_lock nrip_save
bogomips	: 5225.31
TLB size	: 1024 4K pages
clflush size	: 64
cache_alignment	: 64
address sizes	: 48 bits physical, 48 bits virtual
power management: ts ttp tm stc 100mhzsteps hwpstate



Memory: 4k page, physical 16180360k(9865436k free), swap 0k(0k free)

vm_info: OpenJDK 64-Bit Server VM (22.0-b10) for linux-amd64 JRE (1.7.0_03-b147), built on Mar  6 2012 20:02:29 by "nobody" with gcc 4.6.3

time: Fri May 18 20:37:28 2012
elapsed time: 6 seconds

