#
# A fatal error has been detected by the Java Runtime Environment:
#
#  SIGSEGV (0xb) at pc=0x00007f8a0010a2a8, pid=9934, tid=140230706505472
#
# JRE version: 7.0_03-b147
# Java VM: OpenJDK 64-Bit Server VM (22.0-b10 mixed mode linux-amd64 compressed oops)
# Derivative: IcedTea7 2.1
# Distribution: Custom build (Tue Mar  6 19:52:34 UTC 2012)
# Problematic frame:
# C  [libX11.so.6+0x382a8]  XQueryExtension+0x28
#
# Failed to write core dump. Core dumps have been disabled. To enable core dumping, try "ulimit -c unlimited" before starting Java again
#
# If you would like to submit a bug report, please include
# instructions on how to reproduce the bug and visit:
#   http://icedtea.classpath.org/bugzilla
#

---------------  T H R E A D  ---------------

Current thread (0x00007f89fc09d000):  VMThread [stack: 0x00007f8a0162a000,0x00007f8a0172b000] [id=9945]

siginfo:si_signo=SIGSEGV: si_errno=0, si_code=1 (SEGV_MAPERR), si_addr=0xfffffffffc1c8ab8

Registers:
RAX=0x00007f89e00008c0, RBX=0xfffffffffc1c8150, RCX=0x00007f8a017297c8, RDX=0x00007f8a017297c4
RSP=0x00007f8a01729760, RBP=0x00007f89e9491932, RSI=0x00007f89e9491932, RDI=0xfffffffffc1c8150
R8 =0x00007f8a017297cc, R9 =0x0000000000000000, R10=0x00007f8a01729620, R11=0x00007f8a04ef0ad0
R12=0x0000000000000000, R13=0x00007f89e9491932, R14=0x00007f89e00008c0, R15=0x0000000000000000
RIP=0x00007f8a0010a2a8, EFLAGS=0x0000000000010206, CSGSFS=0x0000000000000033, ERR=0x0000000000000005
  TRAPNO=0x000000000000000e

Top of Stack: (sp=0x00007f8a01729760)
0x00007f8a01729760:   0000000000000000 00007f8a017297e8
0x00007f8a01729770:   00007f8a017297e9 00007f8a05ab54e5
0x00007f8a01729780:   0000000000000000 fffffffffc1c8150
0x00007f8a01729790:   00007f89e9491932 0000000000000000
0x00007f8a017297a0:   00007f89e9491932 00007f89e00008c0
0x00007f8a017297b0:   0000000000000000 00007f8a000fe285
0x00007f8a017297c0:   0000000000000000 00007f8a04f35b20
0x00007f8a017297d0:   00007f89e95ca520 fffffffffc1c8150
0x00007f8a017297e0:   00007f89fc1d09b0 00007f8a0041ab1b
0x00007f8a017297f0:   00007f8a00000005 0000001100000000
0x00007f8a01729800:   00007f8900000005 0000000000000000
0x00007f8a01729810:   00007f8a01729880 fffffffffc1c8150
0x00007f8a01729820:   00007f8a01729a90 00007f8a01729b08
0x00007f8a01729830:   00007f89e95e3d50 00007f89e9438119
0x00007f8a01729840:   0000000000000000 00007f89fc1d0a60
0x00007f8a01729850:   00007f8a01729880 00007f89e9846008
0x00007f8a01729860:   00007f8a01729a90 00007f8a01729b08
0x00007f8a01729870:   00000000ffffffff 00007f89e942eb42
0x00007f8a01729880:   00007f8a01729b80 00007f89e94918b1
0x00007f8a01729890:   00007f8a01729b80 00007f8a05aabf5f
0x00007f8a017298a0:   00007f8a05cc0170 00007f8a05cc0700
0x00007f8a017298b0:   00007f8a05c8c000 00007f89fc005900
0x00007f8a017298c0:   00007f89fc00a110 00007f89fc17b160
0x00007f8a017298d0:   00007f89fc178fc0 00007f89fc0021f0
0x00007f8a017298e0:   00007f89fc001b30 0000000001dad560
0x00007f8a017298f0:   0000000001dada30 0000000001dae370
0x00007f8a01729900:   00007f89fc17c5e0 00007f89fc17cf70
0x00007f8a01729910:   00007f89fc17d480 00007f89fc17ca80
0x00007f8a01729920:   00007f89fc17d990 00007f89fc17e8a0
0x00007f8a01729930:   00007f89fc17e390 00007f89fc17edb0
0x00007f8a01729940:   00007f89fc17de90 00007f89fc17f2b0
0x00007f8a01729950:   00007f89fc17f7a0 00007f89fc1801c0 

Instructions: (pc=0x00007f8a0010a2a8)
0x00007f8a0010a288:   24 d8 48 89 fb 4c 89 64 24 e0 4c 89 6c 24 e8 48
0x00007f8a0010a298:   89 f5 4c 89 74 24 f0 4c 89 7c 24 f8 48 83 ec 58
0x00007f8a0010a2a8:   48 8b 87 68 09 00 00 49 89 d4 49 89 cd 4d 89 c6
0x00007f8a0010a2b8:   48 85 c0 74 02 ff 10 ba 08 00 00 00 be 62 00 00 

Register to memory mapping:

RAX=0x00007f89e00008c0 is an unknown value
RBX=0xfffffffffc1c8150 is an unknown value
RCX=0x00007f8a017297c8 is an unknown value
RDX=0x00007f8a017297c4 is an unknown value
RSP=0x00007f8a01729760 is an unknown value
RBP=0x00007f89e9491932: <offset 0x96932> in /usr/lib/libGL.so.1 at 0x00007f89e93fb000
RSI=0x00007f89e9491932: <offset 0x96932> in /usr/lib/libGL.so.1 at 0x00007f89e93fb000
RDI=0xfffffffffc1c8150 is an unknown value
R8 =0x00007f8a017297cc is an unknown value
R9 =0x0000000000000000 is an unknown value
R10=0x00007f8a01729620 is an unknown value
R11=0x00007f8a04ef0ad0: __cxa_finalize+0 in /lib/libc.so.6 at 0x00007f8a04eb9000
R12=0x0000000000000000 is an unknown value
R13=0x00007f89e9491932: <offset 0x96932> in /usr/lib/libGL.so.1 at 0x00007f89e93fb000
R14=0x00007f89e00008c0 is an unknown value
R15=0x0000000000000000 is an unknown value


Stack: [0x00007f8a0162a000,0x00007f8a0172b000],  sp=0x00007f8a01729760,  free space=1021k
Native frames: (J=compiled Java code, j=interpreted, Vv=VM code, C=native code)
C  [libX11.so.6+0x382a8]  XQueryExtension+0x28

VM_Operation (0x00007f89e8538e60): Exit, mode: safepoint, requested by thread 0x00007f89fc4c7000


---------------  P R O C E S S  ---------------

Java Threads: ( => current thread )
  0x00007f89fc006000 JavaThread "DestroyJavaVM" [_thread_blocked, id=9936, stack(0x00007f8a05b87000,0x00007f8a05c88000)]
  0x00007f89fc4c7000 JavaThread "AWT-EventQueue-0" [_thread_blocked, id=9957, stack(0x00007f89e843b000,0x00007f89e853c000)]
  0x00007f89fc4c5000 JavaThread "AWT-Shutdown" [_thread_blocked, id=9956, stack(0x00007f89e853c000,0x00007f89e863d000)]
  0x00007f89fc430000 JavaThread "AWT-XAWT" daemon [_thread_blocked, id=9955, stack(0x00007f89e875b000,0x00007f89e885c000)]
  0x00007f89fc3e5800 JavaThread "Java2D Disposer" daemon [_thread_blocked, id=9954, stack(0x00007f89e885c000,0x00007f89e895d000)]
  0x00007f89fc3e3000 JavaThread "Java2D Queue Flusher" daemon [_thread_blocked, id=9953, stack(0x00007f89e895d000,0x00007f89e8a5e000)]
  0x00007f89fc106000 JavaThread "Service Thread" daemon [_thread_blocked, id=9951, stack(0x00007f8a00c78000,0x00007f8a00d79000)]
  0x00007f89fc103800 JavaThread "C2 CompilerThread1" daemon [_thread_blocked, id=9950, stack(0x00007f8a00d79000,0x00007f8a00e7a000)]
  0x00007f89fc101000 JavaThread "C2 CompilerThread0" daemon [_thread_blocked, id=9949, stack(0x00007f8a00e7a000,0x00007f8a00f7b000)]
  0x00007f89fc0fe800 JavaThread "Signal Dispatcher" daemon [_thread_blocked, id=9948, stack(0x00007f8a00f7b000,0x00007f8a0107c000)]
  0x00007f89fc0a8000 JavaThread "Finalizer" daemon [_thread_blocked, id=9947, stack(0x00007f8a01428000,0x00007f8a01529000)]
  0x00007f89fc0a5800 JavaThread "Reference Handler" daemon [_thread_blocked, id=9946, stack(0x00007f8a01529000,0x00007f8a0162a000)]

Other Threads:
=>0x00007f89fc09d000 VMThread [stack: 0x00007f8a0162a000,0x00007f8a0172b000] [id=9945]

VM state:at safepoint (shutting down)

VM Mutex/Monitor currently owned by a thread:  ([mutex/lock_event])
[0x00007f89fc003f50] Threads_lock - owner thread: 0x00007f89fc09d000

Heap
 PSYoungGen      total 73792K, used 13362K [0x00000007adab0000, 0x00000007b2d00000, 0x0000000800000000)
  eden space 63296K, 21% used [0x00000007adab0000,0x00000007ae7bcb30,0x00000007b1880000)
  from space 10496K, 0% used [0x00000007b22c0000,0x00000007b22c0000,0x00000007b2d00000)
  to   space 10496K, 0% used [0x00000007b1880000,0x00000007b1880000,0x00000007b22c0000)
 PSOldGen        total 168576K, used 0K [0x0000000709000000, 0x00000007134a0000, 0x00000007adab0000)
  object space 168576K, 0% used [0x0000000709000000,0x0000000709000000,0x00000007134a0000)
 PSPermGen       total 21248K, used 9911K [0x00000006fea00000, 0x00000006ffec0000, 0x0000000709000000)
  object space 21248K, 46% used [0x00000006fea00000,0x00000006ff3adf60,0x00000006ffec0000)

Code Cache  [0x00007f89f9000000, 0x00007f89f9270000, 0x00007f89fc000000)
 total_blobs=427 nmethods=17 adapters=364 free_code_cache=48613Kb largest_free_block=49748864

Dynamic libraries:
00400000-00401000 r-xp 00000000 08:06 533859                             /usr/lib/jvm/java-7-openjdk/jre/bin/java
00600000-00601000 rw-p 00000000 08:06 533859                             /usr/lib/jvm/java-7-openjdk/jre/bin/java
01dad000-01dce000 rw-p 00000000 00:00 0                                  [heap]
6fea00000-6ffec0000 rw-p 00000000 00:00 0 
6ffec0000-709000000 rw-p 00000000 00:00 0 
709000000-7134a0000 rw-p 00000000 00:00 0 
7134a0000-7adab0000 rw-p 00000000 00:00 0 
7adab0000-7b2d00000 rw-p 00000000 00:00 0 
7b2d00000-800000000 rw-p 00000000 00:00 0 
7f89a0000000-7f89a005e000 rw-p 00000000 00:00 0 
7f89a005e000-7f89a4000000 ---p 00000000 00:00 0 
7f89a4000000-7f89a4021000 rw-p 00000000 00:00 0 
7f89a4021000-7f89a8000000 ---p 00000000 00:00 0 
7f89a8000000-7f89a8021000 rw-p 00000000 00:00 0 
7f89a8021000-7f89ac000000 ---p 00000000 00:00 0 
7f89ac000000-7f89ac1b6000 rw-p 00000000 00:00 0 
7f89ac1b6000-7f89b0000000 ---p 00000000 00:00 0 
7f89b0000000-7f89b0021000 rw-p 00000000 00:00 0 
7f89b0021000-7f89b4000000 ---p 00000000 00:00 0 
7f89b4000000-7f89b4021000 rw-p 00000000 00:00 0 
7f89b4021000-7f89b8000000 ---p 00000000 00:00 0 
7f89b8000000-7f89b890e000 rw-p 00000000 00:00 0 
7f89b890e000-7f89bc000000 ---p 00000000 00:00 0 
7f89bc000000-7f89bc021000 rw-p 00000000 00:00 0 
7f89bc021000-7f89c0000000 ---p 00000000 00:00 0 
7f89c1d32000-7f89c3c8c000 r-xp 00000000 08:06 527438                     /usr/lib/xorg/modules/dri/fglrx_dri.so
7f89c3c8c000-7f89c3d8c000 ---p 01f5a000 08:06 527438                     /usr/lib/xorg/modules/dri/fglrx_dri.so
7f89c3d8c000-7f89c3eda000 rwxp 01f5a000 08:06 527438                     /usr/lib/xorg/modules/dri/fglrx_dri.so
7f89c3eda000-7f89c4000000 rwxp 00000000 00:00 0 
7f89c4000000-7f89c41bc000 rw-p 00000000 00:00 0 
7f89c41bc000-7f89c8000000 ---p 00000000 00:00 0 
7f89c8000000-7f89c8021000 rw-p 00000000 00:00 0 
7f89c8021000-7f89cc000000 ---p 00000000 00:00 0 
7f89cc000000-7f89cc021000 rw-p 00000000 00:00 0 
7f89cc021000-7f89d0000000 ---p 00000000 00:00 0 
7f89d0000000-7f89d026e000 rw-p 00000000 00:00 0 
7f89d026e000-7f89d4000000 ---p 00000000 00:00 0 
7f89d4000000-7f89d4021000 rw-p 00000000 00:00 0 
7f89d4021000-7f89d8000000 ---p 00000000 00:00 0 
7f89d8000000-7f89d8021000 rw-p 00000000 00:00 0 
7f89d8021000-7f89dc000000 ---p 00000000 00:00 0 
7f89dc000000-7f89dc021000 rw-p 00000000 00:00 0 
7f89dc021000-7f89e0000000 ---p 00000000 00:00 0 
7f89e0000000-7f89e0021000 rw-p 00000000 00:00 0 
7f89e0021000-7f89e4000000 ---p 00000000 00:00 0 
7f89e4000000-7f89e4021000 rw-p 00000000 00:00 0 
7f89e4021000-7f89e8000000 ---p 00000000 00:00 0 
7f89e8139000-7f89e813c000 ---p 00000000 00:00 0 
7f89e813c000-7f89e823a000 rw-p 00000000 00:00 0 
7f89e823a000-7f89e833a000 rw-s 1321d000 00:05 9111                       /dev/ati/card1
7f89e833a000-7f89e833d000 ---p 00000000 00:00 0 
7f89e833d000-7f89e843b000 rw-p 00000000 00:00 0 
7f89e843b000-7f89e843e000 ---p 00000000 00:00 0 
7f89e843e000-7f89e853c000 rw-p 00000000 00:00 0 
7f89e853c000-7f89e853f000 ---p 00000000 00:00 0 
7f89e853f000-7f89e863d000 rw-p 00000000 00:00 0 
7f89e863d000-7f89e8653000 r--s 00000000 08:07 22836                      /var/cache/fontconfig/8d4af663993b81a124ee82e610bb31f9-le64.cache-3
7f89e8653000-7f89e865c000 r--s 00000000 08:07 26938                      /var/cache/fontconfig/d62e99ef547d1d24cdb1bd22ec1a2976-le64.cache-3
7f89e865c000-7f89e86a1000 r--s 00000000 08:07 26937                      /var/cache/fontconfig/f6b893a7224233d96cb72fd88691c0b4-le64.cache-3
7f89e86a1000-7f89e86fe000 r--s 00000000 08:07 26936                      /var/cache/fontconfig/17090aa38d5c6f09fb8c5c354938f1d7-le64.cache-3
7f89e86fe000-7f89e875b000 r--s 00000000 08:07 26934                      /var/cache/fontconfig/df311e82a1a24c41a75c2c930223552e-le64.cache-3
7f89e875b000-7f89e875e000 ---p 00000000 00:00 0 
7f89e875e000-7f89e885c000 rw-p 00000000 00:00 0 
7f89e885c000-7f89e885f000 ---p 00000000 00:00 0 
7f89e885f000-7f89e895d000 rw-p 00000000 00:00 0 
7f89e895d000-7f89e8960000 ---p 00000000 00:00 0 
7f89e8960000-7f89e8aa6000 rw-p 00000000 00:00 0 
7f89e8aa6000-7f89e91a6000 rw-s 00006000 00:05 9111                       /dev/ati/card1
7f89e91a6000-7f89e92a6000 rw-p 00000000 00:00 0 
7f89e92a6000-7f89e92e1000 r-xp 00000000 08:06 527355                     /usr/lib/libatiadlxx.so
7f89e92e1000-7f89e93e1000 ---p 0003b000 08:06 527355                     /usr/lib/libatiadlxx.so
7f89e93e1000-7f89e93ea000 rw-p 0003b000 08:06 527355                     /usr/lib/libatiadlxx.so
7f89e93ea000-7f89e93fb000 rw-p 00000000 00:00 0 
7f89e93fb000-7f89e94be000 r-xp 00000000 08:06 531369                     /usr/lib/fglrx/fglrx-libGL.so.1.2
7f89e94be000-7f89e95bd000 ---p 000c3000 08:06 531369                     /usr/lib/fglrx/fglrx-libGL.so.1.2
7f89e95bd000-7f89e95e4000 rwxp 000c2000 08:06 531369                     /usr/lib/fglrx/fglrx-libGL.so.1.2
7f89e95e4000-7f89e9604000 rwxp 00000000 00:00 0 
7f89e9604000-7f89e9646000 r-xp 00000000 08:06 527897                     /usr/lib/libdbus-1.so.3.5.9
7f89e9646000-7f89e9846000 ---p 00042000 08:06 527897                     /usr/lib/libdbus-1.so.3.5.9
7f89e9846000-7f89e9848000 rw-p 00042000 08:06 527897                     /usr/lib/libdbus-1.so.3.5.9
7f89e9848000-7f89e9859000 r-xp 00000000 08:06 533797                     /usr/lib/libp11-kit.so.0.0.0
7f89e9859000-7f89e9a58000 ---p 00011000 08:06 533797                     /usr/lib/libp11-kit.so.0.0.0
7f89e9a58000-7f89e9a59000 r--p 00010000 08:06 533797                     /usr/lib/libp11-kit.so.0.0.0
7f89e9a59000-7f89e9a5a000 rw-p 00011000 08:06 533797                     /usr/lib/libp11-kit.so.0.0.0
7f89e9a5a000-7f89e9abf000 r-xp 00000000 08:06 527102                     /usr/lib/libgmp.so.10.0.5
7f89e9abf000-7f89e9cbf000 ---p 00065000 08:06 527102                     /usr/lib/libgmp.so.10.0.5
7f89e9cbf000-7f89e9cc0000 r--p 00065000 08:06 527102                     /usr/lib/libgmp.so.10.0.5
7f89e9cc0000-7f89e9cc9000 rw-p 00066000 08:06 527102                     /usr/lib/libgmp.so.10.0.5
7f89e9cc9000-7f89e9cdb000 r-xp 00000000 08:06 533726                     /usr/lib/libhogweed.so.2.1
7f89e9cdb000-7f89e9eda000 ---p 00012000 08:06 533726                     /usr/lib/libhogweed.so.2.1
7f89e9eda000-7f89e9edb000 r--p 00011000 08:06 533726                     /usr/lib/libhogweed.so.2.1
7f89e9edb000-7f89e9edc000 rw-p 00012000 08:06 533726                     /usr/lib/libhogweed.so.2.1
7f89e9edc000-7f89e9f01000 r-xp 00000000 08:06 531660                     /usr/lib/libnettle.so.4.3
7f89e9f01000-7f89ea101000 ---p 00025000 08:06 531660                     /usr/lib/libnettle.so.4.3
7f89ea101000-7f89ea102000 r--p 00025000 08:06 531660                     /usr/lib/libnettle.so.4.3
7f89ea102000-7f89ea103000 rw-p 00026000 08:06 531660                     /usr/lib/libnettle.so.4.3
7f89ea103000-7f89ea113000 r-xp 00000000 08:06 523686                     /usr/lib/libtasn1.so.3.1.15
7f89ea113000-7f89ea312000 ---p 00010000 08:06 523686                     /usr/lib/libtasn1.so.3.1.15
7f89ea312000-7f89ea313000 r--p 0000f000 08:06 523686                     /usr/lib/libtasn1.so.3.1.15
7f89ea313000-7f89ea314000 rw-p 00010000 08:06 523686                     /usr/lib/libtasn1.so.3.1.15
7f89ea314000-7f89ea317000 r-xp 00000000 08:06 536931                     /usr/lib/libkeyutils.so.1.4
7f89ea317000-7f89ea516000 ---p 00003000 08:06 536931                     /usr/lib/libkeyutils.so.1.4
7f89ea516000-7f89ea517000 r--p 00002000 08:06 536931                     /usr/lib/libkeyutils.so.1.4
7f89ea517000-7f89ea518000 rw-p 00003000 08:06 536931                     /usr/lib/libkeyutils.so.1.4
7f89ea518000-7f89ea521000 r-xp 00000000 08:06 529619                     /usr/lib/libkrb5support.so.0.1
7f89ea521000-7f89ea720000 ---p 00009000 08:06 529619                     /usr/lib/libkrb5support.so.0.1
7f89ea720000-7f89ea721000 r--p 00008000 08:06 529619                     /usr/lib/libkrb5support.so.0.1
7f89ea721000-7f89ea722000 rw-p 00009000 08:06 529619                     /usr/lib/libkrb5support.so.0.1
7f89ea722000-7f89ea725000 r-xp 00000000 08:06 524071                     /usr/lib/libcom_err.so.2.1
7f89ea725000-7f89ea924000 ---p 00003000 08:06 524071                     /usr/lib/libcom_err.so.2.1
7f89ea924000-7f89ea925000 r--p 00002000 08:06 524071                     /usr/lib/libcom_err.so.2.1
7f89ea925000-7f89ea926000 rw-p 00003000 08:06 524071                     /usr/lib/libcom_err.so.2.1
7f89ea926000-7f89ea94e000 r-xp 00000000 08:06 533131                     /usr/lib/libk5crypto.so.3.1
7f89ea94e000-7f89eab4e000 ---p 00028000 08:06 533131                     /usr/lib/libk5crypto.so.3.1
7f89eab4e000-7f89eab4f000 r--p 00028000 08:06 533131                     /usr/lib/libk5crypto.so.3.1
7f89eab4f000-7f89eab50000 rw-p 00029000 08:06 533131                     /usr/lib/libk5crypto.so.3.1
7f89eab50000-7f89eab51000 rw-p 00000000 00:00 0 
7f89eab51000-7f89eac29000 r-xp 00000000 08:06 527453                     /usr/lib/libkrb5.so.3.3
7f89eac29000-7f89eae29000 ---p 000d8000 08:06 527453                     /usr/lib/libkrb5.so.3.3
7f89eae29000-7f89eae33000 r--p 000d8000 08:06 527453                     /usr/lib/libkrb5.so.3.3
7f89eae33000-7f89eae35000 rw-p 000e2000 08:06 527453                     /usr/lib/libkrb5.so.3.3
7f89eae35000-7f89eae3a000 r-xp 00000000 08:06 523755                     /usr/lib/libXdmcp.so.6.0.0
7f89eae3a000-7f89eb039000 ---p 00005000 08:06 523755                     /usr/lib/libXdmcp.so.6.0.0
7f89eb039000-7f89eb03a000 r--p 00004000 08:06 523755                     /usr/lib/libXdmcp.so.6.0.0
7f89eb03a000-7f89eb03b000 rw-p 00005000 08:06 523755                     /usr/lib/libXdmcp.so.6.0.0
7f89eb03b000-7f89eb03d000 r-xp 00000000 08:06 523713                     /usr/lib/libXau.so.6.0.0
7f89eb03d000-7f89eb23d000 ---p 00002000 08:06 523713                     /usr/lib/libXau.so.6.0.0
7f89eb23d000-7f89eb23e000 r--p 00002000 08:06 523713                     /usr/lib/libXau.so.6.0.0
7f89eb23e000-7f89eb23f000 rw-p 00003000 08:06 523713                     /usr/lib/libXau.so.6.0.0
7f89eb23f000-7f89eb24f000 r-xp 00000000 08:06 526584                     /usr/lib/libavahi-client.so.3.2.9
7f89eb24f000-7f89eb44e000 ---p 00010000 08:06 526584                     /usr/lib/libavahi-client.so.3.2.9
7f89eb44e000-7f89eb44f000 r--p 0000f000 08:06 526584                     /usr/lib/libavahi-client.so.3.2.9
7f89eb44f000-7f89eb450000 rw-p 00010000 08:06 526584                     /usr/lib/libavahi-client.so.3.2.9
7f89eb450000-7f89eb45c000 r-xp 00000000 08:06 527596                     /usr/lib/libavahi-common.so.3.5.3
7f89eb45c000-7f89eb65b000 ---p 0000c000 08:06 527596                     /usr/lib/libavahi-common.so.3.5.3
7f89eb65b000-7f89eb65c000 r--p 0000b000 08:06 527596                     /usr/lib/libavahi-common.so.3.5.3
7f89eb65c000-7f89eb65d000 rw-p 0000c000 08:06 527596                     /usr/lib/libavahi-common.so.3.5.3
7f89eb65d000-7f89eb74f000 r-xp 00000000 08:06 528636                     /usr/lib/libgnutls.so.28.8.1
7f89eb74f000-7f89eb94f000 ---p 000f2000 08:06 528636                     /usr/lib/libgnutls.so.28.8.1
7f89eb94f000-7f89eb957000 r--p 000f2000 08:06 528636                     /usr/lib/libgnutls.so.28.8.1
7f89eb957000-7f89eb959000 rw-p 000fa000 08:06 528636                     /usr/lib/libgnutls.so.28.8.1
7f89eb959000-7f89eb95a000 rw-p 00000000 00:00 0 
7f89eb95a000-7f89eb99b000 r-xp 00000000 08:06 533554                     /usr/lib/libgssapi_krb5.so.2.2
7f89eb99b000-7f89ebb9b000 ---p 00041000 08:06 533554                     /usr/lib/libgssapi_krb5.so.2.2
7f89ebb9b000-7f89ebb9c000 r--p 00041000 08:06 533554                     /usr/lib/libgssapi_krb5.so.2.2
7f89ebb9c000-7f89ebb9e000 rw-p 00042000 08:06 533554                     /usr/lib/libgssapi_krb5.so.2.2
7f89ebb9e000-7f89ebbf7000 r-xp 00000000 08:06 531196                     /usr/lib/libpcre.so.1.0.0
7f89ebbf7000-7f89ebdf6000 ---p 00059000 08:06 531196                     /usr/lib/libpcre.so.1.0.0
7f89ebdf6000-7f89ebdf7000 r--p 00058000 08:06 531196                     /usr/lib/libpcre.so.1.0.0
7f89ebdf7000-7f89ebdf8000 rw-p 00059000 08:06 531196                     /usr/lib/libpcre.so.1.0.0
7f89ebdf8000-7f89ebdff000 r-xp 00000000 08:06 533126                     /usr/lib/libffi.so.6.0.0
7f89ebdff000-7f89ebffe000 ---p 00007000 08:06 533126                     /usr/lib/libffi.so.6.0.0
7f89ebffe000-7f89ebfff000 r--p 00006000 08:06 533126                     /usr/lib/libffi.so.6.0.0
7f89ebfff000-7f89ec000000 rw-p 00007000 08:06 533126                     /usr/lib/libffi.so.6.0.0
7f89ec000000-7f89ec021000 rw-p 00000000 00:00 0 
7f89ec021000-7f89f0000000 ---p 00000000 00:00 0 
7f89f0027000-7f89f002e000 r-xp 00000000 08:06 526968                     /usr/lib/libatiuki.so.1.0
7f89f002e000-7f89f012e000 ---p 00007000 08:06 526968                     /usr/lib/libatiuki.so.1.0
7f89f012e000-7f89f012f000 rw-p 00007000 08:06 526968                     /usr/lib/libatiuki.so.1.0
7f89f012f000-7f89f0130000 rw-p 00000000 00:00 0 
7f89f0130000-7f89f0158000 r-xp 00000000 08:06 534280                     /usr/lib/libexpat.so.1.6.0
7f89f0158000-7f89f0357000 ---p 00028000 08:06 534280                     /usr/lib/libexpat.so.1.6.0
7f89f0357000-7f89f0359000 r--p 00027000 08:06 534280                     /usr/lib/libexpat.so.1.6.0
7f89f0359000-7f89f035a000 rw-p 00029000 08:06 534280                     /usr/lib/libexpat.so.1.6.0
7f89f035a000-7f89f0369000 r-xp 00000000 08:06 535331                     /usr/lib/libbz2.so.1.0.6
7f89f0369000-7f89f0568000 ---p 0000f000 08:06 535331                     /usr/lib/libbz2.so.1.0.6
7f89f0568000-7f89f056a000 rw-p 0000e000 08:06 535331                     /usr/lib/libbz2.so.1.0.6
7f89f056a000-7f89f0572000 r-xp 00000000 08:06 534957                     /usr/lib/libxcb-render.so.0.0.0
7f89f0572000-7f89f0772000 ---p 00008000 08:06 534957                     /usr/lib/libxcb-render.so.0.0.0
7f89f0772000-7f89f0773000 rw-p 00008000 08:06 534957                     /usr/lib/libxcb-render.so.0.0.0
7f89f0773000-7f89f0775000 r-xp 00000000 08:06 530934                     /usr/lib/libxcb-shm.so.0.0.0
7f89f0775000-7f89f0974000 ---p 00002000 08:06 530934                     /usr/lib/libxcb-shm.so.0.0.0
7f89f0974000-7f89f0975000 rw-p 00001000 08:06 530934                     /usr/lib/libxcb-shm.so.0.0.0
7f89f0975000-7f89f09f6000 r-xp 00000000 08:06 528735                     /usr/lib/libpixman-1.so.0.24.4
7f89f09f6000-7f89f0bf6000 ---p 00081000 08:06 528735                     /usr/lib/libpixman-1.so.0.24.4
7f89f0bf6000-7f89f0bfc000 r--p 00081000 08:06 528735                     /usr/lib/libpixman-1.so.0.24.4
7f89f0bfc000-7f89f0bfd000 rw-p 00087000 08:06 528735                     /usr/lib/libpixman-1.so.0.24.4
7f89f0bfd000-7f89f0c29000 r-xp 00000000 08:06 528725                     /usr/lib/libpng15.so.15.10.0
7f89f0c29000-7f89f0e28000 ---p 0002c000 08:06 528725                     /usr/lib/libpng15.so.15.10.0
7f89f0e28000-7f89f0e29000 r--p 0002b000 08:06 528725                     /usr/lib/libpng15.so.15.10.0
7f89f0e29000-7f89f0e2a000 rw-p 0002c000 08:06 528725                     /usr/lib/libpng15.so.15.10.0
7f89f0e2a000-7f89f0e3d000 r-xp 00000000 08:06 1332                       /lib/libresolv-2.15.so
7f89f0e3d000-7f89f103d000 ---p 00013000 08:06 1332                       /lib/libresolv-2.15.so
7f89f103d000-7f89f103e000 r--p 00013000 08:06 1332                       /lib/libresolv-2.15.so
7f89f103e000-7f89f103f000 rw-p 00014000 08:06 1332                       /lib/libresolv-2.15.so
7f89f103f000-7f89f1041000 rw-p 00000000 00:00 0 
7f89f1041000-7f89f1043000 r-xp 00000000 08:06 533292                     /usr/lib/libXdamage.so.1.1.0
7f89f1043000-7f89f1242000 ---p 00002000 08:06 533292                     /usr/lib/libXdamage.so.1.1.0
7f89f1242000-7f89f1243000 r--p 00001000 08:06 533292                     /usr/lib/libXdamage.so.1.1.0
7f89f1243000-7f89f1244000 rw-p 00002000 08:06 533292                     /usr/lib/libXdamage.so.1.1.0
7f89f1244000-7f89f1246000 r-xp 00000000 08:06 523753                     /usr/lib/libXcomposite.so.1.0.0
7f89f1246000-7f89f1445000 ---p 00002000 08:06 523753                     /usr/lib/libXcomposite.so.1.0.0
7f89f1445000-7f89f1446000 r--p 00001000 08:06 523753                     /usr/lib/libXcomposite.so.1.0.0
7f89f1446000-7f89f1447000 rw-p 00002000 08:06 523753                     /usr/lib/libXcomposite.so.1.0.0
7f89f1447000-7f89f1450000 r-xp 00000000 08:06 531336                     /usr/lib/libXcursor.so.1.0.2
7f89f1450000-7f89f164f000 ---p 00009000 08:06 531336                     /usr/lib/libXcursor.so.1.0.2
7f89f164f000-7f89f1650000 r--p 00008000 08:06 531336                     /usr/lib/libXcursor.so.1.0.2
7f89f1650000-7f89f1651000 rw-p 00009000 08:06 531336                     /usr/lib/libXcursor.so.1.0.2
7f89f1651000-7f89f1659000 r-xp 00000000 08:06 533170                     /usr/lib/libXrandr.so.2.2.0
7f89f1659000-7f89f1858000 ---p 00008000 08:06 533170                     /usr/lib/libXrandr.so.2.2.0
7f89f1858000-7f89f1859000 r--p 00007000 08:06 533170                     /usr/lib/libXrandr.so.2.2.0
7f89f1859000-7f89f185a000 rw-p 00008000 08:06 533170                     /usr/lib/libXrandr.so.2.2.0
7f89f185a000-7f89f185c000 r-xp 00000000 08:06 523766                     /usr/lib/libXinerama.so.1.0.0
7f89f185c000-7f89f1a5b000 ---p 00002000 08:06 523766                     /usr/lib/libXinerama.so.1.0.0
7f89f1a5b000-7f89f1a5c000 r--p 00001000 08:06 523766                     /usr/lib/libXinerama.so.1.0.0
7f89f1a5c000-7f89f1a5d000 rw-p 00002000 08:06 523766                     /usr/lib/libXinerama.so.1.0.0
7f89f1a5d000-7f89f1a62000 r-xp 00000000 08:06 523749                     /usr/lib/libXfixes.so.3.1.0
7f89f1a62000-7f89f1c62000 ---p 00005000 08:06 523749                     /usr/lib/libXfixes.so.3.1.0
7f89f1c62000-7f89f1c63000 r--p 00005000 08:06 523749                     /usr/lib/libXfixes.so.3.1.0
7f89f1c63000-7f89f1c64000 rw-p 00006000 08:06 523749                     /usr/lib/libXfixes.so.3.1.0
7f89f1c64000-7f89f1c81000 r-xp 00000000 08:06 533661                     /usr/lib/libxcb.so.1.1.0
7f89f1c81000-7f89f1e81000 ---p 0001d000 08:06 533661                     /usr/lib/libxcb.so.1.1.0
7f89f1e81000-7f89f1e82000 rw-p 0001d000 08:06 533661                     /usr/lib/libxcb.so.1.1.0
7f89f1e82000-7f89f1ed4000 r-xp 00000000 08:06 528718                     /usr/lib/libcups.so.2
7f89f1ed4000-7f89f20d3000 ---p 00052000 08:06 528718                     /usr/lib/libcups.so.2
7f89f20d3000-7f89f20d7000 r--p 00051000 08:06 528718                     /usr/lib/libcups.so.2
7f89f20d7000-7f89f20d8000 rw-p 00055000 08:06 528718                     /usr/lib/libcups.so.2
7f89f20d8000-7f89f21ca000 r-xp 00000000 08:06 528627                     /usr/lib/libglib-2.0.so.0.3200.2
7f89f21ca000-7f89f23c9000 ---p 000f2000 08:06 528627                     /usr/lib/libglib-2.0.so.0.3200.2
7f89f23c9000-7f89f23ca000 r--p 000f1000 08:06 528627                     /usr/lib/libglib-2.0.so.0.3200.2
7f89f23ca000-7f89f23cb000 rw-p 000f2000 08:06 528627                     /usr/lib/libglib-2.0.so.0.3200.2
7f89f23cb000-7f89f23cc000 rw-p 00000000 00:00 0 
7f89f23cc000-7f89f23cd000 r-xp 00000000 08:06 528965                     /usr/lib/libgthread-2.0.so.0.3200.2
7f89f23cd000-7f89f25cc000 ---p 00001000 08:06 528965                     /usr/lib/libgthread-2.0.so.0.3200.2
7f89f25cc000-7f89f25cd000 r--p 00000000 08:06 528965                     /usr/lib/libgthread-2.0.so.0.3200.2
7f89f25cd000-7f89f25ce000 rw-p 00001000 08:06 528965                     /usr/lib/libgthread-2.0.so.0.3200.2
7f89f25ce000-7f89f25d1000 r-xp 00000000 08:06 528923                     /usr/lib/libgmodule-2.0.so.0.3200.2
7f89f25d1000-7f89f27d0000 ---p 00003000 08:06 528923                     /usr/lib/libgmodule-2.0.so.0.3200.2
7f89f27d0000-7f89f27d1000 r--p 00002000 08:06 528923                     /usr/lib/libgmodule-2.0.so.0.3200.2
7f89f27d1000-7f89f27d2000 rw-p 00003000 08:06 528923                     /usr/lib/libgmodule-2.0.so.0.3200.2
7f89f27d2000-7f89f281e000 r-xp 00000000 08:06 528966                     /usr/lib/libgobject-2.0.so.0.3200.2
7f89f281e000-7f89f2a1e000 ---p 0004c000 08:06 528966                     /usr/lib/libgobject-2.0.so.0.3200.2
7f89f2a1e000-7f89f2a1f000 r--p 0004c000 08:06 528966                     /usr/lib/libgobject-2.0.so.0.3200.2
7f89f2a1f000-7f89f2a20000 rw-p 0004d000 08:06 528966                     /usr/lib/libgobject-2.0.so.0.3200.2
7f89f2a20000-7f89f2a54000 r-xp 00000000 08:06 534580                     /usr/lib/libfontconfig.so.1.4.4
7f89f2a54000-7f89f2c54000 ---p 00034000 08:06 534580                     /usr/lib/libfontconfig.so.1.4.4
7f89f2c54000-7f89f2c55000 r--p 00034000 08:06 534580                     /usr/lib/libfontconfig.so.1.4.4
7f89f2c55000-7f89f2c56000 rw-p 00035000 08:06 534580                     /usr/lib/libfontconfig.so.1.4.4
7f89f2c56000-7f89f2cef000 r-xp 00000000 08:06 533427                     /usr/lib/libfreetype.so.6.8.1
7f89f2cef000-7f89f2eee000 ---p 00099000 08:06 533427                     /usr/lib/libfreetype.so.6.8.1
7f89f2eee000-7f89f2ef4000 r--p 00098000 08:06 533427                     /usr/lib/libfreetype.so.6.8.1
7f89f2ef4000-7f89f2ef5000 rw-p 0009e000 08:06 533427                     /usr/lib/libfreetype.so.6.8.1
7f89f2ef5000-7f89f2f3d000 r-xp 00000000 08:06 533234                     /usr/lib/libpango-1.0.so.0.3000.0
7f89f2f3d000-7f89f313d000 ---p 00048000 08:06 533234                     /usr/lib/libpango-1.0.so.0.3000.0
7f89f313d000-7f89f313f000 r--p 00048000 08:06 533234                     /usr/lib/libpango-1.0.so.0.3000.0
7f89f313f000-7f89f3140000 rw-p 0004a000 08:06 533234                     /usr/lib/libpango-1.0.so.0.3000.0
7f89f3140000-7f89f3230000 r-xp 00000000 08:06 527614                     /usr/lib/libcairo.so.2.11200.2
7f89f3230000-7f89f3430000 ---p 000f0000 08:06 527614                     /usr/lib/libcairo.so.2.11200.2
7f89f3430000-7f89f3434000 rw-p 000f0000 08:06 527614                     /usr/lib/libcairo.so.2.11200.2
7f89f3434000-7f89f3435000 rw-p 00000000 00:00 0 
7f89f3435000-7f89f3456000 r-xp 00000000 08:06 532661                     /usr/lib/libgdk_pixbuf-2.0.so.0.2600.1
7f89f3456000-7f89f3655000 ---p 00021000 08:06 532661                     /usr/lib/libgdk_pixbuf-2.0.so.0.2600.1
7f89f3655000-7f89f3656000 r--p 00020000 08:06 532661                     /usr/lib/libgdk_pixbuf-2.0.so.0.2600.1
7f89f3656000-7f89f3657000 rw-p 00021000 08:06 532661                     /usr/lib/libgdk_pixbuf-2.0.so.0.2600.1
7f89f3657000-7f89f3662000 r-xp 00000000 08:06 533238                     /usr/lib/libpangocairo-1.0.so.0.3000.0
7f89f3662000-7f89f3862000 ---p 0000b000 08:06 533238                     /usr/lib/libpangocairo-1.0.so.0.3000.0
7f89f3862000-7f89f3863000 r--p 0000b000 08:06 533238                     /usr/lib/libpangocairo-1.0.so.0.3000.0
7f89f3863000-7f89f3864000 rw-p 0000c000 08:06 533238                     /usr/lib/libpangocairo-1.0.so.0.3000.0
7f89f3864000-7f89f388f000 r-xp 00000000 08:06 533236                     /usr/lib/libpangoft2-1.0.so.0.3000.0
7f89f388f000-7f89f3a8f000 ---p 0002b000 08:06 533236                     /usr/lib/libpangoft2-1.0.so.0.3000.0
7f89f3a8f000-7f89f3a90000 r--p 0002b000 08:06 533236                     /usr/lib/libpangoft2-1.0.so.0.3000.0
7f89f3a90000-7f89f3a91000 rw-p 0002c000 08:06 533236                     /usr/lib/libpangoft2-1.0.so.0.3000.0
7f89f3a91000-7f89f3bd6000 r-xp 00000000 08:06 528967                     /usr/lib/libgio-2.0.so.0.3200.2
7f89f3bd6000-7f89f3dd5000 ---p 00145000 08:06 528967                     /usr/lib/libgio-2.0.so.0.3200.2
7f89f3dd5000-7f89f3dd9000 r--p 00144000 08:06 528967                     /usr/lib/libgio-2.0.so.0.3200.2
7f89f3dd9000-7f89f3ddb000 rw-p 00148000 08:06 528967                     /usr/lib/libgio-2.0.so.0.3200.2
7f89f3ddb000-7f89f3ddd000 rw-p 00000000 00:00 0 
7f89f3ddd000-7f89f3dfd000 r-xp 00000000 08:06 533187                     /usr/lib/libatk-1.0.so.0.20409.1
7f89f3dfd000-7f89f3ffd000 ---p 00020000 08:06 533187                     /usr/lib/libatk-1.0.so.0.20409.1
7f89f3ffd000-7f89f3fff000 r--p 00020000 08:06 533187                     /usr/lib/libatk-1.0.so.0.20409.1
7f89f3fff000-7f89f4000000 rw-p 00022000 08:06 533187                     /usr/lib/libatk-1.0.so.0.20409.1
7f89f4000000-7f89f4021000 rw-p 00000000 00:00 0 
7f89f4021000-7f89f8000000 ---p 00000000 00:00 0 
7f89f8035000-7f89f80fd000 rw-p 00000000 00:00 0 
7f89f80fd000-7f89f81aa000 r-xp 00000000 08:06 523419                     /usr/lib/libgdk-x11-2.0.so.0.2400.10
7f89f81aa000-7f89f83aa000 ---p 000ad000 08:06 523419                     /usr/lib/libgdk-x11-2.0.so.0.2400.10
7f89f83aa000-7f89f83ae000 r--p 000ad000 08:06 523419                     /usr/lib/libgdk-x11-2.0.so.0.2400.10
7f89f83ae000-7f89f83b0000 rw-p 000b1000 08:06 523419                     /usr/lib/libgdk-x11-2.0.so.0.2400.10
7f89f83b0000-7f89f87d2000 r-xp 00000000 08:06 523420                     /usr/lib/libgtk-x11-2.0.so.0.2400.10
7f89f87d2000-7f89f89d2000 ---p 00422000 08:06 523420                     /usr/lib/libgtk-x11-2.0.so.0.2400.10
7f89f89d2000-7f89f89d9000 r--p 00422000 08:06 523420                     /usr/lib/libgtk-x11-2.0.so.0.2400.10
7f89f89d9000-7f89f89dd000 rw-p 00429000 08:06 523420                     /usr/lib/libgtk-x11-2.0.so.0.2400.10
7f89f89dd000-7f89f89df000 rw-p 00000000 00:00 0 
7f89f89df000-7f89f89ed000 r-xp 00000000 08:06 526751                     /usr/lib/libXi.so.6.1.0
7f89f89ed000-7f89f8bec000 ---p 0000e000 08:06 526751                     /usr/lib/libXi.so.6.1.0
7f89f8bec000-7f89f8bed000 r--p 0000d000 08:06 526751                     /usr/lib/libXi.so.6.1.0
7f89f8bed000-7f89f8bee000 rw-p 0000e000 08:06 526751                     /usr/lib/libXi.so.6.1.0
7f89f8bee000-7f89f8bf3000 r-xp 00000000 08:06 523793                     /usr/lib/libXtst.so.6.1.0
7f89f8bf3000-7f89f8df3000 ---p 00005000 08:06 523793                     /usr/lib/libXtst.so.6.1.0
7f89f8df3000-7f89f8df4000 r--p 00005000 08:06 523793                     /usr/lib/libXtst.so.6.1.0
7f89f8df4000-7f89f8df5000 rw-p 00006000 08:06 523793                     /usr/lib/libXtst.so.6.1.0
7f89f8df5000-7f89f8dff000 r-xp 00000000 08:06 529110                     /usr/lib/libXrender.so.1.3.0
7f89f8dff000-7f89f8ffe000 ---p 0000a000 08:06 529110                     /usr/lib/libXrender.so.1.3.0
7f89f8ffe000-7f89f8fff000 r--p 00009000 08:06 529110                     /usr/lib/libXrender.so.1.3.0
7f89f8fff000-7f89f9000000 rw-p 0000a000 08:06 529110                     /usr/lib/libXrender.so.1.3.0
7f89f9000000-7f89f9270000 rwxp 00000000 00:00 0 
7f89f9270000-7f89fc4d3000 rw-p 00000000 00:00 0 
7f89fc4d3000-7f8a00000000 ---p 00000000 00:00 0 
7f8a00012000-7f8a00052000 rw-s 00030000 00:05 9111                       /dev/ati/card1
7f8a00052000-7f8a000d2000 rw-p 00000000 00:00 0 
7f8a000d2000-7f8a00206000 r-xp 00000000 08:06 531386                     /usr/lib/libX11.so.6.3.0
7f8a00206000-7f8a00406000 ---p 00134000 08:06 531386                     /usr/lib/libX11.so.6.3.0
7f8a00406000-7f8a00407000 r--p 00134000 08:06 531386                     /usr/lib/libX11.so.6.3.0
7f8a00407000-7f8a0040c000 rw-p 00135000 08:06 531386                     /usr/lib/libX11.so.6.3.0
7f8a0040c000-7f8a0041e000 r-xp 00000000 08:06 523664                     /usr/lib/libXext.so.6.4.0
7f8a0041e000-7f8a0061d000 ---p 00012000 08:06 523664                     /usr/lib/libXext.so.6.4.0
7f8a0061d000-7f8a0061e000 r--p 00011000 08:06 523664                     /usr/lib/libXext.so.6.4.0
7f8a0061e000-7f8a0061f000 rw-p 00012000 08:06 523664                     /usr/lib/libXext.so.6.4.0
7f8a0064a000-7f8a0064e000 r--s 000a0000 08:06 523715                     /usr/lib/jvm/java-7-openjdk/jre/lib/jsse.jar
7f8a0064e000-7f8a0064f000 r--s 00000000 00:11 27270                      /home/tobi/.fontconfig/5604230ae2129cf9aeedc64ab4ef6938-le64.cache-3
7f8a0064f000-7f8a006a1000 r-xp 00000000 08:06 533913                     /usr/lib/jvm/java-7-openjdk/jre/lib/amd64/xawt/libmawt.so
7f8a006a1000-7f8a008a0000 ---p 00052000 08:06 533913                     /usr/lib/jvm/java-7-openjdk/jre/lib/amd64/xawt/libmawt.so
7f8a008a0000-7f8a008a4000 rw-p 00051000 08:06 533913                     /usr/lib/jvm/java-7-openjdk/jre/lib/amd64/xawt/libmawt.so
7f8a008a4000-7f8a008a5000 rw-p 00000000 00:00 0 
7f8a008a5000-7f8a00947000 r-xp 00000000 08:06 525820                     /usr/lib/jvm/java-7-openjdk/jre/lib/amd64/libawt.so
7f8a00947000-7f8a00b47000 ---p 000a2000 08:06 525820                     /usr/lib/jvm/java-7-openjdk/jre/lib/amd64/libawt.so
7f8a00b47000-7f8a00b53000 rw-p 000a2000 08:06 525820                     /usr/lib/jvm/java-7-openjdk/jre/lib/amd64/libawt.so
7f8a00b53000-7f8a00b77000 rw-p 00000000 00:00 0 
7f8a00b77000-7f8a00b78000 ---p 00000000 00:00 0 
7f8a00b78000-7f8a00c78000 rw-p 00000000 00:00 0 
7f8a00c78000-7f8a00c7b000 ---p 00000000 00:00 0 
7f8a00c7b000-7f8a00d79000 rw-p 00000000 00:00 0 
7f8a00d79000-7f8a00d7c000 ---p 00000000 00:00 0 
7f8a00d7c000-7f8a00e7a000 rw-p 00000000 00:00 0 
7f8a00e7a000-7f8a00e7d000 ---p 00000000 00:00 0 
7f8a00e7d000-7f8a00f7b000 rw-p 00000000 00:00 0 
7f8a00f7b000-7f8a00f7e000 ---p 00000000 00:00 0 
7f8a00f7e000-7f8a0107c000 rw-p 00000000 00:00 0 
7f8a0107c000-7f8a01428000 r--p 00000000 08:06 536728                     /usr/lib/locale/locale-archive
7f8a01428000-7f8a0142b000 ---p 00000000 00:00 0 
7f8a0142b000-7f8a01529000 rw-p 00000000 00:00 0 
7f8a01529000-7f8a0152c000 ---p 00000000 00:00 0 
7f8a0152c000-7f8a0162a000 rw-p 00000000 00:00 0 
7f8a0162a000-7f8a0162b000 ---p 00000000 00:00 0 
7f8a0162b000-7f8a01c9c000 rw-p 00000000 00:00 0 
7f8a01c9c000-7f8a01e4b000 r--s 03e7b000 08:06 524045                     /usr/lib/jvm/java-7-openjdk/jre/lib/rt.jar
7f8a01e4b000-7f8a01e73000 rw-p 00000000 00:00 0 
7f8a01e73000-7f8a01e74000 ---p 00000000 00:00 0 
7f8a01e74000-7f8a01f74000 rw-p 00000000 00:00 0 
7f8a01f74000-7f8a01f75000 ---p 00000000 00:00 0 
7f8a01f75000-7f8a02075000 rw-p 00000000 00:00 0 
7f8a02075000-7f8a02076000 ---p 00000000 00:00 0 
7f8a02076000-7f8a02176000 rw-p 00000000 00:00 0 
7f8a02176000-7f8a02177000 ---p 00000000 00:00 0 
7f8a02177000-7f8a02282000 rw-p 00000000 00:00 0 
7f8a02282000-7f8a022ca000 rw-p 00000000 00:00 0 
7f8a022ca000-7f8a0231d000 rw-p 00000000 00:00 0 
7f8a0231d000-7f8a027f0000 rw-p 00000000 00:00 0 
7f8a027f0000-7f8a027fb000 rw-p 00000000 00:00 0 
7f8a027fb000-7f8a02843000 rw-p 00000000 00:00 0 
7f8a02843000-7f8a02896000 rw-p 00000000 00:00 0 
7f8a02896000-7f8a02d68000 rw-p 00000000 00:00 0 
7f8a02d68000-7f8a02d92000 rw-p 00000000 00:00 0 
7f8a02d92000-7f8a02ffb000 rw-p 00000000 00:00 0 
7f8a02ffb000-7f8a02ffc000 rw-p 00000000 00:00 0 
7f8a02ffc000-7f8a03004000 r-xp 00000000 08:06 525197                     /usr/lib/jvm/java-7-openjdk/jre/lib/amd64/libzip.so
7f8a03004000-7f8a03203000 ---p 00008000 08:06 525197                     /usr/lib/jvm/java-7-openjdk/jre/lib/amd64/libzip.so
7f8a03203000-7f8a03204000 rw-p 00007000 08:06 525197                     /usr/lib/jvm/java-7-openjdk/jre/lib/amd64/libzip.so
7f8a03204000-7f8a03210000 r-xp 00000000 08:06 1309                       /lib/libnss_files-2.15.so
7f8a03210000-7f8a0340f000 ---p 0000c000 08:06 1309                       /lib/libnss_files-2.15.so
7f8a0340f000-7f8a03410000 r--p 0000b000 08:06 1309                       /lib/libnss_files-2.15.so
7f8a03410000-7f8a03411000 rw-p 0000c000 08:06 1309                       /lib/libnss_files-2.15.so
7f8a03411000-7f8a0343a000 r-xp 00000000 08:06 525207                     /usr/lib/jvm/java-7-openjdk/jre/lib/amd64/libjava.so
7f8a0343a000-7f8a03639000 ---p 00029000 08:06 525207                     /usr/lib/jvm/java-7-openjdk/jre/lib/amd64/libjava.so
7f8a03639000-7f8a0363b000 rw-p 00028000 08:06 525207                     /usr/lib/jvm/java-7-openjdk/jre/lib/amd64/libjava.so
7f8a0363b000-7f8a03649000 r-xp 00000000 08:06 525194                     /usr/lib/jvm/java-7-openjdk/jre/lib/amd64/libverify.so
7f8a03649000-7f8a03848000 ---p 0000e000 08:06 525194                     /usr/lib/jvm/java-7-openjdk/jre/lib/amd64/libverify.so
7f8a03848000-7f8a0384a000 rw-p 0000d000 08:06 525194                     /usr/lib/jvm/java-7-openjdk/jre/lib/amd64/libverify.so
7f8a0384a000-7f8a03851000 r-xp 00000000 08:06 1288                       /lib/librt-2.15.so
7f8a03851000-7f8a03a50000 ---p 00007000 08:06 1288                       /lib/librt-2.15.so
7f8a03a50000-7f8a03a51000 r--p 00006000 08:06 1288                       /lib/librt-2.15.so
7f8a03a51000-7f8a03a52000 rw-p 00007000 08:06 1288                       /lib/librt-2.15.so
7f8a03a52000-7f8a03a67000 r-xp 00000000 08:06 526089                     /usr/lib/libgcc_s.so.1
7f8a03a67000-7f8a03c66000 ---p 00015000 08:06 526089                     /usr/lib/libgcc_s.so.1
7f8a03c66000-7f8a03c67000 rw-p 00014000 08:06 526089                     /usr/lib/libgcc_s.so.1
7f8a03c67000-7f8a03d5a000 r-xp 00000000 08:06 1293                       /lib/libm-2.15.so
7f8a03d5a000-7f8a03f5a000 ---p 000f3000 08:06 1293                       /lib/libm-2.15.so
7f8a03f5a000-7f8a03f5b000 r--p 000f3000 08:06 1293                       /lib/libm-2.15.so
7f8a03f5b000-7f8a03f5c000 rw-p 000f4000 08:06 1293                       /lib/libm-2.15.so
7f8a03f5c000-7f8a04041000 r-xp 00000000 08:06 526567                     /usr/lib/libstdc++.so.6.0.17
7f8a04041000-7f8a04241000 ---p 000e5000 08:06 526567                     /usr/lib/libstdc++.so.6.0.17
7f8a04241000-7f8a04249000 r--p 000e5000 08:06 526567                     /usr/lib/libstdc++.so.6.0.17
7f8a04249000-7f8a0424b000 rw-p 000ed000 08:06 526567                     /usr/lib/libstdc++.so.6.0.17
7f8a0424b000-7f8a04260000 rw-p 00000000 00:00 0 
7f8a04260000-7f8a04bf3000 r-xp 00000000 08:06 525849                     /usr/lib/jvm/java-7-openjdk/jre/lib/amd64/server/libjvm.so
7f8a04bf3000-7f8a04df3000 ---p 00993000 08:06 525849                     /usr/lib/jvm/java-7-openjdk/jre/lib/amd64/server/libjvm.so
7f8a04df3000-7f8a04e8f000 rw-p 00993000 08:06 525849                     /usr/lib/jvm/java-7-openjdk/jre/lib/amd64/server/libjvm.so
7f8a04e8f000-7f8a04eb9000 rw-p 00000000 00:00 0 
7f8a04eb9000-7f8a05050000 r-xp 00000000 08:06 1304                       /lib/libc-2.15.so
7f8a05050000-7f8a05250000 ---p 00197000 08:06 1304                       /lib/libc-2.15.so
7f8a05250000-7f8a05254000 r--p 00197000 08:06 1304                       /lib/libc-2.15.so
7f8a05254000-7f8a05256000 rw-p 0019b000 08:06 1304                       /lib/libc-2.15.so
7f8a05256000-7f8a0525a000 rw-p 00000000 00:00 0 
7f8a0525a000-7f8a0525d000 r-xp 00000000 08:06 1292                       /lib/libdl-2.15.so
7f8a0525d000-7f8a0545c000 ---p 00003000 08:06 1292                       /lib/libdl-2.15.so
7f8a0545c000-7f8a0545d000 r--p 00002000 08:06 1292                       /lib/libdl-2.15.so
7f8a0545d000-7f8a0545e000 rw-p 00003000 08:06 1292                       /lib/libdl-2.15.so
7f8a0545e000-7f8a05473000 r-xp 00000000 08:06 528979                     /usr/lib/libz.so.1.2.7
7f8a05473000-7f8a05672000 ---p 00015000 08:06 528979                     /usr/lib/libz.so.1.2.7
7f8a05672000-7f8a05673000 r--p 00014000 08:06 528979                     /usr/lib/libz.so.1.2.7
7f8a05673000-7f8a05674000 rw-p 00015000 08:06 528979                     /usr/lib/libz.so.1.2.7
7f8a05674000-7f8a05680000 r-xp 00000000 08:06 526062                     /usr/lib/jvm/java-7-openjdk/jre/lib/amd64/jli/libjli.so
7f8a05680000-7f8a05880000 ---p 0000c000 08:06 526062                     /usr/lib/jvm/java-7-openjdk/jre/lib/amd64/jli/libjli.so
7f8a05880000-7f8a05881000 rw-p 0000c000 08:06 526062                     /usr/lib/jvm/java-7-openjdk/jre/lib/amd64/jli/libjli.so
7f8a05881000-7f8a05898000 r-xp 00000000 08:06 929                        /lib/libpthread-2.15.so
7f8a05898000-7f8a05a97000 ---p 00017000 08:06 929                        /lib/libpthread-2.15.so
7f8a05a97000-7f8a05a98000 r--p 00016000 08:06 929                        /lib/libpthread-2.15.so
7f8a05a98000-7f8a05a99000 rw-p 00017000 08:06 929                        /lib/libpthread-2.15.so
7f8a05a99000-7f8a05a9d000 rw-p 00000000 00:00 0 
7f8a05a9d000-7f8a05abe000 r-xp 00000000 08:06 1312                       /lib/ld-2.15.so
7f8a05abe000-7f8a05ac7000 r--s 00263000 08:06 523786                     /usr/lib/jvm/java-7-openjdk/jre/lib/resources.jar
7f8a05ac7000-7f8a05ad1000 rw-p 00000000 00:00 0 
7f8a05ad1000-7f8a05b87000 rw-p 00000000 00:00 0 
7f8a05b87000-7f8a05b8a000 ---p 00000000 00:00 0 
7f8a05b8a000-7f8a05c8d000 rw-p 00000000 00:00 0 
7f8a05c8d000-7f8a05c8e000 rw-s 00005000 00:05 9111                       /dev/ati/card1
7f8a05c8e000-7f8a05cae000 rw-s feae0000 00:05 9111                       /dev/ati/card1
7f8a05cae000-7f8a05cb0000 rw-s 00002000 00:05 9111                       /dev/ati/card1
7f8a05cb0000-7f8a05cb3000 r--s 0000f000 08:06 526356                     /usr/lib/jvm/java-7-openjdk/jre/lib/ext/pulse-java.jar
7f8a05cb3000-7f8a05cbb000 rw-s 00000000 08:06 265761                     /tmp/hsperfdata_tobi/9934 (deleted)
7f8a05cbb000-7f8a05cbc000 rw-p 00000000 00:00 0 
7f8a05cbc000-7f8a05cbd000 ---p 00000000 00:00 0 
7f8a05cbd000-7f8a05cbe000 rw-p 00000000 00:00 0 
7f8a05cbe000-7f8a05cbf000 r--p 00021000 08:06 1312                       /lib/ld-2.15.so
7f8a05cbf000-7f8a05cc0000 rw-p 00022000 08:06 1312                       /lib/ld-2.15.so
7f8a05cc0000-7f8a05cc1000 rw-p 00000000 00:00 0 
7fff61d6d000-7fff61d8e000 rw-p 00000000 00:00 0                          [stack]
7fff61dff000-7fff61e00000 r-xp 00000000 00:00 0                          [vdso]
ffffffffff600000-ffffffffff601000 r-xp 00000000 00:00 0                  [vsyscall]

VM Arguments:
jvm_args: -Dsun.java2d.opengl=True -Dfile.encoding=UTF-8 
java_command: bombi.BombiGui
Launcher Type: SUN_STANDARD

Environment Variables:
JAVA_HOME=/usr/lib/jvm/java-7-openjdk
PATH=/usr/local/bin:/usr/bin:/bin:/usr/local/sbin:/usr/sbin:/sbin:/opt/android-sdk/platform-tools:/opt/android-sdk/tools:/usr/bin/vendor_perl:/usr/bin/core_perl:/opt/qt/bin
SHELL=/bin/bash
DISPLAY=:0.0

Signal Handlers:
SIGSEGV: [libjvm.so+0x807d30], sa_mask[0]=0x7ffbfeff, sa_flags=0x10000004
SIGBUS: [libjvm.so+0x807d30], sa_mask[0]=0x7ffbfeff, sa_flags=0x10000004
SIGFPE: [libjvm.so+0x6ac970], sa_mask[0]=0x7ffbfeff, sa_flags=0x10000004
SIGPIPE: [libjvm.so+0x6ac970], sa_mask[0]=0x7ffbfeff, sa_flags=0x10000004
SIGXFSZ: [libjvm.so+0x6ac970], sa_mask[0]=0x7ffbfeff, sa_flags=0x10000004
SIGILL: [libjvm.so+0x6ac970], sa_mask[0]=0x7ffbfeff, sa_flags=0x10000004
SIGUSR1: SIG_DFL, sa_mask[0]=0x00000000, sa_flags=0x00000000
SIGUSR2: [libjvm.so+0x6acd40], sa_mask[0]=0x00000004, sa_flags=0x10000004
SIGHUP: [libjvm.so+0x6ace80], sa_mask[0]=0x7ffbfeff, sa_flags=0x10000004
SIGINT: [libjvm.so+0x6ace80], sa_mask[0]=0x7ffbfeff, sa_flags=0x10000004
SIGTERM: [libjvm.so+0x6ace80], sa_mask[0]=0x7ffbfeff, sa_flags=0x10000004
SIGQUIT: [libjvm.so+0x6ace80], sa_mask[0]=0x7ffbfeff, sa_flags=0x10000004


---------------  S Y S T E M  ---------------

OS:Linux
uname:Linux 3.3.6-1-ARCH #1 SMP PREEMPT Sun May 13 10:52:32 CEST 2012 x86_64
libc:glibc 2.15 NPTL 2.15 
rlimit: STACK 8192k, CORE 0k, NPROC 125839, NOFILE 4096, AS infinity
load average:1.67 1.72 1.93

/proc/meminfo:
MemTotal:       16180360 kB
MemFree:         9033540 kB
Buffers:         1036900 kB
Cached:          3225236 kB
SwapCached:            0 kB
Active:          3452816 kB
Inactive:        2729812 kB
Active(anon):    1921496 kB
Inactive(anon):    47184 kB
Active(file):    1531320 kB
Inactive(file):  2682628 kB
Unevictable:           0 kB
Mlocked:               0 kB
SwapTotal:             0 kB
SwapFree:              0 kB
Dirty:               172 kB
Writeback:             0 kB
AnonPages:       1918032 kB
Mapped:           327212 kB
Shmem:             48200 kB
Slab:             516912 kB
SReclaimable:     440324 kB
SUnreclaim:        76588 kB
KernelStack:        4688 kB
PageTables:        43296 kB
NFS_Unstable:          0 kB
Bounce:                0 kB
WritebackTmp:          0 kB
CommitLimit:     8090180 kB
Committed_AS:    4511648 kB
VmallocTotal:   34359738367 kB
VmallocUsed:      362644 kB
VmallocChunk:   34359374303 kB
HardwareCorrupted:     0 kB
AnonHugePages:    942080 kB
HugePages_Total:       0
HugePages_Free:        0
HugePages_Rsvd:        0
HugePages_Surp:        0
Hugepagesize:       2048 kB
DirectMap4k:      639488 kB
DirectMap2M:     8534016 kB
DirectMap1G:     7340032 kB


CPU:total 4 (4 cores per cpu, 1 threads per core) family 16 model 5 stepping 2, cmov, cx8, fxsr, mmx, sse, sse2, sse3, popcnt, mmxext, 3dnowpref, lzcnt, sse4a

/proc/cpuinfo:
processor	: 0
vendor_id	: AuthenticAMD
cpu family	: 16
model		: 5
model name	: AMD Athlon(tm) II X4 620 Processor
stepping	: 2
microcode	: 0x10000c6
cpu MHz		: 2600.000
cache size	: 512 KB
physical id	: 0
siblings	: 4
core id		: 0
cpu cores	: 4
apicid		: 0
initial apicid	: 0
fpu		: yes
fpu_exception	: yes
cpuid level	: 5
wp		: yes
flags		: fpu vme de pse tsc msr pae mce cx8 apic sep mtrr pge mca cmov pat pse36 clflush mmx fxsr sse sse2 ht syscall nx mmxext fxsr_opt pdpe1gb rdtscp lm 3dnowext 3dnow constant_tsc rep_good nopl nonstop_tsc extd_apicid pni monitor cx16 popcnt lahf_lm cmp_legacy svm extapic cr8_legacy abm sse4a misalignsse 3dnowprefetch osvw ibs skinit wdt nodeid_msr npt lbrv svm_lock nrip_save
bogomips	: 5225.40
TLB size	: 1024 4K pages
clflush size	: 64
cache_alignment	: 64
address sizes	: 48 bits physical, 48 bits virtual
power management: ts ttp tm stc 100mhzsteps hwpstate

processor	: 1
vendor_id	: AuthenticAMD
cpu family	: 16
model		: 5
model name	: AMD Athlon(tm) II X4 620 Processor
stepping	: 2
microcode	: 0x10000c6
cpu MHz		: 800.000
cache size	: 512 KB
physical id	: 0
siblings	: 4
core id		: 1
cpu cores	: 4
apicid		: 1
initial apicid	: 1
fpu		: yes
fpu_exception	: yes
cpuid level	: 5
wp		: yes
flags		: fpu vme de pse tsc msr pae mce cx8 apic sep mtrr pge mca cmov pat pse36 clflush mmx fxsr sse sse2 ht syscall nx mmxext fxsr_opt pdpe1gb rdtscp lm 3dnowext 3dnow constant_tsc rep_good nopl nonstop_tsc extd_apicid pni monitor cx16 popcnt lahf_lm cmp_legacy svm extapic cr8_legacy abm sse4a misalignsse 3dnowprefetch osvw ibs skinit wdt nodeid_msr npt lbrv svm_lock nrip_save
bogomips	: 5225.40
TLB size	: 1024 4K pages
clflush size	: 64
cache_alignment	: 64
address sizes	: 48 bits physical, 48 bits virtual
power management: ts ttp tm stc 100mhzsteps hwpstate

processor	: 2
vendor_id	: AuthenticAMD
cpu family	: 16
model		: 5
model name	: AMD Athlon(tm) II X4 620 Processor
stepping	: 2
microcode	: 0x10000c6
cpu MHz		: 800.000
cache size	: 512 KB
physical id	: 0
siblings	: 4
core id		: 2
cpu cores	: 4
apicid		: 2
initial apicid	: 2
fpu		: yes
fpu_exception	: yes
cpuid level	: 5
wp		: yes
flags		: fpu vme de pse tsc msr pae mce cx8 apic sep mtrr pge mca cmov pat pse36 clflush mmx fxsr sse sse2 ht syscall nx mmxext fxsr_opt pdpe1gb rdtscp lm 3dnowext 3dnow constant_tsc rep_good nopl nonstop_tsc extd_apicid pni monitor cx16 popcnt lahf_lm cmp_legacy svm extapic cr8_legacy abm sse4a misalignsse 3dnowprefetch osvw ibs skinit wdt nodeid_msr npt lbrv svm_lock nrip_save
bogomips	: 5225.40
TLB size	: 1024 4K pages
clflush size	: 64
cache_alignment	: 64
address sizes	: 48 bits physical, 48 bits virtual
power management: ts ttp tm stc 100mhzsteps hwpstate

processor	: 3
vendor_id	: AuthenticAMD
cpu family	: 16
model		: 5
model name	: AMD Athlon(tm) II X4 620 Processor
stepping	: 2
microcode	: 0x10000c6
cpu MHz		: 800.000
cache size	: 512 KB
physical id	: 0
siblings	: 4
core id		: 3
cpu cores	: 4
apicid		: 3
initial apicid	: 3
fpu		: yes
fpu_exception	: yes
cpuid level	: 5
wp		: yes
flags		: fpu vme de pse tsc msr pae mce cx8 apic sep mtrr pge mca cmov pat pse36 clflush mmx fxsr sse sse2 ht syscall nx mmxext fxsr_opt pdpe1gb rdtscp lm 3dnowext 3dnow constant_tsc rep_good nopl nonstop_tsc extd_apicid pni monitor cx16 popcnt lahf_lm cmp_legacy svm extapic cr8_legacy abm sse4a misalignsse 3dnowprefetch osvw ibs skinit wdt nodeid_msr npt lbrv svm_lock nrip_save
bogomips	: 5225.40
TLB size	: 1024 4K pages
clflush size	: 64
cache_alignment	: 64
address sizes	: 48 bits physical, 48 bits virtual
power management: ts ttp tm stc 100mhzsteps hwpstate



Memory: 4k page, physical 16180360k(9033540k free), swap 0k(0k free)

vm_info: OpenJDK 64-Bit Server VM (22.0-b10) for linux-amd64 JRE (1.7.0_03-b147), built on Mar  6 2012 20:02:29 by "nobody" with gcc 4.6.3

time: Wed May 16 23:17:00 2012
elapsed time: 6 seconds

