#
# A fatal error has been detected by the Java Runtime Environment:
#
#  SIGSEGV (0xb) at pc=0x00007f5dfcaeb2a8, pid=6297, tid=140041789925120
#
# JRE version: 7.0_03-b147
# Java VM: OpenJDK 64-Bit Server VM (22.0-b10 mixed mode linux-amd64 compressed oops)
# Derivative: IcedTea7 2.1
# Distribution: Custom build (Tue Mar  6 19:52:34 UTC 2012)
# Problematic frame:
# C  [libX11.so.6+0x382a8]  XQueryExtension+0x28
#
# Failed to write core dump. Core dumps have been disabled. To enable core dumping, try "ulimit -c unlimited" before starting Java again
#
# If you would like to submit a bug report, please include
# instructions on how to reproduce the bug and visit:
#   http://icedtea.classpath.org/bugzilla
#

---------------  T H R E A D  ---------------

Current thread (0x00007f5e0009d000):  VMThread [stack: 0x00007f5e05146000,0x00007f5e05247000] [id=6307]

siginfo:si_signo=SIGSEGV: si_errno=0, si_code=1 (SEGV_MAPERR), si_addr=0x00000000001c8d98

Registers:
RAX=0x00007f5de4000bd0, RBX=0x00000000001c8430, RCX=0x00007f5e05245638, RDX=0x00007f5e05245634
RSP=0x00007f5e052455d0, RBP=0x00007f5dece26932, RSI=0x00007f5dece26932, RDI=0x00000000001c8430
R8 =0x00007f5e0524563c, R9 =0x0000000000000003, R10=0x0000000000020411, R11=0x00007f5e08a0cad0
R12=0x0000000000000000, R13=0x00007f5dece26932, R14=0x00007f5de4000bd0, R15=0x0000000000000000
RIP=0x00007f5dfcaeb2a8, EFLAGS=0x0000000000010202, CSGSFS=0x0000000000000033, ERR=0x0000000000000004
  TRAPNO=0x000000000000000e

Top of Stack: (sp=0x00007f5e052455d0)
0x00007f5e052455d0:   0000000000000000 0000000000000000
0x00007f5e052455e0:   0000000000000000 0000003000000003
0x00007f5e052455f0:   0000006e0000005b 00000000001c8430
0x00007f5e05245600:   00007f5dece26932 0000000000000000
0x00007f5e05245610:   00007f5dece26932 00007f5de4000bd0
0x00007f5e05245620:   0000000000000000 00007f5dfcadf285
0x00007f5e05245630:   0000000000000000 00007f5e08a51b20
0x00007f5e05245640:   00007f5decf5f520 00000000001c8430
0x00007f5e05245650:   00007f5e001d0c90 00007f5dfcdfbb1b
0x00007f5e05245660:   00007f5e00000005 0000001100000000
0x00007f5e05245670:   00007f5e00000005 0000000000000000
0x00007f5e05245680:   00007f5e052456f0 00000000001c8430
0x00007f5e05245690:   00007f5e05245878 00007f5e05245990
0x00007f5e052456a0:   00007f5decf78d50 00007f5decdcd119
0x00007f5e052456b0:   0000000000000000 00007f5e001d0d40
0x00007f5e052456c0:   00007f5e052456f0 00007f5ded1db008
0x00007f5e052456d0:   00007f5e05245878 00007f5e05245990
0x00007f5e052456e0:   00000000ffffffff 00007f5decdc3b42
0x00007f5e052456f0:   00007f5e05245a00 00007f5dece268b1
0x00007f5e05245700:   00007f5e05245a00 00007f5e095c7f5f
0x00007f5e05245710:   00007f5e097dc170 00007f5e097dc700
0x00007f5e05245720:   00007f5e097a8000 00007f5e00005900
0x00007f5e05245730:   00007f5e0000a110 00007f5e0017b2a0
0x00007f5e05245740:   00007f5e0017c720 00007f5e0017d0b0
0x00007f5e05245750:   00007f5e0017d5c0 00007f5e0017cbc0
0x00007f5e05245760:   00007f5e0017dad0 00007f5e0017e9e0
0x00007f5e05245770:   00007f5e0017e4d0 00007f5e0017eef0
0x00007f5e05245780:   00007f5e0017f3f0 00007f5e0017f8e0
0x00007f5e05245790:   00007f5e00180300 00007f5e00181c40
0x00007f5e052457a0:   00007f5e00182da0 00007f5e001832a0
0x00007f5e052457b0:   00007f5e00183790 00007f5e0017c280
0x00007f5e052457c0:   00007f5e00183c90 00007f5e001841a0 

Instructions: (pc=0x00007f5dfcaeb2a8)
0x00007f5dfcaeb288:   24 d8 48 89 fb 4c 89 64 24 e0 4c 89 6c 24 e8 48
0x00007f5dfcaeb298:   89 f5 4c 89 74 24 f0 4c 89 7c 24 f8 48 83 ec 58
0x00007f5dfcaeb2a8:   48 8b 87 68 09 00 00 49 89 d4 49 89 cd 4d 89 c6
0x00007f5dfcaeb2b8:   48 85 c0 74 02 ff 10 ba 08 00 00 00 be 62 00 00 

Register to memory mapping:

RAX=0x00007f5de4000bd0 is an unknown value
RBX=0x00000000001c8430 is an unknown value
RCX=0x00007f5e05245638 is an unknown value
RDX=0x00007f5e05245634 is an unknown value
RSP=0x00007f5e052455d0 is an unknown value
RBP=0x00007f5dece26932: <offset 0x96932> in /usr/lib/libGL.so.1 at 0x00007f5decd90000
RSI=0x00007f5dece26932: <offset 0x96932> in /usr/lib/libGL.so.1 at 0x00007f5decd90000
RDI=0x00000000001c8430 is an unknown value
R8 =0x00007f5e0524563c is an unknown value
R9 =0x0000000000000003 is an unknown value
R10=0x0000000000020411 is an unknown value
R11=0x00007f5e08a0cad0: __cxa_finalize+0 in /lib/libc.so.6 at 0x00007f5e089d5000
R12=0x0000000000000000 is an unknown value
R13=0x00007f5dece26932: <offset 0x96932> in /usr/lib/libGL.so.1 at 0x00007f5decd90000
R14=0x00007f5de4000bd0 is an unknown value
R15=0x0000000000000000 is an unknown value


Stack: [0x00007f5e05146000,0x00007f5e05247000],  sp=0x00007f5e052455d0,  free space=1021k
Native frames: (J=compiled Java code, j=interpreted, Vv=VM code, C=native code)
C  [libX11.so.6+0x382a8]  XQueryExtension+0x28

VM_Operation (0x00007f5dc5d2f0e0): Exit, mode: safepoint, requested by thread 0x00007f5e004ca800


---------------  P R O C E S S  ---------------

Java Threads: ( => current thread )
  0x00007f5e00006000 JavaThread "DestroyJavaVM" [_thread_blocked, id=6302, stack(0x00007f5e096a3000,0x00007f5e097a4000)]
  0x00007f5e004cf800 JavaThread "Thread-0" [_thread_blocked, id=6321, stack(0x00007f5dc5b30000,0x00007f5dc5c31000)]
  0x00007f5e004ca800 JavaThread "AWT-EventQueue-0" [_thread_blocked, id=6319, stack(0x00007f5dc5c31000,0x00007f5dc5d32000)]
  0x00007f5e004c9000 JavaThread "AWT-Shutdown" [_thread_blocked, id=6318, stack(0x00007f5dec026000,0x00007f5dec127000)]
  0x00007f5e00430000 JavaThread "AWT-XAWT" daemon [_thread_blocked, id=6317, stack(0x00007f5dec245000,0x00007f5dec346000)]
  0x00007f5e003e6000 JavaThread "Java2D Disposer" daemon [_thread_blocked, id=6316, stack(0x00007f5dec346000,0x00007f5dec447000)]
  0x00007f5e003e3800 JavaThread "Java2D Queue Flusher" daemon [_thread_blocked, id=6315, stack(0x00007f5dec48f000,0x00007f5dec590000)]
  0x00007f5e00106000 JavaThread "Service Thread" daemon [_thread_blocked, id=6313, stack(0x00007f5e04794000,0x00007f5e04895000)]
  0x00007f5e00103800 JavaThread "C2 CompilerThread1" daemon [_thread_blocked, id=6312, stack(0x00007f5e04895000,0x00007f5e04996000)]
  0x00007f5e00101000 JavaThread "C2 CompilerThread0" daemon [_thread_blocked, id=6311, stack(0x00007f5e04996000,0x00007f5e04a97000)]
  0x00007f5e000fe800 JavaThread "Signal Dispatcher" daemon [_thread_blocked, id=6310, stack(0x00007f5e04a97000,0x00007f5e04b98000)]
  0x00007f5e000a8000 JavaThread "Finalizer" daemon [_thread_blocked, id=6309, stack(0x00007f5e04f44000,0x00007f5e05045000)]
  0x00007f5e000a5800 JavaThread "Reference Handler" daemon [_thread_blocked, id=6308, stack(0x00007f5e05045000,0x00007f5e05146000)]

Other Threads:
=>0x00007f5e0009d000 VMThread [stack: 0x00007f5e05146000,0x00007f5e05247000] [id=6307]

VM state:at safepoint (shutting down)

VM Mutex/Monitor currently owned by a thread:  ([mutex/lock_event])
[0x00007f5e00003f50] Threads_lock - owner thread: 0x00007f5e0009d000

Heap
 PSYoungGen      total 49216K, used 15541K [0x00000007adab0000, 0x00000007b1e20000, 0x0000000800000000)
  eden space 49088K, 31% used [0x00000007adab0000,0x00000007ae9c5658,0x00000007b0aa0000)
  from space 128K, 75% used [0x00000007b0bb0000,0x00000007b0bc8000,0x00000007b0bd0000)
  to   space 9984K, 0% used [0x00000007b1460000,0x00000007b1460000,0x00000007b1e20000)
 PSOldGen        total 168576K, used 7489K [0x0000000709000000, 0x00000007134a0000, 0x00000007adab0000)
  object space 168576K, 4% used [0x0000000709000000,0x00000007097506c8,0x00000007134a0000)
 PSPermGen       total 21248K, used 11011K [0x00000006fea00000, 0x00000006ffec0000, 0x0000000709000000)
  object space 21248K, 51% used [0x00000006fea00000,0x00000006ff4c0de0,0x00000006ffec0000)

Code Cache  [0x00007f5dfd000000, 0x00007f5dfd270000, 0x00007f5e00000000)
 total_blobs=593 nmethods=156 adapters=390 free_code_cache=48338Kb largest_free_block=49469952

Dynamic libraries:
00400000-00401000 r-xp 00000000 08:06 533859                             /usr/lib/jvm/java-7-openjdk/jre/bin/java
00600000-00601000 rw-p 00000000 08:06 533859                             /usr/lib/jvm/java-7-openjdk/jre/bin/java
01b79000-01b9a000 rw-p 00000000 00:00 0                                  [heap]
6fea00000-6ffec0000 rw-p 00000000 00:00 0 
6ffec0000-709000000 rw-p 00000000 00:00 0 
709000000-7134a0000 rw-p 00000000 00:00 0 
7134a0000-7adab0000 rw-p 00000000 00:00 0 
7adab0000-7b1e20000 rw-p 00000000 00:00 0 
7b1e20000-7b2d00000 ---p 00000000 00:00 0 
7b2d00000-800000000 rw-p 00000000 00:00 0 
7f5d9c000000-7f5d9c021000 rw-p 00000000 00:00 0 
7f5d9c021000-7f5da0000000 ---p 00000000 00:00 0 
7f5da4000000-7f5da40fa000 rw-p 00000000 00:00 0 
7f5da40fa000-7f5da8000000 ---p 00000000 00:00 0 
7f5da8000000-7f5da8021000 rw-p 00000000 00:00 0 
7f5da8021000-7f5dac000000 ---p 00000000 00:00 0 
7f5dac000000-7f5dac021000 rw-p 00000000 00:00 0 
7f5dac021000-7f5db0000000 ---p 00000000 00:00 0 
7f5db0000000-7f5db01a9000 rw-p 00000000 00:00 0 
7f5db01a9000-7f5db4000000 ---p 00000000 00:00 0 
7f5db4000000-7f5db4021000 rw-p 00000000 00:00 0 
7f5db4021000-7f5db8000000 ---p 00000000 00:00 0 
7f5db8000000-7f5db8047000 rw-p 00000000 00:00 0 
7f5db8047000-7f5dbc000000 ---p 00000000 00:00 0 
7f5dbc000000-7f5dbc919000 rw-p 00000000 00:00 0 
7f5dbc919000-7f5dc0000000 ---p 00000000 00:00 0 
7f5dc0000000-7f5dc0021000 rw-p 00000000 00:00 0 
7f5dc0021000-7f5dc4000000 ---p 00000000 00:00 0 
7f5dc4dc9000-7f5dc4dcc000 ---p 00000000 00:00 0 
7f5dc4dcc000-7f5dc4eca000 rw-p 00000000 00:00 0 
7f5dc4eca000-7f5dc4ecd000 ---p 00000000 00:00 0 
7f5dc4ecd000-7f5dc4fcb000 rw-p 00000000 00:00 0 
7f5dc4fcb000-7f5dc51cb000 rw-s d5c46000 00:05 10083                      /dev/ati/card1
7f5dc51cb000-7f5dc53cc000 rw-s d3fe8000 00:05 10083                      /dev/ati/card1
7f5dc53cc000-7f5dc53dc000 r-xp 00000000 08:06 525189                     /usr/lib/jvm/java-7-openjdk/jre/lib/amd64/libnio.so
7f5dc53dc000-7f5dc55dc000 ---p 00010000 08:06 525189                     /usr/lib/jvm/java-7-openjdk/jre/lib/amd64/libnio.so
7f5dc55dc000-7f5dc55dd000 rw-p 00010000 08:06 525189                     /usr/lib/jvm/java-7-openjdk/jre/lib/amd64/libnio.so
7f5dc55dd000-7f5dc55f2000 r-xp 00000000 08:06 525188                     /usr/lib/jvm/java-7-openjdk/jre/lib/amd64/libnet.so
7f5dc55f2000-7f5dc57f2000 ---p 00015000 08:06 525188                     /usr/lib/jvm/java-7-openjdk/jre/lib/amd64/libnet.so
7f5dc57f2000-7f5dc57f3000 rw-p 00015000 08:06 525188                     /usr/lib/jvm/java-7-openjdk/jre/lib/amd64/libnet.so
7f5dc57f3000-7f5dc582d000 r-xp 00000000 08:06 525196                     /usr/lib/jvm/java-7-openjdk/jre/lib/amd64/libfontmanager.so
7f5dc582d000-7f5dc5a2d000 ---p 0003a000 08:06 525196                     /usr/lib/jvm/java-7-openjdk/jre/lib/amd64/libfontmanager.so
7f5dc5a2d000-7f5dc5a30000 rw-p 0003a000 08:06 525196                     /usr/lib/jvm/java-7-openjdk/jre/lib/amd64/libfontmanager.so
7f5dc5a30000-7f5dc5b30000 rw-s 0b350000 00:05 10083                      /dev/ati/card1
7f5dc5b30000-7f5dc5b33000 ---p 00000000 00:00 0 
7f5dc5b33000-7f5dc5c31000 rw-p 00000000 00:00 0 
7f5dc5c31000-7f5dc5c34000 ---p 00000000 00:00 0 
7f5dc5c34000-7f5dc5d32000 rw-p 00000000 00:00 0 
7f5dc5d32000-7f5dc7c8c000 r-xp 00000000 08:06 527438                     /usr/lib/xorg/modules/dri/fglrx_dri.so
7f5dc7c8c000-7f5dc7d8c000 ---p 01f5a000 08:06 527438                     /usr/lib/xorg/modules/dri/fglrx_dri.so
7f5dc7d8c000-7f5dc7eda000 rwxp 01f5a000 08:06 527438                     /usr/lib/xorg/modules/dri/fglrx_dri.so
7f5dc7eda000-7f5dc8000000 rwxp 00000000 00:00 0 
7f5dc8000000-7f5dc8372000 rw-p 00000000 00:00 0 
7f5dc8372000-7f5dcc000000 ---p 00000000 00:00 0 
7f5dcc000000-7f5dcc021000 rw-p 00000000 00:00 0 
7f5dcc021000-7f5dd0000000 ---p 00000000 00:00 0 
7f5dd0000000-7f5dd0021000 rw-p 00000000 00:00 0 
7f5dd0021000-7f5dd4000000 ---p 00000000 00:00 0 
7f5dd4000000-7f5dd44f6000 rw-p 00000000 00:00 0 
7f5dd44f6000-7f5dd8000000 ---p 00000000 00:00 0 
7f5dd8000000-7f5dd8021000 rw-p 00000000 00:00 0 
7f5dd8021000-7f5ddc000000 ---p 00000000 00:00 0 
7f5ddc000000-7f5ddc021000 rw-p 00000000 00:00 0 
7f5ddc021000-7f5de0000000 ---p 00000000 00:00 0 
7f5de0000000-7f5de0021000 rw-p 00000000 00:00 0 
7f5de0021000-7f5de4000000 ---p 00000000 00:00 0 
7f5de4000000-7f5de4021000 rw-p 00000000 00:00 0 
7f5de4021000-7f5de8000000 ---p 00000000 00:00 0 
7f5de8000000-7f5de8021000 rw-p 00000000 00:00 0 
7f5de8021000-7f5dec000000 ---p 00000000 00:00 0 
7f5dec026000-7f5dec029000 ---p 00000000 00:00 0 
7f5dec029000-7f5dec127000 rw-p 00000000 00:00 0 
7f5dec127000-7f5dec13d000 r--s 00000000 08:07 22836                      /var/cache/fontconfig/8d4af663993b81a124ee82e610bb31f9-le64.cache-3
7f5dec13d000-7f5dec146000 r--s 00000000 08:07 26938                      /var/cache/fontconfig/d62e99ef547d1d24cdb1bd22ec1a2976-le64.cache-3
7f5dec146000-7f5dec18b000 r--s 00000000 08:07 26937                      /var/cache/fontconfig/f6b893a7224233d96cb72fd88691c0b4-le64.cache-3
7f5dec18b000-7f5dec1e8000 r--s 00000000 08:07 26936                      /var/cache/fontconfig/17090aa38d5c6f09fb8c5c354938f1d7-le64.cache-3
7f5dec1e8000-7f5dec245000 r--s 00000000 08:07 26934                      /var/cache/fontconfig/df311e82a1a24c41a75c2c930223552e-le64.cache-3
7f5dec245000-7f5dec248000 ---p 00000000 00:00 0 
7f5dec248000-7f5dec346000 rw-p 00000000 00:00 0 
7f5dec346000-7f5dec349000 ---p 00000000 00:00 0 
7f5dec349000-7f5dec48f000 rw-p 00000000 00:00 0 
7f5dec48f000-7f5dec492000 ---p 00000000 00:00 0 
7f5dec492000-7f5dec590000 rw-p 00000000 00:00 0 
7f5dec590000-7f5decc90000 rw-s 00006000 00:05 10083                      /dev/ati/card1
7f5decc90000-7f5decd90000 rw-p 00000000 00:00 0 
7f5decd90000-7f5dece53000 r-xp 00000000 08:06 531369                     /usr/lib/fglrx/fglrx-libGL.so.1.2
7f5dece53000-7f5decf52000 ---p 000c3000 08:06 531369                     /usr/lib/fglrx/fglrx-libGL.so.1.2
7f5decf52000-7f5decf79000 rwxp 000c2000 08:06 531369                     /usr/lib/fglrx/fglrx-libGL.so.1.2
7f5decf79000-7f5decf99000 rwxp 00000000 00:00 0 
7f5decf99000-7f5decfdb000 r-xp 00000000 08:06 527897                     /usr/lib/libdbus-1.so.3.5.9
7f5decfdb000-7f5ded1db000 ---p 00042000 08:06 527897                     /usr/lib/libdbus-1.so.3.5.9
7f5ded1db000-7f5ded1dd000 rw-p 00042000 08:06 527897                     /usr/lib/libdbus-1.so.3.5.9
7f5ded1dd000-7f5ded1ee000 r-xp 00000000 08:06 533797                     /usr/lib/libp11-kit.so.0.0.0
7f5ded1ee000-7f5ded3ed000 ---p 00011000 08:06 533797                     /usr/lib/libp11-kit.so.0.0.0
7f5ded3ed000-7f5ded3ee000 r--p 00010000 08:06 533797                     /usr/lib/libp11-kit.so.0.0.0
7f5ded3ee000-7f5ded3ef000 rw-p 00011000 08:06 533797                     /usr/lib/libp11-kit.so.0.0.0
7f5ded3ef000-7f5ded454000 r-xp 00000000 08:06 527102                     /usr/lib/libgmp.so.10.0.5
7f5ded454000-7f5ded654000 ---p 00065000 08:06 527102                     /usr/lib/libgmp.so.10.0.5
7f5ded654000-7f5ded655000 r--p 00065000 08:06 527102                     /usr/lib/libgmp.so.10.0.5
7f5ded655000-7f5ded65e000 rw-p 00066000 08:06 527102                     /usr/lib/libgmp.so.10.0.5
7f5ded65e000-7f5ded670000 r-xp 00000000 08:06 533726                     /usr/lib/libhogweed.so.2.1
7f5ded670000-7f5ded86f000 ---p 00012000 08:06 533726                     /usr/lib/libhogweed.so.2.1
7f5ded86f000-7f5ded870000 r--p 00011000 08:06 533726                     /usr/lib/libhogweed.so.2.1
7f5ded870000-7f5ded871000 rw-p 00012000 08:06 533726                     /usr/lib/libhogweed.so.2.1
7f5ded871000-7f5ded896000 r-xp 00000000 08:06 531660                     /usr/lib/libnettle.so.4.3
7f5ded896000-7f5deda96000 ---p 00025000 08:06 531660                     /usr/lib/libnettle.so.4.3
7f5deda96000-7f5deda97000 r--p 00025000 08:06 531660                     /usr/lib/libnettle.so.4.3
7f5deda97000-7f5deda98000 rw-p 00026000 08:06 531660                     /usr/lib/libnettle.so.4.3
7f5deda98000-7f5dedaa8000 r-xp 00000000 08:06 523686                     /usr/lib/libtasn1.so.3.1.15
7f5dedaa8000-7f5dedca7000 ---p 00010000 08:06 523686                     /usr/lib/libtasn1.so.3.1.15
7f5dedca7000-7f5dedca8000 r--p 0000f000 08:06 523686                     /usr/lib/libtasn1.so.3.1.15
7f5dedca8000-7f5dedca9000 rw-p 00010000 08:06 523686                     /usr/lib/libtasn1.so.3.1.15
7f5dedca9000-7f5dedcac000 r-xp 00000000 08:06 536931                     /usr/lib/libkeyutils.so.1.4
7f5dedcac000-7f5dedeab000 ---p 00003000 08:06 536931                     /usr/lib/libkeyutils.so.1.4
7f5dedeab000-7f5dedeac000 r--p 00002000 08:06 536931                     /usr/lib/libkeyutils.so.1.4
7f5dedeac000-7f5dedead000 rw-p 00003000 08:06 536931                     /usr/lib/libkeyutils.so.1.4
7f5dedead000-7f5dedeb6000 r-xp 00000000 08:06 529619                     /usr/lib/libkrb5support.so.0.1
7f5dedeb6000-7f5dee0b5000 ---p 00009000 08:06 529619                     /usr/lib/libkrb5support.so.0.1
7f5dee0b5000-7f5dee0b6000 r--p 00008000 08:06 529619                     /usr/lib/libkrb5support.so.0.1
7f5dee0b6000-7f5dee0b7000 rw-p 00009000 08:06 529619                     /usr/lib/libkrb5support.so.0.1
7f5dee0b7000-7f5dee0ba000 r-xp 00000000 08:06 524071                     /usr/lib/libcom_err.so.2.1
7f5dee0ba000-7f5dee2b9000 ---p 00003000 08:06 524071                     /usr/lib/libcom_err.so.2.1
7f5dee2b9000-7f5dee2ba000 r--p 00002000 08:06 524071                     /usr/lib/libcom_err.so.2.1
7f5dee2ba000-7f5dee2bb000 rw-p 00003000 08:06 524071                     /usr/lib/libcom_err.so.2.1
7f5dee2bb000-7f5dee2e3000 r-xp 00000000 08:06 533131                     /usr/lib/libk5crypto.so.3.1
7f5dee2e3000-7f5dee4e3000 ---p 00028000 08:06 533131                     /usr/lib/libk5crypto.so.3.1
7f5dee4e3000-7f5dee4e4000 r--p 00028000 08:06 533131                     /usr/lib/libk5crypto.so.3.1
7f5dee4e4000-7f5dee4e5000 rw-p 00029000 08:06 533131                     /usr/lib/libk5crypto.so.3.1
7f5dee4e5000-7f5dee4e6000 rw-p 00000000 00:00 0 
7f5dee4e6000-7f5dee5be000 r-xp 00000000 08:06 527453                     /usr/lib/libkrb5.so.3.3
7f5dee5be000-7f5dee7be000 ---p 000d8000 08:06 527453                     /usr/lib/libkrb5.so.3.3
7f5dee7be000-7f5dee7c8000 r--p 000d8000 08:06 527453                     /usr/lib/libkrb5.so.3.3
7f5dee7c8000-7f5dee7ca000 rw-p 000e2000 08:06 527453                     /usr/lib/libkrb5.so.3.3
7f5dee7ca000-7f5dee7cf000 r-xp 00000000 08:06 523755                     /usr/lib/libXdmcp.so.6.0.0
7f5dee7cf000-7f5dee9ce000 ---p 00005000 08:06 523755                     /usr/lib/libXdmcp.so.6.0.0
7f5dee9ce000-7f5dee9cf000 r--p 00004000 08:06 523755                     /usr/lib/libXdmcp.so.6.0.0
7f5dee9cf000-7f5dee9d0000 rw-p 00005000 08:06 523755                     /usr/lib/libXdmcp.so.6.0.0
7f5dee9d0000-7f5dee9d2000 r-xp 00000000 08:06 523713                     /usr/lib/libXau.so.6.0.0
7f5dee9d2000-7f5deebd2000 ---p 00002000 08:06 523713                     /usr/lib/libXau.so.6.0.0
7f5deebd2000-7f5deebd3000 r--p 00002000 08:06 523713                     /usr/lib/libXau.so.6.0.0
7f5deebd3000-7f5deebd4000 rw-p 00003000 08:06 523713                     /usr/lib/libXau.so.6.0.0
7f5deebd4000-7f5deebe4000 r-xp 00000000 08:06 526584                     /usr/lib/libavahi-client.so.3.2.9
7f5deebe4000-7f5deede3000 ---p 00010000 08:06 526584                     /usr/lib/libavahi-client.so.3.2.9
7f5deede3000-7f5deede4000 r--p 0000f000 08:06 526584                     /usr/lib/libavahi-client.so.3.2.9
7f5deede4000-7f5deede5000 rw-p 00010000 08:06 526584                     /usr/lib/libavahi-client.so.3.2.9
7f5deede5000-7f5deedf1000 r-xp 00000000 08:06 527596                     /usr/lib/libavahi-common.so.3.5.3
7f5deedf1000-7f5deeff0000 ---p 0000c000 08:06 527596                     /usr/lib/libavahi-common.so.3.5.3
7f5deeff0000-7f5deeff1000 r--p 0000b000 08:06 527596                     /usr/lib/libavahi-common.so.3.5.3
7f5deeff1000-7f5deeff2000 rw-p 0000c000 08:06 527596                     /usr/lib/libavahi-common.so.3.5.3
7f5deeff2000-7f5def0e4000 r-xp 00000000 08:06 528636                     /usr/lib/libgnutls.so.28.8.1
7f5def0e4000-7f5def2e4000 ---p 000f2000 08:06 528636                     /usr/lib/libgnutls.so.28.8.1
7f5def2e4000-7f5def2ec000 r--p 000f2000 08:06 528636                     /usr/lib/libgnutls.so.28.8.1
7f5def2ec000-7f5def2ee000 rw-p 000fa000 08:06 528636                     /usr/lib/libgnutls.so.28.8.1
7f5def2ee000-7f5def2ef000 rw-p 00000000 00:00 0 
7f5def2ef000-7f5def330000 r-xp 00000000 08:06 533554                     /usr/lib/libgssapi_krb5.so.2.2
7f5def330000-7f5def530000 ---p 00041000 08:06 533554                     /usr/lib/libgssapi_krb5.so.2.2
7f5def530000-7f5def531000 r--p 00041000 08:06 533554                     /usr/lib/libgssapi_krb5.so.2.2
7f5def531000-7f5def533000 rw-p 00042000 08:06 533554                     /usr/lib/libgssapi_krb5.so.2.2
7f5def533000-7f5def55b000 r-xp 00000000 08:06 534280                     /usr/lib/libexpat.so.1.6.0
7f5def55b000-7f5def75a000 ---p 00028000 08:06 534280                     /usr/lib/libexpat.so.1.6.0
7f5def75a000-7f5def75c000 r--p 00027000 08:06 534280                     /usr/lib/libexpat.so.1.6.0
7f5def75c000-7f5def75d000 rw-p 00029000 08:06 534280                     /usr/lib/libexpat.so.1.6.0
7f5def75d000-7f5def76c000 r-xp 00000000 08:06 535331                     /usr/lib/libbz2.so.1.0.6
7f5def76c000-7f5def96b000 ---p 0000f000 08:06 535331                     /usr/lib/libbz2.so.1.0.6
7f5def96b000-7f5def96d000 rw-p 0000e000 08:06 535331                     /usr/lib/libbz2.so.1.0.6
7f5def96d000-7f5def975000 r-xp 00000000 08:06 534957                     /usr/lib/libxcb-render.so.0.0.0
7f5def975000-7f5defb75000 ---p 00008000 08:06 534957                     /usr/lib/libxcb-render.so.0.0.0
7f5defb75000-7f5defb76000 rw-p 00008000 08:06 534957                     /usr/lib/libxcb-render.so.0.0.0
7f5defb76000-7f5defb78000 r-xp 00000000 08:06 530934                     /usr/lib/libxcb-shm.so.0.0.0
7f5defb78000-7f5defd77000 ---p 00002000 08:06 530934                     /usr/lib/libxcb-shm.so.0.0.0
7f5defd77000-7f5defd78000 rw-p 00001000 08:06 530934                     /usr/lib/libxcb-shm.so.0.0.0
7f5defd78000-7f5defdf9000 r-xp 00000000 08:06 528735                     /usr/lib/libpixman-1.so.0.24.4
7f5defdf9000-7f5defff9000 ---p 00081000 08:06 528735                     /usr/lib/libpixman-1.so.0.24.4
7f5defff9000-7f5deffff000 r--p 00081000 08:06 528735                     /usr/lib/libpixman-1.so.0.24.4
7f5deffff000-7f5df0000000 rw-p 00087000 08:06 528735                     /usr/lib/libpixman-1.so.0.24.4
7f5df0000000-7f5df0021000 rw-p 00000000 00:00 0 
7f5df0021000-7f5df4000000 ---p 00000000 00:00 0 
7f5df402a000-7f5df406a000 rw-s 00030000 00:05 10083                      /dev/ati/card1
7f5df406a000-7f5df416a000 rw-p 00000000 00:00 0 
7f5df416a000-7f5df4196000 r-xp 00000000 08:06 528725                     /usr/lib/libpng15.so.15.10.0
7f5df4196000-7f5df4395000 ---p 0002c000 08:06 528725                     /usr/lib/libpng15.so.15.10.0
7f5df4395000-7f5df4396000 r--p 0002b000 08:06 528725                     /usr/lib/libpng15.so.15.10.0
7f5df4396000-7f5df4397000 rw-p 0002c000 08:06 528725                     /usr/lib/libpng15.so.15.10.0
7f5df4397000-7f5df43aa000 r-xp 00000000 08:06 1332                       /lib/libresolv-2.15.so
7f5df43aa000-7f5df45aa000 ---p 00013000 08:06 1332                       /lib/libresolv-2.15.so
7f5df45aa000-7f5df45ab000 r--p 00013000 08:06 1332                       /lib/libresolv-2.15.so
7f5df45ab000-7f5df45ac000 rw-p 00014000 08:06 1332                       /lib/libresolv-2.15.so
7f5df45ac000-7f5df45ae000 rw-p 00000000 00:00 0 
7f5df45ae000-7f5df4607000 r-xp 00000000 08:06 531196                     /usr/lib/libpcre.so.1.0.0
7f5df4607000-7f5df4806000 ---p 00059000 08:06 531196                     /usr/lib/libpcre.so.1.0.0
7f5df4806000-7f5df4807000 r--p 00058000 08:06 531196                     /usr/lib/libpcre.so.1.0.0
7f5df4807000-7f5df4808000 rw-p 00059000 08:06 531196                     /usr/lib/libpcre.so.1.0.0
7f5df4808000-7f5df480f000 r-xp 00000000 08:06 533126                     /usr/lib/libffi.so.6.0.0
7f5df480f000-7f5df4a0e000 ---p 00007000 08:06 533126                     /usr/lib/libffi.so.6.0.0
7f5df4a0e000-7f5df4a0f000 r--p 00006000 08:06 533126                     /usr/lib/libffi.so.6.0.0
7f5df4a0f000-7f5df4a10000 rw-p 00007000 08:06 533126                     /usr/lib/libffi.so.6.0.0
7f5df4a10000-7f5df4a12000 r-xp 00000000 08:06 533292                     /usr/lib/libXdamage.so.1.1.0
7f5df4a12000-7f5df4c11000 ---p 00002000 08:06 533292                     /usr/lib/libXdamage.so.1.1.0
7f5df4c11000-7f5df4c12000 r--p 00001000 08:06 533292                     /usr/lib/libXdamage.so.1.1.0
7f5df4c12000-7f5df4c13000 rw-p 00002000 08:06 533292                     /usr/lib/libXdamage.so.1.1.0
7f5df4c13000-7f5df4c15000 r-xp 00000000 08:06 523753                     /usr/lib/libXcomposite.so.1.0.0
7f5df4c15000-7f5df4e14000 ---p 00002000 08:06 523753                     /usr/lib/libXcomposite.so.1.0.0
7f5df4e14000-7f5df4e15000 r--p 00001000 08:06 523753                     /usr/lib/libXcomposite.so.1.0.0
7f5df4e15000-7f5df4e16000 rw-p 00002000 08:06 523753                     /usr/lib/libXcomposite.so.1.0.0
7f5df4e16000-7f5df4e1f000 r-xp 00000000 08:06 531336                     /usr/lib/libXcursor.so.1.0.2
7f5df4e1f000-7f5df501e000 ---p 00009000 08:06 531336                     /usr/lib/libXcursor.so.1.0.2
7f5df501e000-7f5df501f000 r--p 00008000 08:06 531336                     /usr/lib/libXcursor.so.1.0.2
7f5df501f000-7f5df5020000 rw-p 00009000 08:06 531336                     /usr/lib/libXcursor.so.1.0.2
7f5df5020000-7f5df5028000 r-xp 00000000 08:06 533170                     /usr/lib/libXrandr.so.2.2.0
7f5df5028000-7f5df5227000 ---p 00008000 08:06 533170                     /usr/lib/libXrandr.so.2.2.0
7f5df5227000-7f5df5228000 r--p 00007000 08:06 533170                     /usr/lib/libXrandr.so.2.2.0
7f5df5228000-7f5df5229000 rw-p 00008000 08:06 533170                     /usr/lib/libXrandr.so.2.2.0
7f5df5229000-7f5df522b000 r-xp 00000000 08:06 523766                     /usr/lib/libXinerama.so.1.0.0
7f5df522b000-7f5df542a000 ---p 00002000 08:06 523766                     /usr/lib/libXinerama.so.1.0.0
7f5df542a000-7f5df542b000 r--p 00001000 08:06 523766                     /usr/lib/libXinerama.so.1.0.0
7f5df542b000-7f5df542c000 rw-p 00002000 08:06 523766                     /usr/lib/libXinerama.so.1.0.0
7f5df542c000-7f5df5431000 r-xp 00000000 08:06 523749                     /usr/lib/libXfixes.so.3.1.0
7f5df5431000-7f5df5631000 ---p 00005000 08:06 523749                     /usr/lib/libXfixes.so.3.1.0
7f5df5631000-7f5df5632000 r--p 00005000 08:06 523749                     /usr/lib/libXfixes.so.3.1.0
7f5df5632000-7f5df5633000 rw-p 00006000 08:06 523749                     /usr/lib/libXfixes.so.3.1.0
7f5df5633000-7f5df5650000 r-xp 00000000 08:06 533661                     /usr/lib/libxcb.so.1.1.0
7f5df5650000-7f5df5850000 ---p 0001d000 08:06 533661                     /usr/lib/libxcb.so.1.1.0
7f5df5850000-7f5df5851000 rw-p 0001d000 08:06 533661                     /usr/lib/libxcb.so.1.1.0
7f5df5851000-7f5df58a3000 r-xp 00000000 08:06 527907                     /usr/lib/libcups.so.2
7f5df58a3000-7f5df5aa3000 ---p 00052000 08:06 527907                     /usr/lib/libcups.so.2
7f5df5aa3000-7f5df5aa7000 r--p 00052000 08:06 527907                     /usr/lib/libcups.so.2
7f5df5aa7000-7f5df5aa8000 rw-p 00056000 08:06 527907                     /usr/lib/libcups.so.2
7f5df5aa8000-7f5df5b9a000 r-xp 00000000 08:06 528037                     /usr/lib/libglib-2.0.so.0.3200.3
7f5df5b9a000-7f5df5d99000 ---p 000f2000 08:06 528037                     /usr/lib/libglib-2.0.so.0.3200.3
7f5df5d99000-7f5df5d9a000 r--p 000f1000 08:06 528037                     /usr/lib/libglib-2.0.so.0.3200.3
7f5df5d9a000-7f5df5d9b000 rw-p 000f2000 08:06 528037                     /usr/lib/libglib-2.0.so.0.3200.3
7f5df5d9b000-7f5df5d9c000 rw-p 00000000 00:00 0 
7f5df5d9c000-7f5df5d9d000 r-xp 00000000 08:06 528046                     /usr/lib/libgthread-2.0.so.0.3200.3
7f5df5d9d000-7f5df5f9c000 ---p 00001000 08:06 528046                     /usr/lib/libgthread-2.0.so.0.3200.3
7f5df5f9c000-7f5df5f9d000 r--p 00000000 08:06 528046                     /usr/lib/libgthread-2.0.so.0.3200.3
7f5df5f9d000-7f5df5f9e000 rw-p 00001000 08:06 528046                     /usr/lib/libgthread-2.0.so.0.3200.3
7f5df5f9e000-7f5df5fa1000 r-xp 00000000 08:06 528042                     /usr/lib/libgmodule-2.0.so.0.3200.3
7f5df5fa1000-7f5df61a0000 ---p 00003000 08:06 528042                     /usr/lib/libgmodule-2.0.so.0.3200.3
7f5df61a0000-7f5df61a1000 r--p 00002000 08:06 528042                     /usr/lib/libgmodule-2.0.so.0.3200.3
7f5df61a1000-7f5df61a2000 rw-p 00003000 08:06 528042                     /usr/lib/libgmodule-2.0.so.0.3200.3
7f5df61a2000-7f5df61ee000 r-xp 00000000 08:06 528048                     /usr/lib/libgobject-2.0.so.0.3200.3
7f5df61ee000-7f5df63ee000 ---p 0004c000 08:06 528048                     /usr/lib/libgobject-2.0.so.0.3200.3
7f5df63ee000-7f5df63ef000 r--p 0004c000 08:06 528048                     /usr/lib/libgobject-2.0.so.0.3200.3
7f5df63ef000-7f5df63f0000 rw-p 0004d000 08:06 528048                     /usr/lib/libgobject-2.0.so.0.3200.3
7f5df63f0000-7f5df6424000 r-xp 00000000 08:06 534580                     /usr/lib/libfontconfig.so.1.4.4
7f5df6424000-7f5df6624000 ---p 00034000 08:06 534580                     /usr/lib/libfontconfig.so.1.4.4
7f5df6624000-7f5df6625000 r--p 00034000 08:06 534580                     /usr/lib/libfontconfig.so.1.4.4
7f5df6625000-7f5df6626000 rw-p 00035000 08:06 534580                     /usr/lib/libfontconfig.so.1.4.4
7f5df6626000-7f5df66bf000 r-xp 00000000 08:06 533427                     /usr/lib/libfreetype.so.6.8.1
7f5df66bf000-7f5df68be000 ---p 00099000 08:06 533427                     /usr/lib/libfreetype.so.6.8.1
7f5df68be000-7f5df68c4000 r--p 00098000 08:06 533427                     /usr/lib/libfreetype.so.6.8.1
7f5df68c4000-7f5df68c5000 rw-p 0009e000 08:06 533427                     /usr/lib/libfreetype.so.6.8.1
7f5df68c5000-7f5df690d000 r-xp 00000000 08:06 533234                     /usr/lib/libpango-1.0.so.0.3000.0
7f5df690d000-7f5df6b0d000 ---p 00048000 08:06 533234                     /usr/lib/libpango-1.0.so.0.3000.0
7f5df6b0d000-7f5df6b0f000 r--p 00048000 08:06 533234                     /usr/lib/libpango-1.0.so.0.3000.0
7f5df6b0f000-7f5df6b10000 rw-p 0004a000 08:06 533234                     /usr/lib/libpango-1.0.so.0.3000.0
7f5df6b10000-7f5df6c00000 r-xp 00000000 08:06 527614                     /usr/lib/libcairo.so.2.11200.2
7f5df6c00000-7f5df6e00000 ---p 000f0000 08:06 527614                     /usr/lib/libcairo.so.2.11200.2
7f5df6e00000-7f5df6e04000 rw-p 000f0000 08:06 527614                     /usr/lib/libcairo.so.2.11200.2
7f5df6e04000-7f5df6e05000 rw-p 00000000 00:00 0 
7f5df6e05000-7f5df6e26000 r-xp 00000000 08:06 532661                     /usr/lib/libgdk_pixbuf-2.0.so.0.2600.1
7f5df6e26000-7f5df7025000 ---p 00021000 08:06 532661                     /usr/lib/libgdk_pixbuf-2.0.so.0.2600.1
7f5df7025000-7f5df7026000 r--p 00020000 08:06 532661                     /usr/lib/libgdk_pixbuf-2.0.so.0.2600.1
7f5df7026000-7f5df7027000 rw-p 00021000 08:06 532661                     /usr/lib/libgdk_pixbuf-2.0.so.0.2600.1
7f5df7027000-7f5df7032000 r-xp 00000000 08:06 533238                     /usr/lib/libpangocairo-1.0.so.0.3000.0
7f5df7032000-7f5df7232000 ---p 0000b000 08:06 533238                     /usr/lib/libpangocairo-1.0.so.0.3000.0
7f5df7232000-7f5df7233000 r--p 0000b000 08:06 533238                     /usr/lib/libpangocairo-1.0.so.0.3000.0
7f5df7233000-7f5df7234000 rw-p 0000c000 08:06 533238                     /usr/lib/libpangocairo-1.0.so.0.3000.0
7f5df7234000-7f5df725f000 r-xp 00000000 08:06 533236                     /usr/lib/libpangoft2-1.0.so.0.3000.0
7f5df725f000-7f5df745f000 ---p 0002b000 08:06 533236                     /usr/lib/libpangoft2-1.0.so.0.3000.0
7f5df745f000-7f5df7460000 r--p 0002b000 08:06 533236                     /usr/lib/libpangoft2-1.0.so.0.3000.0
7f5df7460000-7f5df7461000 rw-p 0002c000 08:06 533236                     /usr/lib/libpangoft2-1.0.so.0.3000.0
7f5df7461000-7f5df75a6000 r-xp 00000000 08:06 528051                     /usr/lib/libgio-2.0.so.0.3200.3
7f5df75a6000-7f5df77a6000 ---p 00145000 08:06 528051                     /usr/lib/libgio-2.0.so.0.3200.3
7f5df77a6000-7f5df77aa000 r--p 00145000 08:06 528051                     /usr/lib/libgio-2.0.so.0.3200.3
7f5df77aa000-7f5df77ac000 rw-p 00149000 08:06 528051                     /usr/lib/libgio-2.0.so.0.3200.3
7f5df77ac000-7f5df77ae000 rw-p 00000000 00:00 0 
7f5df77ae000-7f5df77ce000 r-xp 00000000 08:06 533187                     /usr/lib/libatk-1.0.so.0.20409.1
7f5df77ce000-7f5df79ce000 ---p 00020000 08:06 533187                     /usr/lib/libatk-1.0.so.0.20409.1
7f5df79ce000-7f5df79d0000 r--p 00020000 08:06 533187                     /usr/lib/libatk-1.0.so.0.20409.1
7f5df79d0000-7f5df79d1000 rw-p 00022000 08:06 533187                     /usr/lib/libatk-1.0.so.0.20409.1
7f5df79d1000-7f5df7df3000 r-xp 00000000 08:06 523420                     /usr/lib/libgtk-x11-2.0.so.0.2400.10
7f5df7df3000-7f5df7ff3000 ---p 00422000 08:06 523420                     /usr/lib/libgtk-x11-2.0.so.0.2400.10
7f5df7ff3000-7f5df7ffa000 r--p 00422000 08:06 523420                     /usr/lib/libgtk-x11-2.0.so.0.2400.10
7f5df7ffa000-7f5df7ffe000 rw-p 00429000 08:06 523420                     /usr/lib/libgtk-x11-2.0.so.0.2400.10
7f5df7ffe000-7f5df8000000 rw-p 00000000 00:00 0 
7f5df8000000-7f5df8021000 rw-p 00000000 00:00 0 
7f5df8021000-7f5dfc000000 ---p 00000000 00:00 0 
7f5dfc012000-7f5dfc05a000 rw-p 00000000 00:00 0 
7f5dfc05a000-7f5dfc095000 r-xp 00000000 08:06 527355                     /usr/lib/libatiadlxx.so
7f5dfc095000-7f5dfc195000 ---p 0003b000 08:06 527355                     /usr/lib/libatiadlxx.so
7f5dfc195000-7f5dfc19e000 rw-p 0003b000 08:06 527355                     /usr/lib/libatiadlxx.so
7f5dfc19e000-7f5dfc1af000 rw-p 00000000 00:00 0 
7f5dfc1df000-7f5dfc28c000 r-xp 00000000 08:06 523419                     /usr/lib/libgdk-x11-2.0.so.0.2400.10
7f5dfc28c000-7f5dfc48c000 ---p 000ad000 08:06 523419                     /usr/lib/libgdk-x11-2.0.so.0.2400.10
7f5dfc48c000-7f5dfc490000 r--p 000ad000 08:06 523419                     /usr/lib/libgdk-x11-2.0.so.0.2400.10
7f5dfc490000-7f5dfc492000 rw-p 000b1000 08:06 523419                     /usr/lib/libgdk-x11-2.0.so.0.2400.10
7f5dfc492000-7f5dfc4a0000 r-xp 00000000 08:06 526751                     /usr/lib/libXi.so.6.1.0
7f5dfc4a0000-7f5dfc69f000 ---p 0000e000 08:06 526751                     /usr/lib/libXi.so.6.1.0
7f5dfc69f000-7f5dfc6a0000 r--p 0000d000 08:06 526751                     /usr/lib/libXi.so.6.1.0
7f5dfc6a0000-7f5dfc6a1000 rw-p 0000e000 08:06 526751                     /usr/lib/libXi.so.6.1.0
7f5dfc6a1000-7f5dfc6a6000 r-xp 00000000 08:06 523793                     /usr/lib/libXtst.so.6.1.0
7f5dfc6a6000-7f5dfc8a6000 ---p 00005000 08:06 523793                     /usr/lib/libXtst.so.6.1.0
7f5dfc8a6000-7f5dfc8a7000 r--p 00005000 08:06 523793                     /usr/lib/libXtst.so.6.1.0
7f5dfc8a7000-7f5dfc8a8000 rw-p 00006000 08:06 523793                     /usr/lib/libXtst.so.6.1.0
7f5dfc8a8000-7f5dfc8b2000 r-xp 00000000 08:06 529110                     /usr/lib/libXrender.so.1.3.0
7f5dfc8b2000-7f5dfcab1000 ---p 0000a000 08:06 529110                     /usr/lib/libXrender.so.1.3.0
7f5dfcab1000-7f5dfcab2000 r--p 00009000 08:06 529110                     /usr/lib/libXrender.so.1.3.0
7f5dfcab2000-7f5dfcab3000 rw-p 0000a000 08:06 529110                     /usr/lib/libXrender.so.1.3.0
7f5dfcab3000-7f5dfcbe7000 r-xp 00000000 08:06 531386                     /usr/lib/libX11.so.6.3.0
7f5dfcbe7000-7f5dfcde7000 ---p 00134000 08:06 531386                     /usr/lib/libX11.so.6.3.0
7f5dfcde7000-7f5dfcde8000 r--p 00134000 08:06 531386                     /usr/lib/libX11.so.6.3.0
7f5dfcde8000-7f5dfcded000 rw-p 00135000 08:06 531386                     /usr/lib/libX11.so.6.3.0
7f5dfcded000-7f5dfcdff000 r-xp 00000000 08:06 523664                     /usr/lib/libXext.so.6.4.0
7f5dfcdff000-7f5dfcffe000 ---p 00012000 08:06 523664                     /usr/lib/libXext.so.6.4.0
7f5dfcffe000-7f5dfcfff000 r--p 00011000 08:06 523664                     /usr/lib/libXext.so.6.4.0
7f5dfcfff000-7f5dfd000000 rw-p 00012000 08:06 523664                     /usr/lib/libXext.so.6.4.0
7f5dfd000000-7f5dfd270000 rwxp 00000000 00:00 0 
7f5dfd270000-7f5e004d7000 rw-p 00000000 00:00 0 
7f5e004d7000-7f5e04000000 ---p 00000000 00:00 0 
7f5e04032000-7f5e04039000 r-xp 00000000 08:06 526968                     /usr/lib/libatiuki.so.1.0
7f5e04039000-7f5e04139000 ---p 00007000 08:06 526968                     /usr/lib/libatiuki.so.1.0
7f5e04139000-7f5e0413a000 rw-p 00007000 08:06 526968                     /usr/lib/libatiuki.so.1.0
7f5e0413a000-7f5e0413b000 rw-p 00000000 00:00 0 
7f5e04166000-7f5e0416a000 r--s 000a0000 08:06 523715                     /usr/lib/jvm/java-7-openjdk/jre/lib/jsse.jar
7f5e0416a000-7f5e0416b000 r--s 00000000 00:11 27270                      /home/tobi/.fontconfig/5604230ae2129cf9aeedc64ab4ef6938-le64.cache-3
7f5e0416b000-7f5e041bd000 r-xp 00000000 08:06 533913                     /usr/lib/jvm/java-7-openjdk/jre/lib/amd64/xawt/libmawt.so
7f5e041bd000-7f5e043bc000 ---p 00052000 08:06 533913                     /usr/lib/jvm/java-7-openjdk/jre/lib/amd64/xawt/libmawt.so
7f5e043bc000-7f5e043c0000 rw-p 00051000 08:06 533913                     /usr/lib/jvm/java-7-openjdk/jre/lib/amd64/xawt/libmawt.so
7f5e043c0000-7f5e043c1000 rw-p 00000000 00:00 0 
7f5e043c1000-7f5e04463000 r-xp 00000000 08:06 525820                     /usr/lib/jvm/java-7-openjdk/jre/lib/amd64/libawt.so
7f5e04463000-7f5e04663000 ---p 000a2000 08:06 525820                     /usr/lib/jvm/java-7-openjdk/jre/lib/amd64/libawt.so
7f5e04663000-7f5e0466f000 rw-p 000a2000 08:06 525820                     /usr/lib/jvm/java-7-openjdk/jre/lib/amd64/libawt.so
7f5e0466f000-7f5e04693000 rw-p 00000000 00:00 0 
7f5e04693000-7f5e04694000 ---p 00000000 00:00 0 
7f5e04694000-7f5e04794000 rw-p 00000000 00:00 0 
7f5e04794000-7f5e04797000 ---p 00000000 00:00 0 
7f5e04797000-7f5e04895000 rw-p 00000000 00:00 0 
7f5e04895000-7f5e04898000 ---p 00000000 00:00 0 
7f5e04898000-7f5e04996000 rw-p 00000000 00:00 0 
7f5e04996000-7f5e04999000 ---p 00000000 00:00 0 
7f5e04999000-7f5e04a97000 rw-p 00000000 00:00 0 
7f5e04a97000-7f5e04a9a000 ---p 00000000 00:00 0 
7f5e04a9a000-7f5e04b98000 rw-p 00000000 00:00 0 
7f5e04b98000-7f5e04f44000 r--p 00000000 08:06 536728                     /usr/lib/locale/locale-archive
7f5e04f44000-7f5e04f47000 ---p 00000000 00:00 0 
7f5e04f47000-7f5e05045000 rw-p 00000000 00:00 0 
7f5e05045000-7f5e05048000 ---p 00000000 00:00 0 
7f5e05048000-7f5e05146000 rw-p 00000000 00:00 0 
7f5e05146000-7f5e05147000 ---p 00000000 00:00 0 
7f5e05147000-7f5e057b8000 rw-p 00000000 00:00 0 
7f5e057b8000-7f5e05967000 r--s 03e7b000 08:06 524045                     /usr/lib/jvm/java-7-openjdk/jre/lib/rt.jar
7f5e05967000-7f5e0598f000 rw-p 00000000 00:00 0 
7f5e0598f000-7f5e05990000 ---p 00000000 00:00 0 
7f5e05990000-7f5e05a90000 rw-p 00000000 00:00 0 
7f5e05a90000-7f5e05a91000 ---p 00000000 00:00 0 
7f5e05a91000-7f5e05b91000 rw-p 00000000 00:00 0 
7f5e05b91000-7f5e05b92000 ---p 00000000 00:00 0 
7f5e05b92000-7f5e05c92000 rw-p 00000000 00:00 0 
7f5e05c92000-7f5e05c93000 ---p 00000000 00:00 0 
7f5e05c93000-7f5e05d9e000 rw-p 00000000 00:00 0 
7f5e05d9e000-7f5e05de6000 rw-p 00000000 00:00 0 
7f5e05de6000-7f5e05e39000 rw-p 00000000 00:00 0 
7f5e05e39000-7f5e0630c000 rw-p 00000000 00:00 0 
7f5e0630c000-7f5e06317000 rw-p 00000000 00:00 0 
7f5e06317000-7f5e0635f000 rw-p 00000000 00:00 0 
7f5e0635f000-7f5e063b2000 rw-p 00000000 00:00 0 
7f5e063b2000-7f5e06884000 rw-p 00000000 00:00 0 
7f5e06884000-7f5e068a7000 rw-p 00000000 00:00 0 
7f5e068a7000-7f5e068ae000 ---p 00000000 00:00 0 
7f5e068ae000-7f5e06b17000 rw-p 00000000 00:00 0 
7f5e06b17000-7f5e06b18000 rw-p 00000000 00:00 0 
7f5e06b18000-7f5e06b20000 r-xp 00000000 08:06 525197                     /usr/lib/jvm/java-7-openjdk/jre/lib/amd64/libzip.so
7f5e06b20000-7f5e06d1f000 ---p 00008000 08:06 525197                     /usr/lib/jvm/java-7-openjdk/jre/lib/amd64/libzip.so
7f5e06d1f000-7f5e06d20000 rw-p 00007000 08:06 525197                     /usr/lib/jvm/java-7-openjdk/jre/lib/amd64/libzip.so
7f5e06d20000-7f5e06d2c000 r-xp 00000000 08:06 1309                       /lib/libnss_files-2.15.so
7f5e06d2c000-7f5e06f2b000 ---p 0000c000 08:06 1309                       /lib/libnss_files-2.15.so
7f5e06f2b000-7f5e06f2c000 r--p 0000b000 08:06 1309                       /lib/libnss_files-2.15.so
7f5e06f2c000-7f5e06f2d000 rw-p 0000c000 08:06 1309                       /lib/libnss_files-2.15.so
7f5e06f2d000-7f5e06f56000 r-xp 00000000 08:06 525207                     /usr/lib/jvm/java-7-openjdk/jre/lib/amd64/libjava.so
7f5e06f56000-7f5e07155000 ---p 00029000 08:06 525207                     /usr/lib/jvm/java-7-openjdk/jre/lib/amd64/libjava.so
7f5e07155000-7f5e07157000 rw-p 00028000 08:06 525207                     /usr/lib/jvm/java-7-openjdk/jre/lib/amd64/libjava.so
7f5e07157000-7f5e07165000 r-xp 00000000 08:06 525194                     /usr/lib/jvm/java-7-openjdk/jre/lib/amd64/libverify.so
7f5e07165000-7f5e07364000 ---p 0000e000 08:06 525194                     /usr/lib/jvm/java-7-openjdk/jre/lib/amd64/libverify.so
7f5e07364000-7f5e07366000 rw-p 0000d000 08:06 525194                     /usr/lib/jvm/java-7-openjdk/jre/lib/amd64/libverify.so
7f5e07366000-7f5e0736d000 r-xp 00000000 08:06 1288                       /lib/librt-2.15.so
7f5e0736d000-7f5e0756c000 ---p 00007000 08:06 1288                       /lib/librt-2.15.so
7f5e0756c000-7f5e0756d000 r--p 00006000 08:06 1288                       /lib/librt-2.15.so
7f5e0756d000-7f5e0756e000 rw-p 00007000 08:06 1288                       /lib/librt-2.15.so
7f5e0756e000-7f5e07583000 r-xp 00000000 08:06 526089                     /usr/lib/libgcc_s.so.1
7f5e07583000-7f5e07782000 ---p 00015000 08:06 526089                     /usr/lib/libgcc_s.so.1
7f5e07782000-7f5e07783000 rw-p 00014000 08:06 526089                     /usr/lib/libgcc_s.so.1
7f5e07783000-7f5e07876000 r-xp 00000000 08:06 1293                       /lib/libm-2.15.so
7f5e07876000-7f5e07a76000 ---p 000f3000 08:06 1293                       /lib/libm-2.15.so
7f5e07a76000-7f5e07a77000 r--p 000f3000 08:06 1293                       /lib/libm-2.15.so
7f5e07a77000-7f5e07a78000 rw-p 000f4000 08:06 1293                       /lib/libm-2.15.so
7f5e07a78000-7f5e07b5d000 r-xp 00000000 08:06 526567                     /usr/lib/libstdc++.so.6.0.17
7f5e07b5d000-7f5e07d5d000 ---p 000e5000 08:06 526567                     /usr/lib/libstdc++.so.6.0.17
7f5e07d5d000-7f5e07d65000 r--p 000e5000 08:06 526567                     /usr/lib/libstdc++.so.6.0.17
7f5e07d65000-7f5e07d67000 rw-p 000ed000 08:06 526567                     /usr/lib/libstdc++.so.6.0.17
7f5e07d67000-7f5e07d7c000 rw-p 00000000 00:00 0 
7f5e07d7c000-7f5e0870f000 r-xp 00000000 08:06 525849                     /usr/lib/jvm/java-7-openjdk/jre/lib/amd64/server/libjvm.so
7f5e0870f000-7f5e0890f000 ---p 00993000 08:06 525849                     /usr/lib/jvm/java-7-openjdk/jre/lib/amd64/server/libjvm.so
7f5e0890f000-7f5e089ab000 rw-p 00993000 08:06 525849                     /usr/lib/jvm/java-7-openjdk/jre/lib/amd64/server/libjvm.so
7f5e089ab000-7f5e089d5000 rw-p 00000000 00:00 0 
7f5e089d5000-7f5e08b6c000 r-xp 00000000 08:06 1304                       /lib/libc-2.15.so
7f5e08b6c000-7f5e08d6c000 ---p 00197000 08:06 1304                       /lib/libc-2.15.so
7f5e08d6c000-7f5e08d70000 r--p 00197000 08:06 1304                       /lib/libc-2.15.so
7f5e08d70000-7f5e08d72000 rw-p 0019b000 08:06 1304                       /lib/libc-2.15.so
7f5e08d72000-7f5e08d76000 rw-p 00000000 00:00 0 
7f5e08d76000-7f5e08d79000 r-xp 00000000 08:06 1292                       /lib/libdl-2.15.so
7f5e08d79000-7f5e08f78000 ---p 00003000 08:06 1292                       /lib/libdl-2.15.so
7f5e08f78000-7f5e08f79000 r--p 00002000 08:06 1292                       /lib/libdl-2.15.so
7f5e08f79000-7f5e08f7a000 rw-p 00003000 08:06 1292                       /lib/libdl-2.15.so
7f5e08f7a000-7f5e08f8f000 r-xp 00000000 08:06 528979                     /usr/lib/libz.so.1.2.7
7f5e08f8f000-7f5e0918e000 ---p 00015000 08:06 528979                     /usr/lib/libz.so.1.2.7
7f5e0918e000-7f5e0918f000 r--p 00014000 08:06 528979                     /usr/lib/libz.so.1.2.7
7f5e0918f000-7f5e09190000 rw-p 00015000 08:06 528979                     /usr/lib/libz.so.1.2.7
7f5e09190000-7f5e0919c000 r-xp 00000000 08:06 526062                     /usr/lib/jvm/java-7-openjdk/jre/lib/amd64/jli/libjli.so
7f5e0919c000-7f5e0939c000 ---p 0000c000 08:06 526062                     /usr/lib/jvm/java-7-openjdk/jre/lib/amd64/jli/libjli.so
7f5e0939c000-7f5e0939d000 rw-p 0000c000 08:06 526062                     /usr/lib/jvm/java-7-openjdk/jre/lib/amd64/jli/libjli.so
7f5e0939d000-7f5e093b4000 r-xp 00000000 08:06 929                        /lib/libpthread-2.15.so
7f5e093b4000-7f5e095b3000 ---p 00017000 08:06 929                        /lib/libpthread-2.15.so
7f5e095b3000-7f5e095b4000 r--p 00016000 08:06 929                        /lib/libpthread-2.15.so
7f5e095b4000-7f5e095b5000 rw-p 00017000 08:06 929                        /lib/libpthread-2.15.so
7f5e095b5000-7f5e095b9000 rw-p 00000000 00:00 0 
7f5e095b9000-7f5e095da000 r-xp 00000000 08:06 1312                       /lib/ld-2.15.so
7f5e095da000-7f5e095e3000 r--s 00263000 08:06 523786                     /usr/lib/jvm/java-7-openjdk/jre/lib/resources.jar
7f5e095e3000-7f5e095ed000 rw-p 00000000 00:00 0 
7f5e095ed000-7f5e096a3000 rw-p 00000000 00:00 0 
7f5e096a3000-7f5e096a6000 ---p 00000000 00:00 0 
7f5e096a6000-7f5e097a9000 rw-p 00000000 00:00 0 
7f5e097a9000-7f5e097aa000 rw-s 00005000 00:05 10083                      /dev/ati/card1
7f5e097aa000-7f5e097ca000 rw-s feae0000 00:05 10083                      /dev/ati/card1
7f5e097ca000-7f5e097cc000 rw-s 00002000 00:05 10083                      /dev/ati/card1
7f5e097cc000-7f5e097cf000 r--s 0000f000 08:06 526356                     /usr/lib/jvm/java-7-openjdk/jre/lib/ext/pulse-java.jar
7f5e097cf000-7f5e097d7000 rw-s 00000000 08:06 527780                     /tmp/hsperfdata_tobi/6297 (deleted)
7f5e097d7000-7f5e097d8000 rw-p 00000000 00:00 0 
7f5e097d8000-7f5e097d9000 ---p 00000000 00:00 0 
7f5e097d9000-7f5e097da000 rw-p 00000000 00:00 0 
7f5e097da000-7f5e097db000 r--p 00021000 08:06 1312                       /lib/ld-2.15.so
7f5e097db000-7f5e097dc000 rw-p 00022000 08:06 1312                       /lib/ld-2.15.so
7f5e097dc000-7f5e097dd000 rw-p 00000000 00:00 0 
7fffb96fe000-7fffb971f000 rw-p 00000000 00:00 0                          [stack]
7fffb97e9000-7fffb97ea000 r-xp 00000000 00:00 0                          [vdso]
ffffffffff600000-ffffffffff601000 r-xp 00000000 00:00 0                  [vsyscall]

VM Arguments:
jvm_args: -Dsun.java2d.opengl=True -Dfile.encoding=UTF-8 
java_command: bombi.BombiGui
Launcher Type: SUN_STANDARD

Environment Variables:
JAVA_HOME=/usr/lib/jvm/java-7-openjdk
PATH=/usr/local/bin:/usr/bin:/bin:/usr/local/sbin:/usr/sbin:/sbin:/opt/android-sdk/platform-tools:/opt/android-sdk/tools:/usr/bin/vendor_perl:/usr/bin/core_perl
SHELL=/bin/bash
DISPLAY=:0.0

Signal Handlers:
SIGSEGV: [libjvm.so+0x807d30], sa_mask[0]=0x7ffbfeff, sa_flags=0x10000004
SIGBUS: [libjvm.so+0x807d30], sa_mask[0]=0x7ffbfeff, sa_flags=0x10000004
SIGFPE: [libjvm.so+0x6ac970], sa_mask[0]=0x7ffbfeff, sa_flags=0x10000004
SIGPIPE: [libjvm.so+0x6ac970], sa_mask[0]=0x7ffbfeff, sa_flags=0x10000004
SIGXFSZ: [libjvm.so+0x6ac970], sa_mask[0]=0x7ffbfeff, sa_flags=0x10000004
SIGILL: [libjvm.so+0x6ac970], sa_mask[0]=0x7ffbfeff, sa_flags=0x10000004
SIGUSR1: SIG_DFL, sa_mask[0]=0x00000000, sa_flags=0x00000000
SIGUSR2: [libjvm.so+0x6acd40], sa_mask[0]=0x00000004, sa_flags=0x10000004
SIGHUP: [libjvm.so+0x6ace80], sa_mask[0]=0x7ffbfeff, sa_flags=0x10000004
SIGINT: [libjvm.so+0x6ace80], sa_mask[0]=0x7ffbfeff, sa_flags=0x10000004
SIGTERM: [libjvm.so+0x6ace80], sa_mask[0]=0x7ffbfeff, sa_flags=0x10000004
SIGQUIT: [libjvm.so+0x6ace80], sa_mask[0]=0x7ffbfeff, sa_flags=0x10000004


---------------  S Y S T E M  ---------------

OS:Linux
uname:Linux 3.3.6-1-ARCH #1 SMP PREEMPT Sun May 13 10:52:32 CEST 2012 x86_64
libc:glibc 2.15 NPTL 2.15 
rlimit: STACK 8192k, CORE 0k, NPROC 125839, NOFILE 4096, AS infinity
load average:1.33 1.41 1.42

/proc/meminfo:
MemTotal:       16180360 kB
MemFree:         8176064 kB
Buffers:         1683392 kB
Cached:          3953440 kB
SwapCached:            0 kB
Active:          2891204 kB
Inactive:        4383344 kB
Active(anon):    1638676 kB
Inactive(anon):    54124 kB
Active(file):    1252528 kB
Inactive(file):  4329220 kB
Unevictable:           0 kB
Mlocked:               0 kB
SwapTotal:             0 kB
SwapFree:              0 kB
Dirty:                44 kB
Writeback:             0 kB
AnonPages:       1637312 kB
Mapped:           332408 kB
Shmem:             55096 kB
Slab:             351380 kB
SReclaimable:     318040 kB
SUnreclaim:        33340 kB
KernelStack:        4184 kB
PageTables:        40292 kB
NFS_Unstable:          0 kB
Bounce:                0 kB
WritebackTmp:          0 kB
CommitLimit:     8090180 kB
Committed_AS:    3428224 kB
VmallocTotal:   34359738367 kB
VmallocUsed:      361360 kB
VmallocChunk:   34359373283 kB
HardwareCorrupted:     0 kB
AnonHugePages:    929792 kB
HugePages_Total:       0
HugePages_Free:        0
HugePages_Rsvd:        0
HugePages_Surp:        0
Hugepagesize:       2048 kB
DirectMap4k:      125440 kB
DirectMap2M:     7999488 kB
DirectMap1G:     8388608 kB


CPU:total 4 (4 cores per cpu, 1 threads per core) family 16 model 5 stepping 2, cmov, cx8, fxsr, mmx, sse, sse2, sse3, popcnt, mmxext, 3dnowpref, lzcnt, sse4a

/proc/cpuinfo:
processor	: 0
vendor_id	: AuthenticAMD
cpu family	: 16
model		: 5
model name	: AMD Athlon(tm) II X4 620 Processor
stepping	: 2
microcode	: 0x10000c6
cpu MHz		: 800.000
cache size	: 512 KB
physical id	: 0
siblings	: 4
core id		: 0
cpu cores	: 4
apicid		: 0
initial apicid	: 0
fpu		: yes
fpu_exception	: yes
cpuid level	: 5
wp		: yes
flags		: fpu vme de pse tsc msr pae mce cx8 apic sep mtrr pge mca cmov pat pse36 clflush mmx fxsr sse sse2 ht syscall nx mmxext fxsr_opt pdpe1gb rdtscp lm 3dnowext 3dnow constant_tsc rep_good nopl nonstop_tsc extd_apicid pni monitor cx16 popcnt lahf_lm cmp_legacy svm extapic cr8_legacy abm sse4a misalignsse 3dnowprefetch osvw ibs skinit wdt nodeid_msr npt lbrv svm_lock nrip_save
bogomips	: 5225.31
TLB size	: 1024 4K pages
clflush size	: 64
cache_alignment	: 64
address sizes	: 48 bits physical, 48 bits virtual
power management: ts ttp tm stc 100mhzsteps hwpstate

processor	: 1
vendor_id	: AuthenticAMD
cpu family	: 16
model		: 5
model name	: AMD Athlon(tm) II X4 620 Processor
stepping	: 2
microcode	: 0x10000c6
cpu MHz		: 800.000
cache size	: 512 KB
physical id	: 0
siblings	: 4
core id		: 1
cpu cores	: 4
apicid		: 1
initial apicid	: 1
fpu		: yes
fpu_exception	: yes
cpuid level	: 5
wp		: yes
flags		: fpu vme de pse tsc msr pae mce cx8 apic sep mtrr pge mca cmov pat pse36 clflush mmx fxsr sse sse2 ht syscall nx mmxext fxsr_opt pdpe1gb rdtscp lm 3dnowext 3dnow constant_tsc rep_good nopl nonstop_tsc extd_apicid pni monitor cx16 popcnt lahf_lm cmp_legacy svm extapic cr8_legacy abm sse4a misalignsse 3dnowprefetch osvw ibs skinit wdt nodeid_msr npt lbrv svm_lock nrip_save
bogomips	: 5225.31
TLB size	: 1024 4K pages
clflush size	: 64
cache_alignment	: 64
address sizes	: 48 bits physical, 48 bits virtual
power management: ts ttp tm stc 100mhzsteps hwpstate

processor	: 2
vendor_id	: AuthenticAMD
cpu family	: 16
model		: 5
model name	: AMD Athlon(tm) II X4 620 Processor
stepping	: 2
microcode	: 0x10000c6
cpu MHz		: 800.000
cache size	: 512 KB
physical id	: 0
siblings	: 4
core id		: 2
cpu cores	: 4
apicid		: 2
initial apicid	: 2
fpu		: yes
fpu_exception	: yes
cpuid level	: 5
wp		: yes
flags		: fpu vme de pse tsc msr pae mce cx8 apic sep mtrr pge mca cmov pat pse36 clflush mmx fxsr sse sse2 ht syscall nx mmxext fxsr_opt pdpe1gb rdtscp lm 3dnowext 3dnow constant_tsc rep_good nopl nonstop_tsc extd_apicid pni monitor cx16 popcnt lahf_lm cmp_legacy svm extapic cr8_legacy abm sse4a misalignsse 3dnowprefetch osvw ibs skinit wdt nodeid_msr npt lbrv svm_lock nrip_save
bogomips	: 5225.31
TLB size	: 1024 4K pages
clflush size	: 64
cache_alignment	: 64
address sizes	: 48 bits physical, 48 bits virtual
power management: ts ttp tm stc 100mhzsteps hwpstate

processor	: 3
vendor_id	: AuthenticAMD
cpu family	: 16
model		: 5
model name	: AMD Athlon(tm) II X4 620 Processor
stepping	: 2
microcode	: 0x10000c6
cpu MHz		: 2600.000
cache size	: 512 KB
physical id	: 0
siblings	: 4
core id		: 3
cpu cores	: 4
apicid		: 3
initial apicid	: 3
fpu		: yes
fpu_exception	: yes
cpuid level	: 5
wp		: yes
flags		: fpu vme de pse tsc msr pae mce cx8 apic sep mtrr pge mca cmov pat pse36 clflush mmx fxsr sse sse2 ht syscall nx mmxext fxsr_opt pdpe1gb rdtscp lm 3dnowext 3dnow constant_tsc rep_good nopl nonstop_tsc extd_apicid pni monitor cx16 popcnt lahf_lm cmp_legacy svm extapic cr8_legacy abm sse4a misalignsse 3dnowprefetch osvw ibs skinit wdt nodeid_msr npt lbrv svm_lock nrip_save
bogomips	: 5225.31
TLB size	: 1024 4K pages
clflush size	: 64
cache_alignment	: 64
address sizes	: 48 bits physical, 48 bits virtual
power management: ts ttp tm stc 100mhzsteps hwpstate



Memory: 4k page, physical 16180360k(8176064k free), swap 0k(0k free)

vm_info: OpenJDK 64-Bit Server VM (22.0-b10) for linux-amd64 JRE (1.7.0_03-b147), built on Mar  6 2012 20:02:29 by "nobody" with gcc 4.6.3

time: Fri May 18 20:53:31 2012
elapsed time: 144 seconds

