#
# A fatal error has been detected by the Java Runtime Environment:
#
#  SIGSEGV (0xb) at pc=0x00007fb3448652a8, pid=6160, tid=140408066172672
#
# JRE version: 7.0_03-b147
# Java VM: OpenJDK 64-Bit Server VM (22.0-b10 mixed mode linux-amd64 compressed oops)
# Derivative: IcedTea7 2.1
# Distribution: Custom build (Tue Mar  6 19:52:34 UTC 2012)
# Problematic frame:
# C  [libX11.so.6+0x382a8]  XQueryExtension+0x28
#
# Failed to write core dump. Core dumps have been disabled. To enable core dumping, try "ulimit -c unlimited" before starting Java again
#
# If you would like to submit a bug report, please include
# instructions on how to reproduce the bug and visit:
#   http://icedtea.classpath.org/bugzilla
#

---------------  T H R E A D  ---------------

Current thread (0x00007fb34809d000):  VMThread [stack: 0x00007fb34cd86000,0x00007fb34ce87000] [id=6171]

siginfo:si_signo=SIGSEGV: si_errno=0, si_code=1 (SEGV_MAPERR), si_addr=0x00000000481c8d98

Registers:
RAX=0x00007fb32c000bd0, RBX=0x00000000481c8430, RCX=0x00007fb34ce856b8, RDX=0x00007fb34ce856b4
RSP=0x00007fb34ce85650, RBP=0x00007fb334e26932, RSI=0x00007fb334e26932, RDI=0x00000000481c8430
R8 =0x00007fb34ce856bc, R9 =0x0000000000000003, R10=0x0000000000020411, R11=0x00007fb35064cad0
R12=0x0000000000000000, R13=0x00007fb334e26932, R14=0x00007fb32c000bd0, R15=0x0000000000000000
RIP=0x00007fb3448652a8, EFLAGS=0x0000000000010206, CSGSFS=0x0000000000000033, ERR=0x0000000000000004
  TRAPNO=0x000000000000000e

Top of Stack: (sp=0x00007fb34ce85650)
0x00007fb34ce85650:   0000000000000000 0000000000000000
0x00007fb34ce85660:   0000000000000000 0000003000000003
0x00007fb34ce85670:   0000006e0000005b 00000000481c8430
0x00007fb34ce85680:   00007fb334e26932 0000000000000000
0x00007fb34ce85690:   00007fb334e26932 00007fb32c000bd0
0x00007fb34ce856a0:   0000000000000000 00007fb344859285
0x00007fb34ce856b0:   0000000000000000 00007fb350691b20
0x00007fb34ce856c0:   00007fb334f5f520 00000000481c8430
0x00007fb34ce856d0:   00007fb3481d0c90 00007fb344b75b1b
0x00007fb34ce856e0:   00007fb300000005 0000001100000000
0x00007fb34ce856f0:   00007fb300000005 0000000000000000
0x00007fb34ce85700:   00007fb34ce85770 00000000481c8430
0x00007fb34ce85710:   00007fb34ce858f8 00007fb34ce85a10
0x00007fb34ce85720:   00007fb334f78d50 00007fb334dcd119
0x00007fb34ce85730:   0000000000000000 00007fb3481d0d40
0x00007fb34ce85740:   00007fb34ce85770 00007fb3351db008
0x00007fb34ce85750:   00007fb34ce858f8 00007fb34ce85a10
0x00007fb34ce85760:   00000000ffffffff 00007fb334dc3b42
0x00007fb34ce85770:   00007fb34ce85a80 00007fb334e268b1
0x00007fb34ce85780:   00007fb34ce85a80 00007fb351207f5f
0x00007fb34ce85790:   00007fb35141c170 00007fb35141c700
0x00007fb34ce857a0:   00007fb3513e8000 00007fb348005900
0x00007fb34ce857b0:   00007fb34800a110 00007fb34817b2a0
0x00007fb34ce857c0:   00007fb34817c720 00007fb34817d0b0
0x00007fb34ce857d0:   00007fb34817d5c0 00007fb34817cbc0
0x00007fb34ce857e0:   00007fb34817dad0 00007fb34817e9e0
0x00007fb34ce857f0:   00007fb34817e4d0 00007fb34817eef0
0x00007fb34ce85800:   00007fb34817f3f0 00007fb34817f8e0
0x00007fb34ce85810:   00007fb348180300 00007fb348181c40
0x00007fb34ce85820:   00007fb348182da0 00007fb3481832a0
0x00007fb34ce85830:   00007fb348183790 00007fb34817c280
0x00007fb34ce85840:   00007fb348183c90 00007fb3481841a0 

Instructions: (pc=0x00007fb3448652a8)
0x00007fb344865288:   24 d8 48 89 fb 4c 89 64 24 e0 4c 89 6c 24 e8 48
0x00007fb344865298:   89 f5 4c 89 74 24 f0 4c 89 7c 24 f8 48 83 ec 58
0x00007fb3448652a8:   48 8b 87 68 09 00 00 49 89 d4 49 89 cd 4d 89 c6
0x00007fb3448652b8:   48 85 c0 74 02 ff 10 ba 08 00 00 00 be 62 00 00 

Register to memory mapping:

RAX=0x00007fb32c000bd0 is an unknown value
RBX=0x00000000481c8430 is an unknown value
RCX=0x00007fb34ce856b8 is an unknown value
RDX=0x00007fb34ce856b4 is an unknown value
RSP=0x00007fb34ce85650 is an unknown value
RBP=0x00007fb334e26932: <offset 0x96932> in /usr/lib/libGL.so.1 at 0x00007fb334d90000
RSI=0x00007fb334e26932: <offset 0x96932> in /usr/lib/libGL.so.1 at 0x00007fb334d90000
RDI=0x00000000481c8430 is an unknown value
R8 =0x00007fb34ce856bc is an unknown value
R9 =0x0000000000000003 is an unknown value
R10=0x0000000000020411 is an unknown value
R11=0x00007fb35064cad0: __cxa_finalize+0 in /lib/libc.so.6 at 0x00007fb350615000
R12=0x0000000000000000 is an unknown value
R13=0x00007fb334e26932: <offset 0x96932> in /usr/lib/libGL.so.1 at 0x00007fb334d90000
R14=0x00007fb32c000bd0 is an unknown value
R15=0x0000000000000000 is an unknown value


Stack: [0x00007fb34cd86000,0x00007fb34ce87000],  sp=0x00007fb34ce85650,  free space=1021k
Native frames: (J=compiled Java code, j=interpreted, Vv=VM code, C=native code)
C  [libX11.so.6+0x382a8]  XQueryExtension+0x28

VM_Operation (0x00007fb30d9e7160): Exit, mode: safepoint, requested by thread 0x00007fb3484d6800


---------------  P R O C E S S  ---------------

Java Threads: ( => current thread )
  0x00007fb348006000 JavaThread "DestroyJavaVM" [_thread_blocked, id=6166, stack(0x00007fb3512e3000,0x00007fb3513e4000)]
  0x00007fb3484dc000 JavaThread "Thread-0" [_thread_blocked, id=6184, stack(0x00007fb30d7e8000,0x00007fb30d8e9000)]
  0x00007fb3484d6800 JavaThread "AWT-EventQueue-0" [_thread_blocked, id=6183, stack(0x00007fb30d8e9000,0x00007fb30d9ea000)]
  0x00007fb3484d5000 JavaThread "AWT-Shutdown" [_thread_blocked, id=6182, stack(0x00007fb30d9ea000,0x00007fb30daeb000)]
  0x00007fb348438000 JavaThread "AWT-XAWT" daemon [_thread_blocked, id=6181, stack(0x00007fb30db30000,0x00007fb30dc31000)]
  0x00007fb3483ee000 JavaThread "Java2D Disposer" daemon [_thread_blocked, id=6180, stack(0x00007fb30dc31000,0x00007fb30dd32000)]
  0x00007fb3483eb800 JavaThread "Java2D Queue Flusher" daemon [_thread_blocked, id=6179, stack(0x00007fb334160000,0x00007fb334261000)]
  0x00007fb348106000 JavaThread "Service Thread" daemon [_thread_blocked, id=6177, stack(0x00007fb34c3d4000,0x00007fb34c4d5000)]
  0x00007fb348103800 JavaThread "C2 CompilerThread1" daemon [_thread_blocked, id=6176, stack(0x00007fb34c4d5000,0x00007fb34c5d6000)]
  0x00007fb348101000 JavaThread "C2 CompilerThread0" daemon [_thread_blocked, id=6175, stack(0x00007fb34c5d6000,0x00007fb34c6d7000)]
  0x00007fb3480fe800 JavaThread "Signal Dispatcher" daemon [_thread_blocked, id=6174, stack(0x00007fb34c6d7000,0x00007fb34c7d8000)]
  0x00007fb3480a8000 JavaThread "Finalizer" daemon [_thread_blocked, id=6173, stack(0x00007fb34cb84000,0x00007fb34cc85000)]
  0x00007fb3480a5800 JavaThread "Reference Handler" daemon [_thread_blocked, id=6172, stack(0x00007fb34cc85000,0x00007fb34cd86000)]

Other Threads:
=>0x00007fb34809d000 VMThread [stack: 0x00007fb34cd86000,0x00007fb34ce87000] [id=6171]

VM state:at safepoint (shutting down)

VM Mutex/Monitor currently owned by a thread:  ([mutex/lock_event])
[0x00007fb348003f50] Threads_lock - owner thread: 0x00007fb34809d000

Heap
 PSYoungGen      total 43648K, used 31638K [0x00000007adab0000, 0x00000007b0bc0000, 0x0000000800000000)
  eden space 39360K, 80% used [0x00000007adab0000,0x00000007af975a80,0x00000007b0120000)
  from space 4288K, 2% used [0x00000007b0790000,0x00000007b07b0000,0x00000007b0bc0000)
  to   space 5440K, 0% used [0x00000007b0120000,0x00000007b0120000,0x00000007b0670000)
 PSOldGen        total 168576K, used 3575K [0x0000000709000000, 0x00000007134a0000, 0x00000007adab0000)
  object space 168576K, 2% used [0x0000000709000000,0x000000070937dc20,0x00000007134a0000)
 PSPermGen       total 21248K, used 11010K [0x00000006fea00000, 0x00000006ffec0000, 0x0000000709000000)
  object space 21248K, 51% used [0x00000006fea00000,0x00000006ff4c0818,0x00000006ffec0000)

Code Cache  [0x00007fb345000000, 0x00007fb345270000, 0x00007fb348000000)
 total_blobs=673 nmethods=236 adapters=390 free_code_cache=47782Kb largest_free_block=48887936

Dynamic libraries:
00400000-00401000 r-xp 00000000 08:06 533859                             /usr/lib/jvm/java-7-openjdk/jre/bin/java
00600000-00601000 rw-p 00000000 08:06 533859                             /usr/lib/jvm/java-7-openjdk/jre/bin/java
01487000-014a8000 rw-p 00000000 00:00 0                                  [heap]
6fea00000-6ffec0000 rw-p 00000000 00:00 0 
6ffec0000-709000000 rw-p 00000000 00:00 0 
709000000-7134a0000 rw-p 00000000 00:00 0 
7134a0000-7adab0000 rw-p 00000000 00:00 0 
7adab0000-7b0bc0000 rw-p 00000000 00:00 0 
7b0bc0000-7b2d00000 ---p 00000000 00:00 0 
7b2d00000-800000000 rw-p 00000000 00:00 0 
7fb2e4000000-7fb2e4021000 rw-p 00000000 00:00 0 
7fb2e4021000-7fb2e8000000 ---p 00000000 00:00 0 
7fb2ec000000-7fb2ec105000 rw-p 00000000 00:00 0 
7fb2ec105000-7fb2f0000000 ---p 00000000 00:00 0 
7fb2f0000000-7fb2f0021000 rw-p 00000000 00:00 0 
7fb2f0021000-7fb2f4000000 ---p 00000000 00:00 0 
7fb2f4000000-7fb2f4021000 rw-p 00000000 00:00 0 
7fb2f4021000-7fb2f8000000 ---p 00000000 00:00 0 
7fb2f8000000-7fb2f81bf000 rw-p 00000000 00:00 0 
7fb2f81bf000-7fb2fc000000 ---p 00000000 00:00 0 
7fb2fc000000-7fb2fc021000 rw-p 00000000 00:00 0 
7fb2fc021000-7fb300000000 ---p 00000000 00:00 0 
7fb300000000-7fb300030000 rw-p 00000000 00:00 0 
7fb300030000-7fb304000000 ---p 00000000 00:00 0 
7fb304000000-7fb304919000 rw-p 00000000 00:00 0 
7fb304919000-7fb308000000 ---p 00000000 00:00 0 
7fb308000000-7fb308021000 rw-p 00000000 00:00 0 
7fb308021000-7fb30c000000 ---p 00000000 00:00 0 
7fb30ca82000-7fb30ca85000 ---p 00000000 00:00 0 
7fb30ca85000-7fb30cb83000 rw-p 00000000 00:00 0 
7fb30cb83000-7fb30cb86000 ---p 00000000 00:00 0 
7fb30cb86000-7fb30cc84000 rw-p 00000000 00:00 0 
7fb30cc84000-7fb30ce84000 rw-s 0afb3000 00:05 10083                      /dev/ati/card1
7fb30ce84000-7fb30d084000 rw-s 0afb1000 00:05 10083                      /dev/ati/card1
7fb30d084000-7fb30d094000 r-xp 00000000 08:06 525189                     /usr/lib/jvm/java-7-openjdk/jre/lib/amd64/libnio.so
7fb30d094000-7fb30d294000 ---p 00010000 08:06 525189                     /usr/lib/jvm/java-7-openjdk/jre/lib/amd64/libnio.so
7fb30d294000-7fb30d295000 rw-p 00010000 08:06 525189                     /usr/lib/jvm/java-7-openjdk/jre/lib/amd64/libnio.so
7fb30d295000-7fb30d2aa000 r-xp 00000000 08:06 525188                     /usr/lib/jvm/java-7-openjdk/jre/lib/amd64/libnet.so
7fb30d2aa000-7fb30d4aa000 ---p 00015000 08:06 525188                     /usr/lib/jvm/java-7-openjdk/jre/lib/amd64/libnet.so
7fb30d4aa000-7fb30d4ab000 rw-p 00015000 08:06 525188                     /usr/lib/jvm/java-7-openjdk/jre/lib/amd64/libnet.so
7fb30d4ab000-7fb30d4e5000 r-xp 00000000 08:06 525196                     /usr/lib/jvm/java-7-openjdk/jre/lib/amd64/libfontmanager.so
7fb30d4e5000-7fb30d6e5000 ---p 0003a000 08:06 525196                     /usr/lib/jvm/java-7-openjdk/jre/lib/amd64/libfontmanager.so
7fb30d6e5000-7fb30d6e8000 rw-p 0003a000 08:06 525196                     /usr/lib/jvm/java-7-openjdk/jre/lib/amd64/libfontmanager.so
7fb30d6e8000-7fb30d7e8000 rw-s 0afab000 00:05 10083                      /dev/ati/card1
7fb30d7e8000-7fb30d7eb000 ---p 00000000 00:00 0 
7fb30d7eb000-7fb30d8e9000 rw-p 00000000 00:00 0 
7fb30d8e9000-7fb30d8ec000 ---p 00000000 00:00 0 
7fb30d8ec000-7fb30d9ea000 rw-p 00000000 00:00 0 
7fb30d9ea000-7fb30d9ed000 ---p 00000000 00:00 0 
7fb30d9ed000-7fb30daeb000 rw-p 00000000 00:00 0 
7fb30daeb000-7fb30db30000 r--s 00000000 08:07 26937                      /var/cache/fontconfig/f6b893a7224233d96cb72fd88691c0b4-le64.cache-3
7fb30db30000-7fb30db33000 ---p 00000000 00:00 0 
7fb30db33000-7fb30dc31000 rw-p 00000000 00:00 0 
7fb30dc31000-7fb30dc34000 ---p 00000000 00:00 0 
7fb30dc34000-7fb30dd32000 rw-p 00000000 00:00 0 
7fb30dd32000-7fb30fc8c000 r-xp 00000000 08:06 527438                     /usr/lib/xorg/modules/dri/fglrx_dri.so
7fb30fc8c000-7fb30fd8c000 ---p 01f5a000 08:06 527438                     /usr/lib/xorg/modules/dri/fglrx_dri.so
7fb30fd8c000-7fb30feda000 rwxp 01f5a000 08:06 527438                     /usr/lib/xorg/modules/dri/fglrx_dri.so
7fb30feda000-7fb310000000 rwxp 00000000 00:00 0 
7fb310000000-7fb310846000 rw-p 00000000 00:00 0 
7fb310846000-7fb314000000 ---p 00000000 00:00 0 
7fb314000000-7fb314021000 rw-p 00000000 00:00 0 
7fb314021000-7fb318000000 ---p 00000000 00:00 0 
7fb318000000-7fb318021000 rw-p 00000000 00:00 0 
7fb318021000-7fb31c000000 ---p 00000000 00:00 0 
7fb31c000000-7fb31c867000 rw-p 00000000 00:00 0 
7fb31c867000-7fb320000000 ---p 00000000 00:00 0 
7fb320000000-7fb320021000 rw-p 00000000 00:00 0 
7fb320021000-7fb324000000 ---p 00000000 00:00 0 
7fb324000000-7fb324021000 rw-p 00000000 00:00 0 
7fb324021000-7fb328000000 ---p 00000000 00:00 0 
7fb328000000-7fb328021000 rw-p 00000000 00:00 0 
7fb328021000-7fb32c000000 ---p 00000000 00:00 0 
7fb32c000000-7fb32c021000 rw-p 00000000 00:00 0 
7fb32c021000-7fb330000000 ---p 00000000 00:00 0 
7fb330000000-7fb330021000 rw-p 00000000 00:00 0 
7fb330021000-7fb334000000 ---p 00000000 00:00 0 
7fb33401e000-7fb33407b000 r--s 00000000 08:07 26936                      /var/cache/fontconfig/17090aa38d5c6f09fb8c5c354938f1d7-le64.cache-3
7fb33407b000-7fb3340d8000 r--s 00000000 08:07 26934                      /var/cache/fontconfig/df311e82a1a24c41a75c2c930223552e-le64.cache-3
7fb3340d8000-7fb334120000 rw-p 00000000 00:00 0 
7fb334120000-7fb334160000 rw-s 00030000 00:05 10083                      /dev/ati/card1
7fb334160000-7fb334163000 ---p 00000000 00:00 0 
7fb334163000-7fb334261000 rw-p 00000000 00:00 0 
7fb334261000-7fb33426a000 r--s 00263000 08:06 523786                     /usr/lib/jvm/java-7-openjdk/jre/lib/resources.jar
7fb33426a000-7fb3342b2000 rw-p 00000000 00:00 0 
7fb3342b2000-7fb3349b2000 rw-s 00006000 00:05 10083                      /dev/ati/card1
7fb3349b2000-7fb334b32000 rw-p 00000000 00:00 0 
7fb334b32000-7fb334b6d000 r-xp 00000000 08:06 527355                     /usr/lib/libatiadlxx.so
7fb334b6d000-7fb334c6d000 ---p 0003b000 08:06 527355                     /usr/lib/libatiadlxx.so
7fb334c6d000-7fb334c76000 rw-p 0003b000 08:06 527355                     /usr/lib/libatiadlxx.so
7fb334c76000-7fb334c87000 rw-p 00000000 00:00 0 
7fb334c87000-7fb334c8e000 r-xp 00000000 08:06 526968                     /usr/lib/libatiuki.so.1.0
7fb334c8e000-7fb334d8e000 ---p 00007000 08:06 526968                     /usr/lib/libatiuki.so.1.0
7fb334d8e000-7fb334d8f000 rw-p 00007000 08:06 526968                     /usr/lib/libatiuki.so.1.0
7fb334d8f000-7fb334d90000 rw-p 00000000 00:00 0 
7fb334d90000-7fb334e53000 r-xp 00000000 08:06 531369                     /usr/lib/fglrx/fglrx-libGL.so.1.2
7fb334e53000-7fb334f52000 ---p 000c3000 08:06 531369                     /usr/lib/fglrx/fglrx-libGL.so.1.2
7fb334f52000-7fb334f79000 rwxp 000c2000 08:06 531369                     /usr/lib/fglrx/fglrx-libGL.so.1.2
7fb334f79000-7fb334f99000 rwxp 00000000 00:00 0 
7fb334f99000-7fb334fdb000 r-xp 00000000 08:06 527897                     /usr/lib/libdbus-1.so.3.5.9
7fb334fdb000-7fb3351db000 ---p 00042000 08:06 527897                     /usr/lib/libdbus-1.so.3.5.9
7fb3351db000-7fb3351dd000 rw-p 00042000 08:06 527897                     /usr/lib/libdbus-1.so.3.5.9
7fb3351dd000-7fb3351ee000 r-xp 00000000 08:06 533797                     /usr/lib/libp11-kit.so.0.0.0
7fb3351ee000-7fb3353ed000 ---p 00011000 08:06 533797                     /usr/lib/libp11-kit.so.0.0.0
7fb3353ed000-7fb3353ee000 r--p 00010000 08:06 533797                     /usr/lib/libp11-kit.so.0.0.0
7fb3353ee000-7fb3353ef000 rw-p 00011000 08:06 533797                     /usr/lib/libp11-kit.so.0.0.0
7fb3353ef000-7fb335454000 r-xp 00000000 08:06 527102                     /usr/lib/libgmp.so.10.0.5
7fb335454000-7fb335654000 ---p 00065000 08:06 527102                     /usr/lib/libgmp.so.10.0.5
7fb335654000-7fb335655000 r--p 00065000 08:06 527102                     /usr/lib/libgmp.so.10.0.5
7fb335655000-7fb33565e000 rw-p 00066000 08:06 527102                     /usr/lib/libgmp.so.10.0.5
7fb33565e000-7fb335670000 r-xp 00000000 08:06 533726                     /usr/lib/libhogweed.so.2.1
7fb335670000-7fb33586f000 ---p 00012000 08:06 533726                     /usr/lib/libhogweed.so.2.1
7fb33586f000-7fb335870000 r--p 00011000 08:06 533726                     /usr/lib/libhogweed.so.2.1
7fb335870000-7fb335871000 rw-p 00012000 08:06 533726                     /usr/lib/libhogweed.so.2.1
7fb335871000-7fb335896000 r-xp 00000000 08:06 531660                     /usr/lib/libnettle.so.4.3
7fb335896000-7fb335a96000 ---p 00025000 08:06 531660                     /usr/lib/libnettle.so.4.3
7fb335a96000-7fb335a97000 r--p 00025000 08:06 531660                     /usr/lib/libnettle.so.4.3
7fb335a97000-7fb335a98000 rw-p 00026000 08:06 531660                     /usr/lib/libnettle.so.4.3
7fb335a98000-7fb335aa8000 r-xp 00000000 08:06 523686                     /usr/lib/libtasn1.so.3.1.15
7fb335aa8000-7fb335ca7000 ---p 00010000 08:06 523686                     /usr/lib/libtasn1.so.3.1.15
7fb335ca7000-7fb335ca8000 r--p 0000f000 08:06 523686                     /usr/lib/libtasn1.so.3.1.15
7fb335ca8000-7fb335ca9000 rw-p 00010000 08:06 523686                     /usr/lib/libtasn1.so.3.1.15
7fb335ca9000-7fb335cac000 r-xp 00000000 08:06 536931                     /usr/lib/libkeyutils.so.1.4
7fb335cac000-7fb335eab000 ---p 00003000 08:06 536931                     /usr/lib/libkeyutils.so.1.4
7fb335eab000-7fb335eac000 r--p 00002000 08:06 536931                     /usr/lib/libkeyutils.so.1.4
7fb335eac000-7fb335ead000 rw-p 00003000 08:06 536931                     /usr/lib/libkeyutils.so.1.4
7fb335ead000-7fb335eb6000 r-xp 00000000 08:06 529619                     /usr/lib/libkrb5support.so.0.1
7fb335eb6000-7fb3360b5000 ---p 00009000 08:06 529619                     /usr/lib/libkrb5support.so.0.1
7fb3360b5000-7fb3360b6000 r--p 00008000 08:06 529619                     /usr/lib/libkrb5support.so.0.1
7fb3360b6000-7fb3360b7000 rw-p 00009000 08:06 529619                     /usr/lib/libkrb5support.so.0.1
7fb3360b7000-7fb3360ba000 r-xp 00000000 08:06 524071                     /usr/lib/libcom_err.so.2.1
7fb3360ba000-7fb3362b9000 ---p 00003000 08:06 524071                     /usr/lib/libcom_err.so.2.1
7fb3362b9000-7fb3362ba000 r--p 00002000 08:06 524071                     /usr/lib/libcom_err.so.2.1
7fb3362ba000-7fb3362bb000 rw-p 00003000 08:06 524071                     /usr/lib/libcom_err.so.2.1
7fb3362bb000-7fb3362e3000 r-xp 00000000 08:06 533131                     /usr/lib/libk5crypto.so.3.1
7fb3362e3000-7fb3364e3000 ---p 00028000 08:06 533131                     /usr/lib/libk5crypto.so.3.1
7fb3364e3000-7fb3364e4000 r--p 00028000 08:06 533131                     /usr/lib/libk5crypto.so.3.1
7fb3364e4000-7fb3364e5000 rw-p 00029000 08:06 533131                     /usr/lib/libk5crypto.so.3.1
7fb3364e5000-7fb3364e6000 rw-p 00000000 00:00 0 
7fb3364e6000-7fb3365be000 r-xp 00000000 08:06 527453                     /usr/lib/libkrb5.so.3.3
7fb3365be000-7fb3367be000 ---p 000d8000 08:06 527453                     /usr/lib/libkrb5.so.3.3
7fb3367be000-7fb3367c8000 r--p 000d8000 08:06 527453                     /usr/lib/libkrb5.so.3.3
7fb3367c8000-7fb3367ca000 rw-p 000e2000 08:06 527453                     /usr/lib/libkrb5.so.3.3
7fb3367ca000-7fb3367cf000 r-xp 00000000 08:06 523755                     /usr/lib/libXdmcp.so.6.0.0
7fb3367cf000-7fb3369ce000 ---p 00005000 08:06 523755                     /usr/lib/libXdmcp.so.6.0.0
7fb3369ce000-7fb3369cf000 r--p 00004000 08:06 523755                     /usr/lib/libXdmcp.so.6.0.0
7fb3369cf000-7fb3369d0000 rw-p 00005000 08:06 523755                     /usr/lib/libXdmcp.so.6.0.0
7fb3369d0000-7fb3369d2000 r-xp 00000000 08:06 523713                     /usr/lib/libXau.so.6.0.0
7fb3369d2000-7fb336bd2000 ---p 00002000 08:06 523713                     /usr/lib/libXau.so.6.0.0
7fb336bd2000-7fb336bd3000 r--p 00002000 08:06 523713                     /usr/lib/libXau.so.6.0.0
7fb336bd3000-7fb336bd4000 rw-p 00003000 08:06 523713                     /usr/lib/libXau.so.6.0.0
7fb336bd4000-7fb336be4000 r-xp 00000000 08:06 526584                     /usr/lib/libavahi-client.so.3.2.9
7fb336be4000-7fb336de3000 ---p 00010000 08:06 526584                     /usr/lib/libavahi-client.so.3.2.9
7fb336de3000-7fb336de4000 r--p 0000f000 08:06 526584                     /usr/lib/libavahi-client.so.3.2.9
7fb336de4000-7fb336de5000 rw-p 00010000 08:06 526584                     /usr/lib/libavahi-client.so.3.2.9
7fb336de5000-7fb336df1000 r-xp 00000000 08:06 527596                     /usr/lib/libavahi-common.so.3.5.3
7fb336df1000-7fb336ff0000 ---p 0000c000 08:06 527596                     /usr/lib/libavahi-common.so.3.5.3
7fb336ff0000-7fb336ff1000 r--p 0000b000 08:06 527596                     /usr/lib/libavahi-common.so.3.5.3
7fb336ff1000-7fb336ff2000 rw-p 0000c000 08:06 527596                     /usr/lib/libavahi-common.so.3.5.3
7fb336ff2000-7fb3370e4000 r-xp 00000000 08:06 528636                     /usr/lib/libgnutls.so.28.8.1
7fb3370e4000-7fb3372e4000 ---p 000f2000 08:06 528636                     /usr/lib/libgnutls.so.28.8.1
7fb3372e4000-7fb3372ec000 r--p 000f2000 08:06 528636                     /usr/lib/libgnutls.so.28.8.1
7fb3372ec000-7fb3372ee000 rw-p 000fa000 08:06 528636                     /usr/lib/libgnutls.so.28.8.1
7fb3372ee000-7fb3372ef000 rw-p 00000000 00:00 0 
7fb3372ef000-7fb337330000 r-xp 00000000 08:06 533554                     /usr/lib/libgssapi_krb5.so.2.2
7fb337330000-7fb337530000 ---p 00041000 08:06 533554                     /usr/lib/libgssapi_krb5.so.2.2
7fb337530000-7fb337531000 r--p 00041000 08:06 533554                     /usr/lib/libgssapi_krb5.so.2.2
7fb337531000-7fb337533000 rw-p 00042000 08:06 533554                     /usr/lib/libgssapi_krb5.so.2.2
7fb337533000-7fb33755b000 r-xp 00000000 08:06 534280                     /usr/lib/libexpat.so.1.6.0
7fb33755b000-7fb33775a000 ---p 00028000 08:06 534280                     /usr/lib/libexpat.so.1.6.0
7fb33775a000-7fb33775c000 r--p 00027000 08:06 534280                     /usr/lib/libexpat.so.1.6.0
7fb33775c000-7fb33775d000 rw-p 00029000 08:06 534280                     /usr/lib/libexpat.so.1.6.0
7fb33775d000-7fb33776c000 r-xp 00000000 08:06 535331                     /usr/lib/libbz2.so.1.0.6
7fb33776c000-7fb33796b000 ---p 0000f000 08:06 535331                     /usr/lib/libbz2.so.1.0.6
7fb33796b000-7fb33796d000 rw-p 0000e000 08:06 535331                     /usr/lib/libbz2.so.1.0.6
7fb33796d000-7fb337975000 r-xp 00000000 08:06 534957                     /usr/lib/libxcb-render.so.0.0.0
7fb337975000-7fb337b75000 ---p 00008000 08:06 534957                     /usr/lib/libxcb-render.so.0.0.0
7fb337b75000-7fb337b76000 rw-p 00008000 08:06 534957                     /usr/lib/libxcb-render.so.0.0.0
7fb337b76000-7fb337b78000 r-xp 00000000 08:06 530934                     /usr/lib/libxcb-shm.so.0.0.0
7fb337b78000-7fb337d77000 ---p 00002000 08:06 530934                     /usr/lib/libxcb-shm.so.0.0.0
7fb337d77000-7fb337d78000 rw-p 00001000 08:06 530934                     /usr/lib/libxcb-shm.so.0.0.0
7fb337d78000-7fb337df9000 r-xp 00000000 08:06 528735                     /usr/lib/libpixman-1.so.0.24.4
7fb337df9000-7fb337ff9000 ---p 00081000 08:06 528735                     /usr/lib/libpixman-1.so.0.24.4
7fb337ff9000-7fb337fff000 r--p 00081000 08:06 528735                     /usr/lib/libpixman-1.so.0.24.4
7fb337fff000-7fb338000000 rw-p 00087000 08:06 528735                     /usr/lib/libpixman-1.so.0.24.4
7fb338000000-7fb338021000 rw-p 00000000 00:00 0 
7fb338021000-7fb33c000000 ---p 00000000 00:00 0 
7fb33c03b000-7fb33c0bb000 rw-p 00000000 00:00 0 
7fb33c0bb000-7fb33c0e7000 r-xp 00000000 08:06 528725                     /usr/lib/libpng15.so.15.10.0
7fb33c0e7000-7fb33c2e6000 ---p 0002c000 08:06 528725                     /usr/lib/libpng15.so.15.10.0
7fb33c2e6000-7fb33c2e7000 r--p 0002b000 08:06 528725                     /usr/lib/libpng15.so.15.10.0
7fb33c2e7000-7fb33c2e8000 rw-p 0002c000 08:06 528725                     /usr/lib/libpng15.so.15.10.0
7fb33c2e8000-7fb33c2fb000 r-xp 00000000 08:06 1332                       /lib/libresolv-2.15.so
7fb33c2fb000-7fb33c4fb000 ---p 00013000 08:06 1332                       /lib/libresolv-2.15.so
7fb33c4fb000-7fb33c4fc000 r--p 00013000 08:06 1332                       /lib/libresolv-2.15.so
7fb33c4fc000-7fb33c4fd000 rw-p 00014000 08:06 1332                       /lib/libresolv-2.15.so
7fb33c4fd000-7fb33c4ff000 rw-p 00000000 00:00 0 
7fb33c4ff000-7fb33c558000 r-xp 00000000 08:06 531196                     /usr/lib/libpcre.so.1.0.0
7fb33c558000-7fb33c757000 ---p 00059000 08:06 531196                     /usr/lib/libpcre.so.1.0.0
7fb33c757000-7fb33c758000 r--p 00058000 08:06 531196                     /usr/lib/libpcre.so.1.0.0
7fb33c758000-7fb33c759000 rw-p 00059000 08:06 531196                     /usr/lib/libpcre.so.1.0.0
7fb33c759000-7fb33c760000 r-xp 00000000 08:06 533126                     /usr/lib/libffi.so.6.0.0
7fb33c760000-7fb33c95f000 ---p 00007000 08:06 533126                     /usr/lib/libffi.so.6.0.0
7fb33c95f000-7fb33c960000 r--p 00006000 08:06 533126                     /usr/lib/libffi.so.6.0.0
7fb33c960000-7fb33c961000 rw-p 00007000 08:06 533126                     /usr/lib/libffi.so.6.0.0
7fb33c961000-7fb33c963000 r-xp 00000000 08:06 533292                     /usr/lib/libXdamage.so.1.1.0
7fb33c963000-7fb33cb62000 ---p 00002000 08:06 533292                     /usr/lib/libXdamage.so.1.1.0
7fb33cb62000-7fb33cb63000 r--p 00001000 08:06 533292                     /usr/lib/libXdamage.so.1.1.0
7fb33cb63000-7fb33cb64000 rw-p 00002000 08:06 533292                     /usr/lib/libXdamage.so.1.1.0
7fb33cb64000-7fb33cb66000 r-xp 00000000 08:06 523753                     /usr/lib/libXcomposite.so.1.0.0
7fb33cb66000-7fb33cd65000 ---p 00002000 08:06 523753                     /usr/lib/libXcomposite.so.1.0.0
7fb33cd65000-7fb33cd66000 r--p 00001000 08:06 523753                     /usr/lib/libXcomposite.so.1.0.0
7fb33cd66000-7fb33cd67000 rw-p 00002000 08:06 523753                     /usr/lib/libXcomposite.so.1.0.0
7fb33cd67000-7fb33cd70000 r-xp 00000000 08:06 531336                     /usr/lib/libXcursor.so.1.0.2
7fb33cd70000-7fb33cf6f000 ---p 00009000 08:06 531336                     /usr/lib/libXcursor.so.1.0.2
7fb33cf6f000-7fb33cf70000 r--p 00008000 08:06 531336                     /usr/lib/libXcursor.so.1.0.2
7fb33cf70000-7fb33cf71000 rw-p 00009000 08:06 531336                     /usr/lib/libXcursor.so.1.0.2
7fb33cf71000-7fb33cf79000 r-xp 00000000 08:06 533170                     /usr/lib/libXrandr.so.2.2.0
7fb33cf79000-7fb33d178000 ---p 00008000 08:06 533170                     /usr/lib/libXrandr.so.2.2.0
7fb33d178000-7fb33d179000 r--p 00007000 08:06 533170                     /usr/lib/libXrandr.so.2.2.0
7fb33d179000-7fb33d17a000 rw-p 00008000 08:06 533170                     /usr/lib/libXrandr.so.2.2.0
7fb33d17a000-7fb33d17c000 r-xp 00000000 08:06 523766                     /usr/lib/libXinerama.so.1.0.0
7fb33d17c000-7fb33d37b000 ---p 00002000 08:06 523766                     /usr/lib/libXinerama.so.1.0.0
7fb33d37b000-7fb33d37c000 r--p 00001000 08:06 523766                     /usr/lib/libXinerama.so.1.0.0
7fb33d37c000-7fb33d37d000 rw-p 00002000 08:06 523766                     /usr/lib/libXinerama.so.1.0.0
7fb33d37d000-7fb33d382000 r-xp 00000000 08:06 523749                     /usr/lib/libXfixes.so.3.1.0
7fb33d382000-7fb33d582000 ---p 00005000 08:06 523749                     /usr/lib/libXfixes.so.3.1.0
7fb33d582000-7fb33d583000 r--p 00005000 08:06 523749                     /usr/lib/libXfixes.so.3.1.0
7fb33d583000-7fb33d584000 rw-p 00006000 08:06 523749                     /usr/lib/libXfixes.so.3.1.0
7fb33d584000-7fb33d5a1000 r-xp 00000000 08:06 533661                     /usr/lib/libxcb.so.1.1.0
7fb33d5a1000-7fb33d7a1000 ---p 0001d000 08:06 533661                     /usr/lib/libxcb.so.1.1.0
7fb33d7a1000-7fb33d7a2000 rw-p 0001d000 08:06 533661                     /usr/lib/libxcb.so.1.1.0
7fb33d7a2000-7fb33d7f4000 r-xp 00000000 08:06 527907                     /usr/lib/libcups.so.2
7fb33d7f4000-7fb33d9f4000 ---p 00052000 08:06 527907                     /usr/lib/libcups.so.2
7fb33d9f4000-7fb33d9f8000 r--p 00052000 08:06 527907                     /usr/lib/libcups.so.2
7fb33d9f8000-7fb33d9f9000 rw-p 00056000 08:06 527907                     /usr/lib/libcups.so.2
7fb33d9f9000-7fb33daeb000 r-xp 00000000 08:06 528037                     /usr/lib/libglib-2.0.so.0.3200.3
7fb33daeb000-7fb33dcea000 ---p 000f2000 08:06 528037                     /usr/lib/libglib-2.0.so.0.3200.3
7fb33dcea000-7fb33dceb000 r--p 000f1000 08:06 528037                     /usr/lib/libglib-2.0.so.0.3200.3
7fb33dceb000-7fb33dcec000 rw-p 000f2000 08:06 528037                     /usr/lib/libglib-2.0.so.0.3200.3
7fb33dcec000-7fb33dced000 rw-p 00000000 00:00 0 
7fb33dced000-7fb33dcee000 r-xp 00000000 08:06 528046                     /usr/lib/libgthread-2.0.so.0.3200.3
7fb33dcee000-7fb33deed000 ---p 00001000 08:06 528046                     /usr/lib/libgthread-2.0.so.0.3200.3
7fb33deed000-7fb33deee000 r--p 00000000 08:06 528046                     /usr/lib/libgthread-2.0.so.0.3200.3
7fb33deee000-7fb33deef000 rw-p 00001000 08:06 528046                     /usr/lib/libgthread-2.0.so.0.3200.3
7fb33deef000-7fb33df3b000 r-xp 00000000 08:06 528048                     /usr/lib/libgobject-2.0.so.0.3200.3
7fb33df3b000-7fb33e13b000 ---p 0004c000 08:06 528048                     /usr/lib/libgobject-2.0.so.0.3200.3
7fb33e13b000-7fb33e13c000 r--p 0004c000 08:06 528048                     /usr/lib/libgobject-2.0.so.0.3200.3
7fb33e13c000-7fb33e13d000 rw-p 0004d000 08:06 528048                     /usr/lib/libgobject-2.0.so.0.3200.3
7fb33e13d000-7fb33e171000 r-xp 00000000 08:06 534580                     /usr/lib/libfontconfig.so.1.4.4
7fb33e171000-7fb33e371000 ---p 00034000 08:06 534580                     /usr/lib/libfontconfig.so.1.4.4
7fb33e371000-7fb33e372000 r--p 00034000 08:06 534580                     /usr/lib/libfontconfig.so.1.4.4
7fb33e372000-7fb33e373000 rw-p 00035000 08:06 534580                     /usr/lib/libfontconfig.so.1.4.4
7fb33e373000-7fb33e40c000 r-xp 00000000 08:06 533427                     /usr/lib/libfreetype.so.6.8.1
7fb33e40c000-7fb33e60b000 ---p 00099000 08:06 533427                     /usr/lib/libfreetype.so.6.8.1
7fb33e60b000-7fb33e611000 r--p 00098000 08:06 533427                     /usr/lib/libfreetype.so.6.8.1
7fb33e611000-7fb33e612000 rw-p 0009e000 08:06 533427                     /usr/lib/libfreetype.so.6.8.1
7fb33e612000-7fb33e65a000 r-xp 00000000 08:06 533234                     /usr/lib/libpango-1.0.so.0.3000.0
7fb33e65a000-7fb33e85a000 ---p 00048000 08:06 533234                     /usr/lib/libpango-1.0.so.0.3000.0
7fb33e85a000-7fb33e85c000 r--p 00048000 08:06 533234                     /usr/lib/libpango-1.0.so.0.3000.0
7fb33e85c000-7fb33e85d000 rw-p 0004a000 08:06 533234                     /usr/lib/libpango-1.0.so.0.3000.0
7fb33e85d000-7fb33e94d000 r-xp 00000000 08:06 527614                     /usr/lib/libcairo.so.2.11200.2
7fb33e94d000-7fb33eb4d000 ---p 000f0000 08:06 527614                     /usr/lib/libcairo.so.2.11200.2
7fb33eb4d000-7fb33eb51000 rw-p 000f0000 08:06 527614                     /usr/lib/libcairo.so.2.11200.2
7fb33eb51000-7fb33eb52000 rw-p 00000000 00:00 0 
7fb33eb52000-7fb33eb73000 r-xp 00000000 08:06 532661                     /usr/lib/libgdk_pixbuf-2.0.so.0.2600.1
7fb33eb73000-7fb33ed72000 ---p 00021000 08:06 532661                     /usr/lib/libgdk_pixbuf-2.0.so.0.2600.1
7fb33ed72000-7fb33ed73000 r--p 00020000 08:06 532661                     /usr/lib/libgdk_pixbuf-2.0.so.0.2600.1
7fb33ed73000-7fb33ed74000 rw-p 00021000 08:06 532661                     /usr/lib/libgdk_pixbuf-2.0.so.0.2600.1
7fb33ed74000-7fb33ed7f000 r-xp 00000000 08:06 533238                     /usr/lib/libpangocairo-1.0.so.0.3000.0
7fb33ed7f000-7fb33ef7f000 ---p 0000b000 08:06 533238                     /usr/lib/libpangocairo-1.0.so.0.3000.0
7fb33ef7f000-7fb33ef80000 r--p 0000b000 08:06 533238                     /usr/lib/libpangocairo-1.0.so.0.3000.0
7fb33ef80000-7fb33ef81000 rw-p 0000c000 08:06 533238                     /usr/lib/libpangocairo-1.0.so.0.3000.0
7fb33ef81000-7fb33efac000 r-xp 00000000 08:06 533236                     /usr/lib/libpangoft2-1.0.so.0.3000.0
7fb33efac000-7fb33f1ac000 ---p 0002b000 08:06 533236                     /usr/lib/libpangoft2-1.0.so.0.3000.0
7fb33f1ac000-7fb33f1ad000 r--p 0002b000 08:06 533236                     /usr/lib/libpangoft2-1.0.so.0.3000.0
7fb33f1ad000-7fb33f1ae000 rw-p 0002c000 08:06 533236                     /usr/lib/libpangoft2-1.0.so.0.3000.0
7fb33f1ae000-7fb33f2f3000 r-xp 00000000 08:06 528051                     /usr/lib/libgio-2.0.so.0.3200.3
7fb33f2f3000-7fb33f4f3000 ---p 00145000 08:06 528051                     /usr/lib/libgio-2.0.so.0.3200.3
7fb33f4f3000-7fb33f4f7000 r--p 00145000 08:06 528051                     /usr/lib/libgio-2.0.so.0.3200.3
7fb33f4f7000-7fb33f4f9000 rw-p 00149000 08:06 528051                     /usr/lib/libgio-2.0.so.0.3200.3
7fb33f4f9000-7fb33f4fb000 rw-p 00000000 00:00 0 
7fb33f4fb000-7fb33f51b000 r-xp 00000000 08:06 533187                     /usr/lib/libatk-1.0.so.0.20409.1
7fb33f51b000-7fb33f71b000 ---p 00020000 08:06 533187                     /usr/lib/libatk-1.0.so.0.20409.1
7fb33f71b000-7fb33f71d000 r--p 00020000 08:06 533187                     /usr/lib/libatk-1.0.so.0.20409.1
7fb33f71d000-7fb33f71e000 rw-p 00022000 08:06 533187                     /usr/lib/libatk-1.0.so.0.20409.1
7fb33f71e000-7fb33f7cb000 r-xp 00000000 08:06 523419                     /usr/lib/libgdk-x11-2.0.so.0.2400.10
7fb33f7cb000-7fb33f9cb000 ---p 000ad000 08:06 523419                     /usr/lib/libgdk-x11-2.0.so.0.2400.10
7fb33f9cb000-7fb33f9cf000 r--p 000ad000 08:06 523419                     /usr/lib/libgdk-x11-2.0.so.0.2400.10
7fb33f9cf000-7fb33f9d1000 rw-p 000b1000 08:06 523419                     /usr/lib/libgdk-x11-2.0.so.0.2400.10
7fb33f9d1000-7fb33fdf3000 r-xp 00000000 08:06 523420                     /usr/lib/libgtk-x11-2.0.so.0.2400.10
7fb33fdf3000-7fb33fff3000 ---p 00422000 08:06 523420                     /usr/lib/libgtk-x11-2.0.so.0.2400.10
7fb33fff3000-7fb33fffa000 r--p 00422000 08:06 523420                     /usr/lib/libgtk-x11-2.0.so.0.2400.10
7fb33fffa000-7fb33fffe000 rw-p 00429000 08:06 523420                     /usr/lib/libgtk-x11-2.0.so.0.2400.10
7fb33fffe000-7fb340000000 rw-p 00000000 00:00 0 
7fb340000000-7fb340021000 rw-p 00000000 00:00 0 
7fb340021000-7fb344000000 ---p 00000000 00:00 0 
7fb344008000-7fb34400b000 r-xp 00000000 08:06 528042                     /usr/lib/libgmodule-2.0.so.0.3200.3
7fb34400b000-7fb34420a000 ---p 00003000 08:06 528042                     /usr/lib/libgmodule-2.0.so.0.3200.3
7fb34420a000-7fb34420b000 r--p 00002000 08:06 528042                     /usr/lib/libgmodule-2.0.so.0.3200.3
7fb34420b000-7fb34420c000 rw-p 00003000 08:06 528042                     /usr/lib/libgmodule-2.0.so.0.3200.3
7fb34420c000-7fb34421a000 r-xp 00000000 08:06 526751                     /usr/lib/libXi.so.6.1.0
7fb34421a000-7fb344419000 ---p 0000e000 08:06 526751                     /usr/lib/libXi.so.6.1.0
7fb344419000-7fb34441a000 r--p 0000d000 08:06 526751                     /usr/lib/libXi.so.6.1.0
7fb34441a000-7fb34441b000 rw-p 0000e000 08:06 526751                     /usr/lib/libXi.so.6.1.0
7fb34441b000-7fb344420000 r-xp 00000000 08:06 523793                     /usr/lib/libXtst.so.6.1.0
7fb344420000-7fb344620000 ---p 00005000 08:06 523793                     /usr/lib/libXtst.so.6.1.0
7fb344620000-7fb344621000 r--p 00005000 08:06 523793                     /usr/lib/libXtst.so.6.1.0
7fb344621000-7fb344622000 rw-p 00006000 08:06 523793                     /usr/lib/libXtst.so.6.1.0
7fb344622000-7fb34462c000 r-xp 00000000 08:06 529110                     /usr/lib/libXrender.so.1.3.0
7fb34462c000-7fb34482b000 ---p 0000a000 08:06 529110                     /usr/lib/libXrender.so.1.3.0
7fb34482b000-7fb34482c000 r--p 00009000 08:06 529110                     /usr/lib/libXrender.so.1.3.0
7fb34482c000-7fb34482d000 rw-p 0000a000 08:06 529110                     /usr/lib/libXrender.so.1.3.0
7fb34482d000-7fb344961000 r-xp 00000000 08:06 531386                     /usr/lib/libX11.so.6.3.0
7fb344961000-7fb344b61000 ---p 00134000 08:06 531386                     /usr/lib/libX11.so.6.3.0
7fb344b61000-7fb344b62000 r--p 00134000 08:06 531386                     /usr/lib/libX11.so.6.3.0
7fb344b62000-7fb344b67000 rw-p 00135000 08:06 531386                     /usr/lib/libX11.so.6.3.0
7fb344b67000-7fb344b79000 r-xp 00000000 08:06 523664                     /usr/lib/libXext.so.6.4.0
7fb344b79000-7fb344d78000 ---p 00012000 08:06 523664                     /usr/lib/libXext.so.6.4.0
7fb344d78000-7fb344d79000 r--p 00011000 08:06 523664                     /usr/lib/libXext.so.6.4.0
7fb344d79000-7fb344d7a000 rw-p 00012000 08:06 523664                     /usr/lib/libXext.so.6.4.0
7fb344d8f000-7fb344d93000 r--s 000a0000 08:06 523715                     /usr/lib/jvm/java-7-openjdk/jre/lib/jsse.jar
7fb344d93000-7fb344d94000 r--s 00000000 00:11 27270                      /home/tobi/.fontconfig/5604230ae2129cf9aeedc64ab4ef6938-le64.cache-3
7fb344d94000-7fb344daa000 r--s 00000000 08:07 22836                      /var/cache/fontconfig/8d4af663993b81a124ee82e610bb31f9-le64.cache-3
7fb344daa000-7fb344dfc000 r-xp 00000000 08:06 533913                     /usr/lib/jvm/java-7-openjdk/jre/lib/amd64/xawt/libmawt.so
7fb344dfc000-7fb344ffb000 ---p 00052000 08:06 533913                     /usr/lib/jvm/java-7-openjdk/jre/lib/amd64/xawt/libmawt.so
7fb344ffb000-7fb344fff000 rw-p 00051000 08:06 533913                     /usr/lib/jvm/java-7-openjdk/jre/lib/amd64/xawt/libmawt.so
7fb344fff000-7fb345000000 rw-p 00000000 00:00 0 
7fb345000000-7fb345270000 rwxp 00000000 00:00 0 
7fb345270000-7fb3484e3000 rw-p 00000000 00:00 0 
7fb3484e3000-7fb34c000000 ---p 00000000 00:00 0 
7fb34c001000-7fb34c0a3000 r-xp 00000000 08:06 525820                     /usr/lib/jvm/java-7-openjdk/jre/lib/amd64/libawt.so
7fb34c0a3000-7fb34c2a3000 ---p 000a2000 08:06 525820                     /usr/lib/jvm/java-7-openjdk/jre/lib/amd64/libawt.so
7fb34c2a3000-7fb34c2af000 rw-p 000a2000 08:06 525820                     /usr/lib/jvm/java-7-openjdk/jre/lib/amd64/libawt.so
7fb34c2af000-7fb34c2d3000 rw-p 00000000 00:00 0 
7fb34c2d3000-7fb34c2d4000 ---p 00000000 00:00 0 
7fb34c2d4000-7fb34c3d4000 rw-p 00000000 00:00 0 
7fb34c3d4000-7fb34c3d7000 ---p 00000000 00:00 0 
7fb34c3d7000-7fb34c4d5000 rw-p 00000000 00:00 0 
7fb34c4d5000-7fb34c4d8000 ---p 00000000 00:00 0 
7fb34c4d8000-7fb34c5d6000 rw-p 00000000 00:00 0 
7fb34c5d6000-7fb34c5d9000 ---p 00000000 00:00 0 
7fb34c5d9000-7fb34c6d7000 rw-p 00000000 00:00 0 
7fb34c6d7000-7fb34c6da000 ---p 00000000 00:00 0 
7fb34c6da000-7fb34c7d8000 rw-p 00000000 00:00 0 
7fb34c7d8000-7fb34cb84000 r--p 00000000 08:06 536728                     /usr/lib/locale/locale-archive
7fb34cb84000-7fb34cb87000 ---p 00000000 00:00 0 
7fb34cb87000-7fb34cc85000 rw-p 00000000 00:00 0 
7fb34cc85000-7fb34cc88000 ---p 00000000 00:00 0 
7fb34cc88000-7fb34cd86000 rw-p 00000000 00:00 0 
7fb34cd86000-7fb34cd87000 ---p 00000000 00:00 0 
7fb34cd87000-7fb34d3f8000 rw-p 00000000 00:00 0 
7fb34d3f8000-7fb34d5a7000 r--s 03e7b000 08:06 524045                     /usr/lib/jvm/java-7-openjdk/jre/lib/rt.jar
7fb34d5a7000-7fb34d5cf000 rw-p 00000000 00:00 0 
7fb34d5cf000-7fb34d5d0000 ---p 00000000 00:00 0 
7fb34d5d0000-7fb34d6d0000 rw-p 00000000 00:00 0 
7fb34d6d0000-7fb34d6d1000 ---p 00000000 00:00 0 
7fb34d6d1000-7fb34d7d1000 rw-p 00000000 00:00 0 
7fb34d7d1000-7fb34d7d2000 ---p 00000000 00:00 0 
7fb34d7d2000-7fb34d8d2000 rw-p 00000000 00:00 0 
7fb34d8d2000-7fb34d8d3000 ---p 00000000 00:00 0 
7fb34d8d3000-7fb34d9de000 rw-p 00000000 00:00 0 
7fb34d9de000-7fb34da26000 rw-p 00000000 00:00 0 
7fb34da26000-7fb34da79000 rw-p 00000000 00:00 0 
7fb34da79000-7fb34df4c000 rw-p 00000000 00:00 0 
7fb34df4c000-7fb34df57000 rw-p 00000000 00:00 0 
7fb34df57000-7fb34df9f000 rw-p 00000000 00:00 0 
7fb34df9f000-7fb34dff2000 rw-p 00000000 00:00 0 
7fb34dff2000-7fb34e4c4000 rw-p 00000000 00:00 0 
7fb34e4c4000-7fb34e4dd000 rw-p 00000000 00:00 0 
7fb34e4dd000-7fb34e4ee000 ---p 00000000 00:00 0 
7fb34e4ee000-7fb34e757000 rw-p 00000000 00:00 0 
7fb34e757000-7fb34e758000 rw-p 00000000 00:00 0 
7fb34e758000-7fb34e760000 r-xp 00000000 08:06 525197                     /usr/lib/jvm/java-7-openjdk/jre/lib/amd64/libzip.so
7fb34e760000-7fb34e95f000 ---p 00008000 08:06 525197                     /usr/lib/jvm/java-7-openjdk/jre/lib/amd64/libzip.so
7fb34e95f000-7fb34e960000 rw-p 00007000 08:06 525197                     /usr/lib/jvm/java-7-openjdk/jre/lib/amd64/libzip.so
7fb34e960000-7fb34e96c000 r-xp 00000000 08:06 1309                       /lib/libnss_files-2.15.so
7fb34e96c000-7fb34eb6b000 ---p 0000c000 08:06 1309                       /lib/libnss_files-2.15.so
7fb34eb6b000-7fb34eb6c000 r--p 0000b000 08:06 1309                       /lib/libnss_files-2.15.so
7fb34eb6c000-7fb34eb6d000 rw-p 0000c000 08:06 1309                       /lib/libnss_files-2.15.so
7fb34eb6d000-7fb34eb96000 r-xp 00000000 08:06 525207                     /usr/lib/jvm/java-7-openjdk/jre/lib/amd64/libjava.so
7fb34eb96000-7fb34ed95000 ---p 00029000 08:06 525207                     /usr/lib/jvm/java-7-openjdk/jre/lib/amd64/libjava.so
7fb34ed95000-7fb34ed97000 rw-p 00028000 08:06 525207                     /usr/lib/jvm/java-7-openjdk/jre/lib/amd64/libjava.so
7fb34ed97000-7fb34eda5000 r-xp 00000000 08:06 525194                     /usr/lib/jvm/java-7-openjdk/jre/lib/amd64/libverify.so
7fb34eda5000-7fb34efa4000 ---p 0000e000 08:06 525194                     /usr/lib/jvm/java-7-openjdk/jre/lib/amd64/libverify.so
7fb34efa4000-7fb34efa6000 rw-p 0000d000 08:06 525194                     /usr/lib/jvm/java-7-openjdk/jre/lib/amd64/libverify.so
7fb34efa6000-7fb34efad000 r-xp 00000000 08:06 1288                       /lib/librt-2.15.so
7fb34efad000-7fb34f1ac000 ---p 00007000 08:06 1288                       /lib/librt-2.15.so
7fb34f1ac000-7fb34f1ad000 r--p 00006000 08:06 1288                       /lib/librt-2.15.so
7fb34f1ad000-7fb34f1ae000 rw-p 00007000 08:06 1288                       /lib/librt-2.15.so
7fb34f1ae000-7fb34f1c3000 r-xp 00000000 08:06 526089                     /usr/lib/libgcc_s.so.1
7fb34f1c3000-7fb34f3c2000 ---p 00015000 08:06 526089                     /usr/lib/libgcc_s.so.1
7fb34f3c2000-7fb34f3c3000 rw-p 00014000 08:06 526089                     /usr/lib/libgcc_s.so.1
7fb34f3c3000-7fb34f4b6000 r-xp 00000000 08:06 1293                       /lib/libm-2.15.so
7fb34f4b6000-7fb34f6b6000 ---p 000f3000 08:06 1293                       /lib/libm-2.15.so
7fb34f6b6000-7fb34f6b7000 r--p 000f3000 08:06 1293                       /lib/libm-2.15.so
7fb34f6b7000-7fb34f6b8000 rw-p 000f4000 08:06 1293                       /lib/libm-2.15.so
7fb34f6b8000-7fb34f79d000 r-xp 00000000 08:06 526567                     /usr/lib/libstdc++.so.6.0.17
7fb34f79d000-7fb34f99d000 ---p 000e5000 08:06 526567                     /usr/lib/libstdc++.so.6.0.17
7fb34f99d000-7fb34f9a5000 r--p 000e5000 08:06 526567                     /usr/lib/libstdc++.so.6.0.17
7fb34f9a5000-7fb34f9a7000 rw-p 000ed000 08:06 526567                     /usr/lib/libstdc++.so.6.0.17
7fb34f9a7000-7fb34f9bc000 rw-p 00000000 00:00 0 
7fb34f9bc000-7fb35034f000 r-xp 00000000 08:06 525849                     /usr/lib/jvm/java-7-openjdk/jre/lib/amd64/server/libjvm.so
7fb35034f000-7fb35054f000 ---p 00993000 08:06 525849                     /usr/lib/jvm/java-7-openjdk/jre/lib/amd64/server/libjvm.so
7fb35054f000-7fb3505eb000 rw-p 00993000 08:06 525849                     /usr/lib/jvm/java-7-openjdk/jre/lib/amd64/server/libjvm.so
7fb3505eb000-7fb350615000 rw-p 00000000 00:00 0 
7fb350615000-7fb3507ac000 r-xp 00000000 08:06 1304                       /lib/libc-2.15.so
7fb3507ac000-7fb3509ac000 ---p 00197000 08:06 1304                       /lib/libc-2.15.so
7fb3509ac000-7fb3509b0000 r--p 00197000 08:06 1304                       /lib/libc-2.15.so
7fb3509b0000-7fb3509b2000 rw-p 0019b000 08:06 1304                       /lib/libc-2.15.so
7fb3509b2000-7fb3509b6000 rw-p 00000000 00:00 0 
7fb3509b6000-7fb3509b9000 r-xp 00000000 08:06 1292                       /lib/libdl-2.15.so
7fb3509b9000-7fb350bb8000 ---p 00003000 08:06 1292                       /lib/libdl-2.15.so
7fb350bb8000-7fb350bb9000 r--p 00002000 08:06 1292                       /lib/libdl-2.15.so
7fb350bb9000-7fb350bba000 rw-p 00003000 08:06 1292                       /lib/libdl-2.15.so
7fb350bba000-7fb350bcf000 r-xp 00000000 08:06 528979                     /usr/lib/libz.so.1.2.7
7fb350bcf000-7fb350dce000 ---p 00015000 08:06 528979                     /usr/lib/libz.so.1.2.7
7fb350dce000-7fb350dcf000 r--p 00014000 08:06 528979                     /usr/lib/libz.so.1.2.7
7fb350dcf000-7fb350dd0000 rw-p 00015000 08:06 528979                     /usr/lib/libz.so.1.2.7
7fb350dd0000-7fb350ddc000 r-xp 00000000 08:06 526062                     /usr/lib/jvm/java-7-openjdk/jre/lib/amd64/jli/libjli.so
7fb350ddc000-7fb350fdc000 ---p 0000c000 08:06 526062                     /usr/lib/jvm/java-7-openjdk/jre/lib/amd64/jli/libjli.so
7fb350fdc000-7fb350fdd000 rw-p 0000c000 08:06 526062                     /usr/lib/jvm/java-7-openjdk/jre/lib/amd64/jli/libjli.so
7fb350fdd000-7fb350ff4000 r-xp 00000000 08:06 929                        /lib/libpthread-2.15.so
7fb350ff4000-7fb3511f3000 ---p 00017000 08:06 929                        /lib/libpthread-2.15.so
7fb3511f3000-7fb3511f4000 r--p 00016000 08:06 929                        /lib/libpthread-2.15.so
7fb3511f4000-7fb3511f5000 rw-p 00017000 08:06 929                        /lib/libpthread-2.15.so
7fb3511f5000-7fb3511f9000 rw-p 00000000 00:00 0 
7fb3511f9000-7fb35121a000 r-xp 00000000 08:06 1312                       /lib/ld-2.15.so
7fb35121a000-7fb351223000 r--s 00000000 08:07 26938                      /var/cache/fontconfig/d62e99ef547d1d24cdb1bd22ec1a2976-le64.cache-3
7fb351223000-7fb35122d000 rw-p 00000000 00:00 0 
7fb35122d000-7fb3512e3000 rw-p 00000000 00:00 0 
7fb3512e3000-7fb3512e6000 ---p 00000000 00:00 0 
7fb3512e6000-7fb3513e9000 rw-p 00000000 00:00 0 
7fb3513e9000-7fb3513ea000 rw-s 00005000 00:05 10083                      /dev/ati/card1
7fb3513ea000-7fb35140a000 rw-s feae0000 00:05 10083                      /dev/ati/card1
7fb35140a000-7fb35140c000 rw-s 00002000 00:05 10083                      /dev/ati/card1
7fb35140c000-7fb35140f000 r--s 0000f000 08:06 526356                     /usr/lib/jvm/java-7-openjdk/jre/lib/ext/pulse-java.jar
7fb35140f000-7fb351417000 rw-s 00000000 08:06 527780                     /tmp/hsperfdata_tobi/6160 (deleted)
7fb351417000-7fb351418000 rw-p 00000000 00:00 0 
7fb351418000-7fb351419000 ---p 00000000 00:00 0 
7fb351419000-7fb35141a000 rw-p 00000000 00:00 0 
7fb35141a000-7fb35141b000 r--p 00021000 08:06 1312                       /lib/ld-2.15.so
7fb35141b000-7fb35141c000 rw-p 00022000 08:06 1312                       /lib/ld-2.15.so
7fb35141c000-7fb35141d000 rw-p 00000000 00:00 0 
7fff3d4ed000-7fff3d50e000 rw-p 00000000 00:00 0                          [stack]
7fff3d540000-7fff3d541000 r-xp 00000000 00:00 0                          [vdso]
ffffffffff600000-ffffffffff601000 r-xp 00000000 00:00 0                  [vsyscall]

VM Arguments:
jvm_args: -Dsun.java2d.opengl=True -Dfile.encoding=UTF-8 
java_command: bombi.BombiGui
Launcher Type: SUN_STANDARD

Environment Variables:
JAVA_HOME=/usr/lib/jvm/java-7-openjdk
PATH=/usr/local/bin:/usr/bin:/bin:/usr/local/sbin:/usr/sbin:/sbin:/opt/android-sdk/platform-tools:/opt/android-sdk/tools:/usr/bin/vendor_perl:/usr/bin/core_perl
SHELL=/bin/bash
DISPLAY=:0.0

Signal Handlers:
SIGSEGV: [libjvm.so+0x807d30], sa_mask[0]=0x7ffbfeff, sa_flags=0x10000004
SIGBUS: [libjvm.so+0x807d30], sa_mask[0]=0x7ffbfeff, sa_flags=0x10000004
SIGFPE: [libjvm.so+0x6ac970], sa_mask[0]=0x7ffbfeff, sa_flags=0x10000004
SIGPIPE: [libjvm.so+0x6ac970], sa_mask[0]=0x7ffbfeff, sa_flags=0x10000004
SIGXFSZ: [libjvm.so+0x6ac970], sa_mask[0]=0x7ffbfeff, sa_flags=0x10000004
SIGILL: [libjvm.so+0x6ac970], sa_mask[0]=0x7ffbfeff, sa_flags=0x10000004
SIGUSR1: SIG_DFL, sa_mask[0]=0x00000000, sa_flags=0x00000000
SIGUSR2: [libjvm.so+0x6acd40], sa_mask[0]=0x00000004, sa_flags=0x10000004
SIGHUP: [libjvm.so+0x6ace80], sa_mask[0]=0x7ffbfeff, sa_flags=0x10000004
SIGINT: [libjvm.so+0x6ace80], sa_mask[0]=0x7ffbfeff, sa_flags=0x10000004
SIGTERM: [libjvm.so+0x6ace80], sa_mask[0]=0x7ffbfeff, sa_flags=0x10000004
SIGQUIT: [libjvm.so+0x6ace80], sa_mask[0]=0x7ffbfeff, sa_flags=0x10000004


---------------  S Y S T E M  ---------------

OS:Linux
uname:Linux 3.3.6-1-ARCH #1 SMP PREEMPT Sun May 13 10:52:32 CEST 2012 x86_64
libc:glibc 2.15 NPTL 2.15 
rlimit: STACK 8192k, CORE 0k, NPROC 125839, NOFILE 4096, AS infinity
load average:1.48 1.38 1.41

/proc/meminfo:
MemTotal:       16180360 kB
MemFree:         8187364 kB
Buffers:         1683272 kB
Cached:          3952772 kB
SwapCached:            0 kB
Active:          2869304 kB
Inactive:        4385756 kB
Active(anon):    1619976 kB
Inactive(anon):    54124 kB
Active(file):    1249328 kB
Inactive(file):  4331632 kB
Unevictable:           0 kB
Mlocked:               0 kB
SwapTotal:             0 kB
SwapFree:              0 kB
Dirty:               360 kB
Writeback:             0 kB
AnonPages:       1618904 kB
Mapped:           336436 kB
Shmem:             55096 kB
Slab:             351464 kB
SReclaimable:     318036 kB
SUnreclaim:        33428 kB
KernelStack:        4256 kB
PageTables:        40308 kB
NFS_Unstable:          0 kB
Bounce:                0 kB
WritebackTmp:          0 kB
CommitLimit:     8090180 kB
Committed_AS:    3409092 kB
VmallocTotal:   34359738367 kB
VmallocUsed:      361360 kB
VmallocChunk:   34359373283 kB
HardwareCorrupted:     0 kB
AnonHugePages:    897024 kB
HugePages_Total:       0
HugePages_Free:        0
HugePages_Rsvd:        0
HugePages_Surp:        0
Hugepagesize:       2048 kB
DirectMap4k:      125440 kB
DirectMap2M:     7999488 kB
DirectMap1G:     8388608 kB


CPU:total 4 (4 cores per cpu, 1 threads per core) family 16 model 5 stepping 2, cmov, cx8, fxsr, mmx, sse, sse2, sse3, popcnt, mmxext, 3dnowpref, lzcnt, sse4a

/proc/cpuinfo:
processor	: 0
vendor_id	: AuthenticAMD
cpu family	: 16
model		: 5
model name	: AMD Athlon(tm) II X4 620 Processor
stepping	: 2
microcode	: 0x10000c6
cpu MHz		: 1400.000
cache size	: 512 KB
physical id	: 0
siblings	: 4
core id		: 0
cpu cores	: 4
apicid		: 0
initial apicid	: 0
fpu		: yes
fpu_exception	: yes
cpuid level	: 5
wp		: yes
flags		: fpu vme de pse tsc msr pae mce cx8 apic sep mtrr pge mca cmov pat pse36 clflush mmx fxsr sse sse2 ht syscall nx mmxext fxsr_opt pdpe1gb rdtscp lm 3dnowext 3dnow constant_tsc rep_good nopl nonstop_tsc extd_apicid pni monitor cx16 popcnt lahf_lm cmp_legacy svm extapic cr8_legacy abm sse4a misalignsse 3dnowprefetch osvw ibs skinit wdt nodeid_msr npt lbrv svm_lock nrip_save
bogomips	: 5225.31
TLB size	: 1024 4K pages
clflush size	: 64
cache_alignment	: 64
address sizes	: 48 bits physical, 48 bits virtual
power management: ts ttp tm stc 100mhzsteps hwpstate

processor	: 1
vendor_id	: AuthenticAMD
cpu family	: 16
model		: 5
model name	: AMD Athlon(tm) II X4 620 Processor
stepping	: 2
microcode	: 0x10000c6
cpu MHz		: 800.000
cache size	: 512 KB
physical id	: 0
siblings	: 4
core id		: 1
cpu cores	: 4
apicid		: 1
initial apicid	: 1
fpu		: yes
fpu_exception	: yes
cpuid level	: 5
wp		: yes
flags		: fpu vme de pse tsc msr pae mce cx8 apic sep mtrr pge mca cmov pat pse36 clflush mmx fxsr sse sse2 ht syscall nx mmxext fxsr_opt pdpe1gb rdtscp lm 3dnowext 3dnow constant_tsc rep_good nopl nonstop_tsc extd_apicid pni monitor cx16 popcnt lahf_lm cmp_legacy svm extapic cr8_legacy abm sse4a misalignsse 3dnowprefetch osvw ibs skinit wdt nodeid_msr npt lbrv svm_lock nrip_save
bogomips	: 5225.31
TLB size	: 1024 4K pages
clflush size	: 64
cache_alignment	: 64
address sizes	: 48 bits physical, 48 bits virtual
power management: ts ttp tm stc 100mhzsteps hwpstate

processor	: 2
vendor_id	: AuthenticAMD
cpu family	: 16
model		: 5
model name	: AMD Athlon(tm) II X4 620 Processor
stepping	: 2
microcode	: 0x10000c6
cpu MHz		: 2600.000
cache size	: 512 KB
physical id	: 0
siblings	: 4
core id		: 2
cpu cores	: 4
apicid		: 2
initial apicid	: 2
fpu		: yes
fpu_exception	: yes
cpuid level	: 5
wp		: yes
flags		: fpu vme de pse tsc msr pae mce cx8 apic sep mtrr pge mca cmov pat pse36 clflush mmx fxsr sse sse2 ht syscall nx mmxext fxsr_opt pdpe1gb rdtscp lm 3dnowext 3dnow constant_tsc rep_good nopl nonstop_tsc extd_apicid pni monitor cx16 popcnt lahf_lm cmp_legacy svm extapic cr8_legacy abm sse4a misalignsse 3dnowprefetch osvw ibs skinit wdt nodeid_msr npt lbrv svm_lock nrip_save
bogomips	: 5225.31
TLB size	: 1024 4K pages
clflush size	: 64
cache_alignment	: 64
address sizes	: 48 bits physical, 48 bits virtual
power management: ts ttp tm stc 100mhzsteps hwpstate

processor	: 3
vendor_id	: AuthenticAMD
cpu family	: 16
model		: 5
model name	: AMD Athlon(tm) II X4 620 Processor
stepping	: 2
microcode	: 0x10000c6
cpu MHz		: 2600.000
cache size	: 512 KB
physical id	: 0
siblings	: 4
core id		: 3
cpu cores	: 4
apicid		: 3
initial apicid	: 3
fpu		: yes
fpu_exception	: yes
cpuid level	: 5
wp		: yes
flags		: fpu vme de pse tsc msr pae mce cx8 apic sep mtrr pge mca cmov pat pse36 clflush mmx fxsr sse sse2 ht syscall nx mmxext fxsr_opt pdpe1gb rdtscp lm 3dnowext 3dnow constant_tsc rep_good nopl nonstop_tsc extd_apicid pni monitor cx16 popcnt lahf_lm cmp_legacy svm extapic cr8_legacy abm sse4a misalignsse 3dnowprefetch osvw ibs skinit wdt nodeid_msr npt lbrv svm_lock nrip_save
bogomips	: 5225.31
TLB size	: 1024 4K pages
clflush size	: 64
cache_alignment	: 64
address sizes	: 48 bits physical, 48 bits virtual
power management: ts ttp tm stc 100mhzsteps hwpstate



Memory: 4k page, physical 16180360k(8187364k free), swap 0k(0k free)

vm_info: OpenJDK 64-Bit Server VM (22.0-b10) for linux-amd64 JRE (1.7.0_03-b147), built on Mar  6 2012 20:02:29 by "nobody" with gcc 4.6.3

time: Fri May 18 20:51:05 2012
elapsed time: 227 seconds

