#
# A fatal error has been detected by the Java Runtime Environment:
#
#  SIGSEGV (0xb) at pc=0x00007f89221892a8, pid=4876, tid=140226982483712
#
# JRE version: 7.0_03-b147
# Java VM: OpenJDK 64-Bit Server VM (22.0-b10 mixed mode linux-amd64 compressed oops)
# Derivative: IcedTea7 2.1
# Distribution: Custom build (Tue Mar  6 19:52:34 UTC 2012)
# Problematic frame:
# C  [libX11.so.6+0x382a8]  XQueryExtension+0x28
#
# Failed to write core dump. Core dumps have been disabled. To enable core dumping, try "ulimit -c unlimited" before starting Java again
#
# If you would like to submit a bug report, please include
# instructions on how to reproduce the bug and visit:
#   http://icedtea.classpath.org/bugzilla
#

---------------  T H R E A D  ---------------

Current thread (0x00007f892809d000):  VMThread [stack: 0x00007f89236a9000,0x00007f89237aa000] [id=4886]

siginfo:si_signo=SIGSEGV: si_errno=0, si_code=1 (SEGV_MAPERR), si_addr=0x00000000281c8d88

Registers:
RAX=0x00007f8908000bd0, RBX=0x00000000281c8420, RCX=0x00007f89237a88b8, RDX=0x00007f89237a88b4
RSP=0x00007f89237a8850, RBP=0x00007f891265c932, RSI=0x00007f891265c932, RDI=0x00000000281c8420
R8 =0x00007f89237a88bc, R9 =0x0000000000000003, R10=0x0000000000020411, R11=0x00007f892df82ad0
R12=0x0000000000000000, R13=0x00007f891265c932, R14=0x00007f8908000bd0, R15=0x0000000000000000
RIP=0x00007f89221892a8, EFLAGS=0x0000000000010206, CSGSFS=0x0000000000000033, ERR=0x0000000000000004
  TRAPNO=0x000000000000000e

Top of Stack: (sp=0x00007f89237a8850)
0x00007f89237a8850:   0000000000000000 0000000000000000
0x00007f89237a8860:   0000000000000000 0000003000000003
0x00007f89237a8870:   0000006e0000005b 00000000281c8420
0x00007f89237a8880:   00007f891265c932 0000000000000000
0x00007f89237a8890:   00007f891265c932 00007f8908000bd0
0x00007f89237a88a0:   0000000000000000 00007f892217d285
0x00007f89237a88b0:   0000000000000000 00007f892dfc7b20
0x00007f89237a88c0:   00007f8912795520 00000000281c8420
0x00007f89237a88d0:   00007f89281d0c80 00007f8922499b1b
0x00007f89237a88e0:   00007f8900000005 0000001100000000
0x00007f89237a88f0:   00007f8900000005 0000000000000000
0x00007f89237a8900:   00007f89237a8970 00000000281c8420
0x00007f89237a8910:   00007f89237a8af8 00007f89237a8c10
0x00007f89237a8920:   00007f89127aed50 00007f8912603119
0x00007f89237a8930:   0000000000000000 00007f89281d0d30
0x00007f89237a8940:   00007f89237a8970 00007f8912a11008
0x00007f89237a8950:   00007f89237a8af8 00007f89237a8c10
0x00007f89237a8960:   00000000ffffffff 00007f89125f9b42
0x00007f89237a8970:   00007f89237a8c80 00007f891265c8b1
0x00007f89237a8980:   00007f89237a8c80 00007f892eb3df5f
0x00007f89237a8990:   00007f892ed52170 00007f892ed52700
0x00007f89237a89a0:   00007f892ed1e000 00007f8928005900
0x00007f89237a89b0:   00007f892800a110 00007f892817b250
0x00007f89237a89c0:   00007f892817c6d0 00007f892817d060
0x00007f89237a89d0:   00007f892817d570 00007f892817cb70
0x00007f89237a89e0:   00007f892817da80 00007f892817e990
0x00007f89237a89f0:   00007f892817e480 00007f892817eea0
0x00007f89237a8a00:   00007f892817f3a0 00007f892817f890
0x00007f89237a8a10:   00007f89281802b0 00007f8928181bf0
0x00007f89237a8a20:   00007f8928182d50 00007f8928183250
0x00007f89237a8a30:   00007f8928183740 00007f892817c230
0x00007f89237a8a40:   00007f8928183c40 00007f8928184150 

Instructions: (pc=0x00007f89221892a8)
0x00007f8922189288:   24 d8 48 89 fb 4c 89 64 24 e0 4c 89 6c 24 e8 48
0x00007f8922189298:   89 f5 4c 89 74 24 f0 4c 89 7c 24 f8 48 83 ec 58
0x00007f89221892a8:   48 8b 87 68 09 00 00 49 89 d4 49 89 cd 4d 89 c6
0x00007f89221892b8:   48 85 c0 74 02 ff 10 ba 08 00 00 00 be 62 00 00 

Register to memory mapping:

RAX=0x00007f8908000bd0 is an unknown value
RBX=0x00000000281c8420 is an unknown value
RCX=0x00007f89237a88b8 is an unknown value
RDX=0x00007f89237a88b4 is an unknown value
RSP=0x00007f89237a8850 is an unknown value
RBP=0x00007f891265c932: <offset 0x96932> in /usr/lib/libGL.so.1 at 0x00007f89125c6000
RSI=0x00007f891265c932: <offset 0x96932> in /usr/lib/libGL.so.1 at 0x00007f89125c6000
RDI=0x00000000281c8420 is an unknown value
R8 =0x00007f89237a88bc is an unknown value
R9 =0x0000000000000003 is an unknown value
R10=0x0000000000020411 is an unknown value
R11=0x00007f892df82ad0: __cxa_finalize+0 in /lib/libc.so.6 at 0x00007f892df4b000
R12=0x0000000000000000 is an unknown value
R13=0x00007f891265c932: <offset 0x96932> in /usr/lib/libGL.so.1 at 0x00007f89125c6000
R14=0x00007f8908000bd0 is an unknown value
R15=0x0000000000000000 is an unknown value


Stack: [0x00007f89236a9000,0x00007f89237aa000],  sp=0x00007f89237a8850,  free space=1022k
Native frames: (J=compiled Java code, j=interpreted, Vv=VM code, C=native code)
C  [libX11.so.6+0x382a8]  XQueryExtension+0x28

VM_Operation (0x00007f88eb2f1f60): Exit, mode: safepoint, requested by thread 0x00007f89284ce800


---------------  P R O C E S S  ---------------

Java Threads: ( => current thread )
  0x00007f8928006000 JavaThread "DestroyJavaVM" [_thread_blocked, id=4879, stack(0x00007f892ec19000,0x00007f892ed1a000)]
  0x00007f89284d3800 JavaThread "Thread-0" [_thread_blocked, id=4901, stack(0x00007f88eb0f3000,0x00007f88eb1f4000)]
  0x00007f89284ce800 JavaThread "AWT-EventQueue-0" [_thread_blocked, id=4899, stack(0x00007f88eb1f4000,0x00007f88eb2f5000)]
  0x00007f89284cd000 JavaThread "AWT-Shutdown" [_thread_blocked, id=4898, stack(0x00007f88eb2f5000,0x00007f88eb3f6000)]
  0x00007f8928430000 JavaThread "AWT-XAWT" daemon [_thread_blocked, id=4897, stack(0x00007f88eb4f5000,0x00007f88eb5f6000)]
  0x00007f89283e6000 JavaThread "Java2D Disposer" daemon [_thread_blocked, id=4896, stack(0x00007f88eb5f6000,0x00007f88eb6f7000)]
  0x00007f89283e3800 JavaThread "Java2D Queue Flusher" daemon [_thread_blocked, id=4895, stack(0x00007f88eb77f000,0x00007f88eb880000)]
  0x00007f8928106000 JavaThread "Service Thread" daemon [_thread_blocked, id=4892, stack(0x00007f8922cf7000,0x00007f8922df8000)]
  0x00007f8928103800 JavaThread "C2 CompilerThread1" daemon [_thread_blocked, id=4891, stack(0x00007f8922df8000,0x00007f8922ef9000)]
  0x00007f8928101000 JavaThread "C2 CompilerThread0" daemon [_thread_blocked, id=4890, stack(0x00007f8922ef9000,0x00007f8922ffa000)]
  0x00007f89280a8000 JavaThread "Finalizer" daemon [_thread_blocked, id=4888, stack(0x00007f89234a7000,0x00007f89235a8000)]
  0x00007f89280a5800 JavaThread "Reference Handler" daemon [_thread_blocked, id=4887, stack(0x00007f89235a8000,0x00007f89236a9000)]

Other Threads:
=>0x00007f892809d000 VMThread [stack: 0x00007f89236a9000,0x00007f89237aa000] [id=4886]

VM state:at safepoint (shutting down)

VM Mutex/Monitor currently owned by a thread:  ([mutex/lock_event])
[0x00007f8928003f50] Threads_lock - owner thread: 0x00007f892809d000

Heap
 PSYoungGen      total 73792K, used 9726K [0x00000007adab0000, 0x00000007b2d00000, 0x0000000800000000)
  eden space 63296K, 9% used [0x00000007adab0000,0x00000007ae0bed70,0x00000007b1880000)
  from space 10496K, 33% used [0x00000007b1880000,0x00000007b1bf0b40,0x00000007b22c0000)
  to   space 10496K, 0% used [0x00000007b22c0000,0x00000007b22c0000,0x00000007b2d00000)
 PSOldGen        total 168576K, used 0K [0x0000000709000000, 0x00000007134a0000, 0x00000007adab0000)
  object space 168576K, 0% used [0x0000000709000000,0x0000000709000000,0x00000007134a0000)
 PSPermGen       total 21248K, used 10858K [0x00000006fea00000, 0x00000006ffec0000, 0x0000000709000000)
  object space 21248K, 51% used [0x00000006fea00000,0x00000006ff49a808,0x00000006ffec0000)

Code Cache  [0x00007f8925000000, 0x00007f8925270000, 0x00007f8928000000)
 total_blobs=513 nmethods=79 adapters=388 free_code_cache=48425Kb largest_free_block=49563456

Dynamic libraries:
00400000-00401000 r-xp 00000000 08:06 533859                             /usr/lib/jvm/java-7-openjdk/jre/bin/java
00600000-00601000 rw-p 00000000 08:06 533859                             /usr/lib/jvm/java-7-openjdk/jre/bin/java
00b0f000-00b30000 rw-p 00000000 00:00 0                                  [heap]
6fea00000-6ffec0000 rw-p 00000000 00:00 0 
6ffec0000-709000000 rw-p 00000000 00:00 0 
709000000-7134a0000 rw-p 00000000 00:00 0 
7134a0000-7adab0000 rw-p 00000000 00:00 0 
7adab0000-7b2d00000 rw-p 00000000 00:00 0 
7b2d00000-800000000 rw-p 00000000 00:00 0 
7f88c0000000-7f88c0021000 rw-p 00000000 00:00 0 
7f88c0021000-7f88c4000000 ---p 00000000 00:00 0 
7f88c8000000-7f88c80f7000 rw-p 00000000 00:00 0 
7f88c80f7000-7f88cc000000 ---p 00000000 00:00 0 
7f88cc000000-7f88cc021000 rw-p 00000000 00:00 0 
7f88cc021000-7f88d0000000 ---p 00000000 00:00 0 
7f88d0000000-7f88d0021000 rw-p 00000000 00:00 0 
7f88d0021000-7f88d4000000 ---p 00000000 00:00 0 
7f88d4000000-7f88d41cd000 rw-p 00000000 00:00 0 
7f88d41cd000-7f88d8000000 ---p 00000000 00:00 0 
7f88d8000000-7f88d8021000 rw-p 00000000 00:00 0 
7f88d8021000-7f88dc000000 ---p 00000000 00:00 0 
7f88dc000000-7f88dc021000 rw-p 00000000 00:00 0 
7f88dc021000-7f88e0000000 ---p 00000000 00:00 0 
7f88e0000000-7f88e0919000 rw-p 00000000 00:00 0 
7f88e0919000-7f88e4000000 ---p 00000000 00:00 0 
7f88e4000000-7f88e4021000 rw-p 00000000 00:00 0 
7f88e4021000-7f88e8000000 ---p 00000000 00:00 0 
7f88ea38b000-7f88ea38e000 ---p 00000000 00:00 0 
7f88ea38e000-7f88ea48c000 rw-p 00000000 00:00 0 
7f88ea48c000-7f88ea48f000 ---p 00000000 00:00 0 
7f88ea48f000-7f88ea58d000 rw-p 00000000 00:00 0 
7f88ea58d000-7f88ea78e000 rw-s d513d000 00:05 10083                      /dev/ati/card1
7f88ea78e000-7f88ea98f000 rw-s d4f3d000 00:05 10083                      /dev/ati/card1
7f88ea98f000-7f88ea99f000 r-xp 00000000 08:06 525189                     /usr/lib/jvm/java-7-openjdk/jre/lib/amd64/libnio.so
7f88ea99f000-7f88eab9f000 ---p 00010000 08:06 525189                     /usr/lib/jvm/java-7-openjdk/jre/lib/amd64/libnio.so
7f88eab9f000-7f88eaba0000 rw-p 00010000 08:06 525189                     /usr/lib/jvm/java-7-openjdk/jre/lib/amd64/libnio.so
7f88eaba0000-7f88eabb5000 r-xp 00000000 08:06 525188                     /usr/lib/jvm/java-7-openjdk/jre/lib/amd64/libnet.so
7f88eabb5000-7f88eadb5000 ---p 00015000 08:06 525188                     /usr/lib/jvm/java-7-openjdk/jre/lib/amd64/libnet.so
7f88eadb5000-7f88eadb6000 rw-p 00015000 08:06 525188                     /usr/lib/jvm/java-7-openjdk/jre/lib/amd64/libnet.so
7f88eadb6000-7f88eadf0000 r-xp 00000000 08:06 525196                     /usr/lib/jvm/java-7-openjdk/jre/lib/amd64/libfontmanager.so
7f88eadf0000-7f88eaff0000 ---p 0003a000 08:06 525196                     /usr/lib/jvm/java-7-openjdk/jre/lib/amd64/libfontmanager.so
7f88eaff0000-7f88eaff3000 rw-p 0003a000 08:06 525196                     /usr/lib/jvm/java-7-openjdk/jre/lib/amd64/libfontmanager.so
7f88eaff3000-7f88eb0f3000 rw-s 09fff000 00:05 10083                      /dev/ati/card1
7f88eb0f3000-7f88eb0f6000 ---p 00000000 00:00 0 
7f88eb0f6000-7f88eb1f4000 rw-p 00000000 00:00 0 
7f88eb1f4000-7f88eb1f7000 ---p 00000000 00:00 0 
7f88eb1f7000-7f88eb2f5000 rw-p 00000000 00:00 0 
7f88eb2f5000-7f88eb2f8000 ---p 00000000 00:00 0 
7f88eb2f8000-7f88eb3f6000 rw-p 00000000 00:00 0 
7f88eb3f6000-7f88eb43b000 r--s 00000000 08:07 26937                      /var/cache/fontconfig/f6b893a7224233d96cb72fd88691c0b4-le64.cache-3
7f88eb43b000-7f88eb498000 r--s 00000000 08:07 26936                      /var/cache/fontconfig/17090aa38d5c6f09fb8c5c354938f1d7-le64.cache-3
7f88eb498000-7f88eb4f5000 r--s 00000000 08:07 26934                      /var/cache/fontconfig/df311e82a1a24c41a75c2c930223552e-le64.cache-3
7f88eb4f5000-7f88eb4f8000 ---p 00000000 00:00 0 
7f88eb4f8000-7f88eb5f6000 rw-p 00000000 00:00 0 
7f88eb5f6000-7f88eb5f9000 ---p 00000000 00:00 0 
7f88eb5f9000-7f88eb73f000 rw-p 00000000 00:00 0 
7f88eb73f000-7f88eb77f000 rw-s 00030000 00:05 10083                      /dev/ati/card1
7f88eb77f000-7f88eb782000 ---p 00000000 00:00 0 
7f88eb782000-7f88eb880000 rw-p 00000000 00:00 0 
7f88eb880000-7f88ebf80000 rw-s 00006000 00:05 10083                      /dev/ati/card1
7f88ebf80000-7f88ec000000 rw-p 00000000 00:00 0 
7f88ec000000-7f88ec449000 rw-p 00000000 00:00 0 
7f88ec449000-7f88f0000000 ---p 00000000 00:00 0 
7f88f0000000-7f88f0021000 rw-p 00000000 00:00 0 
7f88f0021000-7f88f4000000 ---p 00000000 00:00 0 
7f88f4000000-7f88f4021000 rw-p 00000000 00:00 0 
7f88f4021000-7f88f8000000 ---p 00000000 00:00 0 
7f88f8000000-7f88f8442000 rw-p 00000000 00:00 0 
7f88f8442000-7f88fc000000 ---p 00000000 00:00 0 
7f88fc000000-7f88fc021000 rw-p 00000000 00:00 0 
7f88fc021000-7f8900000000 ---p 00000000 00:00 0 
7f8900000000-7f8900021000 rw-p 00000000 00:00 0 
7f8900021000-7f8904000000 ---p 00000000 00:00 0 
7f8904000000-7f8904021000 rw-p 00000000 00:00 0 
7f8904021000-7f8908000000 ---p 00000000 00:00 0 
7f8908000000-7f8908021000 rw-p 00000000 00:00 0 
7f8908021000-7f890c000000 ---p 00000000 00:00 0 
7f890c000000-7f890c021000 rw-p 00000000 00:00 0 
7f890c021000-7f8910000000 ---p 00000000 00:00 0 
7f8910023000-7f89101a3000 rw-p 00000000 00:00 0 
7f89101a3000-7f89101de000 r-xp 00000000 08:06 527355                     /usr/lib/libatiadlxx.so
7f89101de000-7f89102de000 ---p 0003b000 08:06 527355                     /usr/lib/libatiadlxx.so
7f89102de000-7f89102e7000 rw-p 0003b000 08:06 527355                     /usr/lib/libatiadlxx.so
7f89102e7000-7f89102f8000 rw-p 00000000 00:00 0 
7f89102f8000-7f8912252000 r-xp 00000000 08:06 527438                     /usr/lib/xorg/modules/dri/fglrx_dri.so
7f8912252000-7f8912352000 ---p 01f5a000 08:06 527438                     /usr/lib/xorg/modules/dri/fglrx_dri.so
7f8912352000-7f89124a0000 rwxp 01f5a000 08:06 527438                     /usr/lib/xorg/modules/dri/fglrx_dri.so
7f89124a0000-7f89125c6000 rwxp 00000000 00:00 0 
7f89125c6000-7f8912689000 r-xp 00000000 08:06 531369                     /usr/lib/fglrx/fglrx-libGL.so.1.2
7f8912689000-7f8912788000 ---p 000c3000 08:06 531369                     /usr/lib/fglrx/fglrx-libGL.so.1.2
7f8912788000-7f89127af000 rwxp 000c2000 08:06 531369                     /usr/lib/fglrx/fglrx-libGL.so.1.2
7f89127af000-7f89127cf000 rwxp 00000000 00:00 0 
7f89127cf000-7f8912811000 r-xp 00000000 08:06 527897                     /usr/lib/libdbus-1.so.3.5.9
7f8912811000-7f8912a11000 ---p 00042000 08:06 527897                     /usr/lib/libdbus-1.so.3.5.9
7f8912a11000-7f8912a13000 rw-p 00042000 08:06 527897                     /usr/lib/libdbus-1.so.3.5.9
7f8912a13000-7f8912a24000 r-xp 00000000 08:06 533797                     /usr/lib/libp11-kit.so.0.0.0
7f8912a24000-7f8912c23000 ---p 00011000 08:06 533797                     /usr/lib/libp11-kit.so.0.0.0
7f8912c23000-7f8912c24000 r--p 00010000 08:06 533797                     /usr/lib/libp11-kit.so.0.0.0
7f8912c24000-7f8912c25000 rw-p 00011000 08:06 533797                     /usr/lib/libp11-kit.so.0.0.0
7f8912c25000-7f8912c8a000 r-xp 00000000 08:06 527102                     /usr/lib/libgmp.so.10.0.5
7f8912c8a000-7f8912e8a000 ---p 00065000 08:06 527102                     /usr/lib/libgmp.so.10.0.5
7f8912e8a000-7f8912e8b000 r--p 00065000 08:06 527102                     /usr/lib/libgmp.so.10.0.5
7f8912e8b000-7f8912e94000 rw-p 00066000 08:06 527102                     /usr/lib/libgmp.so.10.0.5
7f8912e94000-7f8912ea6000 r-xp 00000000 08:06 533726                     /usr/lib/libhogweed.so.2.1
7f8912ea6000-7f89130a5000 ---p 00012000 08:06 533726                     /usr/lib/libhogweed.so.2.1
7f89130a5000-7f89130a6000 r--p 00011000 08:06 533726                     /usr/lib/libhogweed.so.2.1
7f89130a6000-7f89130a7000 rw-p 00012000 08:06 533726                     /usr/lib/libhogweed.so.2.1
7f89130a7000-7f89130cc000 r-xp 00000000 08:06 531660                     /usr/lib/libnettle.so.4.3
7f89130cc000-7f89132cc000 ---p 00025000 08:06 531660                     /usr/lib/libnettle.so.4.3
7f89132cc000-7f89132cd000 r--p 00025000 08:06 531660                     /usr/lib/libnettle.so.4.3
7f89132cd000-7f89132ce000 rw-p 00026000 08:06 531660                     /usr/lib/libnettle.so.4.3
7f89132ce000-7f89132de000 r-xp 00000000 08:06 523686                     /usr/lib/libtasn1.so.3.1.15
7f89132de000-7f89134dd000 ---p 00010000 08:06 523686                     /usr/lib/libtasn1.so.3.1.15
7f89134dd000-7f89134de000 r--p 0000f000 08:06 523686                     /usr/lib/libtasn1.so.3.1.15
7f89134de000-7f89134df000 rw-p 00010000 08:06 523686                     /usr/lib/libtasn1.so.3.1.15
7f89134df000-7f89134e2000 r-xp 00000000 08:06 536931                     /usr/lib/libkeyutils.so.1.4
7f89134e2000-7f89136e1000 ---p 00003000 08:06 536931                     /usr/lib/libkeyutils.so.1.4
7f89136e1000-7f89136e2000 r--p 00002000 08:06 536931                     /usr/lib/libkeyutils.so.1.4
7f89136e2000-7f89136e3000 rw-p 00003000 08:06 536931                     /usr/lib/libkeyutils.so.1.4
7f89136e3000-7f89136ec000 r-xp 00000000 08:06 529619                     /usr/lib/libkrb5support.so.0.1
7f89136ec000-7f89138eb000 ---p 00009000 08:06 529619                     /usr/lib/libkrb5support.so.0.1
7f89138eb000-7f89138ec000 r--p 00008000 08:06 529619                     /usr/lib/libkrb5support.so.0.1
7f89138ec000-7f89138ed000 rw-p 00009000 08:06 529619                     /usr/lib/libkrb5support.so.0.1
7f89138ed000-7f89138f0000 r-xp 00000000 08:06 524071                     /usr/lib/libcom_err.so.2.1
7f89138f0000-7f8913aef000 ---p 00003000 08:06 524071                     /usr/lib/libcom_err.so.2.1
7f8913aef000-7f8913af0000 r--p 00002000 08:06 524071                     /usr/lib/libcom_err.so.2.1
7f8913af0000-7f8913af1000 rw-p 00003000 08:06 524071                     /usr/lib/libcom_err.so.2.1
7f8913af1000-7f8913b19000 r-xp 00000000 08:06 533131                     /usr/lib/libk5crypto.so.3.1
7f8913b19000-7f8913d19000 ---p 00028000 08:06 533131                     /usr/lib/libk5crypto.so.3.1
7f8913d19000-7f8913d1a000 r--p 00028000 08:06 533131                     /usr/lib/libk5crypto.so.3.1
7f8913d1a000-7f8913d1b000 rw-p 00029000 08:06 533131                     /usr/lib/libk5crypto.so.3.1
7f8913d1b000-7f8913d1c000 rw-p 00000000 00:00 0 
7f8913d1c000-7f8913df4000 r-xp 00000000 08:06 527453                     /usr/lib/libkrb5.so.3.3
7f8913df4000-7f8913ff4000 ---p 000d8000 08:06 527453                     /usr/lib/libkrb5.so.3.3
7f8913ff4000-7f8913ffe000 r--p 000d8000 08:06 527453                     /usr/lib/libkrb5.so.3.3
7f8913ffe000-7f8914000000 rw-p 000e2000 08:06 527453                     /usr/lib/libkrb5.so.3.3
7f8914000000-7f8914021000 rw-p 00000000 00:00 0 
7f8914021000-7f8918000000 ---p 00000000 00:00 0 
7f8918027000-7f891806f000 rw-p 00000000 00:00 0 
7f891806f000-7f8918074000 r-xp 00000000 08:06 523755                     /usr/lib/libXdmcp.so.6.0.0
7f8918074000-7f8918273000 ---p 00005000 08:06 523755                     /usr/lib/libXdmcp.so.6.0.0
7f8918273000-7f8918274000 r--p 00004000 08:06 523755                     /usr/lib/libXdmcp.so.6.0.0
7f8918274000-7f8918275000 rw-p 00005000 08:06 523755                     /usr/lib/libXdmcp.so.6.0.0
7f8918275000-7f8918277000 r-xp 00000000 08:06 523713                     /usr/lib/libXau.so.6.0.0
7f8918277000-7f8918477000 ---p 00002000 08:06 523713                     /usr/lib/libXau.so.6.0.0
7f8918477000-7f8918478000 r--p 00002000 08:06 523713                     /usr/lib/libXau.so.6.0.0
7f8918478000-7f8918479000 rw-p 00003000 08:06 523713                     /usr/lib/libXau.so.6.0.0
7f8918479000-7f8918489000 r-xp 00000000 08:06 526584                     /usr/lib/libavahi-client.so.3.2.9
7f8918489000-7f8918688000 ---p 00010000 08:06 526584                     /usr/lib/libavahi-client.so.3.2.9
7f8918688000-7f8918689000 r--p 0000f000 08:06 526584                     /usr/lib/libavahi-client.so.3.2.9
7f8918689000-7f891868a000 rw-p 00010000 08:06 526584                     /usr/lib/libavahi-client.so.3.2.9
7f891868a000-7f8918696000 r-xp 00000000 08:06 527596                     /usr/lib/libavahi-common.so.3.5.3
7f8918696000-7f8918895000 ---p 0000c000 08:06 527596                     /usr/lib/libavahi-common.so.3.5.3
7f8918895000-7f8918896000 r--p 0000b000 08:06 527596                     /usr/lib/libavahi-common.so.3.5.3
7f8918896000-7f8918897000 rw-p 0000c000 08:06 527596                     /usr/lib/libavahi-common.so.3.5.3
7f8918897000-7f8918989000 r-xp 00000000 08:06 528636                     /usr/lib/libgnutls.so.28.8.1
7f8918989000-7f8918b89000 ---p 000f2000 08:06 528636                     /usr/lib/libgnutls.so.28.8.1
7f8918b89000-7f8918b91000 r--p 000f2000 08:06 528636                     /usr/lib/libgnutls.so.28.8.1
7f8918b91000-7f8918b93000 rw-p 000fa000 08:06 528636                     /usr/lib/libgnutls.so.28.8.1
7f8918b93000-7f8918b94000 rw-p 00000000 00:00 0 
7f8918b94000-7f8918bd5000 r-xp 00000000 08:06 533554                     /usr/lib/libgssapi_krb5.so.2.2
7f8918bd5000-7f8918dd5000 ---p 00041000 08:06 533554                     /usr/lib/libgssapi_krb5.so.2.2
7f8918dd5000-7f8918dd6000 r--p 00041000 08:06 533554                     /usr/lib/libgssapi_krb5.so.2.2
7f8918dd6000-7f8918dd8000 rw-p 00042000 08:06 533554                     /usr/lib/libgssapi_krb5.so.2.2
7f8918dd8000-7f8918e00000 r-xp 00000000 08:06 534280                     /usr/lib/libexpat.so.1.6.0
7f8918e00000-7f8918fff000 ---p 00028000 08:06 534280                     /usr/lib/libexpat.so.1.6.0
7f8918fff000-7f8919001000 r--p 00027000 08:06 534280                     /usr/lib/libexpat.so.1.6.0
7f8919001000-7f8919002000 rw-p 00029000 08:06 534280                     /usr/lib/libexpat.so.1.6.0
7f8919002000-7f8919011000 r-xp 00000000 08:06 535331                     /usr/lib/libbz2.so.1.0.6
7f8919011000-7f8919210000 ---p 0000f000 08:06 535331                     /usr/lib/libbz2.so.1.0.6
7f8919210000-7f8919212000 rw-p 0000e000 08:06 535331                     /usr/lib/libbz2.so.1.0.6
7f8919212000-7f891921a000 r-xp 00000000 08:06 534957                     /usr/lib/libxcb-render.so.0.0.0
7f891921a000-7f891941a000 ---p 00008000 08:06 534957                     /usr/lib/libxcb-render.so.0.0.0
7f891941a000-7f891941b000 rw-p 00008000 08:06 534957                     /usr/lib/libxcb-render.so.0.0.0
7f891941b000-7f891941d000 r-xp 00000000 08:06 530934                     /usr/lib/libxcb-shm.so.0.0.0
7f891941d000-7f891961c000 ---p 00002000 08:06 530934                     /usr/lib/libxcb-shm.so.0.0.0
7f891961c000-7f891961d000 rw-p 00001000 08:06 530934                     /usr/lib/libxcb-shm.so.0.0.0
7f891961d000-7f891969e000 r-xp 00000000 08:06 528735                     /usr/lib/libpixman-1.so.0.24.4
7f891969e000-7f891989e000 ---p 00081000 08:06 528735                     /usr/lib/libpixman-1.so.0.24.4
7f891989e000-7f89198a4000 r--p 00081000 08:06 528735                     /usr/lib/libpixman-1.so.0.24.4
7f89198a4000-7f89198a5000 rw-p 00087000 08:06 528735                     /usr/lib/libpixman-1.so.0.24.4
7f89198a5000-7f89198d1000 r-xp 00000000 08:06 528725                     /usr/lib/libpng15.so.15.10.0
7f89198d1000-7f8919ad0000 ---p 0002c000 08:06 528725                     /usr/lib/libpng15.so.15.10.0
7f8919ad0000-7f8919ad1000 r--p 0002b000 08:06 528725                     /usr/lib/libpng15.so.15.10.0
7f8919ad1000-7f8919ad2000 rw-p 0002c000 08:06 528725                     /usr/lib/libpng15.so.15.10.0
7f8919ad2000-7f8919ae5000 r-xp 00000000 08:06 1332                       /lib/libresolv-2.15.so
7f8919ae5000-7f8919ce5000 ---p 00013000 08:06 1332                       /lib/libresolv-2.15.so
7f8919ce5000-7f8919ce6000 r--p 00013000 08:06 1332                       /lib/libresolv-2.15.so
7f8919ce6000-7f8919ce7000 rw-p 00014000 08:06 1332                       /lib/libresolv-2.15.so
7f8919ce7000-7f8919ce9000 rw-p 00000000 00:00 0 
7f8919ce9000-7f8919d42000 r-xp 00000000 08:06 531196                     /usr/lib/libpcre.so.1.0.0
7f8919d42000-7f8919f41000 ---p 00059000 08:06 531196                     /usr/lib/libpcre.so.1.0.0
7f8919f41000-7f8919f42000 r--p 00058000 08:06 531196                     /usr/lib/libpcre.so.1.0.0
7f8919f42000-7f8919f43000 rw-p 00059000 08:06 531196                     /usr/lib/libpcre.so.1.0.0
7f8919f43000-7f8919f4a000 r-xp 00000000 08:06 533126                     /usr/lib/libffi.so.6.0.0
7f8919f4a000-7f891a149000 ---p 00007000 08:06 533126                     /usr/lib/libffi.so.6.0.0
7f891a149000-7f891a14a000 r--p 00006000 08:06 533126                     /usr/lib/libffi.so.6.0.0
7f891a14a000-7f891a14b000 rw-p 00007000 08:06 533126                     /usr/lib/libffi.so.6.0.0
7f891a14b000-7f891a14d000 r-xp 00000000 08:06 533292                     /usr/lib/libXdamage.so.1.1.0
7f891a14d000-7f891a34c000 ---p 00002000 08:06 533292                     /usr/lib/libXdamage.so.1.1.0
7f891a34c000-7f891a34d000 r--p 00001000 08:06 533292                     /usr/lib/libXdamage.so.1.1.0
7f891a34d000-7f891a34e000 rw-p 00002000 08:06 533292                     /usr/lib/libXdamage.so.1.1.0
7f891a34e000-7f891a350000 r-xp 00000000 08:06 523753                     /usr/lib/libXcomposite.so.1.0.0
7f891a350000-7f891a54f000 ---p 00002000 08:06 523753                     /usr/lib/libXcomposite.so.1.0.0
7f891a54f000-7f891a550000 r--p 00001000 08:06 523753                     /usr/lib/libXcomposite.so.1.0.0
7f891a550000-7f891a551000 rw-p 00002000 08:06 523753                     /usr/lib/libXcomposite.so.1.0.0
7f891a551000-7f891a55a000 r-xp 00000000 08:06 531336                     /usr/lib/libXcursor.so.1.0.2
7f891a55a000-7f891a759000 ---p 00009000 08:06 531336                     /usr/lib/libXcursor.so.1.0.2
7f891a759000-7f891a75a000 r--p 00008000 08:06 531336                     /usr/lib/libXcursor.so.1.0.2
7f891a75a000-7f891a75b000 rw-p 00009000 08:06 531336                     /usr/lib/libXcursor.so.1.0.2
7f891a75b000-7f891a763000 r-xp 00000000 08:06 533170                     /usr/lib/libXrandr.so.2.2.0
7f891a763000-7f891a962000 ---p 00008000 08:06 533170                     /usr/lib/libXrandr.so.2.2.0
7f891a962000-7f891a963000 r--p 00007000 08:06 533170                     /usr/lib/libXrandr.so.2.2.0
7f891a963000-7f891a964000 rw-p 00008000 08:06 533170                     /usr/lib/libXrandr.so.2.2.0
7f891a964000-7f891a966000 r-xp 00000000 08:06 523766                     /usr/lib/libXinerama.so.1.0.0
7f891a966000-7f891ab65000 ---p 00002000 08:06 523766                     /usr/lib/libXinerama.so.1.0.0
7f891ab65000-7f891ab66000 r--p 00001000 08:06 523766                     /usr/lib/libXinerama.so.1.0.0
7f891ab66000-7f891ab67000 rw-p 00002000 08:06 523766                     /usr/lib/libXinerama.so.1.0.0
7f891ab67000-7f891ab6c000 r-xp 00000000 08:06 523749                     /usr/lib/libXfixes.so.3.1.0
7f891ab6c000-7f891ad6c000 ---p 00005000 08:06 523749                     /usr/lib/libXfixes.so.3.1.0
7f891ad6c000-7f891ad6d000 r--p 00005000 08:06 523749                     /usr/lib/libXfixes.so.3.1.0
7f891ad6d000-7f891ad6e000 rw-p 00006000 08:06 523749                     /usr/lib/libXfixes.so.3.1.0
7f891ad6e000-7f891ad8b000 r-xp 00000000 08:06 533661                     /usr/lib/libxcb.so.1.1.0
7f891ad8b000-7f891af8b000 ---p 0001d000 08:06 533661                     /usr/lib/libxcb.so.1.1.0
7f891af8b000-7f891af8c000 rw-p 0001d000 08:06 533661                     /usr/lib/libxcb.so.1.1.0
7f891af8c000-7f891afde000 r-xp 00000000 08:06 527907                     /usr/lib/libcups.so.2
7f891afde000-7f891b1de000 ---p 00052000 08:06 527907                     /usr/lib/libcups.so.2
7f891b1de000-7f891b1e2000 r--p 00052000 08:06 527907                     /usr/lib/libcups.so.2
7f891b1e2000-7f891b1e3000 rw-p 00056000 08:06 527907                     /usr/lib/libcups.so.2
7f891b1e3000-7f891b2d5000 r-xp 00000000 08:06 528037                     /usr/lib/libglib-2.0.so.0.3200.3
7f891b2d5000-7f891b4d4000 ---p 000f2000 08:06 528037                     /usr/lib/libglib-2.0.so.0.3200.3
7f891b4d4000-7f891b4d5000 r--p 000f1000 08:06 528037                     /usr/lib/libglib-2.0.so.0.3200.3
7f891b4d5000-7f891b4d6000 rw-p 000f2000 08:06 528037                     /usr/lib/libglib-2.0.so.0.3200.3
7f891b4d6000-7f891b4d7000 rw-p 00000000 00:00 0 
7f891b4d7000-7f891b4d8000 r-xp 00000000 08:06 528046                     /usr/lib/libgthread-2.0.so.0.3200.3
7f891b4d8000-7f891b6d7000 ---p 00001000 08:06 528046                     /usr/lib/libgthread-2.0.so.0.3200.3
7f891b6d7000-7f891b6d8000 r--p 00000000 08:06 528046                     /usr/lib/libgthread-2.0.so.0.3200.3
7f891b6d8000-7f891b6d9000 rw-p 00001000 08:06 528046                     /usr/lib/libgthread-2.0.so.0.3200.3
7f891b6d9000-7f891b6dc000 r-xp 00000000 08:06 528042                     /usr/lib/libgmodule-2.0.so.0.3200.3
7f891b6dc000-7f891b8db000 ---p 00003000 08:06 528042                     /usr/lib/libgmodule-2.0.so.0.3200.3
7f891b8db000-7f891b8dc000 r--p 00002000 08:06 528042                     /usr/lib/libgmodule-2.0.so.0.3200.3
7f891b8dc000-7f891b8dd000 rw-p 00003000 08:06 528042                     /usr/lib/libgmodule-2.0.so.0.3200.3
7f891b8dd000-7f891b929000 r-xp 00000000 08:06 528048                     /usr/lib/libgobject-2.0.so.0.3200.3
7f891b929000-7f891bb29000 ---p 0004c000 08:06 528048                     /usr/lib/libgobject-2.0.so.0.3200.3
7f891bb29000-7f891bb2a000 r--p 0004c000 08:06 528048                     /usr/lib/libgobject-2.0.so.0.3200.3
7f891bb2a000-7f891bb2b000 rw-p 0004d000 08:06 528048                     /usr/lib/libgobject-2.0.so.0.3200.3
7f891bb2b000-7f891bb5f000 r-xp 00000000 08:06 534580                     /usr/lib/libfontconfig.so.1.4.4
7f891bb5f000-7f891bd5f000 ---p 00034000 08:06 534580                     /usr/lib/libfontconfig.so.1.4.4
7f891bd5f000-7f891bd60000 r--p 00034000 08:06 534580                     /usr/lib/libfontconfig.so.1.4.4
7f891bd60000-7f891bd61000 rw-p 00035000 08:06 534580                     /usr/lib/libfontconfig.so.1.4.4
7f891bd61000-7f891bdfa000 r-xp 00000000 08:06 533427                     /usr/lib/libfreetype.so.6.8.1
7f891bdfa000-7f891bff9000 ---p 00099000 08:06 533427                     /usr/lib/libfreetype.so.6.8.1
7f891bff9000-7f891bfff000 r--p 00098000 08:06 533427                     /usr/lib/libfreetype.so.6.8.1
7f891bfff000-7f891c000000 rw-p 0009e000 08:06 533427                     /usr/lib/libfreetype.so.6.8.1
7f891c000000-7f891c021000 rw-p 00000000 00:00 0 
7f891c021000-7f8920000000 ---p 00000000 00:00 0 
7f8920039000-7f8920040000 r-xp 00000000 08:06 526968                     /usr/lib/libatiuki.so.1.0
7f8920040000-7f8920140000 ---p 00007000 08:06 526968                     /usr/lib/libatiuki.so.1.0
7f8920140000-7f8920141000 rw-p 00007000 08:06 526968                     /usr/lib/libatiuki.so.1.0
7f8920141000-7f8920142000 rw-p 00000000 00:00 0 
7f8920142000-7f892018a000 r-xp 00000000 08:06 533234                     /usr/lib/libpango-1.0.so.0.3000.0
7f892018a000-7f892038a000 ---p 00048000 08:06 533234                     /usr/lib/libpango-1.0.so.0.3000.0
7f892038a000-7f892038c000 r--p 00048000 08:06 533234                     /usr/lib/libpango-1.0.so.0.3000.0
7f892038c000-7f892038d000 rw-p 0004a000 08:06 533234                     /usr/lib/libpango-1.0.so.0.3000.0
7f892038d000-7f892047d000 r-xp 00000000 08:06 527614                     /usr/lib/libcairo.so.2.11200.2
7f892047d000-7f892067d000 ---p 000f0000 08:06 527614                     /usr/lib/libcairo.so.2.11200.2
7f892067d000-7f8920681000 rw-p 000f0000 08:06 527614                     /usr/lib/libcairo.so.2.11200.2
7f8920681000-7f8920682000 rw-p 00000000 00:00 0 
7f8920682000-7f89206a3000 r-xp 00000000 08:06 532661                     /usr/lib/libgdk_pixbuf-2.0.so.0.2600.1
7f89206a3000-7f89208a2000 ---p 00021000 08:06 532661                     /usr/lib/libgdk_pixbuf-2.0.so.0.2600.1
7f89208a2000-7f89208a3000 r--p 00020000 08:06 532661                     /usr/lib/libgdk_pixbuf-2.0.so.0.2600.1
7f89208a3000-7f89208a4000 rw-p 00021000 08:06 532661                     /usr/lib/libgdk_pixbuf-2.0.so.0.2600.1
7f89208a4000-7f89208af000 r-xp 00000000 08:06 533238                     /usr/lib/libpangocairo-1.0.so.0.3000.0
7f89208af000-7f8920aaf000 ---p 0000b000 08:06 533238                     /usr/lib/libpangocairo-1.0.so.0.3000.0
7f8920aaf000-7f8920ab0000 r--p 0000b000 08:06 533238                     /usr/lib/libpangocairo-1.0.so.0.3000.0
7f8920ab0000-7f8920ab1000 rw-p 0000c000 08:06 533238                     /usr/lib/libpangocairo-1.0.so.0.3000.0
7f8920ab1000-7f8920adc000 r-xp 00000000 08:06 533236                     /usr/lib/libpangoft2-1.0.so.0.3000.0
7f8920adc000-7f8920cdc000 ---p 0002b000 08:06 533236                     /usr/lib/libpangoft2-1.0.so.0.3000.0
7f8920cdc000-7f8920cdd000 r--p 0002b000 08:06 533236                     /usr/lib/libpangoft2-1.0.so.0.3000.0
7f8920cdd000-7f8920cde000 rw-p 0002c000 08:06 533236                     /usr/lib/libpangoft2-1.0.so.0.3000.0
7f8920cde000-7f8920e23000 r-xp 00000000 08:06 528051                     /usr/lib/libgio-2.0.so.0.3200.3
7f8920e23000-7f8921023000 ---p 00145000 08:06 528051                     /usr/lib/libgio-2.0.so.0.3200.3
7f8921023000-7f8921027000 r--p 00145000 08:06 528051                     /usr/lib/libgio-2.0.so.0.3200.3
7f8921027000-7f8921029000 rw-p 00149000 08:06 528051                     /usr/lib/libgio-2.0.so.0.3200.3
7f8921029000-7f892102b000 rw-p 00000000 00:00 0 
7f892102b000-7f892104b000 r-xp 00000000 08:06 533187                     /usr/lib/libatk-1.0.so.0.20409.1
7f892104b000-7f892124b000 ---p 00020000 08:06 533187                     /usr/lib/libatk-1.0.so.0.20409.1
7f892124b000-7f892124d000 r--p 00020000 08:06 533187                     /usr/lib/libatk-1.0.so.0.20409.1
7f892124d000-7f892124e000 rw-p 00022000 08:06 533187                     /usr/lib/libatk-1.0.so.0.20409.1
7f892124e000-7f89212fb000 r-xp 00000000 08:06 523419                     /usr/lib/libgdk-x11-2.0.so.0.2400.10
7f89212fb000-7f89214fb000 ---p 000ad000 08:06 523419                     /usr/lib/libgdk-x11-2.0.so.0.2400.10
7f89214fb000-7f89214ff000 r--p 000ad000 08:06 523419                     /usr/lib/libgdk-x11-2.0.so.0.2400.10
7f89214ff000-7f8921501000 rw-p 000b1000 08:06 523419                     /usr/lib/libgdk-x11-2.0.so.0.2400.10
7f8921501000-7f8921923000 r-xp 00000000 08:06 523420                     /usr/lib/libgtk-x11-2.0.so.0.2400.10
7f8921923000-7f8921b23000 ---p 00422000 08:06 523420                     /usr/lib/libgtk-x11-2.0.so.0.2400.10
7f8921b23000-7f8921b2a000 r--p 00422000 08:06 523420                     /usr/lib/libgtk-x11-2.0.so.0.2400.10
7f8921b2a000-7f8921b2e000 rw-p 00429000 08:06 523420                     /usr/lib/libgtk-x11-2.0.so.0.2400.10
7f8921b2e000-7f8921b30000 rw-p 00000000 00:00 0 
7f8921b30000-7f8921b3e000 r-xp 00000000 08:06 526751                     /usr/lib/libXi.so.6.1.0
7f8921b3e000-7f8921d3d000 ---p 0000e000 08:06 526751                     /usr/lib/libXi.so.6.1.0
7f8921d3d000-7f8921d3e000 r--p 0000d000 08:06 526751                     /usr/lib/libXi.so.6.1.0
7f8921d3e000-7f8921d3f000 rw-p 0000e000 08:06 526751                     /usr/lib/libXi.so.6.1.0
7f8921d3f000-7f8921d44000 r-xp 00000000 08:06 523793                     /usr/lib/libXtst.so.6.1.0
7f8921d44000-7f8921f44000 ---p 00005000 08:06 523793                     /usr/lib/libXtst.so.6.1.0
7f8921f44000-7f8921f45000 r--p 00005000 08:06 523793                     /usr/lib/libXtst.so.6.1.0
7f8921f45000-7f8921f46000 rw-p 00006000 08:06 523793                     /usr/lib/libXtst.so.6.1.0
7f8921f46000-7f8921f50000 r-xp 00000000 08:06 529110                     /usr/lib/libXrender.so.1.3.0
7f8921f50000-7f892214f000 ---p 0000a000 08:06 529110                     /usr/lib/libXrender.so.1.3.0
7f892214f000-7f8922150000 r--p 00009000 08:06 529110                     /usr/lib/libXrender.so.1.3.0
7f8922150000-7f8922151000 rw-p 0000a000 08:06 529110                     /usr/lib/libXrender.so.1.3.0
7f8922151000-7f8922285000 r-xp 00000000 08:06 531386                     /usr/lib/libX11.so.6.3.0
7f8922285000-7f8922485000 ---p 00134000 08:06 531386                     /usr/lib/libX11.so.6.3.0
7f8922485000-7f8922486000 r--p 00134000 08:06 531386                     /usr/lib/libX11.so.6.3.0
7f8922486000-7f892248b000 rw-p 00135000 08:06 531386                     /usr/lib/libX11.so.6.3.0
7f892248b000-7f892249d000 r-xp 00000000 08:06 523664                     /usr/lib/libXext.so.6.4.0
7f892249d000-7f892269c000 ---p 00012000 08:06 523664                     /usr/lib/libXext.so.6.4.0
7f892269c000-7f892269d000 r--p 00011000 08:06 523664                     /usr/lib/libXext.so.6.4.0
7f892269d000-7f892269e000 rw-p 00012000 08:06 523664                     /usr/lib/libXext.so.6.4.0
7f89226b7000-7f89226b8000 r--s 00000000 00:11 27270                      /home/tobi/.fontconfig/5604230ae2129cf9aeedc64ab4ef6938-le64.cache-3
7f89226b8000-7f89226ce000 r--s 00000000 08:07 22836                      /var/cache/fontconfig/8d4af663993b81a124ee82e610bb31f9-le64.cache-3
7f89226ce000-7f8922720000 r-xp 00000000 08:06 533913                     /usr/lib/jvm/java-7-openjdk/jre/lib/amd64/xawt/libmawt.so
7f8922720000-7f892291f000 ---p 00052000 08:06 533913                     /usr/lib/jvm/java-7-openjdk/jre/lib/amd64/xawt/libmawt.so
7f892291f000-7f8922923000 rw-p 00051000 08:06 533913                     /usr/lib/jvm/java-7-openjdk/jre/lib/amd64/xawt/libmawt.so
7f8922923000-7f8922924000 rw-p 00000000 00:00 0 
7f8922924000-7f89229c6000 r-xp 00000000 08:06 525820                     /usr/lib/jvm/java-7-openjdk/jre/lib/amd64/libawt.so
7f89229c6000-7f8922bc6000 ---p 000a2000 08:06 525820                     /usr/lib/jvm/java-7-openjdk/jre/lib/amd64/libawt.so
7f8922bc6000-7f8922bd2000 rw-p 000a2000 08:06 525820                     /usr/lib/jvm/java-7-openjdk/jre/lib/amd64/libawt.so
7f8922bd2000-7f8922bf6000 rw-p 00000000 00:00 0 
7f8922bf6000-7f8922bf7000 ---p 00000000 00:00 0 
7f8922bf7000-7f8922cf7000 rw-p 00000000 00:00 0 
7f8922cf7000-7f8922cfa000 ---p 00000000 00:00 0 
7f8922cfa000-7f8922df8000 rw-p 00000000 00:00 0 
7f8922df8000-7f8922dfb000 ---p 00000000 00:00 0 
7f8922dfb000-7f8922ef9000 rw-p 00000000 00:00 0 
7f8922ef9000-7f8922efc000 ---p 00000000 00:00 0 
7f8922efc000-7f8922ffa000 rw-p 00000000 00:00 0 
7f8922ffa000-7f8922ffd000 ---p 00000000 00:00 0 
7f8922ffd000-7f89230fb000 rw-p 00000000 00:00 0 
7f89230fb000-7f89234a7000 r--p 00000000 08:06 536728                     /usr/lib/locale/locale-archive
7f89234a7000-7f89234aa000 ---p 00000000 00:00 0 
7f89234aa000-7f89235a8000 rw-p 00000000 00:00 0 
7f89235a8000-7f89235ab000 ---p 00000000 00:00 0 
7f89235ab000-7f89236a9000 rw-p 00000000 00:00 0 
7f89236a9000-7f89236aa000 ---p 00000000 00:00 0 
7f89236aa000-7f8923d1b000 rw-p 00000000 00:00 0 
7f8923d1b000-7f8923eca000 r--s 03e7b000 08:06 524045                     /usr/lib/jvm/java-7-openjdk/jre/lib/rt.jar
7f8923eca000-7f8923ecb000 ---p 00000000 00:00 0 
7f8923ecb000-7f8923fcb000 rw-p 00000000 00:00 0 
7f8923fcb000-7f8923fcc000 ---p 00000000 00:00 0 
7f8923fcc000-7f89240cc000 rw-p 00000000 00:00 0 
7f89240cc000-7f89240cd000 ---p 00000000 00:00 0 
7f89240cd000-7f89241cd000 rw-p 00000000 00:00 0 
7f89241cd000-7f89241ce000 ---p 00000000 00:00 0 
7f89241ce000-7f8924321000 rw-p 00000000 00:00 0 
7f8924321000-7f89247f4000 rw-p 00000000 00:00 0 
7f89247f4000-7f89247ff000 rw-p 00000000 00:00 0 
7f89247ff000-7f8924847000 rw-p 00000000 00:00 0 
7f8924847000-7f892489a000 rw-p 00000000 00:00 0 
7f892489a000-7f8924d6c000 rw-p 00000000 00:00 0 
7f8924d6c000-7f8924d96000 rw-p 00000000 00:00 0 
7f8924d96000-7f8924fff000 rw-p 00000000 00:00 0 
7f8924fff000-7f8925000000 rw-p 00000000 00:00 0 
7f8925000000-7f8925270000 rwxp 00000000 00:00 0 
7f8925270000-7f89284db000 rw-p 00000000 00:00 0 
7f89284db000-7f892c000000 ---p 00000000 00:00 0 
7f892c006000-7f892c00a000 r--s 000a0000 08:06 523715                     /usr/lib/jvm/java-7-openjdk/jre/lib/jsse.jar
7f892c00a000-7f892c013000 r--s 00000000 08:07 26938                      /var/cache/fontconfig/d62e99ef547d1d24cdb1bd22ec1a2976-le64.cache-3
7f892c013000-7f892c046000 rw-p 00000000 00:00 0 
7f892c046000-7f892c08e000 rw-p 00000000 00:00 0 
7f892c08e000-7f892c096000 r-xp 00000000 08:06 525197                     /usr/lib/jvm/java-7-openjdk/jre/lib/amd64/libzip.so
7f892c096000-7f892c295000 ---p 00008000 08:06 525197                     /usr/lib/jvm/java-7-openjdk/jre/lib/amd64/libzip.so
7f892c295000-7f892c296000 rw-p 00007000 08:06 525197                     /usr/lib/jvm/java-7-openjdk/jre/lib/amd64/libzip.so
7f892c296000-7f892c2a2000 r-xp 00000000 08:06 1309                       /lib/libnss_files-2.15.so
7f892c2a2000-7f892c4a1000 ---p 0000c000 08:06 1309                       /lib/libnss_files-2.15.so
7f892c4a1000-7f892c4a2000 r--p 0000b000 08:06 1309                       /lib/libnss_files-2.15.so
7f892c4a2000-7f892c4a3000 rw-p 0000c000 08:06 1309                       /lib/libnss_files-2.15.so
7f892c4a3000-7f892c4cc000 r-xp 00000000 08:06 525207                     /usr/lib/jvm/java-7-openjdk/jre/lib/amd64/libjava.so
7f892c4cc000-7f892c6cb000 ---p 00029000 08:06 525207                     /usr/lib/jvm/java-7-openjdk/jre/lib/amd64/libjava.so
7f892c6cb000-7f892c6cd000 rw-p 00028000 08:06 525207                     /usr/lib/jvm/java-7-openjdk/jre/lib/amd64/libjava.so
7f892c6cd000-7f892c6db000 r-xp 00000000 08:06 525194                     /usr/lib/jvm/java-7-openjdk/jre/lib/amd64/libverify.so
7f892c6db000-7f892c8da000 ---p 0000e000 08:06 525194                     /usr/lib/jvm/java-7-openjdk/jre/lib/amd64/libverify.so
7f892c8da000-7f892c8dc000 rw-p 0000d000 08:06 525194                     /usr/lib/jvm/java-7-openjdk/jre/lib/amd64/libverify.so
7f892c8dc000-7f892c8e3000 r-xp 00000000 08:06 1288                       /lib/librt-2.15.so
7f892c8e3000-7f892cae2000 ---p 00007000 08:06 1288                       /lib/librt-2.15.so
7f892cae2000-7f892cae3000 r--p 00006000 08:06 1288                       /lib/librt-2.15.so
7f892cae3000-7f892cae4000 rw-p 00007000 08:06 1288                       /lib/librt-2.15.so
7f892cae4000-7f892caf9000 r-xp 00000000 08:06 526089                     /usr/lib/libgcc_s.so.1
7f892caf9000-7f892ccf8000 ---p 00015000 08:06 526089                     /usr/lib/libgcc_s.so.1
7f892ccf8000-7f892ccf9000 rw-p 00014000 08:06 526089                     /usr/lib/libgcc_s.so.1
7f892ccf9000-7f892cdec000 r-xp 00000000 08:06 1293                       /lib/libm-2.15.so
7f892cdec000-7f892cfec000 ---p 000f3000 08:06 1293                       /lib/libm-2.15.so
7f892cfec000-7f892cfed000 r--p 000f3000 08:06 1293                       /lib/libm-2.15.so
7f892cfed000-7f892cfee000 rw-p 000f4000 08:06 1293                       /lib/libm-2.15.so
7f892cfee000-7f892d0d3000 r-xp 00000000 08:06 526567                     /usr/lib/libstdc++.so.6.0.17
7f892d0d3000-7f892d2d3000 ---p 000e5000 08:06 526567                     /usr/lib/libstdc++.so.6.0.17
7f892d2d3000-7f892d2db000 r--p 000e5000 08:06 526567                     /usr/lib/libstdc++.so.6.0.17
7f892d2db000-7f892d2dd000 rw-p 000ed000 08:06 526567                     /usr/lib/libstdc++.so.6.0.17
7f892d2dd000-7f892d2f2000 rw-p 00000000 00:00 0 
7f892d2f2000-7f892dc85000 r-xp 00000000 08:06 525849                     /usr/lib/jvm/java-7-openjdk/jre/lib/amd64/server/libjvm.so
7f892dc85000-7f892de85000 ---p 00993000 08:06 525849                     /usr/lib/jvm/java-7-openjdk/jre/lib/amd64/server/libjvm.so
7f892de85000-7f892df21000 rw-p 00993000 08:06 525849                     /usr/lib/jvm/java-7-openjdk/jre/lib/amd64/server/libjvm.so
7f892df21000-7f892df4b000 rw-p 00000000 00:00 0 
7f892df4b000-7f892e0e2000 r-xp 00000000 08:06 1304                       /lib/libc-2.15.so
7f892e0e2000-7f892e2e2000 ---p 00197000 08:06 1304                       /lib/libc-2.15.so
7f892e2e2000-7f892e2e6000 r--p 00197000 08:06 1304                       /lib/libc-2.15.so
7f892e2e6000-7f892e2e8000 rw-p 0019b000 08:06 1304                       /lib/libc-2.15.so
7f892e2e8000-7f892e2ec000 rw-p 00000000 00:00 0 
7f892e2ec000-7f892e2ef000 r-xp 00000000 08:06 1292                       /lib/libdl-2.15.so
7f892e2ef000-7f892e4ee000 ---p 00003000 08:06 1292                       /lib/libdl-2.15.so
7f892e4ee000-7f892e4ef000 r--p 00002000 08:06 1292                       /lib/libdl-2.15.so
7f892e4ef000-7f892e4f0000 rw-p 00003000 08:06 1292                       /lib/libdl-2.15.so
7f892e4f0000-7f892e505000 r-xp 00000000 08:06 528979                     /usr/lib/libz.so.1.2.7
7f892e505000-7f892e704000 ---p 00015000 08:06 528979                     /usr/lib/libz.so.1.2.7
7f892e704000-7f892e705000 r--p 00014000 08:06 528979                     /usr/lib/libz.so.1.2.7
7f892e705000-7f892e706000 rw-p 00015000 08:06 528979                     /usr/lib/libz.so.1.2.7
7f892e706000-7f892e712000 r-xp 00000000 08:06 526062                     /usr/lib/jvm/java-7-openjdk/jre/lib/amd64/jli/libjli.so
7f892e712000-7f892e912000 ---p 0000c000 08:06 526062                     /usr/lib/jvm/java-7-openjdk/jre/lib/amd64/jli/libjli.so
7f892e912000-7f892e913000 rw-p 0000c000 08:06 526062                     /usr/lib/jvm/java-7-openjdk/jre/lib/amd64/jli/libjli.so
7f892e913000-7f892e92a000 r-xp 00000000 08:06 929                        /lib/libpthread-2.15.so
7f892e92a000-7f892eb29000 ---p 00017000 08:06 929                        /lib/libpthread-2.15.so
7f892eb29000-7f892eb2a000 r--p 00016000 08:06 929                        /lib/libpthread-2.15.so
7f892eb2a000-7f892eb2b000 rw-p 00017000 08:06 929                        /lib/libpthread-2.15.so
7f892eb2b000-7f892eb2f000 rw-p 00000000 00:00 0 
7f892eb2f000-7f892eb50000 r-xp 00000000 08:06 1312                       /lib/ld-2.15.so
7f892eb50000-7f892eb59000 r--s 00263000 08:06 523786                     /usr/lib/jvm/java-7-openjdk/jre/lib/resources.jar
7f892eb59000-7f892eb63000 rw-p 00000000 00:00 0 
7f892eb63000-7f892ec19000 rw-p 00000000 00:00 0 
7f892ec19000-7f892ec1c000 ---p 00000000 00:00 0 
7f892ec1c000-7f892ed1f000 rw-p 00000000 00:00 0 
7f892ed1f000-7f892ed20000 rw-s 00005000 00:05 10083                      /dev/ati/card1
7f892ed20000-7f892ed40000 rw-s feae0000 00:05 10083                      /dev/ati/card1
7f892ed40000-7f892ed42000 rw-s 00002000 00:05 10083                      /dev/ati/card1
7f892ed42000-7f892ed45000 r--s 0000f000 08:06 526356                     /usr/lib/jvm/java-7-openjdk/jre/lib/ext/pulse-java.jar
7f892ed45000-7f892ed4d000 rw-s 00000000 08:06 527780                     /tmp/hsperfdata_tobi/4876 (deleted)
7f892ed4d000-7f892ed4e000 rw-p 00000000 00:00 0 
7f892ed4e000-7f892ed4f000 ---p 00000000 00:00 0 
7f892ed4f000-7f892ed50000 rw-p 00000000 00:00 0 
7f892ed50000-7f892ed51000 r--p 00021000 08:06 1312                       /lib/ld-2.15.so
7f892ed51000-7f892ed52000 rw-p 00022000 08:06 1312                       /lib/ld-2.15.so
7f892ed52000-7f892ed53000 rw-p 00000000 00:00 0 
7fff36640000-7fff36661000 rw-p 00000000 00:00 0                          [stack]
7fff36775000-7fff36776000 r-xp 00000000 00:00 0                          [vdso]
ffffffffff600000-ffffffffff601000 r-xp 00000000 00:00 0                  [vsyscall]

VM Arguments:
jvm_args: -Dsun.java2d.opengl=True -Dfile.encoding=UTF-8 
java_command: bombi.BombiGui
Launcher Type: SUN_STANDARD

Environment Variables:
JAVA_HOME=/usr/lib/jvm/java-7-openjdk
PATH=/usr/local/bin:/usr/bin:/bin:/usr/local/sbin:/usr/sbin:/sbin:/opt/android-sdk/platform-tools:/opt/android-sdk/tools:/usr/bin/vendor_perl:/usr/bin/core_perl
SHELL=/bin/bash
DISPLAY=:0.0

Signal Handlers:
SIGSEGV: [libjvm.so+0x807d30], sa_mask[0]=0x7ffbfeff, sa_flags=0x10000004
SIGBUS: [libjvm.so+0x807d30], sa_mask[0]=0x7ffbfeff, sa_flags=0x10000004
SIGFPE: [libjvm.so+0x6ac970], sa_mask[0]=0x7ffbfeff, sa_flags=0x10000004
SIGPIPE: [libjvm.so+0x6ac970], sa_mask[0]=0x7ffbfeff, sa_flags=0x10000004
SIGXFSZ: [libjvm.so+0x6ac970], sa_mask[0]=0x7ffbfeff, sa_flags=0x10000004
SIGILL: [libjvm.so+0x6ac970], sa_mask[0]=0x7ffbfeff, sa_flags=0x10000004
SIGUSR1: SIG_DFL, sa_mask[0]=0x00000000, sa_flags=0x00000000
SIGUSR2: [libjvm.so+0x6acd40], sa_mask[0]=0x00000004, sa_flags=0x10000004
SIGHUP: [libjvm.so+0x6ace80], sa_mask[0]=0x7ffbfeff, sa_flags=0x10000004
SIGINT: [libjvm.so+0x6ace80], sa_mask[0]=0x7ffbfeff, sa_flags=0x10000004
SIGTERM: [libjvm.so+0x6ace80], sa_mask[0]=0x7ffbfeff, sa_flags=0x10000004
SIGQUIT: [libjvm.so+0x6ace80], sa_mask[0]=0x7ffbfeff, sa_flags=0x10000004


---------------  S Y S T E M  ---------------

OS:Linux
uname:Linux 3.3.6-1-ARCH #1 SMP PREEMPT Sun May 13 10:52:32 CEST 2012 x86_64
libc:glibc 2.15 NPTL 2.15 
rlimit: STACK 8192k, CORE 0k, NPROC 125839, NOFILE 4096, AS infinity
load average:1.13 1.26 1.32

/proc/meminfo:
MemTotal:       16180360 kB
MemFree:         9913788 kB
Buffers:         1506156 kB
Cached:          2752480 kB
SwapCached:            0 kB
Active:          2498540 kB
Inactive:        3256044 kB
Active(anon):    1496908 kB
Inactive(anon):    51248 kB
Active(file):    1001632 kB
Inactive(file):  3204796 kB
Unevictable:           0 kB
Mlocked:               0 kB
SwapTotal:             0 kB
SwapFree:              0 kB
Dirty:               312 kB
Writeback:             0 kB
AnonPages:       1491612 kB
Mapped:           302440 kB
Shmem:             52220 kB
Slab:             134404 kB
SReclaimable:     103740 kB
SUnreclaim:        30664 kB
KernelStack:        4232 kB
PageTables:        39772 kB
NFS_Unstable:          0 kB
Bounce:                0 kB
WritebackTmp:          0 kB
CommitLimit:     8090180 kB
Committed_AS:    3294200 kB
VmallocTotal:   34359738367 kB
VmallocUsed:      361360 kB
VmallocChunk:   34359373283 kB
HardwareCorrupted:     0 kB
AnonHugePages:    868352 kB
HugePages_Total:       0
HugePages_Free:        0
HugePages_Rsvd:        0
HugePages_Surp:        0
Hugepagesize:       2048 kB
DirectMap4k:       80384 kB
DirectMap2M:     3850240 kB
DirectMap1G:    12582912 kB


CPU:total 4 (4 cores per cpu, 1 threads per core) family 16 model 5 stepping 2, cmov, cx8, fxsr, mmx, sse, sse2, sse3, popcnt, mmxext, 3dnowpref, lzcnt, sse4a

/proc/cpuinfo:
processor	: 0
vendor_id	: AuthenticAMD
cpu family	: 16
model		: 5
model name	: AMD Athlon(tm) II X4 620 Processor
stepping	: 2
microcode	: 0x10000c6
cpu MHz		: 2600.000
cache size	: 512 KB
physical id	: 0
siblings	: 4
core id		: 0
cpu cores	: 4
apicid		: 0
initial apicid	: 0
fpu		: yes
fpu_exception	: yes
cpuid level	: 5
wp		: yes
flags		: fpu vme de pse tsc msr pae mce cx8 apic sep mtrr pge mca cmov pat pse36 clflush mmx fxsr sse sse2 ht syscall nx mmxext fxsr_opt pdpe1gb rdtscp lm 3dnowext 3dnow constant_tsc rep_good nopl nonstop_tsc extd_apicid pni monitor cx16 popcnt lahf_lm cmp_legacy svm extapic cr8_legacy abm sse4a misalignsse 3dnowprefetch osvw ibs skinit wdt nodeid_msr npt lbrv svm_lock nrip_save
bogomips	: 5225.31
TLB size	: 1024 4K pages
clflush size	: 64
cache_alignment	: 64
address sizes	: 48 bits physical, 48 bits virtual
power management: ts ttp tm stc 100mhzsteps hwpstate

processor	: 1
vendor_id	: AuthenticAMD
cpu family	: 16
model		: 5
model name	: AMD Athlon(tm) II X4 620 Processor
stepping	: 2
microcode	: 0x10000c6
cpu MHz		: 800.000
cache size	: 512 KB
physical id	: 0
siblings	: 4
core id		: 1
cpu cores	: 4
apicid		: 1
initial apicid	: 1
fpu		: yes
fpu_exception	: yes
cpuid level	: 5
wp		: yes
flags		: fpu vme de pse tsc msr pae mce cx8 apic sep mtrr pge mca cmov pat pse36 clflush mmx fxsr sse sse2 ht syscall nx mmxext fxsr_opt pdpe1gb rdtscp lm 3dnowext 3dnow constant_tsc rep_good nopl nonstop_tsc extd_apicid pni monitor cx16 popcnt lahf_lm cmp_legacy svm extapic cr8_legacy abm sse4a misalignsse 3dnowprefetch osvw ibs skinit wdt nodeid_msr npt lbrv svm_lock nrip_save
bogomips	: 5225.31
TLB size	: 1024 4K pages
clflush size	: 64
cache_alignment	: 64
address sizes	: 48 bits physical, 48 bits virtual
power management: ts ttp tm stc 100mhzsteps hwpstate

processor	: 2
vendor_id	: AuthenticAMD
cpu family	: 16
model		: 5
model name	: AMD Athlon(tm) II X4 620 Processor
stepping	: 2
microcode	: 0x10000c6
cpu MHz		: 2600.000
cache size	: 512 KB
physical id	: 0
siblings	: 4
core id		: 2
cpu cores	: 4
apicid		: 2
initial apicid	: 2
fpu		: yes
fpu_exception	: yes
cpuid level	: 5
wp		: yes
flags		: fpu vme de pse tsc msr pae mce cx8 apic sep mtrr pge mca cmov pat pse36 clflush mmx fxsr sse sse2 ht syscall nx mmxext fxsr_opt pdpe1gb rdtscp lm 3dnowext 3dnow constant_tsc rep_good nopl nonstop_tsc extd_apicid pni monitor cx16 popcnt lahf_lm cmp_legacy svm extapic cr8_legacy abm sse4a misalignsse 3dnowprefetch osvw ibs skinit wdt nodeid_msr npt lbrv svm_lock nrip_save
bogomips	: 5225.31
TLB size	: 1024 4K pages
clflush size	: 64
cache_alignment	: 64
address sizes	: 48 bits physical, 48 bits virtual
power management: ts ttp tm stc 100mhzsteps hwpstate

processor	: 3
vendor_id	: AuthenticAMD
cpu family	: 16
model		: 5
model name	: AMD Athlon(tm) II X4 620 Processor
stepping	: 2
microcode	: 0x10000c6
cpu MHz		: 800.000
cache size	: 512 KB
physical id	: 0
siblings	: 4
core id		: 3
cpu cores	: 4
apicid		: 3
initial apicid	: 3
fpu		: yes
fpu_exception	: yes
cpuid level	: 5
wp		: yes
flags		: fpu vme de pse tsc msr pae mce cx8 apic sep mtrr pge mca cmov pat pse36 clflush mmx fxsr sse sse2 ht syscall nx mmxext fxsr_opt pdpe1gb rdtscp lm 3dnowext 3dnow constant_tsc rep_good nopl nonstop_tsc extd_apicid pni monitor cx16 popcnt lahf_lm cmp_legacy svm extapic cr8_legacy abm sse4a misalignsse 3dnowprefetch osvw ibs skinit wdt nodeid_msr npt lbrv svm_lock nrip_save
bogomips	: 5225.31
TLB size	: 1024 4K pages
clflush size	: 64
cache_alignment	: 64
address sizes	: 48 bits physical, 48 bits virtual
power management: ts ttp tm stc 100mhzsteps hwpstate



Memory: 4k page, physical 16180360k(9913788k free), swap 0k(0k free)

vm_info: OpenJDK 64-Bit Server VM (22.0-b10) for linux-amd64 JRE (1.7.0_03-b147), built on Mar  6 2012 20:02:29 by "nobody" with gcc 4.6.3

time: Fri May 18 20:34:51 2012
elapsed time: 9 seconds

