#
# A fatal error has been detected by the Java Runtime Environment:
#
#  SIGSEGV (0xb) at pc=0x00007f7fdb4c22a8, pid=9807, tid=140187207182080
#
# JRE version: 7.0_03-b147
# Java VM: OpenJDK 64-Bit Server VM (22.0-b10 mixed mode linux-amd64 compressed oops)
# Derivative: IcedTea7 2.1
# Distribution: Custom build (Tue Mar  6 19:52:34 UTC 2012)
# Problematic frame:
# C  [libX11.so.6+0x382a8]  XQueryExtension+0x28
#
# Failed to write core dump. Core dumps have been disabled. To enable core dumping, try "ulimit -c unlimited" before starting Java again
#
# If you would like to submit a bug report, please include
# instructions on how to reproduce the bug and visit:
#   http://icedtea.classpath.org/bugzilla
#

---------------  T H R E A D  ---------------

Current thread (0x00007f7fe409d000):  VMThread [stack: 0x00007f7fe09fa000,0x00007f7fe0afb000] [id=9818]

siginfo:si_signo=SIGSEGV: si_errno=0, si_code=1 (SEGV_MAPERR), si_addr=0xffffffffe41c8b08

Registers:
RAX=0x00007f7fbc0008c0, RBX=0xffffffffe41c81a0, RCX=0x00007f7fe0af9748, RDX=0x00007f7fe0af9744
RSP=0x00007f7fe0af96e0, RBP=0x00007f7fcb7c8932, RSI=0x00007f7fcb7c8932, RDI=0xffffffffe41c81a0
R8 =0x00007f7fe0af974c, R9 =0x0000000000000000, R10=0x00007f7fe0af95a0, R11=0x00007f7feb310ad0
R12=0x0000000000000000, R13=0x00007f7fcb7c8932, R14=0x00007f7fbc0008c0, R15=0x0000000000000000
RIP=0x00007f7fdb4c22a8, EFLAGS=0x0000000000010202, CSGSFS=0x0000000000000033, ERR=0x0000000000000005
  TRAPNO=0x000000000000000e

Top of Stack: (sp=0x00007f7fe0af96e0)
0x00007f7fe0af96e0:   0000000000000000 00007f7fe0af9768
0x00007f7fe0af96f0:   00007f7fe0af9769 00007f7febed54e5
0x00007f7fe0af9700:   0000000000000000 ffffffffe41c81a0
0x00007f7fe0af9710:   00007f7fcb7c8932 0000000000000000
0x00007f7fe0af9720:   00007f7fcb7c8932 00007f7fbc0008c0
0x00007f7fe0af9730:   0000000000000000 00007f7fdb4b6285
0x00007f7fe0af9740:   0000000000000000 00007f7feb355b20
0x00007f7fe0af9750:   00007f7fcb901520 ffffffffe41c81a0
0x00007f7fe0af9760:   00007f7fe41d0a00 00007f7fdb7d2b1b
0x00007f7fe0af9770:   00007f7f00000005 0000001100000000
0x00007f7fe0af9780:   00007f7f00000005 0000000000000000
0x00007f7fe0af9790:   00007f7fe0af9800 ffffffffe41c81a0
0x00007f7fe0af97a0:   00007f7fe0af9a10 00007f7fe0af9a88
0x00007f7fe0af97b0:   00007f7fcb91ad50 00007f7fcb76f119
0x00007f7fe0af97c0:   0000000000000000 00007f7fe41d0ab0
0x00007f7fe0af97d0:   00007f7fe0af9800 00007f7fcbb7d008
0x00007f7fe0af97e0:   00007f7fe0af9a10 00007f7fe0af9a88
0x00007f7fe0af97f0:   00000000ffffffff 00007f7fcb765b42
0x00007f7fe0af9800:   00007f7fe0af9b00 00007f7fcb7c88b1
0x00007f7fe0af9810:   00007f7fe0af9b00 00007f7febecbf5f
0x00007f7fe0af9820:   00007f7fec0e0170 00007f7fec0e0700
0x00007f7fe0af9830:   00007f7fec0ac000 00007f7fe4005900
0x00007f7fe0af9840:   00007f7fe400a110 00007f7fe417b180
0x00007f7fe0af9850:   00007f7fe4178fe0 00007f7fe40021f0
0x00007f7fe0af9860:   00007f7fe4001b30 000000000227f560
0x00007f7fe0af9870:   000000000227fa30 0000000002280370
0x00007f7fe0af9880:   00007f7fe417c600 00007f7fe417cf90
0x00007f7fe0af9890:   00007f7fe417d4a0 00007f7fe417caa0
0x00007f7fe0af98a0:   00007f7fe417d9b0 00007f7fe417e8c0
0x00007f7fe0af98b0:   00007f7fe417e3b0 00007f7fe417edd0
0x00007f7fe0af98c0:   00007f7fe417deb0 00007f7fe417f2d0
0x00007f7fe0af98d0:   00007f7fe417f7c0 00007f7fe41801e0 

Instructions: (pc=0x00007f7fdb4c22a8)
0x00007f7fdb4c2288:   24 d8 48 89 fb 4c 89 64 24 e0 4c 89 6c 24 e8 48
0x00007f7fdb4c2298:   89 f5 4c 89 74 24 f0 4c 89 7c 24 f8 48 83 ec 58
0x00007f7fdb4c22a8:   48 8b 87 68 09 00 00 49 89 d4 49 89 cd 4d 89 c6
0x00007f7fdb4c22b8:   48 85 c0 74 02 ff 10 ba 08 00 00 00 be 62 00 00 

Register to memory mapping:

RAX=0x00007f7fbc0008c0 is an unknown value
RBX=0xffffffffe41c81a0 is an unknown value
RCX=0x00007f7fe0af9748 is an unknown value
RDX=0x00007f7fe0af9744 is an unknown value
RSP=0x00007f7fe0af96e0 is an unknown value
RBP=0x00007f7fcb7c8932: <offset 0x96932> in /usr/lib/libGL.so.1 at 0x00007f7fcb732000
RSI=0x00007f7fcb7c8932: <offset 0x96932> in /usr/lib/libGL.so.1 at 0x00007f7fcb732000
RDI=0xffffffffe41c81a0 is an unknown value
R8 =0x00007f7fe0af974c is an unknown value
R9 =0x0000000000000000 is an unknown value
R10=0x00007f7fe0af95a0 is an unknown value
R11=0x00007f7feb310ad0: __cxa_finalize+0 in /lib/libc.so.6 at 0x00007f7feb2d9000
R12=0x0000000000000000 is an unknown value
R13=0x00007f7fcb7c8932: <offset 0x96932> in /usr/lib/libGL.so.1 at 0x00007f7fcb732000
R14=0x00007f7fbc0008c0 is an unknown value
R15=0x0000000000000000 is an unknown value


Stack: [0x00007f7fe09fa000,0x00007f7fe0afb000],  sp=0x00007f7fe0af96e0,  free space=1021k
Native frames: (J=compiled Java code, j=interpreted, Vv=VM code, C=native code)
C  [libX11.so.6+0x382a8]  XQueryExtension+0x28

VM_Operation (0x00007f7fc86ddde0): Exit, mode: safepoint, requested by thread 0x00007f7fe44da800


---------------  P R O C E S S  ---------------

Java Threads: ( => current thread )
  0x00007f7fe4006000 JavaThread "DestroyJavaVM" [_thread_blocked, id=9809, stack(0x00007f7febfa7000,0x00007f7fec0a8000)]
  0x00007f7fe44da800 JavaThread "AWT-EventQueue-0" [_thread_blocked, id=9830, stack(0x00007f7fc85e0000,0x00007f7fc86e1000)]
  0x00007f7fe44d9000 JavaThread "AWT-Shutdown" [_thread_blocked, id=9829, stack(0x00007f7fc86e1000,0x00007f7fc87e2000)]
  0x00007f7fe4448000 JavaThread "AWT-XAWT" daemon [_thread_blocked, id=9828, stack(0x00007f7fc88e1000,0x00007f7fc89e2000)]
  0x00007f7fe43fd800 JavaThread "Java2D Disposer" daemon [_thread_blocked, id=9827, stack(0x00007f7fc89e2000,0x00007f7fc8ae3000)]
  0x00007f7fe43fb000 JavaThread "Java2D Queue Flusher" daemon [_thread_blocked, id=9826, stack(0x00007f7fc8ae3000,0x00007f7fc8be4000)]
  0x00007f7fe4106000 JavaThread "Service Thread" daemon [_thread_blocked, id=9824, stack(0x00007f7fe0048000,0x00007f7fe0149000)]
  0x00007f7fe4103800 JavaThread "C2 CompilerThread1" daemon [_thread_blocked, id=9823, stack(0x00007f7fe0149000,0x00007f7fe024a000)]
  0x00007f7fe4101000 JavaThread "C2 CompilerThread0" daemon [_thread_blocked, id=9822, stack(0x00007f7fe024a000,0x00007f7fe034b000)]
  0x00007f7fe40a8000 JavaThread "Finalizer" daemon [_thread_blocked, id=9820, stack(0x00007f7fe07f8000,0x00007f7fe08f9000)]
  0x00007f7fe40a5800 JavaThread "Reference Handler" daemon [_thread_blocked, id=9819, stack(0x00007f7fe08f9000,0x00007f7fe09fa000)]

Other Threads:
=>0x00007f7fe409d000 VMThread [stack: 0x00007f7fe09fa000,0x00007f7fe0afb000] [id=9818]

VM state:at safepoint (shutting down)

VM Mutex/Monitor currently owned by a thread:  ([mutex/lock_event])
[0x00007f7fe4003f50] Threads_lock - owner thread: 0x00007f7fe409d000

Heap
 PSYoungGen      total 73792K, used 12096K [0x00000007adab0000, 0x00000007b2d00000, 0x0000000800000000)
  eden space 63296K, 19% used [0x00000007adab0000,0x00000007ae6802d8,0x00000007b1880000)
  from space 10496K, 0% used [0x00000007b22c0000,0x00000007b22c0000,0x00000007b2d00000)
  to   space 10496K, 0% used [0x00000007b1880000,0x00000007b1880000,0x00000007b22c0000)
 PSOldGen        total 168576K, used 0K [0x0000000709000000, 0x00000007134a0000, 0x00000007adab0000)
  object space 168576K, 0% used [0x0000000709000000,0x0000000709000000,0x00000007134a0000)
 PSPermGen       total 21248K, used 9327K [0x00000006fea00000, 0x00000006ffec0000, 0x0000000709000000)
  object space 21248K, 43% used [0x00000006fea00000,0x00000006ff31bf80,0x00000006ffec0000)

Code Cache  [0x00007f7fe1000000, 0x00007f7fe1270000, 0x00007f7fe4000000)
 total_blobs=411 nmethods=9 adapters=356 free_code_cache=48645Kb largest_free_block=49797184

Dynamic libraries:
00400000-00401000 r-xp 00000000 08:06 533859                             /usr/lib/jvm/java-7-openjdk/jre/bin/java
00600000-00601000 rw-p 00000000 08:06 533859                             /usr/lib/jvm/java-7-openjdk/jre/bin/java
0227f000-022a0000 rw-p 00000000 00:00 0                                  [heap]
6fea00000-6ffec0000 rw-p 00000000 00:00 0 
6ffec0000-709000000 rw-p 00000000 00:00 0 
709000000-7134a0000 rw-p 00000000 00:00 0 
7134a0000-7adab0000 rw-p 00000000 00:00 0 
7adab0000-7b2d00000 rw-p 00000000 00:00 0 
7b2d00000-800000000 rw-p 00000000 00:00 0 
7f7f8c000000-7f7f8c1a3000 rw-p 00000000 00:00 0 
7f7f8c1a3000-7f7f90000000 ---p 00000000 00:00 0 
7f7f90000000-7f7f90022000 rw-p 00000000 00:00 0 
7f7f90022000-7f7f94000000 ---p 00000000 00:00 0 
7f7f94000000-7f7f94021000 rw-p 00000000 00:00 0 
7f7f94021000-7f7f98000000 ---p 00000000 00:00 0 
7f7f98000000-7f7f98021000 rw-p 00000000 00:00 0 
7f7f98021000-7f7f9c000000 ---p 00000000 00:00 0 
7f7f9c000000-7f7f9c90e000 rw-p 00000000 00:00 0 
7f7f9c90e000-7f7fa0000000 ---p 00000000 00:00 0 
7f7fa0000000-7f7fa0021000 rw-p 00000000 00:00 0 
7f7fa0021000-7f7fa4000000 ---p 00000000 00:00 0 
7f7fa4000000-7f7fa4021000 rw-p 00000000 00:00 0 
7f7fa4021000-7f7fa8000000 ---p 00000000 00:00 0 
7f7fa8000000-7f7fa8021000 rw-p 00000000 00:00 0 
7f7fa8021000-7f7fac000000 ---p 00000000 00:00 0 
7f7fac000000-7f7fac04f000 rw-p 00000000 00:00 0 
7f7fac04f000-7f7fb0000000 ---p 00000000 00:00 0 
7f7fb0000000-7f7fb0021000 rw-p 00000000 00:00 0 
7f7fb0021000-7f7fb4000000 ---p 00000000 00:00 0 
7f7fb4000000-7f7fb4021000 rw-p 00000000 00:00 0 
7f7fb4021000-7f7fb8000000 ---p 00000000 00:00 0 
7f7fb8000000-7f7fb8021000 rw-p 00000000 00:00 0 
7f7fb8021000-7f7fbc000000 ---p 00000000 00:00 0 
7f7fbc000000-7f7fbc021000 rw-p 00000000 00:00 0 
7f7fbc021000-7f7fc0000000 ---p 00000000 00:00 0 
7f7fc0000000-7f7fc0021000 rw-p 00000000 00:00 0 
7f7fc0021000-7f7fc4000000 ---p 00000000 00:00 0 
7f7fc4000000-7f7fc4021000 rw-p 00000000 00:00 0 
7f7fc4021000-7f7fc8000000 ---p 00000000 00:00 0 
7f7fc83df000-7f7fc84df000 rw-s 12deb000 00:05 9111                       /dev/ati/card1
7f7fc84df000-7f7fc84e2000 ---p 00000000 00:00 0 
7f7fc84e2000-7f7fc85e0000 rw-p 00000000 00:00 0 
7f7fc85e0000-7f7fc85e3000 ---p 00000000 00:00 0 
7f7fc85e3000-7f7fc86e1000 rw-p 00000000 00:00 0 
7f7fc86e1000-7f7fc86e4000 ---p 00000000 00:00 0 
7f7fc86e4000-7f7fc87e2000 rw-p 00000000 00:00 0 
7f7fc87e2000-7f7fc8827000 r--s 00000000 08:07 26937                      /var/cache/fontconfig/f6b893a7224233d96cb72fd88691c0b4-le64.cache-3
7f7fc8827000-7f7fc8884000 r--s 00000000 08:07 26936                      /var/cache/fontconfig/17090aa38d5c6f09fb8c5c354938f1d7-le64.cache-3
7f7fc8884000-7f7fc88e1000 r--s 00000000 08:07 26934                      /var/cache/fontconfig/df311e82a1a24c41a75c2c930223552e-le64.cache-3
7f7fc88e1000-7f7fc88e4000 ---p 00000000 00:00 0 
7f7fc88e4000-7f7fc89e2000 rw-p 00000000 00:00 0 
7f7fc89e2000-7f7fc89e5000 ---p 00000000 00:00 0 
7f7fc89e5000-7f7fc8ae3000 rw-p 00000000 00:00 0 
7f7fc8ae3000-7f7fc8ae6000 ---p 00000000 00:00 0 
7f7fc8ae6000-7f7fc8be4000 rw-p 00000000 00:00 0 
7f7fc8be4000-7f7fc92e4000 rw-s 00006000 00:05 9111                       /dev/ati/card1
7f7fc92e4000-7f7fc9464000 rw-p 00000000 00:00 0 
7f7fc9464000-7f7fcb3be000 r-xp 00000000 08:06 527438                     /usr/lib/xorg/modules/dri/fglrx_dri.so
7f7fcb3be000-7f7fcb4be000 ---p 01f5a000 08:06 527438                     /usr/lib/xorg/modules/dri/fglrx_dri.so
7f7fcb4be000-7f7fcb60c000 rwxp 01f5a000 08:06 527438                     /usr/lib/xorg/modules/dri/fglrx_dri.so
7f7fcb60c000-7f7fcb732000 rwxp 00000000 00:00 0 
7f7fcb732000-7f7fcb7f5000 r-xp 00000000 08:06 531369                     /usr/lib/fglrx/fglrx-libGL.so.1.2
7f7fcb7f5000-7f7fcb8f4000 ---p 000c3000 08:06 531369                     /usr/lib/fglrx/fglrx-libGL.so.1.2
7f7fcb8f4000-7f7fcb91b000 rwxp 000c2000 08:06 531369                     /usr/lib/fglrx/fglrx-libGL.so.1.2
7f7fcb91b000-7f7fcb93b000 rwxp 00000000 00:00 0 
7f7fcb93b000-7f7fcb97d000 r-xp 00000000 08:06 527897                     /usr/lib/libdbus-1.so.3.5.9
7f7fcb97d000-7f7fcbb7d000 ---p 00042000 08:06 527897                     /usr/lib/libdbus-1.so.3.5.9
7f7fcbb7d000-7f7fcbb7f000 rw-p 00042000 08:06 527897                     /usr/lib/libdbus-1.so.3.5.9
7f7fcbb7f000-7f7fcbb90000 r-xp 00000000 08:06 533797                     /usr/lib/libp11-kit.so.0.0.0
7f7fcbb90000-7f7fcbd8f000 ---p 00011000 08:06 533797                     /usr/lib/libp11-kit.so.0.0.0
7f7fcbd8f000-7f7fcbd90000 r--p 00010000 08:06 533797                     /usr/lib/libp11-kit.so.0.0.0
7f7fcbd90000-7f7fcbd91000 rw-p 00011000 08:06 533797                     /usr/lib/libp11-kit.so.0.0.0
7f7fcbd91000-7f7fcbdf6000 r-xp 00000000 08:06 527102                     /usr/lib/libgmp.so.10.0.5
7f7fcbdf6000-7f7fcbff6000 ---p 00065000 08:06 527102                     /usr/lib/libgmp.so.10.0.5
7f7fcbff6000-7f7fcbff7000 r--p 00065000 08:06 527102                     /usr/lib/libgmp.so.10.0.5
7f7fcbff7000-7f7fcc000000 rw-p 00066000 08:06 527102                     /usr/lib/libgmp.so.10.0.5
7f7fcc000000-7f7fcc021000 rw-p 00000000 00:00 0 
7f7fcc021000-7f7fd0000000 ---p 00000000 00:00 0 
7f7fd002a000-7f7fd0040000 r--s 00000000 08:07 22836                      /var/cache/fontconfig/8d4af663993b81a124ee82e610bb31f9-le64.cache-3
7f7fd0040000-7f7fd007b000 r-xp 00000000 08:06 527355                     /usr/lib/libatiadlxx.so
7f7fd007b000-7f7fd017b000 ---p 0003b000 08:06 527355                     /usr/lib/libatiadlxx.so
7f7fd017b000-7f7fd0184000 rw-p 0003b000 08:06 527355                     /usr/lib/libatiadlxx.so
7f7fd0184000-7f7fd0195000 rw-p 00000000 00:00 0 
7f7fd0195000-7f7fd01a7000 r-xp 00000000 08:06 533726                     /usr/lib/libhogweed.so.2.1
7f7fd01a7000-7f7fd03a6000 ---p 00012000 08:06 533726                     /usr/lib/libhogweed.so.2.1
7f7fd03a6000-7f7fd03a7000 r--p 00011000 08:06 533726                     /usr/lib/libhogweed.so.2.1
7f7fd03a7000-7f7fd03a8000 rw-p 00012000 08:06 533726                     /usr/lib/libhogweed.so.2.1
7f7fd03a8000-7f7fd03cd000 r-xp 00000000 08:06 531660                     /usr/lib/libnettle.so.4.3
7f7fd03cd000-7f7fd05cd000 ---p 00025000 08:06 531660                     /usr/lib/libnettle.so.4.3
7f7fd05cd000-7f7fd05ce000 r--p 00025000 08:06 531660                     /usr/lib/libnettle.so.4.3
7f7fd05ce000-7f7fd05cf000 rw-p 00026000 08:06 531660                     /usr/lib/libnettle.so.4.3
7f7fd05cf000-7f7fd05df000 r-xp 00000000 08:06 523686                     /usr/lib/libtasn1.so.3.1.15
7f7fd05df000-7f7fd07de000 ---p 00010000 08:06 523686                     /usr/lib/libtasn1.so.3.1.15
7f7fd07de000-7f7fd07df000 r--p 0000f000 08:06 523686                     /usr/lib/libtasn1.so.3.1.15
7f7fd07df000-7f7fd07e0000 rw-p 00010000 08:06 523686                     /usr/lib/libtasn1.so.3.1.15
7f7fd07e0000-7f7fd07e3000 r-xp 00000000 08:06 536931                     /usr/lib/libkeyutils.so.1.4
7f7fd07e3000-7f7fd09e2000 ---p 00003000 08:06 536931                     /usr/lib/libkeyutils.so.1.4
7f7fd09e2000-7f7fd09e3000 r--p 00002000 08:06 536931                     /usr/lib/libkeyutils.so.1.4
7f7fd09e3000-7f7fd09e4000 rw-p 00003000 08:06 536931                     /usr/lib/libkeyutils.so.1.4
7f7fd09e4000-7f7fd09ed000 r-xp 00000000 08:06 529619                     /usr/lib/libkrb5support.so.0.1
7f7fd09ed000-7f7fd0bec000 ---p 00009000 08:06 529619                     /usr/lib/libkrb5support.so.0.1
7f7fd0bec000-7f7fd0bed000 r--p 00008000 08:06 529619                     /usr/lib/libkrb5support.so.0.1
7f7fd0bed000-7f7fd0bee000 rw-p 00009000 08:06 529619                     /usr/lib/libkrb5support.so.0.1
7f7fd0bee000-7f7fd0bf1000 r-xp 00000000 08:06 524071                     /usr/lib/libcom_err.so.2.1
7f7fd0bf1000-7f7fd0df0000 ---p 00003000 08:06 524071                     /usr/lib/libcom_err.so.2.1
7f7fd0df0000-7f7fd0df1000 r--p 00002000 08:06 524071                     /usr/lib/libcom_err.so.2.1
7f7fd0df1000-7f7fd0df2000 rw-p 00003000 08:06 524071                     /usr/lib/libcom_err.so.2.1
7f7fd0df2000-7f7fd0e1a000 r-xp 00000000 08:06 533131                     /usr/lib/libk5crypto.so.3.1
7f7fd0e1a000-7f7fd101a000 ---p 00028000 08:06 533131                     /usr/lib/libk5crypto.so.3.1
7f7fd101a000-7f7fd101b000 r--p 00028000 08:06 533131                     /usr/lib/libk5crypto.so.3.1
7f7fd101b000-7f7fd101c000 rw-p 00029000 08:06 533131                     /usr/lib/libk5crypto.so.3.1
7f7fd101c000-7f7fd101d000 rw-p 00000000 00:00 0 
7f7fd101d000-7f7fd10f5000 r-xp 00000000 08:06 527453                     /usr/lib/libkrb5.so.3.3
7f7fd10f5000-7f7fd12f5000 ---p 000d8000 08:06 527453                     /usr/lib/libkrb5.so.3.3
7f7fd12f5000-7f7fd12ff000 r--p 000d8000 08:06 527453                     /usr/lib/libkrb5.so.3.3
7f7fd12ff000-7f7fd1301000 rw-p 000e2000 08:06 527453                     /usr/lib/libkrb5.so.3.3
7f7fd1301000-7f7fd1306000 r-xp 00000000 08:06 523755                     /usr/lib/libXdmcp.so.6.0.0
7f7fd1306000-7f7fd1505000 ---p 00005000 08:06 523755                     /usr/lib/libXdmcp.so.6.0.0
7f7fd1505000-7f7fd1506000 r--p 00004000 08:06 523755                     /usr/lib/libXdmcp.so.6.0.0
7f7fd1506000-7f7fd1507000 rw-p 00005000 08:06 523755                     /usr/lib/libXdmcp.so.6.0.0
7f7fd1507000-7f7fd1509000 r-xp 00000000 08:06 523713                     /usr/lib/libXau.so.6.0.0
7f7fd1509000-7f7fd1709000 ---p 00002000 08:06 523713                     /usr/lib/libXau.so.6.0.0
7f7fd1709000-7f7fd170a000 r--p 00002000 08:06 523713                     /usr/lib/libXau.so.6.0.0
7f7fd170a000-7f7fd170b000 rw-p 00003000 08:06 523713                     /usr/lib/libXau.so.6.0.0
7f7fd170b000-7f7fd171b000 r-xp 00000000 08:06 526584                     /usr/lib/libavahi-client.so.3.2.9
7f7fd171b000-7f7fd191a000 ---p 00010000 08:06 526584                     /usr/lib/libavahi-client.so.3.2.9
7f7fd191a000-7f7fd191b000 r--p 0000f000 08:06 526584                     /usr/lib/libavahi-client.so.3.2.9
7f7fd191b000-7f7fd191c000 rw-p 00010000 08:06 526584                     /usr/lib/libavahi-client.so.3.2.9
7f7fd191c000-7f7fd1928000 r-xp 00000000 08:06 527596                     /usr/lib/libavahi-common.so.3.5.3
7f7fd1928000-7f7fd1b27000 ---p 0000c000 08:06 527596                     /usr/lib/libavahi-common.so.3.5.3
7f7fd1b27000-7f7fd1b28000 r--p 0000b000 08:06 527596                     /usr/lib/libavahi-common.so.3.5.3
7f7fd1b28000-7f7fd1b29000 rw-p 0000c000 08:06 527596                     /usr/lib/libavahi-common.so.3.5.3
7f7fd1b29000-7f7fd1c1b000 r-xp 00000000 08:06 528636                     /usr/lib/libgnutls.so.28.8.1
7f7fd1c1b000-7f7fd1e1b000 ---p 000f2000 08:06 528636                     /usr/lib/libgnutls.so.28.8.1
7f7fd1e1b000-7f7fd1e23000 r--p 000f2000 08:06 528636                     /usr/lib/libgnutls.so.28.8.1
7f7fd1e23000-7f7fd1e25000 rw-p 000fa000 08:06 528636                     /usr/lib/libgnutls.so.28.8.1
7f7fd1e25000-7f7fd1e26000 rw-p 00000000 00:00 0 
7f7fd1e26000-7f7fd1e67000 r-xp 00000000 08:06 533554                     /usr/lib/libgssapi_krb5.so.2.2
7f7fd1e67000-7f7fd2067000 ---p 00041000 08:06 533554                     /usr/lib/libgssapi_krb5.so.2.2
7f7fd2067000-7f7fd2068000 r--p 00041000 08:06 533554                     /usr/lib/libgssapi_krb5.so.2.2
7f7fd2068000-7f7fd206a000 rw-p 00042000 08:06 533554                     /usr/lib/libgssapi_krb5.so.2.2
7f7fd206a000-7f7fd20c3000 r-xp 00000000 08:06 531196                     /usr/lib/libpcre.so.1.0.0
7f7fd20c3000-7f7fd22c2000 ---p 00059000 08:06 531196                     /usr/lib/libpcre.so.1.0.0
7f7fd22c2000-7f7fd22c3000 r--p 00058000 08:06 531196                     /usr/lib/libpcre.so.1.0.0
7f7fd22c3000-7f7fd22c4000 rw-p 00059000 08:06 531196                     /usr/lib/libpcre.so.1.0.0
7f7fd22c4000-7f7fd22cb000 r-xp 00000000 08:06 533126                     /usr/lib/libffi.so.6.0.0
7f7fd22cb000-7f7fd24ca000 ---p 00007000 08:06 533126                     /usr/lib/libffi.so.6.0.0
7f7fd24ca000-7f7fd24cb000 r--p 00006000 08:06 533126                     /usr/lib/libffi.so.6.0.0
7f7fd24cb000-7f7fd24cc000 rw-p 00007000 08:06 533126                     /usr/lib/libffi.so.6.0.0
7f7fd24cc000-7f7fd24f4000 r-xp 00000000 08:06 534280                     /usr/lib/libexpat.so.1.6.0
7f7fd24f4000-7f7fd26f3000 ---p 00028000 08:06 534280                     /usr/lib/libexpat.so.1.6.0
7f7fd26f3000-7f7fd26f5000 r--p 00027000 08:06 534280                     /usr/lib/libexpat.so.1.6.0
7f7fd26f5000-7f7fd26f6000 rw-p 00029000 08:06 534280                     /usr/lib/libexpat.so.1.6.0
7f7fd26f6000-7f7fd2705000 r-xp 00000000 08:06 535331                     /usr/lib/libbz2.so.1.0.6
7f7fd2705000-7f7fd2904000 ---p 0000f000 08:06 535331                     /usr/lib/libbz2.so.1.0.6
7f7fd2904000-7f7fd2906000 rw-p 0000e000 08:06 535331                     /usr/lib/libbz2.so.1.0.6
7f7fd2906000-7f7fd290e000 r-xp 00000000 08:06 534957                     /usr/lib/libxcb-render.so.0.0.0
7f7fd290e000-7f7fd2b0e000 ---p 00008000 08:06 534957                     /usr/lib/libxcb-render.so.0.0.0
7f7fd2b0e000-7f7fd2b0f000 rw-p 00008000 08:06 534957                     /usr/lib/libxcb-render.so.0.0.0
7f7fd2b0f000-7f7fd2b11000 r-xp 00000000 08:06 530934                     /usr/lib/libxcb-shm.so.0.0.0
7f7fd2b11000-7f7fd2d10000 ---p 00002000 08:06 530934                     /usr/lib/libxcb-shm.so.0.0.0
7f7fd2d10000-7f7fd2d11000 rw-p 00001000 08:06 530934                     /usr/lib/libxcb-shm.so.0.0.0
7f7fd2d11000-7f7fd2d92000 r-xp 00000000 08:06 528735                     /usr/lib/libpixman-1.so.0.24.4
7f7fd2d92000-7f7fd2f92000 ---p 00081000 08:06 528735                     /usr/lib/libpixman-1.so.0.24.4
7f7fd2f92000-7f7fd2f98000 r--p 00081000 08:06 528735                     /usr/lib/libpixman-1.so.0.24.4
7f7fd2f98000-7f7fd2f99000 rw-p 00087000 08:06 528735                     /usr/lib/libpixman-1.so.0.24.4
7f7fd2f99000-7f7fd2fc5000 r-xp 00000000 08:06 528725                     /usr/lib/libpng15.so.15.10.0
7f7fd2fc5000-7f7fd31c4000 ---p 0002c000 08:06 528725                     /usr/lib/libpng15.so.15.10.0
7f7fd31c4000-7f7fd31c5000 r--p 0002b000 08:06 528725                     /usr/lib/libpng15.so.15.10.0
7f7fd31c5000-7f7fd31c6000 rw-p 0002c000 08:06 528725                     /usr/lib/libpng15.so.15.10.0
7f7fd31c6000-7f7fd31d9000 r-xp 00000000 08:06 1332                       /lib/libresolv-2.15.so
7f7fd31d9000-7f7fd33d9000 ---p 00013000 08:06 1332                       /lib/libresolv-2.15.so
7f7fd33d9000-7f7fd33da000 r--p 00013000 08:06 1332                       /lib/libresolv-2.15.so
7f7fd33da000-7f7fd33db000 rw-p 00014000 08:06 1332                       /lib/libresolv-2.15.so
7f7fd33db000-7f7fd33dd000 rw-p 00000000 00:00 0 
7f7fd33dd000-7f7fd33df000 r-xp 00000000 08:06 533292                     /usr/lib/libXdamage.so.1.1.0
7f7fd33df000-7f7fd35de000 ---p 00002000 08:06 533292                     /usr/lib/libXdamage.so.1.1.0
7f7fd35de000-7f7fd35df000 r--p 00001000 08:06 533292                     /usr/lib/libXdamage.so.1.1.0
7f7fd35df000-7f7fd35e0000 rw-p 00002000 08:06 533292                     /usr/lib/libXdamage.so.1.1.0
7f7fd35e0000-7f7fd35e2000 r-xp 00000000 08:06 523753                     /usr/lib/libXcomposite.so.1.0.0
7f7fd35e2000-7f7fd37e1000 ---p 00002000 08:06 523753                     /usr/lib/libXcomposite.so.1.0.0
7f7fd37e1000-7f7fd37e2000 r--p 00001000 08:06 523753                     /usr/lib/libXcomposite.so.1.0.0
7f7fd37e2000-7f7fd37e3000 rw-p 00002000 08:06 523753                     /usr/lib/libXcomposite.so.1.0.0
7f7fd37e3000-7f7fd37ec000 r-xp 00000000 08:06 531336                     /usr/lib/libXcursor.so.1.0.2
7f7fd37ec000-7f7fd39eb000 ---p 00009000 08:06 531336                     /usr/lib/libXcursor.so.1.0.2
7f7fd39eb000-7f7fd39ec000 r--p 00008000 08:06 531336                     /usr/lib/libXcursor.so.1.0.2
7f7fd39ec000-7f7fd39ed000 rw-p 00009000 08:06 531336                     /usr/lib/libXcursor.so.1.0.2
7f7fd39ed000-7f7fd39f5000 r-xp 00000000 08:06 533170                     /usr/lib/libXrandr.so.2.2.0
7f7fd39f5000-7f7fd3bf4000 ---p 00008000 08:06 533170                     /usr/lib/libXrandr.so.2.2.0
7f7fd3bf4000-7f7fd3bf5000 r--p 00007000 08:06 533170                     /usr/lib/libXrandr.so.2.2.0
7f7fd3bf5000-7f7fd3bf6000 rw-p 00008000 08:06 533170                     /usr/lib/libXrandr.so.2.2.0
7f7fd3bf6000-7f7fd3bf8000 r-xp 00000000 08:06 523766                     /usr/lib/libXinerama.so.1.0.0
7f7fd3bf8000-7f7fd3df7000 ---p 00002000 08:06 523766                     /usr/lib/libXinerama.so.1.0.0
7f7fd3df7000-7f7fd3df8000 r--p 00001000 08:06 523766                     /usr/lib/libXinerama.so.1.0.0
7f7fd3df8000-7f7fd3df9000 rw-p 00002000 08:06 523766                     /usr/lib/libXinerama.so.1.0.0
7f7fd3df9000-7f7fd3dfe000 r-xp 00000000 08:06 523749                     /usr/lib/libXfixes.so.3.1.0
7f7fd3dfe000-7f7fd3ffe000 ---p 00005000 08:06 523749                     /usr/lib/libXfixes.so.3.1.0
7f7fd3ffe000-7f7fd3fff000 r--p 00005000 08:06 523749                     /usr/lib/libXfixes.so.3.1.0
7f7fd3fff000-7f7fd4000000 rw-p 00006000 08:06 523749                     /usr/lib/libXfixes.so.3.1.0
7f7fd4000000-7f7fd4021000 rw-p 00000000 00:00 0 
7f7fd4021000-7f7fd8000000 ---p 00000000 00:00 0 
7f7fd8011000-7f7fd801a000 r--s 00000000 08:07 26938                      /var/cache/fontconfig/d62e99ef547d1d24cdb1bd22ec1a2976-le64.cache-3
7f7fd801a000-7f7fd80e2000 rw-p 00000000 00:00 0 
7f7fd80e2000-7f7fd80e9000 r-xp 00000000 08:06 526968                     /usr/lib/libatiuki.so.1.0
7f7fd80e9000-7f7fd81e9000 ---p 00007000 08:06 526968                     /usr/lib/libatiuki.so.1.0
7f7fd81e9000-7f7fd81ea000 rw-p 00007000 08:06 526968                     /usr/lib/libatiuki.so.1.0
7f7fd81ea000-7f7fd81eb000 rw-p 00000000 00:00 0 
7f7fd81eb000-7f7fd8208000 r-xp 00000000 08:06 533661                     /usr/lib/libxcb.so.1.1.0
7f7fd8208000-7f7fd8408000 ---p 0001d000 08:06 533661                     /usr/lib/libxcb.so.1.1.0
7f7fd8408000-7f7fd8409000 rw-p 0001d000 08:06 533661                     /usr/lib/libxcb.so.1.1.0
7f7fd8409000-7f7fd845b000 r-xp 00000000 08:06 528718                     /usr/lib/libcups.so.2
7f7fd845b000-7f7fd865a000 ---p 00052000 08:06 528718                     /usr/lib/libcups.so.2
7f7fd865a000-7f7fd865e000 r--p 00051000 08:06 528718                     /usr/lib/libcups.so.2
7f7fd865e000-7f7fd865f000 rw-p 00055000 08:06 528718                     /usr/lib/libcups.so.2
7f7fd865f000-7f7fd8751000 r-xp 00000000 08:06 528627                     /usr/lib/libglib-2.0.so.0.3200.2
7f7fd8751000-7f7fd8950000 ---p 000f2000 08:06 528627                     /usr/lib/libglib-2.0.so.0.3200.2
7f7fd8950000-7f7fd8951000 r--p 000f1000 08:06 528627                     /usr/lib/libglib-2.0.so.0.3200.2
7f7fd8951000-7f7fd8952000 rw-p 000f2000 08:06 528627                     /usr/lib/libglib-2.0.so.0.3200.2
7f7fd8952000-7f7fd8953000 rw-p 00000000 00:00 0 
7f7fd8953000-7f7fd8954000 r-xp 00000000 08:06 528965                     /usr/lib/libgthread-2.0.so.0.3200.2
7f7fd8954000-7f7fd8b53000 ---p 00001000 08:06 528965                     /usr/lib/libgthread-2.0.so.0.3200.2
7f7fd8b53000-7f7fd8b54000 r--p 00000000 08:06 528965                     /usr/lib/libgthread-2.0.so.0.3200.2
7f7fd8b54000-7f7fd8b55000 rw-p 00001000 08:06 528965                     /usr/lib/libgthread-2.0.so.0.3200.2
7f7fd8b55000-7f7fd8b58000 r-xp 00000000 08:06 528923                     /usr/lib/libgmodule-2.0.so.0.3200.2
7f7fd8b58000-7f7fd8d57000 ---p 00003000 08:06 528923                     /usr/lib/libgmodule-2.0.so.0.3200.2
7f7fd8d57000-7f7fd8d58000 r--p 00002000 08:06 528923                     /usr/lib/libgmodule-2.0.so.0.3200.2
7f7fd8d58000-7f7fd8d59000 rw-p 00003000 08:06 528923                     /usr/lib/libgmodule-2.0.so.0.3200.2
7f7fd8d59000-7f7fd8da5000 r-xp 00000000 08:06 528966                     /usr/lib/libgobject-2.0.so.0.3200.2
7f7fd8da5000-7f7fd8fa5000 ---p 0004c000 08:06 528966                     /usr/lib/libgobject-2.0.so.0.3200.2
7f7fd8fa5000-7f7fd8fa6000 r--p 0004c000 08:06 528966                     /usr/lib/libgobject-2.0.so.0.3200.2
7f7fd8fa6000-7f7fd8fa7000 rw-p 0004d000 08:06 528966                     /usr/lib/libgobject-2.0.so.0.3200.2
7f7fd8fa7000-7f7fd8fdb000 r-xp 00000000 08:06 534580                     /usr/lib/libfontconfig.so.1.4.4
7f7fd8fdb000-7f7fd91db000 ---p 00034000 08:06 534580                     /usr/lib/libfontconfig.so.1.4.4
7f7fd91db000-7f7fd91dc000 r--p 00034000 08:06 534580                     /usr/lib/libfontconfig.so.1.4.4
7f7fd91dc000-7f7fd91dd000 rw-p 00035000 08:06 534580                     /usr/lib/libfontconfig.so.1.4.4
7f7fd91dd000-7f7fd9276000 r-xp 00000000 08:06 533427                     /usr/lib/libfreetype.so.6.8.1
7f7fd9276000-7f7fd9475000 ---p 00099000 08:06 533427                     /usr/lib/libfreetype.so.6.8.1
7f7fd9475000-7f7fd947b000 r--p 00098000 08:06 533427                     /usr/lib/libfreetype.so.6.8.1
7f7fd947b000-7f7fd947c000 rw-p 0009e000 08:06 533427                     /usr/lib/libfreetype.so.6.8.1
7f7fd947c000-7f7fd94c4000 r-xp 00000000 08:06 533234                     /usr/lib/libpango-1.0.so.0.3000.0
7f7fd94c4000-7f7fd96c4000 ---p 00048000 08:06 533234                     /usr/lib/libpango-1.0.so.0.3000.0
7f7fd96c4000-7f7fd96c6000 r--p 00048000 08:06 533234                     /usr/lib/libpango-1.0.so.0.3000.0
7f7fd96c6000-7f7fd96c7000 rw-p 0004a000 08:06 533234                     /usr/lib/libpango-1.0.so.0.3000.0
7f7fd96c7000-7f7fd97b7000 r-xp 00000000 08:06 527614                     /usr/lib/libcairo.so.2.11200.2
7f7fd97b7000-7f7fd99b7000 ---p 000f0000 08:06 527614                     /usr/lib/libcairo.so.2.11200.2
7f7fd99b7000-7f7fd99bb000 rw-p 000f0000 08:06 527614                     /usr/lib/libcairo.so.2.11200.2
7f7fd99bb000-7f7fd99bc000 rw-p 00000000 00:00 0 
7f7fd99bc000-7f7fd99dd000 r-xp 00000000 08:06 532661                     /usr/lib/libgdk_pixbuf-2.0.so.0.2600.1
7f7fd99dd000-7f7fd9bdc000 ---p 00021000 08:06 532661                     /usr/lib/libgdk_pixbuf-2.0.so.0.2600.1
7f7fd9bdc000-7f7fd9bdd000 r--p 00020000 08:06 532661                     /usr/lib/libgdk_pixbuf-2.0.so.0.2600.1
7f7fd9bdd000-7f7fd9bde000 rw-p 00021000 08:06 532661                     /usr/lib/libgdk_pixbuf-2.0.so.0.2600.1
7f7fd9bde000-7f7fd9be9000 r-xp 00000000 08:06 533238                     /usr/lib/libpangocairo-1.0.so.0.3000.0
7f7fd9be9000-7f7fd9de9000 ---p 0000b000 08:06 533238                     /usr/lib/libpangocairo-1.0.so.0.3000.0
7f7fd9de9000-7f7fd9dea000 r--p 0000b000 08:06 533238                     /usr/lib/libpangocairo-1.0.so.0.3000.0
7f7fd9dea000-7f7fd9deb000 rw-p 0000c000 08:06 533238                     /usr/lib/libpangocairo-1.0.so.0.3000.0
7f7fd9deb000-7f7fd9e16000 r-xp 00000000 08:06 533236                     /usr/lib/libpangoft2-1.0.so.0.3000.0
7f7fd9e16000-7f7fda016000 ---p 0002b000 08:06 533236                     /usr/lib/libpangoft2-1.0.so.0.3000.0
7f7fda016000-7f7fda017000 r--p 0002b000 08:06 533236                     /usr/lib/libpangoft2-1.0.so.0.3000.0
7f7fda017000-7f7fda018000 rw-p 0002c000 08:06 533236                     /usr/lib/libpangoft2-1.0.so.0.3000.0
7f7fda018000-7f7fda15d000 r-xp 00000000 08:06 528967                     /usr/lib/libgio-2.0.so.0.3200.2
7f7fda15d000-7f7fda35c000 ---p 00145000 08:06 528967                     /usr/lib/libgio-2.0.so.0.3200.2
7f7fda35c000-7f7fda360000 r--p 00144000 08:06 528967                     /usr/lib/libgio-2.0.so.0.3200.2
7f7fda360000-7f7fda362000 rw-p 00148000 08:06 528967                     /usr/lib/libgio-2.0.so.0.3200.2
7f7fda362000-7f7fda364000 rw-p 00000000 00:00 0 
7f7fda364000-7f7fda384000 r-xp 00000000 08:06 533187                     /usr/lib/libatk-1.0.so.0.20409.1
7f7fda384000-7f7fda584000 ---p 00020000 08:06 533187                     /usr/lib/libatk-1.0.so.0.20409.1
7f7fda584000-7f7fda586000 r--p 00020000 08:06 533187                     /usr/lib/libatk-1.0.so.0.20409.1
7f7fda586000-7f7fda587000 rw-p 00022000 08:06 533187                     /usr/lib/libatk-1.0.so.0.20409.1
7f7fda587000-7f7fda634000 r-xp 00000000 08:06 523419                     /usr/lib/libgdk-x11-2.0.so.0.2400.10
7f7fda634000-7f7fda834000 ---p 000ad000 08:06 523419                     /usr/lib/libgdk-x11-2.0.so.0.2400.10
7f7fda834000-7f7fda838000 r--p 000ad000 08:06 523419                     /usr/lib/libgdk-x11-2.0.so.0.2400.10
7f7fda838000-7f7fda83a000 rw-p 000b1000 08:06 523419                     /usr/lib/libgdk-x11-2.0.so.0.2400.10
7f7fda83a000-7f7fdac5c000 r-xp 00000000 08:06 523420                     /usr/lib/libgtk-x11-2.0.so.0.2400.10
7f7fdac5c000-7f7fdae5c000 ---p 00422000 08:06 523420                     /usr/lib/libgtk-x11-2.0.so.0.2400.10
7f7fdae5c000-7f7fdae63000 r--p 00422000 08:06 523420                     /usr/lib/libgtk-x11-2.0.so.0.2400.10
7f7fdae63000-7f7fdae67000 rw-p 00429000 08:06 523420                     /usr/lib/libgtk-x11-2.0.so.0.2400.10
7f7fdae67000-7f7fdae69000 rw-p 00000000 00:00 0 
7f7fdae69000-7f7fdae77000 r-xp 00000000 08:06 526751                     /usr/lib/libXi.so.6.1.0
7f7fdae77000-7f7fdb076000 ---p 0000e000 08:06 526751                     /usr/lib/libXi.so.6.1.0
7f7fdb076000-7f7fdb077000 r--p 0000d000 08:06 526751                     /usr/lib/libXi.so.6.1.0
7f7fdb077000-7f7fdb078000 rw-p 0000e000 08:06 526751                     /usr/lib/libXi.so.6.1.0
7f7fdb078000-7f7fdb07d000 r-xp 00000000 08:06 523793                     /usr/lib/libXtst.so.6.1.0
7f7fdb07d000-7f7fdb27d000 ---p 00005000 08:06 523793                     /usr/lib/libXtst.so.6.1.0
7f7fdb27d000-7f7fdb27e000 r--p 00005000 08:06 523793                     /usr/lib/libXtst.so.6.1.0
7f7fdb27e000-7f7fdb27f000 rw-p 00006000 08:06 523793                     /usr/lib/libXtst.so.6.1.0
7f7fdb27f000-7f7fdb289000 r-xp 00000000 08:06 529110                     /usr/lib/libXrender.so.1.3.0
7f7fdb289000-7f7fdb488000 ---p 0000a000 08:06 529110                     /usr/lib/libXrender.so.1.3.0
7f7fdb488000-7f7fdb489000 r--p 00009000 08:06 529110                     /usr/lib/libXrender.so.1.3.0
7f7fdb489000-7f7fdb48a000 rw-p 0000a000 08:06 529110                     /usr/lib/libXrender.so.1.3.0
7f7fdb48a000-7f7fdb5be000 r-xp 00000000 08:06 531386                     /usr/lib/libX11.so.6.3.0
7f7fdb5be000-7f7fdb7be000 ---p 00134000 08:06 531386                     /usr/lib/libX11.so.6.3.0
7f7fdb7be000-7f7fdb7bf000 r--p 00134000 08:06 531386                     /usr/lib/libX11.so.6.3.0
7f7fdb7bf000-7f7fdb7c4000 rw-p 00135000 08:06 531386                     /usr/lib/libX11.so.6.3.0
7f7fdb7c4000-7f7fdb7d6000 r-xp 00000000 08:06 523664                     /usr/lib/libXext.so.6.4.0
7f7fdb7d6000-7f7fdb9d5000 ---p 00012000 08:06 523664                     /usr/lib/libXext.so.6.4.0
7f7fdb9d5000-7f7fdb9d6000 r--p 00011000 08:06 523664                     /usr/lib/libXext.so.6.4.0
7f7fdb9d6000-7f7fdb9d7000 rw-p 00012000 08:06 523664                     /usr/lib/libXext.so.6.4.0
7f7fdb9d7000-7f7fdba29000 r-xp 00000000 08:06 533913                     /usr/lib/jvm/java-7-openjdk/jre/lib/amd64/xawt/libmawt.so
7f7fdba29000-7f7fdbc28000 ---p 00052000 08:06 533913                     /usr/lib/jvm/java-7-openjdk/jre/lib/amd64/xawt/libmawt.so
7f7fdbc28000-7f7fdbc2c000 rw-p 00051000 08:06 533913                     /usr/lib/jvm/java-7-openjdk/jre/lib/amd64/xawt/libmawt.so
7f7fdbc2c000-7f7fdbc2d000 rw-p 00000000 00:00 0 
7f7fdbc2d000-7f7fdbccf000 r-xp 00000000 08:06 525820                     /usr/lib/jvm/java-7-openjdk/jre/lib/amd64/libawt.so
7f7fdbccf000-7f7fdbecf000 ---p 000a2000 08:06 525820                     /usr/lib/jvm/java-7-openjdk/jre/lib/amd64/libawt.so
7f7fdbecf000-7f7fdbedb000 rw-p 000a2000 08:06 525820                     /usr/lib/jvm/java-7-openjdk/jre/lib/amd64/libawt.so
7f7fdbedb000-7f7fdbeff000 rw-p 00000000 00:00 0 
7f7fdbeff000-7f7fdbf00000 ---p 00000000 00:00 0 
7f7fdbf00000-7f7fdc000000 rw-p 00000000 00:00 0 
7f7fdc000000-7f7fdc021000 rw-p 00000000 00:00 0 
7f7fdc021000-7f7fe0000000 ---p 00000000 00:00 0 
7f7fe0008000-7f7fe0048000 rw-s 00030000 00:05 9111                       /dev/ati/card1
7f7fe0048000-7f7fe004b000 ---p 00000000 00:00 0 
7f7fe004b000-7f7fe0149000 rw-p 00000000 00:00 0 
7f7fe0149000-7f7fe014c000 ---p 00000000 00:00 0 
7f7fe014c000-7f7fe024a000 rw-p 00000000 00:00 0 
7f7fe024a000-7f7fe024d000 ---p 00000000 00:00 0 
7f7fe024d000-7f7fe034b000 rw-p 00000000 00:00 0 
7f7fe034b000-7f7fe034e000 ---p 00000000 00:00 0 
7f7fe034e000-7f7fe044c000 rw-p 00000000 00:00 0 
7f7fe044c000-7f7fe07f8000 r--p 00000000 08:06 536728                     /usr/lib/locale/locale-archive
7f7fe07f8000-7f7fe07fb000 ---p 00000000 00:00 0 
7f7fe07fb000-7f7fe08f9000 rw-p 00000000 00:00 0 
7f7fe08f9000-7f7fe08fc000 ---p 00000000 00:00 0 
7f7fe08fc000-7f7fe09fa000 rw-p 00000000 00:00 0 
7f7fe09fa000-7f7fe09fb000 ---p 00000000 00:00 0 
7f7fe09fb000-7f7fe1000000 rw-p 00000000 00:00 0 
7f7fe1000000-7f7fe1270000 rwxp 00000000 00:00 0 
7f7fe1270000-7f7fe44e7000 rw-p 00000000 00:00 0 
7f7fe44e7000-7f7fe8000000 ---p 00000000 00:00 0 
7f7fe8007000-7f7fe8008000 r--s 00000000 00:11 27270                      /home/tobi/.fontconfig/5604230ae2129cf9aeedc64ab4ef6938-le64.cache-3
7f7fe8008000-7f7fe80bc000 rw-p 00000000 00:00 0 
7f7fe80bc000-7f7fe826b000 r--s 03e7b000 08:06 524045                     /usr/lib/jvm/java-7-openjdk/jre/lib/rt.jar
7f7fe826b000-7f7fe8293000 rw-p 00000000 00:00 0 
7f7fe8293000-7f7fe8294000 ---p 00000000 00:00 0 
7f7fe8294000-7f7fe8394000 rw-p 00000000 00:00 0 
7f7fe8394000-7f7fe8395000 ---p 00000000 00:00 0 
7f7fe8395000-7f7fe8495000 rw-p 00000000 00:00 0 
7f7fe8495000-7f7fe8496000 ---p 00000000 00:00 0 
7f7fe8496000-7f7fe8596000 rw-p 00000000 00:00 0 
7f7fe8596000-7f7fe8597000 ---p 00000000 00:00 0 
7f7fe8597000-7f7fe86a2000 rw-p 00000000 00:00 0 
7f7fe86a2000-7f7fe86ea000 rw-p 00000000 00:00 0 
7f7fe86ea000-7f7fe873d000 rw-p 00000000 00:00 0 
7f7fe873d000-7f7fe8c10000 rw-p 00000000 00:00 0 
7f7fe8c10000-7f7fe8c1b000 rw-p 00000000 00:00 0 
7f7fe8c1b000-7f7fe8c63000 rw-p 00000000 00:00 0 
7f7fe8c63000-7f7fe8cb6000 rw-p 00000000 00:00 0 
7f7fe8cb6000-7f7fe9188000 rw-p 00000000 00:00 0 
7f7fe9188000-7f7fe91b2000 rw-p 00000000 00:00 0 
7f7fe91b2000-7f7fe941b000 rw-p 00000000 00:00 0 
7f7fe941b000-7f7fe941c000 rw-p 00000000 00:00 0 
7f7fe941c000-7f7fe9424000 r-xp 00000000 08:06 525197                     /usr/lib/jvm/java-7-openjdk/jre/lib/amd64/libzip.so
7f7fe9424000-7f7fe9623000 ---p 00008000 08:06 525197                     /usr/lib/jvm/java-7-openjdk/jre/lib/amd64/libzip.so
7f7fe9623000-7f7fe9624000 rw-p 00007000 08:06 525197                     /usr/lib/jvm/java-7-openjdk/jre/lib/amd64/libzip.so
7f7fe9624000-7f7fe9630000 r-xp 00000000 08:06 1309                       /lib/libnss_files-2.15.so
7f7fe9630000-7f7fe982f000 ---p 0000c000 08:06 1309                       /lib/libnss_files-2.15.so
7f7fe982f000-7f7fe9830000 r--p 0000b000 08:06 1309                       /lib/libnss_files-2.15.so
7f7fe9830000-7f7fe9831000 rw-p 0000c000 08:06 1309                       /lib/libnss_files-2.15.so
7f7fe9831000-7f7fe985a000 r-xp 00000000 08:06 525207                     /usr/lib/jvm/java-7-openjdk/jre/lib/amd64/libjava.so
7f7fe985a000-7f7fe9a59000 ---p 00029000 08:06 525207                     /usr/lib/jvm/java-7-openjdk/jre/lib/amd64/libjava.so
7f7fe9a59000-7f7fe9a5b000 rw-p 00028000 08:06 525207                     /usr/lib/jvm/java-7-openjdk/jre/lib/amd64/libjava.so
7f7fe9a5b000-7f7fe9a69000 r-xp 00000000 08:06 525194                     /usr/lib/jvm/java-7-openjdk/jre/lib/amd64/libverify.so
7f7fe9a69000-7f7fe9c68000 ---p 0000e000 08:06 525194                     /usr/lib/jvm/java-7-openjdk/jre/lib/amd64/libverify.so
7f7fe9c68000-7f7fe9c6a000 rw-p 0000d000 08:06 525194                     /usr/lib/jvm/java-7-openjdk/jre/lib/amd64/libverify.so
7f7fe9c6a000-7f7fe9c71000 r-xp 00000000 08:06 1288                       /lib/librt-2.15.so
7f7fe9c71000-7f7fe9e70000 ---p 00007000 08:06 1288                       /lib/librt-2.15.so
7f7fe9e70000-7f7fe9e71000 r--p 00006000 08:06 1288                       /lib/librt-2.15.so
7f7fe9e71000-7f7fe9e72000 rw-p 00007000 08:06 1288                       /lib/librt-2.15.so
7f7fe9e72000-7f7fe9e87000 r-xp 00000000 08:06 526089                     /usr/lib/libgcc_s.so.1
7f7fe9e87000-7f7fea086000 ---p 00015000 08:06 526089                     /usr/lib/libgcc_s.so.1
7f7fea086000-7f7fea087000 rw-p 00014000 08:06 526089                     /usr/lib/libgcc_s.so.1
7f7fea087000-7f7fea17a000 r-xp 00000000 08:06 1293                       /lib/libm-2.15.so
7f7fea17a000-7f7fea37a000 ---p 000f3000 08:06 1293                       /lib/libm-2.15.so
7f7fea37a000-7f7fea37b000 r--p 000f3000 08:06 1293                       /lib/libm-2.15.so
7f7fea37b000-7f7fea37c000 rw-p 000f4000 08:06 1293                       /lib/libm-2.15.so
7f7fea37c000-7f7fea461000 r-xp 00000000 08:06 526567                     /usr/lib/libstdc++.so.6.0.17
7f7fea461000-7f7fea661000 ---p 000e5000 08:06 526567                     /usr/lib/libstdc++.so.6.0.17
7f7fea661000-7f7fea669000 r--p 000e5000 08:06 526567                     /usr/lib/libstdc++.so.6.0.17
7f7fea669000-7f7fea66b000 rw-p 000ed000 08:06 526567                     /usr/lib/libstdc++.so.6.0.17
7f7fea66b000-7f7fea680000 rw-p 00000000 00:00 0 
7f7fea680000-7f7feb013000 r-xp 00000000 08:06 525849                     /usr/lib/jvm/java-7-openjdk/jre/lib/amd64/server/libjvm.so
7f7feb013000-7f7feb213000 ---p 00993000 08:06 525849                     /usr/lib/jvm/java-7-openjdk/jre/lib/amd64/server/libjvm.so
7f7feb213000-7f7feb2af000 rw-p 00993000 08:06 525849                     /usr/lib/jvm/java-7-openjdk/jre/lib/amd64/server/libjvm.so
7f7feb2af000-7f7feb2d9000 rw-p 00000000 00:00 0 
7f7feb2d9000-7f7feb470000 r-xp 00000000 08:06 1304                       /lib/libc-2.15.so
7f7feb470000-7f7feb670000 ---p 00197000 08:06 1304                       /lib/libc-2.15.so
7f7feb670000-7f7feb674000 r--p 00197000 08:06 1304                       /lib/libc-2.15.so
7f7feb674000-7f7feb676000 rw-p 0019b000 08:06 1304                       /lib/libc-2.15.so
7f7feb676000-7f7feb67a000 rw-p 00000000 00:00 0 
7f7feb67a000-7f7feb67d000 r-xp 00000000 08:06 1292                       /lib/libdl-2.15.so
7f7feb67d000-7f7feb87c000 ---p 00003000 08:06 1292                       /lib/libdl-2.15.so
7f7feb87c000-7f7feb87d000 r--p 00002000 08:06 1292                       /lib/libdl-2.15.so
7f7feb87d000-7f7feb87e000 rw-p 00003000 08:06 1292                       /lib/libdl-2.15.so
7f7feb87e000-7f7feb893000 r-xp 00000000 08:06 528979                     /usr/lib/libz.so.1.2.7
7f7feb893000-7f7feba92000 ---p 00015000 08:06 528979                     /usr/lib/libz.so.1.2.7
7f7feba92000-7f7feba93000 r--p 00014000 08:06 528979                     /usr/lib/libz.so.1.2.7
7f7feba93000-7f7feba94000 rw-p 00015000 08:06 528979                     /usr/lib/libz.so.1.2.7
7f7feba94000-7f7febaa0000 r-xp 00000000 08:06 526062                     /usr/lib/jvm/java-7-openjdk/jre/lib/amd64/jli/libjli.so
7f7febaa0000-7f7febca0000 ---p 0000c000 08:06 526062                     /usr/lib/jvm/java-7-openjdk/jre/lib/amd64/jli/libjli.so
7f7febca0000-7f7febca1000 rw-p 0000c000 08:06 526062                     /usr/lib/jvm/java-7-openjdk/jre/lib/amd64/jli/libjli.so
7f7febca1000-7f7febcb8000 r-xp 00000000 08:06 929                        /lib/libpthread-2.15.so
7f7febcb8000-7f7febeb7000 ---p 00017000 08:06 929                        /lib/libpthread-2.15.so
7f7febeb7000-7f7febeb8000 r--p 00016000 08:06 929                        /lib/libpthread-2.15.so
7f7febeb8000-7f7febeb9000 rw-p 00017000 08:06 929                        /lib/libpthread-2.15.so
7f7febeb9000-7f7febebd000 rw-p 00000000 00:00 0 
7f7febebd000-7f7febede000 r-xp 00000000 08:06 1312                       /lib/ld-2.15.so
7f7febede000-7f7febee7000 r--s 00263000 08:06 523786                     /usr/lib/jvm/java-7-openjdk/jre/lib/resources.jar
7f7febee7000-7f7febef1000 rw-p 00000000 00:00 0 
7f7febef1000-7f7febfa7000 rw-p 00000000 00:00 0 
7f7febfa7000-7f7febfaa000 ---p 00000000 00:00 0 
7f7febfaa000-7f7fec0ad000 rw-p 00000000 00:00 0 
7f7fec0ad000-7f7fec0ae000 rw-s 00005000 00:05 9111                       /dev/ati/card1
7f7fec0ae000-7f7fec0ce000 rw-s feae0000 00:05 9111                       /dev/ati/card1
7f7fec0ce000-7f7fec0d0000 rw-s 00002000 00:05 9111                       /dev/ati/card1
7f7fec0d0000-7f7fec0d3000 r--s 0000f000 08:06 526356                     /usr/lib/jvm/java-7-openjdk/jre/lib/ext/pulse-java.jar
7f7fec0d3000-7f7fec0db000 rw-s 00000000 08:06 265760                     /tmp/hsperfdata_tobi/9807 (deleted)
7f7fec0db000-7f7fec0dc000 rw-p 00000000 00:00 0 
7f7fec0dc000-7f7fec0dd000 ---p 00000000 00:00 0 
7f7fec0dd000-7f7fec0de000 rw-p 00000000 00:00 0 
7f7fec0de000-7f7fec0df000 r--p 00021000 08:06 1312                       /lib/ld-2.15.so
7f7fec0df000-7f7fec0e0000 rw-p 00022000 08:06 1312                       /lib/ld-2.15.so
7f7fec0e0000-7f7fec0e1000 rw-p 00000000 00:00 0 
7fff9fa91000-7fff9fab2000 rw-p 00000000 00:00 0                          [stack]
7fff9fbf0000-7fff9fbf1000 r-xp 00000000 00:00 0                          [vdso]
ffffffffff600000-ffffffffff601000 r-xp 00000000 00:00 0                  [vsyscall]

VM Arguments:
jvm_args: -Dsun.java2d.opengl=True -Dfile.encoding=UTF-8 
java_command: bombi.BombiGui
Launcher Type: SUN_STANDARD

Environment Variables:
JAVA_HOME=/usr/lib/jvm/java-7-openjdk
PATH=/usr/local/bin:/usr/bin:/bin:/usr/local/sbin:/usr/sbin:/sbin:/opt/android-sdk/platform-tools:/opt/android-sdk/tools:/usr/bin/vendor_perl:/usr/bin/core_perl:/opt/qt/bin
SHELL=/bin/bash
DISPLAY=:0.0

Signal Handlers:
SIGSEGV: [libjvm.so+0x807d30], sa_mask[0]=0x7ffbfeff, sa_flags=0x10000004
SIGBUS: [libjvm.so+0x807d30], sa_mask[0]=0x7ffbfeff, sa_flags=0x10000004
SIGFPE: [libjvm.so+0x6ac970], sa_mask[0]=0x7ffbfeff, sa_flags=0x10000004
SIGPIPE: [libjvm.so+0x6ac970], sa_mask[0]=0x7ffbfeff, sa_flags=0x10000004
SIGXFSZ: [libjvm.so+0x6ac970], sa_mask[0]=0x7ffbfeff, sa_flags=0x10000004
SIGILL: [libjvm.so+0x6ac970], sa_mask[0]=0x7ffbfeff, sa_flags=0x10000004
SIGUSR1: SIG_DFL, sa_mask[0]=0x00000000, sa_flags=0x00000000
SIGUSR2: [libjvm.so+0x6acd40], sa_mask[0]=0x00000004, sa_flags=0x10000004
SIGHUP: [libjvm.so+0x6ace80], sa_mask[0]=0x7ffbfeff, sa_flags=0x10000004
SIGINT: [libjvm.so+0x6ace80], sa_mask[0]=0x7ffbfeff, sa_flags=0x10000004
SIGTERM: [libjvm.so+0x6ace80], sa_mask[0]=0x7ffbfeff, sa_flags=0x10000004
SIGQUIT: [libjvm.so+0x6ace80], sa_mask[0]=0x7ffbfeff, sa_flags=0x10000004


---------------  S Y S T E M  ---------------

OS:Linux
uname:Linux 3.3.6-1-ARCH #1 SMP PREEMPT Sun May 13 10:52:32 CEST 2012 x86_64
libc:glibc 2.15 NPTL 2.15 
rlimit: STACK 8192k, CORE 0k, NPROC 125839, NOFILE 4096, AS infinity
load average:1.83 1.79 1.98

/proc/meminfo:
MemTotal:       16180360 kB
MemFree:         8724056 kB
Buffers:         1036696 kB
Cached:          3219380 kB
SwapCached:            0 kB
Active:          3389044 kB
Inactive:        2731796 kB
Active(anon):    1865764 kB
Inactive(anon):    47112 kB
Active(file):    1523280 kB
Inactive(file):  2684684 kB
Unevictable:           0 kB
Mlocked:               0 kB
SwapTotal:             0 kB
SwapFree:              0 kB
Dirty:               392 kB
Writeback:             0 kB
AnonPages:       1864848 kB
Mapped:           324392 kB
Shmem:             48124 kB
Slab:             516816 kB
SReclaimable:     440224 kB
SUnreclaim:        76592 kB
KernelStack:        4544 kB
PageTables:        42544 kB
NFS_Unstable:          0 kB
Bounce:                0 kB
WritebackTmp:          0 kB
CommitLimit:     8090180 kB
Committed_AS:    4173560 kB
VmallocTotal:   34359738367 kB
VmallocUsed:      362644 kB
VmallocChunk:   34359374303 kB
HardwareCorrupted:     0 kB
AnonHugePages:    917504 kB
HugePages_Total:       0
HugePages_Free:        0
HugePages_Rsvd:        0
HugePages_Surp:        0
Hugepagesize:       2048 kB
DirectMap4k:      639488 kB
DirectMap2M:     8534016 kB
DirectMap1G:     7340032 kB


CPU:total 4 (4 cores per cpu, 1 threads per core) family 16 model 5 stepping 2, cmov, cx8, fxsr, mmx, sse, sse2, sse3, popcnt, mmxext, 3dnowpref, lzcnt, sse4a

/proc/cpuinfo:
processor	: 0
vendor_id	: AuthenticAMD
cpu family	: 16
model		: 5
model name	: AMD Athlon(tm) II X4 620 Processor
stepping	: 2
microcode	: 0x10000c6
cpu MHz		: 800.000
cache size	: 512 KB
physical id	: 0
siblings	: 4
core id		: 0
cpu cores	: 4
apicid		: 0
initial apicid	: 0
fpu		: yes
fpu_exception	: yes
cpuid level	: 5
wp		: yes
flags		: fpu vme de pse tsc msr pae mce cx8 apic sep mtrr pge mca cmov pat pse36 clflush mmx fxsr sse sse2 ht syscall nx mmxext fxsr_opt pdpe1gb rdtscp lm 3dnowext 3dnow constant_tsc rep_good nopl nonstop_tsc extd_apicid pni monitor cx16 popcnt lahf_lm cmp_legacy svm extapic cr8_legacy abm sse4a misalignsse 3dnowprefetch osvw ibs skinit wdt nodeid_msr npt lbrv svm_lock nrip_save
bogomips	: 5225.40
TLB size	: 1024 4K pages
clflush size	: 64
cache_alignment	: 64
address sizes	: 48 bits physical, 48 bits virtual
power management: ts ttp tm stc 100mhzsteps hwpstate

processor	: 1
vendor_id	: AuthenticAMD
cpu family	: 16
model		: 5
model name	: AMD Athlon(tm) II X4 620 Processor
stepping	: 2
microcode	: 0x10000c6
cpu MHz		: 800.000
cache size	: 512 KB
physical id	: 0
siblings	: 4
core id		: 1
cpu cores	: 4
apicid		: 1
initial apicid	: 1
fpu		: yes
fpu_exception	: yes
cpuid level	: 5
wp		: yes
flags		: fpu vme de pse tsc msr pae mce cx8 apic sep mtrr pge mca cmov pat pse36 clflush mmx fxsr sse sse2 ht syscall nx mmxext fxsr_opt pdpe1gb rdtscp lm 3dnowext 3dnow constant_tsc rep_good nopl nonstop_tsc extd_apicid pni monitor cx16 popcnt lahf_lm cmp_legacy svm extapic cr8_legacy abm sse4a misalignsse 3dnowprefetch osvw ibs skinit wdt nodeid_msr npt lbrv svm_lock nrip_save
bogomips	: 5225.40
TLB size	: 1024 4K pages
clflush size	: 64
cache_alignment	: 64
address sizes	: 48 bits physical, 48 bits virtual
power management: ts ttp tm stc 100mhzsteps hwpstate

processor	: 2
vendor_id	: AuthenticAMD
cpu family	: 16
model		: 5
model name	: AMD Athlon(tm) II X4 620 Processor
stepping	: 2
microcode	: 0x10000c6
cpu MHz		: 2600.000
cache size	: 512 KB
physical id	: 0
siblings	: 4
core id		: 2
cpu cores	: 4
apicid		: 2
initial apicid	: 2
fpu		: yes
fpu_exception	: yes
cpuid level	: 5
wp		: yes
flags		: fpu vme de pse tsc msr pae mce cx8 apic sep mtrr pge mca cmov pat pse36 clflush mmx fxsr sse sse2 ht syscall nx mmxext fxsr_opt pdpe1gb rdtscp lm 3dnowext 3dnow constant_tsc rep_good nopl nonstop_tsc extd_apicid pni monitor cx16 popcnt lahf_lm cmp_legacy svm extapic cr8_legacy abm sse4a misalignsse 3dnowprefetch osvw ibs skinit wdt nodeid_msr npt lbrv svm_lock nrip_save
bogomips	: 5225.40
TLB size	: 1024 4K pages
clflush size	: 64
cache_alignment	: 64
address sizes	: 48 bits physical, 48 bits virtual
power management: ts ttp tm stc 100mhzsteps hwpstate

processor	: 3
vendor_id	: AuthenticAMD
cpu family	: 16
model		: 5
model name	: AMD Athlon(tm) II X4 620 Processor
stepping	: 2
microcode	: 0x10000c6
cpu MHz		: 800.000
cache size	: 512 KB
physical id	: 0
siblings	: 4
core id		: 3
cpu cores	: 4
apicid		: 3
initial apicid	: 3
fpu		: yes
fpu_exception	: yes
cpuid level	: 5
wp		: yes
flags		: fpu vme de pse tsc msr pae mce cx8 apic sep mtrr pge mca cmov pat pse36 clflush mmx fxsr sse sse2 ht syscall nx mmxext fxsr_opt pdpe1gb rdtscp lm 3dnowext 3dnow constant_tsc rep_good nopl nonstop_tsc extd_apicid pni monitor cx16 popcnt lahf_lm cmp_legacy svm extapic cr8_legacy abm sse4a misalignsse 3dnowprefetch osvw ibs skinit wdt nodeid_msr npt lbrv svm_lock nrip_save
bogomips	: 5225.40
TLB size	: 1024 4K pages
clflush size	: 64
cache_alignment	: 64
address sizes	: 48 bits physical, 48 bits virtual
power management: ts ttp tm stc 100mhzsteps hwpstate



Memory: 4k page, physical 16180360k(8724056k free), swap 0k(0k free)

vm_info: OpenJDK 64-Bit Server VM (22.0-b10) for linux-amd64 JRE (1.7.0_03-b147), built on Mar  6 2012 20:02:29 by "nobody" with gcc 4.6.3

time: Wed May 16 23:14:48 2012
elapsed time: 9 seconds

