#
# A fatal error has been detected by the Java Runtime Environment:
#
#  SIGSEGV (0xb) at pc=0x00007fea748952a8, pid=10346, tid=140645095331584
#
# JRE version: 7.0_03-b147
# Java VM: OpenJDK 64-Bit Server VM (22.0-b10 mixed mode linux-amd64 compressed oops)
# Derivative: IcedTea7 2.1
# Distribution: Custom build (Tue Mar  6 19:52:34 UTC 2012)
# Problematic frame:
# C  [libX11.so.6+0x382a8]  XQueryExtension+0x28
#
# Failed to write core dump. Core dumps have been disabled. To enable core dumping, try "ulimit -c unlimited" before starting Java again
#
# If you would like to submit a bug report, please include
# instructions on how to reproduce the bug and visit:
#   http://icedtea.classpath.org/bugzilla
#

---------------  T H R E A D  ---------------

Current thread (0x00007fea7809d000):  VMThread [stack: 0x00007fea7ce25000,0x00007fea7cf26000] [id=10357]

siginfo:si_signo=SIGSEGV: si_errno=0, si_code=1 (SEGV_MAPERR), si_addr=0x00000000781c8ab8

Registers:
RAX=0x00007fea50000bd0, RBX=0x00000000781c8150, RCX=0x00007fea7cf245b8, RDX=0x00007fea7cf245b4
RSP=0x00007fea7cf24550, RBP=0x00007fea64e4e932, RSI=0x00007fea64e4e932, RDI=0x00000000781c8150
R8 =0x00007fea7cf245bc, R9 =0x0000000000000003, R10=0x0000000000020411, R11=0x00007fea806ebad0
R12=0x0000000000000000, R13=0x00007fea64e4e932, R14=0x00007fea50000bd0, R15=0x0000000000000000
RIP=0x00007fea748952a8, EFLAGS=0x0000000000010206, CSGSFS=0x0000000000000033, ERR=0x0000000000000004
  TRAPNO=0x000000000000000e

Top of Stack: (sp=0x00007fea7cf24550)
0x00007fea7cf24550:   0000000000000000 0000000000000000
0x00007fea7cf24560:   0000000000000000 0000003000000003
0x00007fea7cf24570:   0000006e0000005b 00000000781c8150
0x00007fea7cf24580:   00007fea64e4e932 0000000000000000
0x00007fea7cf24590:   00007fea64e4e932 00007fea50000bd0
0x00007fea7cf245a0:   0000000000000000 00007fea74889285
0x00007fea7cf245b0:   0000000000000000 00007fea80730b20
0x00007fea7cf245c0:   00007fea64f87520 00000000781c8150
0x00007fea7cf245d0:   00007fea781d09b0 00007fea74ba5b1b
0x00007fea7cf245e0:   00007fea00000005 0000001100000000
0x00007fea7cf245f0:   00007fea00000005 0000000000000000
0x00007fea7cf24600:   00007fea7cf24670 00000000781c8150
0x00007fea7cf24610:   00007fea7cf247f8 00007fea7cf24910
0x00007fea7cf24620:   00007fea64fa0d50 00007fea64df5119
0x00007fea7cf24630:   0000000000000000 00007fea781d0a60
0x00007fea7cf24640:   00007fea7cf24670 00007fea65203008
0x00007fea7cf24650:   00007fea7cf247f8 00007fea7cf24910
0x00007fea7cf24660:   00000000ffffffff 00007fea64debb42
0x00007fea7cf24670:   00007fea7cf24980 00007fea64e4e8b1
0x00007fea7cf24680:   00007fea7cf24980 00007fea812a6f5f
0x00007fea7cf24690:   00007fea814bb170 00007fea814bb700
0x00007fea7cf246a0:   00007fea81487000 00007fea78005900
0x00007fea7cf246b0:   00007fea7800a110 00007fea7817b160
0x00007fea7cf246c0:   00007fea7817c5e0 00007fea7817cf70
0x00007fea7cf246d0:   00007fea7817d480 00007fea7817ca80
0x00007fea7cf246e0:   00007fea7817d990 00007fea7817e8a0
0x00007fea7cf246f0:   00007fea7817e390 00007fea7817edb0
0x00007fea7cf24700:   00007fea7817f2b0 00007fea7817f7a0
0x00007fea7cf24710:   00007fea781801c0 00007fea78181b00
0x00007fea7cf24720:   00007fea78182c60 00007fea78183160
0x00007fea7cf24730:   00007fea78183650 00007fea7817c140
0x00007fea7cf24740:   00007fea78183b50 00007fea78184060 

Instructions: (pc=0x00007fea748952a8)
0x00007fea74895288:   24 d8 48 89 fb 4c 89 64 24 e0 4c 89 6c 24 e8 48
0x00007fea74895298:   89 f5 4c 89 74 24 f0 4c 89 7c 24 f8 48 83 ec 58
0x00007fea748952a8:   48 8b 87 68 09 00 00 49 89 d4 49 89 cd 4d 89 c6
0x00007fea748952b8:   48 85 c0 74 02 ff 10 ba 08 00 00 00 be 62 00 00 

Register to memory mapping:

RAX=0x00007fea50000bd0 is an unknown value
RBX=0x00000000781c8150 is an unknown value
RCX=0x00007fea7cf245b8 is an unknown value
RDX=0x00007fea7cf245b4 is an unknown value
RSP=0x00007fea7cf24550 is an unknown value
RBP=0x00007fea64e4e932: <offset 0x96932> in /usr/lib/libGL.so.1 at 0x00007fea64db8000
RSI=0x00007fea64e4e932: <offset 0x96932> in /usr/lib/libGL.so.1 at 0x00007fea64db8000
RDI=0x00000000781c8150 is an unknown value
R8 =0x00007fea7cf245bc is an unknown value
R9 =0x0000000000000003 is an unknown value
R10=0x0000000000020411 is an unknown value
R11=0x00007fea806ebad0: __cxa_finalize+0 in /lib/libc.so.6 at 0x00007fea806b4000
R12=0x0000000000000000 is an unknown value
R13=0x00007fea64e4e932: <offset 0x96932> in /usr/lib/libGL.so.1 at 0x00007fea64db8000
R14=0x00007fea50000bd0 is an unknown value
R15=0x0000000000000000 is an unknown value


Stack: [0x00007fea7ce25000,0x00007fea7cf26000],  sp=0x00007fea7cf24550,  free space=1021k
Native frames: (J=compiled Java code, j=interpreted, Vv=VM code, C=native code)
C  [libX11.so.6+0x382a8]  XQueryExtension+0x28

VM_Operation (0x00007fea5da6b060): Exit, mode: safepoint, requested by thread 0x00007fea784d8800


---------------  P R O C E S S  ---------------

Java Threads: ( => current thread )
  0x00007fea78006000 JavaThread "DestroyJavaVM" [_thread_blocked, id=10352, stack(0x00007fea81382000,0x00007fea81483000)]
  0x00007fea784dc000 JavaThread "Thread-0" [_thread_blocked, id=10371, stack(0x00007fea5d86c000,0x00007fea5d96d000)]
  0x00007fea784d8800 JavaThread "AWT-EventQueue-0" [_thread_blocked, id=10370, stack(0x00007fea5d96d000,0x00007fea5da6e000)]
  0x00007fea784d7000 JavaThread "AWT-Shutdown" [_thread_blocked, id=10369, stack(0x00007fea5da6e000,0x00007fea5db6f000)]
  0x00007fea78440000 JavaThread "AWT-XAWT" daemon [_thread_blocked, id=10368, stack(0x00007fea5dc31000,0x00007fea5dd32000)]
  0x00007fea783f5800 JavaThread "Java2D Disposer" daemon [_thread_blocked, id=10367, stack(0x00007fea6407f000,0x00007fea64180000)]
  0x00007fea783f3000 JavaThread "Java2D Queue Flusher" daemon [_thread_blocked, id=10366, stack(0x00007fea64208000,0x00007fea64309000)]
  0x00007fea78106000 JavaThread "Service Thread" daemon [_thread_blocked, id=10363, stack(0x00007fea7c473000,0x00007fea7c574000)]
  0x00007fea78103800 JavaThread "C2 CompilerThread1" daemon [_thread_blocked, id=10362, stack(0x00007fea7c574000,0x00007fea7c675000)]
  0x00007fea78101000 JavaThread "C2 CompilerThread0" daemon [_thread_blocked, id=10361, stack(0x00007fea7c675000,0x00007fea7c776000)]
  0x00007fea780a8000 JavaThread "Finalizer" daemon [_thread_blocked, id=10359, stack(0x00007fea7cc23000,0x00007fea7cd24000)]
  0x00007fea780a5800 JavaThread "Reference Handler" daemon [_thread_blocked, id=10358, stack(0x00007fea7cd24000,0x00007fea7ce25000)]

Other Threads:
=>0x00007fea7809d000 VMThread [stack: 0x00007fea7ce25000,0x00007fea7cf26000] [id=10357]

VM state:at safepoint (shutting down)

VM Mutex/Monitor currently owned by a thread:  ([mutex/lock_event])
[0x00007fea78003f50] Threads_lock - owner thread: 0x00007fea7809d000

Heap
 PSYoungGen      total 73792K, used 63357K [0x00000007adab0000, 0x00000007b2d00000, 0x0000000800000000)
  eden space 63296K, 91% used [0x00000007adab0000,0x00000007b13526d8,0x00000007b1880000)
  from space 10496K, 51% used [0x00000007b1880000,0x00000007b1dbce50,0x00000007b22c0000)
  to   space 10496K, 0% used [0x00000007b22c0000,0x00000007b22c0000,0x00000007b2d00000)
 PSOldGen        total 168576K, used 0K [0x0000000709000000, 0x00000007134a0000, 0x00000007adab0000)
  object space 168576K, 0% used [0x0000000709000000,0x0000000709000000,0x00000007134a0000)
 PSPermGen       total 21248K, used 10796K [0x00000006fea00000, 0x00000006ffec0000, 0x0000000709000000)
  object space 21248K, 50% used [0x00000006fea00000,0x00000006ff48b298,0x00000006ffec0000)

Code Cache  [0x00007fea75000000, 0x00007fea75270000, 0x00007fea78000000)
 total_blobs=535 nmethods=99 adapters=390 free_code_cache=48399Kb largest_free_block=49539904

Dynamic libraries:
00400000-00401000 r-xp 00000000 08:06 533859                             /usr/lib/jvm/java-7-openjdk/jre/bin/java
00600000-00601000 rw-p 00000000 08:06 533859                             /usr/lib/jvm/java-7-openjdk/jre/bin/java
01f05000-01f26000 rw-p 00000000 00:00 0                                  [heap]
6fea00000-6ffec0000 rw-p 00000000 00:00 0 
6ffec0000-709000000 rw-p 00000000 00:00 0 
709000000-7134a0000 rw-p 00000000 00:00 0 
7134a0000-7adab0000 rw-p 00000000 00:00 0 
7adab0000-7b2d00000 rw-p 00000000 00:00 0 
7b2d00000-800000000 rw-p 00000000 00:00 0 
7fea17eff000-7fea17f02000 ---p 00000000 00:00 0 
7fea17f02000-7fea18000000 rw-p 00000000 00:00 0 
7fea18000000-7fea18021000 rw-p 00000000 00:00 0 
7fea18021000-7fea1c000000 ---p 00000000 00:00 0 
7fea20000000-7fea20184000 rw-p 00000000 00:00 0 
7fea20184000-7fea24000000 ---p 00000000 00:00 0 
7fea24000000-7fea240f7000 rw-p 00000000 00:00 0 
7fea240f7000-7fea28000000 ---p 00000000 00:00 0 
7fea28000000-7fea28021000 rw-p 00000000 00:00 0 
7fea28021000-7fea2c000000 ---p 00000000 00:00 0 
7fea2c000000-7fea2c021000 rw-p 00000000 00:00 0 
7fea2c021000-7fea30000000 ---p 00000000 00:00 0 
7fea30000000-7fea30919000 rw-p 00000000 00:00 0 
7fea30919000-7fea34000000 ---p 00000000 00:00 0 
7fea34000000-7fea34021000 rw-p 00000000 00:00 0 
7fea34021000-7fea38000000 ---p 00000000 00:00 0 
7fea38000000-7fea38021000 rw-p 00000000 00:00 0 
7fea38021000-7fea3c000000 ---p 00000000 00:00 0 
7fea3c000000-7fea3c021000 rw-p 00000000 00:00 0 
7fea3c021000-7fea40000000 ---p 00000000 00:00 0 
7fea40000000-7fea40475000 rw-p 00000000 00:00 0 
7fea40475000-7fea44000000 ---p 00000000 00:00 0 
7fea44000000-7fea4444a000 rw-p 00000000 00:00 0 
7fea4444a000-7fea48000000 ---p 00000000 00:00 0 
7fea48000000-7fea48021000 rw-p 00000000 00:00 0 
7fea48021000-7fea4c000000 ---p 00000000 00:00 0 
7fea4c000000-7fea4c021000 rw-p 00000000 00:00 0 
7fea4c021000-7fea50000000 ---p 00000000 00:00 0 
7fea50000000-7fea50021000 rw-p 00000000 00:00 0 
7fea50021000-7fea54000000 ---p 00000000 00:00 0 
7fea54000000-7fea54021000 rw-p 00000000 00:00 0 
7fea54021000-7fea58000000 ---p 00000000 00:00 0 
7fea58000000-7fea58021000 rw-p 00000000 00:00 0 
7fea58021000-7fea5c000000 ---p 00000000 00:00 0 
7fea5cc07000-7fea5cc0a000 ---p 00000000 00:00 0 
7fea5cc0a000-7fea5cd08000 rw-p 00000000 00:00 0 
7fea5cd08000-7fea5cf08000 rw-s d6cb3000 00:05 9111                       /dev/ati/card1
7fea5cf08000-7fea5d108000 rw-s d4eae000 00:05 9111                       /dev/ati/card1
7fea5d108000-7fea5d118000 r-xp 00000000 08:06 525189                     /usr/lib/jvm/java-7-openjdk/jre/lib/amd64/libnio.so
7fea5d118000-7fea5d318000 ---p 00010000 08:06 525189                     /usr/lib/jvm/java-7-openjdk/jre/lib/amd64/libnio.so
7fea5d318000-7fea5d319000 rw-p 00010000 08:06 525189                     /usr/lib/jvm/java-7-openjdk/jre/lib/amd64/libnio.so
7fea5d319000-7fea5d32e000 r-xp 00000000 08:06 525188                     /usr/lib/jvm/java-7-openjdk/jre/lib/amd64/libnet.so
7fea5d32e000-7fea5d52e000 ---p 00015000 08:06 525188                     /usr/lib/jvm/java-7-openjdk/jre/lib/amd64/libnet.so
7fea5d52e000-7fea5d52f000 rw-p 00015000 08:06 525188                     /usr/lib/jvm/java-7-openjdk/jre/lib/amd64/libnet.so
7fea5d52f000-7fea5d569000 r-xp 00000000 08:06 525196                     /usr/lib/jvm/java-7-openjdk/jre/lib/amd64/libfontmanager.so
7fea5d569000-7fea5d769000 ---p 0003a000 08:06 525196                     /usr/lib/jvm/java-7-openjdk/jre/lib/amd64/libfontmanager.so
7fea5d769000-7fea5d76c000 rw-p 0003a000 08:06 525196                     /usr/lib/jvm/java-7-openjdk/jre/lib/amd64/libfontmanager.so
7fea5d76c000-7fea5d86c000 rw-s 13d83000 00:05 9111                       /dev/ati/card1
7fea5d86c000-7fea5d86f000 ---p 00000000 00:00 0 
7fea5d86f000-7fea5d96d000 rw-p 00000000 00:00 0 
7fea5d96d000-7fea5d970000 ---p 00000000 00:00 0 
7fea5d970000-7fea5da6e000 rw-p 00000000 00:00 0 
7fea5da6e000-7fea5da71000 ---p 00000000 00:00 0 
7fea5da71000-7fea5db6f000 rw-p 00000000 00:00 0 
7fea5db6f000-7fea5db70000 r--s 00000000 00:11 27270                      /home/tobi/.fontconfig/5604230ae2129cf9aeedc64ab4ef6938-le64.cache-3
7fea5db70000-7fea5db86000 r--s 00000000 08:07 22836                      /var/cache/fontconfig/8d4af663993b81a124ee82e610bb31f9-le64.cache-3
7fea5db86000-7fea5db8f000 r--s 00000000 08:07 26938                      /var/cache/fontconfig/d62e99ef547d1d24cdb1bd22ec1a2976-le64.cache-3
7fea5db8f000-7fea5dbd4000 r--s 00000000 08:07 26937                      /var/cache/fontconfig/f6b893a7224233d96cb72fd88691c0b4-le64.cache-3
7fea5dbd4000-7fea5dc31000 r--s 00000000 08:07 26936                      /var/cache/fontconfig/17090aa38d5c6f09fb8c5c354938f1d7-le64.cache-3
7fea5dc31000-7fea5dc34000 ---p 00000000 00:00 0 
7fea5dc34000-7fea5dd32000 rw-p 00000000 00:00 0 
7fea5dd32000-7fea5fc8c000 r-xp 00000000 08:06 527438                     /usr/lib/xorg/modules/dri/fglrx_dri.so
7fea5fc8c000-7fea5fd8c000 ---p 01f5a000 08:06 527438                     /usr/lib/xorg/modules/dri/fglrx_dri.so
7fea5fd8c000-7fea5feda000 rwxp 01f5a000 08:06 527438                     /usr/lib/xorg/modules/dri/fglrx_dri.so
7fea5feda000-7fea60000000 rwxp 00000000 00:00 0 
7fea60000000-7fea60021000 rw-p 00000000 00:00 0 
7fea60021000-7fea64000000 ---p 00000000 00:00 0 
7fea64022000-7fea6407f000 r--s 00000000 08:07 26934                      /var/cache/fontconfig/df311e82a1a24c41a75c2c930223552e-le64.cache-3
7fea6407f000-7fea64082000 ---p 00000000 00:00 0 
7fea64082000-7fea641c8000 rw-p 00000000 00:00 0 
7fea641c8000-7fea64208000 rw-s 00030000 00:05 9111                       /dev/ati/card1
7fea64208000-7fea6420b000 ---p 00000000 00:00 0 
7fea6420b000-7fea64309000 rw-p 00000000 00:00 0 
7fea64309000-7fea64312000 r--s 00263000 08:06 523786                     /usr/lib/jvm/java-7-openjdk/jre/lib/resources.jar
7fea64312000-7fea6435a000 rw-p 00000000 00:00 0 
7fea6435a000-7fea64a5a000 rw-s 00006000 00:05 9111                       /dev/ati/card1
7fea64a5a000-7fea64b5a000 rw-p 00000000 00:00 0 
7fea64b5a000-7fea64b95000 r-xp 00000000 08:06 527355                     /usr/lib/libatiadlxx.so
7fea64b95000-7fea64c95000 ---p 0003b000 08:06 527355                     /usr/lib/libatiadlxx.so
7fea64c95000-7fea64c9e000 rw-p 0003b000 08:06 527355                     /usr/lib/libatiadlxx.so
7fea64c9e000-7fea64caf000 rw-p 00000000 00:00 0 
7fea64caf000-7fea64cb6000 r-xp 00000000 08:06 526968                     /usr/lib/libatiuki.so.1.0
7fea64cb6000-7fea64db6000 ---p 00007000 08:06 526968                     /usr/lib/libatiuki.so.1.0
7fea64db6000-7fea64db7000 rw-p 00007000 08:06 526968                     /usr/lib/libatiuki.so.1.0
7fea64db7000-7fea64db8000 rw-p 00000000 00:00 0 
7fea64db8000-7fea64e7b000 r-xp 00000000 08:06 531369                     /usr/lib/fglrx/fglrx-libGL.so.1.2
7fea64e7b000-7fea64f7a000 ---p 000c3000 08:06 531369                     /usr/lib/fglrx/fglrx-libGL.so.1.2
7fea64f7a000-7fea64fa1000 rwxp 000c2000 08:06 531369                     /usr/lib/fglrx/fglrx-libGL.so.1.2
7fea64fa1000-7fea64fc1000 rwxp 00000000 00:00 0 
7fea64fc1000-7fea65003000 r-xp 00000000 08:06 527897                     /usr/lib/libdbus-1.so.3.5.9
7fea65003000-7fea65203000 ---p 00042000 08:06 527897                     /usr/lib/libdbus-1.so.3.5.9
7fea65203000-7fea65205000 rw-p 00042000 08:06 527897                     /usr/lib/libdbus-1.so.3.5.9
7fea65205000-7fea65216000 r-xp 00000000 08:06 533797                     /usr/lib/libp11-kit.so.0.0.0
7fea65216000-7fea65415000 ---p 00011000 08:06 533797                     /usr/lib/libp11-kit.so.0.0.0
7fea65415000-7fea65416000 r--p 00010000 08:06 533797                     /usr/lib/libp11-kit.so.0.0.0
7fea65416000-7fea65417000 rw-p 00011000 08:06 533797                     /usr/lib/libp11-kit.so.0.0.0
7fea65417000-7fea6547c000 r-xp 00000000 08:06 527102                     /usr/lib/libgmp.so.10.0.5
7fea6547c000-7fea6567c000 ---p 00065000 08:06 527102                     /usr/lib/libgmp.so.10.0.5
7fea6567c000-7fea6567d000 r--p 00065000 08:06 527102                     /usr/lib/libgmp.so.10.0.5
7fea6567d000-7fea65686000 rw-p 00066000 08:06 527102                     /usr/lib/libgmp.so.10.0.5
7fea65686000-7fea65698000 r-xp 00000000 08:06 533726                     /usr/lib/libhogweed.so.2.1
7fea65698000-7fea65897000 ---p 00012000 08:06 533726                     /usr/lib/libhogweed.so.2.1
7fea65897000-7fea65898000 r--p 00011000 08:06 533726                     /usr/lib/libhogweed.so.2.1
7fea65898000-7fea65899000 rw-p 00012000 08:06 533726                     /usr/lib/libhogweed.so.2.1
7fea65899000-7fea658be000 r-xp 00000000 08:06 531660                     /usr/lib/libnettle.so.4.3
7fea658be000-7fea65abe000 ---p 00025000 08:06 531660                     /usr/lib/libnettle.so.4.3
7fea65abe000-7fea65abf000 r--p 00025000 08:06 531660                     /usr/lib/libnettle.so.4.3
7fea65abf000-7fea65ac0000 rw-p 00026000 08:06 531660                     /usr/lib/libnettle.so.4.3
7fea65ac0000-7fea65ad0000 r-xp 00000000 08:06 523686                     /usr/lib/libtasn1.so.3.1.15
7fea65ad0000-7fea65ccf000 ---p 00010000 08:06 523686                     /usr/lib/libtasn1.so.3.1.15
7fea65ccf000-7fea65cd0000 r--p 0000f000 08:06 523686                     /usr/lib/libtasn1.so.3.1.15
7fea65cd0000-7fea65cd1000 rw-p 00010000 08:06 523686                     /usr/lib/libtasn1.so.3.1.15
7fea65cd1000-7fea65cd4000 r-xp 00000000 08:06 536931                     /usr/lib/libkeyutils.so.1.4
7fea65cd4000-7fea65ed3000 ---p 00003000 08:06 536931                     /usr/lib/libkeyutils.so.1.4
7fea65ed3000-7fea65ed4000 r--p 00002000 08:06 536931                     /usr/lib/libkeyutils.so.1.4
7fea65ed4000-7fea65ed5000 rw-p 00003000 08:06 536931                     /usr/lib/libkeyutils.so.1.4
7fea65ed5000-7fea65ede000 r-xp 00000000 08:06 529619                     /usr/lib/libkrb5support.so.0.1
7fea65ede000-7fea660dd000 ---p 00009000 08:06 529619                     /usr/lib/libkrb5support.so.0.1
7fea660dd000-7fea660de000 r--p 00008000 08:06 529619                     /usr/lib/libkrb5support.so.0.1
7fea660de000-7fea660df000 rw-p 00009000 08:06 529619                     /usr/lib/libkrb5support.so.0.1
7fea660df000-7fea660e2000 r-xp 00000000 08:06 524071                     /usr/lib/libcom_err.so.2.1
7fea660e2000-7fea662e1000 ---p 00003000 08:06 524071                     /usr/lib/libcom_err.so.2.1
7fea662e1000-7fea662e2000 r--p 00002000 08:06 524071                     /usr/lib/libcom_err.so.2.1
7fea662e2000-7fea662e3000 rw-p 00003000 08:06 524071                     /usr/lib/libcom_err.so.2.1
7fea662e3000-7fea6630b000 r-xp 00000000 08:06 533131                     /usr/lib/libk5crypto.so.3.1
7fea6630b000-7fea6650b000 ---p 00028000 08:06 533131                     /usr/lib/libk5crypto.so.3.1
7fea6650b000-7fea6650c000 r--p 00028000 08:06 533131                     /usr/lib/libk5crypto.so.3.1
7fea6650c000-7fea6650d000 rw-p 00029000 08:06 533131                     /usr/lib/libk5crypto.so.3.1
7fea6650d000-7fea6650e000 rw-p 00000000 00:00 0 
7fea6650e000-7fea665e6000 r-xp 00000000 08:06 527453                     /usr/lib/libkrb5.so.3.3
7fea665e6000-7fea667e6000 ---p 000d8000 08:06 527453                     /usr/lib/libkrb5.so.3.3
7fea667e6000-7fea667f0000 r--p 000d8000 08:06 527453                     /usr/lib/libkrb5.so.3.3
7fea667f0000-7fea667f2000 rw-p 000e2000 08:06 527453                     /usr/lib/libkrb5.so.3.3
7fea667f2000-7fea667f7000 r-xp 00000000 08:06 523755                     /usr/lib/libXdmcp.so.6.0.0
7fea667f7000-7fea669f6000 ---p 00005000 08:06 523755                     /usr/lib/libXdmcp.so.6.0.0
7fea669f6000-7fea669f7000 r--p 00004000 08:06 523755                     /usr/lib/libXdmcp.so.6.0.0
7fea669f7000-7fea669f8000 rw-p 00005000 08:06 523755                     /usr/lib/libXdmcp.so.6.0.0
7fea669f8000-7fea669fa000 r-xp 00000000 08:06 523713                     /usr/lib/libXau.so.6.0.0
7fea669fa000-7fea66bfa000 ---p 00002000 08:06 523713                     /usr/lib/libXau.so.6.0.0
7fea66bfa000-7fea66bfb000 r--p 00002000 08:06 523713                     /usr/lib/libXau.so.6.0.0
7fea66bfb000-7fea66bfc000 rw-p 00003000 08:06 523713                     /usr/lib/libXau.so.6.0.0
7fea66bfc000-7fea66c0c000 r-xp 00000000 08:06 526584                     /usr/lib/libavahi-client.so.3.2.9
7fea66c0c000-7fea66e0b000 ---p 00010000 08:06 526584                     /usr/lib/libavahi-client.so.3.2.9
7fea66e0b000-7fea66e0c000 r--p 0000f000 08:06 526584                     /usr/lib/libavahi-client.so.3.2.9
7fea66e0c000-7fea66e0d000 rw-p 00010000 08:06 526584                     /usr/lib/libavahi-client.so.3.2.9
7fea66e0d000-7fea66e19000 r-xp 00000000 08:06 527596                     /usr/lib/libavahi-common.so.3.5.3
7fea66e19000-7fea67018000 ---p 0000c000 08:06 527596                     /usr/lib/libavahi-common.so.3.5.3
7fea67018000-7fea67019000 r--p 0000b000 08:06 527596                     /usr/lib/libavahi-common.so.3.5.3
7fea67019000-7fea6701a000 rw-p 0000c000 08:06 527596                     /usr/lib/libavahi-common.so.3.5.3
7fea6701a000-7fea6710c000 r-xp 00000000 08:06 528636                     /usr/lib/libgnutls.so.28.8.1
7fea6710c000-7fea6730c000 ---p 000f2000 08:06 528636                     /usr/lib/libgnutls.so.28.8.1
7fea6730c000-7fea67314000 r--p 000f2000 08:06 528636                     /usr/lib/libgnutls.so.28.8.1
7fea67314000-7fea67316000 rw-p 000fa000 08:06 528636                     /usr/lib/libgnutls.so.28.8.1
7fea67316000-7fea67317000 rw-p 00000000 00:00 0 
7fea67317000-7fea67358000 r-xp 00000000 08:06 533554                     /usr/lib/libgssapi_krb5.so.2.2
7fea67358000-7fea67558000 ---p 00041000 08:06 533554                     /usr/lib/libgssapi_krb5.so.2.2
7fea67558000-7fea67559000 r--p 00041000 08:06 533554                     /usr/lib/libgssapi_krb5.so.2.2
7fea67559000-7fea6755b000 rw-p 00042000 08:06 533554                     /usr/lib/libgssapi_krb5.so.2.2
7fea6755b000-7fea675b4000 r-xp 00000000 08:06 531196                     /usr/lib/libpcre.so.1.0.0
7fea675b4000-7fea677b3000 ---p 00059000 08:06 531196                     /usr/lib/libpcre.so.1.0.0
7fea677b3000-7fea677b4000 r--p 00058000 08:06 531196                     /usr/lib/libpcre.so.1.0.0
7fea677b4000-7fea677b5000 rw-p 00059000 08:06 531196                     /usr/lib/libpcre.so.1.0.0
7fea677b5000-7fea677bc000 r-xp 00000000 08:06 533126                     /usr/lib/libffi.so.6.0.0
7fea677bc000-7fea679bb000 ---p 00007000 08:06 533126                     /usr/lib/libffi.so.6.0.0
7fea679bb000-7fea679bc000 r--p 00006000 08:06 533126                     /usr/lib/libffi.so.6.0.0
7fea679bc000-7fea679bd000 rw-p 00007000 08:06 533126                     /usr/lib/libffi.so.6.0.0
7fea679bd000-7fea679e5000 r-xp 00000000 08:06 534280                     /usr/lib/libexpat.so.1.6.0
7fea679e5000-7fea67be4000 ---p 00028000 08:06 534280                     /usr/lib/libexpat.so.1.6.0
7fea67be4000-7fea67be6000 r--p 00027000 08:06 534280                     /usr/lib/libexpat.so.1.6.0
7fea67be6000-7fea67be7000 rw-p 00029000 08:06 534280                     /usr/lib/libexpat.so.1.6.0
7fea67be7000-7fea67bf6000 r-xp 00000000 08:06 535331                     /usr/lib/libbz2.so.1.0.6
7fea67bf6000-7fea67df5000 ---p 0000f000 08:06 535331                     /usr/lib/libbz2.so.1.0.6
7fea67df5000-7fea67df7000 rw-p 0000e000 08:06 535331                     /usr/lib/libbz2.so.1.0.6
7fea67df7000-7fea67dff000 r-xp 00000000 08:06 534957                     /usr/lib/libxcb-render.so.0.0.0
7fea67dff000-7fea67fff000 ---p 00008000 08:06 534957                     /usr/lib/libxcb-render.so.0.0.0
7fea67fff000-7fea68000000 rw-p 00008000 08:06 534957                     /usr/lib/libxcb-render.so.0.0.0
7fea68000000-7fea68021000 rw-p 00000000 00:00 0 
7fea68021000-7fea6c000000 ---p 00000000 00:00 0 
7fea6c034000-7fea6c0b4000 rw-p 00000000 00:00 0 
7fea6c0b4000-7fea6c0b6000 r-xp 00000000 08:06 530934                     /usr/lib/libxcb-shm.so.0.0.0
7fea6c0b6000-7fea6c2b5000 ---p 00002000 08:06 530934                     /usr/lib/libxcb-shm.so.0.0.0
7fea6c2b5000-7fea6c2b6000 rw-p 00001000 08:06 530934                     /usr/lib/libxcb-shm.so.0.0.0
7fea6c2b6000-7fea6c337000 r-xp 00000000 08:06 528735                     /usr/lib/libpixman-1.so.0.24.4
7fea6c337000-7fea6c537000 ---p 00081000 08:06 528735                     /usr/lib/libpixman-1.so.0.24.4
7fea6c537000-7fea6c53d000 r--p 00081000 08:06 528735                     /usr/lib/libpixman-1.so.0.24.4
7fea6c53d000-7fea6c53e000 rw-p 00087000 08:06 528735                     /usr/lib/libpixman-1.so.0.24.4
7fea6c53e000-7fea6c56a000 r-xp 00000000 08:06 528725                     /usr/lib/libpng15.so.15.10.0
7fea6c56a000-7fea6c769000 ---p 0002c000 08:06 528725                     /usr/lib/libpng15.so.15.10.0
7fea6c769000-7fea6c76a000 r--p 0002b000 08:06 528725                     /usr/lib/libpng15.so.15.10.0
7fea6c76a000-7fea6c76b000 rw-p 0002c000 08:06 528725                     /usr/lib/libpng15.so.15.10.0
7fea6c76b000-7fea6c77e000 r-xp 00000000 08:06 1332                       /lib/libresolv-2.15.so
7fea6c77e000-7fea6c97e000 ---p 00013000 08:06 1332                       /lib/libresolv-2.15.so
7fea6c97e000-7fea6c97f000 r--p 00013000 08:06 1332                       /lib/libresolv-2.15.so
7fea6c97f000-7fea6c980000 rw-p 00014000 08:06 1332                       /lib/libresolv-2.15.so
7fea6c980000-7fea6c982000 rw-p 00000000 00:00 0 
7fea6c982000-7fea6c984000 r-xp 00000000 08:06 533292                     /usr/lib/libXdamage.so.1.1.0
7fea6c984000-7fea6cb83000 ---p 00002000 08:06 533292                     /usr/lib/libXdamage.so.1.1.0
7fea6cb83000-7fea6cb84000 r--p 00001000 08:06 533292                     /usr/lib/libXdamage.so.1.1.0
7fea6cb84000-7fea6cb85000 rw-p 00002000 08:06 533292                     /usr/lib/libXdamage.so.1.1.0
7fea6cb85000-7fea6cb87000 r-xp 00000000 08:06 523753                     /usr/lib/libXcomposite.so.1.0.0
7fea6cb87000-7fea6cd86000 ---p 00002000 08:06 523753                     /usr/lib/libXcomposite.so.1.0.0
7fea6cd86000-7fea6cd87000 r--p 00001000 08:06 523753                     /usr/lib/libXcomposite.so.1.0.0
7fea6cd87000-7fea6cd88000 rw-p 00002000 08:06 523753                     /usr/lib/libXcomposite.so.1.0.0
7fea6cd88000-7fea6cd91000 r-xp 00000000 08:06 531336                     /usr/lib/libXcursor.so.1.0.2
7fea6cd91000-7fea6cf90000 ---p 00009000 08:06 531336                     /usr/lib/libXcursor.so.1.0.2
7fea6cf90000-7fea6cf91000 r--p 00008000 08:06 531336                     /usr/lib/libXcursor.so.1.0.2
7fea6cf91000-7fea6cf92000 rw-p 00009000 08:06 531336                     /usr/lib/libXcursor.so.1.0.2
7fea6cf92000-7fea6cf9a000 r-xp 00000000 08:06 533170                     /usr/lib/libXrandr.so.2.2.0
7fea6cf9a000-7fea6d199000 ---p 00008000 08:06 533170                     /usr/lib/libXrandr.so.2.2.0
7fea6d199000-7fea6d19a000 r--p 00007000 08:06 533170                     /usr/lib/libXrandr.so.2.2.0
7fea6d19a000-7fea6d19b000 rw-p 00008000 08:06 533170                     /usr/lib/libXrandr.so.2.2.0
7fea6d19b000-7fea6d19d000 r-xp 00000000 08:06 523766                     /usr/lib/libXinerama.so.1.0.0
7fea6d19d000-7fea6d39c000 ---p 00002000 08:06 523766                     /usr/lib/libXinerama.so.1.0.0
7fea6d39c000-7fea6d39d000 r--p 00001000 08:06 523766                     /usr/lib/libXinerama.so.1.0.0
7fea6d39d000-7fea6d39e000 rw-p 00002000 08:06 523766                     /usr/lib/libXinerama.so.1.0.0
7fea6d39e000-7fea6d3a3000 r-xp 00000000 08:06 523749                     /usr/lib/libXfixes.so.3.1.0
7fea6d3a3000-7fea6d5a3000 ---p 00005000 08:06 523749                     /usr/lib/libXfixes.so.3.1.0
7fea6d5a3000-7fea6d5a4000 r--p 00005000 08:06 523749                     /usr/lib/libXfixes.so.3.1.0
7fea6d5a4000-7fea6d5a5000 rw-p 00006000 08:06 523749                     /usr/lib/libXfixes.so.3.1.0
7fea6d5a5000-7fea6d5c2000 r-xp 00000000 08:06 533661                     /usr/lib/libxcb.so.1.1.0
7fea6d5c2000-7fea6d7c2000 ---p 0001d000 08:06 533661                     /usr/lib/libxcb.so.1.1.0
7fea6d7c2000-7fea6d7c3000 rw-p 0001d000 08:06 533661                     /usr/lib/libxcb.so.1.1.0
7fea6d7c3000-7fea6d815000 r-xp 00000000 08:06 528718                     /usr/lib/libcups.so.2
7fea6d815000-7fea6da14000 ---p 00052000 08:06 528718                     /usr/lib/libcups.so.2
7fea6da14000-7fea6da18000 r--p 00051000 08:06 528718                     /usr/lib/libcups.so.2
7fea6da18000-7fea6da19000 rw-p 00055000 08:06 528718                     /usr/lib/libcups.so.2
7fea6da19000-7fea6db0b000 r-xp 00000000 08:06 528627                     /usr/lib/libglib-2.0.so.0.3200.2
7fea6db0b000-7fea6dd0a000 ---p 000f2000 08:06 528627                     /usr/lib/libglib-2.0.so.0.3200.2
7fea6dd0a000-7fea6dd0b000 r--p 000f1000 08:06 528627                     /usr/lib/libglib-2.0.so.0.3200.2
7fea6dd0b000-7fea6dd0c000 rw-p 000f2000 08:06 528627                     /usr/lib/libglib-2.0.so.0.3200.2
7fea6dd0c000-7fea6dd0d000 rw-p 00000000 00:00 0 
7fea6dd0d000-7fea6dd0e000 r-xp 00000000 08:06 528965                     /usr/lib/libgthread-2.0.so.0.3200.2
7fea6dd0e000-7fea6df0d000 ---p 00001000 08:06 528965                     /usr/lib/libgthread-2.0.so.0.3200.2
7fea6df0d000-7fea6df0e000 r--p 00000000 08:06 528965                     /usr/lib/libgthread-2.0.so.0.3200.2
7fea6df0e000-7fea6df0f000 rw-p 00001000 08:06 528965                     /usr/lib/libgthread-2.0.so.0.3200.2
7fea6df0f000-7fea6df12000 r-xp 00000000 08:06 528923                     /usr/lib/libgmodule-2.0.so.0.3200.2
7fea6df12000-7fea6e111000 ---p 00003000 08:06 528923                     /usr/lib/libgmodule-2.0.so.0.3200.2
7fea6e111000-7fea6e112000 r--p 00002000 08:06 528923                     /usr/lib/libgmodule-2.0.so.0.3200.2
7fea6e112000-7fea6e113000 rw-p 00003000 08:06 528923                     /usr/lib/libgmodule-2.0.so.0.3200.2
7fea6e113000-7fea6e15f000 r-xp 00000000 08:06 528966                     /usr/lib/libgobject-2.0.so.0.3200.2
7fea6e15f000-7fea6e35f000 ---p 0004c000 08:06 528966                     /usr/lib/libgobject-2.0.so.0.3200.2
7fea6e35f000-7fea6e360000 r--p 0004c000 08:06 528966                     /usr/lib/libgobject-2.0.so.0.3200.2
7fea6e360000-7fea6e361000 rw-p 0004d000 08:06 528966                     /usr/lib/libgobject-2.0.so.0.3200.2
7fea6e361000-7fea6e395000 r-xp 00000000 08:06 534580                     /usr/lib/libfontconfig.so.1.4.4
7fea6e395000-7fea6e595000 ---p 00034000 08:06 534580                     /usr/lib/libfontconfig.so.1.4.4
7fea6e595000-7fea6e596000 r--p 00034000 08:06 534580                     /usr/lib/libfontconfig.so.1.4.4
7fea6e596000-7fea6e597000 rw-p 00035000 08:06 534580                     /usr/lib/libfontconfig.so.1.4.4
7fea6e597000-7fea6e630000 r-xp 00000000 08:06 533427                     /usr/lib/libfreetype.so.6.8.1
7fea6e630000-7fea6e82f000 ---p 00099000 08:06 533427                     /usr/lib/libfreetype.so.6.8.1
7fea6e82f000-7fea6e835000 r--p 00098000 08:06 533427                     /usr/lib/libfreetype.so.6.8.1
7fea6e835000-7fea6e836000 rw-p 0009e000 08:06 533427                     /usr/lib/libfreetype.so.6.8.1
7fea6e836000-7fea6e87e000 r-xp 00000000 08:06 533234                     /usr/lib/libpango-1.0.so.0.3000.0
7fea6e87e000-7fea6ea7e000 ---p 00048000 08:06 533234                     /usr/lib/libpango-1.0.so.0.3000.0
7fea6ea7e000-7fea6ea80000 r--p 00048000 08:06 533234                     /usr/lib/libpango-1.0.so.0.3000.0
7fea6ea80000-7fea6ea81000 rw-p 0004a000 08:06 533234                     /usr/lib/libpango-1.0.so.0.3000.0
7fea6ea81000-7fea6eb71000 r-xp 00000000 08:06 527614                     /usr/lib/libcairo.so.2.11200.2
7fea6eb71000-7fea6ed71000 ---p 000f0000 08:06 527614                     /usr/lib/libcairo.so.2.11200.2
7fea6ed71000-7fea6ed75000 rw-p 000f0000 08:06 527614                     /usr/lib/libcairo.so.2.11200.2
7fea6ed75000-7fea6ed76000 rw-p 00000000 00:00 0 
7fea6ed76000-7fea6ed97000 r-xp 00000000 08:06 532661                     /usr/lib/libgdk_pixbuf-2.0.so.0.2600.1
7fea6ed97000-7fea6ef96000 ---p 00021000 08:06 532661                     /usr/lib/libgdk_pixbuf-2.0.so.0.2600.1
7fea6ef96000-7fea6ef97000 r--p 00020000 08:06 532661                     /usr/lib/libgdk_pixbuf-2.0.so.0.2600.1
7fea6ef97000-7fea6ef98000 rw-p 00021000 08:06 532661                     /usr/lib/libgdk_pixbuf-2.0.so.0.2600.1
7fea6ef98000-7fea6efa3000 r-xp 00000000 08:06 533238                     /usr/lib/libpangocairo-1.0.so.0.3000.0
7fea6efa3000-7fea6f1a3000 ---p 0000b000 08:06 533238                     /usr/lib/libpangocairo-1.0.so.0.3000.0
7fea6f1a3000-7fea6f1a4000 r--p 0000b000 08:06 533238                     /usr/lib/libpangocairo-1.0.so.0.3000.0
7fea6f1a4000-7fea6f1a5000 rw-p 0000c000 08:06 533238                     /usr/lib/libpangocairo-1.0.so.0.3000.0
7fea6f1a5000-7fea6f1d0000 r-xp 00000000 08:06 533236                     /usr/lib/libpangoft2-1.0.so.0.3000.0
7fea6f1d0000-7fea6f3d0000 ---p 0002b000 08:06 533236                     /usr/lib/libpangoft2-1.0.so.0.3000.0
7fea6f3d0000-7fea6f3d1000 r--p 0002b000 08:06 533236                     /usr/lib/libpangoft2-1.0.so.0.3000.0
7fea6f3d1000-7fea6f3d2000 rw-p 0002c000 08:06 533236                     /usr/lib/libpangoft2-1.0.so.0.3000.0
7fea6f3d2000-7fea6f517000 r-xp 00000000 08:06 528967                     /usr/lib/libgio-2.0.so.0.3200.2
7fea6f517000-7fea6f716000 ---p 00145000 08:06 528967                     /usr/lib/libgio-2.0.so.0.3200.2
7fea6f716000-7fea6f71a000 r--p 00144000 08:06 528967                     /usr/lib/libgio-2.0.so.0.3200.2
7fea6f71a000-7fea6f71c000 rw-p 00148000 08:06 528967                     /usr/lib/libgio-2.0.so.0.3200.2
7fea6f71c000-7fea6f71e000 rw-p 00000000 00:00 0 
7fea6f71e000-7fea6f7cb000 r-xp 00000000 08:06 523419                     /usr/lib/libgdk-x11-2.0.so.0.2400.10
7fea6f7cb000-7fea6f9cb000 ---p 000ad000 08:06 523419                     /usr/lib/libgdk-x11-2.0.so.0.2400.10
7fea6f9cb000-7fea6f9cf000 r--p 000ad000 08:06 523419                     /usr/lib/libgdk-x11-2.0.so.0.2400.10
7fea6f9cf000-7fea6f9d1000 rw-p 000b1000 08:06 523419                     /usr/lib/libgdk-x11-2.0.so.0.2400.10
7fea6f9d1000-7fea6fdf3000 r-xp 00000000 08:06 523420                     /usr/lib/libgtk-x11-2.0.so.0.2400.10
7fea6fdf3000-7fea6fff3000 ---p 00422000 08:06 523420                     /usr/lib/libgtk-x11-2.0.so.0.2400.10
7fea6fff3000-7fea6fffa000 r--p 00422000 08:06 523420                     /usr/lib/libgtk-x11-2.0.so.0.2400.10
7fea6fffa000-7fea6fffe000 rw-p 00429000 08:06 523420                     /usr/lib/libgtk-x11-2.0.so.0.2400.10
7fea6fffe000-7fea70000000 rw-p 00000000 00:00 0 
7fea70000000-7fea70021000 rw-p 00000000 00:00 0 
7fea70021000-7fea74000000 ---p 00000000 00:00 0 
7fea74019000-7fea74039000 r-xp 00000000 08:06 533187                     /usr/lib/libatk-1.0.so.0.20409.1
7fea74039000-7fea74239000 ---p 00020000 08:06 533187                     /usr/lib/libatk-1.0.so.0.20409.1
7fea74239000-7fea7423b000 r--p 00020000 08:06 533187                     /usr/lib/libatk-1.0.so.0.20409.1
7fea7423b000-7fea7423c000 rw-p 00022000 08:06 533187                     /usr/lib/libatk-1.0.so.0.20409.1
7fea7423c000-7fea7424a000 r-xp 00000000 08:06 526751                     /usr/lib/libXi.so.6.1.0
7fea7424a000-7fea74449000 ---p 0000e000 08:06 526751                     /usr/lib/libXi.so.6.1.0
7fea74449000-7fea7444a000 r--p 0000d000 08:06 526751                     /usr/lib/libXi.so.6.1.0
7fea7444a000-7fea7444b000 rw-p 0000e000 08:06 526751                     /usr/lib/libXi.so.6.1.0
7fea7444b000-7fea74450000 r-xp 00000000 08:06 523793                     /usr/lib/libXtst.so.6.1.0
7fea74450000-7fea74650000 ---p 00005000 08:06 523793                     /usr/lib/libXtst.so.6.1.0
7fea74650000-7fea74651000 r--p 00005000 08:06 523793                     /usr/lib/libXtst.so.6.1.0
7fea74651000-7fea74652000 rw-p 00006000 08:06 523793                     /usr/lib/libXtst.so.6.1.0
7fea74652000-7fea7465c000 r-xp 00000000 08:06 529110                     /usr/lib/libXrender.so.1.3.0
7fea7465c000-7fea7485b000 ---p 0000a000 08:06 529110                     /usr/lib/libXrender.so.1.3.0
7fea7485b000-7fea7485c000 r--p 00009000 08:06 529110                     /usr/lib/libXrender.so.1.3.0
7fea7485c000-7fea7485d000 rw-p 0000a000 08:06 529110                     /usr/lib/libXrender.so.1.3.0
7fea7485d000-7fea74991000 r-xp 00000000 08:06 531386                     /usr/lib/libX11.so.6.3.0
7fea74991000-7fea74b91000 ---p 00134000 08:06 531386                     /usr/lib/libX11.so.6.3.0
7fea74b91000-7fea74b92000 r--p 00134000 08:06 531386                     /usr/lib/libX11.so.6.3.0
7fea74b92000-7fea74b97000 rw-p 00135000 08:06 531386                     /usr/lib/libX11.so.6.3.0
7fea74b97000-7fea74ba9000 r-xp 00000000 08:06 523664                     /usr/lib/libXext.so.6.4.0
7fea74ba9000-7fea74da8000 ---p 00012000 08:06 523664                     /usr/lib/libXext.so.6.4.0
7fea74da8000-7fea74da9000 r--p 00011000 08:06 523664                     /usr/lib/libXext.so.6.4.0
7fea74da9000-7fea74daa000 rw-p 00012000 08:06 523664                     /usr/lib/libXext.so.6.4.0
7fea74daa000-7fea74dfc000 r-xp 00000000 08:06 533913                     /usr/lib/jvm/java-7-openjdk/jre/lib/amd64/xawt/libmawt.so
7fea74dfc000-7fea74ffb000 ---p 00052000 08:06 533913                     /usr/lib/jvm/java-7-openjdk/jre/lib/amd64/xawt/libmawt.so
7fea74ffb000-7fea74fff000 rw-p 00051000 08:06 533913                     /usr/lib/jvm/java-7-openjdk/jre/lib/amd64/xawt/libmawt.so
7fea74fff000-7fea75000000 rw-p 00000000 00:00 0 
7fea75000000-7fea75270000 rwxp 00000000 00:00 0 
7fea75270000-7fea784e3000 rw-p 00000000 00:00 0 
7fea784e3000-7fea7c000000 ---p 00000000 00:00 0 
7fea7c01d000-7fea7c09d000 rw-p 00000000 00:00 0 
7fea7c09d000-7fea7c13f000 r-xp 00000000 08:06 525820                     /usr/lib/jvm/java-7-openjdk/jre/lib/amd64/libawt.so
7fea7c13f000-7fea7c33f000 ---p 000a2000 08:06 525820                     /usr/lib/jvm/java-7-openjdk/jre/lib/amd64/libawt.so
7fea7c33f000-7fea7c34b000 rw-p 000a2000 08:06 525820                     /usr/lib/jvm/java-7-openjdk/jre/lib/amd64/libawt.so
7fea7c34b000-7fea7c36f000 rw-p 00000000 00:00 0 
7fea7c36f000-7fea7c372000 r--s 0000f000 08:06 526356                     /usr/lib/jvm/java-7-openjdk/jre/lib/ext/pulse-java.jar
7fea7c372000-7fea7c373000 ---p 00000000 00:00 0 
7fea7c373000-7fea7c473000 rw-p 00000000 00:00 0 
7fea7c473000-7fea7c476000 ---p 00000000 00:00 0 
7fea7c476000-7fea7c574000 rw-p 00000000 00:00 0 
7fea7c574000-7fea7c577000 ---p 00000000 00:00 0 
7fea7c577000-7fea7c675000 rw-p 00000000 00:00 0 
7fea7c675000-7fea7c678000 ---p 00000000 00:00 0 
7fea7c678000-7fea7c776000 rw-p 00000000 00:00 0 
7fea7c776000-7fea7c779000 ---p 00000000 00:00 0 
7fea7c779000-7fea7c877000 rw-p 00000000 00:00 0 
7fea7c877000-7fea7cc23000 r--p 00000000 08:06 536728                     /usr/lib/locale/locale-archive
7fea7cc23000-7fea7cc26000 ---p 00000000 00:00 0 
7fea7cc26000-7fea7cd24000 rw-p 00000000 00:00 0 
7fea7cd24000-7fea7cd27000 ---p 00000000 00:00 0 
7fea7cd27000-7fea7ce25000 rw-p 00000000 00:00 0 
7fea7ce25000-7fea7ce26000 ---p 00000000 00:00 0 
7fea7ce26000-7fea7d497000 rw-p 00000000 00:00 0 
7fea7d497000-7fea7d646000 r--s 03e7b000 08:06 524045                     /usr/lib/jvm/java-7-openjdk/jre/lib/rt.jar
7fea7d646000-7fea7d66e000 rw-p 00000000 00:00 0 
7fea7d66e000-7fea7d66f000 ---p 00000000 00:00 0 
7fea7d66f000-7fea7d76f000 rw-p 00000000 00:00 0 
7fea7d76f000-7fea7d770000 ---p 00000000 00:00 0 
7fea7d770000-7fea7d870000 rw-p 00000000 00:00 0 
7fea7d870000-7fea7d871000 ---p 00000000 00:00 0 
7fea7d871000-7fea7d971000 rw-p 00000000 00:00 0 
7fea7d971000-7fea7d972000 ---p 00000000 00:00 0 
7fea7d972000-7fea7da7d000 rw-p 00000000 00:00 0 
7fea7da7d000-7fea7dac5000 rw-p 00000000 00:00 0 
7fea7dac5000-7fea7db18000 rw-p 00000000 00:00 0 
7fea7db18000-7fea7dfeb000 rw-p 00000000 00:00 0 
7fea7dfeb000-7fea7dff6000 rw-p 00000000 00:00 0 
7fea7dff6000-7fea7e03e000 rw-p 00000000 00:00 0 
7fea7e03e000-7fea7e091000 rw-p 00000000 00:00 0 
7fea7e091000-7fea7e563000 rw-p 00000000 00:00 0 
7fea7e563000-7fea7e58d000 rw-p 00000000 00:00 0 
7fea7e58d000-7fea7e7f6000 rw-p 00000000 00:00 0 
7fea7e7f6000-7fea7e7f7000 rw-p 00000000 00:00 0 
7fea7e7f7000-7fea7e7ff000 r-xp 00000000 08:06 525197                     /usr/lib/jvm/java-7-openjdk/jre/lib/amd64/libzip.so
7fea7e7ff000-7fea7e9fe000 ---p 00008000 08:06 525197                     /usr/lib/jvm/java-7-openjdk/jre/lib/amd64/libzip.so
7fea7e9fe000-7fea7e9ff000 rw-p 00007000 08:06 525197                     /usr/lib/jvm/java-7-openjdk/jre/lib/amd64/libzip.so
7fea7e9ff000-7fea7ea0b000 r-xp 00000000 08:06 1309                       /lib/libnss_files-2.15.so
7fea7ea0b000-7fea7ec0a000 ---p 0000c000 08:06 1309                       /lib/libnss_files-2.15.so
7fea7ec0a000-7fea7ec0b000 r--p 0000b000 08:06 1309                       /lib/libnss_files-2.15.so
7fea7ec0b000-7fea7ec0c000 rw-p 0000c000 08:06 1309                       /lib/libnss_files-2.15.so
7fea7ec0c000-7fea7ec35000 r-xp 00000000 08:06 525207                     /usr/lib/jvm/java-7-openjdk/jre/lib/amd64/libjava.so
7fea7ec35000-7fea7ee34000 ---p 00029000 08:06 525207                     /usr/lib/jvm/java-7-openjdk/jre/lib/amd64/libjava.so
7fea7ee34000-7fea7ee36000 rw-p 00028000 08:06 525207                     /usr/lib/jvm/java-7-openjdk/jre/lib/amd64/libjava.so
7fea7ee36000-7fea7ee44000 r-xp 00000000 08:06 525194                     /usr/lib/jvm/java-7-openjdk/jre/lib/amd64/libverify.so
7fea7ee44000-7fea7f043000 ---p 0000e000 08:06 525194                     /usr/lib/jvm/java-7-openjdk/jre/lib/amd64/libverify.so
7fea7f043000-7fea7f045000 rw-p 0000d000 08:06 525194                     /usr/lib/jvm/java-7-openjdk/jre/lib/amd64/libverify.so
7fea7f045000-7fea7f04c000 r-xp 00000000 08:06 1288                       /lib/librt-2.15.so
7fea7f04c000-7fea7f24b000 ---p 00007000 08:06 1288                       /lib/librt-2.15.so
7fea7f24b000-7fea7f24c000 r--p 00006000 08:06 1288                       /lib/librt-2.15.so
7fea7f24c000-7fea7f24d000 rw-p 00007000 08:06 1288                       /lib/librt-2.15.so
7fea7f24d000-7fea7f262000 r-xp 00000000 08:06 526089                     /usr/lib/libgcc_s.so.1
7fea7f262000-7fea7f461000 ---p 00015000 08:06 526089                     /usr/lib/libgcc_s.so.1
7fea7f461000-7fea7f462000 rw-p 00014000 08:06 526089                     /usr/lib/libgcc_s.so.1
7fea7f462000-7fea7f555000 r-xp 00000000 08:06 1293                       /lib/libm-2.15.so
7fea7f555000-7fea7f755000 ---p 000f3000 08:06 1293                       /lib/libm-2.15.so
7fea7f755000-7fea7f756000 r--p 000f3000 08:06 1293                       /lib/libm-2.15.so
7fea7f756000-7fea7f757000 rw-p 000f4000 08:06 1293                       /lib/libm-2.15.so
7fea7f757000-7fea7f83c000 r-xp 00000000 08:06 526567                     /usr/lib/libstdc++.so.6.0.17
7fea7f83c000-7fea7fa3c000 ---p 000e5000 08:06 526567                     /usr/lib/libstdc++.so.6.0.17
7fea7fa3c000-7fea7fa44000 r--p 000e5000 08:06 526567                     /usr/lib/libstdc++.so.6.0.17
7fea7fa44000-7fea7fa46000 rw-p 000ed000 08:06 526567                     /usr/lib/libstdc++.so.6.0.17
7fea7fa46000-7fea7fa5b000 rw-p 00000000 00:00 0 
7fea7fa5b000-7fea803ee000 r-xp 00000000 08:06 525849                     /usr/lib/jvm/java-7-openjdk/jre/lib/amd64/server/libjvm.so
7fea803ee000-7fea805ee000 ---p 00993000 08:06 525849                     /usr/lib/jvm/java-7-openjdk/jre/lib/amd64/server/libjvm.so
7fea805ee000-7fea8068a000 rw-p 00993000 08:06 525849                     /usr/lib/jvm/java-7-openjdk/jre/lib/amd64/server/libjvm.so
7fea8068a000-7fea806b4000 rw-p 00000000 00:00 0 
7fea806b4000-7fea8084b000 r-xp 00000000 08:06 1304                       /lib/libc-2.15.so
7fea8084b000-7fea80a4b000 ---p 00197000 08:06 1304                       /lib/libc-2.15.so
7fea80a4b000-7fea80a4f000 r--p 00197000 08:06 1304                       /lib/libc-2.15.so
7fea80a4f000-7fea80a51000 rw-p 0019b000 08:06 1304                       /lib/libc-2.15.so
7fea80a51000-7fea80a55000 rw-p 00000000 00:00 0 
7fea80a55000-7fea80a58000 r-xp 00000000 08:06 1292                       /lib/libdl-2.15.so
7fea80a58000-7fea80c57000 ---p 00003000 08:06 1292                       /lib/libdl-2.15.so
7fea80c57000-7fea80c58000 r--p 00002000 08:06 1292                       /lib/libdl-2.15.so
7fea80c58000-7fea80c59000 rw-p 00003000 08:06 1292                       /lib/libdl-2.15.so
7fea80c59000-7fea80c6e000 r-xp 00000000 08:06 528979                     /usr/lib/libz.so.1.2.7
7fea80c6e000-7fea80e6d000 ---p 00015000 08:06 528979                     /usr/lib/libz.so.1.2.7
7fea80e6d000-7fea80e6e000 r--p 00014000 08:06 528979                     /usr/lib/libz.so.1.2.7
7fea80e6e000-7fea80e6f000 rw-p 00015000 08:06 528979                     /usr/lib/libz.so.1.2.7
7fea80e6f000-7fea80e7b000 r-xp 00000000 08:06 526062                     /usr/lib/jvm/java-7-openjdk/jre/lib/amd64/jli/libjli.so
7fea80e7b000-7fea8107b000 ---p 0000c000 08:06 526062                     /usr/lib/jvm/java-7-openjdk/jre/lib/amd64/jli/libjli.so
7fea8107b000-7fea8107c000 rw-p 0000c000 08:06 526062                     /usr/lib/jvm/java-7-openjdk/jre/lib/amd64/jli/libjli.so
7fea8107c000-7fea81093000 r-xp 00000000 08:06 929                        /lib/libpthread-2.15.so
7fea81093000-7fea81292000 ---p 00017000 08:06 929                        /lib/libpthread-2.15.so
7fea81292000-7fea81293000 r--p 00016000 08:06 929                        /lib/libpthread-2.15.so
7fea81293000-7fea81294000 rw-p 00017000 08:06 929                        /lib/libpthread-2.15.so
7fea81294000-7fea81298000 rw-p 00000000 00:00 0 
7fea81298000-7fea812b9000 r-xp 00000000 08:06 1312                       /lib/ld-2.15.so
7fea812be000-7fea812c2000 r--s 000a0000 08:06 523715                     /usr/lib/jvm/java-7-openjdk/jre/lib/jsse.jar
7fea812c2000-7fea812cc000 rw-p 00000000 00:00 0 
7fea812cc000-7fea81382000 rw-p 00000000 00:00 0 
7fea81382000-7fea81385000 ---p 00000000 00:00 0 
7fea81385000-7fea81488000 rw-p 00000000 00:00 0 
7fea8148b000-7fea8148c000 rw-s 00005000 00:05 9111                       /dev/ati/card1
7fea8148c000-7fea814ac000 rw-s feae0000 00:05 9111                       /dev/ati/card1
7fea814ac000-7fea814ae000 rw-s 00002000 00:05 9111                       /dev/ati/card1
7fea814ae000-7fea814b6000 rw-s 00000000 08:06 265760                     /tmp/hsperfdata_tobi/10346 (deleted)
7fea814b6000-7fea814b7000 rw-p 00000000 00:00 0 
7fea814b7000-7fea814b8000 ---p 00000000 00:00 0 
7fea814b8000-7fea814b9000 rw-p 00000000 00:00 0 
7fea814b9000-7fea814ba000 r--p 00021000 08:06 1312                       /lib/ld-2.15.so
7fea814ba000-7fea814bb000 rw-p 00022000 08:06 1312                       /lib/ld-2.15.so
7fea814bb000-7fea814bc000 rw-p 00000000 00:00 0 
7fff6c720000-7fff6c741000 rw-p 00000000 00:00 0                          [stack]
7fff6c7ff000-7fff6c800000 r-xp 00000000 00:00 0                          [vdso]
ffffffffff600000-ffffffffff601000 r-xp 00000000 00:00 0                  [vsyscall]

VM Arguments:
jvm_args: -Dsun.java2d.opengl=True -Dfile.encoding=UTF-8 
java_command: bombi.BombiGui
Launcher Type: SUN_STANDARD

Environment Variables:
JAVA_HOME=/usr/lib/jvm/java-7-openjdk
PATH=/usr/local/bin:/usr/bin:/bin:/usr/local/sbin:/usr/sbin:/sbin:/opt/android-sdk/platform-tools:/opt/android-sdk/tools:/usr/bin/vendor_perl:/usr/bin/core_perl:/opt/qt/bin
SHELL=/bin/bash
DISPLAY=:0.0

Signal Handlers:
SIGSEGV: [libjvm.so+0x807d30], sa_mask[0]=0x7ffbfeff, sa_flags=0x10000004
SIGBUS: [libjvm.so+0x807d30], sa_mask[0]=0x7ffbfeff, sa_flags=0x10000004
SIGFPE: [libjvm.so+0x6ac970], sa_mask[0]=0x7ffbfeff, sa_flags=0x10000004
SIGPIPE: [libjvm.so+0x6ac970], sa_mask[0]=0x7ffbfeff, sa_flags=0x10000004
SIGXFSZ: [libjvm.so+0x6ac970], sa_mask[0]=0x7ffbfeff, sa_flags=0x10000004
SIGILL: [libjvm.so+0x6ac970], sa_mask[0]=0x7ffbfeff, sa_flags=0x10000004
SIGUSR1: SIG_DFL, sa_mask[0]=0x00000000, sa_flags=0x00000000
SIGUSR2: [libjvm.so+0x6acd40], sa_mask[0]=0x00000004, sa_flags=0x10000004
SIGHUP: [libjvm.so+0x6ace80], sa_mask[0]=0x7ffbfeff, sa_flags=0x10000004
SIGINT: [libjvm.so+0x6ace80], sa_mask[0]=0x7ffbfeff, sa_flags=0x10000004
SIGTERM: [libjvm.so+0x6ace80], sa_mask[0]=0x7ffbfeff, sa_flags=0x10000004
SIGQUIT: [libjvm.so+0x6ace80], sa_mask[0]=0x7ffbfeff, sa_flags=0x10000004


---------------  S Y S T E M  ---------------

OS:Linux
uname:Linux 3.3.6-1-ARCH #1 SMP PREEMPT Sun May 13 10:52:32 CEST 2012 x86_64
libc:glibc 2.15 NPTL 2.15 
rlimit: STACK 8192k, CORE 0k, NPROC 125839, NOFILE 4096, AS infinity
load average:1.54 1.60 1.80

/proc/meminfo:
MemTotal:       16180360 kB
MemFree:         9002404 kB
Buffers:         1037508 kB
Cached:          3236880 kB
SwapCached:            0 kB
Active:          3483272 kB
Inactive:        2723516 kB
Active(anon):    1933404 kB
Inactive(anon):    46016 kB
Active(file):    1549868 kB
Inactive(file):  2677500 kB
Unevictable:           0 kB
Mlocked:               0 kB
SwapTotal:             0 kB
SwapFree:              0 kB
Dirty:             14272 kB
Writeback:             0 kB
AnonPages:       1932004 kB
Mapped:           318800 kB
Shmem:             47032 kB
Slab:             517256 kB
SReclaimable:     440660 kB
SUnreclaim:        76596 kB
KernelStack:        4432 kB
PageTables:        43404 kB
NFS_Unstable:          0 kB
Bounce:                0 kB
WritebackTmp:          0 kB
CommitLimit:     8090180 kB
Committed_AS:    4206260 kB
VmallocTotal:   34359738367 kB
VmallocUsed:      362644 kB
VmallocChunk:   34359374303 kB
HardwareCorrupted:     0 kB
AnonHugePages:    944128 kB
HugePages_Total:       0
HugePages_Free:        0
HugePages_Rsvd:        0
HugePages_Surp:        0
Hugepagesize:       2048 kB
DirectMap4k:      672256 kB
DirectMap2M:     9549824 kB
DirectMap1G:     6291456 kB


CPU:total 4 (4 cores per cpu, 1 threads per core) family 16 model 5 stepping 2, cmov, cx8, fxsr, mmx, sse, sse2, sse3, popcnt, mmxext, 3dnowpref, lzcnt, sse4a

/proc/cpuinfo:
processor	: 0
vendor_id	: AuthenticAMD
cpu family	: 16
model		: 5
model name	: AMD Athlon(tm) II X4 620 Processor
stepping	: 2
microcode	: 0x10000c6
cpu MHz		: 800.000
cache size	: 512 KB
physical id	: 0
siblings	: 4
core id		: 0
cpu cores	: 4
apicid		: 0
initial apicid	: 0
fpu		: yes
fpu_exception	: yes
cpuid level	: 5
wp		: yes
flags		: fpu vme de pse tsc msr pae mce cx8 apic sep mtrr pge mca cmov pat pse36 clflush mmx fxsr sse sse2 ht syscall nx mmxext fxsr_opt pdpe1gb rdtscp lm 3dnowext 3dnow constant_tsc rep_good nopl nonstop_tsc extd_apicid pni monitor cx16 popcnt lahf_lm cmp_legacy svm extapic cr8_legacy abm sse4a misalignsse 3dnowprefetch osvw ibs skinit wdt nodeid_msr npt lbrv svm_lock nrip_save
bogomips	: 5225.40
TLB size	: 1024 4K pages
clflush size	: 64
cache_alignment	: 64
address sizes	: 48 bits physical, 48 bits virtual
power management: ts ttp tm stc 100mhzsteps hwpstate

processor	: 1
vendor_id	: AuthenticAMD
cpu family	: 16
model		: 5
model name	: AMD Athlon(tm) II X4 620 Processor
stepping	: 2
microcode	: 0x10000c6
cpu MHz		: 800.000
cache size	: 512 KB
physical id	: 0
siblings	: 4
core id		: 1
cpu cores	: 4
apicid		: 1
initial apicid	: 1
fpu		: yes
fpu_exception	: yes
cpuid level	: 5
wp		: yes
flags		: fpu vme de pse tsc msr pae mce cx8 apic sep mtrr pge mca cmov pat pse36 clflush mmx fxsr sse sse2 ht syscall nx mmxext fxsr_opt pdpe1gb rdtscp lm 3dnowext 3dnow constant_tsc rep_good nopl nonstop_tsc extd_apicid pni monitor cx16 popcnt lahf_lm cmp_legacy svm extapic cr8_legacy abm sse4a misalignsse 3dnowprefetch osvw ibs skinit wdt nodeid_msr npt lbrv svm_lock nrip_save
bogomips	: 5225.40
TLB size	: 1024 4K pages
clflush size	: 64
cache_alignment	: 64
address sizes	: 48 bits physical, 48 bits virtual
power management: ts ttp tm stc 100mhzsteps hwpstate

processor	: 2
vendor_id	: AuthenticAMD
cpu family	: 16
model		: 5
model name	: AMD Athlon(tm) II X4 620 Processor
stepping	: 2
microcode	: 0x10000c6
cpu MHz		: 2600.000
cache size	: 512 KB
physical id	: 0
siblings	: 4
core id		: 2
cpu cores	: 4
apicid		: 2
initial apicid	: 2
fpu		: yes
fpu_exception	: yes
cpuid level	: 5
wp		: yes
flags		: fpu vme de pse tsc msr pae mce cx8 apic sep mtrr pge mca cmov pat pse36 clflush mmx fxsr sse sse2 ht syscall nx mmxext fxsr_opt pdpe1gb rdtscp lm 3dnowext 3dnow constant_tsc rep_good nopl nonstop_tsc extd_apicid pni monitor cx16 popcnt lahf_lm cmp_legacy svm extapic cr8_legacy abm sse4a misalignsse 3dnowprefetch osvw ibs skinit wdt nodeid_msr npt lbrv svm_lock nrip_save
bogomips	: 5225.40
TLB size	: 1024 4K pages
clflush size	: 64
cache_alignment	: 64
address sizes	: 48 bits physical, 48 bits virtual
power management: ts ttp tm stc 100mhzsteps hwpstate

processor	: 3
vendor_id	: AuthenticAMD
cpu family	: 16
model		: 5
model name	: AMD Athlon(tm) II X4 620 Processor
stepping	: 2
microcode	: 0x10000c6
cpu MHz		: 1400.000
cache size	: 512 KB
physical id	: 0
siblings	: 4
core id		: 3
cpu cores	: 4
apicid		: 3
initial apicid	: 3
fpu		: yes
fpu_exception	: yes
cpuid level	: 5
wp		: yes
flags		: fpu vme de pse tsc msr pae mce cx8 apic sep mtrr pge mca cmov pat pse36 clflush mmx fxsr sse sse2 ht syscall nx mmxext fxsr_opt pdpe1gb rdtscp lm 3dnowext 3dnow constant_tsc rep_good nopl nonstop_tsc extd_apicid pni monitor cx16 popcnt lahf_lm cmp_legacy svm extapic cr8_legacy abm sse4a misalignsse 3dnowprefetch osvw ibs skinit wdt nodeid_msr npt lbrv svm_lock nrip_save
bogomips	: 5225.40
TLB size	: 1024 4K pages
clflush size	: 64
cache_alignment	: 64
address sizes	: 48 bits physical, 48 bits virtual
power management: ts ttp tm stc 100mhzsteps hwpstate



Memory: 4k page, physical 16180360k(9002404k free), swap 0k(0k free)

vm_info: OpenJDK 64-Bit Server VM (22.0-b10) for linux-amd64 JRE (1.7.0_03-b147), built on Mar  6 2012 20:02:29 by "nobody" with gcc 4.6.3

time: Wed May 16 23:23:55 2012
elapsed time: 40 seconds

