#
# A fatal error has been detected by the Java Runtime Environment:
#
#  SIGSEGV (0xb) at pc=0x00007f06f70be2a8, pid=9854, tid=139667982030592
#
# JRE version: 7.0_03-b147
# Java VM: OpenJDK 64-Bit Server VM (22.0-b10 mixed mode linux-amd64 compressed oops)
# Derivative: IcedTea7 2.1
# Distribution: Custom build (Tue Mar  6 19:52:34 UTC 2012)
# Problematic frame:
# C  [libX11.so.6+0x382a8]  XQueryExtension+0x28
#
# Failed to write core dump. Core dumps have been disabled. To enable core dumping, try "ulimit -c unlimited" before starting Java again
#
# If you would like to submit a bug report, please include
# instructions on how to reproduce the bug and visit:
#   http://icedtea.classpath.org/bugzilla
#

---------------  T H R E A D  ---------------

Current thread (0x00007f070009d000):  VMThread [stack: 0x00007f06fc649000,0x00007f06fc74a000] [id=9864]

siginfo:si_signo=SIGSEGV: si_errno=0, si_code=1 (SEGV_MAPERR), si_addr=0x00000000001c8b08

Registers:
RAX=0x00007f06e40008c0, RBX=0x00000000001c81a0, RCX=0x00007f06fc7487c8, RDX=0x00007f06fc7487c4
RSP=0x00007f06fc748760, RBP=0x00007f06c75b5932, RSI=0x00007f06c75b5932, RDI=0x00000000001c81a0
R8 =0x00007f06fc7487cc, R9 =0x0000000000000000, R10=0x00007f06fc748620, R11=0x00007f0706f70ad0
R12=0x0000000000000000, R13=0x00007f06c75b5932, R14=0x00007f06e40008c0, R15=0x0000000000000000
RIP=0x00007f06f70be2a8, EFLAGS=0x0000000000010206, CSGSFS=0x0000000000000033, ERR=0x0000000000000004
  TRAPNO=0x000000000000000e

Top of Stack: (sp=0x00007f06fc748760)
0x00007f06fc748760:   0000000000000000 00007f06fc7487e8
0x00007f06fc748770:   00007f06fc7487e9 00007f0707b354e5
0x00007f06fc748780:   0000000000000000 00000000001c81a0
0x00007f06fc748790:   00007f06c75b5932 0000000000000000
0x00007f06fc7487a0:   00007f06c75b5932 00007f06e40008c0
0x00007f06fc7487b0:   0000000000000000 00007f06f70b2285
0x00007f06fc7487c0:   0000000000000000 00007f0706fb5b20
0x00007f06fc7487d0:   00007f06c76ee520 00000000001c81a0
0x00007f06fc7487e0:   00007f07001d0a00 00007f06f73ceb1b
0x00007f06fc7487f0:   00007f0600000005 0000001100000000
0x00007f06fc748800:   00007f0700000005 0000000000000000
0x00007f06fc748810:   00007f06fc748880 00000000001c81a0
0x00007f06fc748820:   00007f06fc748a90 00007f06fc748b08
0x00007f06fc748830:   00007f06c7707d50 00007f06c755c119
0x00007f06fc748840:   0000000000000000 00007f07001d0ab0
0x00007f06fc748850:   00007f06fc748880 00007f06c796a008
0x00007f06fc748860:   00007f06fc748a90 00007f06fc748b08
0x00007f06fc748870:   00000000ffffffff 00007f06c7552b42
0x00007f06fc748880:   00007f06fc748b80 00007f06c75b58b1
0x00007f06fc748890:   00007f06fc748b80 00007f0707b2bf5f
0x00007f06fc7488a0:   00007f0707d40170 00007f0707d40700
0x00007f06fc7488b0:   00007f0707d0c000 00007f0700005900
0x00007f06fc7488c0:   00007f070000a110 00007f070017b180
0x00007f06fc7488d0:   00007f0700178fe0 00007f07000021f0
0x00007f06fc7488e0:   00007f0700001b30 0000000001add560
0x00007f06fc7488f0:   0000000001adda30 0000000001ade370
0x00007f06fc748900:   00007f070017c600 00007f070017cf90
0x00007f06fc748910:   00007f070017d4a0 00007f070017caa0
0x00007f06fc748920:   00007f070017d9b0 00007f070017e8c0
0x00007f06fc748930:   00007f070017e3b0 00007f070017edd0
0x00007f06fc748940:   00007f070017deb0 00007f070017f2d0
0x00007f06fc748950:   00007f070017f7c0 00007f07001801e0 

Instructions: (pc=0x00007f06f70be2a8)
0x00007f06f70be288:   24 d8 48 89 fb 4c 89 64 24 e0 4c 89 6c 24 e8 48
0x00007f06f70be298:   89 f5 4c 89 74 24 f0 4c 89 7c 24 f8 48 83 ec 58
0x00007f06f70be2a8:   48 8b 87 68 09 00 00 49 89 d4 49 89 cd 4d 89 c6
0x00007f06f70be2b8:   48 85 c0 74 02 ff 10 ba 08 00 00 00 be 62 00 00 

Register to memory mapping:

RAX=0x00007f06e40008c0 is an unknown value
RBX=0x00000000001c81a0 is an unknown value
RCX=0x00007f06fc7487c8 is an unknown value
RDX=0x00007f06fc7487c4 is an unknown value
RSP=0x00007f06fc748760 is an unknown value
RBP=0x00007f06c75b5932: <offset 0x96932> in /usr/lib/libGL.so.1 at 0x00007f06c751f000
RSI=0x00007f06c75b5932: <offset 0x96932> in /usr/lib/libGL.so.1 at 0x00007f06c751f000
RDI=0x00000000001c81a0 is an unknown value
R8 =0x00007f06fc7487cc is an unknown value
R9 =0x0000000000000000 is an unknown value
R10=0x00007f06fc748620 is an unknown value
R11=0x00007f0706f70ad0: __cxa_finalize+0 in /lib/libc.so.6 at 0x00007f0706f39000
R12=0x0000000000000000 is an unknown value
R13=0x00007f06c75b5932: <offset 0x96932> in /usr/lib/libGL.so.1 at 0x00007f06c751f000
R14=0x00007f06e40008c0 is an unknown value
R15=0x0000000000000000 is an unknown value


Stack: [0x00007f06fc649000,0x00007f06fc74a000],  sp=0x00007f06fc748760,  free space=1021k
Native frames: (J=compiled Java code, j=interpreted, Vv=VM code, C=native code)
C  [libX11.so.6+0x382a8]  XQueryExtension+0x28

VM_Operation (0x00007f06c434de60): Exit, mode: safepoint, requested by thread 0x00007f07004ce800


---------------  P R O C E S S  ---------------

Java Threads: ( => current thread )
  0x00007f0700006000 JavaThread "DestroyJavaVM" [_thread_blocked, id=9859, stack(0x00007f0707c07000,0x00007f0707d08000)]
  0x00007f07004ce800 JavaThread "AWT-EventQueue-0" [_thread_blocked, id=9876, stack(0x00007f06c4250000,0x00007f06c4351000)]
  0x00007f07004cd000 JavaThread "AWT-Shutdown" [_thread_blocked, id=9875, stack(0x00007f06c4351000,0x00007f06c4452000)]
  0x00007f0700438000 JavaThread "AWT-XAWT" daemon [_thread_blocked, id=9874, stack(0x00007f06c4571000,0x00007f06c4672000)]
  0x00007f07003ed800 JavaThread "Java2D Disposer" daemon [_thread_blocked, id=9873, stack(0x00007f06c4672000,0x00007f06c4773000)]
  0x00007f07003eb000 JavaThread "Java2D Queue Flusher" daemon [_thread_blocked, id=9872, stack(0x00007f06c47fb000,0x00007f06c48fc000)]
  0x00007f0700106000 JavaThread "Service Thread" daemon [_thread_blocked, id=9870, stack(0x00007f06f7bfc000,0x00007f06f7cfd000)]
  0x00007f0700103800 JavaThread "C2 CompilerThread1" daemon [_thread_blocked, id=9869, stack(0x00007f06f7cfd000,0x00007f06f7dfe000)]
  0x00007f0700101000 JavaThread "C2 CompilerThread0" daemon [_thread_blocked, id=9868, stack(0x00007f06f7dfe000,0x00007f06f7eff000)]
  0x00007f07000a8000 JavaThread "Finalizer" daemon [_thread_blocked, id=9866, stack(0x00007f06fc447000,0x00007f06fc548000)]
  0x00007f07000a5800 JavaThread "Reference Handler" daemon [_thread_blocked, id=9865, stack(0x00007f06fc548000,0x00007f06fc649000)]

Other Threads:
=>0x00007f070009d000 VMThread [stack: 0x00007f06fc649000,0x00007f06fc74a000] [id=9864]

VM state:at safepoint (shutting down)

VM Mutex/Monitor currently owned by a thread:  ([mutex/lock_event])
[0x00007f0700003f50] Threads_lock - owner thread: 0x00007f070009d000

Heap
 PSYoungGen      total 73792K, used 13362K [0x00000007adab0000, 0x00000007b2d00000, 0x0000000800000000)
  eden space 63296K, 21% used [0x00000007adab0000,0x00000007ae7bcb28,0x00000007b1880000)
  from space 10496K, 0% used [0x00000007b22c0000,0x00000007b22c0000,0x00000007b2d00000)
  to   space 10496K, 0% used [0x00000007b1880000,0x00000007b1880000,0x00000007b22c0000)
 PSOldGen        total 168576K, used 0K [0x0000000709000000, 0x00000007134a0000, 0x00000007adab0000)
  object space 168576K, 0% used [0x0000000709000000,0x0000000709000000,0x00000007134a0000)
 PSPermGen       total 21248K, used 9911K [0x00000006fea00000, 0x00000006ffec0000, 0x0000000709000000)
  object space 21248K, 46% used [0x00000006fea00000,0x00000006ff3addb0,0x00000006ffec0000)

Code Cache  [0x00007f06fd000000, 0x00007f06fd270000, 0x00007f0700000000)
 total_blobs=430 nmethods=20 adapters=364 free_code_cache=48612Kb largest_free_block=49749376

Dynamic libraries:
00400000-00401000 r-xp 00000000 08:06 533859                             /usr/lib/jvm/java-7-openjdk/jre/bin/java
00600000-00601000 rw-p 00000000 08:06 533859                             /usr/lib/jvm/java-7-openjdk/jre/bin/java
01add000-01afe000 rw-p 00000000 00:00 0                                  [heap]
6fea00000-6ffec0000 rw-p 00000000 00:00 0 
6ffec0000-709000000 rw-p 00000000 00:00 0 
709000000-7134a0000 rw-p 00000000 00:00 0 
7134a0000-7adab0000 rw-p 00000000 00:00 0 
7adab0000-7b2d00000 rw-p 00000000 00:00 0 
7b2d00000-800000000 rw-p 00000000 00:00 0 
7f06a4000000-7f06a4052000 rw-p 00000000 00:00 0 
7f06a4052000-7f06a8000000 ---p 00000000 00:00 0 
7f06abeff000-7f06abf02000 ---p 00000000 00:00 0 
7f06abf02000-7f06ac000000 rw-p 00000000 00:00 0 
7f06ac000000-7f06ac021000 rw-p 00000000 00:00 0 
7f06ac021000-7f06b0000000 ---p 00000000 00:00 0 
7f06b0000000-7f06b01d4000 rw-p 00000000 00:00 0 
7f06b01d4000-7f06b4000000 ---p 00000000 00:00 0 
7f06b4000000-7f06b4021000 rw-p 00000000 00:00 0 
7f06b4021000-7f06b8000000 ---p 00000000 00:00 0 
7f06b8000000-7f06b8021000 rw-p 00000000 00:00 0 
7f06b8021000-7f06bc000000 ---p 00000000 00:00 0 
7f06bc000000-7f06bc90e000 rw-p 00000000 00:00 0 
7f06bc90e000-7f06c0000000 ---p 00000000 00:00 0 
7f06c0000000-7f06c0021000 rw-p 00000000 00:00 0 
7f06c0021000-7f06c4000000 ---p 00000000 00:00 0 
7f06c404f000-7f06c414f000 rw-s 12f17000 00:05 9111                       /dev/ati/card1
7f06c414f000-7f06c4152000 ---p 00000000 00:00 0 
7f06c4152000-7f06c4250000 rw-p 00000000 00:00 0 
7f06c4250000-7f06c4253000 ---p 00000000 00:00 0 
7f06c4253000-7f06c4351000 rw-p 00000000 00:00 0 
7f06c4351000-7f06c4354000 ---p 00000000 00:00 0 
7f06c4354000-7f06c4452000 rw-p 00000000 00:00 0 
7f06c4452000-7f06c4453000 r--s 00000000 00:11 27270                      /home/tobi/.fontconfig/5604230ae2129cf9aeedc64ab4ef6938-le64.cache-3
7f06c4453000-7f06c4469000 r--s 00000000 08:07 22836                      /var/cache/fontconfig/8d4af663993b81a124ee82e610bb31f9-le64.cache-3
7f06c4469000-7f06c4472000 r--s 00000000 08:07 26938                      /var/cache/fontconfig/d62e99ef547d1d24cdb1bd22ec1a2976-le64.cache-3
7f06c4472000-7f06c44b7000 r--s 00000000 08:07 26937                      /var/cache/fontconfig/f6b893a7224233d96cb72fd88691c0b4-le64.cache-3
7f06c44b7000-7f06c4514000 r--s 00000000 08:07 26936                      /var/cache/fontconfig/17090aa38d5c6f09fb8c5c354938f1d7-le64.cache-3
7f06c4514000-7f06c4571000 r--s 00000000 08:07 26934                      /var/cache/fontconfig/df311e82a1a24c41a75c2c930223552e-le64.cache-3
7f06c4571000-7f06c4574000 ---p 00000000 00:00 0 
7f06c4574000-7f06c4672000 rw-p 00000000 00:00 0 
7f06c4672000-7f06c4675000 ---p 00000000 00:00 0 
7f06c4675000-7f06c47bb000 rw-p 00000000 00:00 0 
7f06c47bb000-7f06c47fb000 rw-s 00030000 00:05 9111                       /dev/ati/card1
7f06c47fb000-7f06c47fe000 ---p 00000000 00:00 0 
7f06c47fe000-7f06c48fc000 rw-p 00000000 00:00 0 
7f06c48fc000-7f06c4ffc000 rw-s 00006000 00:05 9111                       /dev/ati/card1
7f06c4ffc000-7f06c50fc000 rw-p 00000000 00:00 0 
7f06c50fc000-7f06c5137000 r-xp 00000000 08:06 527355                     /usr/lib/libatiadlxx.so
7f06c5137000-7f06c5237000 ---p 0003b000 08:06 527355                     /usr/lib/libatiadlxx.so
7f06c5237000-7f06c5240000 rw-p 0003b000 08:06 527355                     /usr/lib/libatiadlxx.so
7f06c5240000-7f06c5251000 rw-p 00000000 00:00 0 
7f06c5251000-7f06c71ab000 r-xp 00000000 08:06 527438                     /usr/lib/xorg/modules/dri/fglrx_dri.so
7f06c71ab000-7f06c72ab000 ---p 01f5a000 08:06 527438                     /usr/lib/xorg/modules/dri/fglrx_dri.so
7f06c72ab000-7f06c73f9000 rwxp 01f5a000 08:06 527438                     /usr/lib/xorg/modules/dri/fglrx_dri.so
7f06c73f9000-7f06c751f000 rwxp 00000000 00:00 0 
7f06c751f000-7f06c75e2000 r-xp 00000000 08:06 531369                     /usr/lib/fglrx/fglrx-libGL.so.1.2
7f06c75e2000-7f06c76e1000 ---p 000c3000 08:06 531369                     /usr/lib/fglrx/fglrx-libGL.so.1.2
7f06c76e1000-7f06c7708000 rwxp 000c2000 08:06 531369                     /usr/lib/fglrx/fglrx-libGL.so.1.2
7f06c7708000-7f06c7728000 rwxp 00000000 00:00 0 
7f06c7728000-7f06c776a000 r-xp 00000000 08:06 527897                     /usr/lib/libdbus-1.so.3.5.9
7f06c776a000-7f06c796a000 ---p 00042000 08:06 527897                     /usr/lib/libdbus-1.so.3.5.9
7f06c796a000-7f06c796c000 rw-p 00042000 08:06 527897                     /usr/lib/libdbus-1.so.3.5.9
7f06c796c000-7f06c797d000 r-xp 00000000 08:06 533797                     /usr/lib/libp11-kit.so.0.0.0
7f06c797d000-7f06c7b7c000 ---p 00011000 08:06 533797                     /usr/lib/libp11-kit.so.0.0.0
7f06c7b7c000-7f06c7b7d000 r--p 00010000 08:06 533797                     /usr/lib/libp11-kit.so.0.0.0
7f06c7b7d000-7f06c7b7e000 rw-p 00011000 08:06 533797                     /usr/lib/libp11-kit.so.0.0.0
7f06c7b7e000-7f06c7be3000 r-xp 00000000 08:06 527102                     /usr/lib/libgmp.so.10.0.5
7f06c7be3000-7f06c7de3000 ---p 00065000 08:06 527102                     /usr/lib/libgmp.so.10.0.5
7f06c7de3000-7f06c7de4000 r--p 00065000 08:06 527102                     /usr/lib/libgmp.so.10.0.5
7f06c7de4000-7f06c7ded000 rw-p 00066000 08:06 527102                     /usr/lib/libgmp.so.10.0.5
7f06c7ded000-7f06c7dff000 r-xp 00000000 08:06 533726                     /usr/lib/libhogweed.so.2.1
7f06c7dff000-7f06c7ffe000 ---p 00012000 08:06 533726                     /usr/lib/libhogweed.so.2.1
7f06c7ffe000-7f06c7fff000 r--p 00011000 08:06 533726                     /usr/lib/libhogweed.so.2.1
7f06c7fff000-7f06c8000000 rw-p 00012000 08:06 533726                     /usr/lib/libhogweed.so.2.1
7f06c8000000-7f06c8186000 rw-p 00000000 00:00 0 
7f06c8186000-7f06cc000000 ---p 00000000 00:00 0 
7f06cc000000-7f06cc021000 rw-p 00000000 00:00 0 
7f06cc021000-7f06d0000000 ---p 00000000 00:00 0 
7f06d0000000-7f06d0021000 rw-p 00000000 00:00 0 
7f06d0021000-7f06d4000000 ---p 00000000 00:00 0 
7f06d4000000-7f06d42f4000 rw-p 00000000 00:00 0 
7f06d42f4000-7f06d8000000 ---p 00000000 00:00 0 
7f06d8000000-7f06d8021000 rw-p 00000000 00:00 0 
7f06d8021000-7f06dc000000 ---p 00000000 00:00 0 
7f06dc000000-7f06dc021000 rw-p 00000000 00:00 0 
7f06dc021000-7f06e0000000 ---p 00000000 00:00 0 
7f06e0000000-7f06e0021000 rw-p 00000000 00:00 0 
7f06e0021000-7f06e4000000 ---p 00000000 00:00 0 
7f06e4000000-7f06e4021000 rw-p 00000000 00:00 0 
7f06e4021000-7f06e8000000 ---p 00000000 00:00 0 
7f06e8000000-7f06e8021000 rw-p 00000000 00:00 0 
7f06e8021000-7f06ec000000 ---p 00000000 00:00 0 
7f06ec001000-7f06ec081000 rw-p 00000000 00:00 0 
7f06ec081000-7f06ec088000 r-xp 00000000 08:06 526968                     /usr/lib/libatiuki.so.1.0
7f06ec088000-7f06ec188000 ---p 00007000 08:06 526968                     /usr/lib/libatiuki.so.1.0
7f06ec188000-7f06ec189000 rw-p 00007000 08:06 526968                     /usr/lib/libatiuki.so.1.0
7f06ec189000-7f06ec18a000 rw-p 00000000 00:00 0 
7f06ec18a000-7f06ec1af000 r-xp 00000000 08:06 531660                     /usr/lib/libnettle.so.4.3
7f06ec1af000-7f06ec3af000 ---p 00025000 08:06 531660                     /usr/lib/libnettle.so.4.3
7f06ec3af000-7f06ec3b0000 r--p 00025000 08:06 531660                     /usr/lib/libnettle.so.4.3
7f06ec3b0000-7f06ec3b1000 rw-p 00026000 08:06 531660                     /usr/lib/libnettle.so.4.3
7f06ec3b1000-7f06ec3c1000 r-xp 00000000 08:06 523686                     /usr/lib/libtasn1.so.3.1.15
7f06ec3c1000-7f06ec5c0000 ---p 00010000 08:06 523686                     /usr/lib/libtasn1.so.3.1.15
7f06ec5c0000-7f06ec5c1000 r--p 0000f000 08:06 523686                     /usr/lib/libtasn1.so.3.1.15
7f06ec5c1000-7f06ec5c2000 rw-p 00010000 08:06 523686                     /usr/lib/libtasn1.so.3.1.15
7f06ec5c2000-7f06ec5c5000 r-xp 00000000 08:06 536931                     /usr/lib/libkeyutils.so.1.4
7f06ec5c5000-7f06ec7c4000 ---p 00003000 08:06 536931                     /usr/lib/libkeyutils.so.1.4
7f06ec7c4000-7f06ec7c5000 r--p 00002000 08:06 536931                     /usr/lib/libkeyutils.so.1.4
7f06ec7c5000-7f06ec7c6000 rw-p 00003000 08:06 536931                     /usr/lib/libkeyutils.so.1.4
7f06ec7c6000-7f06ec7cf000 r-xp 00000000 08:06 529619                     /usr/lib/libkrb5support.so.0.1
7f06ec7cf000-7f06ec9ce000 ---p 00009000 08:06 529619                     /usr/lib/libkrb5support.so.0.1
7f06ec9ce000-7f06ec9cf000 r--p 00008000 08:06 529619                     /usr/lib/libkrb5support.so.0.1
7f06ec9cf000-7f06ec9d0000 rw-p 00009000 08:06 529619                     /usr/lib/libkrb5support.so.0.1
7f06ec9d0000-7f06ec9d3000 r-xp 00000000 08:06 524071                     /usr/lib/libcom_err.so.2.1
7f06ec9d3000-7f06ecbd2000 ---p 00003000 08:06 524071                     /usr/lib/libcom_err.so.2.1
7f06ecbd2000-7f06ecbd3000 r--p 00002000 08:06 524071                     /usr/lib/libcom_err.so.2.1
7f06ecbd3000-7f06ecbd4000 rw-p 00003000 08:06 524071                     /usr/lib/libcom_err.so.2.1
7f06ecbd4000-7f06ecbfc000 r-xp 00000000 08:06 533131                     /usr/lib/libk5crypto.so.3.1
7f06ecbfc000-7f06ecdfc000 ---p 00028000 08:06 533131                     /usr/lib/libk5crypto.so.3.1
7f06ecdfc000-7f06ecdfd000 r--p 00028000 08:06 533131                     /usr/lib/libk5crypto.so.3.1
7f06ecdfd000-7f06ecdfe000 rw-p 00029000 08:06 533131                     /usr/lib/libk5crypto.so.3.1
7f06ecdfe000-7f06ecdff000 rw-p 00000000 00:00 0 
7f06ecdff000-7f06eced7000 r-xp 00000000 08:06 527453                     /usr/lib/libkrb5.so.3.3
7f06eced7000-7f06ed0d7000 ---p 000d8000 08:06 527453                     /usr/lib/libkrb5.so.3.3
7f06ed0d7000-7f06ed0e1000 r--p 000d8000 08:06 527453                     /usr/lib/libkrb5.so.3.3
7f06ed0e1000-7f06ed0e3000 rw-p 000e2000 08:06 527453                     /usr/lib/libkrb5.so.3.3
7f06ed0e3000-7f06ed0e8000 r-xp 00000000 08:06 523755                     /usr/lib/libXdmcp.so.6.0.0
7f06ed0e8000-7f06ed2e7000 ---p 00005000 08:06 523755                     /usr/lib/libXdmcp.so.6.0.0
7f06ed2e7000-7f06ed2e8000 r--p 00004000 08:06 523755                     /usr/lib/libXdmcp.so.6.0.0
7f06ed2e8000-7f06ed2e9000 rw-p 00005000 08:06 523755                     /usr/lib/libXdmcp.so.6.0.0
7f06ed2e9000-7f06ed2eb000 r-xp 00000000 08:06 523713                     /usr/lib/libXau.so.6.0.0
7f06ed2eb000-7f06ed4eb000 ---p 00002000 08:06 523713                     /usr/lib/libXau.so.6.0.0
7f06ed4eb000-7f06ed4ec000 r--p 00002000 08:06 523713                     /usr/lib/libXau.so.6.0.0
7f06ed4ec000-7f06ed4ed000 rw-p 00003000 08:06 523713                     /usr/lib/libXau.so.6.0.0
7f06ed4ed000-7f06ed4fd000 r-xp 00000000 08:06 526584                     /usr/lib/libavahi-client.so.3.2.9
7f06ed4fd000-7f06ed6fc000 ---p 00010000 08:06 526584                     /usr/lib/libavahi-client.so.3.2.9
7f06ed6fc000-7f06ed6fd000 r--p 0000f000 08:06 526584                     /usr/lib/libavahi-client.so.3.2.9
7f06ed6fd000-7f06ed6fe000 rw-p 00010000 08:06 526584                     /usr/lib/libavahi-client.so.3.2.9
7f06ed6fe000-7f06ed70a000 r-xp 00000000 08:06 527596                     /usr/lib/libavahi-common.so.3.5.3
7f06ed70a000-7f06ed909000 ---p 0000c000 08:06 527596                     /usr/lib/libavahi-common.so.3.5.3
7f06ed909000-7f06ed90a000 r--p 0000b000 08:06 527596                     /usr/lib/libavahi-common.so.3.5.3
7f06ed90a000-7f06ed90b000 rw-p 0000c000 08:06 527596                     /usr/lib/libavahi-common.so.3.5.3
7f06ed90b000-7f06ed9fd000 r-xp 00000000 08:06 528636                     /usr/lib/libgnutls.so.28.8.1
7f06ed9fd000-7f06edbfd000 ---p 000f2000 08:06 528636                     /usr/lib/libgnutls.so.28.8.1
7f06edbfd000-7f06edc05000 r--p 000f2000 08:06 528636                     /usr/lib/libgnutls.so.28.8.1
7f06edc05000-7f06edc07000 rw-p 000fa000 08:06 528636                     /usr/lib/libgnutls.so.28.8.1
7f06edc07000-7f06edc08000 rw-p 00000000 00:00 0 
7f06edc08000-7f06edc49000 r-xp 00000000 08:06 533554                     /usr/lib/libgssapi_krb5.so.2.2
7f06edc49000-7f06ede49000 ---p 00041000 08:06 533554                     /usr/lib/libgssapi_krb5.so.2.2
7f06ede49000-7f06ede4a000 r--p 00041000 08:06 533554                     /usr/lib/libgssapi_krb5.so.2.2
7f06ede4a000-7f06ede4c000 rw-p 00042000 08:06 533554                     /usr/lib/libgssapi_krb5.so.2.2
7f06ede4c000-7f06edea5000 r-xp 00000000 08:06 531196                     /usr/lib/libpcre.so.1.0.0
7f06edea5000-7f06ee0a4000 ---p 00059000 08:06 531196                     /usr/lib/libpcre.so.1.0.0
7f06ee0a4000-7f06ee0a5000 r--p 00058000 08:06 531196                     /usr/lib/libpcre.so.1.0.0
7f06ee0a5000-7f06ee0a6000 rw-p 00059000 08:06 531196                     /usr/lib/libpcre.so.1.0.0
7f06ee0a6000-7f06ee0ad000 r-xp 00000000 08:06 533126                     /usr/lib/libffi.so.6.0.0
7f06ee0ad000-7f06ee2ac000 ---p 00007000 08:06 533126                     /usr/lib/libffi.so.6.0.0
7f06ee2ac000-7f06ee2ad000 r--p 00006000 08:06 533126                     /usr/lib/libffi.so.6.0.0
7f06ee2ad000-7f06ee2ae000 rw-p 00007000 08:06 533126                     /usr/lib/libffi.so.6.0.0
7f06ee2ae000-7f06ee2d6000 r-xp 00000000 08:06 534280                     /usr/lib/libexpat.so.1.6.0
7f06ee2d6000-7f06ee4d5000 ---p 00028000 08:06 534280                     /usr/lib/libexpat.so.1.6.0
7f06ee4d5000-7f06ee4d7000 r--p 00027000 08:06 534280                     /usr/lib/libexpat.so.1.6.0
7f06ee4d7000-7f06ee4d8000 rw-p 00029000 08:06 534280                     /usr/lib/libexpat.so.1.6.0
7f06ee4d8000-7f06ee4e7000 r-xp 00000000 08:06 535331                     /usr/lib/libbz2.so.1.0.6
7f06ee4e7000-7f06ee6e6000 ---p 0000f000 08:06 535331                     /usr/lib/libbz2.so.1.0.6
7f06ee6e6000-7f06ee6e8000 rw-p 0000e000 08:06 535331                     /usr/lib/libbz2.so.1.0.6
7f06ee6e8000-7f06ee6f0000 r-xp 00000000 08:06 534957                     /usr/lib/libxcb-render.so.0.0.0
7f06ee6f0000-7f06ee8f0000 ---p 00008000 08:06 534957                     /usr/lib/libxcb-render.so.0.0.0
7f06ee8f0000-7f06ee8f1000 rw-p 00008000 08:06 534957                     /usr/lib/libxcb-render.so.0.0.0
7f06ee8f1000-7f06ee8f3000 r-xp 00000000 08:06 530934                     /usr/lib/libxcb-shm.so.0.0.0
7f06ee8f3000-7f06eeaf2000 ---p 00002000 08:06 530934                     /usr/lib/libxcb-shm.so.0.0.0
7f06eeaf2000-7f06eeaf3000 rw-p 00001000 08:06 530934                     /usr/lib/libxcb-shm.so.0.0.0
7f06eeaf3000-7f06eeb74000 r-xp 00000000 08:06 528735                     /usr/lib/libpixman-1.so.0.24.4
7f06eeb74000-7f06eed74000 ---p 00081000 08:06 528735                     /usr/lib/libpixman-1.so.0.24.4
7f06eed74000-7f06eed7a000 r--p 00081000 08:06 528735                     /usr/lib/libpixman-1.so.0.24.4
7f06eed7a000-7f06eed7b000 rw-p 00087000 08:06 528735                     /usr/lib/libpixman-1.so.0.24.4
7f06eed7b000-7f06eeda7000 r-xp 00000000 08:06 528725                     /usr/lib/libpng15.so.15.10.0
7f06eeda7000-7f06eefa6000 ---p 0002c000 08:06 528725                     /usr/lib/libpng15.so.15.10.0
7f06eefa6000-7f06eefa7000 r--p 0002b000 08:06 528725                     /usr/lib/libpng15.so.15.10.0
7f06eefa7000-7f06eefa8000 rw-p 0002c000 08:06 528725                     /usr/lib/libpng15.so.15.10.0
7f06eefa8000-7f06eefbb000 r-xp 00000000 08:06 1332                       /lib/libresolv-2.15.so
7f06eefbb000-7f06ef1bb000 ---p 00013000 08:06 1332                       /lib/libresolv-2.15.so
7f06ef1bb000-7f06ef1bc000 r--p 00013000 08:06 1332                       /lib/libresolv-2.15.so
7f06ef1bc000-7f06ef1bd000 rw-p 00014000 08:06 1332                       /lib/libresolv-2.15.so
7f06ef1bd000-7f06ef1bf000 rw-p 00000000 00:00 0 
7f06ef1bf000-7f06ef1c1000 r-xp 00000000 08:06 533292                     /usr/lib/libXdamage.so.1.1.0
7f06ef1c1000-7f06ef3c0000 ---p 00002000 08:06 533292                     /usr/lib/libXdamage.so.1.1.0
7f06ef3c0000-7f06ef3c1000 r--p 00001000 08:06 533292                     /usr/lib/libXdamage.so.1.1.0
7f06ef3c1000-7f06ef3c2000 rw-p 00002000 08:06 533292                     /usr/lib/libXdamage.so.1.1.0
7f06ef3c2000-7f06ef3c4000 r-xp 00000000 08:06 523753                     /usr/lib/libXcomposite.so.1.0.0
7f06ef3c4000-7f06ef5c3000 ---p 00002000 08:06 523753                     /usr/lib/libXcomposite.so.1.0.0
7f06ef5c3000-7f06ef5c4000 r--p 00001000 08:06 523753                     /usr/lib/libXcomposite.so.1.0.0
7f06ef5c4000-7f06ef5c5000 rw-p 00002000 08:06 523753                     /usr/lib/libXcomposite.so.1.0.0
7f06ef5c5000-7f06ef5ce000 r-xp 00000000 08:06 531336                     /usr/lib/libXcursor.so.1.0.2
7f06ef5ce000-7f06ef7cd000 ---p 00009000 08:06 531336                     /usr/lib/libXcursor.so.1.0.2
7f06ef7cd000-7f06ef7ce000 r--p 00008000 08:06 531336                     /usr/lib/libXcursor.so.1.0.2
7f06ef7ce000-7f06ef7cf000 rw-p 00009000 08:06 531336                     /usr/lib/libXcursor.so.1.0.2
7f06ef7cf000-7f06ef7d7000 r-xp 00000000 08:06 533170                     /usr/lib/libXrandr.so.2.2.0
7f06ef7d7000-7f06ef9d6000 ---p 00008000 08:06 533170                     /usr/lib/libXrandr.so.2.2.0
7f06ef9d6000-7f06ef9d7000 r--p 00007000 08:06 533170                     /usr/lib/libXrandr.so.2.2.0
7f06ef9d7000-7f06ef9d8000 rw-p 00008000 08:06 533170                     /usr/lib/libXrandr.so.2.2.0
7f06ef9d8000-7f06ef9da000 r-xp 00000000 08:06 523766                     /usr/lib/libXinerama.so.1.0.0
7f06ef9da000-7f06efbd9000 ---p 00002000 08:06 523766                     /usr/lib/libXinerama.so.1.0.0
7f06efbd9000-7f06efbda000 r--p 00001000 08:06 523766                     /usr/lib/libXinerama.so.1.0.0
7f06efbda000-7f06efbdb000 rw-p 00002000 08:06 523766                     /usr/lib/libXinerama.so.1.0.0
7f06efbdb000-7f06efbe0000 r-xp 00000000 08:06 523749                     /usr/lib/libXfixes.so.3.1.0
7f06efbe0000-7f06efde0000 ---p 00005000 08:06 523749                     /usr/lib/libXfixes.so.3.1.0
7f06efde0000-7f06efde1000 r--p 00005000 08:06 523749                     /usr/lib/libXfixes.so.3.1.0
7f06efde1000-7f06efde2000 rw-p 00006000 08:06 523749                     /usr/lib/libXfixes.so.3.1.0
7f06efde2000-7f06efdff000 r-xp 00000000 08:06 533661                     /usr/lib/libxcb.so.1.1.0
7f06efdff000-7f06effff000 ---p 0001d000 08:06 533661                     /usr/lib/libxcb.so.1.1.0
7f06effff000-7f06f0000000 rw-p 0001d000 08:06 533661                     /usr/lib/libxcb.so.1.1.0
7f06f0000000-7f06f0021000 rw-p 00000000 00:00 0 
7f06f0021000-7f06f4000000 ---p 00000000 00:00 0 
7f06f4005000-7f06f4057000 r-xp 00000000 08:06 528718                     /usr/lib/libcups.so.2
7f06f4057000-7f06f4256000 ---p 00052000 08:06 528718                     /usr/lib/libcups.so.2
7f06f4256000-7f06f425a000 r--p 00051000 08:06 528718                     /usr/lib/libcups.so.2
7f06f425a000-7f06f425b000 rw-p 00055000 08:06 528718                     /usr/lib/libcups.so.2
7f06f425b000-7f06f434d000 r-xp 00000000 08:06 528627                     /usr/lib/libglib-2.0.so.0.3200.2
7f06f434d000-7f06f454c000 ---p 000f2000 08:06 528627                     /usr/lib/libglib-2.0.so.0.3200.2
7f06f454c000-7f06f454d000 r--p 000f1000 08:06 528627                     /usr/lib/libglib-2.0.so.0.3200.2
7f06f454d000-7f06f454e000 rw-p 000f2000 08:06 528627                     /usr/lib/libglib-2.0.so.0.3200.2
7f06f454e000-7f06f454f000 rw-p 00000000 00:00 0 
7f06f454f000-7f06f4550000 r-xp 00000000 08:06 528965                     /usr/lib/libgthread-2.0.so.0.3200.2
7f06f4550000-7f06f474f000 ---p 00001000 08:06 528965                     /usr/lib/libgthread-2.0.so.0.3200.2
7f06f474f000-7f06f4750000 r--p 00000000 08:06 528965                     /usr/lib/libgthread-2.0.so.0.3200.2
7f06f4750000-7f06f4751000 rw-p 00001000 08:06 528965                     /usr/lib/libgthread-2.0.so.0.3200.2
7f06f4751000-7f06f4754000 r-xp 00000000 08:06 528923                     /usr/lib/libgmodule-2.0.so.0.3200.2
7f06f4754000-7f06f4953000 ---p 00003000 08:06 528923                     /usr/lib/libgmodule-2.0.so.0.3200.2
7f06f4953000-7f06f4954000 r--p 00002000 08:06 528923                     /usr/lib/libgmodule-2.0.so.0.3200.2
7f06f4954000-7f06f4955000 rw-p 00003000 08:06 528923                     /usr/lib/libgmodule-2.0.so.0.3200.2
7f06f4955000-7f06f49a1000 r-xp 00000000 08:06 528966                     /usr/lib/libgobject-2.0.so.0.3200.2
7f06f49a1000-7f06f4ba1000 ---p 0004c000 08:06 528966                     /usr/lib/libgobject-2.0.so.0.3200.2
7f06f4ba1000-7f06f4ba2000 r--p 0004c000 08:06 528966                     /usr/lib/libgobject-2.0.so.0.3200.2
7f06f4ba2000-7f06f4ba3000 rw-p 0004d000 08:06 528966                     /usr/lib/libgobject-2.0.so.0.3200.2
7f06f4ba3000-7f06f4bd7000 r-xp 00000000 08:06 534580                     /usr/lib/libfontconfig.so.1.4.4
7f06f4bd7000-7f06f4dd7000 ---p 00034000 08:06 534580                     /usr/lib/libfontconfig.so.1.4.4
7f06f4dd7000-7f06f4dd8000 r--p 00034000 08:06 534580                     /usr/lib/libfontconfig.so.1.4.4
7f06f4dd8000-7f06f4dd9000 rw-p 00035000 08:06 534580                     /usr/lib/libfontconfig.so.1.4.4
7f06f4dd9000-7f06f4e72000 r-xp 00000000 08:06 533427                     /usr/lib/libfreetype.so.6.8.1
7f06f4e72000-7f06f5071000 ---p 00099000 08:06 533427                     /usr/lib/libfreetype.so.6.8.1
7f06f5071000-7f06f5077000 r--p 00098000 08:06 533427                     /usr/lib/libfreetype.so.6.8.1
7f06f5077000-7f06f5078000 rw-p 0009e000 08:06 533427                     /usr/lib/libfreetype.so.6.8.1
7f06f5078000-7f06f50c0000 r-xp 00000000 08:06 533234                     /usr/lib/libpango-1.0.so.0.3000.0
7f06f50c0000-7f06f52c0000 ---p 00048000 08:06 533234                     /usr/lib/libpango-1.0.so.0.3000.0
7f06f52c0000-7f06f52c2000 r--p 00048000 08:06 533234                     /usr/lib/libpango-1.0.so.0.3000.0
7f06f52c2000-7f06f52c3000 rw-p 0004a000 08:06 533234                     /usr/lib/libpango-1.0.so.0.3000.0
7f06f52c3000-7f06f53b3000 r-xp 00000000 08:06 527614                     /usr/lib/libcairo.so.2.11200.2
7f06f53b3000-7f06f55b3000 ---p 000f0000 08:06 527614                     /usr/lib/libcairo.so.2.11200.2
7f06f55b3000-7f06f55b7000 rw-p 000f0000 08:06 527614                     /usr/lib/libcairo.so.2.11200.2
7f06f55b7000-7f06f55b8000 rw-p 00000000 00:00 0 
7f06f55b8000-7f06f55d9000 r-xp 00000000 08:06 532661                     /usr/lib/libgdk_pixbuf-2.0.so.0.2600.1
7f06f55d9000-7f06f57d8000 ---p 00021000 08:06 532661                     /usr/lib/libgdk_pixbuf-2.0.so.0.2600.1
7f06f57d8000-7f06f57d9000 r--p 00020000 08:06 532661                     /usr/lib/libgdk_pixbuf-2.0.so.0.2600.1
7f06f57d9000-7f06f57da000 rw-p 00021000 08:06 532661                     /usr/lib/libgdk_pixbuf-2.0.so.0.2600.1
7f06f57da000-7f06f57e5000 r-xp 00000000 08:06 533238                     /usr/lib/libpangocairo-1.0.so.0.3000.0
7f06f57e5000-7f06f59e5000 ---p 0000b000 08:06 533238                     /usr/lib/libpangocairo-1.0.so.0.3000.0
7f06f59e5000-7f06f59e6000 r--p 0000b000 08:06 533238                     /usr/lib/libpangocairo-1.0.so.0.3000.0
7f06f59e6000-7f06f59e7000 rw-p 0000c000 08:06 533238                     /usr/lib/libpangocairo-1.0.so.0.3000.0
7f06f59e7000-7f06f5a12000 r-xp 00000000 08:06 533236                     /usr/lib/libpangoft2-1.0.so.0.3000.0
7f06f5a12000-7f06f5c12000 ---p 0002b000 08:06 533236                     /usr/lib/libpangoft2-1.0.so.0.3000.0
7f06f5c12000-7f06f5c13000 r--p 0002b000 08:06 533236                     /usr/lib/libpangoft2-1.0.so.0.3000.0
7f06f5c13000-7f06f5c14000 rw-p 0002c000 08:06 533236                     /usr/lib/libpangoft2-1.0.so.0.3000.0
7f06f5c14000-7f06f5d59000 r-xp 00000000 08:06 528967                     /usr/lib/libgio-2.0.so.0.3200.2
7f06f5d59000-7f06f5f58000 ---p 00145000 08:06 528967                     /usr/lib/libgio-2.0.so.0.3200.2
7f06f5f58000-7f06f5f5c000 r--p 00144000 08:06 528967                     /usr/lib/libgio-2.0.so.0.3200.2
7f06f5f5c000-7f06f5f5e000 rw-p 00148000 08:06 528967                     /usr/lib/libgio-2.0.so.0.3200.2
7f06f5f5e000-7f06f5f60000 rw-p 00000000 00:00 0 
7f06f5f60000-7f06f5f80000 r-xp 00000000 08:06 533187                     /usr/lib/libatk-1.0.so.0.20409.1
7f06f5f80000-7f06f6180000 ---p 00020000 08:06 533187                     /usr/lib/libatk-1.0.so.0.20409.1
7f06f6180000-7f06f6182000 r--p 00020000 08:06 533187                     /usr/lib/libatk-1.0.so.0.20409.1
7f06f6182000-7f06f6183000 rw-p 00022000 08:06 533187                     /usr/lib/libatk-1.0.so.0.20409.1
7f06f6183000-7f06f6230000 r-xp 00000000 08:06 523419                     /usr/lib/libgdk-x11-2.0.so.0.2400.10
7f06f6230000-7f06f6430000 ---p 000ad000 08:06 523419                     /usr/lib/libgdk-x11-2.0.so.0.2400.10
7f06f6430000-7f06f6434000 r--p 000ad000 08:06 523419                     /usr/lib/libgdk-x11-2.0.so.0.2400.10
7f06f6434000-7f06f6436000 rw-p 000b1000 08:06 523419                     /usr/lib/libgdk-x11-2.0.so.0.2400.10
7f06f6436000-7f06f6858000 r-xp 00000000 08:06 523420                     /usr/lib/libgtk-x11-2.0.so.0.2400.10
7f06f6858000-7f06f6a58000 ---p 00422000 08:06 523420                     /usr/lib/libgtk-x11-2.0.so.0.2400.10
7f06f6a58000-7f06f6a5f000 r--p 00422000 08:06 523420                     /usr/lib/libgtk-x11-2.0.so.0.2400.10
7f06f6a5f000-7f06f6a63000 rw-p 00429000 08:06 523420                     /usr/lib/libgtk-x11-2.0.so.0.2400.10
7f06f6a63000-7f06f6a65000 rw-p 00000000 00:00 0 
7f06f6a65000-7f06f6a73000 r-xp 00000000 08:06 526751                     /usr/lib/libXi.so.6.1.0
7f06f6a73000-7f06f6c72000 ---p 0000e000 08:06 526751                     /usr/lib/libXi.so.6.1.0
7f06f6c72000-7f06f6c73000 r--p 0000d000 08:06 526751                     /usr/lib/libXi.so.6.1.0
7f06f6c73000-7f06f6c74000 rw-p 0000e000 08:06 526751                     /usr/lib/libXi.so.6.1.0
7f06f6c74000-7f06f6c79000 r-xp 00000000 08:06 523793                     /usr/lib/libXtst.so.6.1.0
7f06f6c79000-7f06f6e79000 ---p 00005000 08:06 523793                     /usr/lib/libXtst.so.6.1.0
7f06f6e79000-7f06f6e7a000 r--p 00005000 08:06 523793                     /usr/lib/libXtst.so.6.1.0
7f06f6e7a000-7f06f6e7b000 rw-p 00006000 08:06 523793                     /usr/lib/libXtst.so.6.1.0
7f06f6e7b000-7f06f6e85000 r-xp 00000000 08:06 529110                     /usr/lib/libXrender.so.1.3.0
7f06f6e85000-7f06f7084000 ---p 0000a000 08:06 529110                     /usr/lib/libXrender.so.1.3.0
7f06f7084000-7f06f7085000 r--p 00009000 08:06 529110                     /usr/lib/libXrender.so.1.3.0
7f06f7085000-7f06f7086000 rw-p 0000a000 08:06 529110                     /usr/lib/libXrender.so.1.3.0
7f06f7086000-7f06f71ba000 r-xp 00000000 08:06 531386                     /usr/lib/libX11.so.6.3.0
7f06f71ba000-7f06f73ba000 ---p 00134000 08:06 531386                     /usr/lib/libX11.so.6.3.0
7f06f73ba000-7f06f73bb000 r--p 00134000 08:06 531386                     /usr/lib/libX11.so.6.3.0
7f06f73bb000-7f06f73c0000 rw-p 00135000 08:06 531386                     /usr/lib/libX11.so.6.3.0
7f06f73c0000-7f06f73d2000 r-xp 00000000 08:06 523664                     /usr/lib/libXext.so.6.4.0
7f06f73d2000-7f06f75d1000 ---p 00012000 08:06 523664                     /usr/lib/libXext.so.6.4.0
7f06f75d1000-7f06f75d2000 r--p 00011000 08:06 523664                     /usr/lib/libXext.so.6.4.0
7f06f75d2000-7f06f75d3000 rw-p 00012000 08:06 523664                     /usr/lib/libXext.so.6.4.0
7f06f75d3000-7f06f7625000 r-xp 00000000 08:06 533913                     /usr/lib/jvm/java-7-openjdk/jre/lib/amd64/xawt/libmawt.so
7f06f7625000-7f06f7824000 ---p 00052000 08:06 533913                     /usr/lib/jvm/java-7-openjdk/jre/lib/amd64/xawt/libmawt.so
7f06f7824000-7f06f7828000 rw-p 00051000 08:06 533913                     /usr/lib/jvm/java-7-openjdk/jre/lib/amd64/xawt/libmawt.so
7f06f7828000-7f06f7829000 rw-p 00000000 00:00 0 
7f06f7829000-7f06f78cb000 r-xp 00000000 08:06 525820                     /usr/lib/jvm/java-7-openjdk/jre/lib/amd64/libawt.so
7f06f78cb000-7f06f7acb000 ---p 000a2000 08:06 525820                     /usr/lib/jvm/java-7-openjdk/jre/lib/amd64/libawt.so
7f06f7acb000-7f06f7ad7000 rw-p 000a2000 08:06 525820                     /usr/lib/jvm/java-7-openjdk/jre/lib/amd64/libawt.so
7f06f7ad7000-7f06f7afb000 rw-p 00000000 00:00 0 
7f06f7afb000-7f06f7afc000 ---p 00000000 00:00 0 
7f06f7afc000-7f06f7bfc000 rw-p 00000000 00:00 0 
7f06f7bfc000-7f06f7bff000 ---p 00000000 00:00 0 
7f06f7bff000-7f06f7cfd000 rw-p 00000000 00:00 0 
7f06f7cfd000-7f06f7d00000 ---p 00000000 00:00 0 
7f06f7d00000-7f06f7dfe000 rw-p 00000000 00:00 0 
7f06f7dfe000-7f06f7e01000 ---p 00000000 00:00 0 
7f06f7e01000-7f06f7eff000 rw-p 00000000 00:00 0 
7f06f7eff000-7f06f7f02000 ---p 00000000 00:00 0 
7f06f7f02000-7f06f8000000 rw-p 00000000 00:00 0 
7f06f8000000-7f06f8021000 rw-p 00000000 00:00 0 
7f06f8021000-7f06fc000000 ---p 00000000 00:00 0 
7f06fc01b000-7f06fc09b000 rw-p 00000000 00:00 0 
7f06fc09b000-7f06fc447000 r--p 00000000 08:06 536728                     /usr/lib/locale/locale-archive
7f06fc447000-7f06fc44a000 ---p 00000000 00:00 0 
7f06fc44a000-7f06fc548000 rw-p 00000000 00:00 0 
7f06fc548000-7f06fc54b000 ---p 00000000 00:00 0 
7f06fc54b000-7f06fc649000 rw-p 00000000 00:00 0 
7f06fc649000-7f06fc64a000 ---p 00000000 00:00 0 
7f06fc64a000-7f06fcc4f000 rw-p 00000000 00:00 0 
7f06fcc4f000-7f06fcdfe000 r--s 03e7b000 08:06 524045                     /usr/lib/jvm/java-7-openjdk/jre/lib/rt.jar
7f06fcdfe000-7f06fcdff000 ---p 00000000 00:00 0 
7f06fcdff000-7f06fceff000 rw-p 00000000 00:00 0 
7f06fceff000-7f06fcf00000 ---p 00000000 00:00 0 
7f06fcf00000-7f06fd000000 rw-p 00000000 00:00 0 
7f06fd000000-7f06fd270000 rwxp 00000000 00:00 0 
7f06fd270000-7f07004db000 rw-p 00000000 00:00 0 
7f07004db000-7f0704000000 ---p 00000000 00:00 0 
7f0704010000-7f0704019000 r--s 00263000 08:06 523786                     /usr/lib/jvm/java-7-openjdk/jre/lib/resources.jar
7f0704019000-7f07040f5000 rw-p 00000000 00:00 0 
7f07040f5000-7f07040f6000 ---p 00000000 00:00 0 
7f07040f6000-7f07041f6000 rw-p 00000000 00:00 0 
7f07041f6000-7f07041f7000 ---p 00000000 00:00 0 
7f07041f7000-7f0704302000 rw-p 00000000 00:00 0 
7f0704302000-7f070434a000 rw-p 00000000 00:00 0 
7f070434a000-7f070439d000 rw-p 00000000 00:00 0 
7f070439d000-7f0704870000 rw-p 00000000 00:00 0 
7f0704870000-7f070487b000 rw-p 00000000 00:00 0 
7f070487b000-7f07048c3000 rw-p 00000000 00:00 0 
7f07048c3000-7f0704916000 rw-p 00000000 00:00 0 
7f0704916000-7f0704de8000 rw-p 00000000 00:00 0 
7f0704de8000-7f0704e12000 rw-p 00000000 00:00 0 
7f0704e12000-7f070507b000 rw-p 00000000 00:00 0 
7f070507b000-7f070507c000 rw-p 00000000 00:00 0 
7f070507c000-7f0705084000 r-xp 00000000 08:06 525197                     /usr/lib/jvm/java-7-openjdk/jre/lib/amd64/libzip.so
7f0705084000-7f0705283000 ---p 00008000 08:06 525197                     /usr/lib/jvm/java-7-openjdk/jre/lib/amd64/libzip.so
7f0705283000-7f0705284000 rw-p 00007000 08:06 525197                     /usr/lib/jvm/java-7-openjdk/jre/lib/amd64/libzip.so
7f0705284000-7f0705290000 r-xp 00000000 08:06 1309                       /lib/libnss_files-2.15.so
7f0705290000-7f070548f000 ---p 0000c000 08:06 1309                       /lib/libnss_files-2.15.so
7f070548f000-7f0705490000 r--p 0000b000 08:06 1309                       /lib/libnss_files-2.15.so
7f0705490000-7f0705491000 rw-p 0000c000 08:06 1309                       /lib/libnss_files-2.15.so
7f0705491000-7f07054ba000 r-xp 00000000 08:06 525207                     /usr/lib/jvm/java-7-openjdk/jre/lib/amd64/libjava.so
7f07054ba000-7f07056b9000 ---p 00029000 08:06 525207                     /usr/lib/jvm/java-7-openjdk/jre/lib/amd64/libjava.so
7f07056b9000-7f07056bb000 rw-p 00028000 08:06 525207                     /usr/lib/jvm/java-7-openjdk/jre/lib/amd64/libjava.so
7f07056bb000-7f07056c9000 r-xp 00000000 08:06 525194                     /usr/lib/jvm/java-7-openjdk/jre/lib/amd64/libverify.so
7f07056c9000-7f07058c8000 ---p 0000e000 08:06 525194                     /usr/lib/jvm/java-7-openjdk/jre/lib/amd64/libverify.so
7f07058c8000-7f07058ca000 rw-p 0000d000 08:06 525194                     /usr/lib/jvm/java-7-openjdk/jre/lib/amd64/libverify.so
7f07058ca000-7f07058d1000 r-xp 00000000 08:06 1288                       /lib/librt-2.15.so
7f07058d1000-7f0705ad0000 ---p 00007000 08:06 1288                       /lib/librt-2.15.so
7f0705ad0000-7f0705ad1000 r--p 00006000 08:06 1288                       /lib/librt-2.15.so
7f0705ad1000-7f0705ad2000 rw-p 00007000 08:06 1288                       /lib/librt-2.15.so
7f0705ad2000-7f0705ae7000 r-xp 00000000 08:06 526089                     /usr/lib/libgcc_s.so.1
7f0705ae7000-7f0705ce6000 ---p 00015000 08:06 526089                     /usr/lib/libgcc_s.so.1
7f0705ce6000-7f0705ce7000 rw-p 00014000 08:06 526089                     /usr/lib/libgcc_s.so.1
7f0705ce7000-7f0705dda000 r-xp 00000000 08:06 1293                       /lib/libm-2.15.so
7f0705dda000-7f0705fda000 ---p 000f3000 08:06 1293                       /lib/libm-2.15.so
7f0705fda000-7f0705fdb000 r--p 000f3000 08:06 1293                       /lib/libm-2.15.so
7f0705fdb000-7f0705fdc000 rw-p 000f4000 08:06 1293                       /lib/libm-2.15.so
7f0705fdc000-7f07060c1000 r-xp 00000000 08:06 526567                     /usr/lib/libstdc++.so.6.0.17
7f07060c1000-7f07062c1000 ---p 000e5000 08:06 526567                     /usr/lib/libstdc++.so.6.0.17
7f07062c1000-7f07062c9000 r--p 000e5000 08:06 526567                     /usr/lib/libstdc++.so.6.0.17
7f07062c9000-7f07062cb000 rw-p 000ed000 08:06 526567                     /usr/lib/libstdc++.so.6.0.17
7f07062cb000-7f07062e0000 rw-p 00000000 00:00 0 
7f07062e0000-7f0706c73000 r-xp 00000000 08:06 525849                     /usr/lib/jvm/java-7-openjdk/jre/lib/amd64/server/libjvm.so
7f0706c73000-7f0706e73000 ---p 00993000 08:06 525849                     /usr/lib/jvm/java-7-openjdk/jre/lib/amd64/server/libjvm.so
7f0706e73000-7f0706f0f000 rw-p 00993000 08:06 525849                     /usr/lib/jvm/java-7-openjdk/jre/lib/amd64/server/libjvm.so
7f0706f0f000-7f0706f39000 rw-p 00000000 00:00 0 
7f0706f39000-7f07070d0000 r-xp 00000000 08:06 1304                       /lib/libc-2.15.so
7f07070d0000-7f07072d0000 ---p 00197000 08:06 1304                       /lib/libc-2.15.so
7f07072d0000-7f07072d4000 r--p 00197000 08:06 1304                       /lib/libc-2.15.so
7f07072d4000-7f07072d6000 rw-p 0019b000 08:06 1304                       /lib/libc-2.15.so
7f07072d6000-7f07072da000 rw-p 00000000 00:00 0 
7f07072da000-7f07072dd000 r-xp 00000000 08:06 1292                       /lib/libdl-2.15.so
7f07072dd000-7f07074dc000 ---p 00003000 08:06 1292                       /lib/libdl-2.15.so
7f07074dc000-7f07074dd000 r--p 00002000 08:06 1292                       /lib/libdl-2.15.so
7f07074dd000-7f07074de000 rw-p 00003000 08:06 1292                       /lib/libdl-2.15.so
7f07074de000-7f07074f3000 r-xp 00000000 08:06 528979                     /usr/lib/libz.so.1.2.7
7f07074f3000-7f07076f2000 ---p 00015000 08:06 528979                     /usr/lib/libz.so.1.2.7
7f07076f2000-7f07076f3000 r--p 00014000 08:06 528979                     /usr/lib/libz.so.1.2.7
7f07076f3000-7f07076f4000 rw-p 00015000 08:06 528979                     /usr/lib/libz.so.1.2.7
7f07076f4000-7f0707700000 r-xp 00000000 08:06 526062                     /usr/lib/jvm/java-7-openjdk/jre/lib/amd64/jli/libjli.so
7f0707700000-7f0707900000 ---p 0000c000 08:06 526062                     /usr/lib/jvm/java-7-openjdk/jre/lib/amd64/jli/libjli.so
7f0707900000-7f0707901000 rw-p 0000c000 08:06 526062                     /usr/lib/jvm/java-7-openjdk/jre/lib/amd64/jli/libjli.so
7f0707901000-7f0707918000 r-xp 00000000 08:06 929                        /lib/libpthread-2.15.so
7f0707918000-7f0707b17000 ---p 00017000 08:06 929                        /lib/libpthread-2.15.so
7f0707b17000-7f0707b18000 r--p 00016000 08:06 929                        /lib/libpthread-2.15.so
7f0707b18000-7f0707b19000 rw-p 00017000 08:06 929                        /lib/libpthread-2.15.so
7f0707b19000-7f0707b1d000 rw-p 00000000 00:00 0 
7f0707b1d000-7f0707b3e000 r-xp 00000000 08:06 1312                       /lib/ld-2.15.so
7f0707b43000-7f0707b47000 r--s 000a0000 08:06 523715                     /usr/lib/jvm/java-7-openjdk/jre/lib/jsse.jar
7f0707b47000-7f0707b51000 rw-p 00000000 00:00 0 
7f0707b51000-7f0707c07000 rw-p 00000000 00:00 0 
7f0707c07000-7f0707c0a000 ---p 00000000 00:00 0 
7f0707c0a000-7f0707d0d000 rw-p 00000000 00:00 0 
7f0707d0d000-7f0707d0e000 rw-s 00005000 00:05 9111                       /dev/ati/card1
7f0707d0e000-7f0707d2e000 rw-s feae0000 00:05 9111                       /dev/ati/card1
7f0707d2e000-7f0707d30000 rw-s 00002000 00:05 9111                       /dev/ati/card1
7f0707d30000-7f0707d33000 r--s 0000f000 08:06 526356                     /usr/lib/jvm/java-7-openjdk/jre/lib/ext/pulse-java.jar
7f0707d33000-7f0707d3b000 rw-s 00000000 08:06 265760                     /tmp/hsperfdata_tobi/9854 (deleted)
7f0707d3b000-7f0707d3c000 rw-p 00000000 00:00 0 
7f0707d3c000-7f0707d3d000 ---p 00000000 00:00 0 
7f0707d3d000-7f0707d3e000 rw-p 00000000 00:00 0 
7f0707d3e000-7f0707d3f000 r--p 00021000 08:06 1312                       /lib/ld-2.15.so
7f0707d3f000-7f0707d40000 rw-p 00022000 08:06 1312                       /lib/ld-2.15.so
7f0707d40000-7f0707d41000 rw-p 00000000 00:00 0 
7fffaddb6000-7fffaddd7000 rw-p 00000000 00:00 0                          [stack]
7fffaddff000-7fffade00000 r-xp 00000000 00:00 0                          [vdso]
ffffffffff600000-ffffffffff601000 r-xp 00000000 00:00 0                  [vsyscall]

VM Arguments:
jvm_args: -Dsun.java2d.opengl=True -Dfile.encoding=UTF-8 
java_command: bombi.BombiGui
Launcher Type: SUN_STANDARD

Environment Variables:
JAVA_HOME=/usr/lib/jvm/java-7-openjdk
PATH=/usr/local/bin:/usr/bin:/bin:/usr/local/sbin:/usr/sbin:/sbin:/opt/android-sdk/platform-tools:/opt/android-sdk/tools:/usr/bin/vendor_perl:/usr/bin/core_perl:/opt/qt/bin
SHELL=/bin/bash
DISPLAY=:0.0

Signal Handlers:
SIGSEGV: [libjvm.so+0x807d30], sa_mask[0]=0x7ffbfeff, sa_flags=0x10000004
SIGBUS: [libjvm.so+0x807d30], sa_mask[0]=0x7ffbfeff, sa_flags=0x10000004
SIGFPE: [libjvm.so+0x6ac970], sa_mask[0]=0x7ffbfeff, sa_flags=0x10000004
SIGPIPE: [libjvm.so+0x6ac970], sa_mask[0]=0x7ffbfeff, sa_flags=0x10000004
SIGXFSZ: [libjvm.so+0x6ac970], sa_mask[0]=0x7ffbfeff, sa_flags=0x10000004
SIGILL: [libjvm.so+0x6ac970], sa_mask[0]=0x7ffbfeff, sa_flags=0x10000004
SIGUSR1: SIG_DFL, sa_mask[0]=0x00000000, sa_flags=0x00000000
SIGUSR2: [libjvm.so+0x6acd40], sa_mask[0]=0x00000004, sa_flags=0x10000004
SIGHUP: [libjvm.so+0x6ace80], sa_mask[0]=0x7ffbfeff, sa_flags=0x10000004
SIGINT: [libjvm.so+0x6ace80], sa_mask[0]=0x7ffbfeff, sa_flags=0x10000004
SIGTERM: [libjvm.so+0x6ace80], sa_mask[0]=0x7ffbfeff, sa_flags=0x10000004
SIGQUIT: [libjvm.so+0x6ace80], sa_mask[0]=0x7ffbfeff, sa_flags=0x10000004


---------------  S Y S T E M  ---------------

OS:Linux
uname:Linux 3.3.6-1-ARCH #1 SMP PREEMPT Sun May 13 10:52:32 CEST 2012 x86_64
libc:glibc 2.15 NPTL 2.15 
rlimit: STACK 8192k, CORE 0k, NPROC 125839, NOFILE 4096, AS infinity
load average:1.61 1.69 1.90

/proc/meminfo:
MemTotal:       16180360 kB
MemFree:         9103732 kB
Buffers:         1037092 kB
Cached:          3226332 kB
SwapCached:            0 kB
Active:          3410684 kB
Inactive:        2727368 kB
Active(anon):    1875536 kB
Inactive(anon):    47308 kB
Active(file):    1535148 kB
Inactive(file):  2680060 kB
Unevictable:           0 kB
Mlocked:               0 kB
SwapTotal:             0 kB
SwapFree:              0 kB
Dirty:               180 kB
Writeback:             0 kB
AnonPages:       1872448 kB
Mapped:           324680 kB
Shmem:             48228 kB
Slab:             516948 kB
SReclaimable:     440376 kB
SUnreclaim:        76572 kB
KernelStack:        4464 kB
PageTables:        42616 kB
NFS_Unstable:          0 kB
Bounce:                0 kB
WritebackTmp:          0 kB
CommitLimit:     8090180 kB
Committed_AS:    4207212 kB
VmallocTotal:   34359738367 kB
VmallocUsed:      362644 kB
VmallocChunk:   34359374303 kB
HardwareCorrupted:     0 kB
AnonHugePages:    923648 kB
HugePages_Total:       0
HugePages_Free:        0
HugePages_Rsvd:        0
HugePages_Surp:        0
Hugepagesize:       2048 kB
DirectMap4k:      639488 kB
DirectMap2M:     8534016 kB
DirectMap1G:     7340032 kB


CPU:total 4 (4 cores per cpu, 1 threads per core) family 16 model 5 stepping 2, cmov, cx8, fxsr, mmx, sse, sse2, sse3, popcnt, mmxext, 3dnowpref, lzcnt, sse4a

/proc/cpuinfo:
processor	: 0
vendor_id	: AuthenticAMD
cpu family	: 16
model		: 5
model name	: AMD Athlon(tm) II X4 620 Processor
stepping	: 2
microcode	: 0x10000c6
cpu MHz		: 2600.000
cache size	: 512 KB
physical id	: 0
siblings	: 4
core id		: 0
cpu cores	: 4
apicid		: 0
initial apicid	: 0
fpu		: yes
fpu_exception	: yes
cpuid level	: 5
wp		: yes
flags		: fpu vme de pse tsc msr pae mce cx8 apic sep mtrr pge mca cmov pat pse36 clflush mmx fxsr sse sse2 ht syscall nx mmxext fxsr_opt pdpe1gb rdtscp lm 3dnowext 3dnow constant_tsc rep_good nopl nonstop_tsc extd_apicid pni monitor cx16 popcnt lahf_lm cmp_legacy svm extapic cr8_legacy abm sse4a misalignsse 3dnowprefetch osvw ibs skinit wdt nodeid_msr npt lbrv svm_lock nrip_save
bogomips	: 5225.40
TLB size	: 1024 4K pages
clflush size	: 64
cache_alignment	: 64
address sizes	: 48 bits physical, 48 bits virtual
power management: ts ttp tm stc 100mhzsteps hwpstate

processor	: 1
vendor_id	: AuthenticAMD
cpu family	: 16
model		: 5
model name	: AMD Athlon(tm) II X4 620 Processor
stepping	: 2
microcode	: 0x10000c6
cpu MHz		: 800.000
cache size	: 512 KB
physical id	: 0
siblings	: 4
core id		: 1
cpu cores	: 4
apicid		: 1
initial apicid	: 1
fpu		: yes
fpu_exception	: yes
cpuid level	: 5
wp		: yes
flags		: fpu vme de pse tsc msr pae mce cx8 apic sep mtrr pge mca cmov pat pse36 clflush mmx fxsr sse sse2 ht syscall nx mmxext fxsr_opt pdpe1gb rdtscp lm 3dnowext 3dnow constant_tsc rep_good nopl nonstop_tsc extd_apicid pni monitor cx16 popcnt lahf_lm cmp_legacy svm extapic cr8_legacy abm sse4a misalignsse 3dnowprefetch osvw ibs skinit wdt nodeid_msr npt lbrv svm_lock nrip_save
bogomips	: 5225.40
TLB size	: 1024 4K pages
clflush size	: 64
cache_alignment	: 64
address sizes	: 48 bits physical, 48 bits virtual
power management: ts ttp tm stc 100mhzsteps hwpstate

processor	: 2
vendor_id	: AuthenticAMD
cpu family	: 16
model		: 5
model name	: AMD Athlon(tm) II X4 620 Processor
stepping	: 2
microcode	: 0x10000c6
cpu MHz		: 800.000
cache size	: 512 KB
physical id	: 0
siblings	: 4
core id		: 2
cpu cores	: 4
apicid		: 2
initial apicid	: 2
fpu		: yes
fpu_exception	: yes
cpuid level	: 5
wp		: yes
flags		: fpu vme de pse tsc msr pae mce cx8 apic sep mtrr pge mca cmov pat pse36 clflush mmx fxsr sse sse2 ht syscall nx mmxext fxsr_opt pdpe1gb rdtscp lm 3dnowext 3dnow constant_tsc rep_good nopl nonstop_tsc extd_apicid pni monitor cx16 popcnt lahf_lm cmp_legacy svm extapic cr8_legacy abm sse4a misalignsse 3dnowprefetch osvw ibs skinit wdt nodeid_msr npt lbrv svm_lock nrip_save
bogomips	: 5225.40
TLB size	: 1024 4K pages
clflush size	: 64
cache_alignment	: 64
address sizes	: 48 bits physical, 48 bits virtual
power management: ts ttp tm stc 100mhzsteps hwpstate

processor	: 3
vendor_id	: AuthenticAMD
cpu family	: 16
model		: 5
model name	: AMD Athlon(tm) II X4 620 Processor
stepping	: 2
microcode	: 0x10000c6
cpu MHz		: 2600.000
cache size	: 512 KB
physical id	: 0
siblings	: 4
core id		: 3
cpu cores	: 4
apicid		: 3
initial apicid	: 3
fpu		: yes
fpu_exception	: yes
cpuid level	: 5
wp		: yes
flags		: fpu vme de pse tsc msr pae mce cx8 apic sep mtrr pge mca cmov pat pse36 clflush mmx fxsr sse sse2 ht syscall nx mmxext fxsr_opt pdpe1gb rdtscp lm 3dnowext 3dnow constant_tsc rep_good nopl nonstop_tsc extd_apicid pni monitor cx16 popcnt lahf_lm cmp_legacy svm extapic cr8_legacy abm sse4a misalignsse 3dnowprefetch osvw ibs skinit wdt nodeid_msr npt lbrv svm_lock nrip_save
bogomips	: 5225.40
TLB size	: 1024 4K pages
clflush size	: 64
cache_alignment	: 64
address sizes	: 48 bits physical, 48 bits virtual
power management: ts ttp tm stc 100mhzsteps hwpstate



Memory: 4k page, physical 16180360k(9103732k free), swap 0k(0k free)

vm_info: OpenJDK 64-Bit Server VM (22.0-b10) for linux-amd64 JRE (1.7.0_03-b147), built on Mar  6 2012 20:02:29 by "nobody" with gcc 4.6.3

time: Wed May 16 23:18:42 2012
elapsed time: 201 seconds

