#
# A fatal error has been detected by the Java Runtime Environment:
#
#  SIGSEGV (0xb) at pc=0x00007f2e22e102a8, pid=9519, tid=139836220901120
#
# JRE version: 7.0_03-b147
# Java VM: OpenJDK 64-Bit Server VM (22.0-b10 mixed mode linux-amd64 compressed oops)
# Derivative: IcedTea7 2.1
# Distribution: Custom build (Tue Mar  6 19:52:34 UTC 2012)
# Problematic frame:
# C  [libX11.so.6+0x382a8]  XQueryExtension+0x28
#
# Failed to write core dump. Core dumps have been disabled. To enable core dumping, try "ulimit -c unlimited" before starting Java again
#
# If you would like to submit a bug report, please include
# instructions on how to reproduce the bug and visit:
#   http://icedtea.classpath.org/bugzilla
#

---------------  T H R E A D  ---------------

Current thread (0x00007f2e2c09d000):  VMThread [stack: 0x00007f2e28360000,0x00007f2e28461000] [id=9529]

siginfo:si_signo=SIGSEGV: si_errno=0, si_code=1 (SEGV_MAPERR), si_addr=0x000000002c1c7d88

Registers:
RAX=0x00007f2e040008c0, RBX=0x000000002c1c7420, RCX=0x00007f2e2845f758, RDX=0x00007f2e2845f754
RSP=0x00007f2e2845f6f0, RBP=0x00007f2e137c8932, RSI=0x00007f2e137c8932, RDI=0x000000002c1c7420
R8 =0x00007f2e2845f75c, R9 =0x0000000000000000, R10=0x00007f2e2845f5b0, R11=0x00007f2e32c31ad0
R12=0x0000000000000000, R13=0x00007f2e137c8932, R14=0x00007f2e040008c0, R15=0x0000000000000000
RIP=0x00007f2e22e102a8, EFLAGS=0x0000000000010206, CSGSFS=0x0000000000000033, ERR=0x0000000000000004
  TRAPNO=0x000000000000000e

Top of Stack: (sp=0x00007f2e2845f6f0)
0x00007f2e2845f6f0:   0000000000000000 00007f2e2845f770
0x00007f2e2845f700:   00007f2e2845f771 00007f2e337f64e5
0x00007f2e2845f710:   0000000000000000 000000002c1c7420
0x00007f2e2845f720:   00007f2e137c8932 0000000000000000
0x00007f2e2845f730:   00007f2e137c8932 00007f2e040008c0
0x00007f2e2845f740:   0000000000000000 00007f2e22e04285
0x00007f2e2845f750:   0000000000000000 00007f2e32c76b20
0x00007f2e2845f760:   00007f2e13901520 000000002c1c7420
0x00007f2e2845f770:   00007f2e2c1cfc80 00007f2e23120b1b
0x00007f2e2845f780:   00007f2e00000005 0000001100000000
0x00007f2e2845f790:   00007f2e00000005 0000000000000000
0x00007f2e2845f7a0:   00007f2e2845f810 000000002c1c7420
0x00007f2e2845f7b0:   00007f2e2845fa10 00007f2e2845fa88
0x00007f2e2845f7c0:   00007f2e1391ad50 00007f2e1376f119
0x00007f2e2845f7d0:   0000000000000000 00007f2e2c1cfd30
0x00007f2e2845f7e0:   00007f2e2845f810 00007f2e13b7d008
0x00007f2e2845f7f0:   00007f2e2845fa10 00007f2e2845fa88
0x00007f2e2845f800:   00000000ffffffff 00007f2e13765b42
0x00007f2e2845f810:   00007f2e2845fb00 00007f2e137c88b1
0x00007f2e2845f820:   00007f2e2845fb00 00007f2e337ecf5f
0x00007f2e2845f830:   00007f2e33a01170 00007f2e33a01700
0x00007f2e2845f840:   00007f2e339cd000 00007f2e2c005900
0x00007f2e2845f850:   00007f2e2c00a110 00007f2e2c17af30
0x00007f2e2845f860:   00007f2e2c178d90 00007f2e2c0021f0
0x00007f2e2845f870:   00007f2e2c001b30 0000000001fe1560
0x00007f2e2845f880:   0000000001fe1a30 0000000001fe2370
0x00007f2e2845f890:   00007f2e2c17c3b0 00007f2e2c17cd40
0x00007f2e2845f8a0:   00007f2e2c17d250 00007f2e2c17c850
0x00007f2e2845f8b0:   00007f2e2c17d760 00007f2e2c17e670
0x00007f2e2845f8c0:   00007f2e2c17e160 00007f2e2c17eb80
0x00007f2e2845f8d0:   00007f2e2c17dc60 00007f2e2c17f080
0x00007f2e2845f8e0:   00007f2e2c17f570 00007f2e2c17ff90 

Instructions: (pc=0x00007f2e22e102a8)
0x00007f2e22e10288:   24 d8 48 89 fb 4c 89 64 24 e0 4c 89 6c 24 e8 48
0x00007f2e22e10298:   89 f5 4c 89 74 24 f0 4c 89 7c 24 f8 48 83 ec 58
0x00007f2e22e102a8:   48 8b 87 68 09 00 00 49 89 d4 49 89 cd 4d 89 c6
0x00007f2e22e102b8:   48 85 c0 74 02 ff 10 ba 08 00 00 00 be 62 00 00 

Register to memory mapping:

RAX=0x00007f2e040008c0 is an unknown value
RBX=0x000000002c1c7420 is an unknown value
RCX=0x00007f2e2845f758 is an unknown value
RDX=0x00007f2e2845f754 is an unknown value
RSP=0x00007f2e2845f6f0 is an unknown value
RBP=0x00007f2e137c8932: <offset 0x96932> in /usr/lib/libGL.so.1 at 0x00007f2e13732000
RSI=0x00007f2e137c8932: <offset 0x96932> in /usr/lib/libGL.so.1 at 0x00007f2e13732000
RDI=0x000000002c1c7420 is an unknown value
R8 =0x00007f2e2845f75c is an unknown value
R9 =0x0000000000000000 is an unknown value
R10=0x00007f2e2845f5b0 is an unknown value
R11=0x00007f2e32c31ad0: __cxa_finalize+0 in /lib/libc.so.6 at 0x00007f2e32bfa000
R12=0x0000000000000000 is an unknown value
R13=0x00007f2e137c8932: <offset 0x96932> in /usr/lib/libGL.so.1 at 0x00007f2e13732000
R14=0x00007f2e040008c0 is an unknown value
R15=0x0000000000000000 is an unknown value


Stack: [0x00007f2e28360000,0x00007f2e28461000],  sp=0x00007f2e2845f6f0,  free space=1021k
Native frames: (J=compiled Java code, j=interpreted, Vv=VM code, C=native code)
C  [libX11.so.6+0x382a8]  XQueryExtension+0x28

VM_Operation (0x00007f2e10457de0): Exit, mode: safepoint, requested by thread 0x00007f2e2c4c7800


---------------  P R O C E S S  ---------------

Java Threads: ( => current thread )
  0x00007f2e2c006000 JavaThread "DestroyJavaVM" [_thread_blocked, id=9524, stack(0x00007f2e338c8000,0x00007f2e339c9000)]
  0x00007f2e2c4ca800 JavaThread "Thread-0" [_thread_blocked, id=9543, stack(0x00007f2e10259000,0x00007f2e1035a000)]
  0x00007f2e2c4c7800 JavaThread "AWT-EventQueue-0" [_thread_blocked, id=9542, stack(0x00007f2e1035a000,0x00007f2e1045b000)]
  0x00007f2e2c4c5800 JavaThread "AWT-Shutdown" [_thread_blocked, id=9541, stack(0x00007f2e1045b000,0x00007f2e1055c000)]
  0x00007f2e2c42f000 JavaThread "AWT-XAWT" daemon [_thread_blocked, id=9540, stack(0x00007f2e1067b000,0x00007f2e1077c000)]
  0x00007f2e2c3e5000 JavaThread "Java2D Disposer" daemon [_thread_blocked, id=9539, stack(0x00007f2e1077c000,0x00007f2e1087d000)]
  0x00007f2e2c3e2800 JavaThread "Java2D Queue Flusher" daemon [_thread_blocked, id=9538, stack(0x00007f2e10905000,0x00007f2e10a06000)]
  0x00007f2e2c106000 JavaThread "Service Thread" daemon [_thread_blocked, id=9535, stack(0x00007f2e23951000,0x00007f2e23a52000)]
  0x00007f2e2c103800 JavaThread "C2 CompilerThread1" daemon [_thread_blocked, id=9534, stack(0x00007f2e23a52000,0x00007f2e23b53000)]
  0x00007f2e2c101000 JavaThread "C2 CompilerThread0" daemon [_thread_blocked, id=9533, stack(0x00007f2e23b53000,0x00007f2e23c54000)]
  0x00007f2e2c0fe800 JavaThread "Signal Dispatcher" daemon [_thread_blocked, id=9532, stack(0x00007f2e2805d000,0x00007f2e2815e000)]
  0x00007f2e2c0a8000 JavaThread "Finalizer" daemon [_thread_blocked, id=9531, stack(0x00007f2e2815e000,0x00007f2e2825f000)]
  0x00007f2e2c0a5800 JavaThread "Reference Handler" daemon [_thread_blocked, id=9530, stack(0x00007f2e2825f000,0x00007f2e28360000)]

Other Threads:
=>0x00007f2e2c09d000 VMThread [stack: 0x00007f2e28360000,0x00007f2e28461000] [id=9529]

VM state:at safepoint (shutting down)

VM Mutex/Monitor currently owned by a thread:  ([mutex/lock_event])
[0x00007f2e2c003f50] Threads_lock - owner thread: 0x00007f2e2c09d000

Heap
 PSYoungGen      total 73792K, used 48248K [0x00000007adab0000, 0x00000007b2d00000, 0x0000000800000000)
  eden space 63296K, 76% used [0x00000007adab0000,0x00000007b09ce390,0x00000007b1880000)
  from space 10496K, 0% used [0x00000007b22c0000,0x00000007b22c0000,0x00000007b2d00000)
  to   space 10496K, 0% used [0x00000007b1880000,0x00000007b1880000,0x00000007b22c0000)
 PSOldGen        total 168576K, used 0K [0x0000000709000000, 0x00000007134a0000, 0x00000007adab0000)
  object space 168576K, 0% used [0x0000000709000000,0x0000000709000000,0x00000007134a0000)
 PSPermGen       total 21248K, used 10156K [0x00000006fea00000, 0x00000006ffec0000, 0x0000000709000000)
  object space 21248K, 47% used [0x00000006fea00000,0x00000006ff3eb300,0x00000006ffec0000)

Code Cache  [0x00007f2e29000000, 0x00007f2e29270000, 0x00007f2e2c000000)
 total_blobs=481 nmethods=71 adapters=364 free_code_cache=48452Kb largest_free_block=49590592

Dynamic libraries:
00400000-00401000 r-xp 00000000 08:06 533859                             /usr/lib/jvm/java-7-openjdk/jre/bin/java
00600000-00601000 rw-p 00000000 08:06 533859                             /usr/lib/jvm/java-7-openjdk/jre/bin/java
01fe1000-02002000 rw-p 00000000 00:00 0                                  [heap]
6fea00000-6ffec0000 rw-p 00000000 00:00 0 
6ffec0000-709000000 rw-p 00000000 00:00 0 
709000000-7134a0000 rw-p 00000000 00:00 0 
7134a0000-7adab0000 rw-p 00000000 00:00 0 
7adab0000-7b2d00000 rw-p 00000000 00:00 0 
7b2d00000-800000000 rw-p 00000000 00:00 0 
7f2dc4000000-7f2dc4021000 rw-p 00000000 00:00 0 
7f2dc4021000-7f2dc8000000 ---p 00000000 00:00 0 
7f2dcbeff000-7f2dcbf02000 ---p 00000000 00:00 0 
7f2dcbf02000-7f2dcc000000 rw-p 00000000 00:00 0 
7f2dcc000000-7f2dcc021000 rw-p 00000000 00:00 0 
7f2dcc021000-7f2dd0000000 ---p 00000000 00:00 0 
7f2dd3afd000-7f2dd3b00000 ---p 00000000 00:00 0 
7f2dd3b00000-7f2dd3bfe000 rw-p 00000000 00:00 0 
7f2dd3bfe000-7f2dd3dff000 rw-s d561b000 00:05 1869                       /dev/ati/card1
7f2dd3dff000-7f2dd4000000 rw-s d541b000 00:05 1869                       /dev/ati/card1
7f2dd4000000-7f2dd41b7000 rw-p 00000000 00:00 0 
7f2dd41b7000-7f2dd8000000 ---p 00000000 00:00 0 
7f2dd8000000-7f2dd809d000 rw-p 00000000 00:00 0 
7f2dd809d000-7f2ddc000000 ---p 00000000 00:00 0 
7f2ddc000000-7f2ddc030000 rw-p 00000000 00:00 0 
7f2ddc030000-7f2de0000000 ---p 00000000 00:00 0 
7f2de0000000-7f2de0021000 rw-p 00000000 00:00 0 
7f2de0021000-7f2de4000000 ---p 00000000 00:00 0 
7f2de4000000-7f2de4ca9000 rw-p 00000000 00:00 0 
7f2de4ca9000-7f2de8000000 ---p 00000000 00:00 0 
7f2de8000000-7f2de8021000 rw-p 00000000 00:00 0 
7f2de8021000-7f2dec000000 ---p 00000000 00:00 0 
7f2dec000000-7f2dec021000 rw-p 00000000 00:00 0 
7f2dec021000-7f2df0000000 ---p 00000000 00:00 0 
7f2df0000000-7f2df0021000 rw-p 00000000 00:00 0 
7f2df0021000-7f2df4000000 ---p 00000000 00:00 0 
7f2df4000000-7f2df43f3000 rw-p 00000000 00:00 0 
7f2df43f3000-7f2df8000000 ---p 00000000 00:00 0 
7f2df8000000-7f2df8497000 rw-p 00000000 00:00 0 
7f2df8497000-7f2dfc000000 ---p 00000000 00:00 0 
7f2dfc000000-7f2dfc021000 rw-p 00000000 00:00 0 
7f2dfc021000-7f2e00000000 ---p 00000000 00:00 0 
7f2e00000000-7f2e00021000 rw-p 00000000 00:00 0 
7f2e00021000-7f2e04000000 ---p 00000000 00:00 0 
7f2e04000000-7f2e04021000 rw-p 00000000 00:00 0 
7f2e04021000-7f2e08000000 ---p 00000000 00:00 0 
7f2e08000000-7f2e08021000 rw-p 00000000 00:00 0 
7f2e08021000-7f2e0c000000 ---p 00000000 00:00 0 
7f2e0c000000-7f2e0c021000 rw-p 00000000 00:00 0 
7f2e0c021000-7f2e10000000 ---p 00000000 00:00 0 
7f2e10159000-7f2e10259000 rw-s 0427c000 00:05 1869                       /dev/ati/card1
7f2e10259000-7f2e1025c000 ---p 00000000 00:00 0 
7f2e1025c000-7f2e1035a000 rw-p 00000000 00:00 0 
7f2e1035a000-7f2e1035d000 ---p 00000000 00:00 0 
7f2e1035d000-7f2e1045b000 rw-p 00000000 00:00 0 
7f2e1045b000-7f2e1045e000 ---p 00000000 00:00 0 
7f2e1045e000-7f2e1055c000 rw-p 00000000 00:00 0 
7f2e1055c000-7f2e1055d000 r--s 00000000 00:11 27270                      /home/tobi/.fontconfig/5604230ae2129cf9aeedc64ab4ef6938-le64.cache-3
7f2e1055d000-7f2e10573000 r--s 00000000 08:07 22836                      /var/cache/fontconfig/8d4af663993b81a124ee82e610bb31f9-le64.cache-3
7f2e10573000-7f2e1057c000 r--s 00000000 08:07 26938                      /var/cache/fontconfig/d62e99ef547d1d24cdb1bd22ec1a2976-le64.cache-3
7f2e1057c000-7f2e105c1000 r--s 00000000 08:07 26937                      /var/cache/fontconfig/f6b893a7224233d96cb72fd88691c0b4-le64.cache-3
7f2e105c1000-7f2e1061e000 r--s 00000000 08:07 26936                      /var/cache/fontconfig/17090aa38d5c6f09fb8c5c354938f1d7-le64.cache-3
7f2e1061e000-7f2e1067b000 r--s 00000000 08:07 26934                      /var/cache/fontconfig/df311e82a1a24c41a75c2c930223552e-le64.cache-3
7f2e1067b000-7f2e1067e000 ---p 00000000 00:00 0 
7f2e1067e000-7f2e1077c000 rw-p 00000000 00:00 0 
7f2e1077c000-7f2e1077f000 ---p 00000000 00:00 0 
7f2e1077f000-7f2e108c5000 rw-p 00000000 00:00 0 
7f2e108c5000-7f2e10905000 rw-s 00030000 00:05 1869                       /dev/ati/card1
7f2e10905000-7f2e10908000 ---p 00000000 00:00 0 
7f2e10908000-7f2e10a06000 rw-p 00000000 00:00 0 
7f2e10a06000-7f2e11106000 rw-s 00006000 00:05 1869                       /dev/ati/card1
7f2e11106000-7f2e11206000 rw-p 00000000 00:00 0 
7f2e11206000-7f2e11241000 r-xp 00000000 08:06 527355                     /usr/lib/libatiadlxx.so
7f2e11241000-7f2e11341000 ---p 0003b000 08:06 527355                     /usr/lib/libatiadlxx.so
7f2e11341000-7f2e1134a000 rw-p 0003b000 08:06 527355                     /usr/lib/libatiadlxx.so
7f2e1134a000-7f2e1135b000 rw-p 00000000 00:00 0 
7f2e1135b000-7f2e11362000 r-xp 00000000 08:06 526968                     /usr/lib/libatiuki.so.1.0
7f2e11362000-7f2e11462000 ---p 00007000 08:06 526968                     /usr/lib/libatiuki.so.1.0
7f2e11462000-7f2e11463000 rw-p 00007000 08:06 526968                     /usr/lib/libatiuki.so.1.0
7f2e11463000-7f2e11464000 rw-p 00000000 00:00 0 
7f2e11464000-7f2e133be000 r-xp 00000000 08:06 527438                     /usr/lib/xorg/modules/dri/fglrx_dri.so
7f2e133be000-7f2e134be000 ---p 01f5a000 08:06 527438                     /usr/lib/xorg/modules/dri/fglrx_dri.so
7f2e134be000-7f2e1360c000 rwxp 01f5a000 08:06 527438                     /usr/lib/xorg/modules/dri/fglrx_dri.so
7f2e1360c000-7f2e13732000 rwxp 00000000 00:00 0 
7f2e13732000-7f2e137f5000 r-xp 00000000 08:06 531369                     /usr/lib/fglrx/fglrx-libGL.so.1.2
7f2e137f5000-7f2e138f4000 ---p 000c3000 08:06 531369                     /usr/lib/fglrx/fglrx-libGL.so.1.2
7f2e138f4000-7f2e1391b000 rwxp 000c2000 08:06 531369                     /usr/lib/fglrx/fglrx-libGL.so.1.2
7f2e1391b000-7f2e1393b000 rwxp 00000000 00:00 0 
7f2e1393b000-7f2e1397d000 r-xp 00000000 08:06 527897                     /usr/lib/libdbus-1.so.3.5.9
7f2e1397d000-7f2e13b7d000 ---p 00042000 08:06 527897                     /usr/lib/libdbus-1.so.3.5.9
7f2e13b7d000-7f2e13b7f000 rw-p 00042000 08:06 527897                     /usr/lib/libdbus-1.so.3.5.9
7f2e13b7f000-7f2e13b90000 r-xp 00000000 08:06 533797                     /usr/lib/libp11-kit.so.0.0.0
7f2e13b90000-7f2e13d8f000 ---p 00011000 08:06 533797                     /usr/lib/libp11-kit.so.0.0.0
7f2e13d8f000-7f2e13d90000 r--p 00010000 08:06 533797                     /usr/lib/libp11-kit.so.0.0.0
7f2e13d90000-7f2e13d91000 rw-p 00011000 08:06 533797                     /usr/lib/libp11-kit.so.0.0.0
7f2e13d91000-7f2e13df6000 r-xp 00000000 08:06 527102                     /usr/lib/libgmp.so.10.0.5
7f2e13df6000-7f2e13ff6000 ---p 00065000 08:06 527102                     /usr/lib/libgmp.so.10.0.5
7f2e13ff6000-7f2e13ff7000 r--p 00065000 08:06 527102                     /usr/lib/libgmp.so.10.0.5
7f2e13ff7000-7f2e14000000 rw-p 00066000 08:06 527102                     /usr/lib/libgmp.so.10.0.5
7f2e14000000-7f2e14021000 rw-p 00000000 00:00 0 
7f2e14021000-7f2e18000000 ---p 00000000 00:00 0 
7f2e1800e000-7f2e1808e000 rw-p 00000000 00:00 0 
7f2e1808e000-7f2e180a0000 r-xp 00000000 08:06 533726                     /usr/lib/libhogweed.so.2.1
7f2e180a0000-7f2e1829f000 ---p 00012000 08:06 533726                     /usr/lib/libhogweed.so.2.1
7f2e1829f000-7f2e182a0000 r--p 00011000 08:06 533726                     /usr/lib/libhogweed.so.2.1
7f2e182a0000-7f2e182a1000 rw-p 00012000 08:06 533726                     /usr/lib/libhogweed.so.2.1
7f2e182a1000-7f2e182c6000 r-xp 00000000 08:06 531660                     /usr/lib/libnettle.so.4.3
7f2e182c6000-7f2e184c6000 ---p 00025000 08:06 531660                     /usr/lib/libnettle.so.4.3
7f2e184c6000-7f2e184c7000 r--p 00025000 08:06 531660                     /usr/lib/libnettle.so.4.3
7f2e184c7000-7f2e184c8000 rw-p 00026000 08:06 531660                     /usr/lib/libnettle.so.4.3
7f2e184c8000-7f2e184d8000 r-xp 00000000 08:06 523686                     /usr/lib/libtasn1.so.3.1.15
7f2e184d8000-7f2e186d7000 ---p 00010000 08:06 523686                     /usr/lib/libtasn1.so.3.1.15
7f2e186d7000-7f2e186d8000 r--p 0000f000 08:06 523686                     /usr/lib/libtasn1.so.3.1.15
7f2e186d8000-7f2e186d9000 rw-p 00010000 08:06 523686                     /usr/lib/libtasn1.so.3.1.15
7f2e186d9000-7f2e186dc000 r-xp 00000000 08:06 536931                     /usr/lib/libkeyutils.so.1.4
7f2e186dc000-7f2e188db000 ---p 00003000 08:06 536931                     /usr/lib/libkeyutils.so.1.4
7f2e188db000-7f2e188dc000 r--p 00002000 08:06 536931                     /usr/lib/libkeyutils.so.1.4
7f2e188dc000-7f2e188dd000 rw-p 00003000 08:06 536931                     /usr/lib/libkeyutils.so.1.4
7f2e188dd000-7f2e188e6000 r-xp 00000000 08:06 529619                     /usr/lib/libkrb5support.so.0.1
7f2e188e6000-7f2e18ae5000 ---p 00009000 08:06 529619                     /usr/lib/libkrb5support.so.0.1
7f2e18ae5000-7f2e18ae6000 r--p 00008000 08:06 529619                     /usr/lib/libkrb5support.so.0.1
7f2e18ae6000-7f2e18ae7000 rw-p 00009000 08:06 529619                     /usr/lib/libkrb5support.so.0.1
7f2e18ae7000-7f2e18aea000 r-xp 00000000 08:06 524071                     /usr/lib/libcom_err.so.2.1
7f2e18aea000-7f2e18ce9000 ---p 00003000 08:06 524071                     /usr/lib/libcom_err.so.2.1
7f2e18ce9000-7f2e18cea000 r--p 00002000 08:06 524071                     /usr/lib/libcom_err.so.2.1
7f2e18cea000-7f2e18ceb000 rw-p 00003000 08:06 524071                     /usr/lib/libcom_err.so.2.1
7f2e18ceb000-7f2e18d13000 r-xp 00000000 08:06 533131                     /usr/lib/libk5crypto.so.3.1
7f2e18d13000-7f2e18f13000 ---p 00028000 08:06 533131                     /usr/lib/libk5crypto.so.3.1
7f2e18f13000-7f2e18f14000 r--p 00028000 08:06 533131                     /usr/lib/libk5crypto.so.3.1
7f2e18f14000-7f2e18f15000 rw-p 00029000 08:06 533131                     /usr/lib/libk5crypto.so.3.1
7f2e18f15000-7f2e18f16000 rw-p 00000000 00:00 0 
7f2e18f16000-7f2e18fee000 r-xp 00000000 08:06 527453                     /usr/lib/libkrb5.so.3.3
7f2e18fee000-7f2e191ee000 ---p 000d8000 08:06 527453                     /usr/lib/libkrb5.so.3.3
7f2e191ee000-7f2e191f8000 r--p 000d8000 08:06 527453                     /usr/lib/libkrb5.so.3.3
7f2e191f8000-7f2e191fa000 rw-p 000e2000 08:06 527453                     /usr/lib/libkrb5.so.3.3
7f2e191fa000-7f2e191ff000 r-xp 00000000 08:06 523755                     /usr/lib/libXdmcp.so.6.0.0
7f2e191ff000-7f2e193fe000 ---p 00005000 08:06 523755                     /usr/lib/libXdmcp.so.6.0.0
7f2e193fe000-7f2e193ff000 r--p 00004000 08:06 523755                     /usr/lib/libXdmcp.so.6.0.0
7f2e193ff000-7f2e19400000 rw-p 00005000 08:06 523755                     /usr/lib/libXdmcp.so.6.0.0
7f2e19400000-7f2e19402000 r-xp 00000000 08:06 523713                     /usr/lib/libXau.so.6.0.0
7f2e19402000-7f2e19602000 ---p 00002000 08:06 523713                     /usr/lib/libXau.so.6.0.0
7f2e19602000-7f2e19603000 r--p 00002000 08:06 523713                     /usr/lib/libXau.so.6.0.0
7f2e19603000-7f2e19604000 rw-p 00003000 08:06 523713                     /usr/lib/libXau.so.6.0.0
7f2e19604000-7f2e19614000 r-xp 00000000 08:06 526584                     /usr/lib/libavahi-client.so.3.2.9
7f2e19614000-7f2e19813000 ---p 00010000 08:06 526584                     /usr/lib/libavahi-client.so.3.2.9
7f2e19813000-7f2e19814000 r--p 0000f000 08:06 526584                     /usr/lib/libavahi-client.so.3.2.9
7f2e19814000-7f2e19815000 rw-p 00010000 08:06 526584                     /usr/lib/libavahi-client.so.3.2.9
7f2e19815000-7f2e19821000 r-xp 00000000 08:06 527596                     /usr/lib/libavahi-common.so.3.5.3
7f2e19821000-7f2e19a20000 ---p 0000c000 08:06 527596                     /usr/lib/libavahi-common.so.3.5.3
7f2e19a20000-7f2e19a21000 r--p 0000b000 08:06 527596                     /usr/lib/libavahi-common.so.3.5.3
7f2e19a21000-7f2e19a22000 rw-p 0000c000 08:06 527596                     /usr/lib/libavahi-common.so.3.5.3
7f2e19a22000-7f2e19b14000 r-xp 00000000 08:06 528636                     /usr/lib/libgnutls.so.28.8.1
7f2e19b14000-7f2e19d14000 ---p 000f2000 08:06 528636                     /usr/lib/libgnutls.so.28.8.1
7f2e19d14000-7f2e19d1c000 r--p 000f2000 08:06 528636                     /usr/lib/libgnutls.so.28.8.1
7f2e19d1c000-7f2e19d1e000 rw-p 000fa000 08:06 528636                     /usr/lib/libgnutls.so.28.8.1
7f2e19d1e000-7f2e19d1f000 rw-p 00000000 00:00 0 
7f2e19d1f000-7f2e19d60000 r-xp 00000000 08:06 533554                     /usr/lib/libgssapi_krb5.so.2.2
7f2e19d60000-7f2e19f60000 ---p 00041000 08:06 533554                     /usr/lib/libgssapi_krb5.so.2.2
7f2e19f60000-7f2e19f61000 r--p 00041000 08:06 533554                     /usr/lib/libgssapi_krb5.so.2.2
7f2e19f61000-7f2e19f63000 rw-p 00042000 08:06 533554                     /usr/lib/libgssapi_krb5.so.2.2
7f2e19f63000-7f2e19fbc000 r-xp 00000000 08:06 531196                     /usr/lib/libpcre.so.1.0.0
7f2e19fbc000-7f2e1a1bb000 ---p 00059000 08:06 531196                     /usr/lib/libpcre.so.1.0.0
7f2e1a1bb000-7f2e1a1bc000 r--p 00058000 08:06 531196                     /usr/lib/libpcre.so.1.0.0
7f2e1a1bc000-7f2e1a1bd000 rw-p 00059000 08:06 531196                     /usr/lib/libpcre.so.1.0.0
7f2e1a1bd000-7f2e1a1c4000 r-xp 00000000 08:06 533126                     /usr/lib/libffi.so.6.0.0
7f2e1a1c4000-7f2e1a3c3000 ---p 00007000 08:06 533126                     /usr/lib/libffi.so.6.0.0
7f2e1a3c3000-7f2e1a3c4000 r--p 00006000 08:06 533126                     /usr/lib/libffi.so.6.0.0
7f2e1a3c4000-7f2e1a3c5000 rw-p 00007000 08:06 533126                     /usr/lib/libffi.so.6.0.0
7f2e1a3c5000-7f2e1a3ed000 r-xp 00000000 08:06 534280                     /usr/lib/libexpat.so.1.6.0
7f2e1a3ed000-7f2e1a5ec000 ---p 00028000 08:06 534280                     /usr/lib/libexpat.so.1.6.0
7f2e1a5ec000-7f2e1a5ee000 r--p 00027000 08:06 534280                     /usr/lib/libexpat.so.1.6.0
7f2e1a5ee000-7f2e1a5ef000 rw-p 00029000 08:06 534280                     /usr/lib/libexpat.so.1.6.0
7f2e1a5ef000-7f2e1a5fe000 r-xp 00000000 08:06 535331                     /usr/lib/libbz2.so.1.0.6
7f2e1a5fe000-7f2e1a7fd000 ---p 0000f000 08:06 535331                     /usr/lib/libbz2.so.1.0.6
7f2e1a7fd000-7f2e1a7ff000 rw-p 0000e000 08:06 535331                     /usr/lib/libbz2.so.1.0.6
7f2e1a7ff000-7f2e1a880000 r-xp 00000000 08:06 528735                     /usr/lib/libpixman-1.so.0.24.4
7f2e1a880000-7f2e1aa80000 ---p 00081000 08:06 528735                     /usr/lib/libpixman-1.so.0.24.4
7f2e1aa80000-7f2e1aa86000 r--p 00081000 08:06 528735                     /usr/lib/libpixman-1.so.0.24.4
7f2e1aa86000-7f2e1aa87000 rw-p 00087000 08:06 528735                     /usr/lib/libpixman-1.so.0.24.4
7f2e1aa87000-7f2e1aab3000 r-xp 00000000 08:06 528725                     /usr/lib/libpng15.so.15.10.0
7f2e1aab3000-7f2e1acb2000 ---p 0002c000 08:06 528725                     /usr/lib/libpng15.so.15.10.0
7f2e1acb2000-7f2e1acb3000 r--p 0002b000 08:06 528725                     /usr/lib/libpng15.so.15.10.0
7f2e1acb3000-7f2e1acb4000 rw-p 0002c000 08:06 528725                     /usr/lib/libpng15.so.15.10.0
7f2e1acb4000-7f2e1acc7000 r-xp 00000000 08:06 1332                       /lib/libresolv-2.15.so
7f2e1acc7000-7f2e1aec7000 ---p 00013000 08:06 1332                       /lib/libresolv-2.15.so
7f2e1aec7000-7f2e1aec8000 r--p 00013000 08:06 1332                       /lib/libresolv-2.15.so
7f2e1aec8000-7f2e1aec9000 rw-p 00014000 08:06 1332                       /lib/libresolv-2.15.so
7f2e1aec9000-7f2e1aecb000 rw-p 00000000 00:00 0 
7f2e1aecb000-7f2e1aecd000 r-xp 00000000 08:06 533292                     /usr/lib/libXdamage.so.1.1.0
7f2e1aecd000-7f2e1b0cc000 ---p 00002000 08:06 533292                     /usr/lib/libXdamage.so.1.1.0
7f2e1b0cc000-7f2e1b0cd000 r--p 00001000 08:06 533292                     /usr/lib/libXdamage.so.1.1.0
7f2e1b0cd000-7f2e1b0ce000 rw-p 00002000 08:06 533292                     /usr/lib/libXdamage.so.1.1.0
7f2e1b0ce000-7f2e1b0d0000 r-xp 00000000 08:06 523753                     /usr/lib/libXcomposite.so.1.0.0
7f2e1b0d0000-7f2e1b2cf000 ---p 00002000 08:06 523753                     /usr/lib/libXcomposite.so.1.0.0
7f2e1b2cf000-7f2e1b2d0000 r--p 00001000 08:06 523753                     /usr/lib/libXcomposite.so.1.0.0
7f2e1b2d0000-7f2e1b2d1000 rw-p 00002000 08:06 523753                     /usr/lib/libXcomposite.so.1.0.0
7f2e1b2d1000-7f2e1b2da000 r-xp 00000000 08:06 531336                     /usr/lib/libXcursor.so.1.0.2
7f2e1b2da000-7f2e1b4d9000 ---p 00009000 08:06 531336                     /usr/lib/libXcursor.so.1.0.2
7f2e1b4d9000-7f2e1b4da000 r--p 00008000 08:06 531336                     /usr/lib/libXcursor.so.1.0.2
7f2e1b4da000-7f2e1b4db000 rw-p 00009000 08:06 531336                     /usr/lib/libXcursor.so.1.0.2
7f2e1b4db000-7f2e1b4e3000 r-xp 00000000 08:06 533170                     /usr/lib/libXrandr.so.2.2.0
7f2e1b4e3000-7f2e1b6e2000 ---p 00008000 08:06 533170                     /usr/lib/libXrandr.so.2.2.0
7f2e1b6e2000-7f2e1b6e3000 r--p 00007000 08:06 533170                     /usr/lib/libXrandr.so.2.2.0
7f2e1b6e3000-7f2e1b6e4000 rw-p 00008000 08:06 533170                     /usr/lib/libXrandr.so.2.2.0
7f2e1b6e4000-7f2e1b6e6000 r-xp 00000000 08:06 523766                     /usr/lib/libXinerama.so.1.0.0
7f2e1b6e6000-7f2e1b8e5000 ---p 00002000 08:06 523766                     /usr/lib/libXinerama.so.1.0.0
7f2e1b8e5000-7f2e1b8e6000 r--p 00001000 08:06 523766                     /usr/lib/libXinerama.so.1.0.0
7f2e1b8e6000-7f2e1b8e7000 rw-p 00002000 08:06 523766                     /usr/lib/libXinerama.so.1.0.0
7f2e1b8e7000-7f2e1b8ec000 r-xp 00000000 08:06 523749                     /usr/lib/libXfixes.so.3.1.0
7f2e1b8ec000-7f2e1baec000 ---p 00005000 08:06 523749                     /usr/lib/libXfixes.so.3.1.0
7f2e1baec000-7f2e1baed000 r--p 00005000 08:06 523749                     /usr/lib/libXfixes.so.3.1.0
7f2e1baed000-7f2e1baee000 rw-p 00006000 08:06 523749                     /usr/lib/libXfixes.so.3.1.0
7f2e1baee000-7f2e1bb0b000 r-xp 00000000 08:06 533661                     /usr/lib/libxcb.so.1.1.0
7f2e1bb0b000-7f2e1bd0b000 ---p 0001d000 08:06 533661                     /usr/lib/libxcb.so.1.1.0
7f2e1bd0b000-7f2e1bd0c000 rw-p 0001d000 08:06 533661                     /usr/lib/libxcb.so.1.1.0
7f2e1bd0c000-7f2e1bdfe000 r-xp 00000000 08:06 528627                     /usr/lib/libglib-2.0.so.0.3200.2
7f2e1bdfe000-7f2e1bffd000 ---p 000f2000 08:06 528627                     /usr/lib/libglib-2.0.so.0.3200.2
7f2e1bffd000-7f2e1bffe000 r--p 000f1000 08:06 528627                     /usr/lib/libglib-2.0.so.0.3200.2
7f2e1bffe000-7f2e1bfff000 rw-p 000f2000 08:06 528627                     /usr/lib/libglib-2.0.so.0.3200.2
7f2e1bfff000-7f2e1c000000 rw-p 00000000 00:00 0 
7f2e1c000000-7f2e1c021000 rw-p 00000000 00:00 0 
7f2e1c021000-7f2e20000000 ---p 00000000 00:00 0 
7f2e20015000-7f2e20095000 rw-p 00000000 00:00 0 
7f2e20095000-7f2e200e7000 r-xp 00000000 08:06 528718                     /usr/lib/libcups.so.2
7f2e200e7000-7f2e202e6000 ---p 00052000 08:06 528718                     /usr/lib/libcups.so.2
7f2e202e6000-7f2e202ea000 r--p 00051000 08:06 528718                     /usr/lib/libcups.so.2
7f2e202ea000-7f2e202eb000 rw-p 00055000 08:06 528718                     /usr/lib/libcups.so.2
7f2e202eb000-7f2e202ec000 r-xp 00000000 08:06 528965                     /usr/lib/libgthread-2.0.so.0.3200.2
7f2e202ec000-7f2e204eb000 ---p 00001000 08:06 528965                     /usr/lib/libgthread-2.0.so.0.3200.2
7f2e204eb000-7f2e204ec000 r--p 00000000 08:06 528965                     /usr/lib/libgthread-2.0.so.0.3200.2
7f2e204ec000-7f2e204ed000 rw-p 00001000 08:06 528965                     /usr/lib/libgthread-2.0.so.0.3200.2
7f2e204ed000-7f2e204f0000 r-xp 00000000 08:06 528923                     /usr/lib/libgmodule-2.0.so.0.3200.2
7f2e204f0000-7f2e206ef000 ---p 00003000 08:06 528923                     /usr/lib/libgmodule-2.0.so.0.3200.2
7f2e206ef000-7f2e206f0000 r--p 00002000 08:06 528923                     /usr/lib/libgmodule-2.0.so.0.3200.2
7f2e206f0000-7f2e206f1000 rw-p 00003000 08:06 528923                     /usr/lib/libgmodule-2.0.so.0.3200.2
7f2e206f1000-7f2e2073d000 r-xp 00000000 08:06 528966                     /usr/lib/libgobject-2.0.so.0.3200.2
7f2e2073d000-7f2e2093d000 ---p 0004c000 08:06 528966                     /usr/lib/libgobject-2.0.so.0.3200.2
7f2e2093d000-7f2e2093e000 r--p 0004c000 08:06 528966                     /usr/lib/libgobject-2.0.so.0.3200.2
7f2e2093e000-7f2e2093f000 rw-p 0004d000 08:06 528966                     /usr/lib/libgobject-2.0.so.0.3200.2
7f2e2093f000-7f2e20973000 r-xp 00000000 08:06 534580                     /usr/lib/libfontconfig.so.1.4.4
7f2e20973000-7f2e20b73000 ---p 00034000 08:06 534580                     /usr/lib/libfontconfig.so.1.4.4
7f2e20b73000-7f2e20b74000 r--p 00034000 08:06 534580                     /usr/lib/libfontconfig.so.1.4.4
7f2e20b74000-7f2e20b75000 rw-p 00035000 08:06 534580                     /usr/lib/libfontconfig.so.1.4.4
7f2e20b75000-7f2e20c0e000 r-xp 00000000 08:06 533427                     /usr/lib/libfreetype.so.6.8.1
7f2e20c0e000-7f2e20e0d000 ---p 00099000 08:06 533427                     /usr/lib/libfreetype.so.6.8.1
7f2e20e0d000-7f2e20e13000 r--p 00098000 08:06 533427                     /usr/lib/libfreetype.so.6.8.1
7f2e20e13000-7f2e20e14000 rw-p 0009e000 08:06 533427                     /usr/lib/libfreetype.so.6.8.1
7f2e20e14000-7f2e20e5c000 r-xp 00000000 08:06 533234                     /usr/lib/libpango-1.0.so.0.3000.0
7f2e20e5c000-7f2e2105c000 ---p 00048000 08:06 533234                     /usr/lib/libpango-1.0.so.0.3000.0
7f2e2105c000-7f2e2105e000 r--p 00048000 08:06 533234                     /usr/lib/libpango-1.0.so.0.3000.0
7f2e2105e000-7f2e2105f000 rw-p 0004a000 08:06 533234                     /usr/lib/libpango-1.0.so.0.3000.0
7f2e2105f000-7f2e21106000 r-xp 00000000 08:06 531350                     /usr/lib/libcairo.so.2.11000.2
7f2e21106000-7f2e21305000 ---p 000a7000 08:06 531350                     /usr/lib/libcairo.so.2.11000.2
7f2e21305000-7f2e21307000 r--p 000a6000 08:06 531350                     /usr/lib/libcairo.so.2.11000.2
7f2e21307000-7f2e21308000 rw-p 000a8000 08:06 531350                     /usr/lib/libcairo.so.2.11000.2
7f2e21308000-7f2e2130b000 rw-p 00000000 00:00 0 
7f2e2130b000-7f2e2132c000 r-xp 00000000 08:06 532661                     /usr/lib/libgdk_pixbuf-2.0.so.0.2600.1
7f2e2132c000-7f2e2152b000 ---p 00021000 08:06 532661                     /usr/lib/libgdk_pixbuf-2.0.so.0.2600.1
7f2e2152b000-7f2e2152c000 r--p 00020000 08:06 532661                     /usr/lib/libgdk_pixbuf-2.0.so.0.2600.1
7f2e2152c000-7f2e2152d000 rw-p 00021000 08:06 532661                     /usr/lib/libgdk_pixbuf-2.0.so.0.2600.1
7f2e2152d000-7f2e21538000 r-xp 00000000 08:06 533238                     /usr/lib/libpangocairo-1.0.so.0.3000.0
7f2e21538000-7f2e21738000 ---p 0000b000 08:06 533238                     /usr/lib/libpangocairo-1.0.so.0.3000.0
7f2e21738000-7f2e21739000 r--p 0000b000 08:06 533238                     /usr/lib/libpangocairo-1.0.so.0.3000.0
7f2e21739000-7f2e2173a000 rw-p 0000c000 08:06 533238                     /usr/lib/libpangocairo-1.0.so.0.3000.0
7f2e2173a000-7f2e21765000 r-xp 00000000 08:06 533236                     /usr/lib/libpangoft2-1.0.so.0.3000.0
7f2e21765000-7f2e21965000 ---p 0002b000 08:06 533236                     /usr/lib/libpangoft2-1.0.so.0.3000.0
7f2e21965000-7f2e21966000 r--p 0002b000 08:06 533236                     /usr/lib/libpangoft2-1.0.so.0.3000.0
7f2e21966000-7f2e21967000 rw-p 0002c000 08:06 533236                     /usr/lib/libpangoft2-1.0.so.0.3000.0
7f2e21967000-7f2e21aac000 r-xp 00000000 08:06 528967                     /usr/lib/libgio-2.0.so.0.3200.2
7f2e21aac000-7f2e21cab000 ---p 00145000 08:06 528967                     /usr/lib/libgio-2.0.so.0.3200.2
7f2e21cab000-7f2e21caf000 r--p 00144000 08:06 528967                     /usr/lib/libgio-2.0.so.0.3200.2
7f2e21caf000-7f2e21cb1000 rw-p 00148000 08:06 528967                     /usr/lib/libgio-2.0.so.0.3200.2
7f2e21cb1000-7f2e21cb3000 rw-p 00000000 00:00 0 
7f2e21cb3000-7f2e21cd3000 r-xp 00000000 08:06 533187                     /usr/lib/libatk-1.0.so.0.20409.1
7f2e21cd3000-7f2e21ed3000 ---p 00020000 08:06 533187                     /usr/lib/libatk-1.0.so.0.20409.1
7f2e21ed3000-7f2e21ed5000 r--p 00020000 08:06 533187                     /usr/lib/libatk-1.0.so.0.20409.1
7f2e21ed5000-7f2e21ed6000 rw-p 00022000 08:06 533187                     /usr/lib/libatk-1.0.so.0.20409.1
7f2e21ed6000-7f2e21f83000 r-xp 00000000 08:06 523419                     /usr/lib/libgdk-x11-2.0.so.0.2400.10
7f2e21f83000-7f2e22183000 ---p 000ad000 08:06 523419                     /usr/lib/libgdk-x11-2.0.so.0.2400.10
7f2e22183000-7f2e22187000 r--p 000ad000 08:06 523419                     /usr/lib/libgdk-x11-2.0.so.0.2400.10
7f2e22187000-7f2e22189000 rw-p 000b1000 08:06 523419                     /usr/lib/libgdk-x11-2.0.so.0.2400.10
7f2e22189000-7f2e225ab000 r-xp 00000000 08:06 523420                     /usr/lib/libgtk-x11-2.0.so.0.2400.10
7f2e225ab000-7f2e227ab000 ---p 00422000 08:06 523420                     /usr/lib/libgtk-x11-2.0.so.0.2400.10
7f2e227ab000-7f2e227b2000 r--p 00422000 08:06 523420                     /usr/lib/libgtk-x11-2.0.so.0.2400.10
7f2e227b2000-7f2e227b6000 rw-p 00429000 08:06 523420                     /usr/lib/libgtk-x11-2.0.so.0.2400.10
7f2e227b6000-7f2e227b8000 rw-p 00000000 00:00 0 
7f2e227b8000-7f2e227c6000 r-xp 00000000 08:06 532665                     /usr/lib/libXi.so.6.1.0
7f2e227c6000-7f2e229c5000 ---p 0000e000 08:06 532665                     /usr/lib/libXi.so.6.1.0
7f2e229c5000-7f2e229c6000 rw-p 0000d000 08:06 532665                     /usr/lib/libXi.so.6.1.0
7f2e229c6000-7f2e229cb000 r-xp 00000000 08:06 523793                     /usr/lib/libXtst.so.6.1.0
7f2e229cb000-7f2e22bcb000 ---p 00005000 08:06 523793                     /usr/lib/libXtst.so.6.1.0
7f2e22bcb000-7f2e22bcc000 r--p 00005000 08:06 523793                     /usr/lib/libXtst.so.6.1.0
7f2e22bcc000-7f2e22bcd000 rw-p 00006000 08:06 523793                     /usr/lib/libXtst.so.6.1.0
7f2e22bcd000-7f2e22bd7000 r-xp 00000000 08:06 529110                     /usr/lib/libXrender.so.1.3.0
7f2e22bd7000-7f2e22dd6000 ---p 0000a000 08:06 529110                     /usr/lib/libXrender.so.1.3.0
7f2e22dd6000-7f2e22dd7000 r--p 00009000 08:06 529110                     /usr/lib/libXrender.so.1.3.0
7f2e22dd7000-7f2e22dd8000 rw-p 0000a000 08:06 529110                     /usr/lib/libXrender.so.1.3.0
7f2e22dd8000-7f2e22f0c000 r-xp 00000000 08:06 531386                     /usr/lib/libX11.so.6.3.0
7f2e22f0c000-7f2e2310c000 ---p 00134000 08:06 531386                     /usr/lib/libX11.so.6.3.0
7f2e2310c000-7f2e2310d000 r--p 00134000 08:06 531386                     /usr/lib/libX11.so.6.3.0
7f2e2310d000-7f2e23112000 rw-p 00135000 08:06 531386                     /usr/lib/libX11.so.6.3.0
7f2e23112000-7f2e23124000 r-xp 00000000 08:06 523664                     /usr/lib/libXext.so.6.4.0
7f2e23124000-7f2e23323000 ---p 00012000 08:06 523664                     /usr/lib/libXext.so.6.4.0
7f2e23323000-7f2e23324000 r--p 00011000 08:06 523664                     /usr/lib/libXext.so.6.4.0
7f2e23324000-7f2e23325000 rw-p 00012000 08:06 523664                     /usr/lib/libXext.so.6.4.0
7f2e23325000-7f2e23377000 r-xp 00000000 08:06 533913                     /usr/lib/jvm/java-7-openjdk/jre/lib/amd64/xawt/libmawt.so
7f2e23377000-7f2e23576000 ---p 00052000 08:06 533913                     /usr/lib/jvm/java-7-openjdk/jre/lib/amd64/xawt/libmawt.so
7f2e23576000-7f2e2357a000 rw-p 00051000 08:06 533913                     /usr/lib/jvm/java-7-openjdk/jre/lib/amd64/xawt/libmawt.so
7f2e2357a000-7f2e2357b000 rw-p 00000000 00:00 0 
7f2e2357b000-7f2e2361d000 r-xp 00000000 08:06 525820                     /usr/lib/jvm/java-7-openjdk/jre/lib/amd64/libawt.so
7f2e2361d000-7f2e2381d000 ---p 000a2000 08:06 525820                     /usr/lib/jvm/java-7-openjdk/jre/lib/amd64/libawt.so
7f2e2381d000-7f2e23829000 rw-p 000a2000 08:06 525820                     /usr/lib/jvm/java-7-openjdk/jre/lib/amd64/libawt.so
7f2e23829000-7f2e2384d000 rw-p 00000000 00:00 0 
7f2e2384d000-7f2e23850000 r--s 0000f000 08:06 526356                     /usr/lib/jvm/java-7-openjdk/jre/lib/ext/pulse-java.jar
7f2e23850000-7f2e23851000 ---p 00000000 00:00 0 
7f2e23851000-7f2e23951000 rw-p 00000000 00:00 0 
7f2e23951000-7f2e23954000 ---p 00000000 00:00 0 
7f2e23954000-7f2e23a52000 rw-p 00000000 00:00 0 
7f2e23a52000-7f2e23a55000 ---p 00000000 00:00 0 
7f2e23a55000-7f2e23b53000 rw-p 00000000 00:00 0 
7f2e23b53000-7f2e23b56000 ---p 00000000 00:00 0 
7f2e23b56000-7f2e23c54000 rw-p 00000000 00:00 0 
7f2e23c54000-7f2e24000000 r--p 00000000 08:06 536728                     /usr/lib/locale/locale-archive
7f2e24000000-7f2e24021000 rw-p 00000000 00:00 0 
7f2e24021000-7f2e28000000 ---p 00000000 00:00 0 
7f2e28015000-7f2e2805d000 rw-p 00000000 00:00 0 
7f2e2805d000-7f2e28060000 ---p 00000000 00:00 0 
7f2e28060000-7f2e2815e000 rw-p 00000000 00:00 0 
7f2e2815e000-7f2e28161000 ---p 00000000 00:00 0 
7f2e28161000-7f2e2825f000 rw-p 00000000 00:00 0 
7f2e2825f000-7f2e28262000 ---p 00000000 00:00 0 
7f2e28262000-7f2e28360000 rw-p 00000000 00:00 0 
7f2e28360000-7f2e28361000 ---p 00000000 00:00 0 
7f2e28361000-7f2e289d2000 rw-p 00000000 00:00 0 
7f2e289d2000-7f2e28b81000 r--s 03e7b000 08:06 524045                     /usr/lib/jvm/java-7-openjdk/jre/lib/rt.jar
7f2e28b81000-7f2e28ba9000 rw-p 00000000 00:00 0 
7f2e28ba9000-7f2e28baa000 ---p 00000000 00:00 0 
7f2e28baa000-7f2e28caa000 rw-p 00000000 00:00 0 
7f2e28caa000-7f2e28cab000 ---p 00000000 00:00 0 
7f2e28cab000-7f2e28dab000 rw-p 00000000 00:00 0 
7f2e28dab000-7f2e28dac000 ---p 00000000 00:00 0 
7f2e28dac000-7f2e28eac000 rw-p 00000000 00:00 0 
7f2e28eac000-7f2e28ead000 ---p 00000000 00:00 0 
7f2e28ead000-7f2e28fb8000 rw-p 00000000 00:00 0 
7f2e28fb8000-7f2e29000000 rw-p 00000000 00:00 0 
7f2e29000000-7f2e29270000 rwxp 00000000 00:00 0 
7f2e29270000-7f2e2c4cf000 rw-p 00000000 00:00 0 
7f2e2c4cf000-7f2e30000000 ---p 00000000 00:00 0 
7f2e30007000-7f2e3000b000 r--s 000a0000 08:06 523715                     /usr/lib/jvm/java-7-openjdk/jre/lib/jsse.jar
7f2e3000b000-7f2e3005e000 rw-p 00000000 00:00 0 
7f2e3005e000-7f2e30531000 rw-p 00000000 00:00 0 
7f2e30531000-7f2e3053c000 rw-p 00000000 00:00 0 
7f2e3053c000-7f2e30584000 rw-p 00000000 00:00 0 
7f2e30584000-7f2e305d7000 rw-p 00000000 00:00 0 
7f2e305d7000-7f2e30aa9000 rw-p 00000000 00:00 0 
7f2e30aa9000-7f2e30ad3000 rw-p 00000000 00:00 0 
7f2e30ad3000-7f2e30d3c000 rw-p 00000000 00:00 0 
7f2e30d3c000-7f2e30d3d000 rw-p 00000000 00:00 0 
7f2e30d3d000-7f2e30d45000 r-xp 00000000 08:06 525197                     /usr/lib/jvm/java-7-openjdk/jre/lib/amd64/libzip.so
7f2e30d45000-7f2e30f44000 ---p 00008000 08:06 525197                     /usr/lib/jvm/java-7-openjdk/jre/lib/amd64/libzip.so
7f2e30f44000-7f2e30f45000 rw-p 00007000 08:06 525197                     /usr/lib/jvm/java-7-openjdk/jre/lib/amd64/libzip.so
7f2e30f45000-7f2e30f51000 r-xp 00000000 08:06 1309                       /lib/libnss_files-2.15.so
7f2e30f51000-7f2e31150000 ---p 0000c000 08:06 1309                       /lib/libnss_files-2.15.so
7f2e31150000-7f2e31151000 r--p 0000b000 08:06 1309                       /lib/libnss_files-2.15.so
7f2e31151000-7f2e31152000 rw-p 0000c000 08:06 1309                       /lib/libnss_files-2.15.so
7f2e31152000-7f2e3117b000 r-xp 00000000 08:06 525207                     /usr/lib/jvm/java-7-openjdk/jre/lib/amd64/libjava.so
7f2e3117b000-7f2e3137a000 ---p 00029000 08:06 525207                     /usr/lib/jvm/java-7-openjdk/jre/lib/amd64/libjava.so
7f2e3137a000-7f2e3137c000 rw-p 00028000 08:06 525207                     /usr/lib/jvm/java-7-openjdk/jre/lib/amd64/libjava.so
7f2e3137c000-7f2e3138a000 r-xp 00000000 08:06 525194                     /usr/lib/jvm/java-7-openjdk/jre/lib/amd64/libverify.so
7f2e3138a000-7f2e31589000 ---p 0000e000 08:06 525194                     /usr/lib/jvm/java-7-openjdk/jre/lib/amd64/libverify.so
7f2e31589000-7f2e3158b000 rw-p 0000d000 08:06 525194                     /usr/lib/jvm/java-7-openjdk/jre/lib/amd64/libverify.so
7f2e3158b000-7f2e31592000 r-xp 00000000 08:06 1288                       /lib/librt-2.15.so
7f2e31592000-7f2e31791000 ---p 00007000 08:06 1288                       /lib/librt-2.15.so
7f2e31791000-7f2e31792000 r--p 00006000 08:06 1288                       /lib/librt-2.15.so
7f2e31792000-7f2e31793000 rw-p 00007000 08:06 1288                       /lib/librt-2.15.so
7f2e31793000-7f2e317a8000 r-xp 00000000 08:06 526089                     /usr/lib/libgcc_s.so.1
7f2e317a8000-7f2e319a7000 ---p 00015000 08:06 526089                     /usr/lib/libgcc_s.so.1
7f2e319a7000-7f2e319a8000 rw-p 00014000 08:06 526089                     /usr/lib/libgcc_s.so.1
7f2e319a8000-7f2e31a9b000 r-xp 00000000 08:06 1293                       /lib/libm-2.15.so
7f2e31a9b000-7f2e31c9b000 ---p 000f3000 08:06 1293                       /lib/libm-2.15.so
7f2e31c9b000-7f2e31c9c000 r--p 000f3000 08:06 1293                       /lib/libm-2.15.so
7f2e31c9c000-7f2e31c9d000 rw-p 000f4000 08:06 1293                       /lib/libm-2.15.so
7f2e31c9d000-7f2e31d82000 r-xp 00000000 08:06 526567                     /usr/lib/libstdc++.so.6.0.17
7f2e31d82000-7f2e31f82000 ---p 000e5000 08:06 526567                     /usr/lib/libstdc++.so.6.0.17
7f2e31f82000-7f2e31f8a000 r--p 000e5000 08:06 526567                     /usr/lib/libstdc++.so.6.0.17
7f2e31f8a000-7f2e31f8c000 rw-p 000ed000 08:06 526567                     /usr/lib/libstdc++.so.6.0.17
7f2e31f8c000-7f2e31fa1000 rw-p 00000000 00:00 0 
7f2e31fa1000-7f2e32934000 r-xp 00000000 08:06 525849                     /usr/lib/jvm/java-7-openjdk/jre/lib/amd64/server/libjvm.so
7f2e32934000-7f2e32b34000 ---p 00993000 08:06 525849                     /usr/lib/jvm/java-7-openjdk/jre/lib/amd64/server/libjvm.so
7f2e32b34000-7f2e32bd0000 rw-p 00993000 08:06 525849                     /usr/lib/jvm/java-7-openjdk/jre/lib/amd64/server/libjvm.so
7f2e32bd0000-7f2e32bfa000 rw-p 00000000 00:00 0 
7f2e32bfa000-7f2e32d91000 r-xp 00000000 08:06 1304                       /lib/libc-2.15.so
7f2e32d91000-7f2e32f91000 ---p 00197000 08:06 1304                       /lib/libc-2.15.so
7f2e32f91000-7f2e32f95000 r--p 00197000 08:06 1304                       /lib/libc-2.15.so
7f2e32f95000-7f2e32f97000 rw-p 0019b000 08:06 1304                       /lib/libc-2.15.so
7f2e32f97000-7f2e32f9b000 rw-p 00000000 00:00 0 
7f2e32f9b000-7f2e32f9e000 r-xp 00000000 08:06 1292                       /lib/libdl-2.15.so
7f2e32f9e000-7f2e3319d000 ---p 00003000 08:06 1292                       /lib/libdl-2.15.so
7f2e3319d000-7f2e3319e000 r--p 00002000 08:06 1292                       /lib/libdl-2.15.so
7f2e3319e000-7f2e3319f000 rw-p 00003000 08:06 1292                       /lib/libdl-2.15.so
7f2e3319f000-7f2e331b4000 r-xp 00000000 08:06 528979                     /usr/lib/libz.so.1.2.7
7f2e331b4000-7f2e333b3000 ---p 00015000 08:06 528979                     /usr/lib/libz.so.1.2.7
7f2e333b3000-7f2e333b4000 r--p 00014000 08:06 528979                     /usr/lib/libz.so.1.2.7
7f2e333b4000-7f2e333b5000 rw-p 00015000 08:06 528979                     /usr/lib/libz.so.1.2.7
7f2e333b5000-7f2e333c1000 r-xp 00000000 08:06 526062                     /usr/lib/jvm/java-7-openjdk/jre/lib/amd64/jli/libjli.so
7f2e333c1000-7f2e335c1000 ---p 0000c000 08:06 526062                     /usr/lib/jvm/java-7-openjdk/jre/lib/amd64/jli/libjli.so
7f2e335c1000-7f2e335c2000 rw-p 0000c000 08:06 526062                     /usr/lib/jvm/java-7-openjdk/jre/lib/amd64/jli/libjli.so
7f2e335c2000-7f2e335d9000 r-xp 00000000 08:06 929                        /lib/libpthread-2.15.so
7f2e335d9000-7f2e337d8000 ---p 00017000 08:06 929                        /lib/libpthread-2.15.so
7f2e337d8000-7f2e337d9000 r--p 00016000 08:06 929                        /lib/libpthread-2.15.so
7f2e337d9000-7f2e337da000 rw-p 00017000 08:06 929                        /lib/libpthread-2.15.so
7f2e337da000-7f2e337de000 rw-p 00000000 00:00 0 
7f2e337de000-7f2e337ff000 r-xp 00000000 08:06 1312                       /lib/ld-2.15.so
7f2e337ff000-7f2e33808000 r--s 00263000 08:06 523786                     /usr/lib/jvm/java-7-openjdk/jre/lib/resources.jar
7f2e33808000-7f2e33812000 rw-p 00000000 00:00 0 
7f2e33812000-7f2e338c8000 rw-p 00000000 00:00 0 
7f2e338c8000-7f2e338cb000 ---p 00000000 00:00 0 
7f2e338cb000-7f2e339ce000 rw-p 00000000 00:00 0 
7f2e339d1000-7f2e339d2000 rw-s 00005000 00:05 1869                       /dev/ati/card1
7f2e339d2000-7f2e339f2000 rw-s feae0000 00:05 1869                       /dev/ati/card1
7f2e339f2000-7f2e339f4000 rw-s 00002000 00:05 1869                       /dev/ati/card1
7f2e339f4000-7f2e339fc000 rw-s 00000000 08:06 392931                     /tmp/hsperfdata_tobi/9519 (deleted)
7f2e339fc000-7f2e339fd000 rw-p 00000000 00:00 0 
7f2e339fd000-7f2e339fe000 ---p 00000000 00:00 0 
7f2e339fe000-7f2e339ff000 rw-p 00000000 00:00 0 
7f2e339ff000-7f2e33a00000 r--p 00021000 08:06 1312                       /lib/ld-2.15.so
7f2e33a00000-7f2e33a01000 rw-p 00022000 08:06 1312                       /lib/ld-2.15.so
7f2e33a01000-7f2e33a02000 rw-p 00000000 00:00 0 
7fff9f48d000-7fff9f4ae000 rw-p 00000000 00:00 0                          [stack]
7fff9f595000-7fff9f596000 r-xp 00000000 00:00 0                          [vdso]
ffffffffff600000-ffffffffff601000 r-xp 00000000 00:00 0                  [vsyscall]

VM Arguments:
jvm_args: -Dsun.java2d.opengl=True -Dfile.encoding=UTF-8 
java_command: bombi.BombiGui
Launcher Type: SUN_STANDARD

Environment Variables:
JAVA_HOME=/usr/lib/jvm/java-7-openjdk
PATH=/usr/local/bin:/usr/bin:/bin:/usr/local/sbin:/usr/sbin:/sbin:/opt/android-sdk/platform-tools:/opt/android-sdk/tools:/usr/bin/vendor_perl:/usr/bin/core_perl:/opt/qt/bin
SHELL=/bin/bash
DISPLAY=:0.0

Signal Handlers:
SIGSEGV: [libjvm.so+0x807d30], sa_mask[0]=0x7ffbfeff, sa_flags=0x10000004
SIGBUS: [libjvm.so+0x807d30], sa_mask[0]=0x7ffbfeff, sa_flags=0x10000004
SIGFPE: [libjvm.so+0x6ac970], sa_mask[0]=0x7ffbfeff, sa_flags=0x10000004
SIGPIPE: [libjvm.so+0x6ac970], sa_mask[0]=0x7ffbfeff, sa_flags=0x10000004
SIGXFSZ: [libjvm.so+0x6ac970], sa_mask[0]=0x7ffbfeff, sa_flags=0x10000004
SIGILL: [libjvm.so+0x6ac970], sa_mask[0]=0x7ffbfeff, sa_flags=0x10000004
SIGUSR1: SIG_DFL, sa_mask[0]=0x00000000, sa_flags=0x00000000
SIGUSR2: [libjvm.so+0x6acd40], sa_mask[0]=0x00000004, sa_flags=0x10000004
SIGHUP: [libjvm.so+0x6ace80], sa_mask[0]=0x7ffbfeff, sa_flags=0x10000004
SIGINT: [libjvm.so+0x6ace80], sa_mask[0]=0x7ffbfeff, sa_flags=0x10000004
SIGTERM: [libjvm.so+0x6ace80], sa_mask[0]=0x7ffbfeff, sa_flags=0x10000004
SIGQUIT: [libjvm.so+0x6ace80], sa_mask[0]=0x7ffbfeff, sa_flags=0x10000004


---------------  S Y S T E M  ---------------

OS:Linux
uname:Linux 3.3.5-1-ARCH #1 SMP PREEMPT Mon May 7 19:57:51 CEST 2012 x86_64
libc:glibc 2.15 NPTL 2.15 
rlimit: STACK 8192k, CORE 0k, NPROC 125839, NOFILE 4096, AS infinity
load average:1.03 1.04 1.12

/proc/meminfo:
MemTotal:       16180360 kB
MemFree:        11554900 kB
Buffers:          242104 kB
Cached:          2284040 kB
SwapCached:            0 kB
Active:          2045176 kB
Inactive:        1909724 kB
Active(anon):    1429152 kB
Inactive(anon):    32052 kB
Active(file):     616024 kB
Inactive(file):  1877672 kB
Unevictable:           0 kB
Mlocked:               0 kB
SwapTotal:             0 kB
SwapFree:              0 kB
Dirty:               268 kB
Writeback:             0 kB
AnonPages:       1422380 kB
Mapped:           265720 kB
Shmem:             32456 kB
Slab:             311136 kB
SReclaimable:     278912 kB
SUnreclaim:        32224 kB
KernelStack:        4008 kB
PageTables:        37756 kB
NFS_Unstable:          0 kB
Bounce:                0 kB
WritebackTmp:          0 kB
CommitLimit:     8090180 kB
Committed_AS:    3156032 kB
VmallocTotal:   34359738367 kB
VmallocUsed:      362644 kB
VmallocChunk:   34359373835 kB
HardwareCorrupted:     0 kB
AnonHugePages:    851968 kB
HugePages_Total:       0
HugePages_Free:        0
HugePages_Rsvd:        0
HugePages_Surp:        0
Hugepagesize:       2048 kB
DirectMap4k:       86528 kB
DirectMap2M:     3844096 kB
DirectMap1G:    12582912 kB


CPU:total 4 (4 cores per cpu, 1 threads per core) family 16 model 5 stepping 2, cmov, cx8, fxsr, mmx, sse, sse2, sse3, popcnt, mmxext, 3dnowpref, lzcnt, sse4a

/proc/cpuinfo:
processor	: 0
vendor_id	: AuthenticAMD
cpu family	: 16
model		: 5
model name	: AMD Athlon(tm) II X4 620 Processor
stepping	: 2
microcode	: 0x10000c6
cpu MHz		: 2600.000
cache size	: 512 KB
physical id	: 0
siblings	: 4
core id		: 0
cpu cores	: 4
apicid		: 0
initial apicid	: 0
fpu		: yes
fpu_exception	: yes
cpuid level	: 5
wp		: yes
flags		: fpu vme de pse tsc msr pae mce cx8 apic sep mtrr pge mca cmov pat pse36 clflush mmx fxsr sse sse2 ht syscall nx mmxext fxsr_opt pdpe1gb rdtscp lm 3dnowext 3dnow constant_tsc rep_good nopl nonstop_tsc extd_apicid pni monitor cx16 popcnt lahf_lm cmp_legacy svm extapic cr8_legacy abm sse4a misalignsse 3dnowprefetch osvw ibs skinit wdt nodeid_msr npt lbrv svm_lock nrip_save
bogomips	: 5225.76
TLB size	: 1024 4K pages
clflush size	: 64
cache_alignment	: 64
address sizes	: 48 bits physical, 48 bits virtual
power management: ts ttp tm stc 100mhzsteps hwpstate

processor	: 1
vendor_id	: AuthenticAMD
cpu family	: 16
model		: 5
model name	: AMD Athlon(tm) II X4 620 Processor
stepping	: 2
microcode	: 0x10000c6
cpu MHz		: 2600.000
cache size	: 512 KB
physical id	: 0
siblings	: 4
core id		: 1
cpu cores	: 4
apicid		: 1
initial apicid	: 1
fpu		: yes
fpu_exception	: yes
cpuid level	: 5
wp		: yes
flags		: fpu vme de pse tsc msr pae mce cx8 apic sep mtrr pge mca cmov pat pse36 clflush mmx fxsr sse sse2 ht syscall nx mmxext fxsr_opt pdpe1gb rdtscp lm 3dnowext 3dnow constant_tsc rep_good nopl nonstop_tsc extd_apicid pni monitor cx16 popcnt lahf_lm cmp_legacy svm extapic cr8_legacy abm sse4a misalignsse 3dnowprefetch osvw ibs skinit wdt nodeid_msr npt lbrv svm_lock nrip_save
bogomips	: 5225.76
TLB size	: 1024 4K pages
clflush size	: 64
cache_alignment	: 64
address sizes	: 48 bits physical, 48 bits virtual
power management: ts ttp tm stc 100mhzsteps hwpstate

processor	: 2
vendor_id	: AuthenticAMD
cpu family	: 16
model		: 5
model name	: AMD Athlon(tm) II X4 620 Processor
stepping	: 2
microcode	: 0x10000c6
cpu MHz		: 1900.000
cache size	: 512 KB
physical id	: 0
siblings	: 4
core id		: 2
cpu cores	: 4
apicid		: 2
initial apicid	: 2
fpu		: yes
fpu_exception	: yes
cpuid level	: 5
wp		: yes
flags		: fpu vme de pse tsc msr pae mce cx8 apic sep mtrr pge mca cmov pat pse36 clflush mmx fxsr sse sse2 ht syscall nx mmxext fxsr_opt pdpe1gb rdtscp lm 3dnowext 3dnow constant_tsc rep_good nopl nonstop_tsc extd_apicid pni monitor cx16 popcnt lahf_lm cmp_legacy svm extapic cr8_legacy abm sse4a misalignsse 3dnowprefetch osvw ibs skinit wdt nodeid_msr npt lbrv svm_lock nrip_save
bogomips	: 5225.76
TLB size	: 1024 4K pages
clflush size	: 64
cache_alignment	: 64
address sizes	: 48 bits physical, 48 bits virtual
power management: ts ttp tm stc 100mhzsteps hwpstate

processor	: 3
vendor_id	: AuthenticAMD
cpu family	: 16
model		: 5
model name	: AMD Athlon(tm) II X4 620 Processor
stepping	: 2
microcode	: 0x10000c6
cpu MHz		: 800.000
cache size	: 512 KB
physical id	: 0
siblings	: 4
core id		: 3
cpu cores	: 4
apicid		: 3
initial apicid	: 3
fpu		: yes
fpu_exception	: yes
cpuid level	: 5
wp		: yes
flags		: fpu vme de pse tsc msr pae mce cx8 apic sep mtrr pge mca cmov pat pse36 clflush mmx fxsr sse sse2 ht syscall nx mmxext fxsr_opt pdpe1gb rdtscp lm 3dnowext 3dnow constant_tsc rep_good nopl nonstop_tsc extd_apicid pni monitor cx16 popcnt lahf_lm cmp_legacy svm extapic cr8_legacy abm sse4a misalignsse 3dnowprefetch osvw ibs skinit wdt nodeid_msr npt lbrv svm_lock nrip_save
bogomips	: 5225.76
TLB size	: 1024 4K pages
clflush size	: 64
cache_alignment	: 64
address sizes	: 48 bits physical, 48 bits virtual
power management: ts ttp tm stc 100mhzsteps hwpstate



Memory: 4k page, physical 16180360k(11554900k free), swap 0k(0k free)

vm_info: OpenJDK 64-Bit Server VM (22.0-b10) for linux-amd64 JRE (1.7.0_03-b147), built on Mar  6 2012 20:02:29 by "nobody" with gcc 4.6.3

time: Thu May 10 19:31:19 2012
elapsed time: 6 seconds

