#
# A fatal error has been detected by the Java Runtime Environment:
#
#  SIGSEGV (0xb) at pc=0x00007f8e8250a2a8, pid=10110, tid=140250071410432
#
# JRE version: 7.0_03-b147
# Java VM: OpenJDK 64-Bit Server VM (22.0-b10 mixed mode linux-amd64 compressed oops)
# Derivative: IcedTea7 2.1
# Distribution: Custom build (Tue Mar  6 19:52:34 UTC 2012)
# Problematic frame:
# C  [libX11.so.6+0x382a8]  XQueryExtension+0x28
#
# Failed to write core dump. Core dumps have been disabled. To enable core dumping, try "ulimit -c unlimited" before starting Java again
#
# If you would like to submit a bug report, please include
# instructions on how to reproduce the bug and visit:
#   http://icedtea.classpath.org/bugzilla
#

---------------  T H R E A D  ---------------

Current thread (0x00007f8e8c09d000):  VMThread [stack: 0x00007f8e839fa000,0x00007f8e83afb000] [id=10120]

siginfo:si_signo=SIGSEGV: si_errno=0, si_code=1 (SEGV_MAPERR), si_addr=0xffffffff8c1c7e78

Registers:
RAX=0x00007f8e64000bd0, RBX=0xffffffff8c1c7510, RCX=0x00007f8e83af97c8, RDX=0x00007f8e83af97c4
RSP=0x00007f8e83af9760, RBP=0x00007f8e72f79932, RSI=0x00007f8e72f79932, RDI=0xffffffff8c1c7510
R8 =0x00007f8e83af97cc, R9 =0x0000000000000003, R10=0x0000000000020411, R11=0x00007f8e92396ad0
R12=0x0000000000000000, R13=0x00007f8e72f79932, R14=0x00007f8e64000bd0, R15=0x0000000000000000
RIP=0x00007f8e8250a2a8, EFLAGS=0x0000000000010206, CSGSFS=0x0000000000000033, ERR=0x0000000000000005
  TRAPNO=0x000000000000000e

Top of Stack: (sp=0x00007f8e83af9760)
0x00007f8e83af9760:   0000000000000000 0000000000000000
0x00007f8e83af9770:   0000000000000000 0000003000000003
0x00007f8e83af9780:   0000006e0000005b ffffffff8c1c7510
0x00007f8e83af9790:   00007f8e72f79932 0000000000000000
0x00007f8e83af97a0:   00007f8e72f79932 00007f8e64000bd0
0x00007f8e83af97b0:   0000000000000000 00007f8e824fe285
0x00007f8e83af97c0:   0000000000000000 00007f8e923dbb20
0x00007f8e83af97d0:   00007f8e730b2520 ffffffff8c1c7510
0x00007f8e83af97e0:   00007f8e8c1cfd70 00007f8e8281ab1b
0x00007f8e83af97f0:   00007f8e00000005 0000001100000000
0x00007f8e83af9800:   00007f8e00000005 0000000000000000
0x00007f8e83af9810:   00007f8e83af9880 ffffffff8c1c7510
0x00007f8e83af9820:   00007f8e83af99f8 00007f8e83af9b10
0x00007f8e83af9830:   00007f8e730cbd50 00007f8e72f20119
0x00007f8e83af9840:   0000000000000000 00007f8e8c1cfe20
0x00007f8e83af9850:   00007f8e83af9880 00007f8e7332e008
0x00007f8e83af9860:   00007f8e83af99f8 00007f8e83af9b10
0x00007f8e83af9870:   00000000ffffffff 00007f8e72f16b42
0x00007f8e83af9880:   00007f8e83af9b80 00007f8e72f798b1
0x00007f8e83af9890:   00007f8e83af9b80 00007f8e92f51f5f
0x00007f8e83af98a0:   00007f8e93166170 00007f8e93166700
0x00007f8e83af98b0:   00007f8e93132000 00007f8e8c005900
0x00007f8e83af98c0:   00007f8e8c00a110 00007f8e8c17b0e0
0x00007f8e83af98d0:   00007f8e8c17c560 00007f8e8c17cef0
0x00007f8e83af98e0:   00007f8e8c17d400 00007f8e8c17ca00
0x00007f8e83af98f0:   00007f8e8c17d910 00007f8e8c17e820
0x00007f8e83af9900:   00007f8e8c17e310 00007f8e8c17ed30
0x00007f8e83af9910:   00007f8e8c17f230 00007f8e8c17f720
0x00007f8e83af9920:   00007f8e8c180140 00007f8e8c181a80
0x00007f8e83af9930:   00007f8e8c182be0 00007f8e8c1830e0
0x00007f8e83af9940:   00007f8e8c1835d0 00007f8e8c17c0c0
0x00007f8e83af9950:   00007f8e8c183ad0 00007f8e8c183fe0 

Instructions: (pc=0x00007f8e8250a2a8)
0x00007f8e8250a288:   24 d8 48 89 fb 4c 89 64 24 e0 4c 89 6c 24 e8 48
0x00007f8e8250a298:   89 f5 4c 89 74 24 f0 4c 89 7c 24 f8 48 83 ec 58
0x00007f8e8250a2a8:   48 8b 87 68 09 00 00 49 89 d4 49 89 cd 4d 89 c6
0x00007f8e8250a2b8:   48 85 c0 74 02 ff 10 ba 08 00 00 00 be 62 00 00 

Register to memory mapping:

RAX=0x00007f8e64000bd0 is an unknown value
RBX=0xffffffff8c1c7510 is an unknown value
RCX=0x00007f8e83af97c8 is an unknown value
RDX=0x00007f8e83af97c4 is an unknown value
RSP=0x00007f8e83af9760 is an unknown value
RBP=0x00007f8e72f79932: <offset 0x96932> in /usr/lib/libGL.so.1 at 0x00007f8e72ee3000
RSI=0x00007f8e72f79932: <offset 0x96932> in /usr/lib/libGL.so.1 at 0x00007f8e72ee3000
RDI=0xffffffff8c1c7510 is an unknown value
R8 =0x00007f8e83af97cc is an unknown value
R9 =0x0000000000000003 is an unknown value
R10=0x0000000000020411 is an unknown value
R11=0x00007f8e92396ad0: __cxa_finalize+0 in /lib/libc.so.6 at 0x00007f8e9235f000
R12=0x0000000000000000 is an unknown value
R13=0x00007f8e72f79932: <offset 0x96932> in /usr/lib/libGL.so.1 at 0x00007f8e72ee3000
R14=0x00007f8e64000bd0 is an unknown value
R15=0x0000000000000000 is an unknown value


Stack: [0x00007f8e839fa000,0x00007f8e83afb000],  sp=0x00007f8e83af9760,  free space=1021k
Native frames: (J=compiled Java code, j=interpreted, Vv=VM code, C=native code)
C  [libX11.so.6+0x382a8]  XQueryExtension+0x28

VM_Operation (0x00007f8e4bb56e60): Exit, mode: safepoint, requested by thread 0x00007f8e8c4ce000


---------------  P R O C E S S  ---------------

Java Threads: ( => current thread )
  0x00007f8e8c006000 JavaThread "DestroyJavaVM" [_thread_blocked, id=10115, stack(0x00007f8e9302d000,0x00007f8e9312e000)]
  0x00007f8e8c4d1000 JavaThread "Thread-0" [_thread_blocked, id=10135, stack(0x00007f8e4b958000,0x00007f8e4ba59000)]
  0x00007f8e8c4ce000 JavaThread "AWT-EventQueue-0" [_thread_blocked, id=10134, stack(0x00007f8e4ba59000,0x00007f8e4bb5a000)]
  0x00007f8e8c4cc800 JavaThread "AWT-Shutdown" [_thread_blocked, id=10133, stack(0x00007f8e4bb5a000,0x00007f8e4bc5b000)]
  0x00007f8e8c437000 JavaThread "AWT-XAWT" daemon [_thread_blocked, id=10132, stack(0x00007f8e4bcfd000,0x00007f8e4bdfe000)]
  0x00007f8e8c3ed000 JavaThread "Java2D Disposer" daemon [_thread_blocked, id=10131, stack(0x00007f8e4bdfe000,0x00007f8e4beff000)]
  0x00007f8e8c3ea800 JavaThread "Java2D Queue Flusher" daemon [_thread_blocked, id=10129, stack(0x00007f8e4beff000,0x00007f8e4c000000)]
  0x00007f8e8c106000 JavaThread "Service Thread" daemon [_thread_blocked, id=10126, stack(0x00007f8e83048000,0x00007f8e83149000)]
  0x00007f8e8c103800 JavaThread "C2 CompilerThread1" daemon [_thread_blocked, id=10125, stack(0x00007f8e83149000,0x00007f8e8324a000)]
  0x00007f8e8c101000 JavaThread "C2 CompilerThread0" daemon [_thread_blocked, id=10124, stack(0x00007f8e8324a000,0x00007f8e8334b000)]
  0x00007f8e8c0fe800 JavaThread "Signal Dispatcher" daemon [_thread_blocked, id=10123, stack(0x00007f8e8334b000,0x00007f8e8344c000)]
  0x00007f8e8c0a8000 JavaThread "Finalizer" daemon [_thread_blocked, id=10122, stack(0x00007f8e837f8000,0x00007f8e838f9000)]
  0x00007f8e8c0a5800 JavaThread "Reference Handler" daemon [_thread_blocked, id=10121, stack(0x00007f8e838f9000,0x00007f8e839fa000)]

Other Threads:
=>0x00007f8e8c09d000 VMThread [stack: 0x00007f8e839fa000,0x00007f8e83afb000] [id=10120]

VM state:at safepoint (shutting down)

VM Mutex/Monitor currently owned by a thread:  ([mutex/lock_event])
[0x00007f8e8c003f50] Threads_lock - owner thread: 0x00007f8e8c09d000

Heap
 PSYoungGen      total 73792K, used 10430K [0x00000007adab0000, 0x00000007b2d00000, 0x0000000800000000)
  eden space 63296K, 7% used [0x00000007adab0000,0x00000007adf7f378,0x00000007b1880000)
  from space 10496K, 52% used [0x00000007b1880000,0x00000007b1de0630,0x00000007b22c0000)
  to   space 10496K, 0% used [0x00000007b22c0000,0x00000007b22c0000,0x00000007b2d00000)
 PSOldGen        total 168576K, used 0K [0x0000000709000000, 0x00000007134a0000, 0x00000007adab0000)
  object space 168576K, 0% used [0x0000000709000000,0x0000000709000070,0x00000007134a0000)
 PSPermGen       total 21248K, used 10912K [0x00000006fea00000, 0x00000006ffec0000, 0x0000000709000000)
  object space 21248K, 51% used [0x00000006fea00000,0x00000006ff4a8038,0x00000006ffec0000)

Code Cache  [0x00007f8e89000000, 0x00007f8e89270000, 0x00007f8e8c000000)
 total_blobs=514 nmethods=78 adapters=390 free_code_cache=48422Kb largest_free_block=49555520

Dynamic libraries:
00400000-00401000 r-xp 00000000 08:06 533859                             /usr/lib/jvm/java-7-openjdk/jre/bin/java
00600000-00601000 rw-p 00000000 08:06 533859                             /usr/lib/jvm/java-7-openjdk/jre/bin/java
024a1000-024c2000 rw-p 00000000 00:00 0                                  [heap]
6fea00000-6ffec0000 rw-p 00000000 00:00 0 
6ffec0000-709000000 rw-p 00000000 00:00 0 
709000000-7134a0000 rw-p 00000000 00:00 0 
7134a0000-7adab0000 rw-p 00000000 00:00 0 
7adab0000-7b2d00000 rw-p 00000000 00:00 0 
7b2d00000-800000000 rw-p 00000000 00:00 0 
7f8e24000000-7f8e24021000 rw-p 00000000 00:00 0 
7f8e24021000-7f8e28000000 ---p 00000000 00:00 0 
7f8e2c000000-7f8e2c0d2000 rw-p 00000000 00:00 0 
7f8e2c0d2000-7f8e30000000 ---p 00000000 00:00 0 
7f8e30000000-7f8e30021000 rw-p 00000000 00:00 0 
7f8e30021000-7f8e34000000 ---p 00000000 00:00 0 
7f8e34000000-7f8e34021000 rw-p 00000000 00:00 0 
7f8e34021000-7f8e38000000 ---p 00000000 00:00 0 
7f8e38000000-7f8e381c4000 rw-p 00000000 00:00 0 
7f8e381c4000-7f8e3c000000 ---p 00000000 00:00 0 
7f8e3c000000-7f8e3c021000 rw-p 00000000 00:00 0 
7f8e3c021000-7f8e40000000 ---p 00000000 00:00 0 
7f8e40000000-7f8e40021000 rw-p 00000000 00:00 0 
7f8e40021000-7f8e44000000 ---p 00000000 00:00 0 
7f8e44000000-7f8e44919000 rw-p 00000000 00:00 0 
7f8e44919000-7f8e48000000 ---p 00000000 00:00 0 
7f8e4abf0000-7f8e4abf3000 ---p 00000000 00:00 0 
7f8e4abf3000-7f8e4acf1000 rw-p 00000000 00:00 0 
7f8e4acf1000-7f8e4acf4000 ---p 00000000 00:00 0 
7f8e4acf4000-7f8e4adf2000 rw-p 00000000 00:00 0 
7f8e4adf2000-7f8e4aff3000 rw-s d561b000 00:05 1869                       /dev/ati/card1
7f8e4aff3000-7f8e4b1f4000 rw-s d541b000 00:05 1869                       /dev/ati/card1
7f8e4b1f4000-7f8e4b204000 r-xp 00000000 08:06 525189                     /usr/lib/jvm/java-7-openjdk/jre/lib/amd64/libnio.so
7f8e4b204000-7f8e4b404000 ---p 00010000 08:06 525189                     /usr/lib/jvm/java-7-openjdk/jre/lib/amd64/libnio.so
7f8e4b404000-7f8e4b405000 rw-p 00010000 08:06 525189                     /usr/lib/jvm/java-7-openjdk/jre/lib/amd64/libnio.so
7f8e4b405000-7f8e4b41a000 r-xp 00000000 08:06 525188                     /usr/lib/jvm/java-7-openjdk/jre/lib/amd64/libnet.so
7f8e4b41a000-7f8e4b61a000 ---p 00015000 08:06 525188                     /usr/lib/jvm/java-7-openjdk/jre/lib/amd64/libnet.so
7f8e4b61a000-7f8e4b61b000 rw-p 00015000 08:06 525188                     /usr/lib/jvm/java-7-openjdk/jre/lib/amd64/libnet.so
7f8e4b61b000-7f8e4b655000 r-xp 00000000 08:06 525196                     /usr/lib/jvm/java-7-openjdk/jre/lib/amd64/libfontmanager.so
7f8e4b655000-7f8e4b855000 ---p 0003a000 08:06 525196                     /usr/lib/jvm/java-7-openjdk/jre/lib/amd64/libfontmanager.so
7f8e4b855000-7f8e4b858000 rw-p 0003a000 08:06 525196                     /usr/lib/jvm/java-7-openjdk/jre/lib/amd64/libfontmanager.so
7f8e4b858000-7f8e4b958000 rw-s 05a4d000 00:05 1869                       /dev/ati/card1
7f8e4b958000-7f8e4b95b000 ---p 00000000 00:00 0 
7f8e4b95b000-7f8e4ba59000 rw-p 00000000 00:00 0 
7f8e4ba59000-7f8e4ba5c000 ---p 00000000 00:00 0 
7f8e4ba5c000-7f8e4bb5a000 rw-p 00000000 00:00 0 
7f8e4bb5a000-7f8e4bb5d000 ---p 00000000 00:00 0 
7f8e4bb5d000-7f8e4bc5b000 rw-p 00000000 00:00 0 
7f8e4bc5b000-7f8e4bca0000 r--s 00000000 08:07 26937                      /var/cache/fontconfig/f6b893a7224233d96cb72fd88691c0b4-le64.cache-3
7f8e4bca0000-7f8e4bcfd000 r--s 00000000 08:07 26936                      /var/cache/fontconfig/17090aa38d5c6f09fb8c5c354938f1d7-le64.cache-3
7f8e4bcfd000-7f8e4bd00000 ---p 00000000 00:00 0 
7f8e4bd00000-7f8e4bdfe000 rw-p 00000000 00:00 0 
7f8e4bdfe000-7f8e4be01000 ---p 00000000 00:00 0 
7f8e4be01000-7f8e4beff000 rw-p 00000000 00:00 0 
7f8e4beff000-7f8e4bf02000 ---p 00000000 00:00 0 
7f8e4bf02000-7f8e4c000000 rw-p 00000000 00:00 0 
7f8e4c000000-7f8e4c021000 rw-p 00000000 00:00 0 
7f8e4c021000-7f8e50000000 ---p 00000000 00:00 0 
7f8e50000000-7f8e50021000 rw-p 00000000 00:00 0 
7f8e50021000-7f8e54000000 ---p 00000000 00:00 0 
7f8e54000000-7f8e5448b000 rw-p 00000000 00:00 0 
7f8e5448b000-7f8e58000000 ---p 00000000 00:00 0 
7f8e58000000-7f8e5844e000 rw-p 00000000 00:00 0 
7f8e5844e000-7f8e5c000000 ---p 00000000 00:00 0 
7f8e5c000000-7f8e5c021000 rw-p 00000000 00:00 0 
7f8e5c021000-7f8e60000000 ---p 00000000 00:00 0 
7f8e60000000-7f8e60021000 rw-p 00000000 00:00 0 
7f8e60021000-7f8e64000000 ---p 00000000 00:00 0 
7f8e64000000-7f8e64021000 rw-p 00000000 00:00 0 
7f8e64021000-7f8e68000000 ---p 00000000 00:00 0 
7f8e68000000-7f8e68021000 rw-p 00000000 00:00 0 
7f8e68021000-7f8e6c000000 ---p 00000000 00:00 0 
7f8e6c000000-7f8e6c021000 rw-p 00000000 00:00 0 
7f8e6c021000-7f8e70000000 ---p 00000000 00:00 0 
7f8e7000a000-7f8e70067000 r--s 00000000 08:07 26934                      /var/cache/fontconfig/df311e82a1a24c41a75c2c930223552e-le64.cache-3
7f8e70067000-7f8e700af000 rw-p 00000000 00:00 0 
7f8e700af000-7f8e700ef000 rw-s 00030000 00:05 1869                       /dev/ati/card1
7f8e700ef000-7f8e70137000 rw-p 00000000 00:00 0 
7f8e70137000-7f8e70837000 rw-s 00006000 00:05 1869                       /dev/ati/card1
7f8e70837000-7f8e709b7000 rw-p 00000000 00:00 0 
7f8e709b7000-7f8e709f2000 r-xp 00000000 08:06 527355                     /usr/lib/libatiadlxx.so
7f8e709f2000-7f8e70af2000 ---p 0003b000 08:06 527355                     /usr/lib/libatiadlxx.so
7f8e70af2000-7f8e70afb000 rw-p 0003b000 08:06 527355                     /usr/lib/libatiadlxx.so
7f8e70afb000-7f8e70b0c000 rw-p 00000000 00:00 0 
7f8e70b0c000-7f8e70b13000 r-xp 00000000 08:06 526968                     /usr/lib/libatiuki.so.1.0
7f8e70b13000-7f8e70c13000 ---p 00007000 08:06 526968                     /usr/lib/libatiuki.so.1.0
7f8e70c13000-7f8e70c14000 rw-p 00007000 08:06 526968                     /usr/lib/libatiuki.so.1.0
7f8e70c14000-7f8e70c15000 rw-p 00000000 00:00 0 
7f8e70c15000-7f8e72b6f000 r-xp 00000000 08:06 527438                     /usr/lib/xorg/modules/dri/fglrx_dri.so
7f8e72b6f000-7f8e72c6f000 ---p 01f5a000 08:06 527438                     /usr/lib/xorg/modules/dri/fglrx_dri.so
7f8e72c6f000-7f8e72dbd000 rwxp 01f5a000 08:06 527438                     /usr/lib/xorg/modules/dri/fglrx_dri.so
7f8e72dbd000-7f8e72ee3000 rwxp 00000000 00:00 0 
7f8e72ee3000-7f8e72fa6000 r-xp 00000000 08:06 531369                     /usr/lib/fglrx/fglrx-libGL.so.1.2
7f8e72fa6000-7f8e730a5000 ---p 000c3000 08:06 531369                     /usr/lib/fglrx/fglrx-libGL.so.1.2
7f8e730a5000-7f8e730cc000 rwxp 000c2000 08:06 531369                     /usr/lib/fglrx/fglrx-libGL.so.1.2
7f8e730cc000-7f8e730ec000 rwxp 00000000 00:00 0 
7f8e730ec000-7f8e7312e000 r-xp 00000000 08:06 527897                     /usr/lib/libdbus-1.so.3.5.9
7f8e7312e000-7f8e7332e000 ---p 00042000 08:06 527897                     /usr/lib/libdbus-1.so.3.5.9
7f8e7332e000-7f8e73330000 rw-p 00042000 08:06 527897                     /usr/lib/libdbus-1.so.3.5.9
7f8e73330000-7f8e73341000 r-xp 00000000 08:06 533797                     /usr/lib/libp11-kit.so.0.0.0
7f8e73341000-7f8e73540000 ---p 00011000 08:06 533797                     /usr/lib/libp11-kit.so.0.0.0
7f8e73540000-7f8e73541000 r--p 00010000 08:06 533797                     /usr/lib/libp11-kit.so.0.0.0
7f8e73541000-7f8e73542000 rw-p 00011000 08:06 533797                     /usr/lib/libp11-kit.so.0.0.0
7f8e73542000-7f8e735a7000 r-xp 00000000 08:06 527102                     /usr/lib/libgmp.so.10.0.5
7f8e735a7000-7f8e737a7000 ---p 00065000 08:06 527102                     /usr/lib/libgmp.so.10.0.5
7f8e737a7000-7f8e737a8000 r--p 00065000 08:06 527102                     /usr/lib/libgmp.so.10.0.5
7f8e737a8000-7f8e737b1000 rw-p 00066000 08:06 527102                     /usr/lib/libgmp.so.10.0.5
7f8e737b1000-7f8e737c3000 r-xp 00000000 08:06 533726                     /usr/lib/libhogweed.so.2.1
7f8e737c3000-7f8e739c2000 ---p 00012000 08:06 533726                     /usr/lib/libhogweed.so.2.1
7f8e739c2000-7f8e739c3000 r--p 00011000 08:06 533726                     /usr/lib/libhogweed.so.2.1
7f8e739c3000-7f8e739c4000 rw-p 00012000 08:06 533726                     /usr/lib/libhogweed.so.2.1
7f8e739c4000-7f8e739e9000 r-xp 00000000 08:06 531660                     /usr/lib/libnettle.so.4.3
7f8e739e9000-7f8e73be9000 ---p 00025000 08:06 531660                     /usr/lib/libnettle.so.4.3
7f8e73be9000-7f8e73bea000 r--p 00025000 08:06 531660                     /usr/lib/libnettle.so.4.3
7f8e73bea000-7f8e73beb000 rw-p 00026000 08:06 531660                     /usr/lib/libnettle.so.4.3
7f8e73beb000-7f8e73bfb000 r-xp 00000000 08:06 523686                     /usr/lib/libtasn1.so.3.1.15
7f8e73bfb000-7f8e73dfa000 ---p 00010000 08:06 523686                     /usr/lib/libtasn1.so.3.1.15
7f8e73dfa000-7f8e73dfb000 r--p 0000f000 08:06 523686                     /usr/lib/libtasn1.so.3.1.15
7f8e73dfb000-7f8e73dfc000 rw-p 00010000 08:06 523686                     /usr/lib/libtasn1.so.3.1.15
7f8e73dfc000-7f8e73dff000 r-xp 00000000 08:06 536931                     /usr/lib/libkeyutils.so.1.4
7f8e73dff000-7f8e73ffe000 ---p 00003000 08:06 536931                     /usr/lib/libkeyutils.so.1.4
7f8e73ffe000-7f8e73fff000 r--p 00002000 08:06 536931                     /usr/lib/libkeyutils.so.1.4
7f8e73fff000-7f8e74000000 rw-p 00003000 08:06 536931                     /usr/lib/libkeyutils.so.1.4
7f8e74000000-7f8e74021000 rw-p 00000000 00:00 0 
7f8e74021000-7f8e78000000 ---p 00000000 00:00 0 
7f8e78033000-7f8e7803c000 r-xp 00000000 08:06 529619                     /usr/lib/libkrb5support.so.0.1
7f8e7803c000-7f8e7823b000 ---p 00009000 08:06 529619                     /usr/lib/libkrb5support.so.0.1
7f8e7823b000-7f8e7823c000 r--p 00008000 08:06 529619                     /usr/lib/libkrb5support.so.0.1
7f8e7823c000-7f8e7823d000 rw-p 00009000 08:06 529619                     /usr/lib/libkrb5support.so.0.1
7f8e7823d000-7f8e78240000 r-xp 00000000 08:06 524071                     /usr/lib/libcom_err.so.2.1
7f8e78240000-7f8e7843f000 ---p 00003000 08:06 524071                     /usr/lib/libcom_err.so.2.1
7f8e7843f000-7f8e78440000 r--p 00002000 08:06 524071                     /usr/lib/libcom_err.so.2.1
7f8e78440000-7f8e78441000 rw-p 00003000 08:06 524071                     /usr/lib/libcom_err.so.2.1
7f8e78441000-7f8e78469000 r-xp 00000000 08:06 533131                     /usr/lib/libk5crypto.so.3.1
7f8e78469000-7f8e78669000 ---p 00028000 08:06 533131                     /usr/lib/libk5crypto.so.3.1
7f8e78669000-7f8e7866a000 r--p 00028000 08:06 533131                     /usr/lib/libk5crypto.so.3.1
7f8e7866a000-7f8e7866b000 rw-p 00029000 08:06 533131                     /usr/lib/libk5crypto.so.3.1
7f8e7866b000-7f8e7866c000 rw-p 00000000 00:00 0 
7f8e7866c000-7f8e78744000 r-xp 00000000 08:06 527453                     /usr/lib/libkrb5.so.3.3
7f8e78744000-7f8e78944000 ---p 000d8000 08:06 527453                     /usr/lib/libkrb5.so.3.3
7f8e78944000-7f8e7894e000 r--p 000d8000 08:06 527453                     /usr/lib/libkrb5.so.3.3
7f8e7894e000-7f8e78950000 rw-p 000e2000 08:06 527453                     /usr/lib/libkrb5.so.3.3
7f8e78950000-7f8e78955000 r-xp 00000000 08:06 523755                     /usr/lib/libXdmcp.so.6.0.0
7f8e78955000-7f8e78b54000 ---p 00005000 08:06 523755                     /usr/lib/libXdmcp.so.6.0.0
7f8e78b54000-7f8e78b55000 r--p 00004000 08:06 523755                     /usr/lib/libXdmcp.so.6.0.0
7f8e78b55000-7f8e78b56000 rw-p 00005000 08:06 523755                     /usr/lib/libXdmcp.so.6.0.0
7f8e78b56000-7f8e78b58000 r-xp 00000000 08:06 523713                     /usr/lib/libXau.so.6.0.0
7f8e78b58000-7f8e78d58000 ---p 00002000 08:06 523713                     /usr/lib/libXau.so.6.0.0
7f8e78d58000-7f8e78d59000 r--p 00002000 08:06 523713                     /usr/lib/libXau.so.6.0.0
7f8e78d59000-7f8e78d5a000 rw-p 00003000 08:06 523713                     /usr/lib/libXau.so.6.0.0
7f8e78d5a000-7f8e78d6a000 r-xp 00000000 08:06 526584                     /usr/lib/libavahi-client.so.3.2.9
7f8e78d6a000-7f8e78f69000 ---p 00010000 08:06 526584                     /usr/lib/libavahi-client.so.3.2.9
7f8e78f69000-7f8e78f6a000 r--p 0000f000 08:06 526584                     /usr/lib/libavahi-client.so.3.2.9
7f8e78f6a000-7f8e78f6b000 rw-p 00010000 08:06 526584                     /usr/lib/libavahi-client.so.3.2.9
7f8e78f6b000-7f8e78f77000 r-xp 00000000 08:06 527596                     /usr/lib/libavahi-common.so.3.5.3
7f8e78f77000-7f8e79176000 ---p 0000c000 08:06 527596                     /usr/lib/libavahi-common.so.3.5.3
7f8e79176000-7f8e79177000 r--p 0000b000 08:06 527596                     /usr/lib/libavahi-common.so.3.5.3
7f8e79177000-7f8e79178000 rw-p 0000c000 08:06 527596                     /usr/lib/libavahi-common.so.3.5.3
7f8e79178000-7f8e7926a000 r-xp 00000000 08:06 528636                     /usr/lib/libgnutls.so.28.8.1
7f8e7926a000-7f8e7946a000 ---p 000f2000 08:06 528636                     /usr/lib/libgnutls.so.28.8.1
7f8e7946a000-7f8e79472000 r--p 000f2000 08:06 528636                     /usr/lib/libgnutls.so.28.8.1
7f8e79472000-7f8e79474000 rw-p 000fa000 08:06 528636                     /usr/lib/libgnutls.so.28.8.1
7f8e79474000-7f8e79475000 rw-p 00000000 00:00 0 
7f8e79475000-7f8e794b6000 r-xp 00000000 08:06 533554                     /usr/lib/libgssapi_krb5.so.2.2
7f8e794b6000-7f8e796b6000 ---p 00041000 08:06 533554                     /usr/lib/libgssapi_krb5.so.2.2
7f8e796b6000-7f8e796b7000 r--p 00041000 08:06 533554                     /usr/lib/libgssapi_krb5.so.2.2
7f8e796b7000-7f8e796b9000 rw-p 00042000 08:06 533554                     /usr/lib/libgssapi_krb5.so.2.2
7f8e796b9000-7f8e79712000 r-xp 00000000 08:06 531196                     /usr/lib/libpcre.so.1.0.0
7f8e79712000-7f8e79911000 ---p 00059000 08:06 531196                     /usr/lib/libpcre.so.1.0.0
7f8e79911000-7f8e79912000 r--p 00058000 08:06 531196                     /usr/lib/libpcre.so.1.0.0
7f8e79912000-7f8e79913000 rw-p 00059000 08:06 531196                     /usr/lib/libpcre.so.1.0.0
7f8e79913000-7f8e7991a000 r-xp 00000000 08:06 533126                     /usr/lib/libffi.so.6.0.0
7f8e7991a000-7f8e79b19000 ---p 00007000 08:06 533126                     /usr/lib/libffi.so.6.0.0
7f8e79b19000-7f8e79b1a000 r--p 00006000 08:06 533126                     /usr/lib/libffi.so.6.0.0
7f8e79b1a000-7f8e79b1b000 rw-p 00007000 08:06 533126                     /usr/lib/libffi.so.6.0.0
7f8e79b1b000-7f8e79b43000 r-xp 00000000 08:06 534280                     /usr/lib/libexpat.so.1.6.0
7f8e79b43000-7f8e79d42000 ---p 00028000 08:06 534280                     /usr/lib/libexpat.so.1.6.0
7f8e79d42000-7f8e79d44000 r--p 00027000 08:06 534280                     /usr/lib/libexpat.so.1.6.0
7f8e79d44000-7f8e79d45000 rw-p 00029000 08:06 534280                     /usr/lib/libexpat.so.1.6.0
7f8e79d45000-7f8e79d54000 r-xp 00000000 08:06 535331                     /usr/lib/libbz2.so.1.0.6
7f8e79d54000-7f8e79f53000 ---p 0000f000 08:06 535331                     /usr/lib/libbz2.so.1.0.6
7f8e79f53000-7f8e79f55000 rw-p 0000e000 08:06 535331                     /usr/lib/libbz2.so.1.0.6
7f8e79f55000-7f8e79fd6000 r-xp 00000000 08:06 528735                     /usr/lib/libpixman-1.so.0.24.4
7f8e79fd6000-7f8e7a1d6000 ---p 00081000 08:06 528735                     /usr/lib/libpixman-1.so.0.24.4
7f8e7a1d6000-7f8e7a1dc000 r--p 00081000 08:06 528735                     /usr/lib/libpixman-1.so.0.24.4
7f8e7a1dc000-7f8e7a1dd000 rw-p 00087000 08:06 528735                     /usr/lib/libpixman-1.so.0.24.4
7f8e7a1dd000-7f8e7a209000 r-xp 00000000 08:06 528725                     /usr/lib/libpng15.so.15.10.0
7f8e7a209000-7f8e7a408000 ---p 0002c000 08:06 528725                     /usr/lib/libpng15.so.15.10.0
7f8e7a408000-7f8e7a409000 r--p 0002b000 08:06 528725                     /usr/lib/libpng15.so.15.10.0
7f8e7a409000-7f8e7a40a000 rw-p 0002c000 08:06 528725                     /usr/lib/libpng15.so.15.10.0
7f8e7a40a000-7f8e7a41d000 r-xp 00000000 08:06 1332                       /lib/libresolv-2.15.so
7f8e7a41d000-7f8e7a61d000 ---p 00013000 08:06 1332                       /lib/libresolv-2.15.so
7f8e7a61d000-7f8e7a61e000 r--p 00013000 08:06 1332                       /lib/libresolv-2.15.so
7f8e7a61e000-7f8e7a61f000 rw-p 00014000 08:06 1332                       /lib/libresolv-2.15.so
7f8e7a61f000-7f8e7a621000 rw-p 00000000 00:00 0 
7f8e7a621000-7f8e7a623000 r-xp 00000000 08:06 533292                     /usr/lib/libXdamage.so.1.1.0
7f8e7a623000-7f8e7a822000 ---p 00002000 08:06 533292                     /usr/lib/libXdamage.so.1.1.0
7f8e7a822000-7f8e7a823000 r--p 00001000 08:06 533292                     /usr/lib/libXdamage.so.1.1.0
7f8e7a823000-7f8e7a824000 rw-p 00002000 08:06 533292                     /usr/lib/libXdamage.so.1.1.0
7f8e7a824000-7f8e7a826000 r-xp 00000000 08:06 523753                     /usr/lib/libXcomposite.so.1.0.0
7f8e7a826000-7f8e7aa25000 ---p 00002000 08:06 523753                     /usr/lib/libXcomposite.so.1.0.0
7f8e7aa25000-7f8e7aa26000 r--p 00001000 08:06 523753                     /usr/lib/libXcomposite.so.1.0.0
7f8e7aa26000-7f8e7aa27000 rw-p 00002000 08:06 523753                     /usr/lib/libXcomposite.so.1.0.0
7f8e7aa27000-7f8e7aa30000 r-xp 00000000 08:06 531336                     /usr/lib/libXcursor.so.1.0.2
7f8e7aa30000-7f8e7ac2f000 ---p 00009000 08:06 531336                     /usr/lib/libXcursor.so.1.0.2
7f8e7ac2f000-7f8e7ac30000 r--p 00008000 08:06 531336                     /usr/lib/libXcursor.so.1.0.2
7f8e7ac30000-7f8e7ac31000 rw-p 00009000 08:06 531336                     /usr/lib/libXcursor.so.1.0.2
7f8e7ac31000-7f8e7ac39000 r-xp 00000000 08:06 533170                     /usr/lib/libXrandr.so.2.2.0
7f8e7ac39000-7f8e7ae38000 ---p 00008000 08:06 533170                     /usr/lib/libXrandr.so.2.2.0
7f8e7ae38000-7f8e7ae39000 r--p 00007000 08:06 533170                     /usr/lib/libXrandr.so.2.2.0
7f8e7ae39000-7f8e7ae3a000 rw-p 00008000 08:06 533170                     /usr/lib/libXrandr.so.2.2.0
7f8e7ae3a000-7f8e7ae3c000 r-xp 00000000 08:06 523766                     /usr/lib/libXinerama.so.1.0.0
7f8e7ae3c000-7f8e7b03b000 ---p 00002000 08:06 523766                     /usr/lib/libXinerama.so.1.0.0
7f8e7b03b000-7f8e7b03c000 r--p 00001000 08:06 523766                     /usr/lib/libXinerama.so.1.0.0
7f8e7b03c000-7f8e7b03d000 rw-p 00002000 08:06 523766                     /usr/lib/libXinerama.so.1.0.0
7f8e7b03d000-7f8e7b042000 r-xp 00000000 08:06 523749                     /usr/lib/libXfixes.so.3.1.0
7f8e7b042000-7f8e7b242000 ---p 00005000 08:06 523749                     /usr/lib/libXfixes.so.3.1.0
7f8e7b242000-7f8e7b243000 r--p 00005000 08:06 523749                     /usr/lib/libXfixes.so.3.1.0
7f8e7b243000-7f8e7b244000 rw-p 00006000 08:06 523749                     /usr/lib/libXfixes.so.3.1.0
7f8e7b244000-7f8e7b261000 r-xp 00000000 08:06 533661                     /usr/lib/libxcb.so.1.1.0
7f8e7b261000-7f8e7b461000 ---p 0001d000 08:06 533661                     /usr/lib/libxcb.so.1.1.0
7f8e7b461000-7f8e7b462000 rw-p 0001d000 08:06 533661                     /usr/lib/libxcb.so.1.1.0
7f8e7b462000-7f8e7b4b4000 r-xp 00000000 08:06 528718                     /usr/lib/libcups.so.2
7f8e7b4b4000-7f8e7b6b3000 ---p 00052000 08:06 528718                     /usr/lib/libcups.so.2
7f8e7b6b3000-7f8e7b6b7000 r--p 00051000 08:06 528718                     /usr/lib/libcups.so.2
7f8e7b6b7000-7f8e7b6b8000 rw-p 00055000 08:06 528718                     /usr/lib/libcups.so.2
7f8e7b6b8000-7f8e7b7aa000 r-xp 00000000 08:06 528627                     /usr/lib/libglib-2.0.so.0.3200.2
7f8e7b7aa000-7f8e7b9a9000 ---p 000f2000 08:06 528627                     /usr/lib/libglib-2.0.so.0.3200.2
7f8e7b9a9000-7f8e7b9aa000 r--p 000f1000 08:06 528627                     /usr/lib/libglib-2.0.so.0.3200.2
7f8e7b9aa000-7f8e7b9ab000 rw-p 000f2000 08:06 528627                     /usr/lib/libglib-2.0.so.0.3200.2
7f8e7b9ab000-7f8e7b9ac000 rw-p 00000000 00:00 0 
7f8e7b9ac000-7f8e7b9ad000 r-xp 00000000 08:06 528965                     /usr/lib/libgthread-2.0.so.0.3200.2
7f8e7b9ad000-7f8e7bbac000 ---p 00001000 08:06 528965                     /usr/lib/libgthread-2.0.so.0.3200.2
7f8e7bbac000-7f8e7bbad000 r--p 00000000 08:06 528965                     /usr/lib/libgthread-2.0.so.0.3200.2
7f8e7bbad000-7f8e7bbae000 rw-p 00001000 08:06 528965                     /usr/lib/libgthread-2.0.so.0.3200.2
7f8e7bbae000-7f8e7bbb1000 r-xp 00000000 08:06 528923                     /usr/lib/libgmodule-2.0.so.0.3200.2
7f8e7bbb1000-7f8e7bdb0000 ---p 00003000 08:06 528923                     /usr/lib/libgmodule-2.0.so.0.3200.2
7f8e7bdb0000-7f8e7bdb1000 r--p 00002000 08:06 528923                     /usr/lib/libgmodule-2.0.so.0.3200.2
7f8e7bdb1000-7f8e7bdb2000 rw-p 00003000 08:06 528923                     /usr/lib/libgmodule-2.0.so.0.3200.2
7f8e7bdb2000-7f8e7bdfe000 r-xp 00000000 08:06 528966                     /usr/lib/libgobject-2.0.so.0.3200.2
7f8e7bdfe000-7f8e7bffe000 ---p 0004c000 08:06 528966                     /usr/lib/libgobject-2.0.so.0.3200.2
7f8e7bffe000-7f8e7bfff000 r--p 0004c000 08:06 528966                     /usr/lib/libgobject-2.0.so.0.3200.2
7f8e7bfff000-7f8e7c000000 rw-p 0004d000 08:06 528966                     /usr/lib/libgobject-2.0.so.0.3200.2
7f8e7c000000-7f8e7c021000 rw-p 00000000 00:00 0 
7f8e7c021000-7f8e80000000 ---p 00000000 00:00 0 
7f8e80039000-7f8e8006d000 r-xp 00000000 08:06 534580                     /usr/lib/libfontconfig.so.1.4.4
7f8e8006d000-7f8e8026d000 ---p 00034000 08:06 534580                     /usr/lib/libfontconfig.so.1.4.4
7f8e8026d000-7f8e8026e000 r--p 00034000 08:06 534580                     /usr/lib/libfontconfig.so.1.4.4
7f8e8026e000-7f8e8026f000 rw-p 00035000 08:06 534580                     /usr/lib/libfontconfig.so.1.4.4
7f8e8026f000-7f8e80308000 r-xp 00000000 08:06 533427                     /usr/lib/libfreetype.so.6.8.1
7f8e80308000-7f8e80507000 ---p 00099000 08:06 533427                     /usr/lib/libfreetype.so.6.8.1
7f8e80507000-7f8e8050d000 r--p 00098000 08:06 533427                     /usr/lib/libfreetype.so.6.8.1
7f8e8050d000-7f8e8050e000 rw-p 0009e000 08:06 533427                     /usr/lib/libfreetype.so.6.8.1
7f8e8050e000-7f8e80556000 r-xp 00000000 08:06 533234                     /usr/lib/libpango-1.0.so.0.3000.0
7f8e80556000-7f8e80756000 ---p 00048000 08:06 533234                     /usr/lib/libpango-1.0.so.0.3000.0
7f8e80756000-7f8e80758000 r--p 00048000 08:06 533234                     /usr/lib/libpango-1.0.so.0.3000.0
7f8e80758000-7f8e80759000 rw-p 0004a000 08:06 533234                     /usr/lib/libpango-1.0.so.0.3000.0
7f8e80759000-7f8e80800000 r-xp 00000000 08:06 531350                     /usr/lib/libcairo.so.2.11000.2
7f8e80800000-7f8e809ff000 ---p 000a7000 08:06 531350                     /usr/lib/libcairo.so.2.11000.2
7f8e809ff000-7f8e80a01000 r--p 000a6000 08:06 531350                     /usr/lib/libcairo.so.2.11000.2
7f8e80a01000-7f8e80a02000 rw-p 000a8000 08:06 531350                     /usr/lib/libcairo.so.2.11000.2
7f8e80a02000-7f8e80a05000 rw-p 00000000 00:00 0 
7f8e80a05000-7f8e80a26000 r-xp 00000000 08:06 532661                     /usr/lib/libgdk_pixbuf-2.0.so.0.2600.1
7f8e80a26000-7f8e80c25000 ---p 00021000 08:06 532661                     /usr/lib/libgdk_pixbuf-2.0.so.0.2600.1
7f8e80c25000-7f8e80c26000 r--p 00020000 08:06 532661                     /usr/lib/libgdk_pixbuf-2.0.so.0.2600.1
7f8e80c26000-7f8e80c27000 rw-p 00021000 08:06 532661                     /usr/lib/libgdk_pixbuf-2.0.so.0.2600.1
7f8e80c27000-7f8e80c32000 r-xp 00000000 08:06 533238                     /usr/lib/libpangocairo-1.0.so.0.3000.0
7f8e80c32000-7f8e80e32000 ---p 0000b000 08:06 533238                     /usr/lib/libpangocairo-1.0.so.0.3000.0
7f8e80e32000-7f8e80e33000 r--p 0000b000 08:06 533238                     /usr/lib/libpangocairo-1.0.so.0.3000.0
7f8e80e33000-7f8e80e34000 rw-p 0000c000 08:06 533238                     /usr/lib/libpangocairo-1.0.so.0.3000.0
7f8e80e34000-7f8e80e5f000 r-xp 00000000 08:06 533236                     /usr/lib/libpangoft2-1.0.so.0.3000.0
7f8e80e5f000-7f8e8105f000 ---p 0002b000 08:06 533236                     /usr/lib/libpangoft2-1.0.so.0.3000.0
7f8e8105f000-7f8e81060000 r--p 0002b000 08:06 533236                     /usr/lib/libpangoft2-1.0.so.0.3000.0
7f8e81060000-7f8e81061000 rw-p 0002c000 08:06 533236                     /usr/lib/libpangoft2-1.0.so.0.3000.0
7f8e81061000-7f8e811a6000 r-xp 00000000 08:06 528967                     /usr/lib/libgio-2.0.so.0.3200.2
7f8e811a6000-7f8e813a5000 ---p 00145000 08:06 528967                     /usr/lib/libgio-2.0.so.0.3200.2
7f8e813a5000-7f8e813a9000 r--p 00144000 08:06 528967                     /usr/lib/libgio-2.0.so.0.3200.2
7f8e813a9000-7f8e813ab000 rw-p 00148000 08:06 528967                     /usr/lib/libgio-2.0.so.0.3200.2
7f8e813ab000-7f8e813ad000 rw-p 00000000 00:00 0 
7f8e813ad000-7f8e813cd000 r-xp 00000000 08:06 533187                     /usr/lib/libatk-1.0.so.0.20409.1
7f8e813cd000-7f8e815cd000 ---p 00020000 08:06 533187                     /usr/lib/libatk-1.0.so.0.20409.1
7f8e815cd000-7f8e815cf000 r--p 00020000 08:06 533187                     /usr/lib/libatk-1.0.so.0.20409.1
7f8e815cf000-7f8e815d0000 rw-p 00022000 08:06 533187                     /usr/lib/libatk-1.0.so.0.20409.1
7f8e815d0000-7f8e8167d000 r-xp 00000000 08:06 523419                     /usr/lib/libgdk-x11-2.0.so.0.2400.10
7f8e8167d000-7f8e8187d000 ---p 000ad000 08:06 523419                     /usr/lib/libgdk-x11-2.0.so.0.2400.10
7f8e8187d000-7f8e81881000 r--p 000ad000 08:06 523419                     /usr/lib/libgdk-x11-2.0.so.0.2400.10
7f8e81881000-7f8e81883000 rw-p 000b1000 08:06 523419                     /usr/lib/libgdk-x11-2.0.so.0.2400.10
7f8e81883000-7f8e81ca5000 r-xp 00000000 08:06 523420                     /usr/lib/libgtk-x11-2.0.so.0.2400.10
7f8e81ca5000-7f8e81ea5000 ---p 00422000 08:06 523420                     /usr/lib/libgtk-x11-2.0.so.0.2400.10
7f8e81ea5000-7f8e81eac000 r--p 00422000 08:06 523420                     /usr/lib/libgtk-x11-2.0.so.0.2400.10
7f8e81eac000-7f8e81eb0000 rw-p 00429000 08:06 523420                     /usr/lib/libgtk-x11-2.0.so.0.2400.10
7f8e81eb0000-7f8e81eb2000 rw-p 00000000 00:00 0 
7f8e81eb2000-7f8e81ec0000 r-xp 00000000 08:06 532665                     /usr/lib/libXi.so.6.1.0
7f8e81ec0000-7f8e820bf000 ---p 0000e000 08:06 532665                     /usr/lib/libXi.so.6.1.0
7f8e820bf000-7f8e820c0000 rw-p 0000d000 08:06 532665                     /usr/lib/libXi.so.6.1.0
7f8e820c0000-7f8e820c5000 r-xp 00000000 08:06 523793                     /usr/lib/libXtst.so.6.1.0
7f8e820c5000-7f8e822c5000 ---p 00005000 08:06 523793                     /usr/lib/libXtst.so.6.1.0
7f8e822c5000-7f8e822c6000 r--p 00005000 08:06 523793                     /usr/lib/libXtst.so.6.1.0
7f8e822c6000-7f8e822c7000 rw-p 00006000 08:06 523793                     /usr/lib/libXtst.so.6.1.0
7f8e822c7000-7f8e822d1000 r-xp 00000000 08:06 529110                     /usr/lib/libXrender.so.1.3.0
7f8e822d1000-7f8e824d0000 ---p 0000a000 08:06 529110                     /usr/lib/libXrender.so.1.3.0
7f8e824d0000-7f8e824d1000 r--p 00009000 08:06 529110                     /usr/lib/libXrender.so.1.3.0
7f8e824d1000-7f8e824d2000 rw-p 0000a000 08:06 529110                     /usr/lib/libXrender.so.1.3.0
7f8e824d2000-7f8e82606000 r-xp 00000000 08:06 531386                     /usr/lib/libX11.so.6.3.0
7f8e82606000-7f8e82806000 ---p 00134000 08:06 531386                     /usr/lib/libX11.so.6.3.0
7f8e82806000-7f8e82807000 r--p 00134000 08:06 531386                     /usr/lib/libX11.so.6.3.0
7f8e82807000-7f8e8280c000 rw-p 00135000 08:06 531386                     /usr/lib/libX11.so.6.3.0
7f8e8280c000-7f8e8281e000 r-xp 00000000 08:06 523664                     /usr/lib/libXext.so.6.4.0
7f8e8281e000-7f8e82a1d000 ---p 00012000 08:06 523664                     /usr/lib/libXext.so.6.4.0
7f8e82a1d000-7f8e82a1e000 r--p 00011000 08:06 523664                     /usr/lib/libXext.so.6.4.0
7f8e82a1e000-7f8e82a1f000 rw-p 00012000 08:06 523664                     /usr/lib/libXext.so.6.4.0
7f8e82a1f000-7f8e82a71000 r-xp 00000000 08:06 533913                     /usr/lib/jvm/java-7-openjdk/jre/lib/amd64/xawt/libmawt.so
7f8e82a71000-7f8e82c70000 ---p 00052000 08:06 533913                     /usr/lib/jvm/java-7-openjdk/jre/lib/amd64/xawt/libmawt.so
7f8e82c70000-7f8e82c74000 rw-p 00051000 08:06 533913                     /usr/lib/jvm/java-7-openjdk/jre/lib/amd64/xawt/libmawt.so
7f8e82c74000-7f8e82c75000 rw-p 00000000 00:00 0 
7f8e82c75000-7f8e82d17000 r-xp 00000000 08:06 525820                     /usr/lib/jvm/java-7-openjdk/jre/lib/amd64/libawt.so
7f8e82d17000-7f8e82f17000 ---p 000a2000 08:06 525820                     /usr/lib/jvm/java-7-openjdk/jre/lib/amd64/libawt.so
7f8e82f17000-7f8e82f23000 rw-p 000a2000 08:06 525820                     /usr/lib/jvm/java-7-openjdk/jre/lib/amd64/libawt.so
7f8e82f23000-7f8e82f47000 rw-p 00000000 00:00 0 
7f8e82f47000-7f8e82f48000 ---p 00000000 00:00 0 
7f8e82f48000-7f8e83048000 rw-p 00000000 00:00 0 
7f8e83048000-7f8e8304b000 ---p 00000000 00:00 0 
7f8e8304b000-7f8e83149000 rw-p 00000000 00:00 0 
7f8e83149000-7f8e8314c000 ---p 00000000 00:00 0 
7f8e8314c000-7f8e8324a000 rw-p 00000000 00:00 0 
7f8e8324a000-7f8e8324d000 ---p 00000000 00:00 0 
7f8e8324d000-7f8e8334b000 rw-p 00000000 00:00 0 
7f8e8334b000-7f8e8334e000 ---p 00000000 00:00 0 
7f8e8334e000-7f8e8344c000 rw-p 00000000 00:00 0 
7f8e8344c000-7f8e837f8000 r--p 00000000 08:06 536728                     /usr/lib/locale/locale-archive
7f8e837f8000-7f8e837fb000 ---p 00000000 00:00 0 
7f8e837fb000-7f8e838f9000 rw-p 00000000 00:00 0 
7f8e838f9000-7f8e838fc000 ---p 00000000 00:00 0 
7f8e838fc000-7f8e839fa000 rw-p 00000000 00:00 0 
7f8e839fa000-7f8e839fb000 ---p 00000000 00:00 0 
7f8e839fb000-7f8e84000000 rw-p 00000000 00:00 0 
7f8e84000000-7f8e84021000 rw-p 00000000 00:00 0 
7f8e84021000-7f8e88000000 ---p 00000000 00:00 0 
7f8e8802f000-7f8e88033000 r--s 000a0000 08:06 523715                     /usr/lib/jvm/java-7-openjdk/jre/lib/jsse.jar
7f8e88033000-7f8e8811f000 rw-p 00000000 00:00 0 
7f8e8811f000-7f8e882ce000 r--s 03e7b000 08:06 524045                     /usr/lib/jvm/java-7-openjdk/jre/lib/rt.jar
7f8e882ce000-7f8e88321000 rw-p 00000000 00:00 0 
7f8e88321000-7f8e887f4000 rw-p 00000000 00:00 0 
7f8e887f4000-7f8e887ff000 rw-p 00000000 00:00 0 
7f8e887ff000-7f8e88847000 rw-p 00000000 00:00 0 
7f8e88847000-7f8e8889a000 rw-p 00000000 00:00 0 
7f8e8889a000-7f8e88d6c000 rw-p 00000000 00:00 0 
7f8e88d6c000-7f8e88d96000 rw-p 00000000 00:00 0 
7f8e88d96000-7f8e88fff000 rw-p 00000000 00:00 0 
7f8e88fff000-7f8e89000000 rw-p 00000000 00:00 0 
7f8e89000000-7f8e89270000 rwxp 00000000 00:00 0 
7f8e89270000-7f8e8c4da000 rw-p 00000000 00:00 0 
7f8e8c4da000-7f8e90000000 ---p 00000000 00:00 0 
7f8e90003000-7f8e90004000 r--s 00000000 00:11 27270                      /home/tobi/.fontconfig/5604230ae2129cf9aeedc64ab4ef6938-le64.cache-3
7f8e90004000-7f8e9001a000 r--s 00000000 08:07 22836                      /var/cache/fontconfig/8d4af663993b81a124ee82e610bb31f9-le64.cache-3
7f8e9001a000-7f8e90023000 r--s 00000000 08:07 26938                      /var/cache/fontconfig/d62e99ef547d1d24cdb1bd22ec1a2976-le64.cache-3
7f8e90023000-7f8e9004b000 rw-p 00000000 00:00 0 
7f8e9004b000-7f8e9004c000 ---p 00000000 00:00 0 
7f8e9004c000-7f8e9014c000 rw-p 00000000 00:00 0 
7f8e9014c000-7f8e9014d000 ---p 00000000 00:00 0 
7f8e9014d000-7f8e9024d000 rw-p 00000000 00:00 0 
7f8e9024d000-7f8e9024e000 ---p 00000000 00:00 0 
7f8e9024e000-7f8e9034e000 rw-p 00000000 00:00 0 
7f8e9034e000-7f8e9034f000 ---p 00000000 00:00 0 
7f8e9034f000-7f8e9045a000 rw-p 00000000 00:00 0 
7f8e9045a000-7f8e904a2000 rw-p 00000000 00:00 0 
7f8e904a2000-7f8e904aa000 r-xp 00000000 08:06 525197                     /usr/lib/jvm/java-7-openjdk/jre/lib/amd64/libzip.so
7f8e904aa000-7f8e906a9000 ---p 00008000 08:06 525197                     /usr/lib/jvm/java-7-openjdk/jre/lib/amd64/libzip.so
7f8e906a9000-7f8e906aa000 rw-p 00007000 08:06 525197                     /usr/lib/jvm/java-7-openjdk/jre/lib/amd64/libzip.so
7f8e906aa000-7f8e906b6000 r-xp 00000000 08:06 1309                       /lib/libnss_files-2.15.so
7f8e906b6000-7f8e908b5000 ---p 0000c000 08:06 1309                       /lib/libnss_files-2.15.so
7f8e908b5000-7f8e908b6000 r--p 0000b000 08:06 1309                       /lib/libnss_files-2.15.so
7f8e908b6000-7f8e908b7000 rw-p 0000c000 08:06 1309                       /lib/libnss_files-2.15.so
7f8e908b7000-7f8e908e0000 r-xp 00000000 08:06 525207                     /usr/lib/jvm/java-7-openjdk/jre/lib/amd64/libjava.so
7f8e908e0000-7f8e90adf000 ---p 00029000 08:06 525207                     /usr/lib/jvm/java-7-openjdk/jre/lib/amd64/libjava.so
7f8e90adf000-7f8e90ae1000 rw-p 00028000 08:06 525207                     /usr/lib/jvm/java-7-openjdk/jre/lib/amd64/libjava.so
7f8e90ae1000-7f8e90aef000 r-xp 00000000 08:06 525194                     /usr/lib/jvm/java-7-openjdk/jre/lib/amd64/libverify.so
7f8e90aef000-7f8e90cee000 ---p 0000e000 08:06 525194                     /usr/lib/jvm/java-7-openjdk/jre/lib/amd64/libverify.so
7f8e90cee000-7f8e90cf0000 rw-p 0000d000 08:06 525194                     /usr/lib/jvm/java-7-openjdk/jre/lib/amd64/libverify.so
7f8e90cf0000-7f8e90cf7000 r-xp 00000000 08:06 1288                       /lib/librt-2.15.so
7f8e90cf7000-7f8e90ef6000 ---p 00007000 08:06 1288                       /lib/librt-2.15.so
7f8e90ef6000-7f8e90ef7000 r--p 00006000 08:06 1288                       /lib/librt-2.15.so
7f8e90ef7000-7f8e90ef8000 rw-p 00007000 08:06 1288                       /lib/librt-2.15.so
7f8e90ef8000-7f8e90f0d000 r-xp 00000000 08:06 526089                     /usr/lib/libgcc_s.so.1
7f8e90f0d000-7f8e9110c000 ---p 00015000 08:06 526089                     /usr/lib/libgcc_s.so.1
7f8e9110c000-7f8e9110d000 rw-p 00014000 08:06 526089                     /usr/lib/libgcc_s.so.1
7f8e9110d000-7f8e91200000 r-xp 00000000 08:06 1293                       /lib/libm-2.15.so
7f8e91200000-7f8e91400000 ---p 000f3000 08:06 1293                       /lib/libm-2.15.so
7f8e91400000-7f8e91401000 r--p 000f3000 08:06 1293                       /lib/libm-2.15.so
7f8e91401000-7f8e91402000 rw-p 000f4000 08:06 1293                       /lib/libm-2.15.so
7f8e91402000-7f8e914e7000 r-xp 00000000 08:06 526567                     /usr/lib/libstdc++.so.6.0.17
7f8e914e7000-7f8e916e7000 ---p 000e5000 08:06 526567                     /usr/lib/libstdc++.so.6.0.17
7f8e916e7000-7f8e916ef000 r--p 000e5000 08:06 526567                     /usr/lib/libstdc++.so.6.0.17
7f8e916ef000-7f8e916f1000 rw-p 000ed000 08:06 526567                     /usr/lib/libstdc++.so.6.0.17
7f8e916f1000-7f8e91706000 rw-p 00000000 00:00 0 
7f8e91706000-7f8e92099000 r-xp 00000000 08:06 525849                     /usr/lib/jvm/java-7-openjdk/jre/lib/amd64/server/libjvm.so
7f8e92099000-7f8e92299000 ---p 00993000 08:06 525849                     /usr/lib/jvm/java-7-openjdk/jre/lib/amd64/server/libjvm.so
7f8e92299000-7f8e92335000 rw-p 00993000 08:06 525849                     /usr/lib/jvm/java-7-openjdk/jre/lib/amd64/server/libjvm.so
7f8e92335000-7f8e9235f000 rw-p 00000000 00:00 0 
7f8e9235f000-7f8e924f6000 r-xp 00000000 08:06 1304                       /lib/libc-2.15.so
7f8e924f6000-7f8e926f6000 ---p 00197000 08:06 1304                       /lib/libc-2.15.so
7f8e926f6000-7f8e926fa000 r--p 00197000 08:06 1304                       /lib/libc-2.15.so
7f8e926fa000-7f8e926fc000 rw-p 0019b000 08:06 1304                       /lib/libc-2.15.so
7f8e926fc000-7f8e92700000 rw-p 00000000 00:00 0 
7f8e92700000-7f8e92703000 r-xp 00000000 08:06 1292                       /lib/libdl-2.15.so
7f8e92703000-7f8e92902000 ---p 00003000 08:06 1292                       /lib/libdl-2.15.so
7f8e92902000-7f8e92903000 r--p 00002000 08:06 1292                       /lib/libdl-2.15.so
7f8e92903000-7f8e92904000 rw-p 00003000 08:06 1292                       /lib/libdl-2.15.so
7f8e92904000-7f8e92919000 r-xp 00000000 08:06 528979                     /usr/lib/libz.so.1.2.7
7f8e92919000-7f8e92b18000 ---p 00015000 08:06 528979                     /usr/lib/libz.so.1.2.7
7f8e92b18000-7f8e92b19000 r--p 00014000 08:06 528979                     /usr/lib/libz.so.1.2.7
7f8e92b19000-7f8e92b1a000 rw-p 00015000 08:06 528979                     /usr/lib/libz.so.1.2.7
7f8e92b1a000-7f8e92b26000 r-xp 00000000 08:06 526062                     /usr/lib/jvm/java-7-openjdk/jre/lib/amd64/jli/libjli.so
7f8e92b26000-7f8e92d26000 ---p 0000c000 08:06 526062                     /usr/lib/jvm/java-7-openjdk/jre/lib/amd64/jli/libjli.so
7f8e92d26000-7f8e92d27000 rw-p 0000c000 08:06 526062                     /usr/lib/jvm/java-7-openjdk/jre/lib/amd64/jli/libjli.so
7f8e92d27000-7f8e92d3e000 r-xp 00000000 08:06 929                        /lib/libpthread-2.15.so
7f8e92d3e000-7f8e92f3d000 ---p 00017000 08:06 929                        /lib/libpthread-2.15.so
7f8e92f3d000-7f8e92f3e000 r--p 00016000 08:06 929                        /lib/libpthread-2.15.so
7f8e92f3e000-7f8e92f3f000 rw-p 00017000 08:06 929                        /lib/libpthread-2.15.so
7f8e92f3f000-7f8e92f43000 rw-p 00000000 00:00 0 
7f8e92f43000-7f8e92f64000 r-xp 00000000 08:06 1312                       /lib/ld-2.15.so
7f8e92f64000-7f8e92f6d000 r--s 00263000 08:06 523786                     /usr/lib/jvm/java-7-openjdk/jre/lib/resources.jar
7f8e92f6d000-7f8e92f77000 rw-p 00000000 00:00 0 
7f8e92f77000-7f8e9302d000 rw-p 00000000 00:00 0 
7f8e9302d000-7f8e93030000 ---p 00000000 00:00 0 
7f8e93030000-7f8e93133000 rw-p 00000000 00:00 0 
7f8e93133000-7f8e93134000 rw-s 00005000 00:05 1869                       /dev/ati/card1
7f8e93134000-7f8e93154000 rw-s feae0000 00:05 1869                       /dev/ati/card1
7f8e93154000-7f8e93156000 rw-s 00002000 00:05 1869                       /dev/ati/card1
7f8e93156000-7f8e93159000 r--s 0000f000 08:06 526356                     /usr/lib/jvm/java-7-openjdk/jre/lib/ext/pulse-java.jar
7f8e93159000-7f8e93161000 rw-s 00000000 08:06 392931                     /tmp/hsperfdata_tobi/10110 (deleted)
7f8e93161000-7f8e93162000 rw-p 00000000 00:00 0 
7f8e93162000-7f8e93163000 ---p 00000000 00:00 0 
7f8e93163000-7f8e93164000 rw-p 00000000 00:00 0 
7f8e93164000-7f8e93165000 r--p 00021000 08:06 1312                       /lib/ld-2.15.so
7f8e93165000-7f8e93166000 rw-p 00022000 08:06 1312                       /lib/ld-2.15.so
7f8e93166000-7f8e93167000 rw-p 00000000 00:00 0 
7fffc4a86000-7fffc4aa7000 rw-p 00000000 00:00 0                          [stack]
7fffc4b75000-7fffc4b76000 r-xp 00000000 00:00 0                          [vdso]
ffffffffff600000-ffffffffff601000 r-xp 00000000 00:00 0                  [vsyscall]

VM Arguments:
jvm_args: -Dsun.java2d.opengl=True -Dfile.encoding=UTF-8 
java_command: bombi.BombiGui
Launcher Type: SUN_STANDARD

Environment Variables:
JAVA_HOME=/usr/lib/jvm/java-7-openjdk
PATH=/usr/local/bin:/usr/bin:/bin:/usr/local/sbin:/usr/sbin:/sbin:/opt/android-sdk/platform-tools:/opt/android-sdk/tools:/usr/bin/vendor_perl:/usr/bin/core_perl:/opt/qt/bin
SHELL=/bin/bash
DISPLAY=:0.0

Signal Handlers:
SIGSEGV: [libjvm.so+0x807d30], sa_mask[0]=0x7ffbfeff, sa_flags=0x10000004
SIGBUS: [libjvm.so+0x807d30], sa_mask[0]=0x7ffbfeff, sa_flags=0x10000004
SIGFPE: [libjvm.so+0x6ac970], sa_mask[0]=0x7ffbfeff, sa_flags=0x10000004
SIGPIPE: [libjvm.so+0x6ac970], sa_mask[0]=0x7ffbfeff, sa_flags=0x10000004
SIGXFSZ: [libjvm.so+0x6ac970], sa_mask[0]=0x7ffbfeff, sa_flags=0x10000004
SIGILL: [libjvm.so+0x6ac970], sa_mask[0]=0x7ffbfeff, sa_flags=0x10000004
SIGUSR1: SIG_DFL, sa_mask[0]=0x00000000, sa_flags=0x00000000
SIGUSR2: [libjvm.so+0x6acd40], sa_mask[0]=0x00000004, sa_flags=0x10000004
SIGHUP: [libjvm.so+0x6ace80], sa_mask[0]=0x7ffbfeff, sa_flags=0x10000004
SIGINT: [libjvm.so+0x6ace80], sa_mask[0]=0x7ffbfeff, sa_flags=0x10000004
SIGTERM: [libjvm.so+0x6ace80], sa_mask[0]=0x7ffbfeff, sa_flags=0x10000004
SIGQUIT: [libjvm.so+0x6ace80], sa_mask[0]=0x7ffbfeff, sa_flags=0x10000004


---------------  S Y S T E M  ---------------

OS:Linux
uname:Linux 3.3.5-1-ARCH #1 SMP PREEMPT Mon May 7 19:57:51 CEST 2012 x86_64
libc:glibc 2.15 NPTL 2.15 
rlimit: STACK 8192k, CORE 0k, NPROC 125839, NOFILE 4096, AS infinity
load average:1.09 1.08 1.12

/proc/meminfo:
MemTotal:       16180360 kB
MemFree:        11858112 kB
Buffers:          242528 kB
Cached:          2298452 kB
SwapCached:            0 kB
Active:          1749128 kB
Inactive:        1912888 kB
Active(anon):    1121428 kB
Inactive(anon):    32176 kB
Active(file):     627700 kB
Inactive(file):  1880712 kB
Unevictable:           0 kB
Mlocked:               0 kB
SwapTotal:             0 kB
SwapFree:              0 kB
Dirty:               316 kB
Writeback:             0 kB
AnonPages:       1108508 kB
Mapped:           252820 kB
Shmem:             32580 kB
Slab:             311352 kB
SReclaimable:     278976 kB
SUnreclaim:        32376 kB
KernelStack:        3984 kB
PageTables:        36532 kB
NFS_Unstable:          0 kB
Bounce:                0 kB
WritebackTmp:          0 kB
CommitLimit:     8090180 kB
Committed_AS:    2779280 kB
VmallocTotal:   34359738367 kB
VmallocUsed:      362644 kB
VmallocChunk:   34359373835 kB
HardwareCorrupted:     0 kB
AnonHugePages:    712704 kB
HugePages_Total:       0
HugePages_Free:        0
HugePages_Rsvd:        0
HugePages_Surp:        0
Hugepagesize:       2048 kB
DirectMap4k:      111104 kB
DirectMap2M:     5916672 kB
DirectMap1G:    10485760 kB


CPU:total 4 (4 cores per cpu, 1 threads per core) family 16 model 5 stepping 2, cmov, cx8, fxsr, mmx, sse, sse2, sse3, popcnt, mmxext, 3dnowpref, lzcnt, sse4a

/proc/cpuinfo:
processor	: 0
vendor_id	: AuthenticAMD
cpu family	: 16
model		: 5
model name	: AMD Athlon(tm) II X4 620 Processor
stepping	: 2
microcode	: 0x10000c6
cpu MHz		: 2600.000
cache size	: 512 KB
physical id	: 0
siblings	: 4
core id		: 0
cpu cores	: 4
apicid		: 0
initial apicid	: 0
fpu		: yes
fpu_exception	: yes
cpuid level	: 5
wp		: yes
flags		: fpu vme de pse tsc msr pae mce cx8 apic sep mtrr pge mca cmov pat pse36 clflush mmx fxsr sse sse2 ht syscall nx mmxext fxsr_opt pdpe1gb rdtscp lm 3dnowext 3dnow constant_tsc rep_good nopl nonstop_tsc extd_apicid pni monitor cx16 popcnt lahf_lm cmp_legacy svm extapic cr8_legacy abm sse4a misalignsse 3dnowprefetch osvw ibs skinit wdt nodeid_msr npt lbrv svm_lock nrip_save
bogomips	: 5225.76
TLB size	: 1024 4K pages
clflush size	: 64
cache_alignment	: 64
address sizes	: 48 bits physical, 48 bits virtual
power management: ts ttp tm stc 100mhzsteps hwpstate

processor	: 1
vendor_id	: AuthenticAMD
cpu family	: 16
model		: 5
model name	: AMD Athlon(tm) II X4 620 Processor
stepping	: 2
microcode	: 0x10000c6
cpu MHz		: 1400.000
cache size	: 512 KB
physical id	: 0
siblings	: 4
core id		: 1
cpu cores	: 4
apicid		: 1
initial apicid	: 1
fpu		: yes
fpu_exception	: yes
cpuid level	: 5
wp		: yes
flags		: fpu vme de pse tsc msr pae mce cx8 apic sep mtrr pge mca cmov pat pse36 clflush mmx fxsr sse sse2 ht syscall nx mmxext fxsr_opt pdpe1gb rdtscp lm 3dnowext 3dnow constant_tsc rep_good nopl nonstop_tsc extd_apicid pni monitor cx16 popcnt lahf_lm cmp_legacy svm extapic cr8_legacy abm sse4a misalignsse 3dnowprefetch osvw ibs skinit wdt nodeid_msr npt lbrv svm_lock nrip_save
bogomips	: 5225.76
TLB size	: 1024 4K pages
clflush size	: 64
cache_alignment	: 64
address sizes	: 48 bits physical, 48 bits virtual
power management: ts ttp tm stc 100mhzsteps hwpstate

processor	: 2
vendor_id	: AuthenticAMD
cpu family	: 16
model		: 5
model name	: AMD Athlon(tm) II X4 620 Processor
stepping	: 2
microcode	: 0x10000c6
cpu MHz		: 1900.000
cache size	: 512 KB
physical id	: 0
siblings	: 4
core id		: 2
cpu cores	: 4
apicid		: 2
initial apicid	: 2
fpu		: yes
fpu_exception	: yes
cpuid level	: 5
wp		: yes
flags		: fpu vme de pse tsc msr pae mce cx8 apic sep mtrr pge mca cmov pat pse36 clflush mmx fxsr sse sse2 ht syscall nx mmxext fxsr_opt pdpe1gb rdtscp lm 3dnowext 3dnow constant_tsc rep_good nopl nonstop_tsc extd_apicid pni monitor cx16 popcnt lahf_lm cmp_legacy svm extapic cr8_legacy abm sse4a misalignsse 3dnowprefetch osvw ibs skinit wdt nodeid_msr npt lbrv svm_lock nrip_save
bogomips	: 5225.76
TLB size	: 1024 4K pages
clflush size	: 64
cache_alignment	: 64
address sizes	: 48 bits physical, 48 bits virtual
power management: ts ttp tm stc 100mhzsteps hwpstate

processor	: 3
vendor_id	: AuthenticAMD
cpu family	: 16
model		: 5
model name	: AMD Athlon(tm) II X4 620 Processor
stepping	: 2
microcode	: 0x10000c6
cpu MHz		: 2600.000
cache size	: 512 KB
physical id	: 0
siblings	: 4
core id		: 3
cpu cores	: 4
apicid		: 3
initial apicid	: 3
fpu		: yes
fpu_exception	: yes
cpuid level	: 5
wp		: yes
flags		: fpu vme de pse tsc msr pae mce cx8 apic sep mtrr pge mca cmov pat pse36 clflush mmx fxsr sse sse2 ht syscall nx mmxext fxsr_opt pdpe1gb rdtscp lm 3dnowext 3dnow constant_tsc rep_good nopl nonstop_tsc extd_apicid pni monitor cx16 popcnt lahf_lm cmp_legacy svm extapic cr8_legacy abm sse4a misalignsse 3dnowprefetch osvw ibs skinit wdt nodeid_msr npt lbrv svm_lock nrip_save
bogomips	: 5225.76
TLB size	: 1024 4K pages
clflush size	: 64
cache_alignment	: 64
address sizes	: 48 bits physical, 48 bits virtual
power management: ts ttp tm stc 100mhzsteps hwpstate



Memory: 4k page, physical 16180360k(11858112k free), swap 0k(0k free)

vm_info: OpenJDK 64-Bit Server VM (22.0-b10) for linux-amd64 JRE (1.7.0_03-b147), built on Mar  6 2012 20:02:29 by "nobody" with gcc 4.6.3

time: Thu May 10 19:40:38 2012
elapsed time: 9 seconds

