#
# A fatal error has been detected by the Java Runtime Environment:
#
#  SIGSEGV (0xb) at pc=0x00007f9bc680a2a8, pid=6404, tid=140307049993984
#
# JRE version: 7.0_03-b147
# Java VM: OpenJDK 64-Bit Server VM (22.0-b10 mixed mode linux-amd64 compressed oops)
# Derivative: IcedTea7 2.1
# Distribution: Custom build (Tue Mar  6 19:52:34 UTC 2012)
# Problematic frame:
# C  [libX11.so.6+0x382a8]  XQueryExtension+0x28
#
# Failed to write core dump. Core dumps have been disabled. To enable core dumping, try "ulimit -c unlimited" before starting Java again
#
# If you would like to submit a bug report, please include
# instructions on how to reproduce the bug and visit:
#   http://icedtea.classpath.org/bugzilla
#

---------------  T H R E A D  ---------------

Current thread (0x00007f9bd009d000):  VMThread [stack: 0x00007f9bc7cfd000,0x00007f9bc7dfe000] [id=6415]

siginfo:si_signo=SIGSEGV: si_errno=0, si_code=1 (SEGV_MAPERR), si_addr=0xffffffffd01c1158

Registers:
RAX=0x00007f9ba8000bd0, RBX=0xffffffffd01c07f0, RCX=0x00007f9bc7dfc8b8, RDX=0x00007f9bc7dfc8b4
RSP=0x00007f9bc7dfc850, RBP=0x00007f9bb6d6f932, RSI=0x00007f9bb6d6f932, RDI=0xffffffffd01c07f0
R8 =0x00007f9bc7dfc8bc, R9 =0x0000000000000003, R10=0x0000000000020411, R11=0x00007f9bd6619ad0
R12=0x0000000000000000, R13=0x00007f9bb6d6f932, R14=0x00007f9ba8000bd0, R15=0x0000000000000000
RIP=0x00007f9bc680a2a8, EFLAGS=0x0000000000010206, CSGSFS=0x0000000000000033, ERR=0x0000000000000005
  TRAPNO=0x000000000000000e

Top of Stack: (sp=0x00007f9bc7dfc850)
0x00007f9bc7dfc850:   0000000000000000 0000000000000000
0x00007f9bc7dfc860:   0000000000000000 0000003000000003
0x00007f9bc7dfc870:   0000006e0000005b ffffffffd01c07f0
0x00007f9bc7dfc880:   00007f9bb6d6f932 0000000000000000
0x00007f9bc7dfc890:   00007f9bb6d6f932 00007f9ba8000bd0
0x00007f9bc7dfc8a0:   0000000000000000 00007f9bc67fe285
0x00007f9bc7dfc8b0:   0000000000000000 00007f9bd665eb20
0x00007f9bc7dfc8c0:   00007f9bb6ea8520 ffffffffd01c07f0
0x00007f9bc7dfc8d0:   00007f9bd01c9050 00007f9bc6b1ab1b
0x00007f9bc7dfc8e0:   00007f9b00000005 0000001100000000
0x00007f9bc7dfc8f0:   00007f9b00000005 0000000000000000
0x00007f9bc7dfc900:   00007f9bc7dfc970 ffffffffd01c07f0
0x00007f9bc7dfc910:   00007f9bc7dfcaf8 00007f9bc7dfcc10
0x00007f9bc7dfc920:   00007f9bb6ec1d50 00007f9bb6d16119
0x00007f9bc7dfc930:   0000000000000000 00007f9bd01c9100
0x00007f9bc7dfc940:   00007f9bc7dfc970 00007f9bb7124008
0x00007f9bc7dfc950:   00007f9bc7dfcaf8 00007f9bc7dfcc10
0x00007f9bc7dfc960:   00000000ffffffff 00007f9bb6d0cb42
0x00007f9bc7dfc970:   00007f9bc7dfcc80 00007f9bb6d6f8b1
0x00007f9bc7dfc980:   00007f9bc7dfcc80 00007f9bd71d4f5f
0x00007f9bc7dfc990:   00007f9bd73e9170 00007f9bd73e9700
0x00007f9bc7dfc9a0:   00007f9bd73b5000 00007f9bd0005900
0x00007f9bc7dfc9b0:   00007f9bd000a110 00007f9bd0173650
0x00007f9bc7dfc9c0:   00007f9bd0174ad0 00007f9bd0175460
0x00007f9bc7dfc9d0:   00007f9bd0175970 00007f9bd0174f70
0x00007f9bc7dfc9e0:   00007f9bd0175e80 00007f9bd0176d90
0x00007f9bc7dfc9f0:   00007f9bd0176880 00007f9bd01772a0
0x00007f9bc7dfca00:   00007f9bd01777a0 00007f9bd0177c90
0x00007f9bc7dfca10:   00007f9bd01786b0 00007f9bd0179ff0
0x00007f9bc7dfca20:   00007f9bd017b150 00007f9bd017b650
0x00007f9bc7dfca30:   00007f9bd017bb40 00007f9bd0174630
0x00007f9bc7dfca40:   00007f9bd017c040 00007f9bd017c550 

Instructions: (pc=0x00007f9bc680a2a8)
0x00007f9bc680a288:   24 d8 48 89 fb 4c 89 64 24 e0 4c 89 6c 24 e8 48
0x00007f9bc680a298:   89 f5 4c 89 74 24 f0 4c 89 7c 24 f8 48 83 ec 58
0x00007f9bc680a2a8:   48 8b 87 68 09 00 00 49 89 d4 49 89 cd 4d 89 c6
0x00007f9bc680a2b8:   48 85 c0 74 02 ff 10 ba 08 00 00 00 be 62 00 00 

Register to memory mapping:

RAX=0x00007f9ba8000bd0 is an unknown value
RBX=0xffffffffd01c07f0 is an unknown value
RCX=0x00007f9bc7dfc8b8 is an unknown value
RDX=0x00007f9bc7dfc8b4 is an unknown value
RSP=0x00007f9bc7dfc850 is an unknown value
RBP=0x00007f9bb6d6f932: <offset 0x96932> in /usr/lib/libGL.so.1 at 0x00007f9bb6cd9000
RSI=0x00007f9bb6d6f932: <offset 0x96932> in /usr/lib/libGL.so.1 at 0x00007f9bb6cd9000
RDI=0xffffffffd01c07f0 is an unknown value
R8 =0x00007f9bc7dfc8bc is an unknown value
R9 =0x0000000000000003 is an unknown value
R10=0x0000000000020411 is an unknown value
R11=0x00007f9bd6619ad0: __cxa_finalize+0 in /lib/libc.so.6 at 0x00007f9bd65e2000
R12=0x0000000000000000 is an unknown value
R13=0x00007f9bb6d6f932: <offset 0x96932> in /usr/lib/libGL.so.1 at 0x00007f9bb6cd9000
R14=0x00007f9ba8000bd0 is an unknown value
R15=0x0000000000000000 is an unknown value


Stack: [0x00007f9bc7cfd000,0x00007f9bc7dfe000],  sp=0x00007f9bc7dfc850,  free space=1022k
Native frames: (J=compiled Java code, j=interpreted, Vv=VM code, C=native code)
C  [libX11.so.6+0x382a8]  XQueryExtension+0x28

VM_Operation (0x00007f9b8f8fcf60): Exit, mode: safepoint, requested by thread 0x00007f9bd04cf000


---------------  P R O C E S S  ---------------

Java Threads: ( => current thread )
  0x00007f9bd0006000 JavaThread "DestroyJavaVM" [_thread_blocked, id=6406, stack(0x00007f9bd72b0000,0x00007f9bd73b1000)]
  0x00007f9bd04d4000 JavaThread "Thread-0" [_thread_blocked, id=6430, stack(0x00007f9b8f6fe000,0x00007f9b8f7ff000)]
  0x00007f9bd04cf000 JavaThread "AWT-EventQueue-0" [_thread_blocked, id=6428, stack(0x00007f9b8f7ff000,0x00007f9b8f900000)]
  0x00007f9bd04cd000 JavaThread "AWT-Shutdown" [_thread_blocked, id=6427, stack(0x00007f9bb4082000,0x00007f9bb4183000)]
  0x00007f9bd0430000 JavaThread "AWT-XAWT" daemon [_thread_blocked, id=6426, stack(0x00007f9bb42a2000,0x00007f9bb43a3000)]
  0x00007f9bd03e6000 JavaThread "Java2D Disposer" daemon [_thread_blocked, id=6425, stack(0x00007f9bb43a3000,0x00007f9bb44a4000)]
  0x00007f9bd03e3800 JavaThread "Java2D Queue Flusher" daemon [_thread_blocked, id=6424, stack(0x00007f9bb452c000,0x00007f9bb462d000)]
  0x00007f9bd0106000 JavaThread "Service Thread" daemon [_thread_blocked, id=6421, stack(0x00007f9bc734b000,0x00007f9bc744c000)]
  0x00007f9bd0103800 JavaThread "C2 CompilerThread1" daemon [_thread_blocked, id=6420, stack(0x00007f9bc744c000,0x00007f9bc754d000)]
  0x00007f9bd0101000 JavaThread "C2 CompilerThread0" daemon [_thread_blocked, id=6419, stack(0x00007f9bc754d000,0x00007f9bc764e000)]
  0x00007f9bd00fe800 JavaThread "Signal Dispatcher" daemon [_thread_blocked, id=6418, stack(0x00007f9bc764e000,0x00007f9bc774f000)]
  0x00007f9bd00a8000 JavaThread "Finalizer" daemon [_thread_blocked, id=6417, stack(0x00007f9bc7afb000,0x00007f9bc7bfc000)]
  0x00007f9bd00a5800 JavaThread "Reference Handler" daemon [_thread_blocked, id=6416, stack(0x00007f9bc7bfc000,0x00007f9bc7cfd000)]

Other Threads:
=>0x00007f9bd009d000 VMThread [stack: 0x00007f9bc7cfd000,0x00007f9bc7dfe000] [id=6415]

VM state:at safepoint (shutting down)

VM Mutex/Monitor currently owned by a thread:  ([mutex/lock_event])
[0x00007f9bd0003f50] Threads_lock - owner thread: 0x00007f9bd009d000

Heap
 PSYoungGen      total 73792K, used 38430K [0x00000007adab0000, 0x00000007b2d00000, 0x0000000800000000)
  eden space 63296K, 55% used [0x00000007adab0000,0x00000007afcc7808,0x00000007b1880000)
  from space 10496K, 33% used [0x00000007b1880000,0x00000007b1bf0330,0x00000007b22c0000)
  to   space 10496K, 0% used [0x00000007b22c0000,0x00000007b22c0000,0x00000007b2d00000)
 PSOldGen        total 168576K, used 0K [0x0000000709000000, 0x00000007134a0000, 0x00000007adab0000)
  object space 168576K, 0% used [0x0000000709000000,0x0000000709000000,0x00000007134a0000)
 PSPermGen       total 21248K, used 10954K [0x00000006fea00000, 0x00000006ffec0000, 0x0000000709000000)
  object space 21248K, 51% used [0x00000006fea00000,0x00000006ff4b2830,0x00000006ffec0000)

Code Cache  [0x00007f9bcd000000, 0x00007f9bcd270000, 0x00007f9bd0000000)
 total_blobs=536 nmethods=99 adapters=390 free_code_cache=48401Kb largest_free_block=49540480

Dynamic libraries:
00400000-00401000 r-xp 00000000 08:06 533859                             /usr/lib/jvm/java-7-openjdk/jre/bin/java
00600000-00601000 rw-p 00000000 08:06 533859                             /usr/lib/jvm/java-7-openjdk/jre/bin/java
01641000-01662000 rw-p 00000000 00:00 0                                  [heap]
6fea00000-6ffec0000 rw-p 00000000 00:00 0 
6ffec0000-709000000 rw-p 00000000 00:00 0 
709000000-7134a0000 rw-p 00000000 00:00 0 
7134a0000-7adab0000 rw-p 00000000 00:00 0 
7adab0000-7b2d00000 rw-p 00000000 00:00 0 
7b2d00000-800000000 rw-p 00000000 00:00 0 
7f9b68000000-7f9b68021000 rw-p 00000000 00:00 0 
7f9b68021000-7f9b6c000000 ---p 00000000 00:00 0 
7f9b70000000-7f9b70103000 rw-p 00000000 00:00 0 
7f9b70103000-7f9b74000000 ---p 00000000 00:00 0 
7f9b74000000-7f9b74021000 rw-p 00000000 00:00 0 
7f9b74021000-7f9b78000000 ---p 00000000 00:00 0 
7f9b78000000-7f9b78021000 rw-p 00000000 00:00 0 
7f9b78021000-7f9b7c000000 ---p 00000000 00:00 0 
7f9b7c000000-7f9b7c17e000 rw-p 00000000 00:00 0 
7f9b7c17e000-7f9b80000000 ---p 00000000 00:00 0 
7f9b80000000-7f9b80021000 rw-p 00000000 00:00 0 
7f9b80021000-7f9b84000000 ---p 00000000 00:00 0 
7f9b84000000-7f9b84022000 rw-p 00000000 00:00 0 
7f9b84022000-7f9b88000000 ---p 00000000 00:00 0 
7f9b88000000-7f9b88919000 rw-p 00000000 00:00 0 
7f9b88919000-7f9b8c000000 ---p 00000000 00:00 0 
7f9b8e997000-7f9b8e99a000 ---p 00000000 00:00 0 
7f9b8e99a000-7f9b8ea98000 rw-p 00000000 00:00 0 
7f9b8ea98000-7f9b8ea9b000 ---p 00000000 00:00 0 
7f9b8ea9b000-7f9b8eb99000 rw-p 00000000 00:00 0 
7f9b8eb99000-7f9b8ed99000 rw-s 0b72b000 00:05 10083                      /dev/ati/card1
7f9b8ed99000-7f9b8ef99000 rw-s 0b729000 00:05 10083                      /dev/ati/card1
7f9b8ef99000-7f9b8efa9000 r-xp 00000000 08:06 525189                     /usr/lib/jvm/java-7-openjdk/jre/lib/amd64/libnio.so
7f9b8efa9000-7f9b8f1a9000 ---p 00010000 08:06 525189                     /usr/lib/jvm/java-7-openjdk/jre/lib/amd64/libnio.so
7f9b8f1a9000-7f9b8f1aa000 rw-p 00010000 08:06 525189                     /usr/lib/jvm/java-7-openjdk/jre/lib/amd64/libnio.so
7f9b8f1aa000-7f9b8f1bf000 r-xp 00000000 08:06 525188                     /usr/lib/jvm/java-7-openjdk/jre/lib/amd64/libnet.so
7f9b8f1bf000-7f9b8f3bf000 ---p 00015000 08:06 525188                     /usr/lib/jvm/java-7-openjdk/jre/lib/amd64/libnet.so
7f9b8f3bf000-7f9b8f3c0000 rw-p 00015000 08:06 525188                     /usr/lib/jvm/java-7-openjdk/jre/lib/amd64/libnet.so
7f9b8f3c0000-7f9b8f3fa000 r-xp 00000000 08:06 525196                     /usr/lib/jvm/java-7-openjdk/jre/lib/amd64/libfontmanager.so
7f9b8f3fa000-7f9b8f5fa000 ---p 0003a000 08:06 525196                     /usr/lib/jvm/java-7-openjdk/jre/lib/amd64/libfontmanager.so
7f9b8f5fa000-7f9b8f5fd000 rw-p 0003a000 08:06 525196                     /usr/lib/jvm/java-7-openjdk/jre/lib/amd64/libfontmanager.so
7f9b8f5fe000-7f9b8f6fe000 rw-s 0b721000 00:05 10083                      /dev/ati/card1
7f9b8f6fe000-7f9b8f701000 ---p 00000000 00:00 0 
7f9b8f701000-7f9b8f7ff000 rw-p 00000000 00:00 0 
7f9b8f7ff000-7f9b8f802000 ---p 00000000 00:00 0 
7f9b8f802000-7f9b8f900000 rw-p 00000000 00:00 0 
7f9b8f900000-7f9b90000000 rw-s 00006000 00:05 10083                      /dev/ati/card1
7f9b90000000-7f9b90021000 rw-p 00000000 00:00 0 
7f9b90021000-7f9b94000000 ---p 00000000 00:00 0 
7f9b94000000-7f9b94021000 rw-p 00000000 00:00 0 
7f9b94021000-7f9b98000000 ---p 00000000 00:00 0 
7f9b98000000-7f9b98327000 rw-p 00000000 00:00 0 
7f9b98327000-7f9b9c000000 ---p 00000000 00:00 0 
7f9b9c000000-7f9b9c5a5000 rw-p 00000000 00:00 0 
7f9b9c5a5000-7f9ba0000000 ---p 00000000 00:00 0 
7f9ba0000000-7f9ba0021000 rw-p 00000000 00:00 0 
7f9ba0021000-7f9ba4000000 ---p 00000000 00:00 0 
7f9ba4000000-7f9ba4021000 rw-p 00000000 00:00 0 
7f9ba4021000-7f9ba8000000 ---p 00000000 00:00 0 
7f9ba8000000-7f9ba8021000 rw-p 00000000 00:00 0 
7f9ba8021000-7f9bac000000 ---p 00000000 00:00 0 
7f9bac000000-7f9bac021000 rw-p 00000000 00:00 0 
7f9bac021000-7f9bb0000000 ---p 00000000 00:00 0 
7f9bb0000000-7f9bb0021000 rw-p 00000000 00:00 0 
7f9bb0021000-7f9bb4000000 ---p 00000000 00:00 0 
7f9bb4082000-7f9bb4085000 ---p 00000000 00:00 0 
7f9bb4085000-7f9bb4183000 rw-p 00000000 00:00 0 
7f9bb4183000-7f9bb4184000 r--s 00000000 00:11 27270                      /home/tobi/.fontconfig/5604230ae2129cf9aeedc64ab4ef6938-le64.cache-3
7f9bb4184000-7f9bb419a000 r--s 00000000 08:07 22836                      /var/cache/fontconfig/8d4af663993b81a124ee82e610bb31f9-le64.cache-3
7f9bb419a000-7f9bb41a3000 r--s 00000000 08:07 26938                      /var/cache/fontconfig/d62e99ef547d1d24cdb1bd22ec1a2976-le64.cache-3
7f9bb41a3000-7f9bb41e8000 r--s 00000000 08:07 26937                      /var/cache/fontconfig/f6b893a7224233d96cb72fd88691c0b4-le64.cache-3
7f9bb41e8000-7f9bb4245000 r--s 00000000 08:07 26936                      /var/cache/fontconfig/17090aa38d5c6f09fb8c5c354938f1d7-le64.cache-3
7f9bb4245000-7f9bb42a2000 r--s 00000000 08:07 26934                      /var/cache/fontconfig/df311e82a1a24c41a75c2c930223552e-le64.cache-3
7f9bb42a2000-7f9bb42a5000 ---p 00000000 00:00 0 
7f9bb42a5000-7f9bb43a3000 rw-p 00000000 00:00 0 
7f9bb43a3000-7f9bb43a6000 ---p 00000000 00:00 0 
7f9bb43a6000-7f9bb44ec000 rw-p 00000000 00:00 0 
7f9bb44ec000-7f9bb452c000 rw-s 00030000 00:05 10083                      /dev/ati/card1
7f9bb452c000-7f9bb452f000 ---p 00000000 00:00 0 
7f9bb452f000-7f9bb47ad000 rw-p 00000000 00:00 0 
7f9bb47ad000-7f9bb47e8000 r-xp 00000000 08:06 527355                     /usr/lib/libatiadlxx.so
7f9bb47e8000-7f9bb48e8000 ---p 0003b000 08:06 527355                     /usr/lib/libatiadlxx.so
7f9bb48e8000-7f9bb48f1000 rw-p 0003b000 08:06 527355                     /usr/lib/libatiadlxx.so
7f9bb48f1000-7f9bb4902000 rw-p 00000000 00:00 0 
7f9bb4902000-7f9bb4909000 r-xp 00000000 08:06 526968                     /usr/lib/libatiuki.so.1.0
7f9bb4909000-7f9bb4a09000 ---p 00007000 08:06 526968                     /usr/lib/libatiuki.so.1.0
7f9bb4a09000-7f9bb4a0a000 rw-p 00007000 08:06 526968                     /usr/lib/libatiuki.so.1.0
7f9bb4a0a000-7f9bb4a0b000 rw-p 00000000 00:00 0 
7f9bb4a0b000-7f9bb6965000 r-xp 00000000 08:06 527438                     /usr/lib/xorg/modules/dri/fglrx_dri.so
7f9bb6965000-7f9bb6a65000 ---p 01f5a000 08:06 527438                     /usr/lib/xorg/modules/dri/fglrx_dri.so
7f9bb6a65000-7f9bb6bb3000 rwxp 01f5a000 08:06 527438                     /usr/lib/xorg/modules/dri/fglrx_dri.so
7f9bb6bb3000-7f9bb6cd9000 rwxp 00000000 00:00 0 
7f9bb6cd9000-7f9bb6d9c000 r-xp 00000000 08:06 531369                     /usr/lib/fglrx/fglrx-libGL.so.1.2
7f9bb6d9c000-7f9bb6e9b000 ---p 000c3000 08:06 531369                     /usr/lib/fglrx/fglrx-libGL.so.1.2
7f9bb6e9b000-7f9bb6ec2000 rwxp 000c2000 08:06 531369                     /usr/lib/fglrx/fglrx-libGL.so.1.2
7f9bb6ec2000-7f9bb6ee2000 rwxp 00000000 00:00 0 
7f9bb6ee2000-7f9bb6f24000 r-xp 00000000 08:06 527897                     /usr/lib/libdbus-1.so.3.5.9
7f9bb6f24000-7f9bb7124000 ---p 00042000 08:06 527897                     /usr/lib/libdbus-1.so.3.5.9
7f9bb7124000-7f9bb7126000 rw-p 00042000 08:06 527897                     /usr/lib/libdbus-1.so.3.5.9
7f9bb7126000-7f9bb7137000 r-xp 00000000 08:06 533797                     /usr/lib/libp11-kit.so.0.0.0
7f9bb7137000-7f9bb7336000 ---p 00011000 08:06 533797                     /usr/lib/libp11-kit.so.0.0.0
7f9bb7336000-7f9bb7337000 r--p 00010000 08:06 533797                     /usr/lib/libp11-kit.so.0.0.0
7f9bb7337000-7f9bb7338000 rw-p 00011000 08:06 533797                     /usr/lib/libp11-kit.so.0.0.0
7f9bb7338000-7f9bb739d000 r-xp 00000000 08:06 527102                     /usr/lib/libgmp.so.10.0.5
7f9bb739d000-7f9bb759d000 ---p 00065000 08:06 527102                     /usr/lib/libgmp.so.10.0.5
7f9bb759d000-7f9bb759e000 r--p 00065000 08:06 527102                     /usr/lib/libgmp.so.10.0.5
7f9bb759e000-7f9bb75a7000 rw-p 00066000 08:06 527102                     /usr/lib/libgmp.so.10.0.5
7f9bb75a7000-7f9bb75b9000 r-xp 00000000 08:06 533726                     /usr/lib/libhogweed.so.2.1
7f9bb75b9000-7f9bb77b8000 ---p 00012000 08:06 533726                     /usr/lib/libhogweed.so.2.1
7f9bb77b8000-7f9bb77b9000 r--p 00011000 08:06 533726                     /usr/lib/libhogweed.so.2.1
7f9bb77b9000-7f9bb77ba000 rw-p 00012000 08:06 533726                     /usr/lib/libhogweed.so.2.1
7f9bb77ba000-7f9bb77df000 r-xp 00000000 08:06 531660                     /usr/lib/libnettle.so.4.3
7f9bb77df000-7f9bb79df000 ---p 00025000 08:06 531660                     /usr/lib/libnettle.so.4.3
7f9bb79df000-7f9bb79e0000 r--p 00025000 08:06 531660                     /usr/lib/libnettle.so.4.3
7f9bb79e0000-7f9bb79e1000 rw-p 00026000 08:06 531660                     /usr/lib/libnettle.so.4.3
7f9bb79e1000-7f9bb79f1000 r-xp 00000000 08:06 523686                     /usr/lib/libtasn1.so.3.1.15
7f9bb79f1000-7f9bb7bf0000 ---p 00010000 08:06 523686                     /usr/lib/libtasn1.so.3.1.15
7f9bb7bf0000-7f9bb7bf1000 r--p 0000f000 08:06 523686                     /usr/lib/libtasn1.so.3.1.15
7f9bb7bf1000-7f9bb7bf2000 rw-p 00010000 08:06 523686                     /usr/lib/libtasn1.so.3.1.15
7f9bb7bf2000-7f9bb7bf5000 r-xp 00000000 08:06 536931                     /usr/lib/libkeyutils.so.1.4
7f9bb7bf5000-7f9bb7df4000 ---p 00003000 08:06 536931                     /usr/lib/libkeyutils.so.1.4
7f9bb7df4000-7f9bb7df5000 r--p 00002000 08:06 536931                     /usr/lib/libkeyutils.so.1.4
7f9bb7df5000-7f9bb7df6000 rw-p 00003000 08:06 536931                     /usr/lib/libkeyutils.so.1.4
7f9bb7df6000-7f9bb7dff000 r-xp 00000000 08:06 529619                     /usr/lib/libkrb5support.so.0.1
7f9bb7dff000-7f9bb7ffe000 ---p 00009000 08:06 529619                     /usr/lib/libkrb5support.so.0.1
7f9bb7ffe000-7f9bb7fff000 r--p 00008000 08:06 529619                     /usr/lib/libkrb5support.so.0.1
7f9bb7fff000-7f9bb8000000 rw-p 00009000 08:06 529619                     /usr/lib/libkrb5support.so.0.1
7f9bb8000000-7f9bb8021000 rw-p 00000000 00:00 0 
7f9bb8021000-7f9bbc000000 ---p 00000000 00:00 0 
7f9bbc037000-7f9bbc07f000 rw-p 00000000 00:00 0 
7f9bbc07f000-7f9bbc082000 r-xp 00000000 08:06 524071                     /usr/lib/libcom_err.so.2.1
7f9bbc082000-7f9bbc281000 ---p 00003000 08:06 524071                     /usr/lib/libcom_err.so.2.1
7f9bbc281000-7f9bbc282000 r--p 00002000 08:06 524071                     /usr/lib/libcom_err.so.2.1
7f9bbc282000-7f9bbc283000 rw-p 00003000 08:06 524071                     /usr/lib/libcom_err.so.2.1
7f9bbc283000-7f9bbc2ab000 r-xp 00000000 08:06 533131                     /usr/lib/libk5crypto.so.3.1
7f9bbc2ab000-7f9bbc4ab000 ---p 00028000 08:06 533131                     /usr/lib/libk5crypto.so.3.1
7f9bbc4ab000-7f9bbc4ac000 r--p 00028000 08:06 533131                     /usr/lib/libk5crypto.so.3.1
7f9bbc4ac000-7f9bbc4ad000 rw-p 00029000 08:06 533131                     /usr/lib/libk5crypto.so.3.1
7f9bbc4ad000-7f9bbc4ae000 rw-p 00000000 00:00 0 
7f9bbc4ae000-7f9bbc586000 r-xp 00000000 08:06 527453                     /usr/lib/libkrb5.so.3.3
7f9bbc586000-7f9bbc786000 ---p 000d8000 08:06 527453                     /usr/lib/libkrb5.so.3.3
7f9bbc786000-7f9bbc790000 r--p 000d8000 08:06 527453                     /usr/lib/libkrb5.so.3.3
7f9bbc790000-7f9bbc792000 rw-p 000e2000 08:06 527453                     /usr/lib/libkrb5.so.3.3
7f9bbc792000-7f9bbc797000 r-xp 00000000 08:06 523755                     /usr/lib/libXdmcp.so.6.0.0
7f9bbc797000-7f9bbc996000 ---p 00005000 08:06 523755                     /usr/lib/libXdmcp.so.6.0.0
7f9bbc996000-7f9bbc997000 r--p 00004000 08:06 523755                     /usr/lib/libXdmcp.so.6.0.0
7f9bbc997000-7f9bbc998000 rw-p 00005000 08:06 523755                     /usr/lib/libXdmcp.so.6.0.0
7f9bbc998000-7f9bbc99a000 r-xp 00000000 08:06 523713                     /usr/lib/libXau.so.6.0.0
7f9bbc99a000-7f9bbcb9a000 ---p 00002000 08:06 523713                     /usr/lib/libXau.so.6.0.0
7f9bbcb9a000-7f9bbcb9b000 r--p 00002000 08:06 523713                     /usr/lib/libXau.so.6.0.0
7f9bbcb9b000-7f9bbcb9c000 rw-p 00003000 08:06 523713                     /usr/lib/libXau.so.6.0.0
7f9bbcb9c000-7f9bbcbac000 r-xp 00000000 08:06 526584                     /usr/lib/libavahi-client.so.3.2.9
7f9bbcbac000-7f9bbcdab000 ---p 00010000 08:06 526584                     /usr/lib/libavahi-client.so.3.2.9
7f9bbcdab000-7f9bbcdac000 r--p 0000f000 08:06 526584                     /usr/lib/libavahi-client.so.3.2.9
7f9bbcdac000-7f9bbcdad000 rw-p 00010000 08:06 526584                     /usr/lib/libavahi-client.so.3.2.9
7f9bbcdad000-7f9bbcdb9000 r-xp 00000000 08:06 527596                     /usr/lib/libavahi-common.so.3.5.3
7f9bbcdb9000-7f9bbcfb8000 ---p 0000c000 08:06 527596                     /usr/lib/libavahi-common.so.3.5.3
7f9bbcfb8000-7f9bbcfb9000 r--p 0000b000 08:06 527596                     /usr/lib/libavahi-common.so.3.5.3
7f9bbcfb9000-7f9bbcfba000 rw-p 0000c000 08:06 527596                     /usr/lib/libavahi-common.so.3.5.3
7f9bbcfba000-7f9bbd0ac000 r-xp 00000000 08:06 528636                     /usr/lib/libgnutls.so.28.8.1
7f9bbd0ac000-7f9bbd2ac000 ---p 000f2000 08:06 528636                     /usr/lib/libgnutls.so.28.8.1
7f9bbd2ac000-7f9bbd2b4000 r--p 000f2000 08:06 528636                     /usr/lib/libgnutls.so.28.8.1
7f9bbd2b4000-7f9bbd2b6000 rw-p 000fa000 08:06 528636                     /usr/lib/libgnutls.so.28.8.1
7f9bbd2b6000-7f9bbd2b7000 rw-p 00000000 00:00 0 
7f9bbd2b7000-7f9bbd2f8000 r-xp 00000000 08:06 533554                     /usr/lib/libgssapi_krb5.so.2.2
7f9bbd2f8000-7f9bbd4f8000 ---p 00041000 08:06 533554                     /usr/lib/libgssapi_krb5.so.2.2
7f9bbd4f8000-7f9bbd4f9000 r--p 00041000 08:06 533554                     /usr/lib/libgssapi_krb5.so.2.2
7f9bbd4f9000-7f9bbd4fb000 rw-p 00042000 08:06 533554                     /usr/lib/libgssapi_krb5.so.2.2
7f9bbd4fb000-7f9bbd523000 r-xp 00000000 08:06 534280                     /usr/lib/libexpat.so.1.6.0
7f9bbd523000-7f9bbd722000 ---p 00028000 08:06 534280                     /usr/lib/libexpat.so.1.6.0
7f9bbd722000-7f9bbd724000 r--p 00027000 08:06 534280                     /usr/lib/libexpat.so.1.6.0
7f9bbd724000-7f9bbd725000 rw-p 00029000 08:06 534280                     /usr/lib/libexpat.so.1.6.0
7f9bbd725000-7f9bbd734000 r-xp 00000000 08:06 535331                     /usr/lib/libbz2.so.1.0.6
7f9bbd734000-7f9bbd933000 ---p 0000f000 08:06 535331                     /usr/lib/libbz2.so.1.0.6
7f9bbd933000-7f9bbd935000 rw-p 0000e000 08:06 535331                     /usr/lib/libbz2.so.1.0.6
7f9bbd935000-7f9bbd93d000 r-xp 00000000 08:06 534957                     /usr/lib/libxcb-render.so.0.0.0
7f9bbd93d000-7f9bbdb3d000 ---p 00008000 08:06 534957                     /usr/lib/libxcb-render.so.0.0.0
7f9bbdb3d000-7f9bbdb3e000 rw-p 00008000 08:06 534957                     /usr/lib/libxcb-render.so.0.0.0
7f9bbdb3e000-7f9bbdb40000 r-xp 00000000 08:06 530934                     /usr/lib/libxcb-shm.so.0.0.0
7f9bbdb40000-7f9bbdd3f000 ---p 00002000 08:06 530934                     /usr/lib/libxcb-shm.so.0.0.0
7f9bbdd3f000-7f9bbdd40000 rw-p 00001000 08:06 530934                     /usr/lib/libxcb-shm.so.0.0.0
7f9bbdd40000-7f9bbddc1000 r-xp 00000000 08:06 528735                     /usr/lib/libpixman-1.so.0.24.4
7f9bbddc1000-7f9bbdfc1000 ---p 00081000 08:06 528735                     /usr/lib/libpixman-1.so.0.24.4
7f9bbdfc1000-7f9bbdfc7000 r--p 00081000 08:06 528735                     /usr/lib/libpixman-1.so.0.24.4
7f9bbdfc7000-7f9bbdfc8000 rw-p 00087000 08:06 528735                     /usr/lib/libpixman-1.so.0.24.4
7f9bbdfc8000-7f9bbdff4000 r-xp 00000000 08:06 528725                     /usr/lib/libpng15.so.15.10.0
7f9bbdff4000-7f9bbe1f3000 ---p 0002c000 08:06 528725                     /usr/lib/libpng15.so.15.10.0
7f9bbe1f3000-7f9bbe1f4000 r--p 0002b000 08:06 528725                     /usr/lib/libpng15.so.15.10.0
7f9bbe1f4000-7f9bbe1f5000 rw-p 0002c000 08:06 528725                     /usr/lib/libpng15.so.15.10.0
7f9bbe1f5000-7f9bbe208000 r-xp 00000000 08:06 1332                       /lib/libresolv-2.15.so
7f9bbe208000-7f9bbe408000 ---p 00013000 08:06 1332                       /lib/libresolv-2.15.so
7f9bbe408000-7f9bbe409000 r--p 00013000 08:06 1332                       /lib/libresolv-2.15.so
7f9bbe409000-7f9bbe40a000 rw-p 00014000 08:06 1332                       /lib/libresolv-2.15.so
7f9bbe40a000-7f9bbe40c000 rw-p 00000000 00:00 0 
7f9bbe40c000-7f9bbe465000 r-xp 00000000 08:06 531196                     /usr/lib/libpcre.so.1.0.0
7f9bbe465000-7f9bbe664000 ---p 00059000 08:06 531196                     /usr/lib/libpcre.so.1.0.0
7f9bbe664000-7f9bbe665000 r--p 00058000 08:06 531196                     /usr/lib/libpcre.so.1.0.0
7f9bbe665000-7f9bbe666000 rw-p 00059000 08:06 531196                     /usr/lib/libpcre.so.1.0.0
7f9bbe666000-7f9bbe66d000 r-xp 00000000 08:06 533126                     /usr/lib/libffi.so.6.0.0
7f9bbe66d000-7f9bbe86c000 ---p 00007000 08:06 533126                     /usr/lib/libffi.so.6.0.0
7f9bbe86c000-7f9bbe86d000 r--p 00006000 08:06 533126                     /usr/lib/libffi.so.6.0.0
7f9bbe86d000-7f9bbe86e000 rw-p 00007000 08:06 533126                     /usr/lib/libffi.so.6.0.0
7f9bbe86e000-7f9bbe870000 r-xp 00000000 08:06 533292                     /usr/lib/libXdamage.so.1.1.0
7f9bbe870000-7f9bbea6f000 ---p 00002000 08:06 533292                     /usr/lib/libXdamage.so.1.1.0
7f9bbea6f000-7f9bbea70000 r--p 00001000 08:06 533292                     /usr/lib/libXdamage.so.1.1.0
7f9bbea70000-7f9bbea71000 rw-p 00002000 08:06 533292                     /usr/lib/libXdamage.so.1.1.0
7f9bbea71000-7f9bbea73000 r-xp 00000000 08:06 523753                     /usr/lib/libXcomposite.so.1.0.0
7f9bbea73000-7f9bbec72000 ---p 00002000 08:06 523753                     /usr/lib/libXcomposite.so.1.0.0
7f9bbec72000-7f9bbec73000 r--p 00001000 08:06 523753                     /usr/lib/libXcomposite.so.1.0.0
7f9bbec73000-7f9bbec74000 rw-p 00002000 08:06 523753                     /usr/lib/libXcomposite.so.1.0.0
7f9bbec74000-7f9bbec7d000 r-xp 00000000 08:06 531336                     /usr/lib/libXcursor.so.1.0.2
7f9bbec7d000-7f9bbee7c000 ---p 00009000 08:06 531336                     /usr/lib/libXcursor.so.1.0.2
7f9bbee7c000-7f9bbee7d000 r--p 00008000 08:06 531336                     /usr/lib/libXcursor.so.1.0.2
7f9bbee7d000-7f9bbee7e000 rw-p 00009000 08:06 531336                     /usr/lib/libXcursor.so.1.0.2
7f9bbee7e000-7f9bbee86000 r-xp 00000000 08:06 533170                     /usr/lib/libXrandr.so.2.2.0
7f9bbee86000-7f9bbf085000 ---p 00008000 08:06 533170                     /usr/lib/libXrandr.so.2.2.0
7f9bbf085000-7f9bbf086000 r--p 00007000 08:06 533170                     /usr/lib/libXrandr.so.2.2.0
7f9bbf086000-7f9bbf087000 rw-p 00008000 08:06 533170                     /usr/lib/libXrandr.so.2.2.0
7f9bbf087000-7f9bbf089000 r-xp 00000000 08:06 523766                     /usr/lib/libXinerama.so.1.0.0
7f9bbf089000-7f9bbf288000 ---p 00002000 08:06 523766                     /usr/lib/libXinerama.so.1.0.0
7f9bbf288000-7f9bbf289000 r--p 00001000 08:06 523766                     /usr/lib/libXinerama.so.1.0.0
7f9bbf289000-7f9bbf28a000 rw-p 00002000 08:06 523766                     /usr/lib/libXinerama.so.1.0.0
7f9bbf28a000-7f9bbf28f000 r-xp 00000000 08:06 523749                     /usr/lib/libXfixes.so.3.1.0
7f9bbf28f000-7f9bbf48f000 ---p 00005000 08:06 523749                     /usr/lib/libXfixes.so.3.1.0
7f9bbf48f000-7f9bbf490000 r--p 00005000 08:06 523749                     /usr/lib/libXfixes.so.3.1.0
7f9bbf490000-7f9bbf491000 rw-p 00006000 08:06 523749                     /usr/lib/libXfixes.so.3.1.0
7f9bbf491000-7f9bbf4ae000 r-xp 00000000 08:06 533661                     /usr/lib/libxcb.so.1.1.0
7f9bbf4ae000-7f9bbf6ae000 ---p 0001d000 08:06 533661                     /usr/lib/libxcb.so.1.1.0
7f9bbf6ae000-7f9bbf6af000 rw-p 0001d000 08:06 533661                     /usr/lib/libxcb.so.1.1.0
7f9bbf6af000-7f9bbf701000 r-xp 00000000 08:06 527907                     /usr/lib/libcups.so.2
7f9bbf701000-7f9bbf901000 ---p 00052000 08:06 527907                     /usr/lib/libcups.so.2
7f9bbf901000-7f9bbf905000 r--p 00052000 08:06 527907                     /usr/lib/libcups.so.2
7f9bbf905000-7f9bbf906000 rw-p 00056000 08:06 527907                     /usr/lib/libcups.so.2
7f9bbf906000-7f9bbf9f8000 r-xp 00000000 08:06 528037                     /usr/lib/libglib-2.0.so.0.3200.3
7f9bbf9f8000-7f9bbfbf7000 ---p 000f2000 08:06 528037                     /usr/lib/libglib-2.0.so.0.3200.3
7f9bbfbf7000-7f9bbfbf8000 r--p 000f1000 08:06 528037                     /usr/lib/libglib-2.0.so.0.3200.3
7f9bbfbf8000-7f9bbfbf9000 rw-p 000f2000 08:06 528037                     /usr/lib/libglib-2.0.so.0.3200.3
7f9bbfbf9000-7f9bbfbfa000 rw-p 00000000 00:00 0 
7f9bbfbfa000-7f9bbfbfb000 r-xp 00000000 08:06 528046                     /usr/lib/libgthread-2.0.so.0.3200.3
7f9bbfbfb000-7f9bbfdfa000 ---p 00001000 08:06 528046                     /usr/lib/libgthread-2.0.so.0.3200.3
7f9bbfdfa000-7f9bbfdfb000 r--p 00000000 08:06 528046                     /usr/lib/libgthread-2.0.so.0.3200.3
7f9bbfdfb000-7f9bbfdfc000 rw-p 00001000 08:06 528046                     /usr/lib/libgthread-2.0.so.0.3200.3
7f9bbfdfc000-7f9bbfdff000 r-xp 00000000 08:06 528042                     /usr/lib/libgmodule-2.0.so.0.3200.3
7f9bbfdff000-7f9bbfffe000 ---p 00003000 08:06 528042                     /usr/lib/libgmodule-2.0.so.0.3200.3
7f9bbfffe000-7f9bbffff000 r--p 00002000 08:06 528042                     /usr/lib/libgmodule-2.0.so.0.3200.3
7f9bbffff000-7f9bc0000000 rw-p 00003000 08:06 528042                     /usr/lib/libgmodule-2.0.so.0.3200.3
7f9bc0000000-7f9bc0021000 rw-p 00000000 00:00 0 
7f9bc0021000-7f9bc4000000 ---p 00000000 00:00 0 
7f9bc4020000-7f9bc40a0000 rw-p 00000000 00:00 0 
7f9bc40a0000-7f9bc40ec000 r-xp 00000000 08:06 528048                     /usr/lib/libgobject-2.0.so.0.3200.3
7f9bc40ec000-7f9bc42ec000 ---p 0004c000 08:06 528048                     /usr/lib/libgobject-2.0.so.0.3200.3
7f9bc42ec000-7f9bc42ed000 r--p 0004c000 08:06 528048                     /usr/lib/libgobject-2.0.so.0.3200.3
7f9bc42ed000-7f9bc42ee000 rw-p 0004d000 08:06 528048                     /usr/lib/libgobject-2.0.so.0.3200.3
7f9bc42ee000-7f9bc4322000 r-xp 00000000 08:06 534580                     /usr/lib/libfontconfig.so.1.4.4
7f9bc4322000-7f9bc4522000 ---p 00034000 08:06 534580                     /usr/lib/libfontconfig.so.1.4.4
7f9bc4522000-7f9bc4523000 r--p 00034000 08:06 534580                     /usr/lib/libfontconfig.so.1.4.4
7f9bc4523000-7f9bc4524000 rw-p 00035000 08:06 534580                     /usr/lib/libfontconfig.so.1.4.4
7f9bc4524000-7f9bc45bd000 r-xp 00000000 08:06 533427                     /usr/lib/libfreetype.so.6.8.1
7f9bc45bd000-7f9bc47bc000 ---p 00099000 08:06 533427                     /usr/lib/libfreetype.so.6.8.1
7f9bc47bc000-7f9bc47c2000 r--p 00098000 08:06 533427                     /usr/lib/libfreetype.so.6.8.1
7f9bc47c2000-7f9bc47c3000 rw-p 0009e000 08:06 533427                     /usr/lib/libfreetype.so.6.8.1
7f9bc47c3000-7f9bc480b000 r-xp 00000000 08:06 533234                     /usr/lib/libpango-1.0.so.0.3000.0
7f9bc480b000-7f9bc4a0b000 ---p 00048000 08:06 533234                     /usr/lib/libpango-1.0.so.0.3000.0
7f9bc4a0b000-7f9bc4a0d000 r--p 00048000 08:06 533234                     /usr/lib/libpango-1.0.so.0.3000.0
7f9bc4a0d000-7f9bc4a0e000 rw-p 0004a000 08:06 533234                     /usr/lib/libpango-1.0.so.0.3000.0
7f9bc4a0e000-7f9bc4afe000 r-xp 00000000 08:06 527614                     /usr/lib/libcairo.so.2.11200.2
7f9bc4afe000-7f9bc4cfe000 ---p 000f0000 08:06 527614                     /usr/lib/libcairo.so.2.11200.2
7f9bc4cfe000-7f9bc4d02000 rw-p 000f0000 08:06 527614                     /usr/lib/libcairo.so.2.11200.2
7f9bc4d02000-7f9bc4d03000 rw-p 00000000 00:00 0 
7f9bc4d03000-7f9bc4d24000 r-xp 00000000 08:06 532661                     /usr/lib/libgdk_pixbuf-2.0.so.0.2600.1
7f9bc4d24000-7f9bc4f23000 ---p 00021000 08:06 532661                     /usr/lib/libgdk_pixbuf-2.0.so.0.2600.1
7f9bc4f23000-7f9bc4f24000 r--p 00020000 08:06 532661                     /usr/lib/libgdk_pixbuf-2.0.so.0.2600.1
7f9bc4f24000-7f9bc4f25000 rw-p 00021000 08:06 532661                     /usr/lib/libgdk_pixbuf-2.0.so.0.2600.1
7f9bc4f25000-7f9bc4f30000 r-xp 00000000 08:06 533238                     /usr/lib/libpangocairo-1.0.so.0.3000.0
7f9bc4f30000-7f9bc5130000 ---p 0000b000 08:06 533238                     /usr/lib/libpangocairo-1.0.so.0.3000.0
7f9bc5130000-7f9bc5131000 r--p 0000b000 08:06 533238                     /usr/lib/libpangocairo-1.0.so.0.3000.0
7f9bc5131000-7f9bc5132000 rw-p 0000c000 08:06 533238                     /usr/lib/libpangocairo-1.0.so.0.3000.0
7f9bc5132000-7f9bc515d000 r-xp 00000000 08:06 533236                     /usr/lib/libpangoft2-1.0.so.0.3000.0
7f9bc515d000-7f9bc535d000 ---p 0002b000 08:06 533236                     /usr/lib/libpangoft2-1.0.so.0.3000.0
7f9bc535d000-7f9bc535e000 r--p 0002b000 08:06 533236                     /usr/lib/libpangoft2-1.0.so.0.3000.0
7f9bc535e000-7f9bc535f000 rw-p 0002c000 08:06 533236                     /usr/lib/libpangoft2-1.0.so.0.3000.0
7f9bc535f000-7f9bc54a4000 r-xp 00000000 08:06 528051                     /usr/lib/libgio-2.0.so.0.3200.3
7f9bc54a4000-7f9bc56a4000 ---p 00145000 08:06 528051                     /usr/lib/libgio-2.0.so.0.3200.3
7f9bc56a4000-7f9bc56a8000 r--p 00145000 08:06 528051                     /usr/lib/libgio-2.0.so.0.3200.3
7f9bc56a8000-7f9bc56aa000 rw-p 00149000 08:06 528051                     /usr/lib/libgio-2.0.so.0.3200.3
7f9bc56aa000-7f9bc56ac000 rw-p 00000000 00:00 0 
7f9bc56ac000-7f9bc56cc000 r-xp 00000000 08:06 533187                     /usr/lib/libatk-1.0.so.0.20409.1
7f9bc56cc000-7f9bc58cc000 ---p 00020000 08:06 533187                     /usr/lib/libatk-1.0.so.0.20409.1
7f9bc58cc000-7f9bc58ce000 r--p 00020000 08:06 533187                     /usr/lib/libatk-1.0.so.0.20409.1
7f9bc58ce000-7f9bc58cf000 rw-p 00022000 08:06 533187                     /usr/lib/libatk-1.0.so.0.20409.1
7f9bc58cf000-7f9bc597c000 r-xp 00000000 08:06 523419                     /usr/lib/libgdk-x11-2.0.so.0.2400.10
7f9bc597c000-7f9bc5b7c000 ---p 000ad000 08:06 523419                     /usr/lib/libgdk-x11-2.0.so.0.2400.10
7f9bc5b7c000-7f9bc5b80000 r--p 000ad000 08:06 523419                     /usr/lib/libgdk-x11-2.0.so.0.2400.10
7f9bc5b80000-7f9bc5b82000 rw-p 000b1000 08:06 523419                     /usr/lib/libgdk-x11-2.0.so.0.2400.10
7f9bc5b82000-7f9bc5fa4000 r-xp 00000000 08:06 523420                     /usr/lib/libgtk-x11-2.0.so.0.2400.10
7f9bc5fa4000-7f9bc61a4000 ---p 00422000 08:06 523420                     /usr/lib/libgtk-x11-2.0.so.0.2400.10
7f9bc61a4000-7f9bc61ab000 r--p 00422000 08:06 523420                     /usr/lib/libgtk-x11-2.0.so.0.2400.10
7f9bc61ab000-7f9bc61af000 rw-p 00429000 08:06 523420                     /usr/lib/libgtk-x11-2.0.so.0.2400.10
7f9bc61af000-7f9bc61b1000 rw-p 00000000 00:00 0 
7f9bc61b1000-7f9bc61bf000 r-xp 00000000 08:06 526751                     /usr/lib/libXi.so.6.1.0
7f9bc61bf000-7f9bc63be000 ---p 0000e000 08:06 526751                     /usr/lib/libXi.so.6.1.0
7f9bc63be000-7f9bc63bf000 r--p 0000d000 08:06 526751                     /usr/lib/libXi.so.6.1.0
7f9bc63bf000-7f9bc63c0000 rw-p 0000e000 08:06 526751                     /usr/lib/libXi.so.6.1.0
7f9bc63c0000-7f9bc63c5000 r-xp 00000000 08:06 523793                     /usr/lib/libXtst.so.6.1.0
7f9bc63c5000-7f9bc65c5000 ---p 00005000 08:06 523793                     /usr/lib/libXtst.so.6.1.0
7f9bc65c5000-7f9bc65c6000 r--p 00005000 08:06 523793                     /usr/lib/libXtst.so.6.1.0
7f9bc65c6000-7f9bc65c7000 rw-p 00006000 08:06 523793                     /usr/lib/libXtst.so.6.1.0
7f9bc65c7000-7f9bc65d1000 r-xp 00000000 08:06 529110                     /usr/lib/libXrender.so.1.3.0
7f9bc65d1000-7f9bc67d0000 ---p 0000a000 08:06 529110                     /usr/lib/libXrender.so.1.3.0
7f9bc67d0000-7f9bc67d1000 r--p 00009000 08:06 529110                     /usr/lib/libXrender.so.1.3.0
7f9bc67d1000-7f9bc67d2000 rw-p 0000a000 08:06 529110                     /usr/lib/libXrender.so.1.3.0
7f9bc67d2000-7f9bc6906000 r-xp 00000000 08:06 531386                     /usr/lib/libX11.so.6.3.0
7f9bc6906000-7f9bc6b06000 ---p 00134000 08:06 531386                     /usr/lib/libX11.so.6.3.0
7f9bc6b06000-7f9bc6b07000 r--p 00134000 08:06 531386                     /usr/lib/libX11.so.6.3.0
7f9bc6b07000-7f9bc6b0c000 rw-p 00135000 08:06 531386                     /usr/lib/libX11.so.6.3.0
7f9bc6b0c000-7f9bc6b1e000 r-xp 00000000 08:06 523664                     /usr/lib/libXext.so.6.4.0
7f9bc6b1e000-7f9bc6d1d000 ---p 00012000 08:06 523664                     /usr/lib/libXext.so.6.4.0
7f9bc6d1d000-7f9bc6d1e000 r--p 00011000 08:06 523664                     /usr/lib/libXext.so.6.4.0
7f9bc6d1e000-7f9bc6d1f000 rw-p 00012000 08:06 523664                     /usr/lib/libXext.so.6.4.0
7f9bc6d1f000-7f9bc6d71000 r-xp 00000000 08:06 533913                     /usr/lib/jvm/java-7-openjdk/jre/lib/amd64/xawt/libmawt.so
7f9bc6d71000-7f9bc6f70000 ---p 00052000 08:06 533913                     /usr/lib/jvm/java-7-openjdk/jre/lib/amd64/xawt/libmawt.so
7f9bc6f70000-7f9bc6f74000 rw-p 00051000 08:06 533913                     /usr/lib/jvm/java-7-openjdk/jre/lib/amd64/xawt/libmawt.so
7f9bc6f74000-7f9bc6f75000 rw-p 00000000 00:00 0 
7f9bc6f75000-7f9bc7017000 r-xp 00000000 08:06 525820                     /usr/lib/jvm/java-7-openjdk/jre/lib/amd64/libawt.so
7f9bc7017000-7f9bc7217000 ---p 000a2000 08:06 525820                     /usr/lib/jvm/java-7-openjdk/jre/lib/amd64/libawt.so
7f9bc7217000-7f9bc7223000 rw-p 000a2000 08:06 525820                     /usr/lib/jvm/java-7-openjdk/jre/lib/amd64/libawt.so
7f9bc7223000-7f9bc7247000 rw-p 00000000 00:00 0 
7f9bc7247000-7f9bc724a000 r--s 0000f000 08:06 526356                     /usr/lib/jvm/java-7-openjdk/jre/lib/ext/pulse-java.jar
7f9bc724a000-7f9bc724b000 ---p 00000000 00:00 0 
7f9bc724b000-7f9bc734b000 rw-p 00000000 00:00 0 
7f9bc734b000-7f9bc734e000 ---p 00000000 00:00 0 
7f9bc734e000-7f9bc744c000 rw-p 00000000 00:00 0 
7f9bc744c000-7f9bc744f000 ---p 00000000 00:00 0 
7f9bc744f000-7f9bc754d000 rw-p 00000000 00:00 0 
7f9bc754d000-7f9bc7550000 ---p 00000000 00:00 0 
7f9bc7550000-7f9bc764e000 rw-p 00000000 00:00 0 
7f9bc764e000-7f9bc7651000 ---p 00000000 00:00 0 
7f9bc7651000-7f9bc774f000 rw-p 00000000 00:00 0 
7f9bc774f000-7f9bc7afb000 r--p 00000000 08:06 536728                     /usr/lib/locale/locale-archive
7f9bc7afb000-7f9bc7afe000 ---p 00000000 00:00 0 
7f9bc7afe000-7f9bc7bfc000 rw-p 00000000 00:00 0 
7f9bc7bfc000-7f9bc7bff000 ---p 00000000 00:00 0 
7f9bc7bff000-7f9bc7cfd000 rw-p 00000000 00:00 0 
7f9bc7cfd000-7f9bc7cfe000 ---p 00000000 00:00 0 
7f9bc7cfe000-7f9bc8000000 rw-p 00000000 00:00 0 
7f9bc8000000-7f9bc8021000 rw-p 00000000 00:00 0 
7f9bc8021000-7f9bcc000000 ---p 00000000 00:00 0 
7f9bcc03f000-7f9bcc342000 rw-p 00000000 00:00 0 
7f9bcc342000-7f9bcc4f1000 r--s 03e7b000 08:06 524045                     /usr/lib/jvm/java-7-openjdk/jre/lib/rt.jar
7f9bcc4f1000-7f9bcc4f2000 ---p 00000000 00:00 0 
7f9bcc4f2000-7f9bcc5f2000 rw-p 00000000 00:00 0 
7f9bcc5f2000-7f9bcc5f3000 ---p 00000000 00:00 0 
7f9bcc5f3000-7f9bcc6f3000 rw-p 00000000 00:00 0 
7f9bcc6f3000-7f9bcc6f4000 ---p 00000000 00:00 0 
7f9bcc6f4000-7f9bcc7ff000 rw-p 00000000 00:00 0 
7f9bcc7ff000-7f9bcc847000 rw-p 00000000 00:00 0 
7f9bcc847000-7f9bcc89a000 rw-p 00000000 00:00 0 
7f9bcc89a000-7f9bccd6c000 rw-p 00000000 00:00 0 
7f9bccd6c000-7f9bccd96000 rw-p 00000000 00:00 0 
7f9bccd96000-7f9bccfff000 rw-p 00000000 00:00 0 
7f9bccfff000-7f9bcd000000 rw-p 00000000 00:00 0 
7f9bcd000000-7f9bcd270000 rwxp 00000000 00:00 0 
7f9bcd270000-7f9bd04db000 rw-p 00000000 00:00 0 
7f9bd04db000-7f9bd4000000 ---p 00000000 00:00 0 
7f9bd4013000-7f9bd4017000 r--s 000a0000 08:06 523715                     /usr/lib/jvm/java-7-openjdk/jre/lib/jsse.jar
7f9bd4017000-7f9bd40ab000 rw-p 00000000 00:00 0 
7f9bd40ab000-7f9bd40ac000 ---p 00000000 00:00 0 
7f9bd40ac000-7f9bd41b7000 rw-p 00000000 00:00 0 
7f9bd41b7000-7f9bd41ff000 rw-p 00000000 00:00 0 
7f9bd41ff000-7f9bd4252000 rw-p 00000000 00:00 0 
7f9bd4252000-7f9bd4725000 rw-p 00000000 00:00 0 
7f9bd4725000-7f9bd472d000 r-xp 00000000 08:06 525197                     /usr/lib/jvm/java-7-openjdk/jre/lib/amd64/libzip.so
7f9bd472d000-7f9bd492c000 ---p 00008000 08:06 525197                     /usr/lib/jvm/java-7-openjdk/jre/lib/amd64/libzip.so
7f9bd492c000-7f9bd492d000 rw-p 00007000 08:06 525197                     /usr/lib/jvm/java-7-openjdk/jre/lib/amd64/libzip.so
7f9bd492d000-7f9bd4939000 r-xp 00000000 08:06 1309                       /lib/libnss_files-2.15.so
7f9bd4939000-7f9bd4b38000 ---p 0000c000 08:06 1309                       /lib/libnss_files-2.15.so
7f9bd4b38000-7f9bd4b39000 r--p 0000b000 08:06 1309                       /lib/libnss_files-2.15.so
7f9bd4b39000-7f9bd4b3a000 rw-p 0000c000 08:06 1309                       /lib/libnss_files-2.15.so
7f9bd4b3a000-7f9bd4b63000 r-xp 00000000 08:06 525207                     /usr/lib/jvm/java-7-openjdk/jre/lib/amd64/libjava.so
7f9bd4b63000-7f9bd4d62000 ---p 00029000 08:06 525207                     /usr/lib/jvm/java-7-openjdk/jre/lib/amd64/libjava.so
7f9bd4d62000-7f9bd4d64000 rw-p 00028000 08:06 525207                     /usr/lib/jvm/java-7-openjdk/jre/lib/amd64/libjava.so
7f9bd4d64000-7f9bd4d72000 r-xp 00000000 08:06 525194                     /usr/lib/jvm/java-7-openjdk/jre/lib/amd64/libverify.so
7f9bd4d72000-7f9bd4f71000 ---p 0000e000 08:06 525194                     /usr/lib/jvm/java-7-openjdk/jre/lib/amd64/libverify.so
7f9bd4f71000-7f9bd4f73000 rw-p 0000d000 08:06 525194                     /usr/lib/jvm/java-7-openjdk/jre/lib/amd64/libverify.so
7f9bd4f73000-7f9bd4f7a000 r-xp 00000000 08:06 1288                       /lib/librt-2.15.so
7f9bd4f7a000-7f9bd5179000 ---p 00007000 08:06 1288                       /lib/librt-2.15.so
7f9bd5179000-7f9bd517a000 r--p 00006000 08:06 1288                       /lib/librt-2.15.so
7f9bd517a000-7f9bd517b000 rw-p 00007000 08:06 1288                       /lib/librt-2.15.so
7f9bd517b000-7f9bd5190000 r-xp 00000000 08:06 526089                     /usr/lib/libgcc_s.so.1
7f9bd5190000-7f9bd538f000 ---p 00015000 08:06 526089                     /usr/lib/libgcc_s.so.1
7f9bd538f000-7f9bd5390000 rw-p 00014000 08:06 526089                     /usr/lib/libgcc_s.so.1
7f9bd5390000-7f9bd5483000 r-xp 00000000 08:06 1293                       /lib/libm-2.15.so
7f9bd5483000-7f9bd5683000 ---p 000f3000 08:06 1293                       /lib/libm-2.15.so
7f9bd5683000-7f9bd5684000 r--p 000f3000 08:06 1293                       /lib/libm-2.15.so
7f9bd5684000-7f9bd5685000 rw-p 000f4000 08:06 1293                       /lib/libm-2.15.so
7f9bd5685000-7f9bd576a000 r-xp 00000000 08:06 526567                     /usr/lib/libstdc++.so.6.0.17
7f9bd576a000-7f9bd596a000 ---p 000e5000 08:06 526567                     /usr/lib/libstdc++.so.6.0.17
7f9bd596a000-7f9bd5972000 r--p 000e5000 08:06 526567                     /usr/lib/libstdc++.so.6.0.17
7f9bd5972000-7f9bd5974000 rw-p 000ed000 08:06 526567                     /usr/lib/libstdc++.so.6.0.17
7f9bd5974000-7f9bd5989000 rw-p 00000000 00:00 0 
7f9bd5989000-7f9bd631c000 r-xp 00000000 08:06 525849                     /usr/lib/jvm/java-7-openjdk/jre/lib/amd64/server/libjvm.so
7f9bd631c000-7f9bd651c000 ---p 00993000 08:06 525849                     /usr/lib/jvm/java-7-openjdk/jre/lib/amd64/server/libjvm.so
7f9bd651c000-7f9bd65b8000 rw-p 00993000 08:06 525849                     /usr/lib/jvm/java-7-openjdk/jre/lib/amd64/server/libjvm.so
7f9bd65b8000-7f9bd65e2000 rw-p 00000000 00:00 0 
7f9bd65e2000-7f9bd6779000 r-xp 00000000 08:06 1304                       /lib/libc-2.15.so
7f9bd6779000-7f9bd6979000 ---p 00197000 08:06 1304                       /lib/libc-2.15.so
7f9bd6979000-7f9bd697d000 r--p 00197000 08:06 1304                       /lib/libc-2.15.so
7f9bd697d000-7f9bd697f000 rw-p 0019b000 08:06 1304                       /lib/libc-2.15.so
7f9bd697f000-7f9bd6983000 rw-p 00000000 00:00 0 
7f9bd6983000-7f9bd6986000 r-xp 00000000 08:06 1292                       /lib/libdl-2.15.so
7f9bd6986000-7f9bd6b85000 ---p 00003000 08:06 1292                       /lib/libdl-2.15.so
7f9bd6b85000-7f9bd6b86000 r--p 00002000 08:06 1292                       /lib/libdl-2.15.so
7f9bd6b86000-7f9bd6b87000 rw-p 00003000 08:06 1292                       /lib/libdl-2.15.so
7f9bd6b87000-7f9bd6b9c000 r-xp 00000000 08:06 528979                     /usr/lib/libz.so.1.2.7
7f9bd6b9c000-7f9bd6d9b000 ---p 00015000 08:06 528979                     /usr/lib/libz.so.1.2.7
7f9bd6d9b000-7f9bd6d9c000 r--p 00014000 08:06 528979                     /usr/lib/libz.so.1.2.7
7f9bd6d9c000-7f9bd6d9d000 rw-p 00015000 08:06 528979                     /usr/lib/libz.so.1.2.7
7f9bd6d9d000-7f9bd6da9000 r-xp 00000000 08:06 526062                     /usr/lib/jvm/java-7-openjdk/jre/lib/amd64/jli/libjli.so
7f9bd6da9000-7f9bd6fa9000 ---p 0000c000 08:06 526062                     /usr/lib/jvm/java-7-openjdk/jre/lib/amd64/jli/libjli.so
7f9bd6fa9000-7f9bd6faa000 rw-p 0000c000 08:06 526062                     /usr/lib/jvm/java-7-openjdk/jre/lib/amd64/jli/libjli.so
7f9bd6faa000-7f9bd6fc1000 r-xp 00000000 08:06 929                        /lib/libpthread-2.15.so
7f9bd6fc1000-7f9bd71c0000 ---p 00017000 08:06 929                        /lib/libpthread-2.15.so
7f9bd71c0000-7f9bd71c1000 r--p 00016000 08:06 929                        /lib/libpthread-2.15.so
7f9bd71c1000-7f9bd71c2000 rw-p 00017000 08:06 929                        /lib/libpthread-2.15.so
7f9bd71c2000-7f9bd71c6000 rw-p 00000000 00:00 0 
7f9bd71c6000-7f9bd71e7000 r-xp 00000000 08:06 1312                       /lib/ld-2.15.so
7f9bd71e7000-7f9bd71f0000 r--s 00263000 08:06 523786                     /usr/lib/jvm/java-7-openjdk/jre/lib/resources.jar
7f9bd71f0000-7f9bd71fa000 rw-p 00000000 00:00 0 
7f9bd71fa000-7f9bd72b0000 rw-p 00000000 00:00 0 
7f9bd72b0000-7f9bd72b3000 ---p 00000000 00:00 0 
7f9bd72b3000-7f9bd73b6000 rw-p 00000000 00:00 0 
7f9bd73b9000-7f9bd73ba000 rw-s 00005000 00:05 10083                      /dev/ati/card1
7f9bd73ba000-7f9bd73da000 rw-s feae0000 00:05 10083                      /dev/ati/card1
7f9bd73da000-7f9bd73dc000 rw-s 00002000 00:05 10083                      /dev/ati/card1
7f9bd73dc000-7f9bd73e4000 rw-s 00000000 08:06 527780                     /tmp/hsperfdata_tobi/6404 (deleted)
7f9bd73e4000-7f9bd73e5000 rw-p 00000000 00:00 0 
7f9bd73e5000-7f9bd73e6000 ---p 00000000 00:00 0 
7f9bd73e6000-7f9bd73e7000 rw-p 00000000 00:00 0 
7f9bd73e7000-7f9bd73e8000 r--p 00021000 08:06 1312                       /lib/ld-2.15.so
7f9bd73e8000-7f9bd73e9000 rw-p 00022000 08:06 1312                       /lib/ld-2.15.so
7f9bd73e9000-7f9bd73ea000 rw-p 00000000 00:00 0 
7fff8817e000-7fff8819f000 rw-p 00000000 00:00 0                          [stack]
7fff881ff000-7fff88200000 r-xp 00000000 00:00 0                          [vdso]
ffffffffff600000-ffffffffff601000 r-xp 00000000 00:00 0                  [vsyscall]

VM Arguments:
jvm_args: -Dsun.java2d.opengl=True -Dfile.encoding=UTF-8 
java_command: bombi.BombiGui
Launcher Type: SUN_STANDARD

Environment Variables:
JAVA_HOME=/usr/lib/jvm/java-7-openjdk
PATH=/usr/local/bin:/usr/bin:/bin:/usr/local/sbin:/usr/sbin:/sbin:/opt/android-sdk/platform-tools:/opt/android-sdk/tools:/usr/bin/vendor_perl:/usr/bin/core_perl
SHELL=/bin/bash
DISPLAY=:0.0

Signal Handlers:
SIGSEGV: [libjvm.so+0x807d30], sa_mask[0]=0x7ffbfeff, sa_flags=0x10000004
SIGBUS: [libjvm.so+0x807d30], sa_mask[0]=0x7ffbfeff, sa_flags=0x10000004
SIGFPE: [libjvm.so+0x6ac970], sa_mask[0]=0x7ffbfeff, sa_flags=0x10000004
SIGPIPE: [libjvm.so+0x6ac970], sa_mask[0]=0x7ffbfeff, sa_flags=0x10000004
SIGXFSZ: [libjvm.so+0x6ac970], sa_mask[0]=0x7ffbfeff, sa_flags=0x10000004
SIGILL: [libjvm.so+0x6ac970], sa_mask[0]=0x7ffbfeff, sa_flags=0x10000004
SIGUSR1: SIG_DFL, sa_mask[0]=0x00000000, sa_flags=0x00000000
SIGUSR2: [libjvm.so+0x6acd40], sa_mask[0]=0x00000004, sa_flags=0x10000004
SIGHUP: [libjvm.so+0x6ace80], sa_mask[0]=0x7ffbfeff, sa_flags=0x10000004
SIGINT: [libjvm.so+0x6ace80], sa_mask[0]=0x7ffbfeff, sa_flags=0x10000004
SIGTERM: [libjvm.so+0x6ace80], sa_mask[0]=0x7ffbfeff, sa_flags=0x10000004
SIGQUIT: [libjvm.so+0x6ace80], sa_mask[0]=0x7ffbfeff, sa_flags=0x10000004


---------------  S Y S T E M  ---------------

OS:Linux
uname:Linux 3.3.6-1-ARCH #1 SMP PREEMPT Sun May 13 10:52:32 CEST 2012 x86_64
libc:glibc 2.15 NPTL 2.15 
rlimit: STACK 8192k, CORE 0k, NPROC 125839, NOFILE 4096, AS infinity
load average:1.22 1.29 1.37

/proc/meminfo:
MemTotal:       16180360 kB
MemFree:         8182396 kB
Buffers:         1683496 kB
Cached:          3959856 kB
SwapCached:            0 kB
Active:          2877740 kB
Inactive:        4381568 kB
Active(anon):    1616916 kB
Inactive(anon):    54300 kB
Active(file):    1260824 kB
Inactive(file):  4327268 kB
Unevictable:           0 kB
Mlocked:               0 kB
SwapTotal:             0 kB
SwapFree:              0 kB
Dirty:               428 kB
Writeback:             0 kB
AnonPages:       1615784 kB
Mapped:           336616 kB
Shmem:             55272 kB
Slab:             351608 kB
SReclaimable:     318228 kB
SUnreclaim:        33380 kB
KernelStack:        4240 kB
PageTables:        40240 kB
NFS_Unstable:          0 kB
Bounce:                0 kB
WritebackTmp:          0 kB
CommitLimit:     8090180 kB
Committed_AS:    3431672 kB
VmallocTotal:   34359738367 kB
VmallocUsed:      361360 kB
VmallocChunk:   34359373283 kB
HardwareCorrupted:     0 kB
AnonHugePages:    919552 kB
HugePages_Total:       0
HugePages_Free:        0
HugePages_Rsvd:        0
HugePages_Surp:        0
Hugepagesize:       2048 kB
DirectMap4k:      135680 kB
DirectMap2M:     7989248 kB
DirectMap1G:     8388608 kB


CPU:total 4 (4 cores per cpu, 1 threads per core) family 16 model 5 stepping 2, cmov, cx8, fxsr, mmx, sse, sse2, sse3, popcnt, mmxext, 3dnowpref, lzcnt, sse4a

/proc/cpuinfo:
processor	: 0
vendor_id	: AuthenticAMD
cpu family	: 16
model		: 5
model name	: AMD Athlon(tm) II X4 620 Processor
stepping	: 2
microcode	: 0x10000c6
cpu MHz		: 2600.000
cache size	: 512 KB
physical id	: 0
siblings	: 4
core id		: 0
cpu cores	: 4
apicid		: 0
initial apicid	: 0
fpu		: yes
fpu_exception	: yes
cpuid level	: 5
wp		: yes
flags		: fpu vme de pse tsc msr pae mce cx8 apic sep mtrr pge mca cmov pat pse36 clflush mmx fxsr sse sse2 ht syscall nx mmxext fxsr_opt pdpe1gb rdtscp lm 3dnowext 3dnow constant_tsc rep_good nopl nonstop_tsc extd_apicid pni monitor cx16 popcnt lahf_lm cmp_legacy svm extapic cr8_legacy abm sse4a misalignsse 3dnowprefetch osvw ibs skinit wdt nodeid_msr npt lbrv svm_lock nrip_save
bogomips	: 5225.31
TLB size	: 1024 4K pages
clflush size	: 64
cache_alignment	: 64
address sizes	: 48 bits physical, 48 bits virtual
power management: ts ttp tm stc 100mhzsteps hwpstate

processor	: 1
vendor_id	: AuthenticAMD
cpu family	: 16
model		: 5
model name	: AMD Athlon(tm) II X4 620 Processor
stepping	: 2
microcode	: 0x10000c6
cpu MHz		: 800.000
cache size	: 512 KB
physical id	: 0
siblings	: 4
core id		: 1
cpu cores	: 4
apicid		: 1
initial apicid	: 1
fpu		: yes
fpu_exception	: yes
cpuid level	: 5
wp		: yes
flags		: fpu vme de pse tsc msr pae mce cx8 apic sep mtrr pge mca cmov pat pse36 clflush mmx fxsr sse sse2 ht syscall nx mmxext fxsr_opt pdpe1gb rdtscp lm 3dnowext 3dnow constant_tsc rep_good nopl nonstop_tsc extd_apicid pni monitor cx16 popcnt lahf_lm cmp_legacy svm extapic cr8_legacy abm sse4a misalignsse 3dnowprefetch osvw ibs skinit wdt nodeid_msr npt lbrv svm_lock nrip_save
bogomips	: 5225.31
TLB size	: 1024 4K pages
clflush size	: 64
cache_alignment	: 64
address sizes	: 48 bits physical, 48 bits virtual
power management: ts ttp tm stc 100mhzsteps hwpstate

processor	: 2
vendor_id	: AuthenticAMD
cpu family	: 16
model		: 5
model name	: AMD Athlon(tm) II X4 620 Processor
stepping	: 2
microcode	: 0x10000c6
cpu MHz		: 2600.000
cache size	: 512 KB
physical id	: 0
siblings	: 4
core id		: 2
cpu cores	: 4
apicid		: 2
initial apicid	: 2
fpu		: yes
fpu_exception	: yes
cpuid level	: 5
wp		: yes
flags		: fpu vme de pse tsc msr pae mce cx8 apic sep mtrr pge mca cmov pat pse36 clflush mmx fxsr sse sse2 ht syscall nx mmxext fxsr_opt pdpe1gb rdtscp lm 3dnowext 3dnow constant_tsc rep_good nopl nonstop_tsc extd_apicid pni monitor cx16 popcnt lahf_lm cmp_legacy svm extapic cr8_legacy abm sse4a misalignsse 3dnowprefetch osvw ibs skinit wdt nodeid_msr npt lbrv svm_lock nrip_save
bogomips	: 5225.31
TLB size	: 1024 4K pages
clflush size	: 64
cache_alignment	: 64
address sizes	: 48 bits physical, 48 bits virtual
power management: ts ttp tm stc 100mhzsteps hwpstate

processor	: 3
vendor_id	: AuthenticAMD
cpu family	: 16
model		: 5
model name	: AMD Athlon(tm) II X4 620 Processor
stepping	: 2
microcode	: 0x10000c6
cpu MHz		: 800.000
cache size	: 512 KB
physical id	: 0
siblings	: 4
core id		: 3
cpu cores	: 4
apicid		: 3
initial apicid	: 3
fpu		: yes
fpu_exception	: yes
cpuid level	: 5
wp		: yes
flags		: fpu vme de pse tsc msr pae mce cx8 apic sep mtrr pge mca cmov pat pse36 clflush mmx fxsr sse sse2 ht syscall nx mmxext fxsr_opt pdpe1gb rdtscp lm 3dnowext 3dnow constant_tsc rep_good nopl nonstop_tsc extd_apicid pni monitor cx16 popcnt lahf_lm cmp_legacy svm extapic cr8_legacy abm sse4a misalignsse 3dnowprefetch osvw ibs skinit wdt nodeid_msr npt lbrv svm_lock nrip_save
bogomips	: 5225.31
TLB size	: 1024 4K pages
clflush size	: 64
cache_alignment	: 64
address sizes	: 48 bits physical, 48 bits virtual
power management: ts ttp tm stc 100mhzsteps hwpstate



Memory: 4k page, physical 16180360k(8182396k free), swap 0k(0k free)

vm_info: OpenJDK 64-Bit Server VM (22.0-b10) for linux-amd64 JRE (1.7.0_03-b147), built on Mar  6 2012 20:02:29 by "nobody" with gcc 4.6.3

time: Fri May 18 20:56:27 2012
elapsed time: 14 seconds

