#
# A fatal error has been detected by the Java Runtime Environment:
#
#  SIGSEGV (0xb) at pc=0x00007f970dc7b2a8, pid=11341, tid=140286770984704
#
# JRE version: 7.0_03-b147
# Java VM: OpenJDK 64-Bit Server VM (22.0-b10 mixed mode linux-amd64 compressed oops)
# Derivative: IcedTea7 2.1
# Distribution: Custom build (Tue Mar  6 19:52:34 UTC 2012)
# Problematic frame:
# C  [libX11.so.6+0x382a8]  XQueryExtension+0x28
#
# Failed to write core dump. Core dumps have been disabled. To enable core dumping, try "ulimit -c unlimited" before starting Java again
#
# If you would like to submit a bug report, please include
# instructions on how to reproduce the bug and visit:
#   http://icedtea.classpath.org/bugzilla
#

---------------  T H R E A D  ---------------

Current thread (0x00007f971409d000):  VMThread [stack: 0x00007f970f16b000,0x00007f970f26c000] [id=11351]

siginfo:si_signo=SIGSEGV: si_errno=0, si_code=1 (SEGV_MAPERR), si_addr=0x00000000141c8ab8

Registers:
RAX=0x00007f96f4000bd0, RBX=0x00000000141c8150, RCX=0x00007f970f26a838, RDX=0x00007f970f26a834
RSP=0x00007f970f26a7d0, RBP=0x00007f96fe041932, RSI=0x00007f96fe041932, RDI=0x00000000141c8150
R8 =0x00007f970f26a83c, R9 =0x0000000000000003, R10=0x0000000000020411, R11=0x00007f9719a62ad0
R12=0x0000000000000000, R13=0x00007f96fe041932, R14=0x00007f96f4000bd0, R15=0x0000000000000000
RIP=0x00007f970dc7b2a8, EFLAGS=0x0000000000010202, CSGSFS=0x0000000000000033, ERR=0x0000000000000004
  TRAPNO=0x000000000000000e

Top of Stack: (sp=0x00007f970f26a7d0)
0x00007f970f26a7d0:   0000000000000000 0000000000000000
0x00007f970f26a7e0:   0000000000000000 0000003000000003
0x00007f970f26a7f0:   0000006e0000005b 00000000141c8150
0x00007f970f26a800:   00007f96fe041932 0000000000000000
0x00007f970f26a810:   00007f96fe041932 00007f96f4000bd0
0x00007f970f26a820:   0000000000000000 00007f970dc6f285
0x00007f970f26a830:   0000000000000000 00007f9719aa7b20
0x00007f970f26a840:   00007f96fe17a520 00000000141c8150
0x00007f970f26a850:   00007f97141d09b0 00007f970df8bb1b
0x00007f970f26a860:   00007f9700000005 0000001100000000
0x00007f970f26a870:   00007f9700000005 0000000000000000
0x00007f970f26a880:   00007f970f26a8f0 00000000141c8150
0x00007f970f26a890:   00007f970f26aa78 00007f970f26ab90
0x00007f970f26a8a0:   00007f96fe193d50 00007f96fdfe8119
0x00007f970f26a8b0:   0000000000000000 00007f97141d0a60
0x00007f970f26a8c0:   00007f970f26a8f0 00007f96fe3f6008
0x00007f970f26a8d0:   00007f970f26aa78 00007f970f26ab90
0x00007f970f26a8e0:   00000000ffffffff 00007f96fdfdeb42
0x00007f970f26a8f0:   00007f970f26ac00 00007f96fe0418b1
0x00007f970f26a900:   00007f970f26ac00 00007f971a61df5f
0x00007f970f26a910:   00007f971a832170 00007f971a832700
0x00007f970f26a920:   00007f971a7fe000 00007f9714005900
0x00007f970f26a930:   00007f971400a110 00007f971417b160
0x00007f970f26a940:   00007f971417c5e0 00007f971417cf70
0x00007f970f26a950:   00007f971417d480 00007f971417ca80
0x00007f970f26a960:   00007f971417d990 00007f971417e8a0
0x00007f970f26a970:   00007f971417e390 00007f971417edb0
0x00007f970f26a980:   00007f971417f2b0 00007f971417f7a0
0x00007f970f26a990:   00007f97141801c0 00007f9714181b00
0x00007f970f26a9a0:   00007f9714182c60 00007f9714183160
0x00007f970f26a9b0:   00007f9714183650 00007f971417c140
0x00007f970f26a9c0:   00007f9714183b50 00007f9714184060 

Instructions: (pc=0x00007f970dc7b2a8)
0x00007f970dc7b288:   24 d8 48 89 fb 4c 89 64 24 e0 4c 89 6c 24 e8 48
0x00007f970dc7b298:   89 f5 4c 89 74 24 f0 4c 89 7c 24 f8 48 83 ec 58
0x00007f970dc7b2a8:   48 8b 87 68 09 00 00 49 89 d4 49 89 cd 4d 89 c6
0x00007f970dc7b2b8:   48 85 c0 74 02 ff 10 ba 08 00 00 00 be 62 00 00 

Register to memory mapping:

RAX=0x00007f96f4000bd0 is an unknown value
RBX=0x00000000141c8150 is an unknown value
RCX=0x00007f970f26a838 is an unknown value
RDX=0x00007f970f26a834 is an unknown value
RSP=0x00007f970f26a7d0 is an unknown value
RBP=0x00007f96fe041932: <offset 0x96932> in /usr/lib/libGL.so.1 at 0x00007f96fdfab000
RSI=0x00007f96fe041932: <offset 0x96932> in /usr/lib/libGL.so.1 at 0x00007f96fdfab000
RDI=0x00000000141c8150 is an unknown value
R8 =0x00007f970f26a83c is an unknown value
R9 =0x0000000000000003 is an unknown value
R10=0x0000000000020411 is an unknown value
R11=0x00007f9719a62ad0: __cxa_finalize+0 in /lib/libc.so.6 at 0x00007f9719a2b000
R12=0x0000000000000000 is an unknown value
R13=0x00007f96fe041932: <offset 0x96932> in /usr/lib/libGL.so.1 at 0x00007f96fdfab000
R14=0x00007f96f4000bd0 is an unknown value
R15=0x0000000000000000 is an unknown value


Stack: [0x00007f970f16b000,0x00007f970f26c000],  sp=0x00007f970f26a7d0,  free space=1021k
Native frames: (J=compiled Java code, j=interpreted, Vv=VM code, C=native code)
C  [libX11.so.6+0x382a8]  XQueryExtension+0x28

VM_Operation (0x00007f96fd107ee0): Exit, mode: safepoint, requested by thread 0x00007f97144c2800


---------------  P R O C E S S  ---------------

Java Threads: ( => current thread )
  0x00007f9714006000 JavaThread "DestroyJavaVM" [_thread_blocked, id=11343, stack(0x00007f971a6f9000,0x00007f971a7fa000)]
  0x00007f97144c7000 JavaThread "Thread-0" [_thread_blocked, id=11366, stack(0x00007f96fcf09000,0x00007f96fd00a000)]
  0x00007f97144c2800 JavaThread "AWT-EventQueue-0" [_thread_blocked, id=11363, stack(0x00007f96fd00a000,0x00007f96fd10b000)]
  0x00007f97144c1000 JavaThread "AWT-Shutdown" [_thread_blocked, id=11362, stack(0x00007f96fd10b000,0x00007f96fd20c000)]
  0x00007f9714430000 JavaThread "AWT-XAWT" daemon [_thread_blocked, id=11361, stack(0x00007f96fd30b000,0x00007f96fd40c000)]
  0x00007f97143e5800 JavaThread "Java2D Disposer" daemon [_thread_blocked, id=11360, stack(0x00007f96fd40c000,0x00007f96fd50d000)]
  0x00007f97143e3000 JavaThread "Java2D Queue Flusher" daemon [_thread_blocked, id=11359, stack(0x00007f96fd555000,0x00007f96fd656000)]
  0x00007f9714106000 JavaThread "Service Thread" daemon [_thread_blocked, id=11357, stack(0x00007f970e7b9000,0x00007f970e8ba000)]
  0x00007f9714103800 JavaThread "C2 CompilerThread1" daemon [_thread_blocked, id=11356, stack(0x00007f970e8ba000,0x00007f970e9bb000)]
  0x00007f9714101000 JavaThread "C2 CompilerThread0" daemon [_thread_blocked, id=11355, stack(0x00007f970e9bb000,0x00007f970eabc000)]
  0x00007f97140a8000 JavaThread "Finalizer" daemon [_thread_blocked, id=11353, stack(0x00007f970ef69000,0x00007f970f06a000)]
  0x00007f97140a5800 JavaThread "Reference Handler" daemon [_thread_blocked, id=11352, stack(0x00007f970f06a000,0x00007f970f16b000)]

Other Threads:
=>0x00007f971409d000 VMThread [stack: 0x00007f970f16b000,0x00007f970f26c000] [id=11351]

VM state:at safepoint (shutting down)

VM Mutex/Monitor currently owned by a thread:  ([mutex/lock_event])
[0x00007f9714003f50] Threads_lock - owner thread: 0x00007f971409d000

Heap
 PSYoungGen      total 73792K, used 45150K [0x00000007adab0000, 0x00000007b2d00000, 0x0000000800000000)
  eden space 63296K, 59% used [0x00000007adab0000,0x00000007affa3138,0x00000007b1880000)
  from space 10496K, 69% used [0x00000007b1880000,0x00000007b1fa4940,0x00000007b22c0000)
  to   space 10496K, 0% used [0x00000007b22c0000,0x00000007b22c0000,0x00000007b2d00000)
 PSOldGen        total 168576K, used 0K [0x0000000709000000, 0x00000007134a0000, 0x00000007adab0000)
  object space 168576K, 0% used [0x0000000709000000,0x0000000709000000,0x00000007134a0000)
 PSPermGen       total 21248K, used 10732K [0x00000006fea00000, 0x00000006ffec0000, 0x0000000709000000)
  object space 21248K, 50% used [0x00000006fea00000,0x00000006ff47b358,0x00000006ffec0000)

Code Cache  [0x00007f97109c1000, 0x00007f9710c31000, 0x00007f97139c1000)
 total_blobs=514 nmethods=78 adapters=390 free_code_cache=48424Kb largest_free_block=49558080

Dynamic libraries:
00400000-00401000 r-xp 00000000 08:06 533859                             /usr/lib/jvm/java-7-openjdk/jre/bin/java
00600000-00601000 rw-p 00000000 08:06 533859                             /usr/lib/jvm/java-7-openjdk/jre/bin/java
00844000-00865000 rw-p 00000000 00:00 0                                  [heap]
6fea00000-6ffec0000 rw-p 00000000 00:00 0 
6ffec0000-709000000 rw-p 00000000 00:00 0 
709000000-7134a0000 rw-p 00000000 00:00 0 
7134a0000-7adab0000 rw-p 00000000 00:00 0 
7adab0000-7b2d00000 rw-p 00000000 00:00 0 
7b2d00000-800000000 rw-p 00000000 00:00 0 
7f96ac000000-7f96ac021000 rw-p 00000000 00:00 0 
7f96ac021000-7f96b0000000 ---p 00000000 00:00 0 
7f96b4000000-7f96b4100000 rw-p 00000000 00:00 0 
7f96b4100000-7f96b8000000 ---p 00000000 00:00 0 
7f96b8000000-7f96b8021000 rw-p 00000000 00:00 0 
7f96b8021000-7f96bc000000 ---p 00000000 00:00 0 
7f96bc000000-7f96bc021000 rw-p 00000000 00:00 0 
7f96bc021000-7f96c0000000 ---p 00000000 00:00 0 
7f96c0000000-7f96c01ac000 rw-p 00000000 00:00 0 
7f96c01ac000-7f96c4000000 ---p 00000000 00:00 0 
7f96c4000000-7f96c4021000 rw-p 00000000 00:00 0 
7f96c4021000-7f96c8000000 ---p 00000000 00:00 0 
7f96c8000000-7f96c8021000 rw-p 00000000 00:00 0 
7f96c8021000-7f96cc000000 ---p 00000000 00:00 0 
7f96cc000000-7f96cc913000 rw-p 00000000 00:00 0 
7f96cc913000-7f96d0000000 ---p 00000000 00:00 0 
7f96d0000000-7f96d0021000 rw-p 00000000 00:00 0 
7f96d0021000-7f96d4000000 ---p 00000000 00:00 0 
7f96d5d32000-7f96d7c8c000 r-xp 00000000 08:06 527438                     /usr/lib/xorg/modules/dri/fglrx_dri.so
7f96d7c8c000-7f96d7d8c000 ---p 01f5a000 08:06 527438                     /usr/lib/xorg/modules/dri/fglrx_dri.so
7f96d7d8c000-7f96d7eda000 rwxp 01f5a000 08:06 527438                     /usr/lib/xorg/modules/dri/fglrx_dri.so
7f96d7eda000-7f96d8000000 rwxp 00000000 00:00 0 
7f96d8000000-7f96d850a000 rw-p 00000000 00:00 0 
7f96d850a000-7f96dc000000 ---p 00000000 00:00 0 
7f96dc000000-7f96dc021000 rw-p 00000000 00:00 0 
7f96dc021000-7f96e0000000 ---p 00000000 00:00 0 
7f96e0000000-7f96e0021000 rw-p 00000000 00:00 0 
7f96e0021000-7f96e4000000 ---p 00000000 00:00 0 
7f96e4000000-7f96e437c000 rw-p 00000000 00:00 0 
7f96e437c000-7f96e8000000 ---p 00000000 00:00 0 
7f96e8000000-7f96e8021000 rw-p 00000000 00:00 0 
7f96e8021000-7f96ec000000 ---p 00000000 00:00 0 
7f96ec000000-7f96ec021000 rw-p 00000000 00:00 0 
7f96ec021000-7f96f0000000 ---p 00000000 00:00 0 
7f96f0000000-7f96f0021000 rw-p 00000000 00:00 0 
7f96f0021000-7f96f4000000 ---p 00000000 00:00 0 
7f96f4000000-7f96f4021000 rw-p 00000000 00:00 0 
7f96f4021000-7f96f8000000 ---p 00000000 00:00 0 
7f96f8000000-7f96f8021000 rw-p 00000000 00:00 0 
7f96f8021000-7f96fc000000 ---p 00000000 00:00 0 
7f96fc19e000-7f96fc1a1000 ---p 00000000 00:00 0 
7f96fc1a1000-7f96fc29f000 rw-p 00000000 00:00 0 
7f96fc29f000-7f96fc2a2000 ---p 00000000 00:00 0 
7f96fc2a2000-7f96fc3a0000 rw-p 00000000 00:00 0 
7f96fc3a0000-7f96fc5a0000 rw-s 15d92000 00:05 9111                       /dev/ati/card1
7f96fc5a0000-7f96fc7a0000 rw-s 15d90000 00:05 9111                       /dev/ati/card1
7f96fc7a0000-7f96fc7b0000 r-xp 00000000 08:06 525189                     /usr/lib/jvm/java-7-openjdk/jre/lib/amd64/libnio.so
7f96fc7b0000-7f96fc9b0000 ---p 00010000 08:06 525189                     /usr/lib/jvm/java-7-openjdk/jre/lib/amd64/libnio.so
7f96fc9b0000-7f96fc9b1000 rw-p 00010000 08:06 525189                     /usr/lib/jvm/java-7-openjdk/jre/lib/amd64/libnio.so
7f96fc9b1000-7f96fc9c6000 r-xp 00000000 08:06 525188                     /usr/lib/jvm/java-7-openjdk/jre/lib/amd64/libnet.so
7f96fc9c6000-7f96fcbc6000 ---p 00015000 08:06 525188                     /usr/lib/jvm/java-7-openjdk/jre/lib/amd64/libnet.so
7f96fcbc6000-7f96fcbc7000 rw-p 00015000 08:06 525188                     /usr/lib/jvm/java-7-openjdk/jre/lib/amd64/libnet.so
7f96fcbc7000-7f96fcc01000 r-xp 00000000 08:06 525196                     /usr/lib/jvm/java-7-openjdk/jre/lib/amd64/libfontmanager.so
7f96fcc01000-7f96fce01000 ---p 0003a000 08:06 525196                     /usr/lib/jvm/java-7-openjdk/jre/lib/amd64/libfontmanager.so
7f96fce01000-7f96fce04000 rw-p 0003a000 08:06 525196                     /usr/lib/jvm/java-7-openjdk/jre/lib/amd64/libfontmanager.so
7f96fce05000-7f96fce09000 r--s 000a0000 08:06 523715                     /usr/lib/jvm/java-7-openjdk/jre/lib/jsse.jar
7f96fce09000-7f96fcf09000 rw-s 15d88000 00:05 9111                       /dev/ati/card1
7f96fcf09000-7f96fcf0c000 ---p 00000000 00:00 0 
7f96fcf0c000-7f96fd00a000 rw-p 00000000 00:00 0 
7f96fd00a000-7f96fd00d000 ---p 00000000 00:00 0 
7f96fd00d000-7f96fd10b000 rw-p 00000000 00:00 0 
7f96fd10b000-7f96fd10e000 ---p 00000000 00:00 0 
7f96fd10e000-7f96fd20c000 rw-p 00000000 00:00 0 
7f96fd20c000-7f96fd251000 r--s 00000000 08:07 26937                      /var/cache/fontconfig/f6b893a7224233d96cb72fd88691c0b4-le64.cache-3
7f96fd251000-7f96fd2ae000 r--s 00000000 08:07 26936                      /var/cache/fontconfig/17090aa38d5c6f09fb8c5c354938f1d7-le64.cache-3
7f96fd2ae000-7f96fd30b000 r--s 00000000 08:07 26934                      /var/cache/fontconfig/df311e82a1a24c41a75c2c930223552e-le64.cache-3
7f96fd30b000-7f96fd30e000 ---p 00000000 00:00 0 
7f96fd30e000-7f96fd40c000 rw-p 00000000 00:00 0 
7f96fd40c000-7f96fd40f000 ---p 00000000 00:00 0 
7f96fd40f000-7f96fd555000 rw-p 00000000 00:00 0 
7f96fd555000-7f96fd558000 ---p 00000000 00:00 0 
7f96fd558000-7f96fd656000 rw-p 00000000 00:00 0 
7f96fd656000-7f96fdd56000 rw-s 00006000 00:05 9111                       /dev/ati/card1
7f96fdd56000-7f96fde56000 rw-p 00000000 00:00 0 
7f96fde56000-7f96fde91000 r-xp 00000000 08:06 527355                     /usr/lib/libatiadlxx.so
7f96fde91000-7f96fdf91000 ---p 0003b000 08:06 527355                     /usr/lib/libatiadlxx.so
7f96fdf91000-7f96fdf9a000 rw-p 0003b000 08:06 527355                     /usr/lib/libatiadlxx.so
7f96fdf9a000-7f96fdfab000 rw-p 00000000 00:00 0 
7f96fdfab000-7f96fe06e000 r-xp 00000000 08:06 531369                     /usr/lib/fglrx/fglrx-libGL.so.1.2
7f96fe06e000-7f96fe16d000 ---p 000c3000 08:06 531369                     /usr/lib/fglrx/fglrx-libGL.so.1.2
7f96fe16d000-7f96fe194000 rwxp 000c2000 08:06 531369                     /usr/lib/fglrx/fglrx-libGL.so.1.2
7f96fe194000-7f96fe1b4000 rwxp 00000000 00:00 0 
7f96fe1b4000-7f96fe1f6000 r-xp 00000000 08:06 527897                     /usr/lib/libdbus-1.so.3.5.9
7f96fe1f6000-7f96fe3f6000 ---p 00042000 08:06 527897                     /usr/lib/libdbus-1.so.3.5.9
7f96fe3f6000-7f96fe3f8000 rw-p 00042000 08:06 527897                     /usr/lib/libdbus-1.so.3.5.9
7f96fe3f8000-7f96fe409000 r-xp 00000000 08:06 533797                     /usr/lib/libp11-kit.so.0.0.0
7f96fe409000-7f96fe608000 ---p 00011000 08:06 533797                     /usr/lib/libp11-kit.so.0.0.0
7f96fe608000-7f96fe609000 r--p 00010000 08:06 533797                     /usr/lib/libp11-kit.so.0.0.0
7f96fe609000-7f96fe60a000 rw-p 00011000 08:06 533797                     /usr/lib/libp11-kit.so.0.0.0
7f96fe60a000-7f96fe66f000 r-xp 00000000 08:06 527102                     /usr/lib/libgmp.so.10.0.5
7f96fe66f000-7f96fe86f000 ---p 00065000 08:06 527102                     /usr/lib/libgmp.so.10.0.5
7f96fe86f000-7f96fe870000 r--p 00065000 08:06 527102                     /usr/lib/libgmp.so.10.0.5
7f96fe870000-7f96fe879000 rw-p 00066000 08:06 527102                     /usr/lib/libgmp.so.10.0.5
7f96fe879000-7f96fe88b000 r-xp 00000000 08:06 533726                     /usr/lib/libhogweed.so.2.1
7f96fe88b000-7f96fea8a000 ---p 00012000 08:06 533726                     /usr/lib/libhogweed.so.2.1
7f96fea8a000-7f96fea8b000 r--p 00011000 08:06 533726                     /usr/lib/libhogweed.so.2.1
7f96fea8b000-7f96fea8c000 rw-p 00012000 08:06 533726                     /usr/lib/libhogweed.so.2.1
7f96fea8c000-7f96feab1000 r-xp 00000000 08:06 531660                     /usr/lib/libnettle.so.4.3
7f96feab1000-7f96fecb1000 ---p 00025000 08:06 531660                     /usr/lib/libnettle.so.4.3
7f96fecb1000-7f96fecb2000 r--p 00025000 08:06 531660                     /usr/lib/libnettle.so.4.3
7f96fecb2000-7f96fecb3000 rw-p 00026000 08:06 531660                     /usr/lib/libnettle.so.4.3
7f96fecb3000-7f96fecc3000 r-xp 00000000 08:06 523686                     /usr/lib/libtasn1.so.3.1.15
7f96fecc3000-7f96feec2000 ---p 00010000 08:06 523686                     /usr/lib/libtasn1.so.3.1.15
7f96feec2000-7f96feec3000 r--p 0000f000 08:06 523686                     /usr/lib/libtasn1.so.3.1.15
7f96feec3000-7f96feec4000 rw-p 00010000 08:06 523686                     /usr/lib/libtasn1.so.3.1.15
7f96feec4000-7f96feec7000 r-xp 00000000 08:06 536931                     /usr/lib/libkeyutils.so.1.4
7f96feec7000-7f96ff0c6000 ---p 00003000 08:06 536931                     /usr/lib/libkeyutils.so.1.4
7f96ff0c6000-7f96ff0c7000 r--p 00002000 08:06 536931                     /usr/lib/libkeyutils.so.1.4
7f96ff0c7000-7f96ff0c8000 rw-p 00003000 08:06 536931                     /usr/lib/libkeyutils.so.1.4
7f96ff0c8000-7f96ff0d1000 r-xp 00000000 08:06 529619                     /usr/lib/libkrb5support.so.0.1
7f96ff0d1000-7f96ff2d0000 ---p 00009000 08:06 529619                     /usr/lib/libkrb5support.so.0.1
7f96ff2d0000-7f96ff2d1000 r--p 00008000 08:06 529619                     /usr/lib/libkrb5support.so.0.1
7f96ff2d1000-7f96ff2d2000 rw-p 00009000 08:06 529619                     /usr/lib/libkrb5support.so.0.1
7f96ff2d2000-7f96ff2d5000 r-xp 00000000 08:06 524071                     /usr/lib/libcom_err.so.2.1
7f96ff2d5000-7f96ff4d4000 ---p 00003000 08:06 524071                     /usr/lib/libcom_err.so.2.1
7f96ff4d4000-7f96ff4d5000 r--p 00002000 08:06 524071                     /usr/lib/libcom_err.so.2.1
7f96ff4d5000-7f96ff4d6000 rw-p 00003000 08:06 524071                     /usr/lib/libcom_err.so.2.1
7f96ff4d6000-7f96ff4fe000 r-xp 00000000 08:06 533131                     /usr/lib/libk5crypto.so.3.1
7f96ff4fe000-7f96ff6fe000 ---p 00028000 08:06 533131                     /usr/lib/libk5crypto.so.3.1
7f96ff6fe000-7f96ff6ff000 r--p 00028000 08:06 533131                     /usr/lib/libk5crypto.so.3.1
7f96ff6ff000-7f96ff700000 rw-p 00029000 08:06 533131                     /usr/lib/libk5crypto.so.3.1
7f96ff700000-7f96ff701000 rw-p 00000000 00:00 0 
7f96ff701000-7f96ff7d9000 r-xp 00000000 08:06 527453                     /usr/lib/libkrb5.so.3.3
7f96ff7d9000-7f96ff9d9000 ---p 000d8000 08:06 527453                     /usr/lib/libkrb5.so.3.3
7f96ff9d9000-7f96ff9e3000 r--p 000d8000 08:06 527453                     /usr/lib/libkrb5.so.3.3
7f96ff9e3000-7f96ff9e5000 rw-p 000e2000 08:06 527453                     /usr/lib/libkrb5.so.3.3
7f96ff9e5000-7f96ff9ea000 r-xp 00000000 08:06 523755                     /usr/lib/libXdmcp.so.6.0.0
7f96ff9ea000-7f96ffbe9000 ---p 00005000 08:06 523755                     /usr/lib/libXdmcp.so.6.0.0
7f96ffbe9000-7f96ffbea000 r--p 00004000 08:06 523755                     /usr/lib/libXdmcp.so.6.0.0
7f96ffbea000-7f96ffbeb000 rw-p 00005000 08:06 523755                     /usr/lib/libXdmcp.so.6.0.0
7f96ffbeb000-7f96ffbed000 r-xp 00000000 08:06 523713                     /usr/lib/libXau.so.6.0.0
7f96ffbed000-7f96ffded000 ---p 00002000 08:06 523713                     /usr/lib/libXau.so.6.0.0
7f96ffded000-7f96ffdee000 r--p 00002000 08:06 523713                     /usr/lib/libXau.so.6.0.0
7f96ffdee000-7f96ffdef000 rw-p 00003000 08:06 523713                     /usr/lib/libXau.so.6.0.0
7f96ffdef000-7f96ffdff000 r-xp 00000000 08:06 526584                     /usr/lib/libavahi-client.so.3.2.9
7f96ffdff000-7f96ffffe000 ---p 00010000 08:06 526584                     /usr/lib/libavahi-client.so.3.2.9
7f96ffffe000-7f96fffff000 r--p 0000f000 08:06 526584                     /usr/lib/libavahi-client.so.3.2.9
7f96fffff000-7f9700000000 rw-p 00010000 08:06 526584                     /usr/lib/libavahi-client.so.3.2.9
7f9700000000-7f9700021000 rw-p 00000000 00:00 0 
7f9700021000-7f9704000000 ---p 00000000 00:00 0 
7f970400b000-7f970404b000 rw-s 00030000 00:05 9111                       /dev/ati/card1
7f970404b000-7f970414b000 rw-p 00000000 00:00 0 
7f970414b000-7f9704157000 r-xp 00000000 08:06 527596                     /usr/lib/libavahi-common.so.3.5.3
7f9704157000-7f9704356000 ---p 0000c000 08:06 527596                     /usr/lib/libavahi-common.so.3.5.3
7f9704356000-7f9704357000 r--p 0000b000 08:06 527596                     /usr/lib/libavahi-common.so.3.5.3
7f9704357000-7f9704358000 rw-p 0000c000 08:06 527596                     /usr/lib/libavahi-common.so.3.5.3
7f9704358000-7f970444a000 r-xp 00000000 08:06 528636                     /usr/lib/libgnutls.so.28.8.1
7f970444a000-7f970464a000 ---p 000f2000 08:06 528636                     /usr/lib/libgnutls.so.28.8.1
7f970464a000-7f9704652000 r--p 000f2000 08:06 528636                     /usr/lib/libgnutls.so.28.8.1
7f9704652000-7f9704654000 rw-p 000fa000 08:06 528636                     /usr/lib/libgnutls.so.28.8.1
7f9704654000-7f9704655000 rw-p 00000000 00:00 0 
7f9704655000-7f9704696000 r-xp 00000000 08:06 533554                     /usr/lib/libgssapi_krb5.so.2.2
7f9704696000-7f9704896000 ---p 00041000 08:06 533554                     /usr/lib/libgssapi_krb5.so.2.2
7f9704896000-7f9704897000 r--p 00041000 08:06 533554                     /usr/lib/libgssapi_krb5.so.2.2
7f9704897000-7f9704899000 rw-p 00042000 08:06 533554                     /usr/lib/libgssapi_krb5.so.2.2
7f9704899000-7f97048f2000 r-xp 00000000 08:06 531196                     /usr/lib/libpcre.so.1.0.0
7f97048f2000-7f9704af1000 ---p 00059000 08:06 531196                     /usr/lib/libpcre.so.1.0.0
7f9704af1000-7f9704af2000 r--p 00058000 08:06 531196                     /usr/lib/libpcre.so.1.0.0
7f9704af2000-7f9704af3000 rw-p 00059000 08:06 531196                     /usr/lib/libpcre.so.1.0.0
7f9704af3000-7f9704afa000 r-xp 00000000 08:06 533126                     /usr/lib/libffi.so.6.0.0
7f9704afa000-7f9704cf9000 ---p 00007000 08:06 533126                     /usr/lib/libffi.so.6.0.0
7f9704cf9000-7f9704cfa000 r--p 00006000 08:06 533126                     /usr/lib/libffi.so.6.0.0
7f9704cfa000-7f9704cfb000 rw-p 00007000 08:06 533126                     /usr/lib/libffi.so.6.0.0
7f9704cfb000-7f9704d23000 r-xp 00000000 08:06 534280                     /usr/lib/libexpat.so.1.6.0
7f9704d23000-7f9704f22000 ---p 00028000 08:06 534280                     /usr/lib/libexpat.so.1.6.0
7f9704f22000-7f9704f24000 r--p 00027000 08:06 534280                     /usr/lib/libexpat.so.1.6.0
7f9704f24000-7f9704f25000 rw-p 00029000 08:06 534280                     /usr/lib/libexpat.so.1.6.0
7f9704f25000-7f9704f34000 r-xp 00000000 08:06 535331                     /usr/lib/libbz2.so.1.0.6
7f9704f34000-7f9705133000 ---p 0000f000 08:06 535331                     /usr/lib/libbz2.so.1.0.6
7f9705133000-7f9705135000 rw-p 0000e000 08:06 535331                     /usr/lib/libbz2.so.1.0.6
7f9705135000-7f970513d000 r-xp 00000000 08:06 534957                     /usr/lib/libxcb-render.so.0.0.0
7f970513d000-7f970533d000 ---p 00008000 08:06 534957                     /usr/lib/libxcb-render.so.0.0.0
7f970533d000-7f970533e000 rw-p 00008000 08:06 534957                     /usr/lib/libxcb-render.so.0.0.0
7f970533e000-7f9705340000 r-xp 00000000 08:06 530934                     /usr/lib/libxcb-shm.so.0.0.0
7f9705340000-7f970553f000 ---p 00002000 08:06 530934                     /usr/lib/libxcb-shm.so.0.0.0
7f970553f000-7f9705540000 rw-p 00001000 08:06 530934                     /usr/lib/libxcb-shm.so.0.0.0
7f9705540000-7f97055c1000 r-xp 00000000 08:06 528735                     /usr/lib/libpixman-1.so.0.24.4
7f97055c1000-7f97057c1000 ---p 00081000 08:06 528735                     /usr/lib/libpixman-1.so.0.24.4
7f97057c1000-7f97057c7000 r--p 00081000 08:06 528735                     /usr/lib/libpixman-1.so.0.24.4
7f97057c7000-7f97057c8000 rw-p 00087000 08:06 528735                     /usr/lib/libpixman-1.so.0.24.4
7f97057c8000-7f97057f4000 r-xp 00000000 08:06 528725                     /usr/lib/libpng15.so.15.10.0
7f97057f4000-7f97059f3000 ---p 0002c000 08:06 528725                     /usr/lib/libpng15.so.15.10.0
7f97059f3000-7f97059f4000 r--p 0002b000 08:06 528725                     /usr/lib/libpng15.so.15.10.0
7f97059f4000-7f97059f5000 rw-p 0002c000 08:06 528725                     /usr/lib/libpng15.so.15.10.0
7f97059f5000-7f9705a08000 r-xp 00000000 08:06 1332                       /lib/libresolv-2.15.so
7f9705a08000-7f9705c08000 ---p 00013000 08:06 1332                       /lib/libresolv-2.15.so
7f9705c08000-7f9705c09000 r--p 00013000 08:06 1332                       /lib/libresolv-2.15.so
7f9705c09000-7f9705c0a000 rw-p 00014000 08:06 1332                       /lib/libresolv-2.15.so
7f9705c0a000-7f9705c0c000 rw-p 00000000 00:00 0 
7f9705c0c000-7f9705c0e000 r-xp 00000000 08:06 533292                     /usr/lib/libXdamage.so.1.1.0
7f9705c0e000-7f9705e0d000 ---p 00002000 08:06 533292                     /usr/lib/libXdamage.so.1.1.0
7f9705e0d000-7f9705e0e000 r--p 00001000 08:06 533292                     /usr/lib/libXdamage.so.1.1.0
7f9705e0e000-7f9705e0f000 rw-p 00002000 08:06 533292                     /usr/lib/libXdamage.so.1.1.0
7f9705e0f000-7f9705e11000 r-xp 00000000 08:06 523753                     /usr/lib/libXcomposite.so.1.0.0
7f9705e11000-7f9706010000 ---p 00002000 08:06 523753                     /usr/lib/libXcomposite.so.1.0.0
7f9706010000-7f9706011000 r--p 00001000 08:06 523753                     /usr/lib/libXcomposite.so.1.0.0
7f9706011000-7f9706012000 rw-p 00002000 08:06 523753                     /usr/lib/libXcomposite.so.1.0.0
7f9706012000-7f970601b000 r-xp 00000000 08:06 531336                     /usr/lib/libXcursor.so.1.0.2
7f970601b000-7f970621a000 ---p 00009000 08:06 531336                     /usr/lib/libXcursor.so.1.0.2
7f970621a000-7f970621b000 r--p 00008000 08:06 531336                     /usr/lib/libXcursor.so.1.0.2
7f970621b000-7f970621c000 rw-p 00009000 08:06 531336                     /usr/lib/libXcursor.so.1.0.2
7f970621c000-7f9706224000 r-xp 00000000 08:06 533170                     /usr/lib/libXrandr.so.2.2.0
7f9706224000-7f9706423000 ---p 00008000 08:06 533170                     /usr/lib/libXrandr.so.2.2.0
7f9706423000-7f9706424000 r--p 00007000 08:06 533170                     /usr/lib/libXrandr.so.2.2.0
7f9706424000-7f9706425000 rw-p 00008000 08:06 533170                     /usr/lib/libXrandr.so.2.2.0
7f9706425000-7f9706427000 r-xp 00000000 08:06 523766                     /usr/lib/libXinerama.so.1.0.0
7f9706427000-7f9706626000 ---p 00002000 08:06 523766                     /usr/lib/libXinerama.so.1.0.0
7f9706626000-7f9706627000 r--p 00001000 08:06 523766                     /usr/lib/libXinerama.so.1.0.0
7f9706627000-7f9706628000 rw-p 00002000 08:06 523766                     /usr/lib/libXinerama.so.1.0.0
7f9706628000-7f970662d000 r-xp 00000000 08:06 523749                     /usr/lib/libXfixes.so.3.1.0
7f970662d000-7f970682d000 ---p 00005000 08:06 523749                     /usr/lib/libXfixes.so.3.1.0
7f970682d000-7f970682e000 r--p 00005000 08:06 523749                     /usr/lib/libXfixes.so.3.1.0
7f970682e000-7f970682f000 rw-p 00006000 08:06 523749                     /usr/lib/libXfixes.so.3.1.0
7f970682f000-7f970684c000 r-xp 00000000 08:06 533661                     /usr/lib/libxcb.so.1.1.0
7f970684c000-7f9706a4c000 ---p 0001d000 08:06 533661                     /usr/lib/libxcb.so.1.1.0
7f9706a4c000-7f9706a4d000 rw-p 0001d000 08:06 533661                     /usr/lib/libxcb.so.1.1.0
7f9706a4d000-7f9706a9f000 r-xp 00000000 08:06 528718                     /usr/lib/libcups.so.2
7f9706a9f000-7f9706c9e000 ---p 00052000 08:06 528718                     /usr/lib/libcups.so.2
7f9706c9e000-7f9706ca2000 r--p 00051000 08:06 528718                     /usr/lib/libcups.so.2
7f9706ca2000-7f9706ca3000 rw-p 00055000 08:06 528718                     /usr/lib/libcups.so.2
7f9706ca3000-7f9706d95000 r-xp 00000000 08:06 528627                     /usr/lib/libglib-2.0.so.0.3200.2
7f9706d95000-7f9706f94000 ---p 000f2000 08:06 528627                     /usr/lib/libglib-2.0.so.0.3200.2
7f9706f94000-7f9706f95000 r--p 000f1000 08:06 528627                     /usr/lib/libglib-2.0.so.0.3200.2
7f9706f95000-7f9706f96000 rw-p 000f2000 08:06 528627                     /usr/lib/libglib-2.0.so.0.3200.2
7f9706f96000-7f9706f97000 rw-p 00000000 00:00 0 
7f9706f97000-7f9706f98000 r-xp 00000000 08:06 528965                     /usr/lib/libgthread-2.0.so.0.3200.2
7f9706f98000-7f9707197000 ---p 00001000 08:06 528965                     /usr/lib/libgthread-2.0.so.0.3200.2
7f9707197000-7f9707198000 r--p 00000000 08:06 528965                     /usr/lib/libgthread-2.0.so.0.3200.2
7f9707198000-7f9707199000 rw-p 00001000 08:06 528965                     /usr/lib/libgthread-2.0.so.0.3200.2
7f9707199000-7f970719c000 r-xp 00000000 08:06 528923                     /usr/lib/libgmodule-2.0.so.0.3200.2
7f970719c000-7f970739b000 ---p 00003000 08:06 528923                     /usr/lib/libgmodule-2.0.so.0.3200.2
7f970739b000-7f970739c000 r--p 00002000 08:06 528923                     /usr/lib/libgmodule-2.0.so.0.3200.2
7f970739c000-7f970739d000 rw-p 00003000 08:06 528923                     /usr/lib/libgmodule-2.0.so.0.3200.2
7f970739d000-7f97073e9000 r-xp 00000000 08:06 528966                     /usr/lib/libgobject-2.0.so.0.3200.2
7f97073e9000-7f97075e9000 ---p 0004c000 08:06 528966                     /usr/lib/libgobject-2.0.so.0.3200.2
7f97075e9000-7f97075ea000 r--p 0004c000 08:06 528966                     /usr/lib/libgobject-2.0.so.0.3200.2
7f97075ea000-7f97075eb000 rw-p 0004d000 08:06 528966                     /usr/lib/libgobject-2.0.so.0.3200.2
7f97075eb000-7f970761f000 r-xp 00000000 08:06 534580                     /usr/lib/libfontconfig.so.1.4.4
7f970761f000-7f970781f000 ---p 00034000 08:06 534580                     /usr/lib/libfontconfig.so.1.4.4
7f970781f000-7f9707820000 r--p 00034000 08:06 534580                     /usr/lib/libfontconfig.so.1.4.4
7f9707820000-7f9707821000 rw-p 00035000 08:06 534580                     /usr/lib/libfontconfig.so.1.4.4
7f9707821000-7f97078ba000 r-xp 00000000 08:06 533427                     /usr/lib/libfreetype.so.6.8.1
7f97078ba000-7f9707ab9000 ---p 00099000 08:06 533427                     /usr/lib/libfreetype.so.6.8.1
7f9707ab9000-7f9707abf000 r--p 00098000 08:06 533427                     /usr/lib/libfreetype.so.6.8.1
7f9707abf000-7f9707ac0000 rw-p 0009e000 08:06 533427                     /usr/lib/libfreetype.so.6.8.1
7f9707ac0000-7f9707b08000 r-xp 00000000 08:06 533234                     /usr/lib/libpango-1.0.so.0.3000.0
7f9707b08000-7f9707d08000 ---p 00048000 08:06 533234                     /usr/lib/libpango-1.0.so.0.3000.0
7f9707d08000-7f9707d0a000 r--p 00048000 08:06 533234                     /usr/lib/libpango-1.0.so.0.3000.0
7f9707d0a000-7f9707d0b000 rw-p 0004a000 08:06 533234                     /usr/lib/libpango-1.0.so.0.3000.0
7f9707d0b000-7f9707dfb000 r-xp 00000000 08:06 527614                     /usr/lib/libcairo.so.2.11200.2
7f9707dfb000-7f9707ffb000 ---p 000f0000 08:06 527614                     /usr/lib/libcairo.so.2.11200.2
7f9707ffb000-7f9707fff000 rw-p 000f0000 08:06 527614                     /usr/lib/libcairo.so.2.11200.2
7f9707fff000-7f9708000000 rw-p 00000000 00:00 0 
7f9708000000-7f9708021000 rw-p 00000000 00:00 0 
7f9708021000-7f970c000000 ---p 00000000 00:00 0 
7f970c024000-7f970c06c000 rw-p 00000000 00:00 0 
7f970c06c000-7f970c073000 r-xp 00000000 08:06 526968                     /usr/lib/libatiuki.so.1.0
7f970c073000-7f970c173000 ---p 00007000 08:06 526968                     /usr/lib/libatiuki.so.1.0
7f970c173000-7f970c174000 rw-p 00007000 08:06 526968                     /usr/lib/libatiuki.so.1.0
7f970c174000-7f970c175000 rw-p 00000000 00:00 0 
7f970c175000-7f970c196000 r-xp 00000000 08:06 532661                     /usr/lib/libgdk_pixbuf-2.0.so.0.2600.1
7f970c196000-7f970c395000 ---p 00021000 08:06 532661                     /usr/lib/libgdk_pixbuf-2.0.so.0.2600.1
7f970c395000-7f970c396000 r--p 00020000 08:06 532661                     /usr/lib/libgdk_pixbuf-2.0.so.0.2600.1
7f970c396000-7f970c397000 rw-p 00021000 08:06 532661                     /usr/lib/libgdk_pixbuf-2.0.so.0.2600.1
7f970c397000-7f970c3a2000 r-xp 00000000 08:06 533238                     /usr/lib/libpangocairo-1.0.so.0.3000.0
7f970c3a2000-7f970c5a2000 ---p 0000b000 08:06 533238                     /usr/lib/libpangocairo-1.0.so.0.3000.0
7f970c5a2000-7f970c5a3000 r--p 0000b000 08:06 533238                     /usr/lib/libpangocairo-1.0.so.0.3000.0
7f970c5a3000-7f970c5a4000 rw-p 0000c000 08:06 533238                     /usr/lib/libpangocairo-1.0.so.0.3000.0
7f970c5a4000-7f970c5cf000 r-xp 00000000 08:06 533236                     /usr/lib/libpangoft2-1.0.so.0.3000.0
7f970c5cf000-7f970c7cf000 ---p 0002b000 08:06 533236                     /usr/lib/libpangoft2-1.0.so.0.3000.0
7f970c7cf000-7f970c7d0000 r--p 0002b000 08:06 533236                     /usr/lib/libpangoft2-1.0.so.0.3000.0
7f970c7d0000-7f970c7d1000 rw-p 0002c000 08:06 533236                     /usr/lib/libpangoft2-1.0.so.0.3000.0
7f970c7d1000-7f970c916000 r-xp 00000000 08:06 528967                     /usr/lib/libgio-2.0.so.0.3200.2
7f970c916000-7f970cb15000 ---p 00145000 08:06 528967                     /usr/lib/libgio-2.0.so.0.3200.2
7f970cb15000-7f970cb19000 r--p 00144000 08:06 528967                     /usr/lib/libgio-2.0.so.0.3200.2
7f970cb19000-7f970cb1b000 rw-p 00148000 08:06 528967                     /usr/lib/libgio-2.0.so.0.3200.2
7f970cb1b000-7f970cb1d000 rw-p 00000000 00:00 0 
7f970cb1d000-7f970cb3d000 r-xp 00000000 08:06 533187                     /usr/lib/libatk-1.0.so.0.20409.1
7f970cb3d000-7f970cd3d000 ---p 00020000 08:06 533187                     /usr/lib/libatk-1.0.so.0.20409.1
7f970cd3d000-7f970cd3f000 r--p 00020000 08:06 533187                     /usr/lib/libatk-1.0.so.0.20409.1
7f970cd3f000-7f970cd40000 rw-p 00022000 08:06 533187                     /usr/lib/libatk-1.0.so.0.20409.1
7f970cd40000-7f970cded000 r-xp 00000000 08:06 523419                     /usr/lib/libgdk-x11-2.0.so.0.2400.10
7f970cded000-7f970cfed000 ---p 000ad000 08:06 523419                     /usr/lib/libgdk-x11-2.0.so.0.2400.10
7f970cfed000-7f970cff1000 r--p 000ad000 08:06 523419                     /usr/lib/libgdk-x11-2.0.so.0.2400.10
7f970cff1000-7f970cff3000 rw-p 000b1000 08:06 523419                     /usr/lib/libgdk-x11-2.0.so.0.2400.10
7f970cff3000-7f970d415000 r-xp 00000000 08:06 523420                     /usr/lib/libgtk-x11-2.0.so.0.2400.10
7f970d415000-7f970d615000 ---p 00422000 08:06 523420                     /usr/lib/libgtk-x11-2.0.so.0.2400.10
7f970d615000-7f970d61c000 r--p 00422000 08:06 523420                     /usr/lib/libgtk-x11-2.0.so.0.2400.10
7f970d61c000-7f970d620000 rw-p 00429000 08:06 523420                     /usr/lib/libgtk-x11-2.0.so.0.2400.10
7f970d620000-7f970d622000 rw-p 00000000 00:00 0 
7f970d622000-7f970d630000 r-xp 00000000 08:06 526751                     /usr/lib/libXi.so.6.1.0
7f970d630000-7f970d82f000 ---p 0000e000 08:06 526751                     /usr/lib/libXi.so.6.1.0
7f970d82f000-7f970d830000 r--p 0000d000 08:06 526751                     /usr/lib/libXi.so.6.1.0
7f970d830000-7f970d831000 rw-p 0000e000 08:06 526751                     /usr/lib/libXi.so.6.1.0
7f970d831000-7f970d836000 r-xp 00000000 08:06 523793                     /usr/lib/libXtst.so.6.1.0
7f970d836000-7f970da36000 ---p 00005000 08:06 523793                     /usr/lib/libXtst.so.6.1.0
7f970da36000-7f970da37000 r--p 00005000 08:06 523793                     /usr/lib/libXtst.so.6.1.0
7f970da37000-7f970da38000 rw-p 00006000 08:06 523793                     /usr/lib/libXtst.so.6.1.0
7f970da38000-7f970da42000 r-xp 00000000 08:06 529110                     /usr/lib/libXrender.so.1.3.0
7f970da42000-7f970dc41000 ---p 0000a000 08:06 529110                     /usr/lib/libXrender.so.1.3.0
7f970dc41000-7f970dc42000 r--p 00009000 08:06 529110                     /usr/lib/libXrender.so.1.3.0
7f970dc42000-7f970dc43000 rw-p 0000a000 08:06 529110                     /usr/lib/libXrender.so.1.3.0
7f970dc43000-7f970dd77000 r-xp 00000000 08:06 531386                     /usr/lib/libX11.so.6.3.0
7f970dd77000-7f970df77000 ---p 00134000 08:06 531386                     /usr/lib/libX11.so.6.3.0
7f970df77000-7f970df78000 r--p 00134000 08:06 531386                     /usr/lib/libX11.so.6.3.0
7f970df78000-7f970df7d000 rw-p 00135000 08:06 531386                     /usr/lib/libX11.so.6.3.0
7f970df7d000-7f970df8f000 r-xp 00000000 08:06 523664                     /usr/lib/libXext.so.6.4.0
7f970df8f000-7f970e18e000 ---p 00012000 08:06 523664                     /usr/lib/libXext.so.6.4.0
7f970e18e000-7f970e18f000 r--p 00011000 08:06 523664                     /usr/lib/libXext.so.6.4.0
7f970e18f000-7f970e190000 rw-p 00012000 08:06 523664                     /usr/lib/libXext.so.6.4.0
7f970e190000-7f970e1e2000 r-xp 00000000 08:06 533913                     /usr/lib/jvm/java-7-openjdk/jre/lib/amd64/xawt/libmawt.so
7f970e1e2000-7f970e3e1000 ---p 00052000 08:06 533913                     /usr/lib/jvm/java-7-openjdk/jre/lib/amd64/xawt/libmawt.so
7f970e3e1000-7f970e3e5000 rw-p 00051000 08:06 533913                     /usr/lib/jvm/java-7-openjdk/jre/lib/amd64/xawt/libmawt.so
7f970e3e5000-7f970e3e6000 rw-p 00000000 00:00 0 
7f970e3e6000-7f970e488000 r-xp 00000000 08:06 525820                     /usr/lib/jvm/java-7-openjdk/jre/lib/amd64/libawt.so
7f970e488000-7f970e688000 ---p 000a2000 08:06 525820                     /usr/lib/jvm/java-7-openjdk/jre/lib/amd64/libawt.so
7f970e688000-7f970e694000 rw-p 000a2000 08:06 525820                     /usr/lib/jvm/java-7-openjdk/jre/lib/amd64/libawt.so
7f970e694000-7f970e6b8000 rw-p 00000000 00:00 0 
7f970e6b8000-7f970e6b9000 ---p 00000000 00:00 0 
7f970e6b9000-7f970e7b9000 rw-p 00000000 00:00 0 
7f970e7b9000-7f970e7bc000 ---p 00000000 00:00 0 
7f970e7bc000-7f970e8ba000 rw-p 00000000 00:00 0 
7f970e8ba000-7f970e8bd000 ---p 00000000 00:00 0 
7f970e8bd000-7f970e9bb000 rw-p 00000000 00:00 0 
7f970e9bb000-7f970e9be000 ---p 00000000 00:00 0 
7f970e9be000-7f970eabc000 rw-p 00000000 00:00 0 
7f970eabc000-7f970eabf000 ---p 00000000 00:00 0 
7f970eabf000-7f970ebbd000 rw-p 00000000 00:00 0 
7f970ebbd000-7f970ef69000 r--p 00000000 08:06 536728                     /usr/lib/locale/locale-archive
7f970ef69000-7f970ef6c000 ---p 00000000 00:00 0 
7f970ef6c000-7f970f06a000 rw-p 00000000 00:00 0 
7f970f06a000-7f970f06d000 ---p 00000000 00:00 0 
7f970f06d000-7f970f16b000 rw-p 00000000 00:00 0 
7f970f16b000-7f970f16c000 ---p 00000000 00:00 0 
7f970f16c000-7f970f7dd000 rw-p 00000000 00:00 0 
7f970f7dd000-7f970f98c000 r--s 03e7b000 08:06 524045                     /usr/lib/jvm/java-7-openjdk/jre/lib/rt.jar
7f970f98c000-7f970f98d000 ---p 00000000 00:00 0 
7f970f98d000-7f970fa8d000 rw-p 00000000 00:00 0 
7f970fa8d000-7f970fa8e000 ---p 00000000 00:00 0 
7f970fa8e000-7f970fb8e000 rw-p 00000000 00:00 0 
7f970fb8e000-7f970fb8f000 ---p 00000000 00:00 0 
7f970fb8f000-7f970fce2000 rw-p 00000000 00:00 0 
7f970fce2000-7f97101b5000 rw-p 00000000 00:00 0 
7f97101b5000-7f97101c0000 rw-p 00000000 00:00 0 
7f97101c0000-7f9710208000 rw-p 00000000 00:00 0 
7f9710208000-7f971025b000 rw-p 00000000 00:00 0 
7f971025b000-7f971072d000 rw-p 00000000 00:00 0 
7f971072d000-7f9710757000 rw-p 00000000 00:00 0 
7f9710757000-7f97109c0000 rw-p 00000000 00:00 0 
7f97109c0000-7f97109c1000 rw-p 00000000 00:00 0 
7f97109c1000-7f9710c31000 rwxp 00000000 00:00 0 
7f9710c31000-7f97139c1000 rw-p 00000000 00:00 0 
7f97139c1000-7f97139c9000 r-xp 00000000 08:06 525197                     /usr/lib/jvm/java-7-openjdk/jre/lib/amd64/libzip.so
7f97139c9000-7f9713bc8000 ---p 00008000 08:06 525197                     /usr/lib/jvm/java-7-openjdk/jre/lib/amd64/libzip.so
7f9713bc8000-7f9713bc9000 rw-p 00007000 08:06 525197                     /usr/lib/jvm/java-7-openjdk/jre/lib/amd64/libzip.so
7f9713bc9000-7f9713bd5000 r-xp 00000000 08:06 1309                       /lib/libnss_files-2.15.so
7f9713bd5000-7f9713dd4000 ---p 0000c000 08:06 1309                       /lib/libnss_files-2.15.so
7f9713dd4000-7f9713dd5000 r--p 0000b000 08:06 1309                       /lib/libnss_files-2.15.so
7f9713dd5000-7f9713dd6000 rw-p 0000c000 08:06 1309                       /lib/libnss_files-2.15.so
7f9713dd6000-7f9713dff000 r-xp 00000000 08:06 525207                     /usr/lib/jvm/java-7-openjdk/jre/lib/amd64/libjava.so
7f9713dff000-7f9713ffe000 ---p 00029000 08:06 525207                     /usr/lib/jvm/java-7-openjdk/jre/lib/amd64/libjava.so
7f9713ffe000-7f9714000000 rw-p 00028000 08:06 525207                     /usr/lib/jvm/java-7-openjdk/jre/lib/amd64/libjava.so
7f9714000000-7f97144cf000 rw-p 00000000 00:00 0 
7f97144cf000-7f9718000000 ---p 00000000 00:00 0 
7f9718011000-7f9718012000 r--s 00000000 00:11 27270                      /home/tobi/.fontconfig/5604230ae2129cf9aeedc64ab4ef6938-le64.cache-3
7f9718012000-7f9718028000 r--s 00000000 08:07 22836                      /var/cache/fontconfig/8d4af663993b81a124ee82e610bb31f9-le64.cache-3
7f9718028000-7f9718031000 r--s 00000000 08:07 26938                      /var/cache/fontconfig/d62e99ef547d1d24cdb1bd22ec1a2976-le64.cache-3
7f9718031000-7f9718059000 rw-p 00000000 00:00 0 
7f9718059000-7f971805a000 ---p 00000000 00:00 0 
7f971805a000-7f9718165000 rw-p 00000000 00:00 0 
7f9718165000-7f97181ad000 rw-p 00000000 00:00 0 
7f97181ad000-7f97181bb000 r-xp 00000000 08:06 525194                     /usr/lib/jvm/java-7-openjdk/jre/lib/amd64/libverify.so
7f97181bb000-7f97183ba000 ---p 0000e000 08:06 525194                     /usr/lib/jvm/java-7-openjdk/jre/lib/amd64/libverify.so
7f97183ba000-7f97183bc000 rw-p 0000d000 08:06 525194                     /usr/lib/jvm/java-7-openjdk/jre/lib/amd64/libverify.so
7f97183bc000-7f97183c3000 r-xp 00000000 08:06 1288                       /lib/librt-2.15.so
7f97183c3000-7f97185c2000 ---p 00007000 08:06 1288                       /lib/librt-2.15.so
7f97185c2000-7f97185c3000 r--p 00006000 08:06 1288                       /lib/librt-2.15.so
7f97185c3000-7f97185c4000 rw-p 00007000 08:06 1288                       /lib/librt-2.15.so
7f97185c4000-7f97185d9000 r-xp 00000000 08:06 526089                     /usr/lib/libgcc_s.so.1
7f97185d9000-7f97187d8000 ---p 00015000 08:06 526089                     /usr/lib/libgcc_s.so.1
7f97187d8000-7f97187d9000 rw-p 00014000 08:06 526089                     /usr/lib/libgcc_s.so.1
7f97187d9000-7f97188cc000 r-xp 00000000 08:06 1293                       /lib/libm-2.15.so
7f97188cc000-7f9718acc000 ---p 000f3000 08:06 1293                       /lib/libm-2.15.so
7f9718acc000-7f9718acd000 r--p 000f3000 08:06 1293                       /lib/libm-2.15.so
7f9718acd000-7f9718ace000 rw-p 000f4000 08:06 1293                       /lib/libm-2.15.so
7f9718ace000-7f9718bb3000 r-xp 00000000 08:06 526567                     /usr/lib/libstdc++.so.6.0.17
7f9718bb3000-7f9718db3000 ---p 000e5000 08:06 526567                     /usr/lib/libstdc++.so.6.0.17
7f9718db3000-7f9718dbb000 r--p 000e5000 08:06 526567                     /usr/lib/libstdc++.so.6.0.17
7f9718dbb000-7f9718dbd000 rw-p 000ed000 08:06 526567                     /usr/lib/libstdc++.so.6.0.17
7f9718dbd000-7f9718dd2000 rw-p 00000000 00:00 0 
7f9718dd2000-7f9719765000 r-xp 00000000 08:06 525849                     /usr/lib/jvm/java-7-openjdk/jre/lib/amd64/server/libjvm.so
7f9719765000-7f9719965000 ---p 00993000 08:06 525849                     /usr/lib/jvm/java-7-openjdk/jre/lib/amd64/server/libjvm.so
7f9719965000-7f9719a01000 rw-p 00993000 08:06 525849                     /usr/lib/jvm/java-7-openjdk/jre/lib/amd64/server/libjvm.so
7f9719a01000-7f9719a2b000 rw-p 00000000 00:00 0 
7f9719a2b000-7f9719bc2000 r-xp 00000000 08:06 1304                       /lib/libc-2.15.so
7f9719bc2000-7f9719dc2000 ---p 00197000 08:06 1304                       /lib/libc-2.15.so
7f9719dc2000-7f9719dc6000 r--p 00197000 08:06 1304                       /lib/libc-2.15.so
7f9719dc6000-7f9719dc8000 rw-p 0019b000 08:06 1304                       /lib/libc-2.15.so
7f9719dc8000-7f9719dcc000 rw-p 00000000 00:00 0 
7f9719dcc000-7f9719dcf000 r-xp 00000000 08:06 1292                       /lib/libdl-2.15.so
7f9719dcf000-7f9719fce000 ---p 00003000 08:06 1292                       /lib/libdl-2.15.so
7f9719fce000-7f9719fcf000 r--p 00002000 08:06 1292                       /lib/libdl-2.15.so
7f9719fcf000-7f9719fd0000 rw-p 00003000 08:06 1292                       /lib/libdl-2.15.so
7f9719fd0000-7f9719fe5000 r-xp 00000000 08:06 528979                     /usr/lib/libz.so.1.2.7
7f9719fe5000-7f971a1e4000 ---p 00015000 08:06 528979                     /usr/lib/libz.so.1.2.7
7f971a1e4000-7f971a1e5000 r--p 00014000 08:06 528979                     /usr/lib/libz.so.1.2.7
7f971a1e5000-7f971a1e6000 rw-p 00015000 08:06 528979                     /usr/lib/libz.so.1.2.7
7f971a1e6000-7f971a1f2000 r-xp 00000000 08:06 526062                     /usr/lib/jvm/java-7-openjdk/jre/lib/amd64/jli/libjli.so
7f971a1f2000-7f971a3f2000 ---p 0000c000 08:06 526062                     /usr/lib/jvm/java-7-openjdk/jre/lib/amd64/jli/libjli.so
7f971a3f2000-7f971a3f3000 rw-p 0000c000 08:06 526062                     /usr/lib/jvm/java-7-openjdk/jre/lib/amd64/jli/libjli.so
7f971a3f3000-7f971a40a000 r-xp 00000000 08:06 929                        /lib/libpthread-2.15.so
7f971a40a000-7f971a609000 ---p 00017000 08:06 929                        /lib/libpthread-2.15.so
7f971a609000-7f971a60a000 r--p 00016000 08:06 929                        /lib/libpthread-2.15.so
7f971a60a000-7f971a60b000 rw-p 00017000 08:06 929                        /lib/libpthread-2.15.so
7f971a60b000-7f971a60f000 rw-p 00000000 00:00 0 
7f971a60f000-7f971a630000 r-xp 00000000 08:06 1312                       /lib/ld-2.15.so
7f971a630000-7f971a639000 r--s 00263000 08:06 523786                     /usr/lib/jvm/java-7-openjdk/jre/lib/resources.jar
7f971a639000-7f971a643000 rw-p 00000000 00:00 0 
7f971a643000-7f971a6f9000 rw-p 00000000 00:00 0 
7f971a6f9000-7f971a6fc000 ---p 00000000 00:00 0 
7f971a6fc000-7f971a7ff000 rw-p 00000000 00:00 0 
7f971a7ff000-7f971a800000 rw-s 00005000 00:05 9111                       /dev/ati/card1
7f971a800000-7f971a820000 rw-s feae0000 00:05 9111                       /dev/ati/card1
7f971a820000-7f971a822000 rw-s 00002000 00:05 9111                       /dev/ati/card1
7f971a822000-7f971a825000 r--s 0000f000 08:06 526356                     /usr/lib/jvm/java-7-openjdk/jre/lib/ext/pulse-java.jar
7f971a825000-7f971a82d000 rw-s 00000000 08:06 265733                     /tmp/hsperfdata_tobi/11341 (deleted)
7f971a82d000-7f971a82e000 rw-p 00000000 00:00 0 
7f971a82e000-7f971a82f000 ---p 00000000 00:00 0 
7f971a82f000-7f971a830000 rw-p 00000000 00:00 0 
7f971a830000-7f971a831000 r--p 00021000 08:06 1312                       /lib/ld-2.15.so
7f971a831000-7f971a832000 rw-p 00022000 08:06 1312                       /lib/ld-2.15.so
7f971a832000-7f971a833000 rw-p 00000000 00:00 0 
7fff4b317000-7fff4b338000 rw-p 00000000 00:00 0                          [stack]
7fff4b3ff000-7fff4b400000 r-xp 00000000 00:00 0                          [vdso]
ffffffffff600000-ffffffffff601000 r-xp 00000000 00:00 0                  [vsyscall]

VM Arguments:
jvm_args: -Dsun.java2d.opengl=True -Dfile.encoding=UTF-8 
java_command: bombi.BombiGui
Launcher Type: SUN_STANDARD

Environment Variables:
JAVA_HOME=/usr/lib/jvm/java-7-openjdk
PATH=/usr/local/bin:/usr/bin:/bin:/usr/local/sbin:/usr/sbin:/sbin:/opt/android-sdk/platform-tools:/opt/android-sdk/tools:/usr/bin/vendor_perl:/usr/bin/core_perl:/opt/qt/bin
SHELL=/bin/bash
DISPLAY=:0.0

Signal Handlers:
SIGSEGV: [libjvm.so+0x807d30], sa_mask[0]=0x7ffbfeff, sa_flags=0x10000004
SIGBUS: [libjvm.so+0x807d30], sa_mask[0]=0x7ffbfeff, sa_flags=0x10000004
SIGFPE: [libjvm.so+0x6ac970], sa_mask[0]=0x7ffbfeff, sa_flags=0x10000004
SIGPIPE: [libjvm.so+0x6ac970], sa_mask[0]=0x7ffbfeff, sa_flags=0x10000004
SIGXFSZ: [libjvm.so+0x6ac970], sa_mask[0]=0x7ffbfeff, sa_flags=0x10000004
SIGILL: [libjvm.so+0x6ac970], sa_mask[0]=0x7ffbfeff, sa_flags=0x10000004
SIGUSR1: SIG_DFL, sa_mask[0]=0x00000000, sa_flags=0x00000000
SIGUSR2: [libjvm.so+0x6acd40], sa_mask[0]=0x00000004, sa_flags=0x10000004
SIGHUP: [libjvm.so+0x6ace80], sa_mask[0]=0x7ffbfeff, sa_flags=0x10000004
SIGINT: [libjvm.so+0x6ace80], sa_mask[0]=0x7ffbfeff, sa_flags=0x10000004
SIGTERM: [libjvm.so+0x6ace80], sa_mask[0]=0x7ffbfeff, sa_flags=0x10000004
SIGQUIT: [libjvm.so+0x6ace80], sa_mask[0]=0x7ffbfeff, sa_flags=0x10000004


---------------  S Y S T E M  ---------------

OS:Linux
uname:Linux 3.3.6-1-ARCH #1 SMP PREEMPT Sun May 13 10:52:32 CEST 2012 x86_64
libc:glibc 2.15 NPTL 2.15 
rlimit: STACK 8192k, CORE 0k, NPROC 125839, NOFILE 4096, AS infinity
load average:1.34 0.87 1.06

/proc/meminfo:
MemTotal:       16180360 kB
MemFree:        10063308 kB
Buffers:         1040252 kB
Cached:          2692592 kB
SwapCached:            0 kB
Active:          2675792 kB
Inactive:        2549684 kB
Active(anon):    1493620 kB
Inactive(anon):    31112 kB
Active(file):    1182172 kB
Inactive(file):  2518572 kB
Unevictable:           0 kB
Mlocked:               0 kB
SwapTotal:             0 kB
SwapFree:              0 kB
Dirty:               232 kB
Writeback:             8 kB
AnonPages:       1492428 kB
Mapped:           265112 kB
Shmem:             32108 kB
Slab:             505980 kB
SReclaimable:     429864 kB
SUnreclaim:        76116 kB
KernelStack:        4136 kB
PageTables:        40124 kB
NFS_Unstable:          0 kB
Bounce:                0 kB
WritebackTmp:          0 kB
CommitLimit:     8090180 kB
Committed_AS:    3238492 kB
VmallocTotal:   34359738367 kB
VmallocUsed:      362644 kB
VmallocChunk:   34359374303 kB
HardwareCorrupted:     0 kB
AnonHugePages:    858112 kB
HugePages_Total:       0
HugePages_Free:        0
HugePages_Rsvd:        0
HugePages_Surp:        0
Hugepagesize:       2048 kB
DirectMap4k:      735744 kB
DirectMap2M:     9486336 kB
DirectMap1G:     6291456 kB


CPU:total 4 (4 cores per cpu, 1 threads per core) family 16 model 5 stepping 2, cmov, cx8, fxsr, mmx, sse, sse2, sse3, popcnt, mmxext, 3dnowpref, lzcnt, sse4a

/proc/cpuinfo:
processor	: 0
vendor_id	: AuthenticAMD
cpu family	: 16
model		: 5
model name	: AMD Athlon(tm) II X4 620 Processor
stepping	: 2
microcode	: 0x10000c6
cpu MHz		: 2600.000
cache size	: 512 KB
physical id	: 0
siblings	: 4
core id		: 0
cpu cores	: 4
apicid		: 0
initial apicid	: 0
fpu		: yes
fpu_exception	: yes
cpuid level	: 5
wp		: yes
flags		: fpu vme de pse tsc msr pae mce cx8 apic sep mtrr pge mca cmov pat pse36 clflush mmx fxsr sse sse2 ht syscall nx mmxext fxsr_opt pdpe1gb rdtscp lm 3dnowext 3dnow constant_tsc rep_good nopl nonstop_tsc extd_apicid pni monitor cx16 popcnt lahf_lm cmp_legacy svm extapic cr8_legacy abm sse4a misalignsse 3dnowprefetch osvw ibs skinit wdt nodeid_msr npt lbrv svm_lock nrip_save
bogomips	: 5225.40
TLB size	: 1024 4K pages
clflush size	: 64
cache_alignment	: 64
address sizes	: 48 bits physical, 48 bits virtual
power management: ts ttp tm stc 100mhzsteps hwpstate

processor	: 1
vendor_id	: AuthenticAMD
cpu family	: 16
model		: 5
model name	: AMD Athlon(tm) II X4 620 Processor
stepping	: 2
microcode	: 0x10000c6
cpu MHz		: 800.000
cache size	: 512 KB
physical id	: 0
siblings	: 4
core id		: 1
cpu cores	: 4
apicid		: 1
initial apicid	: 1
fpu		: yes
fpu_exception	: yes
cpuid level	: 5
wp		: yes
flags		: fpu vme de pse tsc msr pae mce cx8 apic sep mtrr pge mca cmov pat pse36 clflush mmx fxsr sse sse2 ht syscall nx mmxext fxsr_opt pdpe1gb rdtscp lm 3dnowext 3dnow constant_tsc rep_good nopl nonstop_tsc extd_apicid pni monitor cx16 popcnt lahf_lm cmp_legacy svm extapic cr8_legacy abm sse4a misalignsse 3dnowprefetch osvw ibs skinit wdt nodeid_msr npt lbrv svm_lock nrip_save
bogomips	: 5225.40
TLB size	: 1024 4K pages
clflush size	: 64
cache_alignment	: 64
address sizes	: 48 bits physical, 48 bits virtual
power management: ts ttp tm stc 100mhzsteps hwpstate

processor	: 2
vendor_id	: AuthenticAMD
cpu family	: 16
model		: 5
model name	: AMD Athlon(tm) II X4 620 Processor
stepping	: 2
microcode	: 0x10000c6
cpu MHz		: 1400.000
cache size	: 512 KB
physical id	: 0
siblings	: 4
core id		: 2
cpu cores	: 4
apicid		: 2
initial apicid	: 2
fpu		: yes
fpu_exception	: yes
cpuid level	: 5
wp		: yes
flags		: fpu vme de pse tsc msr pae mce cx8 apic sep mtrr pge mca cmov pat pse36 clflush mmx fxsr sse sse2 ht syscall nx mmxext fxsr_opt pdpe1gb rdtscp lm 3dnowext 3dnow constant_tsc rep_good nopl nonstop_tsc extd_apicid pni monitor cx16 popcnt lahf_lm cmp_legacy svm extapic cr8_legacy abm sse4a misalignsse 3dnowprefetch osvw ibs skinit wdt nodeid_msr npt lbrv svm_lock nrip_save
bogomips	: 5225.40
TLB size	: 1024 4K pages
clflush size	: 64
cache_alignment	: 64
address sizes	: 48 bits physical, 48 bits virtual
power management: ts ttp tm stc 100mhzsteps hwpstate

processor	: 3
vendor_id	: AuthenticAMD
cpu family	: 16
model		: 5
model name	: AMD Athlon(tm) II X4 620 Processor
stepping	: 2
microcode	: 0x10000c6
cpu MHz		: 800.000
cache size	: 512 KB
physical id	: 0
siblings	: 4
core id		: 3
cpu cores	: 4
apicid		: 3
initial apicid	: 3
fpu		: yes
fpu_exception	: yes
cpuid level	: 5
wp		: yes
flags		: fpu vme de pse tsc msr pae mce cx8 apic sep mtrr pge mca cmov pat pse36 clflush mmx fxsr sse sse2 ht syscall nx mmxext fxsr_opt pdpe1gb rdtscp lm 3dnowext 3dnow constant_tsc rep_good nopl nonstop_tsc extd_apicid pni monitor cx16 popcnt lahf_lm cmp_legacy svm extapic cr8_legacy abm sse4a misalignsse 3dnowprefetch osvw ibs skinit wdt nodeid_msr npt lbrv svm_lock nrip_save
bogomips	: 5225.40
TLB size	: 1024 4K pages
clflush size	: 64
cache_alignment	: 64
address sizes	: 48 bits physical, 48 bits virtual
power management: ts ttp tm stc 100mhzsteps hwpstate



Memory: 4k page, physical 16180360k(10063308k free), swap 0k(0k free)

vm_info: OpenJDK 64-Bit Server VM (22.0-b10) for linux-amd64 JRE (1.7.0_03-b147), built on Mar  6 2012 20:02:29 by "nobody" with gcc 4.6.3

time: Thu May 17 00:18:44 2012
elapsed time: 12 seconds

