#
# A fatal error has been detected by the Java Runtime Environment:
#
#  SIGSEGV (0xb) at pc=0x00007f9ec1f812a8, pid=9492, tid=140319859021568
#
# JRE version: 7.0_03-b147
# Java VM: OpenJDK 64-Bit Server VM (22.0-b10 mixed mode linux-amd64 compressed oops)
# Derivative: IcedTea7 2.1
# Distribution: Custom build (Tue Mar  6 19:52:34 UTC 2012)
# Problematic frame:
# C  [libX11.so.6+0x382a8]  XQueryExtension+0x28
#
# Failed to write core dump. Core dumps have been disabled. To enable core dumping, try "ulimit -c unlimited" before starting Java again
#
# If you would like to submit a bug report, please include
# instructions on how to reproduce the bug and visit:
#   http://icedtea.classpath.org/bugzilla
#

---------------  T H R E A D  ---------------

Current thread (0x00007f9ec809d000):  VMThread [stack: 0x00007f9ec34a1000,0x00007f9ec35a2000] [id=9502]

siginfo:si_signo=SIGSEGV: si_errno=0, si_code=1 (SEGV_MAPERR), si_addr=0xffffffffc81c8158

Registers:
RAX=0x00007f9e9c0008c0, RBX=0xffffffffc81c77f0, RCX=0x00007f9ec35a08d8, RDX=0x00007f9ec35a08d4
RSP=0x00007f9ec35a0870, RBP=0x00007f9eb2887932, RSI=0x00007f9eb2887932, RDI=0xffffffffc81c77f0
R8 =0x00007f9ec35a08dc, R9 =0x0000000000000000, R10=0x00007f9ec35a0730, R11=0x00007f9ecdd85ad0
R12=0x0000000000000000, R13=0x00007f9eb2887932, R14=0x00007f9e9c0008c0, R15=0x0000000000000000
RIP=0x00007f9ec1f812a8, EFLAGS=0x0000000000010202, CSGSFS=0x0000000000000033, ERR=0x0000000000000005
  TRAPNO=0x000000000000000e

Top of Stack: (sp=0x00007f9ec35a0870)
0x00007f9ec35a0870:   0000000000000000 00007f9ec35a08f0
0x00007f9ec35a0880:   00007f9ec35a08f1 00007f9ece94a4e5
0x00007f9ec35a0890:   0000000000000000 ffffffffc81c77f0
0x00007f9ec35a08a0:   00007f9eb2887932 0000000000000000
0x00007f9ec35a08b0:   00007f9eb2887932 00007f9e9c0008c0
0x00007f9ec35a08c0:   0000000000000000 00007f9ec1f75285
0x00007f9ec35a08d0:   0000000000000000 00007f9ecddcab20
0x00007f9ec35a08e0:   00007f9eb29c0520 ffffffffc81c77f0
0x00007f9ec35a08f0:   00007f9ec81d0050 00007f9ec2291b1b
0x00007f9ec35a0900:   00007f9e00000005 0000001100000000
0x00007f9ec35a0910:   00007f9e00000005 0000000000000000
0x00007f9ec35a0920:   00007f9ec35a0990 ffffffffc81c77f0
0x00007f9ec35a0930:   00007f9ec35a0b90 00007f9ec35a0c08
0x00007f9ec35a0940:   00007f9eb29d9d50 00007f9eb282e119
0x00007f9ec35a0950:   0000000000000000 00007f9ec81d0100
0x00007f9ec35a0960:   00007f9ec35a0990 00007f9eb2c3c008
0x00007f9ec35a0970:   00007f9ec35a0b90 00007f9ec35a0c08
0x00007f9ec35a0980:   00000000ffffffff 00007f9eb2824b42
0x00007f9ec35a0990:   00007f9ec35a0c80 00007f9eb28878b1
0x00007f9ec35a09a0:   00007f9ec35a0c80 00007f9ece940f5f
0x00007f9ec35a09b0:   00007f9eceb55170 00007f9eceb55700
0x00007f9ec35a09c0:   00007f9eceb21000 00007f9ec8005900
0x00007f9ec35a09d0:   00007f9ec800a110 00007f9ec817b310
0x00007f9ec35a09e0:   00007f9ec8179170 00007f9ec80021f0
0x00007f9ec35a09f0:   00007f9ec8001b30 0000000002490560
0x00007f9ec35a0a00:   0000000002490a30 0000000002491370
0x00007f9ec35a0a10:   00007f9ec817c790 00007f9ec817d120
0x00007f9ec35a0a20:   00007f9ec817d630 00007f9ec817cc30
0x00007f9ec35a0a30:   00007f9ec817db40 00007f9ec817ea50
0x00007f9ec35a0a40:   00007f9ec817e540 00007f9ec817ef60
0x00007f9ec35a0a50:   00007f9ec817e040 00007f9ec817f460
0x00007f9ec35a0a60:   00007f9ec817f950 00007f9ec8180370 

Instructions: (pc=0x00007f9ec1f812a8)
0x00007f9ec1f81288:   24 d8 48 89 fb 4c 89 64 24 e0 4c 89 6c 24 e8 48
0x00007f9ec1f81298:   89 f5 4c 89 74 24 f0 4c 89 7c 24 f8 48 83 ec 58
0x00007f9ec1f812a8:   48 8b 87 68 09 00 00 49 89 d4 49 89 cd 4d 89 c6
0x00007f9ec1f812b8:   48 85 c0 74 02 ff 10 ba 08 00 00 00 be 62 00 00 

Register to memory mapping:

RAX=0x00007f9e9c0008c0 is an unknown value
RBX=0xffffffffc81c77f0 is an unknown value
RCX=0x00007f9ec35a08d8 is an unknown value
RDX=0x00007f9ec35a08d4 is an unknown value
RSP=0x00007f9ec35a0870 is an unknown value
RBP=0x00007f9eb2887932: <offset 0x96932> in /usr/lib/libGL.so.1 at 0x00007f9eb27f1000
RSI=0x00007f9eb2887932: <offset 0x96932> in /usr/lib/libGL.so.1 at 0x00007f9eb27f1000
RDI=0xffffffffc81c77f0 is an unknown value
R8 =0x00007f9ec35a08dc is an unknown value
R9 =0x0000000000000000 is an unknown value
R10=0x00007f9ec35a0730 is an unknown value
R11=0x00007f9ecdd85ad0: __cxa_finalize+0 in /lib/libc.so.6 at 0x00007f9ecdd4e000
R12=0x0000000000000000 is an unknown value
R13=0x00007f9eb2887932: <offset 0x96932> in /usr/lib/libGL.so.1 at 0x00007f9eb27f1000
R14=0x00007f9e9c0008c0 is an unknown value
R15=0x0000000000000000 is an unknown value


Stack: [0x00007f9ec34a1000,0x00007f9ec35a2000],  sp=0x00007f9ec35a0870,  free space=1022k
Native frames: (J=compiled Java code, j=interpreted, Vv=VM code, C=native code)
C  [libX11.so.6+0x382a8]  XQueryExtension+0x28

VM_Operation (0x00007f9eaaeb24f0): Exit, mode: safepoint, requested by thread 0x00007f9e98001000


---------------  P R O C E S S  ---------------

Java Threads: ( => current thread )
  0x00007f9e98001000 JavaThread "SIGTERM handler" daemon [_thread_blocked, id=9516, stack(0x00007f9eaadb3000,0x00007f9eaaeb4000)]
  0x00007f9ec8006000 JavaThread "DestroyJavaVM" [_thread_blocked, id=9497, stack(0x00007f9ecea1c000,0x00007f9eceb1d000)]
  0x00007f9ec84ae000 JavaThread "Thread-0" [_thread_blocked, id=9515, stack(0x00007f9eab3b6000,0x00007f9eab4b7000)]
  0x00007f9ec84d1800 JavaThread "AWT-EventQueue-0" [_thread_blocked, id=9514, stack(0x00007f9eab4b7000,0x00007f9eab5b8000)]
  0x00007f9ec84d0000 JavaThread "AWT-Shutdown" [_thread_blocked, id=9513, stack(0x00007f9eab5b8000,0x00007f9eab6b9000)]
  0x00007f9ec8437000 JavaThread "AWT-XAWT" daemon [_thread_blocked, id=9512, stack(0x00007f9eab6fe000,0x00007f9eab7ff000)]
  0x00007f9ec83ed000 JavaThread "Java2D Disposer" daemon [_thread_blocked, id=9511, stack(0x00007f9eab7ff000,0x00007f9eab900000)]
  0x00007f9ec83ea800 JavaThread "Java2D Queue Flusher" daemon [_thread_blocked, id=9510, stack(0x00007f9eb0105000,0x00007f9eb0206000)]
  0x00007f9ec8106000 JavaThread "Service Thread" daemon [_thread_blocked, id=9508, stack(0x00007f9ec2aef000,0x00007f9ec2bf0000)]
  0x00007f9ec8103800 JavaThread "C2 CompilerThread1" daemon [_thread_blocked, id=9507, stack(0x00007f9ec2bf0000,0x00007f9ec2cf1000)]
  0x00007f9ec8101000 JavaThread "C2 CompilerThread0" daemon [_thread_blocked, id=9506, stack(0x00007f9ec2cf1000,0x00007f9ec2df2000)]
  0x00007f9ec80fe800 JavaThread "Signal Dispatcher" daemon [_thread_blocked, id=9505, stack(0x00007f9ec2df2000,0x00007f9ec2ef3000)]
  0x00007f9ec80a8000 JavaThread "Finalizer" daemon [_thread_blocked, id=9504, stack(0x00007f9ec329f000,0x00007f9ec33a0000)]
  0x00007f9ec80a5800 JavaThread "Reference Handler" daemon [_thread_blocked, id=9503, stack(0x00007f9ec33a0000,0x00007f9ec34a1000)]

Other Threads:
=>0x00007f9ec809d000 VMThread [stack: 0x00007f9ec34a1000,0x00007f9ec35a2000] [id=9502]

VM state:at safepoint (shutting down)

VM Mutex/Monitor currently owned by a thread:  ([mutex/lock_event])
[0x00007f9ec8003f50] Threads_lock - owner thread: 0x00007f9ec809d000

Heap
 PSYoungGen      total 73792K, used 41919K [0x00000007adab0000, 0x00000007b2d00000, 0x0000000800000000)
  eden space 63296K, 66% used [0x00000007adab0000,0x00000007b039fcb8,0x00000007b1880000)
  from space 10496K, 0% used [0x00000007b22c0000,0x00000007b22c0000,0x00000007b2d00000)
  to   space 10496K, 0% used [0x00000007b1880000,0x00000007b1880000,0x00000007b22c0000)
 PSOldGen        total 168576K, used 0K [0x0000000709000000, 0x00000007134a0000, 0x00000007adab0000)
  object space 168576K, 0% used [0x0000000709000000,0x0000000709000000,0x00000007134a0000)
 PSPermGen       total 21248K, used 9884K [0x00000006fea00000, 0x00000006ffec0000, 0x0000000709000000)
  object space 21248K, 46% used [0x00000006fea00000,0x00000006ff3a7098,0x00000006ffec0000)

Code Cache  [0x00007f9ec4df8000, 0x00007f9ec5068000, 0x00007f9ec7df8000)
 total_blobs=476 nmethods=68 adapters=362 free_code_cache=48455Kb largest_free_block=49601536

Dynamic libraries:
00400000-00401000 r-xp 00000000 08:06 533859                             /usr/lib/jvm/java-7-openjdk/jre/bin/java
00600000-00601000 rw-p 00000000 08:06 533859                             /usr/lib/jvm/java-7-openjdk/jre/bin/java
02490000-024b1000 rw-p 00000000 00:00 0                                  [heap]
6fea00000-6ffec0000 rw-p 00000000 00:00 0 
6ffec0000-709000000 rw-p 00000000 00:00 0 
709000000-7134a0000 rw-p 00000000 00:00 0 
7134a0000-7adab0000 rw-p 00000000 00:00 0 
7adab0000-7b2d00000 rw-p 00000000 00:00 0 
7b2d00000-800000000 rw-p 00000000 00:00 0 
7f9e5c000000-7f9e5c021000 rw-p 00000000 00:00 0 
7f9e5c021000-7f9e60000000 ---p 00000000 00:00 0 
7f9e64000000-7f9e64021000 rw-p 00000000 00:00 0 
7f9e64021000-7f9e68000000 ---p 00000000 00:00 0 
7f9e68000000-7f9e68021000 rw-p 00000000 00:00 0 
7f9e68021000-7f9e6c000000 ---p 00000000 00:00 0 
7f9e6c000000-7f9e6c1ac000 rw-p 00000000 00:00 0 
7f9e6c1ac000-7f9e70000000 ---p 00000000 00:00 0 
7f9e70000000-7f9e70074000 rw-p 00000000 00:00 0 
7f9e70074000-7f9e74000000 ---p 00000000 00:00 0 
7f9e74000000-7f9e74021000 rw-p 00000000 00:00 0 
7f9e74021000-7f9e78000000 ---p 00000000 00:00 0 
7f9e78000000-7f9e78021000 rw-p 00000000 00:00 0 
7f9e78021000-7f9e7c000000 ---p 00000000 00:00 0 
7f9e7c000000-7f9e7c919000 rw-p 00000000 00:00 0 
7f9e7c919000-7f9e80000000 ---p 00000000 00:00 0 
7f9e80000000-7f9e80021000 rw-p 00000000 00:00 0 
7f9e80021000-7f9e84000000 ---p 00000000 00:00 0 
7f9e84000000-7f9e84021000 rw-p 00000000 00:00 0 
7f9e84021000-7f9e88000000 ---p 00000000 00:00 0 
7f9e88000000-7f9e88021000 rw-p 00000000 00:00 0 
7f9e88021000-7f9e8c000000 ---p 00000000 00:00 0 
7f9e8c000000-7f9e8c59b000 rw-p 00000000 00:00 0 
7f9e8c59b000-7f9e90000000 ---p 00000000 00:00 0 
7f9e90000000-7f9e902fb000 rw-p 00000000 00:00 0 
7f9e902fb000-7f9e94000000 ---p 00000000 00:00 0 
7f9e94000000-7f9e94021000 rw-p 00000000 00:00 0 
7f9e94021000-7f9e98000000 ---p 00000000 00:00 0 
7f9e98000000-7f9e98021000 rw-p 00000000 00:00 0 
7f9e98021000-7f9e9c000000 ---p 00000000 00:00 0 
7f9e9c000000-7f9e9c021000 rw-p 00000000 00:00 0 
7f9e9c021000-7f9ea0000000 ---p 00000000 00:00 0 
7f9ea0000000-7f9ea0021000 rw-p 00000000 00:00 0 
7f9ea0021000-7f9ea4000000 ---p 00000000 00:00 0 
7f9ea4000000-7f9ea4021000 rw-p 00000000 00:00 0 
7f9ea4021000-7f9ea8000000 ---p 00000000 00:00 0 
7f9eaabb1000-7f9eaabb4000 ---p 00000000 00:00 0 
7f9eaabb4000-7f9eaacb2000 rw-p 00000000 00:00 0 
7f9eaacb2000-7f9eaacb5000 ---p 00000000 00:00 0 
7f9eaacb5000-7f9eaadb3000 rw-p 00000000 00:00 0 
7f9eaadb3000-7f9eaadb6000 ---p 00000000 00:00 0 
7f9eaadb6000-7f9eaaeb4000 rw-p 00000000 00:00 0 
7f9eaaeb4000-7f9eab0b5000 rw-s d561b000 00:05 1869                       /dev/ati/card1
7f9eab0b5000-7f9eab2b6000 rw-s d541b000 00:05 1869                       /dev/ati/card1
7f9eab2b6000-7f9eab3b6000 rw-s 04111000 00:05 1869                       /dev/ati/card1
7f9eab3b6000-7f9eab3b9000 ---p 00000000 00:00 0 
7f9eab3b9000-7f9eab4b7000 rw-p 00000000 00:00 0 
7f9eab4b7000-7f9eab4ba000 ---p 00000000 00:00 0 
7f9eab4ba000-7f9eab5b8000 rw-p 00000000 00:00 0 
7f9eab5b8000-7f9eab5bb000 ---p 00000000 00:00 0 
7f9eab5bb000-7f9eab6b9000 rw-p 00000000 00:00 0 
7f9eab6b9000-7f9eab6fe000 r--s 00000000 08:07 26937                      /var/cache/fontconfig/f6b893a7224233d96cb72fd88691c0b4-le64.cache-3
7f9eab6fe000-7f9eab701000 ---p 00000000 00:00 0 
7f9eab701000-7f9eab7ff000 rw-p 00000000 00:00 0 
7f9eab7ff000-7f9eab802000 ---p 00000000 00:00 0 
7f9eab802000-7f9eab900000 rw-p 00000000 00:00 0 
7f9eab900000-7f9eac000000 rw-s 00006000 00:05 1869                       /dev/ati/card1
7f9eac000000-7f9eac021000 rw-p 00000000 00:00 0 
7f9eac021000-7f9eb0000000 ---p 00000000 00:00 0 
7f9eb0003000-7f9eb0060000 r--s 00000000 08:07 26936                      /var/cache/fontconfig/17090aa38d5c6f09fb8c5c354938f1d7-le64.cache-3
7f9eb0060000-7f9eb00bd000 r--s 00000000 08:07 26934                      /var/cache/fontconfig/df311e82a1a24c41a75c2c930223552e-le64.cache-3
7f9eb00bd000-7f9eb0105000 rw-p 00000000 00:00 0 
7f9eb0105000-7f9eb0108000 ---p 00000000 00:00 0 
7f9eb0108000-7f9eb03ce000 rw-p 00000000 00:00 0 
7f9eb03ce000-7f9eb0409000 r-xp 00000000 08:06 527355                     /usr/lib/libatiadlxx.so
7f9eb0409000-7f9eb0509000 ---p 0003b000 08:06 527355                     /usr/lib/libatiadlxx.so
7f9eb0509000-7f9eb0512000 rw-p 0003b000 08:06 527355                     /usr/lib/libatiadlxx.so
7f9eb0512000-7f9eb0523000 rw-p 00000000 00:00 0 
7f9eb0523000-7f9eb247d000 r-xp 00000000 08:06 527438                     /usr/lib/xorg/modules/dri/fglrx_dri.so
7f9eb247d000-7f9eb257d000 ---p 01f5a000 08:06 527438                     /usr/lib/xorg/modules/dri/fglrx_dri.so
7f9eb257d000-7f9eb26cb000 rwxp 01f5a000 08:06 527438                     /usr/lib/xorg/modules/dri/fglrx_dri.so
7f9eb26cb000-7f9eb27f1000 rwxp 00000000 00:00 0 
7f9eb27f1000-7f9eb28b4000 r-xp 00000000 08:06 531369                     /usr/lib/fglrx/fglrx-libGL.so.1.2
7f9eb28b4000-7f9eb29b3000 ---p 000c3000 08:06 531369                     /usr/lib/fglrx/fglrx-libGL.so.1.2
7f9eb29b3000-7f9eb29da000 rwxp 000c2000 08:06 531369                     /usr/lib/fglrx/fglrx-libGL.so.1.2
7f9eb29da000-7f9eb29fa000 rwxp 00000000 00:00 0 
7f9eb29fa000-7f9eb2a3c000 r-xp 00000000 08:06 527897                     /usr/lib/libdbus-1.so.3.5.9
7f9eb2a3c000-7f9eb2c3c000 ---p 00042000 08:06 527897                     /usr/lib/libdbus-1.so.3.5.9
7f9eb2c3c000-7f9eb2c3e000 rw-p 00042000 08:06 527897                     /usr/lib/libdbus-1.so.3.5.9
7f9eb2c3e000-7f9eb2c4f000 r-xp 00000000 08:06 533797                     /usr/lib/libp11-kit.so.0.0.0
7f9eb2c4f000-7f9eb2e4e000 ---p 00011000 08:06 533797                     /usr/lib/libp11-kit.so.0.0.0
7f9eb2e4e000-7f9eb2e4f000 r--p 00010000 08:06 533797                     /usr/lib/libp11-kit.so.0.0.0
7f9eb2e4f000-7f9eb2e50000 rw-p 00011000 08:06 533797                     /usr/lib/libp11-kit.so.0.0.0
7f9eb2e50000-7f9eb2eb5000 r-xp 00000000 08:06 527102                     /usr/lib/libgmp.so.10.0.5
7f9eb2eb5000-7f9eb30b5000 ---p 00065000 08:06 527102                     /usr/lib/libgmp.so.10.0.5
7f9eb30b5000-7f9eb30b6000 r--p 00065000 08:06 527102                     /usr/lib/libgmp.so.10.0.5
7f9eb30b6000-7f9eb30bf000 rw-p 00066000 08:06 527102                     /usr/lib/libgmp.so.10.0.5
7f9eb30bf000-7f9eb30d1000 r-xp 00000000 08:06 533726                     /usr/lib/libhogweed.so.2.1
7f9eb30d1000-7f9eb32d0000 ---p 00012000 08:06 533726                     /usr/lib/libhogweed.so.2.1
7f9eb32d0000-7f9eb32d1000 r--p 00011000 08:06 533726                     /usr/lib/libhogweed.so.2.1
7f9eb32d1000-7f9eb32d2000 rw-p 00012000 08:06 533726                     /usr/lib/libhogweed.so.2.1
7f9eb32d2000-7f9eb32f7000 r-xp 00000000 08:06 531660                     /usr/lib/libnettle.so.4.3
7f9eb32f7000-7f9eb34f7000 ---p 00025000 08:06 531660                     /usr/lib/libnettle.so.4.3
7f9eb34f7000-7f9eb34f8000 r--p 00025000 08:06 531660                     /usr/lib/libnettle.so.4.3
7f9eb34f8000-7f9eb34f9000 rw-p 00026000 08:06 531660                     /usr/lib/libnettle.so.4.3
7f9eb34f9000-7f9eb3509000 r-xp 00000000 08:06 523686                     /usr/lib/libtasn1.so.3.1.15
7f9eb3509000-7f9eb3708000 ---p 00010000 08:06 523686                     /usr/lib/libtasn1.so.3.1.15
7f9eb3708000-7f9eb3709000 r--p 0000f000 08:06 523686                     /usr/lib/libtasn1.so.3.1.15
7f9eb3709000-7f9eb370a000 rw-p 00010000 08:06 523686                     /usr/lib/libtasn1.so.3.1.15
7f9eb370a000-7f9eb370d000 r-xp 00000000 08:06 536931                     /usr/lib/libkeyutils.so.1.4
7f9eb370d000-7f9eb390c000 ---p 00003000 08:06 536931                     /usr/lib/libkeyutils.so.1.4
7f9eb390c000-7f9eb390d000 r--p 00002000 08:06 536931                     /usr/lib/libkeyutils.so.1.4
7f9eb390d000-7f9eb390e000 rw-p 00003000 08:06 536931                     /usr/lib/libkeyutils.so.1.4
7f9eb390e000-7f9eb3917000 r-xp 00000000 08:06 529619                     /usr/lib/libkrb5support.so.0.1
7f9eb3917000-7f9eb3b16000 ---p 00009000 08:06 529619                     /usr/lib/libkrb5support.so.0.1
7f9eb3b16000-7f9eb3b17000 r--p 00008000 08:06 529619                     /usr/lib/libkrb5support.so.0.1
7f9eb3b17000-7f9eb3b18000 rw-p 00009000 08:06 529619                     /usr/lib/libkrb5support.so.0.1
7f9eb3b18000-7f9eb3b1b000 r-xp 00000000 08:06 524071                     /usr/lib/libcom_err.so.2.1
7f9eb3b1b000-7f9eb3d1a000 ---p 00003000 08:06 524071                     /usr/lib/libcom_err.so.2.1
7f9eb3d1a000-7f9eb3d1b000 r--p 00002000 08:06 524071                     /usr/lib/libcom_err.so.2.1
7f9eb3d1b000-7f9eb3d1c000 rw-p 00003000 08:06 524071                     /usr/lib/libcom_err.so.2.1
7f9eb3d1c000-7f9eb3df4000 r-xp 00000000 08:06 527453                     /usr/lib/libkrb5.so.3.3
7f9eb3df4000-7f9eb3ff4000 ---p 000d8000 08:06 527453                     /usr/lib/libkrb5.so.3.3
7f9eb3ff4000-7f9eb3ffe000 r--p 000d8000 08:06 527453                     /usr/lib/libkrb5.so.3.3
7f9eb3ffe000-7f9eb4000000 rw-p 000e2000 08:06 527453                     /usr/lib/libkrb5.so.3.3
7f9eb4000000-7f9eb4021000 rw-p 00000000 00:00 0 
7f9eb4021000-7f9eb8000000 ---p 00000000 00:00 0 
7f9eb8005000-7f9eb802d000 r-xp 00000000 08:06 533131                     /usr/lib/libk5crypto.so.3.1
7f9eb802d000-7f9eb822d000 ---p 00028000 08:06 533131                     /usr/lib/libk5crypto.so.3.1
7f9eb822d000-7f9eb822e000 r--p 00028000 08:06 533131                     /usr/lib/libk5crypto.so.3.1
7f9eb822e000-7f9eb822f000 rw-p 00029000 08:06 533131                     /usr/lib/libk5crypto.so.3.1
7f9eb822f000-7f9eb8230000 rw-p 00000000 00:00 0 
7f9eb8230000-7f9eb8235000 r-xp 00000000 08:06 523755                     /usr/lib/libXdmcp.so.6.0.0
7f9eb8235000-7f9eb8434000 ---p 00005000 08:06 523755                     /usr/lib/libXdmcp.so.6.0.0
7f9eb8434000-7f9eb8435000 r--p 00004000 08:06 523755                     /usr/lib/libXdmcp.so.6.0.0
7f9eb8435000-7f9eb8436000 rw-p 00005000 08:06 523755                     /usr/lib/libXdmcp.so.6.0.0
7f9eb8436000-7f9eb8438000 r-xp 00000000 08:06 523713                     /usr/lib/libXau.so.6.0.0
7f9eb8438000-7f9eb8638000 ---p 00002000 08:06 523713                     /usr/lib/libXau.so.6.0.0
7f9eb8638000-7f9eb8639000 r--p 00002000 08:06 523713                     /usr/lib/libXau.so.6.0.0
7f9eb8639000-7f9eb863a000 rw-p 00003000 08:06 523713                     /usr/lib/libXau.so.6.0.0
7f9eb863a000-7f9eb864a000 r-xp 00000000 08:06 526584                     /usr/lib/libavahi-client.so.3.2.9
7f9eb864a000-7f9eb8849000 ---p 00010000 08:06 526584                     /usr/lib/libavahi-client.so.3.2.9
7f9eb8849000-7f9eb884a000 r--p 0000f000 08:06 526584                     /usr/lib/libavahi-client.so.3.2.9
7f9eb884a000-7f9eb884b000 rw-p 00010000 08:06 526584                     /usr/lib/libavahi-client.so.3.2.9
7f9eb884b000-7f9eb8857000 r-xp 00000000 08:06 527596                     /usr/lib/libavahi-common.so.3.5.3
7f9eb8857000-7f9eb8a56000 ---p 0000c000 08:06 527596                     /usr/lib/libavahi-common.so.3.5.3
7f9eb8a56000-7f9eb8a57000 r--p 0000b000 08:06 527596                     /usr/lib/libavahi-common.so.3.5.3
7f9eb8a57000-7f9eb8a58000 rw-p 0000c000 08:06 527596                     /usr/lib/libavahi-common.so.3.5.3
7f9eb8a58000-7f9eb8b4a000 r-xp 00000000 08:06 528636                     /usr/lib/libgnutls.so.28.8.1
7f9eb8b4a000-7f9eb8d4a000 ---p 000f2000 08:06 528636                     /usr/lib/libgnutls.so.28.8.1
7f9eb8d4a000-7f9eb8d52000 r--p 000f2000 08:06 528636                     /usr/lib/libgnutls.so.28.8.1
7f9eb8d52000-7f9eb8d54000 rw-p 000fa000 08:06 528636                     /usr/lib/libgnutls.so.28.8.1
7f9eb8d54000-7f9eb8d55000 rw-p 00000000 00:00 0 
7f9eb8d55000-7f9eb8d96000 r-xp 00000000 08:06 533554                     /usr/lib/libgssapi_krb5.so.2.2
7f9eb8d96000-7f9eb8f96000 ---p 00041000 08:06 533554                     /usr/lib/libgssapi_krb5.so.2.2
7f9eb8f96000-7f9eb8f97000 r--p 00041000 08:06 533554                     /usr/lib/libgssapi_krb5.so.2.2
7f9eb8f97000-7f9eb8f99000 rw-p 00042000 08:06 533554                     /usr/lib/libgssapi_krb5.so.2.2
7f9eb8f99000-7f9eb8ff2000 r-xp 00000000 08:06 531196                     /usr/lib/libpcre.so.1.0.0
7f9eb8ff2000-7f9eb91f1000 ---p 00059000 08:06 531196                     /usr/lib/libpcre.so.1.0.0
7f9eb91f1000-7f9eb91f2000 r--p 00058000 08:06 531196                     /usr/lib/libpcre.so.1.0.0
7f9eb91f2000-7f9eb91f3000 rw-p 00059000 08:06 531196                     /usr/lib/libpcre.so.1.0.0
7f9eb91f3000-7f9eb91fa000 r-xp 00000000 08:06 533126                     /usr/lib/libffi.so.6.0.0
7f9eb91fa000-7f9eb93f9000 ---p 00007000 08:06 533126                     /usr/lib/libffi.so.6.0.0
7f9eb93f9000-7f9eb93fa000 r--p 00006000 08:06 533126                     /usr/lib/libffi.so.6.0.0
7f9eb93fa000-7f9eb93fb000 rw-p 00007000 08:06 533126                     /usr/lib/libffi.so.6.0.0
7f9eb93fb000-7f9eb9423000 r-xp 00000000 08:06 534280                     /usr/lib/libexpat.so.1.6.0
7f9eb9423000-7f9eb9622000 ---p 00028000 08:06 534280                     /usr/lib/libexpat.so.1.6.0
7f9eb9622000-7f9eb9624000 r--p 00027000 08:06 534280                     /usr/lib/libexpat.so.1.6.0
7f9eb9624000-7f9eb9625000 rw-p 00029000 08:06 534280                     /usr/lib/libexpat.so.1.6.0
7f9eb9625000-7f9eb9634000 r-xp 00000000 08:06 535331                     /usr/lib/libbz2.so.1.0.6
7f9eb9634000-7f9eb9833000 ---p 0000f000 08:06 535331                     /usr/lib/libbz2.so.1.0.6
7f9eb9833000-7f9eb9835000 rw-p 0000e000 08:06 535331                     /usr/lib/libbz2.so.1.0.6
7f9eb9835000-7f9eb98b6000 r-xp 00000000 08:06 528735                     /usr/lib/libpixman-1.so.0.24.4
7f9eb98b6000-7f9eb9ab6000 ---p 00081000 08:06 528735                     /usr/lib/libpixman-1.so.0.24.4
7f9eb9ab6000-7f9eb9abc000 r--p 00081000 08:06 528735                     /usr/lib/libpixman-1.so.0.24.4
7f9eb9abc000-7f9eb9abd000 rw-p 00087000 08:06 528735                     /usr/lib/libpixman-1.so.0.24.4
7f9eb9abd000-7f9eb9ae9000 r-xp 00000000 08:06 528725                     /usr/lib/libpng15.so.15.10.0
7f9eb9ae9000-7f9eb9ce8000 ---p 0002c000 08:06 528725                     /usr/lib/libpng15.so.15.10.0
7f9eb9ce8000-7f9eb9ce9000 r--p 0002b000 08:06 528725                     /usr/lib/libpng15.so.15.10.0
7f9eb9ce9000-7f9eb9cea000 rw-p 0002c000 08:06 528725                     /usr/lib/libpng15.so.15.10.0
7f9eb9cea000-7f9eb9cfd000 r-xp 00000000 08:06 1332                       /lib/libresolv-2.15.so
7f9eb9cfd000-7f9eb9efd000 ---p 00013000 08:06 1332                       /lib/libresolv-2.15.so
7f9eb9efd000-7f9eb9efe000 r--p 00013000 08:06 1332                       /lib/libresolv-2.15.so
7f9eb9efe000-7f9eb9eff000 rw-p 00014000 08:06 1332                       /lib/libresolv-2.15.so
7f9eb9eff000-7f9eb9f01000 rw-p 00000000 00:00 0 
7f9eb9f01000-7f9eb9f03000 r-xp 00000000 08:06 533292                     /usr/lib/libXdamage.so.1.1.0
7f9eb9f03000-7f9eba102000 ---p 00002000 08:06 533292                     /usr/lib/libXdamage.so.1.1.0
7f9eba102000-7f9eba103000 r--p 00001000 08:06 533292                     /usr/lib/libXdamage.so.1.1.0
7f9eba103000-7f9eba104000 rw-p 00002000 08:06 533292                     /usr/lib/libXdamage.so.1.1.0
7f9eba104000-7f9eba106000 r-xp 00000000 08:06 523753                     /usr/lib/libXcomposite.so.1.0.0
7f9eba106000-7f9eba305000 ---p 00002000 08:06 523753                     /usr/lib/libXcomposite.so.1.0.0
7f9eba305000-7f9eba306000 r--p 00001000 08:06 523753                     /usr/lib/libXcomposite.so.1.0.0
7f9eba306000-7f9eba307000 rw-p 00002000 08:06 523753                     /usr/lib/libXcomposite.so.1.0.0
7f9eba307000-7f9eba310000 r-xp 00000000 08:06 531336                     /usr/lib/libXcursor.so.1.0.2
7f9eba310000-7f9eba50f000 ---p 00009000 08:06 531336                     /usr/lib/libXcursor.so.1.0.2
7f9eba50f000-7f9eba510000 r--p 00008000 08:06 531336                     /usr/lib/libXcursor.so.1.0.2
7f9eba510000-7f9eba511000 rw-p 00009000 08:06 531336                     /usr/lib/libXcursor.so.1.0.2
7f9eba511000-7f9eba519000 r-xp 00000000 08:06 533170                     /usr/lib/libXrandr.so.2.2.0
7f9eba519000-7f9eba718000 ---p 00008000 08:06 533170                     /usr/lib/libXrandr.so.2.2.0
7f9eba718000-7f9eba719000 r--p 00007000 08:06 533170                     /usr/lib/libXrandr.so.2.2.0
7f9eba719000-7f9eba71a000 rw-p 00008000 08:06 533170                     /usr/lib/libXrandr.so.2.2.0
7f9eba71a000-7f9eba71c000 r-xp 00000000 08:06 523766                     /usr/lib/libXinerama.so.1.0.0
7f9eba71c000-7f9eba91b000 ---p 00002000 08:06 523766                     /usr/lib/libXinerama.so.1.0.0
7f9eba91b000-7f9eba91c000 r--p 00001000 08:06 523766                     /usr/lib/libXinerama.so.1.0.0
7f9eba91c000-7f9eba91d000 rw-p 00002000 08:06 523766                     /usr/lib/libXinerama.so.1.0.0
7f9eba91d000-7f9eba922000 r-xp 00000000 08:06 523749                     /usr/lib/libXfixes.so.3.1.0
7f9eba922000-7f9ebab22000 ---p 00005000 08:06 523749                     /usr/lib/libXfixes.so.3.1.0
7f9ebab22000-7f9ebab23000 r--p 00005000 08:06 523749                     /usr/lib/libXfixes.so.3.1.0
7f9ebab23000-7f9ebab24000 rw-p 00006000 08:06 523749                     /usr/lib/libXfixes.so.3.1.0
7f9ebab24000-7f9ebab41000 r-xp 00000000 08:06 533661                     /usr/lib/libxcb.so.1.1.0
7f9ebab41000-7f9ebad41000 ---p 0001d000 08:06 533661                     /usr/lib/libxcb.so.1.1.0
7f9ebad41000-7f9ebad42000 rw-p 0001d000 08:06 533661                     /usr/lib/libxcb.so.1.1.0
7f9ebad42000-7f9ebad94000 r-xp 00000000 08:06 528718                     /usr/lib/libcups.so.2
7f9ebad94000-7f9ebaf93000 ---p 00052000 08:06 528718                     /usr/lib/libcups.so.2
7f9ebaf93000-7f9ebaf97000 r--p 00051000 08:06 528718                     /usr/lib/libcups.so.2
7f9ebaf97000-7f9ebaf98000 rw-p 00055000 08:06 528718                     /usr/lib/libcups.so.2
7f9ebaf98000-7f9ebb08a000 r-xp 00000000 08:06 528627                     /usr/lib/libglib-2.0.so.0.3200.2
7f9ebb08a000-7f9ebb289000 ---p 000f2000 08:06 528627                     /usr/lib/libglib-2.0.so.0.3200.2
7f9ebb289000-7f9ebb28a000 r--p 000f1000 08:06 528627                     /usr/lib/libglib-2.0.so.0.3200.2
7f9ebb28a000-7f9ebb28b000 rw-p 000f2000 08:06 528627                     /usr/lib/libglib-2.0.so.0.3200.2
7f9ebb28b000-7f9ebb28c000 rw-p 00000000 00:00 0 
7f9ebb28c000-7f9ebb28d000 r-xp 00000000 08:06 528965                     /usr/lib/libgthread-2.0.so.0.3200.2
7f9ebb28d000-7f9ebb48c000 ---p 00001000 08:06 528965                     /usr/lib/libgthread-2.0.so.0.3200.2
7f9ebb48c000-7f9ebb48d000 r--p 00000000 08:06 528965                     /usr/lib/libgthread-2.0.so.0.3200.2
7f9ebb48d000-7f9ebb48e000 rw-p 00001000 08:06 528965                     /usr/lib/libgthread-2.0.so.0.3200.2
7f9ebb48e000-7f9ebb491000 r-xp 00000000 08:06 528923                     /usr/lib/libgmodule-2.0.so.0.3200.2
7f9ebb491000-7f9ebb690000 ---p 00003000 08:06 528923                     /usr/lib/libgmodule-2.0.so.0.3200.2
7f9ebb690000-7f9ebb691000 r--p 00002000 08:06 528923                     /usr/lib/libgmodule-2.0.so.0.3200.2
7f9ebb691000-7f9ebb692000 rw-p 00003000 08:06 528923                     /usr/lib/libgmodule-2.0.so.0.3200.2
7f9ebb692000-7f9ebb6de000 r-xp 00000000 08:06 528966                     /usr/lib/libgobject-2.0.so.0.3200.2
7f9ebb6de000-7f9ebb8de000 ---p 0004c000 08:06 528966                     /usr/lib/libgobject-2.0.so.0.3200.2
7f9ebb8de000-7f9ebb8df000 r--p 0004c000 08:06 528966                     /usr/lib/libgobject-2.0.so.0.3200.2
7f9ebb8df000-7f9ebb8e0000 rw-p 0004d000 08:06 528966                     /usr/lib/libgobject-2.0.so.0.3200.2
7f9ebb8e0000-7f9ebb914000 r-xp 00000000 08:06 534580                     /usr/lib/libfontconfig.so.1.4.4
7f9ebb914000-7f9ebbb14000 ---p 00034000 08:06 534580                     /usr/lib/libfontconfig.so.1.4.4
7f9ebbb14000-7f9ebbb15000 r--p 00034000 08:06 534580                     /usr/lib/libfontconfig.so.1.4.4
7f9ebbb15000-7f9ebbb16000 rw-p 00035000 08:06 534580                     /usr/lib/libfontconfig.so.1.4.4
7f9ebbb16000-7f9ebbbaf000 r-xp 00000000 08:06 533427                     /usr/lib/libfreetype.so.6.8.1
7f9ebbbaf000-7f9ebbdae000 ---p 00099000 08:06 533427                     /usr/lib/libfreetype.so.6.8.1
7f9ebbdae000-7f9ebbdb4000 r--p 00098000 08:06 533427                     /usr/lib/libfreetype.so.6.8.1
7f9ebbdb4000-7f9ebbdb5000 rw-p 0009e000 08:06 533427                     /usr/lib/libfreetype.so.6.8.1
7f9ebbdb5000-7f9ebbdfd000 r-xp 00000000 08:06 533234                     /usr/lib/libpango-1.0.so.0.3000.0
7f9ebbdfd000-7f9ebbffd000 ---p 00048000 08:06 533234                     /usr/lib/libpango-1.0.so.0.3000.0
7f9ebbffd000-7f9ebbfff000 r--p 00048000 08:06 533234                     /usr/lib/libpango-1.0.so.0.3000.0
7f9ebbfff000-7f9ebc000000 rw-p 0004a000 08:06 533234                     /usr/lib/libpango-1.0.so.0.3000.0
7f9ebc000000-7f9ebc021000 rw-p 00000000 00:00 0 
7f9ebc021000-7f9ec0000000 ---p 00000000 00:00 0 
7f9ec0007000-7f9ec0047000 rw-s 00030000 00:05 1869                       /dev/ati/card1
7f9ec0047000-7f9ec00c7000 rw-p 00000000 00:00 0 
7f9ec00c7000-7f9ec00ce000 r-xp 00000000 08:06 526968                     /usr/lib/libatiuki.so.1.0
7f9ec00ce000-7f9ec01ce000 ---p 00007000 08:06 526968                     /usr/lib/libatiuki.so.1.0
7f9ec01ce000-7f9ec01cf000 rw-p 00007000 08:06 526968                     /usr/lib/libatiuki.so.1.0
7f9ec01cf000-7f9ec01d0000 rw-p 00000000 00:00 0 
7f9ec01d0000-7f9ec0277000 r-xp 00000000 08:06 531350                     /usr/lib/libcairo.so.2.11000.2
7f9ec0277000-7f9ec0476000 ---p 000a7000 08:06 531350                     /usr/lib/libcairo.so.2.11000.2
7f9ec0476000-7f9ec0478000 r--p 000a6000 08:06 531350                     /usr/lib/libcairo.so.2.11000.2
7f9ec0478000-7f9ec0479000 rw-p 000a8000 08:06 531350                     /usr/lib/libcairo.so.2.11000.2
7f9ec0479000-7f9ec047c000 rw-p 00000000 00:00 0 
7f9ec047c000-7f9ec049d000 r-xp 00000000 08:06 532661                     /usr/lib/libgdk_pixbuf-2.0.so.0.2600.1
7f9ec049d000-7f9ec069c000 ---p 00021000 08:06 532661                     /usr/lib/libgdk_pixbuf-2.0.so.0.2600.1
7f9ec069c000-7f9ec069d000 r--p 00020000 08:06 532661                     /usr/lib/libgdk_pixbuf-2.0.so.0.2600.1
7f9ec069d000-7f9ec069e000 rw-p 00021000 08:06 532661                     /usr/lib/libgdk_pixbuf-2.0.so.0.2600.1
7f9ec069e000-7f9ec06a9000 r-xp 00000000 08:06 533238                     /usr/lib/libpangocairo-1.0.so.0.3000.0
7f9ec06a9000-7f9ec08a9000 ---p 0000b000 08:06 533238                     /usr/lib/libpangocairo-1.0.so.0.3000.0
7f9ec08a9000-7f9ec08aa000 r--p 0000b000 08:06 533238                     /usr/lib/libpangocairo-1.0.so.0.3000.0
7f9ec08aa000-7f9ec08ab000 rw-p 0000c000 08:06 533238                     /usr/lib/libpangocairo-1.0.so.0.3000.0
7f9ec08ab000-7f9ec08d6000 r-xp 00000000 08:06 533236                     /usr/lib/libpangoft2-1.0.so.0.3000.0
7f9ec08d6000-7f9ec0ad6000 ---p 0002b000 08:06 533236                     /usr/lib/libpangoft2-1.0.so.0.3000.0
7f9ec0ad6000-7f9ec0ad7000 r--p 0002b000 08:06 533236                     /usr/lib/libpangoft2-1.0.so.0.3000.0
7f9ec0ad7000-7f9ec0ad8000 rw-p 0002c000 08:06 533236                     /usr/lib/libpangoft2-1.0.so.0.3000.0
7f9ec0ad8000-7f9ec0c1d000 r-xp 00000000 08:06 528967                     /usr/lib/libgio-2.0.so.0.3200.2
7f9ec0c1d000-7f9ec0e1c000 ---p 00145000 08:06 528967                     /usr/lib/libgio-2.0.so.0.3200.2
7f9ec0e1c000-7f9ec0e20000 r--p 00144000 08:06 528967                     /usr/lib/libgio-2.0.so.0.3200.2
7f9ec0e20000-7f9ec0e22000 rw-p 00148000 08:06 528967                     /usr/lib/libgio-2.0.so.0.3200.2
7f9ec0e22000-7f9ec0e24000 rw-p 00000000 00:00 0 
7f9ec0e24000-7f9ec0e44000 r-xp 00000000 08:06 533187                     /usr/lib/libatk-1.0.so.0.20409.1
7f9ec0e44000-7f9ec1044000 ---p 00020000 08:06 533187                     /usr/lib/libatk-1.0.so.0.20409.1
7f9ec1044000-7f9ec1046000 r--p 00020000 08:06 533187                     /usr/lib/libatk-1.0.so.0.20409.1
7f9ec1046000-7f9ec1047000 rw-p 00022000 08:06 533187                     /usr/lib/libatk-1.0.so.0.20409.1
7f9ec1047000-7f9ec10f4000 r-xp 00000000 08:06 523419                     /usr/lib/libgdk-x11-2.0.so.0.2400.10
7f9ec10f4000-7f9ec12f4000 ---p 000ad000 08:06 523419                     /usr/lib/libgdk-x11-2.0.so.0.2400.10
7f9ec12f4000-7f9ec12f8000 r--p 000ad000 08:06 523419                     /usr/lib/libgdk-x11-2.0.so.0.2400.10
7f9ec12f8000-7f9ec12fa000 rw-p 000b1000 08:06 523419                     /usr/lib/libgdk-x11-2.0.so.0.2400.10
7f9ec12fa000-7f9ec171c000 r-xp 00000000 08:06 523420                     /usr/lib/libgtk-x11-2.0.so.0.2400.10
7f9ec171c000-7f9ec191c000 ---p 00422000 08:06 523420                     /usr/lib/libgtk-x11-2.0.so.0.2400.10
7f9ec191c000-7f9ec1923000 r--p 00422000 08:06 523420                     /usr/lib/libgtk-x11-2.0.so.0.2400.10
7f9ec1923000-7f9ec1927000 rw-p 00429000 08:06 523420                     /usr/lib/libgtk-x11-2.0.so.0.2400.10
7f9ec1927000-7f9ec1929000 rw-p 00000000 00:00 0 
7f9ec1929000-7f9ec1937000 r-xp 00000000 08:06 532665                     /usr/lib/libXi.so.6.1.0
7f9ec1937000-7f9ec1b36000 ---p 0000e000 08:06 532665                     /usr/lib/libXi.so.6.1.0
7f9ec1b36000-7f9ec1b37000 rw-p 0000d000 08:06 532665                     /usr/lib/libXi.so.6.1.0
7f9ec1b37000-7f9ec1b3c000 r-xp 00000000 08:06 523793                     /usr/lib/libXtst.so.6.1.0
7f9ec1b3c000-7f9ec1d3c000 ---p 00005000 08:06 523793                     /usr/lib/libXtst.so.6.1.0
7f9ec1d3c000-7f9ec1d3d000 r--p 00005000 08:06 523793                     /usr/lib/libXtst.so.6.1.0
7f9ec1d3d000-7f9ec1d3e000 rw-p 00006000 08:06 523793                     /usr/lib/libXtst.so.6.1.0
7f9ec1d3e000-7f9ec1d48000 r-xp 00000000 08:06 529110                     /usr/lib/libXrender.so.1.3.0
7f9ec1d48000-7f9ec1f47000 ---p 0000a000 08:06 529110                     /usr/lib/libXrender.so.1.3.0
7f9ec1f47000-7f9ec1f48000 r--p 00009000 08:06 529110                     /usr/lib/libXrender.so.1.3.0
7f9ec1f48000-7f9ec1f49000 rw-p 0000a000 08:06 529110                     /usr/lib/libXrender.so.1.3.0
7f9ec1f49000-7f9ec207d000 r-xp 00000000 08:06 531386                     /usr/lib/libX11.so.6.3.0
7f9ec207d000-7f9ec227d000 ---p 00134000 08:06 531386                     /usr/lib/libX11.so.6.3.0
7f9ec227d000-7f9ec227e000 r--p 00134000 08:06 531386                     /usr/lib/libX11.so.6.3.0
7f9ec227e000-7f9ec2283000 rw-p 00135000 08:06 531386                     /usr/lib/libX11.so.6.3.0
7f9ec2283000-7f9ec2295000 r-xp 00000000 08:06 523664                     /usr/lib/libXext.so.6.4.0
7f9ec2295000-7f9ec2494000 ---p 00012000 08:06 523664                     /usr/lib/libXext.so.6.4.0
7f9ec2494000-7f9ec2495000 r--p 00011000 08:06 523664                     /usr/lib/libXext.so.6.4.0
7f9ec2495000-7f9ec2496000 rw-p 00012000 08:06 523664                     /usr/lib/libXext.so.6.4.0
7f9ec24b0000-7f9ec24c6000 r--s 00000000 08:07 22836                      /var/cache/fontconfig/8d4af663993b81a124ee82e610bb31f9-le64.cache-3
7f9ec24c6000-7f9ec2518000 r-xp 00000000 08:06 533913                     /usr/lib/jvm/java-7-openjdk/jre/lib/amd64/xawt/libmawt.so
7f9ec2518000-7f9ec2717000 ---p 00052000 08:06 533913                     /usr/lib/jvm/java-7-openjdk/jre/lib/amd64/xawt/libmawt.so
7f9ec2717000-7f9ec271b000 rw-p 00051000 08:06 533913                     /usr/lib/jvm/java-7-openjdk/jre/lib/amd64/xawt/libmawt.so
7f9ec271b000-7f9ec271c000 rw-p 00000000 00:00 0 
7f9ec271c000-7f9ec27be000 r-xp 00000000 08:06 525820                     /usr/lib/jvm/java-7-openjdk/jre/lib/amd64/libawt.so
7f9ec27be000-7f9ec29be000 ---p 000a2000 08:06 525820                     /usr/lib/jvm/java-7-openjdk/jre/lib/amd64/libawt.so
7f9ec29be000-7f9ec29ca000 rw-p 000a2000 08:06 525820                     /usr/lib/jvm/java-7-openjdk/jre/lib/amd64/libawt.so
7f9ec29ca000-7f9ec29ee000 rw-p 00000000 00:00 0 
7f9ec29ee000-7f9ec29ef000 ---p 00000000 00:00 0 
7f9ec29ef000-7f9ec2aef000 rw-p 00000000 00:00 0 
7f9ec2aef000-7f9ec2af2000 ---p 00000000 00:00 0 
7f9ec2af2000-7f9ec2bf0000 rw-p 00000000 00:00 0 
7f9ec2bf0000-7f9ec2bf3000 ---p 00000000 00:00 0 
7f9ec2bf3000-7f9ec2cf1000 rw-p 00000000 00:00 0 
7f9ec2cf1000-7f9ec2cf4000 ---p 00000000 00:00 0 
7f9ec2cf4000-7f9ec2df2000 rw-p 00000000 00:00 0 
7f9ec2df2000-7f9ec2df5000 ---p 00000000 00:00 0 
7f9ec2df5000-7f9ec2ef3000 rw-p 00000000 00:00 0 
7f9ec2ef3000-7f9ec329f000 r--p 00000000 08:06 536728                     /usr/lib/locale/locale-archive
7f9ec329f000-7f9ec32a2000 ---p 00000000 00:00 0 
7f9ec32a2000-7f9ec33a0000 rw-p 00000000 00:00 0 
7f9ec33a0000-7f9ec33a3000 ---p 00000000 00:00 0 
7f9ec33a3000-7f9ec34a1000 rw-p 00000000 00:00 0 
7f9ec34a1000-7f9ec34a2000 ---p 00000000 00:00 0 
7f9ec34a2000-7f9ec3b13000 rw-p 00000000 00:00 0 
7f9ec3b13000-7f9ec3cc2000 r--s 03e7b000 08:06 524045                     /usr/lib/jvm/java-7-openjdk/jre/lib/rt.jar
7f9ec3cc2000-7f9ec3cc3000 ---p 00000000 00:00 0 
7f9ec3cc3000-7f9ec3dc3000 rw-p 00000000 00:00 0 
7f9ec3dc3000-7f9ec3dc4000 ---p 00000000 00:00 0 
7f9ec3dc4000-7f9ec3ec4000 rw-p 00000000 00:00 0 
7f9ec3ec4000-7f9ec3ec5000 ---p 00000000 00:00 0 
7f9ec3ec5000-7f9ec3fc5000 rw-p 00000000 00:00 0 
7f9ec3fc5000-7f9ec3fc6000 ---p 00000000 00:00 0 
7f9ec3fc6000-7f9ec4119000 rw-p 00000000 00:00 0 
7f9ec4119000-7f9ec45ec000 rw-p 00000000 00:00 0 
7f9ec45ec000-7f9ec45f7000 rw-p 00000000 00:00 0 
7f9ec45f7000-7f9ec463f000 rw-p 00000000 00:00 0 
7f9ec463f000-7f9ec4692000 rw-p 00000000 00:00 0 
7f9ec4692000-7f9ec4b64000 rw-p 00000000 00:00 0 
7f9ec4b64000-7f9ec4b8e000 rw-p 00000000 00:00 0 
7f9ec4b8e000-7f9ec4df7000 rw-p 00000000 00:00 0 
7f9ec4df7000-7f9ec4df8000 rw-p 00000000 00:00 0 
7f9ec4df8000-7f9ec5068000 rwxp 00000000 00:00 0 
7f9ec5068000-7f9ec7df8000 rw-p 00000000 00:00 0 
7f9ec7df8000-7f9ec7e00000 r-xp 00000000 08:06 525197                     /usr/lib/jvm/java-7-openjdk/jre/lib/amd64/libzip.so
7f9ec7e00000-7f9ec7fff000 ---p 00008000 08:06 525197                     /usr/lib/jvm/java-7-openjdk/jre/lib/amd64/libzip.so
7f9ec7fff000-7f9ec8000000 rw-p 00007000 08:06 525197                     /usr/lib/jvm/java-7-openjdk/jre/lib/amd64/libzip.so
7f9ec8000000-7f9ec84d7000 rw-p 00000000 00:00 0 
7f9ec84d7000-7f9ecc000000 ---p 00000000 00:00 0 
7f9ecc010000-7f9ecc014000 r--s 000a0000 08:06 523715                     /usr/lib/jvm/java-7-openjdk/jre/lib/jsse.jar
7f9ecc014000-7f9ecc015000 r--s 00000000 00:11 27270                      /home/tobi/.fontconfig/5604230ae2129cf9aeedc64ab4ef6938-le64.cache-3
7f9ecc015000-7f9ecc01e000 r--s 00000000 08:07 26938                      /var/cache/fontconfig/d62e99ef547d1d24cdb1bd22ec1a2976-le64.cache-3
7f9ecc01e000-7f9ecc051000 rw-p 00000000 00:00 0 
7f9ecc051000-7f9ecc099000 rw-p 00000000 00:00 0 
7f9ecc099000-7f9ecc0a5000 r-xp 00000000 08:06 1309                       /lib/libnss_files-2.15.so
7f9ecc0a5000-7f9ecc2a4000 ---p 0000c000 08:06 1309                       /lib/libnss_files-2.15.so
7f9ecc2a4000-7f9ecc2a5000 r--p 0000b000 08:06 1309                       /lib/libnss_files-2.15.so
7f9ecc2a5000-7f9ecc2a6000 rw-p 0000c000 08:06 1309                       /lib/libnss_files-2.15.so
7f9ecc2a6000-7f9ecc2cf000 r-xp 00000000 08:06 525207                     /usr/lib/jvm/java-7-openjdk/jre/lib/amd64/libjava.so
7f9ecc2cf000-7f9ecc4ce000 ---p 00029000 08:06 525207                     /usr/lib/jvm/java-7-openjdk/jre/lib/amd64/libjava.so
7f9ecc4ce000-7f9ecc4d0000 rw-p 00028000 08:06 525207                     /usr/lib/jvm/java-7-openjdk/jre/lib/amd64/libjava.so
7f9ecc4d0000-7f9ecc4de000 r-xp 00000000 08:06 525194                     /usr/lib/jvm/java-7-openjdk/jre/lib/amd64/libverify.so
7f9ecc4de000-7f9ecc6dd000 ---p 0000e000 08:06 525194                     /usr/lib/jvm/java-7-openjdk/jre/lib/amd64/libverify.so
7f9ecc6dd000-7f9ecc6df000 rw-p 0000d000 08:06 525194                     /usr/lib/jvm/java-7-openjdk/jre/lib/amd64/libverify.so
7f9ecc6df000-7f9ecc6e6000 r-xp 00000000 08:06 1288                       /lib/librt-2.15.so
7f9ecc6e6000-7f9ecc8e5000 ---p 00007000 08:06 1288                       /lib/librt-2.15.so
7f9ecc8e5000-7f9ecc8e6000 r--p 00006000 08:06 1288                       /lib/librt-2.15.so
7f9ecc8e6000-7f9ecc8e7000 rw-p 00007000 08:06 1288                       /lib/librt-2.15.so
7f9ecc8e7000-7f9ecc8fc000 r-xp 00000000 08:06 526089                     /usr/lib/libgcc_s.so.1
7f9ecc8fc000-7f9eccafb000 ---p 00015000 08:06 526089                     /usr/lib/libgcc_s.so.1
7f9eccafb000-7f9eccafc000 rw-p 00014000 08:06 526089                     /usr/lib/libgcc_s.so.1
7f9eccafc000-7f9eccbef000 r-xp 00000000 08:06 1293                       /lib/libm-2.15.so
7f9eccbef000-7f9eccdef000 ---p 000f3000 08:06 1293                       /lib/libm-2.15.so
7f9eccdef000-7f9eccdf0000 r--p 000f3000 08:06 1293                       /lib/libm-2.15.so
7f9eccdf0000-7f9eccdf1000 rw-p 000f4000 08:06 1293                       /lib/libm-2.15.so
7f9eccdf1000-7f9ecced6000 r-xp 00000000 08:06 526567                     /usr/lib/libstdc++.so.6.0.17
7f9ecced6000-7f9ecd0d6000 ---p 000e5000 08:06 526567                     /usr/lib/libstdc++.so.6.0.17
7f9ecd0d6000-7f9ecd0de000 r--p 000e5000 08:06 526567                     /usr/lib/libstdc++.so.6.0.17
7f9ecd0de000-7f9ecd0e0000 rw-p 000ed000 08:06 526567                     /usr/lib/libstdc++.so.6.0.17
7f9ecd0e0000-7f9ecd0f5000 rw-p 00000000 00:00 0 
7f9ecd0f5000-7f9ecda88000 r-xp 00000000 08:06 525849                     /usr/lib/jvm/java-7-openjdk/jre/lib/amd64/server/libjvm.so
7f9ecda88000-7f9ecdc88000 ---p 00993000 08:06 525849                     /usr/lib/jvm/java-7-openjdk/jre/lib/amd64/server/libjvm.so
7f9ecdc88000-7f9ecdd24000 rw-p 00993000 08:06 525849                     /usr/lib/jvm/java-7-openjdk/jre/lib/amd64/server/libjvm.so
7f9ecdd24000-7f9ecdd4e000 rw-p 00000000 00:00 0 
7f9ecdd4e000-7f9ecdee5000 r-xp 00000000 08:06 1304                       /lib/libc-2.15.so
7f9ecdee5000-7f9ece0e5000 ---p 00197000 08:06 1304                       /lib/libc-2.15.so
7f9ece0e5000-7f9ece0e9000 r--p 00197000 08:06 1304                       /lib/libc-2.15.so
7f9ece0e9000-7f9ece0eb000 rw-p 0019b000 08:06 1304                       /lib/libc-2.15.so
7f9ece0eb000-7f9ece0ef000 rw-p 00000000 00:00 0 
7f9ece0ef000-7f9ece0f2000 r-xp 00000000 08:06 1292                       /lib/libdl-2.15.so
7f9ece0f2000-7f9ece2f1000 ---p 00003000 08:06 1292                       /lib/libdl-2.15.so
7f9ece2f1000-7f9ece2f2000 r--p 00002000 08:06 1292                       /lib/libdl-2.15.so
7f9ece2f2000-7f9ece2f3000 rw-p 00003000 08:06 1292                       /lib/libdl-2.15.so
7f9ece2f3000-7f9ece308000 r-xp 00000000 08:06 528979                     /usr/lib/libz.so.1.2.7
7f9ece308000-7f9ece507000 ---p 00015000 08:06 528979                     /usr/lib/libz.so.1.2.7
7f9ece507000-7f9ece508000 r--p 00014000 08:06 528979                     /usr/lib/libz.so.1.2.7
7f9ece508000-7f9ece509000 rw-p 00015000 08:06 528979                     /usr/lib/libz.so.1.2.7
7f9ece509000-7f9ece515000 r-xp 00000000 08:06 526062                     /usr/lib/jvm/java-7-openjdk/jre/lib/amd64/jli/libjli.so
7f9ece515000-7f9ece715000 ---p 0000c000 08:06 526062                     /usr/lib/jvm/java-7-openjdk/jre/lib/amd64/jli/libjli.so
7f9ece715000-7f9ece716000 rw-p 0000c000 08:06 526062                     /usr/lib/jvm/java-7-openjdk/jre/lib/amd64/jli/libjli.so
7f9ece716000-7f9ece72d000 r-xp 00000000 08:06 929                        /lib/libpthread-2.15.so
7f9ece72d000-7f9ece92c000 ---p 00017000 08:06 929                        /lib/libpthread-2.15.so
7f9ece92c000-7f9ece92d000 r--p 00016000 08:06 929                        /lib/libpthread-2.15.so
7f9ece92d000-7f9ece92e000 rw-p 00017000 08:06 929                        /lib/libpthread-2.15.so
7f9ece92e000-7f9ece932000 rw-p 00000000 00:00 0 
7f9ece932000-7f9ece953000 r-xp 00000000 08:06 1312                       /lib/ld-2.15.so
7f9ece953000-7f9ece95c000 r--s 00263000 08:06 523786                     /usr/lib/jvm/java-7-openjdk/jre/lib/resources.jar
7f9ece95c000-7f9ece966000 rw-p 00000000 00:00 0 
7f9ece966000-7f9ecea1c000 rw-p 00000000 00:00 0 
7f9ecea1c000-7f9ecea1f000 ---p 00000000 00:00 0 
7f9ecea1f000-7f9eceb22000 rw-p 00000000 00:00 0 
7f9eceb22000-7f9eceb23000 rw-s 00005000 00:05 1869                       /dev/ati/card1
7f9eceb23000-7f9eceb43000 rw-s feae0000 00:05 1869                       /dev/ati/card1
7f9eceb43000-7f9eceb45000 rw-s 00002000 00:05 1869                       /dev/ati/card1
7f9eceb45000-7f9eceb48000 r--s 0000f000 08:06 526356                     /usr/lib/jvm/java-7-openjdk/jre/lib/ext/pulse-java.jar
7f9eceb48000-7f9eceb50000 rw-s 00000000 08:06 392931                     /tmp/hsperfdata_tobi/9492 (deleted)
7f9eceb50000-7f9eceb51000 rw-p 00000000 00:00 0 
7f9eceb51000-7f9eceb52000 ---p 00000000 00:00 0 
7f9eceb52000-7f9eceb53000 rw-p 00000000 00:00 0 
7f9eceb53000-7f9eceb54000 r--p 00021000 08:06 1312                       /lib/ld-2.15.so
7f9eceb54000-7f9eceb55000 rw-p 00022000 08:06 1312                       /lib/ld-2.15.so
7f9eceb55000-7f9eceb56000 rw-p 00000000 00:00 0 
7fffe00f4000-7fffe0115000 rw-p 00000000 00:00 0                          [stack]
7fffe012f000-7fffe0130000 r-xp 00000000 00:00 0                          [vdso]
ffffffffff600000-ffffffffff601000 r-xp 00000000 00:00 0                  [vsyscall]

VM Arguments:
jvm_args: -Dsun.java2d.opengl=True -Dfile.encoding=UTF-8 
java_command: bombi.BombiGui
Launcher Type: SUN_STANDARD

Environment Variables:
JAVA_HOME=/usr/lib/jvm/java-7-openjdk
PATH=/usr/local/bin:/usr/bin:/bin:/usr/local/sbin:/usr/sbin:/sbin:/opt/android-sdk/platform-tools:/opt/android-sdk/tools:/usr/bin/vendor_perl:/usr/bin/core_perl:/opt/qt/bin
SHELL=/bin/bash
DISPLAY=:0.0

Signal Handlers:
SIGSEGV: [libjvm.so+0x807d30], sa_mask[0]=0x7ffbfeff, sa_flags=0x10000004
SIGBUS: [libjvm.so+0x807d30], sa_mask[0]=0x7ffbfeff, sa_flags=0x10000004
SIGFPE: [libjvm.so+0x6ac970], sa_mask[0]=0x7ffbfeff, sa_flags=0x10000004
SIGPIPE: [libjvm.so+0x6ac970], sa_mask[0]=0x7ffbfeff, sa_flags=0x10000004
SIGXFSZ: [libjvm.so+0x6ac970], sa_mask[0]=0x7ffbfeff, sa_flags=0x10000004
SIGILL: [libjvm.so+0x6ac970], sa_mask[0]=0x7ffbfeff, sa_flags=0x10000004
SIGUSR1: SIG_DFL, sa_mask[0]=0x00000000, sa_flags=0x00000000
SIGUSR2: [libjvm.so+0x6acd40], sa_mask[0]=0x00000004, sa_flags=0x10000004
SIGHUP: [libjvm.so+0x6ace80], sa_mask[0]=0x7ffbfeff, sa_flags=0x10000004
SIGINT: [libjvm.so+0x6ace80], sa_mask[0]=0x7ffbfeff, sa_flags=0x10000004
SIGTERM: [libjvm.so+0x6ace80], sa_mask[0]=0x7ffbfeff, sa_flags=0x10000004
SIGQUIT: [libjvm.so+0x6ace80], sa_mask[0]=0x7ffbfeff, sa_flags=0x10000004


---------------  S Y S T E M  ---------------

OS:Linux
uname:Linux 3.3.5-1-ARCH #1 SMP PREEMPT Mon May 7 19:57:51 CEST 2012 x86_64
libc:glibc 2.15 NPTL 2.15 
rlimit: STACK 8192k, CORE 0k, NPROC 125839, NOFILE 4096, AS infinity
load average:0.94 1.03 1.11

/proc/meminfo:
MemTotal:       16180360 kB
MemFree:        11529052 kB
Buffers:          242088 kB
Cached:          2283936 kB
SwapCached:            0 kB
Active:          2036080 kB
Inactive:        1920924 kB
Active(anon):    1431372 kB
Inactive(anon):    32052 kB
Active(file):     604708 kB
Inactive(file):  1888872 kB
Unevictable:           0 kB
Mlocked:               0 kB
SwapTotal:             0 kB
SwapFree:              0 kB
Dirty:               120 kB
Writeback:             0 kB
AnonPages:       1418616 kB
Mapped:           265712 kB
Shmem:             32456 kB
Slab:             311008 kB
SReclaimable:     278808 kB
SUnreclaim:        32200 kB
KernelStack:        4024 kB
PageTables:        37740 kB
NFS_Unstable:          0 kB
Bounce:                0 kB
WritebackTmp:          0 kB
CommitLimit:     8090180 kB
Committed_AS:    3152696 kB
VmallocTotal:   34359738367 kB
VmallocUsed:      362644 kB
VmallocChunk:   34359373835 kB
HardwareCorrupted:     0 kB
AnonHugePages:    845824 kB
HugePages_Total:       0
HugePages_Free:        0
HugePages_Rsvd:        0
HugePages_Surp:        0
Hugepagesize:       2048 kB
DirectMap4k:       86528 kB
DirectMap2M:     3844096 kB
DirectMap1G:    12582912 kB


CPU:total 4 (4 cores per cpu, 1 threads per core) family 16 model 5 stepping 2, cmov, cx8, fxsr, mmx, sse, sse2, sse3, popcnt, mmxext, 3dnowpref, lzcnt, sse4a

/proc/cpuinfo:
processor	: 0
vendor_id	: AuthenticAMD
cpu family	: 16
model		: 5
model name	: AMD Athlon(tm) II X4 620 Processor
stepping	: 2
microcode	: 0x10000c6
cpu MHz		: 800.000
cache size	: 512 KB
physical id	: 0
siblings	: 4
core id		: 0
cpu cores	: 4
apicid		: 0
initial apicid	: 0
fpu		: yes
fpu_exception	: yes
cpuid level	: 5
wp		: yes
flags		: fpu vme de pse tsc msr pae mce cx8 apic sep mtrr pge mca cmov pat pse36 clflush mmx fxsr sse sse2 ht syscall nx mmxext fxsr_opt pdpe1gb rdtscp lm 3dnowext 3dnow constant_tsc rep_good nopl nonstop_tsc extd_apicid pni monitor cx16 popcnt lahf_lm cmp_legacy svm extapic cr8_legacy abm sse4a misalignsse 3dnowprefetch osvw ibs skinit wdt nodeid_msr npt lbrv svm_lock nrip_save
bogomips	: 5225.76
TLB size	: 1024 4K pages
clflush size	: 64
cache_alignment	: 64
address sizes	: 48 bits physical, 48 bits virtual
power management: ts ttp tm stc 100mhzsteps hwpstate

processor	: 1
vendor_id	: AuthenticAMD
cpu family	: 16
model		: 5
model name	: AMD Athlon(tm) II X4 620 Processor
stepping	: 2
microcode	: 0x10000c6
cpu MHz		: 800.000
cache size	: 512 KB
physical id	: 0
siblings	: 4
core id		: 1
cpu cores	: 4
apicid		: 1
initial apicid	: 1
fpu		: yes
fpu_exception	: yes
cpuid level	: 5
wp		: yes
flags		: fpu vme de pse tsc msr pae mce cx8 apic sep mtrr pge mca cmov pat pse36 clflush mmx fxsr sse sse2 ht syscall nx mmxext fxsr_opt pdpe1gb rdtscp lm 3dnowext 3dnow constant_tsc rep_good nopl nonstop_tsc extd_apicid pni monitor cx16 popcnt lahf_lm cmp_legacy svm extapic cr8_legacy abm sse4a misalignsse 3dnowprefetch osvw ibs skinit wdt nodeid_msr npt lbrv svm_lock nrip_save
bogomips	: 5225.76
TLB size	: 1024 4K pages
clflush size	: 64
cache_alignment	: 64
address sizes	: 48 bits physical, 48 bits virtual
power management: ts ttp tm stc 100mhzsteps hwpstate

processor	: 2
vendor_id	: AuthenticAMD
cpu family	: 16
model		: 5
model name	: AMD Athlon(tm) II X4 620 Processor
stepping	: 2
microcode	: 0x10000c6
cpu MHz		: 800.000
cache size	: 512 KB
physical id	: 0
siblings	: 4
core id		: 2
cpu cores	: 4
apicid		: 2
initial apicid	: 2
fpu		: yes
fpu_exception	: yes
cpuid level	: 5
wp		: yes
flags		: fpu vme de pse tsc msr pae mce cx8 apic sep mtrr pge mca cmov pat pse36 clflush mmx fxsr sse sse2 ht syscall nx mmxext fxsr_opt pdpe1gb rdtscp lm 3dnowext 3dnow constant_tsc rep_good nopl nonstop_tsc extd_apicid pni monitor cx16 popcnt lahf_lm cmp_legacy svm extapic cr8_legacy abm sse4a misalignsse 3dnowprefetch osvw ibs skinit wdt nodeid_msr npt lbrv svm_lock nrip_save
bogomips	: 5225.76
TLB size	: 1024 4K pages
clflush size	: 64
cache_alignment	: 64
address sizes	: 48 bits physical, 48 bits virtual
power management: ts ttp tm stc 100mhzsteps hwpstate

processor	: 3
vendor_id	: AuthenticAMD
cpu family	: 16
model		: 5
model name	: AMD Athlon(tm) II X4 620 Processor
stepping	: 2
microcode	: 0x10000c6
cpu MHz		: 2600.000
cache size	: 512 KB
physical id	: 0
siblings	: 4
core id		: 3
cpu cores	: 4
apicid		: 3
initial apicid	: 3
fpu		: yes
fpu_exception	: yes
cpuid level	: 5
wp		: yes
flags		: fpu vme de pse tsc msr pae mce cx8 apic sep mtrr pge mca cmov pat pse36 clflush mmx fxsr sse sse2 ht syscall nx mmxext fxsr_opt pdpe1gb rdtscp lm 3dnowext 3dnow constant_tsc rep_good nopl nonstop_tsc extd_apicid pni monitor cx16 popcnt lahf_lm cmp_legacy svm extapic cr8_legacy abm sse4a misalignsse 3dnowprefetch osvw ibs skinit wdt nodeid_msr npt lbrv svm_lock nrip_save
bogomips	: 5225.76
TLB size	: 1024 4K pages
clflush size	: 64
cache_alignment	: 64
address sizes	: 48 bits physical, 48 bits virtual
power management: ts ttp tm stc 100mhzsteps hwpstate



Memory: 4k page, physical 16180360k(11528848k free), swap 0k(0k free)

vm_info: OpenJDK 64-Bit Server VM (22.0-b10) for linux-amd64 JRE (1.7.0_03-b147), built on Mar  6 2012 20:02:29 by "nobody" with gcc 4.6.3

time: Thu May 10 19:31:08 2012
elapsed time: 5 seconds

