#
# A fatal error has been detected by the Java Runtime Environment:
#
#  SIGSEGV (0xb) at pc=0x00007ffa915bd2a8, pid=5966, tid=140714180269824
#
# JRE version: 7.0_03-b147
# Java VM: OpenJDK 64-Bit Server VM (22.0-b10 mixed mode linux-amd64 compressed oops)
# Derivative: IcedTea7 2.1
# Distribution: Custom build (Tue Mar  6 19:52:34 UTC 2012)
# Problematic frame:
# C  [libX11.so.6+0x382a8]  XQueryExtension+0x28
#
# Failed to write core dump. Core dumps have been disabled. To enable core dumping, try "ulimit -c unlimited" before starting Java again
#
# If you would like to submit a bug report, please include
# instructions on how to reproduce the bug and visit:
#   http://icedtea.classpath.org/bugzilla
#

---------------  T H R E A D  ---------------

Current thread (0x00007ffa9409d000):  VMThread [stack: 0x00007ffa92aad000,0x00007ffa92bae000] [id=5977]

siginfo:si_signo=SIGSEGV: si_errno=0, si_code=1 (SEGV_MAPERR), si_addr=0xffffffff941c9188

Registers:
RAX=0x00007ffa80000bd0, RBX=0xffffffff941c8820, RCX=0x00007ffa92bac7b8, RDX=0x00007ffa92bac7b4
RSP=0x00007ffa92bac750, RBP=0x00007ffa79b00932, RSI=0x00007ffa79b00932, RDI=0xffffffff941c8820
R8 =0x00007ffa92bac7bc, R9 =0x0000000000000003, R10=0x0000000000020411, R11=0x00007ffa9d3a6ad0
R12=0x0000000000000000, R13=0x00007ffa79b00932, R14=0x00007ffa80000bd0, R15=0x0000000000000000
RIP=0x00007ffa915bd2a8, EFLAGS=0x0000000000010206, CSGSFS=0x0000000000000033, ERR=0x0000000000000005
  TRAPNO=0x000000000000000e

Top of Stack: (sp=0x00007ffa92bac750)
0x00007ffa92bac750:   0000000000000000 0000000000000000
0x00007ffa92bac760:   0000000000000000 0000003000000003
0x00007ffa92bac770:   0000006e0000005b ffffffff941c8820
0x00007ffa92bac780:   00007ffa79b00932 0000000000000000
0x00007ffa92bac790:   00007ffa79b00932 00007ffa80000bd0
0x00007ffa92bac7a0:   0000000000000000 00007ffa915b1285
0x00007ffa92bac7b0:   0000000000000000 00007ffa9d3ebb20
0x00007ffa92bac7c0:   00007ffa79c39520 ffffffff941c8820
0x00007ffa92bac7d0:   00007ffa941d1080 00007ffa918cdb1b
0x00007ffa92bac7e0:   00007ffa00000005 0000001100000000
0x00007ffa92bac7f0:   00007ffa00000005 0000000000000000
0x00007ffa92bac800:   00007ffa92bac870 ffffffff941c8820
0x00007ffa92bac810:   00007ffa92bac9f8 00007ffa92bacb10
0x00007ffa92bac820:   00007ffa79c52d50 00007ffa79aa7119
0x00007ffa92bac830:   0000000000000000 00007ffa941d1130
0x00007ffa92bac840:   00007ffa92bac870 00007ffa79eb5008
0x00007ffa92bac850:   00007ffa92bac9f8 00007ffa92bacb10
0x00007ffa92bac860:   00000000ffffffff 00007ffa79a9db42
0x00007ffa92bac870:   00007ffa92bacb80 00007ffa79b008b1
0x00007ffa92bac880:   00007ffa92bacb80 00007ffa9df61f5f
0x00007ffa92bac890:   00007ffa9e176170 00007ffa9e176700
0x00007ffa92bac8a0:   00007ffa9e142000 00007ffa94005900
0x00007ffa92bac8b0:   00007ffa9400a110 00007ffa9417b690
0x00007ffa92bac8c0:   00007ffa9417cb10 00007ffa9417d4a0
0x00007ffa92bac8d0:   00007ffa9417d9b0 00007ffa9417cfb0
0x00007ffa92bac8e0:   00007ffa9417dec0 00007ffa9417edd0
0x00007ffa92bac8f0:   00007ffa9417e8c0 00007ffa9417f2e0
0x00007ffa92bac900:   00007ffa9417f7e0 00007ffa9417fcd0
0x00007ffa92bac910:   00007ffa941806f0 00007ffa94182030
0x00007ffa92bac920:   00007ffa94183190 00007ffa94183690
0x00007ffa92bac930:   00007ffa94183b80 00007ffa9417c670
0x00007ffa92bac940:   00007ffa94184080 00007ffa94184590 

Instructions: (pc=0x00007ffa915bd2a8)
0x00007ffa915bd288:   24 d8 48 89 fb 4c 89 64 24 e0 4c 89 6c 24 e8 48
0x00007ffa915bd298:   89 f5 4c 89 74 24 f0 4c 89 7c 24 f8 48 83 ec 58
0x00007ffa915bd2a8:   48 8b 87 68 09 00 00 49 89 d4 49 89 cd 4d 89 c6
0x00007ffa915bd2b8:   48 85 c0 74 02 ff 10 ba 08 00 00 00 be 62 00 00 

Register to memory mapping:

RAX=0x00007ffa80000bd0 is an unknown value
RBX=0xffffffff941c8820 is an unknown value
RCX=0x00007ffa92bac7b8 is an unknown value
RDX=0x00007ffa92bac7b4 is an unknown value
RSP=0x00007ffa92bac750 is an unknown value
RBP=0x00007ffa79b00932: <offset 0x96932> in /usr/lib/libGL.so.1 at 0x00007ffa79a6a000
RSI=0x00007ffa79b00932: <offset 0x96932> in /usr/lib/libGL.so.1 at 0x00007ffa79a6a000
RDI=0xffffffff941c8820 is an unknown value
R8 =0x00007ffa92bac7bc is an unknown value
R9 =0x0000000000000003 is an unknown value
R10=0x0000000000020411 is an unknown value
R11=0x00007ffa9d3a6ad0: __cxa_finalize+0 in /lib/libc.so.6 at 0x00007ffa9d36f000
R12=0x0000000000000000 is an unknown value
R13=0x00007ffa79b00932: <offset 0x96932> in /usr/lib/libGL.so.1 at 0x00007ffa79a6a000
R14=0x00007ffa80000bd0 is an unknown value
R15=0x0000000000000000 is an unknown value


Stack: [0x00007ffa92aad000,0x00007ffa92bae000],  sp=0x00007ffa92bac750,  free space=1021k
Native frames: (J=compiled Java code, j=interpreted, Vv=VM code, C=native code)
C  [libX11.so.6+0x382a8]  XQueryExtension+0x28

VM_Operation (0x00007ffa78a0ee60): Exit, mode: safepoint, requested by thread 0x00007ffa944e3000


---------------  P R O C E S S  ---------------

Java Threads: ( => current thread )
  0x00007ffa94006000 JavaThread "DestroyJavaVM" [_thread_blocked, id=5968, stack(0x00007ffa9e03d000,0x00007ffa9e13e000)]
  0x00007ffa944e8000 JavaThread "Thread-0" [_thread_blocked, id=5991, stack(0x00007ffa78810000,0x00007ffa78911000)]
  0x00007ffa944e3000 JavaThread "AWT-EventQueue-0" [_thread_blocked, id=5990, stack(0x00007ffa78911000,0x00007ffa78a12000)]
  0x00007ffa944e1000 JavaThread "AWT-Shutdown" [_thread_blocked, id=5989, stack(0x00007ffa78a12000,0x00007ffa78b13000)]
  0x00007ffa94448000 JavaThread "AWT-XAWT" daemon [_thread_blocked, id=5988, stack(0x00007ffa78c12000,0x00007ffa78d13000)]
  0x00007ffa943fe000 JavaThread "Java2D Disposer" daemon [_thread_blocked, id=5987, stack(0x00007ffa78d13000,0x00007ffa78e14000)]
  0x00007ffa943fb800 JavaThread "Java2D Queue Flusher" daemon [_thread_blocked, id=5986, stack(0x00007ffa78e9c000,0x00007ffa78f9d000)]
  0x00007ffa94106000 JavaThread "Service Thread" daemon [_thread_blocked, id=5983, stack(0x00007ffa920fb000,0x00007ffa921fc000)]
  0x00007ffa94103800 JavaThread "C2 CompilerThread1" daemon [_thread_blocked, id=5982, stack(0x00007ffa921fc000,0x00007ffa922fd000)]
  0x00007ffa94101000 JavaThread "C2 CompilerThread0" daemon [_thread_blocked, id=5981, stack(0x00007ffa922fd000,0x00007ffa923fe000)]
  0x00007ffa940fe800 JavaThread "Signal Dispatcher" daemon [_thread_blocked, id=5980, stack(0x00007ffa923fe000,0x00007ffa924ff000)]
  0x00007ffa940a8000 JavaThread "Finalizer" daemon [_thread_blocked, id=5979, stack(0x00007ffa928ab000,0x00007ffa929ac000)]
  0x00007ffa940a5800 JavaThread "Reference Handler" daemon [_thread_blocked, id=5978, stack(0x00007ffa929ac000,0x00007ffa92aad000)]

Other Threads:
=>0x00007ffa9409d000 VMThread [stack: 0x00007ffa92aad000,0x00007ffa92bae000] [id=5977]

VM state:at safepoint (shutting down)

VM Mutex/Monitor currently owned by a thread:  ([mutex/lock_event])
[0x00007ffa94003f50] Threads_lock - owner thread: 0x00007ffa9409d000

Heap
 PSYoungGen      total 73792K, used 9107K [0x00000007adab0000, 0x00000007b2d00000, 0x0000000800000000)
  eden space 63296K, 8% used [0x00000007adab0000,0x00000007ae0209b8,0x00000007b1880000)
  from space 10496K, 33% used [0x00000007b1880000,0x00000007b1bf4320,0x00000007b22c0000)
  to   space 10496K, 0% used [0x00000007b22c0000,0x00000007b22c0000,0x00000007b2d00000)
 PSOldGen        total 168576K, used 0K [0x0000000709000000, 0x00000007134a0000, 0x00000007adab0000)
  object space 168576K, 0% used [0x0000000709000000,0x0000000709000070,0x00000007134a0000)
 PSPermGen       total 21248K, used 10943K [0x00000006fea00000, 0x00000006ffec0000, 0x0000000709000000)
  object space 21248K, 51% used [0x00000006fea00000,0x00000006ff4affa0,0x00000006ffec0000)

Code Cache  [0x00007ffa984b2000, 0x00007ffa98722000, 0x00007ffa9b4b2000)
 total_blobs=515 nmethods=79 adapters=390 free_code_cache=48424Kb largest_free_block=49566016

Dynamic libraries:
00400000-00401000 r-xp 00000000 08:06 533859                             /usr/lib/jvm/java-7-openjdk/jre/bin/java
00600000-00601000 rw-p 00000000 08:06 533859                             /usr/lib/jvm/java-7-openjdk/jre/bin/java
01149000-0116a000 rw-p 00000000 00:00 0                                  [heap]
6fea00000-6ffec0000 rw-p 00000000 00:00 0 
6ffec0000-709000000 rw-p 00000000 00:00 0 
709000000-7134a0000 rw-p 00000000 00:00 0 
7134a0000-7adab0000 rw-p 00000000 00:00 0 
7adab0000-7b2d00000 rw-p 00000000 00:00 0 
7b2d00000-800000000 rw-p 00000000 00:00 0 
7ffa30000000-7ffa30021000 rw-p 00000000 00:00 0 
7ffa30021000-7ffa34000000 ---p 00000000 00:00 0 
7ffa38000000-7ffa38114000 rw-p 00000000 00:00 0 
7ffa38114000-7ffa3c000000 ---p 00000000 00:00 0 
7ffa3c000000-7ffa3c021000 rw-p 00000000 00:00 0 
7ffa3c021000-7ffa40000000 ---p 00000000 00:00 0 
7ffa40000000-7ffa40021000 rw-p 00000000 00:00 0 
7ffa40021000-7ffa44000000 ---p 00000000 00:00 0 
7ffa44000000-7ffa44180000 rw-p 00000000 00:00 0 
7ffa44180000-7ffa48000000 ---p 00000000 00:00 0 
7ffa48000000-7ffa48021000 rw-p 00000000 00:00 0 
7ffa48021000-7ffa4c000000 ---p 00000000 00:00 0 
7ffa4c000000-7ffa4c02c000 rw-p 00000000 00:00 0 
7ffa4c02c000-7ffa50000000 ---p 00000000 00:00 0 
7ffa50000000-7ffa50919000 rw-p 00000000 00:00 0 
7ffa50919000-7ffa54000000 ---p 00000000 00:00 0 
7ffa54000000-7ffa54021000 rw-p 00000000 00:00 0 
7ffa54021000-7ffa58000000 ---p 00000000 00:00 0 
7ffa5972e000-7ffa59731000 ---p 00000000 00:00 0 
7ffa59731000-7ffa5982f000 rw-p 00000000 00:00 0 
7ffa5982f000-7ffa59832000 ---p 00000000 00:00 0 
7ffa59832000-7ffa59930000 rw-p 00000000 00:00 0 
7ffa59930000-7ffa59b31000 rw-s d541b000 00:05 10083                      /dev/ati/card1
7ffa59b31000-7ffa59d32000 rw-s d3fe8000 00:05 10083                      /dev/ati/card1
7ffa59d32000-7ffa5bc8c000 r-xp 00000000 08:06 527438                     /usr/lib/xorg/modules/dri/fglrx_dri.so
7ffa5bc8c000-7ffa5bd8c000 ---p 01f5a000 08:06 527438                     /usr/lib/xorg/modules/dri/fglrx_dri.so
7ffa5bd8c000-7ffa5beda000 rwxp 01f5a000 08:06 527438                     /usr/lib/xorg/modules/dri/fglrx_dri.so
7ffa5beda000-7ffa5c000000 rwxp 00000000 00:00 0 
7ffa5c000000-7ffa5c2de000 rw-p 00000000 00:00 0 
7ffa5c2de000-7ffa60000000 ---p 00000000 00:00 0 
7ffa60000000-7ffa60021000 rw-p 00000000 00:00 0 
7ffa60021000-7ffa64000000 ---p 00000000 00:00 0 
7ffa64000000-7ffa64021000 rw-p 00000000 00:00 0 
7ffa64021000-7ffa68000000 ---p 00000000 00:00 0 
7ffa68000000-7ffa68577000 rw-p 00000000 00:00 0 
7ffa68577000-7ffa6c000000 ---p 00000000 00:00 0 
7ffa6c000000-7ffa6c021000 rw-p 00000000 00:00 0 
7ffa6c021000-7ffa70000000 ---p 00000000 00:00 0 
7ffa70000000-7ffa70021000 rw-p 00000000 00:00 0 
7ffa70021000-7ffa74000000 ---p 00000000 00:00 0 
7ffa74000000-7ffa74021000 rw-p 00000000 00:00 0 
7ffa74021000-7ffa78000000 ---p 00000000 00:00 0 
7ffa780ac000-7ffa780bc000 r-xp 00000000 08:06 525189                     /usr/lib/jvm/java-7-openjdk/jre/lib/amd64/libnio.so
7ffa780bc000-7ffa782bc000 ---p 00010000 08:06 525189                     /usr/lib/jvm/java-7-openjdk/jre/lib/amd64/libnio.so
7ffa782bc000-7ffa782bd000 rw-p 00010000 08:06 525189                     /usr/lib/jvm/java-7-openjdk/jre/lib/amd64/libnio.so
7ffa782bd000-7ffa782d2000 r-xp 00000000 08:06 525188                     /usr/lib/jvm/java-7-openjdk/jre/lib/amd64/libnet.so
7ffa782d2000-7ffa784d2000 ---p 00015000 08:06 525188                     /usr/lib/jvm/java-7-openjdk/jre/lib/amd64/libnet.so
7ffa784d2000-7ffa784d3000 rw-p 00015000 08:06 525188                     /usr/lib/jvm/java-7-openjdk/jre/lib/amd64/libnet.so
7ffa784d3000-7ffa7850d000 r-xp 00000000 08:06 525196                     /usr/lib/jvm/java-7-openjdk/jre/lib/amd64/libfontmanager.so
7ffa7850d000-7ffa7870d000 ---p 0003a000 08:06 525196                     /usr/lib/jvm/java-7-openjdk/jre/lib/amd64/libfontmanager.so
7ffa7870d000-7ffa78710000 rw-p 0003a000 08:06 525196                     /usr/lib/jvm/java-7-openjdk/jre/lib/amd64/libfontmanager.so
7ffa78710000-7ffa78810000 rw-s 0aa9e000 00:05 10083                      /dev/ati/card1
7ffa78810000-7ffa78813000 ---p 00000000 00:00 0 
7ffa78813000-7ffa78911000 rw-p 00000000 00:00 0 
7ffa78911000-7ffa78914000 ---p 00000000 00:00 0 
7ffa78914000-7ffa78a12000 rw-p 00000000 00:00 0 
7ffa78a12000-7ffa78a15000 ---p 00000000 00:00 0 
7ffa78a15000-7ffa78b13000 rw-p 00000000 00:00 0 
7ffa78b13000-7ffa78b58000 r--s 00000000 08:07 26937                      /var/cache/fontconfig/f6b893a7224233d96cb72fd88691c0b4-le64.cache-3
7ffa78b58000-7ffa78bb5000 r--s 00000000 08:07 26936                      /var/cache/fontconfig/17090aa38d5c6f09fb8c5c354938f1d7-le64.cache-3
7ffa78bb5000-7ffa78c12000 r--s 00000000 08:07 26934                      /var/cache/fontconfig/df311e82a1a24c41a75c2c930223552e-le64.cache-3
7ffa78c12000-7ffa78c15000 ---p 00000000 00:00 0 
7ffa78c15000-7ffa78d13000 rw-p 00000000 00:00 0 
7ffa78d13000-7ffa78d16000 ---p 00000000 00:00 0 
7ffa78d16000-7ffa78e5c000 rw-p 00000000 00:00 0 
7ffa78e5c000-7ffa78e9c000 rw-s 00030000 00:05 10083                      /dev/ati/card1
7ffa78e9c000-7ffa78e9f000 ---p 00000000 00:00 0 
7ffa78e9f000-7ffa78fe5000 rw-p 00000000 00:00 0 
7ffa78fe5000-7ffa796e5000 rw-s 00006000 00:05 10083                      /dev/ati/card1
7ffa796e5000-7ffa798e5000 rw-p 00000000 00:00 0 
7ffa798e5000-7ffa79920000 r-xp 00000000 08:06 527355                     /usr/lib/libatiadlxx.so
7ffa79920000-7ffa79a20000 ---p 0003b000 08:06 527355                     /usr/lib/libatiadlxx.so
7ffa79a20000-7ffa79a29000 rw-p 0003b000 08:06 527355                     /usr/lib/libatiadlxx.so
7ffa79a29000-7ffa79a3a000 rw-p 00000000 00:00 0 
7ffa79a6a000-7ffa79b2d000 r-xp 00000000 08:06 531369                     /usr/lib/fglrx/fglrx-libGL.so.1.2
7ffa79b2d000-7ffa79c2c000 ---p 000c3000 08:06 531369                     /usr/lib/fglrx/fglrx-libGL.so.1.2
7ffa79c2c000-7ffa79c53000 rwxp 000c2000 08:06 531369                     /usr/lib/fglrx/fglrx-libGL.so.1.2
7ffa79c53000-7ffa79c73000 rwxp 00000000 00:00 0 
7ffa79c73000-7ffa79cb5000 r-xp 00000000 08:06 527897                     /usr/lib/libdbus-1.so.3.5.9
7ffa79cb5000-7ffa79eb5000 ---p 00042000 08:06 527897                     /usr/lib/libdbus-1.so.3.5.9
7ffa79eb5000-7ffa79eb7000 rw-p 00042000 08:06 527897                     /usr/lib/libdbus-1.so.3.5.9
7ffa79eb7000-7ffa79ec8000 r-xp 00000000 08:06 533797                     /usr/lib/libp11-kit.so.0.0.0
7ffa79ec8000-7ffa7a0c7000 ---p 00011000 08:06 533797                     /usr/lib/libp11-kit.so.0.0.0
7ffa7a0c7000-7ffa7a0c8000 r--p 00010000 08:06 533797                     /usr/lib/libp11-kit.so.0.0.0
7ffa7a0c8000-7ffa7a0c9000 rw-p 00011000 08:06 533797                     /usr/lib/libp11-kit.so.0.0.0
7ffa7a0c9000-7ffa7a12e000 r-xp 00000000 08:06 527102                     /usr/lib/libgmp.so.10.0.5
7ffa7a12e000-7ffa7a32e000 ---p 00065000 08:06 527102                     /usr/lib/libgmp.so.10.0.5
7ffa7a32e000-7ffa7a32f000 r--p 00065000 08:06 527102                     /usr/lib/libgmp.so.10.0.5
7ffa7a32f000-7ffa7a338000 rw-p 00066000 08:06 527102                     /usr/lib/libgmp.so.10.0.5
7ffa7a338000-7ffa7a34a000 r-xp 00000000 08:06 533726                     /usr/lib/libhogweed.so.2.1
7ffa7a34a000-7ffa7a549000 ---p 00012000 08:06 533726                     /usr/lib/libhogweed.so.2.1
7ffa7a549000-7ffa7a54a000 r--p 00011000 08:06 533726                     /usr/lib/libhogweed.so.2.1
7ffa7a54a000-7ffa7a54b000 rw-p 00012000 08:06 533726                     /usr/lib/libhogweed.so.2.1
7ffa7a54b000-7ffa7a570000 r-xp 00000000 08:06 531660                     /usr/lib/libnettle.so.4.3
7ffa7a570000-7ffa7a770000 ---p 00025000 08:06 531660                     /usr/lib/libnettle.so.4.3
7ffa7a770000-7ffa7a771000 r--p 00025000 08:06 531660                     /usr/lib/libnettle.so.4.3
7ffa7a771000-7ffa7a772000 rw-p 00026000 08:06 531660                     /usr/lib/libnettle.so.4.3
7ffa7a772000-7ffa7a782000 r-xp 00000000 08:06 523686                     /usr/lib/libtasn1.so.3.1.15
7ffa7a782000-7ffa7a981000 ---p 00010000 08:06 523686                     /usr/lib/libtasn1.so.3.1.15
7ffa7a981000-7ffa7a982000 r--p 0000f000 08:06 523686                     /usr/lib/libtasn1.so.3.1.15
7ffa7a982000-7ffa7a983000 rw-p 00010000 08:06 523686                     /usr/lib/libtasn1.so.3.1.15
7ffa7a983000-7ffa7a986000 r-xp 00000000 08:06 536931                     /usr/lib/libkeyutils.so.1.4
7ffa7a986000-7ffa7ab85000 ---p 00003000 08:06 536931                     /usr/lib/libkeyutils.so.1.4
7ffa7ab85000-7ffa7ab86000 r--p 00002000 08:06 536931                     /usr/lib/libkeyutils.so.1.4
7ffa7ab86000-7ffa7ab87000 rw-p 00003000 08:06 536931                     /usr/lib/libkeyutils.so.1.4
7ffa7ab87000-7ffa7ab90000 r-xp 00000000 08:06 529619                     /usr/lib/libkrb5support.so.0.1
7ffa7ab90000-7ffa7ad8f000 ---p 00009000 08:06 529619                     /usr/lib/libkrb5support.so.0.1
7ffa7ad8f000-7ffa7ad90000 r--p 00008000 08:06 529619                     /usr/lib/libkrb5support.so.0.1
7ffa7ad90000-7ffa7ad91000 rw-p 00009000 08:06 529619                     /usr/lib/libkrb5support.so.0.1
7ffa7ad91000-7ffa7ad94000 r-xp 00000000 08:06 524071                     /usr/lib/libcom_err.so.2.1
7ffa7ad94000-7ffa7af93000 ---p 00003000 08:06 524071                     /usr/lib/libcom_err.so.2.1
7ffa7af93000-7ffa7af94000 r--p 00002000 08:06 524071                     /usr/lib/libcom_err.so.2.1
7ffa7af94000-7ffa7af95000 rw-p 00003000 08:06 524071                     /usr/lib/libcom_err.so.2.1
7ffa7af95000-7ffa7afbd000 r-xp 00000000 08:06 533131                     /usr/lib/libk5crypto.so.3.1
7ffa7afbd000-7ffa7b1bd000 ---p 00028000 08:06 533131                     /usr/lib/libk5crypto.so.3.1
7ffa7b1bd000-7ffa7b1be000 r--p 00028000 08:06 533131                     /usr/lib/libk5crypto.so.3.1
7ffa7b1be000-7ffa7b1bf000 rw-p 00029000 08:06 533131                     /usr/lib/libk5crypto.so.3.1
7ffa7b1bf000-7ffa7b1c0000 rw-p 00000000 00:00 0 
7ffa7b1c0000-7ffa7b298000 r-xp 00000000 08:06 527453                     /usr/lib/libkrb5.so.3.3
7ffa7b298000-7ffa7b498000 ---p 000d8000 08:06 527453                     /usr/lib/libkrb5.so.3.3
7ffa7b498000-7ffa7b4a2000 r--p 000d8000 08:06 527453                     /usr/lib/libkrb5.so.3.3
7ffa7b4a2000-7ffa7b4a4000 rw-p 000e2000 08:06 527453                     /usr/lib/libkrb5.so.3.3
7ffa7b4a4000-7ffa7b4a9000 r-xp 00000000 08:06 523755                     /usr/lib/libXdmcp.so.6.0.0
7ffa7b4a9000-7ffa7b6a8000 ---p 00005000 08:06 523755                     /usr/lib/libXdmcp.so.6.0.0
7ffa7b6a8000-7ffa7b6a9000 r--p 00004000 08:06 523755                     /usr/lib/libXdmcp.so.6.0.0
7ffa7b6a9000-7ffa7b6aa000 rw-p 00005000 08:06 523755                     /usr/lib/libXdmcp.so.6.0.0
7ffa7b6aa000-7ffa7b6ac000 r-xp 00000000 08:06 523713                     /usr/lib/libXau.so.6.0.0
7ffa7b6ac000-7ffa7b8ac000 ---p 00002000 08:06 523713                     /usr/lib/libXau.so.6.0.0
7ffa7b8ac000-7ffa7b8ad000 r--p 00002000 08:06 523713                     /usr/lib/libXau.so.6.0.0
7ffa7b8ad000-7ffa7b8ae000 rw-p 00003000 08:06 523713                     /usr/lib/libXau.so.6.0.0
7ffa7b8ae000-7ffa7b8be000 r-xp 00000000 08:06 526584                     /usr/lib/libavahi-client.so.3.2.9
7ffa7b8be000-7ffa7babd000 ---p 00010000 08:06 526584                     /usr/lib/libavahi-client.so.3.2.9
7ffa7babd000-7ffa7babe000 r--p 0000f000 08:06 526584                     /usr/lib/libavahi-client.so.3.2.9
7ffa7babe000-7ffa7babf000 rw-p 00010000 08:06 526584                     /usr/lib/libavahi-client.so.3.2.9
7ffa7babf000-7ffa7bbb1000 r-xp 00000000 08:06 528636                     /usr/lib/libgnutls.so.28.8.1
7ffa7bbb1000-7ffa7bdb1000 ---p 000f2000 08:06 528636                     /usr/lib/libgnutls.so.28.8.1
7ffa7bdb1000-7ffa7bdb9000 r--p 000f2000 08:06 528636                     /usr/lib/libgnutls.so.28.8.1
7ffa7bdb9000-7ffa7bdbb000 rw-p 000fa000 08:06 528636                     /usr/lib/libgnutls.so.28.8.1
7ffa7bdbb000-7ffa7bdbc000 rw-p 00000000 00:00 0 
7ffa7bdbc000-7ffa7bdfd000 r-xp 00000000 08:06 533554                     /usr/lib/libgssapi_krb5.so.2.2
7ffa7bdfd000-7ffa7bffd000 ---p 00041000 08:06 533554                     /usr/lib/libgssapi_krb5.so.2.2
7ffa7bffd000-7ffa7bffe000 r--p 00041000 08:06 533554                     /usr/lib/libgssapi_krb5.so.2.2
7ffa7bffe000-7ffa7c000000 rw-p 00042000 08:06 533554                     /usr/lib/libgssapi_krb5.so.2.2
7ffa7c000000-7ffa7c021000 rw-p 00000000 00:00 0 
7ffa7c021000-7ffa80000000 ---p 00000000 00:00 0 
7ffa80000000-7ffa80021000 rw-p 00000000 00:00 0 
7ffa80021000-7ffa84000000 ---p 00000000 00:00 0 
7ffa84000000-7ffa84021000 rw-p 00000000 00:00 0 
7ffa84021000-7ffa88000000 ---p 00000000 00:00 0 
7ffa8802f000-7ffa8803b000 r-xp 00000000 08:06 527596                     /usr/lib/libavahi-common.so.3.5.3
7ffa8803b000-7ffa8823a000 ---p 0000c000 08:06 527596                     /usr/lib/libavahi-common.so.3.5.3
7ffa8823a000-7ffa8823b000 r--p 0000b000 08:06 527596                     /usr/lib/libavahi-common.so.3.5.3
7ffa8823b000-7ffa8823c000 rw-p 0000c000 08:06 527596                     /usr/lib/libavahi-common.so.3.5.3
7ffa8823c000-7ffa88264000 r-xp 00000000 08:06 534280                     /usr/lib/libexpat.so.1.6.0
7ffa88264000-7ffa88463000 ---p 00028000 08:06 534280                     /usr/lib/libexpat.so.1.6.0
7ffa88463000-7ffa88465000 r--p 00027000 08:06 534280                     /usr/lib/libexpat.so.1.6.0
7ffa88465000-7ffa88466000 rw-p 00029000 08:06 534280                     /usr/lib/libexpat.so.1.6.0
7ffa88466000-7ffa88475000 r-xp 00000000 08:06 535331                     /usr/lib/libbz2.so.1.0.6
7ffa88475000-7ffa88674000 ---p 0000f000 08:06 535331                     /usr/lib/libbz2.so.1.0.6
7ffa88674000-7ffa88676000 rw-p 0000e000 08:06 535331                     /usr/lib/libbz2.so.1.0.6
7ffa88676000-7ffa8867e000 r-xp 00000000 08:06 534957                     /usr/lib/libxcb-render.so.0.0.0
7ffa8867e000-7ffa8887e000 ---p 00008000 08:06 534957                     /usr/lib/libxcb-render.so.0.0.0
7ffa8887e000-7ffa8887f000 rw-p 00008000 08:06 534957                     /usr/lib/libxcb-render.so.0.0.0
7ffa8887f000-7ffa88881000 r-xp 00000000 08:06 530934                     /usr/lib/libxcb-shm.so.0.0.0
7ffa88881000-7ffa88a80000 ---p 00002000 08:06 530934                     /usr/lib/libxcb-shm.so.0.0.0
7ffa88a80000-7ffa88a81000 rw-p 00001000 08:06 530934                     /usr/lib/libxcb-shm.so.0.0.0
7ffa88a81000-7ffa88b02000 r-xp 00000000 08:06 528735                     /usr/lib/libpixman-1.so.0.24.4
7ffa88b02000-7ffa88d02000 ---p 00081000 08:06 528735                     /usr/lib/libpixman-1.so.0.24.4
7ffa88d02000-7ffa88d08000 r--p 00081000 08:06 528735                     /usr/lib/libpixman-1.so.0.24.4
7ffa88d08000-7ffa88d09000 rw-p 00087000 08:06 528735                     /usr/lib/libpixman-1.so.0.24.4
7ffa88d09000-7ffa88d35000 r-xp 00000000 08:06 528725                     /usr/lib/libpng15.so.15.10.0
7ffa88d35000-7ffa88f34000 ---p 0002c000 08:06 528725                     /usr/lib/libpng15.so.15.10.0
7ffa88f34000-7ffa88f35000 r--p 0002b000 08:06 528725                     /usr/lib/libpng15.so.15.10.0
7ffa88f35000-7ffa88f36000 rw-p 0002c000 08:06 528725                     /usr/lib/libpng15.so.15.10.0
7ffa88f36000-7ffa88f49000 r-xp 00000000 08:06 1332                       /lib/libresolv-2.15.so
7ffa88f49000-7ffa89149000 ---p 00013000 08:06 1332                       /lib/libresolv-2.15.so
7ffa89149000-7ffa8914a000 r--p 00013000 08:06 1332                       /lib/libresolv-2.15.so
7ffa8914a000-7ffa8914b000 rw-p 00014000 08:06 1332                       /lib/libresolv-2.15.so
7ffa8914b000-7ffa8914d000 rw-p 00000000 00:00 0 
7ffa8914d000-7ffa891a6000 r-xp 00000000 08:06 531196                     /usr/lib/libpcre.so.1.0.0
7ffa891a6000-7ffa893a5000 ---p 00059000 08:06 531196                     /usr/lib/libpcre.so.1.0.0
7ffa893a5000-7ffa893a6000 r--p 00058000 08:06 531196                     /usr/lib/libpcre.so.1.0.0
7ffa893a6000-7ffa893a7000 rw-p 00059000 08:06 531196                     /usr/lib/libpcre.so.1.0.0
7ffa893a7000-7ffa893ae000 r-xp 00000000 08:06 533126                     /usr/lib/libffi.so.6.0.0
7ffa893ae000-7ffa895ad000 ---p 00007000 08:06 533126                     /usr/lib/libffi.so.6.0.0
7ffa895ad000-7ffa895ae000 r--p 00006000 08:06 533126                     /usr/lib/libffi.so.6.0.0
7ffa895ae000-7ffa895af000 rw-p 00007000 08:06 533126                     /usr/lib/libffi.so.6.0.0
7ffa895af000-7ffa895b1000 r-xp 00000000 08:06 533292                     /usr/lib/libXdamage.so.1.1.0
7ffa895b1000-7ffa897b0000 ---p 00002000 08:06 533292                     /usr/lib/libXdamage.so.1.1.0
7ffa897b0000-7ffa897b1000 r--p 00001000 08:06 533292                     /usr/lib/libXdamage.so.1.1.0
7ffa897b1000-7ffa897b2000 rw-p 00002000 08:06 533292                     /usr/lib/libXdamage.so.1.1.0
7ffa897b2000-7ffa897b4000 r-xp 00000000 08:06 523753                     /usr/lib/libXcomposite.so.1.0.0
7ffa897b4000-7ffa899b3000 ---p 00002000 08:06 523753                     /usr/lib/libXcomposite.so.1.0.0
7ffa899b3000-7ffa899b4000 r--p 00001000 08:06 523753                     /usr/lib/libXcomposite.so.1.0.0
7ffa899b4000-7ffa899b5000 rw-p 00002000 08:06 523753                     /usr/lib/libXcomposite.so.1.0.0
7ffa899b5000-7ffa899be000 r-xp 00000000 08:06 531336                     /usr/lib/libXcursor.so.1.0.2
7ffa899be000-7ffa89bbd000 ---p 00009000 08:06 531336                     /usr/lib/libXcursor.so.1.0.2
7ffa89bbd000-7ffa89bbe000 r--p 00008000 08:06 531336                     /usr/lib/libXcursor.so.1.0.2
7ffa89bbe000-7ffa89bbf000 rw-p 00009000 08:06 531336                     /usr/lib/libXcursor.so.1.0.2
7ffa89bbf000-7ffa89bc7000 r-xp 00000000 08:06 533170                     /usr/lib/libXrandr.so.2.2.0
7ffa89bc7000-7ffa89dc6000 ---p 00008000 08:06 533170                     /usr/lib/libXrandr.so.2.2.0
7ffa89dc6000-7ffa89dc7000 r--p 00007000 08:06 533170                     /usr/lib/libXrandr.so.2.2.0
7ffa89dc7000-7ffa89dc8000 rw-p 00008000 08:06 533170                     /usr/lib/libXrandr.so.2.2.0
7ffa89dc8000-7ffa89dca000 r-xp 00000000 08:06 523766                     /usr/lib/libXinerama.so.1.0.0
7ffa89dca000-7ffa89fc9000 ---p 00002000 08:06 523766                     /usr/lib/libXinerama.so.1.0.0
7ffa89fc9000-7ffa89fca000 r--p 00001000 08:06 523766                     /usr/lib/libXinerama.so.1.0.0
7ffa89fca000-7ffa89fcb000 rw-p 00002000 08:06 523766                     /usr/lib/libXinerama.so.1.0.0
7ffa89fcb000-7ffa89fd0000 r-xp 00000000 08:06 523749                     /usr/lib/libXfixes.so.3.1.0
7ffa89fd0000-7ffa8a1d0000 ---p 00005000 08:06 523749                     /usr/lib/libXfixes.so.3.1.0
7ffa8a1d0000-7ffa8a1d1000 r--p 00005000 08:06 523749                     /usr/lib/libXfixes.so.3.1.0
7ffa8a1d1000-7ffa8a1d2000 rw-p 00006000 08:06 523749                     /usr/lib/libXfixes.so.3.1.0
7ffa8a1d2000-7ffa8a1ef000 r-xp 00000000 08:06 533661                     /usr/lib/libxcb.so.1.1.0
7ffa8a1ef000-7ffa8a3ef000 ---p 0001d000 08:06 533661                     /usr/lib/libxcb.so.1.1.0
7ffa8a3ef000-7ffa8a3f0000 rw-p 0001d000 08:06 533661                     /usr/lib/libxcb.so.1.1.0
7ffa8a3f0000-7ffa8a442000 r-xp 00000000 08:06 527907                     /usr/lib/libcups.so.2
7ffa8a442000-7ffa8a642000 ---p 00052000 08:06 527907                     /usr/lib/libcups.so.2
7ffa8a642000-7ffa8a646000 r--p 00052000 08:06 527907                     /usr/lib/libcups.so.2
7ffa8a646000-7ffa8a647000 rw-p 00056000 08:06 527907                     /usr/lib/libcups.so.2
7ffa8a647000-7ffa8a739000 r-xp 00000000 08:06 528037                     /usr/lib/libglib-2.0.so.0.3200.3
7ffa8a739000-7ffa8a938000 ---p 000f2000 08:06 528037                     /usr/lib/libglib-2.0.so.0.3200.3
7ffa8a938000-7ffa8a939000 r--p 000f1000 08:06 528037                     /usr/lib/libglib-2.0.so.0.3200.3
7ffa8a939000-7ffa8a93a000 rw-p 000f2000 08:06 528037                     /usr/lib/libglib-2.0.so.0.3200.3
7ffa8a93a000-7ffa8a93b000 rw-p 00000000 00:00 0 
7ffa8a93b000-7ffa8a93c000 r-xp 00000000 08:06 528046                     /usr/lib/libgthread-2.0.so.0.3200.3
7ffa8a93c000-7ffa8ab3b000 ---p 00001000 08:06 528046                     /usr/lib/libgthread-2.0.so.0.3200.3
7ffa8ab3b000-7ffa8ab3c000 r--p 00000000 08:06 528046                     /usr/lib/libgthread-2.0.so.0.3200.3
7ffa8ab3c000-7ffa8ab3d000 rw-p 00001000 08:06 528046                     /usr/lib/libgthread-2.0.so.0.3200.3
7ffa8ab3d000-7ffa8ab40000 r-xp 00000000 08:06 528042                     /usr/lib/libgmodule-2.0.so.0.3200.3
7ffa8ab40000-7ffa8ad3f000 ---p 00003000 08:06 528042                     /usr/lib/libgmodule-2.0.so.0.3200.3
7ffa8ad3f000-7ffa8ad40000 r--p 00002000 08:06 528042                     /usr/lib/libgmodule-2.0.so.0.3200.3
7ffa8ad40000-7ffa8ad41000 rw-p 00003000 08:06 528042                     /usr/lib/libgmodule-2.0.so.0.3200.3
7ffa8ad41000-7ffa8ad8d000 r-xp 00000000 08:06 528048                     /usr/lib/libgobject-2.0.so.0.3200.3
7ffa8ad8d000-7ffa8af8d000 ---p 0004c000 08:06 528048                     /usr/lib/libgobject-2.0.so.0.3200.3
7ffa8af8d000-7ffa8af8e000 r--p 0004c000 08:06 528048                     /usr/lib/libgobject-2.0.so.0.3200.3
7ffa8af8e000-7ffa8af8f000 rw-p 0004d000 08:06 528048                     /usr/lib/libgobject-2.0.so.0.3200.3
7ffa8af8f000-7ffa8afc3000 r-xp 00000000 08:06 534580                     /usr/lib/libfontconfig.so.1.4.4
7ffa8afc3000-7ffa8b1c3000 ---p 00034000 08:06 534580                     /usr/lib/libfontconfig.so.1.4.4
7ffa8b1c3000-7ffa8b1c4000 r--p 00034000 08:06 534580                     /usr/lib/libfontconfig.so.1.4.4
7ffa8b1c4000-7ffa8b1c5000 rw-p 00035000 08:06 534580                     /usr/lib/libfontconfig.so.1.4.4
7ffa8b1c5000-7ffa8b25e000 r-xp 00000000 08:06 533427                     /usr/lib/libfreetype.so.6.8.1
7ffa8b25e000-7ffa8b45d000 ---p 00099000 08:06 533427                     /usr/lib/libfreetype.so.6.8.1
7ffa8b45d000-7ffa8b463000 r--p 00098000 08:06 533427                     /usr/lib/libfreetype.so.6.8.1
7ffa8b463000-7ffa8b464000 rw-p 0009e000 08:06 533427                     /usr/lib/libfreetype.so.6.8.1
7ffa8b464000-7ffa8b4ac000 r-xp 00000000 08:06 533234                     /usr/lib/libpango-1.0.so.0.3000.0
7ffa8b4ac000-7ffa8b6ac000 ---p 00048000 08:06 533234                     /usr/lib/libpango-1.0.so.0.3000.0
7ffa8b6ac000-7ffa8b6ae000 r--p 00048000 08:06 533234                     /usr/lib/libpango-1.0.so.0.3000.0
7ffa8b6ae000-7ffa8b6af000 rw-p 0004a000 08:06 533234                     /usr/lib/libpango-1.0.so.0.3000.0
7ffa8b6af000-7ffa8b79f000 r-xp 00000000 08:06 527614                     /usr/lib/libcairo.so.2.11200.2
7ffa8b79f000-7ffa8b99f000 ---p 000f0000 08:06 527614                     /usr/lib/libcairo.so.2.11200.2
7ffa8b99f000-7ffa8b9a3000 rw-p 000f0000 08:06 527614                     /usr/lib/libcairo.so.2.11200.2
7ffa8b9a3000-7ffa8b9a4000 rw-p 00000000 00:00 0 
7ffa8b9a4000-7ffa8b9c5000 r-xp 00000000 08:06 532661                     /usr/lib/libgdk_pixbuf-2.0.so.0.2600.1
7ffa8b9c5000-7ffa8bbc4000 ---p 00021000 08:06 532661                     /usr/lib/libgdk_pixbuf-2.0.so.0.2600.1
7ffa8bbc4000-7ffa8bbc5000 r--p 00020000 08:06 532661                     /usr/lib/libgdk_pixbuf-2.0.so.0.2600.1
7ffa8bbc5000-7ffa8bbc6000 rw-p 00021000 08:06 532661                     /usr/lib/libgdk_pixbuf-2.0.so.0.2600.1
7ffa8bbc6000-7ffa8bbd1000 r-xp 00000000 08:06 533238                     /usr/lib/libpangocairo-1.0.so.0.3000.0
7ffa8bbd1000-7ffa8bdd1000 ---p 0000b000 08:06 533238                     /usr/lib/libpangocairo-1.0.so.0.3000.0
7ffa8bdd1000-7ffa8bdd2000 r--p 0000b000 08:06 533238                     /usr/lib/libpangocairo-1.0.so.0.3000.0
7ffa8bdd2000-7ffa8bdd3000 rw-p 0000c000 08:06 533238                     /usr/lib/libpangocairo-1.0.so.0.3000.0
7ffa8bdd3000-7ffa8bdfe000 r-xp 00000000 08:06 533236                     /usr/lib/libpangoft2-1.0.so.0.3000.0
7ffa8bdfe000-7ffa8bffe000 ---p 0002b000 08:06 533236                     /usr/lib/libpangoft2-1.0.so.0.3000.0
7ffa8bffe000-7ffa8bfff000 r--p 0002b000 08:06 533236                     /usr/lib/libpangoft2-1.0.so.0.3000.0
7ffa8bfff000-7ffa8c000000 rw-p 0002c000 08:06 533236                     /usr/lib/libpangoft2-1.0.so.0.3000.0
7ffa8c000000-7ffa8c021000 rw-p 00000000 00:00 0 
7ffa8c021000-7ffa90000000 ---p 00000000 00:00 0 
7ffa90009000-7ffa90010000 r-xp 00000000 08:06 526968                     /usr/lib/libatiuki.so.1.0
7ffa90010000-7ffa90110000 ---p 00007000 08:06 526968                     /usr/lib/libatiuki.so.1.0
7ffa90110000-7ffa90111000 rw-p 00007000 08:06 526968                     /usr/lib/libatiuki.so.1.0
7ffa90111000-7ffa90112000 rw-p 00000000 00:00 0 
7ffa90112000-7ffa90257000 r-xp 00000000 08:06 528051                     /usr/lib/libgio-2.0.so.0.3200.3
7ffa90257000-7ffa90457000 ---p 00145000 08:06 528051                     /usr/lib/libgio-2.0.so.0.3200.3
7ffa90457000-7ffa9045b000 r--p 00145000 08:06 528051                     /usr/lib/libgio-2.0.so.0.3200.3
7ffa9045b000-7ffa9045d000 rw-p 00149000 08:06 528051                     /usr/lib/libgio-2.0.so.0.3200.3
7ffa9045d000-7ffa9045f000 rw-p 00000000 00:00 0 
7ffa9045f000-7ffa9047f000 r-xp 00000000 08:06 533187                     /usr/lib/libatk-1.0.so.0.20409.1
7ffa9047f000-7ffa9067f000 ---p 00020000 08:06 533187                     /usr/lib/libatk-1.0.so.0.20409.1
7ffa9067f000-7ffa90681000 r--p 00020000 08:06 533187                     /usr/lib/libatk-1.0.so.0.20409.1
7ffa90681000-7ffa90682000 rw-p 00022000 08:06 533187                     /usr/lib/libatk-1.0.so.0.20409.1
7ffa90682000-7ffa9072f000 r-xp 00000000 08:06 523419                     /usr/lib/libgdk-x11-2.0.so.0.2400.10
7ffa9072f000-7ffa9092f000 ---p 000ad000 08:06 523419                     /usr/lib/libgdk-x11-2.0.so.0.2400.10
7ffa9092f000-7ffa90933000 r--p 000ad000 08:06 523419                     /usr/lib/libgdk-x11-2.0.so.0.2400.10
7ffa90933000-7ffa90935000 rw-p 000b1000 08:06 523419                     /usr/lib/libgdk-x11-2.0.so.0.2400.10
7ffa90935000-7ffa90d57000 r-xp 00000000 08:06 523420                     /usr/lib/libgtk-x11-2.0.so.0.2400.10
7ffa90d57000-7ffa90f57000 ---p 00422000 08:06 523420                     /usr/lib/libgtk-x11-2.0.so.0.2400.10
7ffa90f57000-7ffa90f5e000 r--p 00422000 08:06 523420                     /usr/lib/libgtk-x11-2.0.so.0.2400.10
7ffa90f5e000-7ffa90f62000 rw-p 00429000 08:06 523420                     /usr/lib/libgtk-x11-2.0.so.0.2400.10
7ffa90f62000-7ffa90f64000 rw-p 00000000 00:00 0 
7ffa90f64000-7ffa90f72000 r-xp 00000000 08:06 526751                     /usr/lib/libXi.so.6.1.0
7ffa90f72000-7ffa91171000 ---p 0000e000 08:06 526751                     /usr/lib/libXi.so.6.1.0
7ffa91171000-7ffa91172000 r--p 0000d000 08:06 526751                     /usr/lib/libXi.so.6.1.0
7ffa91172000-7ffa91173000 rw-p 0000e000 08:06 526751                     /usr/lib/libXi.so.6.1.0
7ffa91173000-7ffa91178000 r-xp 00000000 08:06 523793                     /usr/lib/libXtst.so.6.1.0
7ffa91178000-7ffa91378000 ---p 00005000 08:06 523793                     /usr/lib/libXtst.so.6.1.0
7ffa91378000-7ffa91379000 r--p 00005000 08:06 523793                     /usr/lib/libXtst.so.6.1.0
7ffa91379000-7ffa9137a000 rw-p 00006000 08:06 523793                     /usr/lib/libXtst.so.6.1.0
7ffa9137a000-7ffa91384000 r-xp 00000000 08:06 529110                     /usr/lib/libXrender.so.1.3.0
7ffa91384000-7ffa91583000 ---p 0000a000 08:06 529110                     /usr/lib/libXrender.so.1.3.0
7ffa91583000-7ffa91584000 r--p 00009000 08:06 529110                     /usr/lib/libXrender.so.1.3.0
7ffa91584000-7ffa91585000 rw-p 0000a000 08:06 529110                     /usr/lib/libXrender.so.1.3.0
7ffa91585000-7ffa916b9000 r-xp 00000000 08:06 531386                     /usr/lib/libX11.so.6.3.0
7ffa916b9000-7ffa918b9000 ---p 00134000 08:06 531386                     /usr/lib/libX11.so.6.3.0
7ffa918b9000-7ffa918ba000 r--p 00134000 08:06 531386                     /usr/lib/libX11.so.6.3.0
7ffa918ba000-7ffa918bf000 rw-p 00135000 08:06 531386                     /usr/lib/libX11.so.6.3.0
7ffa918bf000-7ffa918d1000 r-xp 00000000 08:06 523664                     /usr/lib/libXext.so.6.4.0
7ffa918d1000-7ffa91ad0000 ---p 00012000 08:06 523664                     /usr/lib/libXext.so.6.4.0
7ffa91ad0000-7ffa91ad1000 r--p 00011000 08:06 523664                     /usr/lib/libXext.so.6.4.0
7ffa91ad1000-7ffa91ad2000 rw-p 00012000 08:06 523664                     /usr/lib/libXext.so.6.4.0
7ffa91ad2000-7ffa91b24000 r-xp 00000000 08:06 533913                     /usr/lib/jvm/java-7-openjdk/jre/lib/amd64/xawt/libmawt.so
7ffa91b24000-7ffa91d23000 ---p 00052000 08:06 533913                     /usr/lib/jvm/java-7-openjdk/jre/lib/amd64/xawt/libmawt.so
7ffa91d23000-7ffa91d27000 rw-p 00051000 08:06 533913                     /usr/lib/jvm/java-7-openjdk/jre/lib/amd64/xawt/libmawt.so
7ffa91d27000-7ffa91d28000 rw-p 00000000 00:00 0 
7ffa91d28000-7ffa91dca000 r-xp 00000000 08:06 525820                     /usr/lib/jvm/java-7-openjdk/jre/lib/amd64/libawt.so
7ffa91dca000-7ffa91fca000 ---p 000a2000 08:06 525820                     /usr/lib/jvm/java-7-openjdk/jre/lib/amd64/libawt.so
7ffa91fca000-7ffa91fd6000 rw-p 000a2000 08:06 525820                     /usr/lib/jvm/java-7-openjdk/jre/lib/amd64/libawt.so
7ffa91fd6000-7ffa91ffa000 rw-p 00000000 00:00 0 
7ffa91ffa000-7ffa91ffb000 ---p 00000000 00:00 0 
7ffa91ffb000-7ffa920fb000 rw-p 00000000 00:00 0 
7ffa920fb000-7ffa920fe000 ---p 00000000 00:00 0 
7ffa920fe000-7ffa921fc000 rw-p 00000000 00:00 0 
7ffa921fc000-7ffa921ff000 ---p 00000000 00:00 0 
7ffa921ff000-7ffa922fd000 rw-p 00000000 00:00 0 
7ffa922fd000-7ffa92300000 ---p 00000000 00:00 0 
7ffa92300000-7ffa923fe000 rw-p 00000000 00:00 0 
7ffa923fe000-7ffa92401000 ---p 00000000 00:00 0 
7ffa92401000-7ffa924ff000 rw-p 00000000 00:00 0 
7ffa924ff000-7ffa928ab000 r--p 00000000 08:06 536728                     /usr/lib/locale/locale-archive
7ffa928ab000-7ffa928ae000 ---p 00000000 00:00 0 
7ffa928ae000-7ffa929ac000 rw-p 00000000 00:00 0 
7ffa929ac000-7ffa929af000 ---p 00000000 00:00 0 
7ffa929af000-7ffa92aad000 rw-p 00000000 00:00 0 
7ffa92aad000-7ffa92aae000 ---p 00000000 00:00 0 
7ffa92aae000-7ffa9311f000 rw-p 00000000 00:00 0 
7ffa9311f000-7ffa932ce000 r--s 03e7b000 08:06 524045                     /usr/lib/jvm/java-7-openjdk/jre/lib/rt.jar
7ffa932ce000-7ffa93321000 rw-p 00000000 00:00 0 
7ffa93321000-7ffa937f4000 rw-p 00000000 00:00 0 
7ffa937f4000-7ffa937ff000 rw-p 00000000 00:00 0 
7ffa937ff000-7ffa93847000 rw-p 00000000 00:00 0 
7ffa93847000-7ffa9389a000 rw-p 00000000 00:00 0 
7ffa9389a000-7ffa93d6c000 rw-p 00000000 00:00 0 
7ffa93d6c000-7ffa93d96000 rw-p 00000000 00:00 0 
7ffa93d96000-7ffa93fff000 rw-p 00000000 00:00 0 
7ffa93fff000-7ffa94000000 rw-p 00000000 00:00 0 
7ffa94000000-7ffa944ef000 rw-p 00000000 00:00 0 
7ffa944ef000-7ffa98000000 ---p 00000000 00:00 0 
7ffa9800f000-7ffa98013000 r--s 000a0000 08:06 523715                     /usr/lib/jvm/java-7-openjdk/jre/lib/jsse.jar
7ffa98013000-7ffa98014000 r--s 00000000 00:11 27270                      /home/tobi/.fontconfig/5604230ae2129cf9aeedc64ab4ef6938-le64.cache-3
7ffa98014000-7ffa9802a000 r--s 00000000 08:07 22836                      /var/cache/fontconfig/8d4af663993b81a124ee82e610bb31f9-le64.cache-3
7ffa9802a000-7ffa98033000 r--s 00000000 08:07 26938                      /var/cache/fontconfig/d62e99ef547d1d24cdb1bd22ec1a2976-le64.cache-3
7ffa98033000-7ffa9805b000 rw-p 00000000 00:00 0 
7ffa9805b000-7ffa9805c000 ---p 00000000 00:00 0 
7ffa9805c000-7ffa9815c000 rw-p 00000000 00:00 0 
7ffa9815c000-7ffa9815d000 ---p 00000000 00:00 0 
7ffa9815d000-7ffa9825d000 rw-p 00000000 00:00 0 
7ffa9825d000-7ffa9825e000 ---p 00000000 00:00 0 
7ffa9825e000-7ffa9835e000 rw-p 00000000 00:00 0 
7ffa9835e000-7ffa9835f000 ---p 00000000 00:00 0 
7ffa9835f000-7ffa9846a000 rw-p 00000000 00:00 0 
7ffa9846a000-7ffa984b2000 rw-p 00000000 00:00 0 
7ffa984b2000-7ffa98722000 rwxp 00000000 00:00 0 
7ffa98722000-7ffa9b4b2000 rw-p 00000000 00:00 0 
7ffa9b4b2000-7ffa9b4ba000 r-xp 00000000 08:06 525197                     /usr/lib/jvm/java-7-openjdk/jre/lib/amd64/libzip.so
7ffa9b4ba000-7ffa9b6b9000 ---p 00008000 08:06 525197                     /usr/lib/jvm/java-7-openjdk/jre/lib/amd64/libzip.so
7ffa9b6b9000-7ffa9b6ba000 rw-p 00007000 08:06 525197                     /usr/lib/jvm/java-7-openjdk/jre/lib/amd64/libzip.so
7ffa9b6ba000-7ffa9b6c6000 r-xp 00000000 08:06 1309                       /lib/libnss_files-2.15.so
7ffa9b6c6000-7ffa9b8c5000 ---p 0000c000 08:06 1309                       /lib/libnss_files-2.15.so
7ffa9b8c5000-7ffa9b8c6000 r--p 0000b000 08:06 1309                       /lib/libnss_files-2.15.so
7ffa9b8c6000-7ffa9b8c7000 rw-p 0000c000 08:06 1309                       /lib/libnss_files-2.15.so
7ffa9b8c7000-7ffa9b8f0000 r-xp 00000000 08:06 525207                     /usr/lib/jvm/java-7-openjdk/jre/lib/amd64/libjava.so
7ffa9b8f0000-7ffa9baef000 ---p 00029000 08:06 525207                     /usr/lib/jvm/java-7-openjdk/jre/lib/amd64/libjava.so
7ffa9baef000-7ffa9baf1000 rw-p 00028000 08:06 525207                     /usr/lib/jvm/java-7-openjdk/jre/lib/amd64/libjava.so
7ffa9baf1000-7ffa9baff000 r-xp 00000000 08:06 525194                     /usr/lib/jvm/java-7-openjdk/jre/lib/amd64/libverify.so
7ffa9baff000-7ffa9bcfe000 ---p 0000e000 08:06 525194                     /usr/lib/jvm/java-7-openjdk/jre/lib/amd64/libverify.so
7ffa9bcfe000-7ffa9bd00000 rw-p 0000d000 08:06 525194                     /usr/lib/jvm/java-7-openjdk/jre/lib/amd64/libverify.so
7ffa9bd00000-7ffa9bd07000 r-xp 00000000 08:06 1288                       /lib/librt-2.15.so
7ffa9bd07000-7ffa9bf06000 ---p 00007000 08:06 1288                       /lib/librt-2.15.so
7ffa9bf06000-7ffa9bf07000 r--p 00006000 08:06 1288                       /lib/librt-2.15.so
7ffa9bf07000-7ffa9bf08000 rw-p 00007000 08:06 1288                       /lib/librt-2.15.so
7ffa9bf08000-7ffa9bf1d000 r-xp 00000000 08:06 526089                     /usr/lib/libgcc_s.so.1
7ffa9bf1d000-7ffa9c11c000 ---p 00015000 08:06 526089                     /usr/lib/libgcc_s.so.1
7ffa9c11c000-7ffa9c11d000 rw-p 00014000 08:06 526089                     /usr/lib/libgcc_s.so.1
7ffa9c11d000-7ffa9c210000 r-xp 00000000 08:06 1293                       /lib/libm-2.15.so
7ffa9c210000-7ffa9c410000 ---p 000f3000 08:06 1293                       /lib/libm-2.15.so
7ffa9c410000-7ffa9c411000 r--p 000f3000 08:06 1293                       /lib/libm-2.15.so
7ffa9c411000-7ffa9c412000 rw-p 000f4000 08:06 1293                       /lib/libm-2.15.so
7ffa9c412000-7ffa9c4f7000 r-xp 00000000 08:06 526567                     /usr/lib/libstdc++.so.6.0.17
7ffa9c4f7000-7ffa9c6f7000 ---p 000e5000 08:06 526567                     /usr/lib/libstdc++.so.6.0.17
7ffa9c6f7000-7ffa9c6ff000 r--p 000e5000 08:06 526567                     /usr/lib/libstdc++.so.6.0.17
7ffa9c6ff000-7ffa9c701000 rw-p 000ed000 08:06 526567                     /usr/lib/libstdc++.so.6.0.17
7ffa9c701000-7ffa9c716000 rw-p 00000000 00:00 0 
7ffa9c716000-7ffa9d0a9000 r-xp 00000000 08:06 525849                     /usr/lib/jvm/java-7-openjdk/jre/lib/amd64/server/libjvm.so
7ffa9d0a9000-7ffa9d2a9000 ---p 00993000 08:06 525849                     /usr/lib/jvm/java-7-openjdk/jre/lib/amd64/server/libjvm.so
7ffa9d2a9000-7ffa9d345000 rw-p 00993000 08:06 525849                     /usr/lib/jvm/java-7-openjdk/jre/lib/amd64/server/libjvm.so
7ffa9d345000-7ffa9d36f000 rw-p 00000000 00:00 0 
7ffa9d36f000-7ffa9d506000 r-xp 00000000 08:06 1304                       /lib/libc-2.15.so
7ffa9d506000-7ffa9d706000 ---p 00197000 08:06 1304                       /lib/libc-2.15.so
7ffa9d706000-7ffa9d70a000 r--p 00197000 08:06 1304                       /lib/libc-2.15.so
7ffa9d70a000-7ffa9d70c000 rw-p 0019b000 08:06 1304                       /lib/libc-2.15.so
7ffa9d70c000-7ffa9d710000 rw-p 00000000 00:00 0 
7ffa9d710000-7ffa9d713000 r-xp 00000000 08:06 1292                       /lib/libdl-2.15.so
7ffa9d713000-7ffa9d912000 ---p 00003000 08:06 1292                       /lib/libdl-2.15.so
7ffa9d912000-7ffa9d913000 r--p 00002000 08:06 1292                       /lib/libdl-2.15.so
7ffa9d913000-7ffa9d914000 rw-p 00003000 08:06 1292                       /lib/libdl-2.15.so
7ffa9d914000-7ffa9d929000 r-xp 00000000 08:06 528979                     /usr/lib/libz.so.1.2.7
7ffa9d929000-7ffa9db28000 ---p 00015000 08:06 528979                     /usr/lib/libz.so.1.2.7
7ffa9db28000-7ffa9db29000 r--p 00014000 08:06 528979                     /usr/lib/libz.so.1.2.7
7ffa9db29000-7ffa9db2a000 rw-p 00015000 08:06 528979                     /usr/lib/libz.so.1.2.7
7ffa9db2a000-7ffa9db36000 r-xp 00000000 08:06 526062                     /usr/lib/jvm/java-7-openjdk/jre/lib/amd64/jli/libjli.so
7ffa9db36000-7ffa9dd36000 ---p 0000c000 08:06 526062                     /usr/lib/jvm/java-7-openjdk/jre/lib/amd64/jli/libjli.so
7ffa9dd36000-7ffa9dd37000 rw-p 0000c000 08:06 526062                     /usr/lib/jvm/java-7-openjdk/jre/lib/amd64/jli/libjli.so
7ffa9dd37000-7ffa9dd4e000 r-xp 00000000 08:06 929                        /lib/libpthread-2.15.so
7ffa9dd4e000-7ffa9df4d000 ---p 00017000 08:06 929                        /lib/libpthread-2.15.so
7ffa9df4d000-7ffa9df4e000 r--p 00016000 08:06 929                        /lib/libpthread-2.15.so
7ffa9df4e000-7ffa9df4f000 rw-p 00017000 08:06 929                        /lib/libpthread-2.15.so
7ffa9df4f000-7ffa9df53000 rw-p 00000000 00:00 0 
7ffa9df53000-7ffa9df74000 r-xp 00000000 08:06 1312                       /lib/ld-2.15.so
7ffa9df74000-7ffa9df7d000 r--s 00263000 08:06 523786                     /usr/lib/jvm/java-7-openjdk/jre/lib/resources.jar
7ffa9df7d000-7ffa9df87000 rw-p 00000000 00:00 0 
7ffa9df87000-7ffa9e03d000 rw-p 00000000 00:00 0 
7ffa9e03d000-7ffa9e040000 ---p 00000000 00:00 0 
7ffa9e040000-7ffa9e143000 rw-p 00000000 00:00 0 
7ffa9e143000-7ffa9e144000 rw-s 00005000 00:05 10083                      /dev/ati/card1
7ffa9e144000-7ffa9e164000 rw-s feae0000 00:05 10083                      /dev/ati/card1
7ffa9e164000-7ffa9e166000 rw-s 00002000 00:05 10083                      /dev/ati/card1
7ffa9e166000-7ffa9e169000 r--s 0000f000 08:06 526356                     /usr/lib/jvm/java-7-openjdk/jre/lib/ext/pulse-java.jar
7ffa9e169000-7ffa9e171000 rw-s 00000000 08:06 527780                     /tmp/hsperfdata_tobi/5966 (deleted)
7ffa9e171000-7ffa9e172000 rw-p 00000000 00:00 0 
7ffa9e172000-7ffa9e173000 ---p 00000000 00:00 0 
7ffa9e173000-7ffa9e174000 rw-p 00000000 00:00 0 
7ffa9e174000-7ffa9e175000 r--p 00021000 08:06 1312                       /lib/ld-2.15.so
7ffa9e175000-7ffa9e176000 rw-p 00022000 08:06 1312                       /lib/ld-2.15.so
7ffa9e176000-7ffa9e177000 rw-p 00000000 00:00 0 
7fffb9f4f000-7fffb9f70000 rw-p 00000000 00:00 0                          [stack]
7fffb9fff000-7fffba000000 r-xp 00000000 00:00 0                          [vdso]
ffffffffff600000-ffffffffff601000 r-xp 00000000 00:00 0                  [vsyscall]

VM Arguments:
jvm_args: -Dsun.java2d.opengl=True -Dfile.encoding=UTF-8 
java_command: bombi.BombiGui
Launcher Type: SUN_STANDARD

Environment Variables:
JAVA_HOME=/usr/lib/jvm/java-7-openjdk
PATH=/usr/local/bin:/usr/bin:/bin:/usr/local/sbin:/usr/sbin:/sbin:/opt/android-sdk/platform-tools:/opt/android-sdk/tools:/usr/bin/vendor_perl:/usr/bin/core_perl
SHELL=/bin/bash
DISPLAY=:0.0

Signal Handlers:
SIGSEGV: [libjvm.so+0x807d30], sa_mask[0]=0x7ffbfeff, sa_flags=0x10000004
SIGBUS: [libjvm.so+0x807d30], sa_mask[0]=0x7ffbfeff, sa_flags=0x10000004
SIGFPE: [libjvm.so+0x6ac970], sa_mask[0]=0x7ffbfeff, sa_flags=0x10000004
SIGPIPE: [libjvm.so+0x6ac970], sa_mask[0]=0x7ffbfeff, sa_flags=0x10000004
SIGXFSZ: [libjvm.so+0x6ac970], sa_mask[0]=0x7ffbfeff, sa_flags=0x10000004
SIGILL: [libjvm.so+0x6ac970], sa_mask[0]=0x7ffbfeff, sa_flags=0x10000004
SIGUSR1: SIG_DFL, sa_mask[0]=0x00000000, sa_flags=0x00000000
SIGUSR2: [libjvm.so+0x6acd40], sa_mask[0]=0x00000004, sa_flags=0x10000004
SIGHUP: [libjvm.so+0x6ace80], sa_mask[0]=0x7ffbfeff, sa_flags=0x10000004
SIGINT: [libjvm.so+0x6ace80], sa_mask[0]=0x7ffbfeff, sa_flags=0x10000004
SIGTERM: [libjvm.so+0x6ace80], sa_mask[0]=0x7ffbfeff, sa_flags=0x10000004
SIGQUIT: [libjvm.so+0x6ace80], sa_mask[0]=0x7ffbfeff, sa_flags=0x10000004


---------------  S Y S T E M  ---------------

OS:Linux
uname:Linux 3.3.6-1-ARCH #1 SMP PREEMPT Sun May 13 10:52:32 CEST 2012 x86_64
libc:glibc 2.15 NPTL 2.15 
rlimit: STACK 8192k, CORE 0k, NPROC 125839, NOFILE 4096, AS infinity
load average:1.54 1.62 1.49

/proc/meminfo:
MemTotal:       16180360 kB
MemFree:         8284888 kB
Buffers:         1682796 kB
Cached:          3900296 kB
SwapCached:            0 kB
Active:          2829744 kB
Inactive:        4336612 kB
Active(anon):    1584028 kB
Inactive(anon):    53364 kB
Active(file):    1245716 kB
Inactive(file):  4283248 kB
Unevictable:           0 kB
Mlocked:               0 kB
SwapTotal:             0 kB
SwapFree:              0 kB
Dirty:               244 kB
Writeback:             0 kB
AnonPages:       1574636 kB
Mapped:           304672 kB
Shmem:             54336 kB
Slab:             351096 kB
SReclaimable:     317640 kB
SUnreclaim:        33456 kB
KernelStack:        4272 kB
PageTables:        39964 kB
NFS_Unstable:          0 kB
Bounce:                0 kB
WritebackTmp:          0 kB
CommitLimit:     8090180 kB
Committed_AS:    3371600 kB
VmallocTotal:   34359738367 kB
VmallocUsed:      361360 kB
VmallocChunk:   34359373283 kB
HardwareCorrupted:     0 kB
AnonHugePages:    890880 kB
HugePages_Total:       0
HugePages_Free:        0
HugePages_Rsvd:        0
HugePages_Surp:        0
Hugepagesize:       2048 kB
DirectMap4k:       96768 kB
DirectMap2M:     5931008 kB
DirectMap1G:    10485760 kB


CPU:total 4 (4 cores per cpu, 1 threads per core) family 16 model 5 stepping 2, cmov, cx8, fxsr, mmx, sse, sse2, sse3, popcnt, mmxext, 3dnowpref, lzcnt, sse4a

/proc/cpuinfo:
processor	: 0
vendor_id	: AuthenticAMD
cpu family	: 16
model		: 5
model name	: AMD Athlon(tm) II X4 620 Processor
stepping	: 2
microcode	: 0x10000c6
cpu MHz		: 800.000
cache size	: 512 KB
physical id	: 0
siblings	: 4
core id		: 0
cpu cores	: 4
apicid		: 0
initial apicid	: 0
fpu		: yes
fpu_exception	: yes
cpuid level	: 5
wp		: yes
flags		: fpu vme de pse tsc msr pae mce cx8 apic sep mtrr pge mca cmov pat pse36 clflush mmx fxsr sse sse2 ht syscall nx mmxext fxsr_opt pdpe1gb rdtscp lm 3dnowext 3dnow constant_tsc rep_good nopl nonstop_tsc extd_apicid pni monitor cx16 popcnt lahf_lm cmp_legacy svm extapic cr8_legacy abm sse4a misalignsse 3dnowprefetch osvw ibs skinit wdt nodeid_msr npt lbrv svm_lock nrip_save
bogomips	: 5225.31
TLB size	: 1024 4K pages
clflush size	: 64
cache_alignment	: 64
address sizes	: 48 bits physical, 48 bits virtual
power management: ts ttp tm stc 100mhzsteps hwpstate

processor	: 1
vendor_id	: AuthenticAMD
cpu family	: 16
model		: 5
model name	: AMD Athlon(tm) II X4 620 Processor
stepping	: 2
microcode	: 0x10000c6
cpu MHz		: 2600.000
cache size	: 512 KB
physical id	: 0
siblings	: 4
core id		: 1
cpu cores	: 4
apicid		: 1
initial apicid	: 1
fpu		: yes
fpu_exception	: yes
cpuid level	: 5
wp		: yes
flags		: fpu vme de pse tsc msr pae mce cx8 apic sep mtrr pge mca cmov pat pse36 clflush mmx fxsr sse sse2 ht syscall nx mmxext fxsr_opt pdpe1gb rdtscp lm 3dnowext 3dnow constant_tsc rep_good nopl nonstop_tsc extd_apicid pni monitor cx16 popcnt lahf_lm cmp_legacy svm extapic cr8_legacy abm sse4a misalignsse 3dnowprefetch osvw ibs skinit wdt nodeid_msr npt lbrv svm_lock nrip_save
bogomips	: 5225.31
TLB size	: 1024 4K pages
clflush size	: 64
cache_alignment	: 64
address sizes	: 48 bits physical, 48 bits virtual
power management: ts ttp tm stc 100mhzsteps hwpstate

processor	: 2
vendor_id	: AuthenticAMD
cpu family	: 16
model		: 5
model name	: AMD Athlon(tm) II X4 620 Processor
stepping	: 2
microcode	: 0x10000c6
cpu MHz		: 800.000
cache size	: 512 KB
physical id	: 0
siblings	: 4
core id		: 2
cpu cores	: 4
apicid		: 2
initial apicid	: 2
fpu		: yes
fpu_exception	: yes
cpuid level	: 5
wp		: yes
flags		: fpu vme de pse tsc msr pae mce cx8 apic sep mtrr pge mca cmov pat pse36 clflush mmx fxsr sse sse2 ht syscall nx mmxext fxsr_opt pdpe1gb rdtscp lm 3dnowext 3dnow constant_tsc rep_good nopl nonstop_tsc extd_apicid pni monitor cx16 popcnt lahf_lm cmp_legacy svm extapic cr8_legacy abm sse4a misalignsse 3dnowprefetch osvw ibs skinit wdt nodeid_msr npt lbrv svm_lock nrip_save
bogomips	: 5225.31
TLB size	: 1024 4K pages
clflush size	: 64
cache_alignment	: 64
address sizes	: 48 bits physical, 48 bits virtual
power management: ts ttp tm stc 100mhzsteps hwpstate

processor	: 3
vendor_id	: AuthenticAMD
cpu family	: 16
model		: 5
model name	: AMD Athlon(tm) II X4 620 Processor
stepping	: 2
microcode	: 0x10000c6
cpu MHz		: 1400.000
cache size	: 512 KB
physical id	: 0
siblings	: 4
core id		: 3
cpu cores	: 4
apicid		: 3
initial apicid	: 3
fpu		: yes
fpu_exception	: yes
cpuid level	: 5
wp		: yes
flags		: fpu vme de pse tsc msr pae mce cx8 apic sep mtrr pge mca cmov pat pse36 clflush mmx fxsr sse sse2 ht syscall nx mmxext fxsr_opt pdpe1gb rdtscp lm 3dnowext 3dnow constant_tsc rep_good nopl nonstop_tsc extd_apicid pni monitor cx16 popcnt lahf_lm cmp_legacy svm extapic cr8_legacy abm sse4a misalignsse 3dnowprefetch osvw ibs skinit wdt nodeid_msr npt lbrv svm_lock nrip_save
bogomips	: 5225.31
TLB size	: 1024 4K pages
clflush size	: 64
cache_alignment	: 64
address sizes	: 48 bits physical, 48 bits virtual
power management: ts ttp tm stc 100mhzsteps hwpstate



Memory: 4k page, physical 16180360k(8284888k free), swap 0k(0k free)

vm_info: OpenJDK 64-Bit Server VM (22.0-b10) for linux-amd64 JRE (1.7.0_03-b147), built on Mar  6 2012 20:02:29 by "nobody" with gcc 4.6.3

time: Fri May 18 20:45:13 2012
elapsed time: 9 seconds

