#
# A fatal error has been detected by the Java Runtime Environment:
#
#  SIGSEGV (0xb) at pc=0x00007fd8aac0e2a8, pid=9955, tid=140568644695808
#
# JRE version: 7.0_03-b147
# Java VM: OpenJDK 64-Bit Server VM (22.0-b10 mixed mode linux-amd64 compressed oops)
# Derivative: IcedTea7 2.1
# Distribution: Custom build (Tue Mar  6 19:52:34 UTC 2012)
# Problematic frame:
# C  [libX11.so.6+0x382a8]  XQueryExtension+0x28
#
# Failed to write core dump. Core dumps have been disabled. To enable core dumping, try "ulimit -c unlimited" before starting Java again
#
# If you would like to submit a bug report, please include
# instructions on how to reproduce the bug and visit:
#   http://icedtea.classpath.org/bugzilla
#

---------------  T H R E A D  ---------------

Current thread (0x00007fd8b409d000):  VMThread [stack: 0x00007fd8b0123000,0x00007fd8b0224000] [id=9966]

siginfo:si_signo=SIGSEGV: si_errno=0, si_code=1 (SEGV_MAPERR), si_addr=0xffffffffb41c7e28

Registers:
RAX=0x00007fd88c0008c0, RBX=0xffffffffb41c74c0, RCX=0x00007fd8b0222548, RDX=0x00007fd8b0222544
RSP=0x00007fd8b02224e0, RBP=0x00007fd89b5b5932, RSI=0x00007fd89b5b5932, RDI=0xffffffffb41c74c0
R8 =0x00007fd8b022254c, R9 =0x0000000000000000, R10=0x00007fd8b02223a0, R11=0x00007fd8baa51ad0
R12=0x0000000000000000, R13=0x00007fd89b5b5932, R14=0x00007fd88c0008c0, R15=0x0000000000000000
RIP=0x00007fd8aac0e2a8, EFLAGS=0x0000000000010202, CSGSFS=0x0000000000000033, ERR=0x0000000000000005
  TRAPNO=0x000000000000000e

Top of Stack: (sp=0x00007fd8b02224e0)
0x00007fd8b02224e0:   0000000000000000 00007fd8b0222550
0x00007fd8b02224f0:   00007fd8b0222551 00007fd8bb6163da
0x00007fd8b0222500:   0000000000000000 ffffffffb41c74c0
0x00007fd8b0222510:   00007fd89b5b5932 0000000000000000
0x00007fd8b0222520:   00007fd89b5b5932 00007fd88c0008c0
0x00007fd8b0222530:   0000000000000000 00007fd8aac02285
0x00007fd8b0222540:   0000000000000000 00007fd8baa96b20
0x00007fd8b0222550:   00007fd89b6ee520 ffffffffb41c74c0
0x00007fd8b0222560:   00007fd8b41cfd20 00007fd8aaf1eb1b
0x00007fd8b0222570:   00007fd800000005 0000001100000000
0x00007fd8b0222580:   00007fd800000005 0000000000000000
0x00007fd8b0222590:   00007fd8b0222600 ffffffffb41c74c0
0x00007fd8b02225a0:   00007fd8b0222778 00007fd8b0222890
0x00007fd8b02225b0:   00007fd89b707d50 00007fd89b55c119
0x00007fd8b02225c0:   0000000000000000 00007fd8b41cfdd0
0x00007fd8b02225d0:   00007fd8b0222600 00007fd89b96a008
0x00007fd8b02225e0:   00007fd8b0222778 00007fd8b0222890
0x00007fd8b02225f0:   00000000ffffffff 00007fd89b552b42
0x00007fd8b0222600:   00007fd8b0222900 00007fd89b5b58b1
0x00007fd8b0222610:   00007fd8b0222900 00007fd8bb60cf5f
0x00007fd8b0222620:   00007fd8bb821170 00007fd8bb821700
0x00007fd8b0222630:   00007fd8bb7ed000 00007fd8b4005900
0x00007fd8b0222640:   00007fd8b400a110 00007fd8b417b090
0x00007fd8b0222650:   00007fd8b417c510 00007fd8b417cea0
0x00007fd8b0222660:   00007fd8b417d3b0 00007fd8b417c9b0
0x00007fd8b0222670:   00007fd8b417d8c0 00007fd8b417e7d0
0x00007fd8b0222680:   00007fd8b417e2c0 00007fd8b417ece0
0x00007fd8b0222690:   00007fd8b417f1e0 00007fd8b417f6d0
0x00007fd8b02226a0:   00007fd8b41800f0 00007fd8b4181a30
0x00007fd8b02226b0:   00007fd8b4182b90 00007fd8b4183090
0x00007fd8b02226c0:   00007fd8b4183580 00007fd8b417c070
0x00007fd8b02226d0:   00007fd8b4183a80 00007fd8b4183f90 

Instructions: (pc=0x00007fd8aac0e2a8)
0x00007fd8aac0e288:   24 d8 48 89 fb 4c 89 64 24 e0 4c 89 6c 24 e8 48
0x00007fd8aac0e298:   89 f5 4c 89 74 24 f0 4c 89 7c 24 f8 48 83 ec 58
0x00007fd8aac0e2a8:   48 8b 87 68 09 00 00 49 89 d4 49 89 cd 4d 89 c6
0x00007fd8aac0e2b8:   48 85 c0 74 02 ff 10 ba 08 00 00 00 be 62 00 00 

Register to memory mapping:

RAX=0x00007fd88c0008c0 is an unknown value
RBX=0xffffffffb41c74c0 is an unknown value
RCX=0x00007fd8b0222548 is an unknown value
RDX=0x00007fd8b0222544 is an unknown value
RSP=0x00007fd8b02224e0 is an unknown value
RBP=0x00007fd89b5b5932: <offset 0x96932> in /usr/lib/libGL.so.1 at 0x00007fd89b51f000
RSI=0x00007fd89b5b5932: <offset 0x96932> in /usr/lib/libGL.so.1 at 0x00007fd89b51f000
RDI=0xffffffffb41c74c0 is an unknown value
R8 =0x00007fd8b022254c is an unknown value
R9 =0x0000000000000000 is an unknown value
R10=0x00007fd8b02223a0 is an unknown value
R11=0x00007fd8baa51ad0: __cxa_finalize+0 in /lib/libc.so.6 at 0x00007fd8baa1a000
R12=0x0000000000000000 is an unknown value
R13=0x00007fd89b5b5932: <offset 0x96932> in /usr/lib/libGL.so.1 at 0x00007fd89b51f000
R14=0x00007fd88c0008c0 is an unknown value
R15=0x0000000000000000 is an unknown value


Stack: [0x00007fd8b0123000,0x00007fd8b0224000],  sp=0x00007fd8b02224e0,  free space=1021k
Native frames: (J=compiled Java code, j=interpreted, Vv=VM code, C=native code)
C  [libX11.so.6+0x382a8]  XQueryExtension+0x28

VM_Operation (0x00007fd89824dfe0): Exit, mode: safepoint, requested by thread 0x00007fd8b44ce000


---------------  P R O C E S S  ---------------

Java Threads: ( => current thread )
  0x00007fd8b4006000 JavaThread "DestroyJavaVM" [_thread_blocked, id=9961, stack(0x00007fd8bb6e8000,0x00007fd8bb7e9000)]
  0x00007fd8b44d1000 JavaThread "Thread-0" [_thread_blocked, id=9979, stack(0x00007fd89804f000,0x00007fd898150000)]
  0x00007fd8b44ce000 JavaThread "AWT-EventQueue-0" [_thread_blocked, id=9978, stack(0x00007fd898150000,0x00007fd898251000)]
  0x00007fd8b44cc000 JavaThread "AWT-Shutdown" [_thread_blocked, id=9977, stack(0x00007fd898251000,0x00007fd898352000)]
  0x00007fd8b4437000 JavaThread "AWT-XAWT" daemon [_thread_blocked, id=9976, stack(0x00007fd898470000,0x00007fd898571000)]
  0x00007fd8b43ed000 JavaThread "Java2D Disposer" daemon [_thread_blocked, id=9975, stack(0x00007fd898571000,0x00007fd898672000)]
  0x00007fd8b43ea800 JavaThread "Java2D Queue Flusher" daemon [_thread_blocked, id=9974, stack(0x00007fd898672000,0x00007fd898773000)]
  0x00007fd8b4106000 JavaThread "Service Thread" daemon [_thread_blocked, id=9972, stack(0x00007fd8ab74f000,0x00007fd8ab850000)]
  0x00007fd8b4103800 JavaThread "C2 CompilerThread1" daemon [_thread_blocked, id=9971, stack(0x00007fd8ab850000,0x00007fd8ab951000)]
  0x00007fd8b4101000 JavaThread "C2 CompilerThread0" daemon [_thread_blocked, id=9970, stack(0x00007fd8ab951000,0x00007fd8aba52000)]
  0x00007fd8b40fe800 JavaThread "Signal Dispatcher" daemon [_thread_blocked, id=9969, stack(0x00007fd8aba52000,0x00007fd8abb53000)]
  0x00007fd8b40a8000 JavaThread "Finalizer" daemon [_thread_blocked, id=9968, stack(0x00007fd8abeff000,0x00007fd8ac000000)]
  0x00007fd8b40a5800 JavaThread "Reference Handler" daemon [_thread_blocked, id=9967, stack(0x00007fd8b0022000,0x00007fd8b0123000)]

Other Threads:
=>0x00007fd8b409d000 VMThread [stack: 0x00007fd8b0123000,0x00007fd8b0224000] [id=9966]

VM state:at safepoint (shutting down)

VM Mutex/Monitor currently owned by a thread:  ([mutex/lock_event])
[0x00007fd8b4003f50] Threads_lock - owner thread: 0x00007fd8b409d000

Heap
 PSYoungGen      total 73792K, used 52047K [0x00000007adab0000, 0x00000007b2d00000, 0x0000000800000000)
  eden space 63296K, 82% used [0x00000007adab0000,0x00000007b0d83c90,0x00000007b1880000)
  from space 10496K, 0% used [0x00000007b22c0000,0x00000007b22c0000,0x00000007b2d00000)
  to   space 10496K, 0% used [0x00000007b1880000,0x00000007b1880000,0x00000007b22c0000)
 PSOldGen        total 168576K, used 0K [0x0000000709000000, 0x00000007134a0000, 0x00000007adab0000)
  object space 168576K, 0% used [0x0000000709000000,0x0000000709000000,0x00000007134a0000)
 PSPermGen       total 21248K, used 10956K [0x00000006fea00000, 0x00000006ffec0000, 0x0000000709000000)
  object space 21248K, 51% used [0x00000006fea00000,0x00000006ff4b3260,0x00000006ffec0000)

Code Cache  [0x00007fd8b1000000, 0x00007fd8b1270000, 0x00007fd8b4000000)
 total_blobs=512 nmethods=76 adapters=390 free_code_cache=48426Kb largest_free_block=49563264

Dynamic libraries:
00400000-00401000 r-xp 00000000 08:06 533859                             /usr/lib/jvm/java-7-openjdk/jre/bin/java
00600000-00601000 rw-p 00000000 08:06 533859                             /usr/lib/jvm/java-7-openjdk/jre/bin/java
02466000-02487000 rw-p 00000000 00:00 0                                  [heap]
6fea00000-6ffec0000 rw-p 00000000 00:00 0 
6ffec0000-709000000 rw-p 00000000 00:00 0 
709000000-7134a0000 rw-p 00000000 00:00 0 
7134a0000-7adab0000 rw-p 00000000 00:00 0 
7adab0000-7b2d00000 rw-p 00000000 00:00 0 
7b2d00000-800000000 rw-p 00000000 00:00 0 
7fd84c000000-7fd84c021000 rw-p 00000000 00:00 0 
7fd84c021000-7fd850000000 ---p 00000000 00:00 0 
7fd85329a000-7fd85329d000 ---p 00000000 00:00 0 
7fd85329d000-7fd85339b000 rw-p 00000000 00:00 0 
7fd854000000-7fd854021000 rw-p 00000000 00:00 0 
7fd854021000-7fd858000000 ---p 00000000 00:00 0 
7fd85b39b000-7fd85b39e000 ---p 00000000 00:00 0 
7fd85b39e000-7fd85b49c000 rw-p 00000000 00:00 0 
7fd85b49c000-7fd85b69c000 rw-s 0543a000 00:05 1869                       /dev/ati/card1
7fd85b69c000-7fd85b89c000 rw-s 05438000 00:05 1869                       /dev/ati/card1
7fd85b89c000-7fd85b8ac000 r-xp 00000000 08:06 525189                     /usr/lib/jvm/java-7-openjdk/jre/lib/amd64/libnio.so
7fd85b8ac000-7fd85baac000 ---p 00010000 08:06 525189                     /usr/lib/jvm/java-7-openjdk/jre/lib/amd64/libnio.so
7fd85baac000-7fd85baad000 rw-p 00010000 08:06 525189                     /usr/lib/jvm/java-7-openjdk/jre/lib/amd64/libnio.so
7fd85baad000-7fd85bbad000 rw-s 05432000 00:05 1869                       /dev/ati/card1
7fd85bbad000-7fd85bbc2000 r-xp 00000000 08:06 525188                     /usr/lib/jvm/java-7-openjdk/jre/lib/amd64/libnet.so
7fd85bbc2000-7fd85bdc2000 ---p 00015000 08:06 525188                     /usr/lib/jvm/java-7-openjdk/jre/lib/amd64/libnet.so
7fd85bdc2000-7fd85bdc3000 rw-p 00015000 08:06 525188                     /usr/lib/jvm/java-7-openjdk/jre/lib/amd64/libnet.so
7fd85bdc3000-7fd85bdfd000 r-xp 00000000 08:06 525196                     /usr/lib/jvm/java-7-openjdk/jre/lib/amd64/libfontmanager.so
7fd85bdfd000-7fd85bffd000 ---p 0003a000 08:06 525196                     /usr/lib/jvm/java-7-openjdk/jre/lib/amd64/libfontmanager.so
7fd85bffd000-7fd85c000000 rw-p 0003a000 08:06 525196                     /usr/lib/jvm/java-7-openjdk/jre/lib/amd64/libfontmanager.so
7fd85c000000-7fd85c1c4000 rw-p 00000000 00:00 0 
7fd85c1c4000-7fd860000000 ---p 00000000 00:00 0 
7fd860000000-7fd860119000 rw-p 00000000 00:00 0 
7fd860119000-7fd864000000 ---p 00000000 00:00 0 
7fd864000000-7fd864021000 rw-p 00000000 00:00 0 
7fd864021000-7fd868000000 ---p 00000000 00:00 0 
7fd868000000-7fd868021000 rw-p 00000000 00:00 0 
7fd868021000-7fd86c000000 ---p 00000000 00:00 0 
7fd86c000000-7fd86c919000 rw-p 00000000 00:00 0 
7fd86c919000-7fd870000000 ---p 00000000 00:00 0 
7fd870000000-7fd870021000 rw-p 00000000 00:00 0 
7fd870021000-7fd874000000 ---p 00000000 00:00 0 
7fd874000000-7fd874021000 rw-p 00000000 00:00 0 
7fd874021000-7fd878000000 ---p 00000000 00:00 0 
7fd878000000-7fd878021000 rw-p 00000000 00:00 0 
7fd878021000-7fd87c000000 ---p 00000000 00:00 0 
7fd87c000000-7fd87c37a000 rw-p 00000000 00:00 0 
7fd87c37a000-7fd880000000 ---p 00000000 00:00 0 
7fd880000000-7fd8804f9000 rw-p 00000000 00:00 0 
7fd8804f9000-7fd884000000 ---p 00000000 00:00 0 
7fd884000000-7fd884021000 rw-p 00000000 00:00 0 
7fd884021000-7fd888000000 ---p 00000000 00:00 0 
7fd888000000-7fd888021000 rw-p 00000000 00:00 0 
7fd888021000-7fd88c000000 ---p 00000000 00:00 0 
7fd88c000000-7fd88c021000 rw-p 00000000 00:00 0 
7fd88c021000-7fd890000000 ---p 00000000 00:00 0 
7fd890000000-7fd890021000 rw-p 00000000 00:00 0 
7fd890021000-7fd894000000 ---p 00000000 00:00 0 
7fd894000000-7fd894021000 rw-p 00000000 00:00 0 
7fd894021000-7fd898000000 ---p 00000000 00:00 0 
7fd89804f000-7fd898052000 ---p 00000000 00:00 0 
7fd898052000-7fd898150000 rw-p 00000000 00:00 0 
7fd898150000-7fd898153000 ---p 00000000 00:00 0 
7fd898153000-7fd898251000 rw-p 00000000 00:00 0 
7fd898251000-7fd898254000 ---p 00000000 00:00 0 
7fd898254000-7fd898352000 rw-p 00000000 00:00 0 
7fd898352000-7fd898368000 r--s 00000000 08:07 22836                      /var/cache/fontconfig/8d4af663993b81a124ee82e610bb31f9-le64.cache-3
7fd898368000-7fd898371000 r--s 00000000 08:07 26938                      /var/cache/fontconfig/d62e99ef547d1d24cdb1bd22ec1a2976-le64.cache-3
7fd898371000-7fd8983b6000 r--s 00000000 08:07 26937                      /var/cache/fontconfig/f6b893a7224233d96cb72fd88691c0b4-le64.cache-3
7fd8983b6000-7fd898413000 r--s 00000000 08:07 26936                      /var/cache/fontconfig/17090aa38d5c6f09fb8c5c354938f1d7-le64.cache-3
7fd898413000-7fd898470000 r--s 00000000 08:07 26934                      /var/cache/fontconfig/df311e82a1a24c41a75c2c930223552e-le64.cache-3
7fd898470000-7fd898473000 ---p 00000000 00:00 0 
7fd898473000-7fd898571000 rw-p 00000000 00:00 0 
7fd898571000-7fd898574000 ---p 00000000 00:00 0 
7fd898574000-7fd898672000 rw-p 00000000 00:00 0 
7fd898672000-7fd898675000 ---p 00000000 00:00 0 
7fd898675000-7fd898773000 rw-p 00000000 00:00 0 
7fd898773000-7fd898e73000 rw-s 00006000 00:05 1869                       /dev/ati/card1
7fd898e73000-7fd898ff3000 rw-p 00000000 00:00 0 
7fd898ff3000-7fd89902e000 r-xp 00000000 08:06 527355                     /usr/lib/libatiadlxx.so
7fd89902e000-7fd89912e000 ---p 0003b000 08:06 527355                     /usr/lib/libatiadlxx.so
7fd89912e000-7fd899137000 rw-p 0003b000 08:06 527355                     /usr/lib/libatiadlxx.so
7fd899137000-7fd899148000 rw-p 00000000 00:00 0 
7fd899148000-7fd89914f000 r-xp 00000000 08:06 526968                     /usr/lib/libatiuki.so.1.0
7fd89914f000-7fd89924f000 ---p 00007000 08:06 526968                     /usr/lib/libatiuki.so.1.0
7fd89924f000-7fd899250000 rw-p 00007000 08:06 526968                     /usr/lib/libatiuki.so.1.0
7fd899250000-7fd899251000 rw-p 00000000 00:00 0 
7fd899251000-7fd89b1ab000 r-xp 00000000 08:06 527438                     /usr/lib/xorg/modules/dri/fglrx_dri.so
7fd89b1ab000-7fd89b2ab000 ---p 01f5a000 08:06 527438                     /usr/lib/xorg/modules/dri/fglrx_dri.so
7fd89b2ab000-7fd89b3f9000 rwxp 01f5a000 08:06 527438                     /usr/lib/xorg/modules/dri/fglrx_dri.so
7fd89b3f9000-7fd89b51f000 rwxp 00000000 00:00 0 
7fd89b51f000-7fd89b5e2000 r-xp 00000000 08:06 531369                     /usr/lib/fglrx/fglrx-libGL.so.1.2
7fd89b5e2000-7fd89b6e1000 ---p 000c3000 08:06 531369                     /usr/lib/fglrx/fglrx-libGL.so.1.2
7fd89b6e1000-7fd89b708000 rwxp 000c2000 08:06 531369                     /usr/lib/fglrx/fglrx-libGL.so.1.2
7fd89b708000-7fd89b728000 rwxp 00000000 00:00 0 
7fd89b728000-7fd89b76a000 r-xp 00000000 08:06 527897                     /usr/lib/libdbus-1.so.3.5.9
7fd89b76a000-7fd89b96a000 ---p 00042000 08:06 527897                     /usr/lib/libdbus-1.so.3.5.9
7fd89b96a000-7fd89b96c000 rw-p 00042000 08:06 527897                     /usr/lib/libdbus-1.so.3.5.9
7fd89b96c000-7fd89b97d000 r-xp 00000000 08:06 533797                     /usr/lib/libp11-kit.so.0.0.0
7fd89b97d000-7fd89bb7c000 ---p 00011000 08:06 533797                     /usr/lib/libp11-kit.so.0.0.0
7fd89bb7c000-7fd89bb7d000 r--p 00010000 08:06 533797                     /usr/lib/libp11-kit.so.0.0.0
7fd89bb7d000-7fd89bb7e000 rw-p 00011000 08:06 533797                     /usr/lib/libp11-kit.so.0.0.0
7fd89bb7e000-7fd89bbe3000 r-xp 00000000 08:06 527102                     /usr/lib/libgmp.so.10.0.5
7fd89bbe3000-7fd89bde3000 ---p 00065000 08:06 527102                     /usr/lib/libgmp.so.10.0.5
7fd89bde3000-7fd89bde4000 r--p 00065000 08:06 527102                     /usr/lib/libgmp.so.10.0.5
7fd89bde4000-7fd89bded000 rw-p 00066000 08:06 527102                     /usr/lib/libgmp.so.10.0.5
7fd89bded000-7fd89bdff000 r-xp 00000000 08:06 533726                     /usr/lib/libhogweed.so.2.1
7fd89bdff000-7fd89bffe000 ---p 00012000 08:06 533726                     /usr/lib/libhogweed.so.2.1
7fd89bffe000-7fd89bfff000 r--p 00011000 08:06 533726                     /usr/lib/libhogweed.so.2.1
7fd89bfff000-7fd89c000000 rw-p 00012000 08:06 533726                     /usr/lib/libhogweed.so.2.1
7fd89c000000-7fd89c021000 rw-p 00000000 00:00 0 
7fd89c021000-7fd8a0000000 ---p 00000000 00:00 0 
7fd8a0003000-7fd8a004b000 rw-p 00000000 00:00 0 
7fd8a004b000-7fd8a0070000 r-xp 00000000 08:06 531660                     /usr/lib/libnettle.so.4.3
7fd8a0070000-7fd8a0270000 ---p 00025000 08:06 531660                     /usr/lib/libnettle.so.4.3
7fd8a0270000-7fd8a0271000 r--p 00025000 08:06 531660                     /usr/lib/libnettle.so.4.3
7fd8a0271000-7fd8a0272000 rw-p 00026000 08:06 531660                     /usr/lib/libnettle.so.4.3
7fd8a0272000-7fd8a0282000 r-xp 00000000 08:06 523686                     /usr/lib/libtasn1.so.3.1.15
7fd8a0282000-7fd8a0481000 ---p 00010000 08:06 523686                     /usr/lib/libtasn1.so.3.1.15
7fd8a0481000-7fd8a0482000 r--p 0000f000 08:06 523686                     /usr/lib/libtasn1.so.3.1.15
7fd8a0482000-7fd8a0483000 rw-p 00010000 08:06 523686                     /usr/lib/libtasn1.so.3.1.15
7fd8a0483000-7fd8a0486000 r-xp 00000000 08:06 536931                     /usr/lib/libkeyutils.so.1.4
7fd8a0486000-7fd8a0685000 ---p 00003000 08:06 536931                     /usr/lib/libkeyutils.so.1.4
7fd8a0685000-7fd8a0686000 r--p 00002000 08:06 536931                     /usr/lib/libkeyutils.so.1.4
7fd8a0686000-7fd8a0687000 rw-p 00003000 08:06 536931                     /usr/lib/libkeyutils.so.1.4
7fd8a0687000-7fd8a0690000 r-xp 00000000 08:06 529619                     /usr/lib/libkrb5support.so.0.1
7fd8a0690000-7fd8a088f000 ---p 00009000 08:06 529619                     /usr/lib/libkrb5support.so.0.1
7fd8a088f000-7fd8a0890000 r--p 00008000 08:06 529619                     /usr/lib/libkrb5support.so.0.1
7fd8a0890000-7fd8a0891000 rw-p 00009000 08:06 529619                     /usr/lib/libkrb5support.so.0.1
7fd8a0891000-7fd8a0894000 r-xp 00000000 08:06 524071                     /usr/lib/libcom_err.so.2.1
7fd8a0894000-7fd8a0a93000 ---p 00003000 08:06 524071                     /usr/lib/libcom_err.so.2.1
7fd8a0a93000-7fd8a0a94000 r--p 00002000 08:06 524071                     /usr/lib/libcom_err.so.2.1
7fd8a0a94000-7fd8a0a95000 rw-p 00003000 08:06 524071                     /usr/lib/libcom_err.so.2.1
7fd8a0a95000-7fd8a0abd000 r-xp 00000000 08:06 533131                     /usr/lib/libk5crypto.so.3.1
7fd8a0abd000-7fd8a0cbd000 ---p 00028000 08:06 533131                     /usr/lib/libk5crypto.so.3.1
7fd8a0cbd000-7fd8a0cbe000 r--p 00028000 08:06 533131                     /usr/lib/libk5crypto.so.3.1
7fd8a0cbe000-7fd8a0cbf000 rw-p 00029000 08:06 533131                     /usr/lib/libk5crypto.so.3.1
7fd8a0cbf000-7fd8a0cc0000 rw-p 00000000 00:00 0 
7fd8a0cc0000-7fd8a0d98000 r-xp 00000000 08:06 527453                     /usr/lib/libkrb5.so.3.3
7fd8a0d98000-7fd8a0f98000 ---p 000d8000 08:06 527453                     /usr/lib/libkrb5.so.3.3
7fd8a0f98000-7fd8a0fa2000 r--p 000d8000 08:06 527453                     /usr/lib/libkrb5.so.3.3
7fd8a0fa2000-7fd8a0fa4000 rw-p 000e2000 08:06 527453                     /usr/lib/libkrb5.so.3.3
7fd8a0fa4000-7fd8a0fa9000 r-xp 00000000 08:06 523755                     /usr/lib/libXdmcp.so.6.0.0
7fd8a0fa9000-7fd8a11a8000 ---p 00005000 08:06 523755                     /usr/lib/libXdmcp.so.6.0.0
7fd8a11a8000-7fd8a11a9000 r--p 00004000 08:06 523755                     /usr/lib/libXdmcp.so.6.0.0
7fd8a11a9000-7fd8a11aa000 rw-p 00005000 08:06 523755                     /usr/lib/libXdmcp.so.6.0.0
7fd8a11aa000-7fd8a11ac000 r-xp 00000000 08:06 523713                     /usr/lib/libXau.so.6.0.0
7fd8a11ac000-7fd8a13ac000 ---p 00002000 08:06 523713                     /usr/lib/libXau.so.6.0.0
7fd8a13ac000-7fd8a13ad000 r--p 00002000 08:06 523713                     /usr/lib/libXau.so.6.0.0
7fd8a13ad000-7fd8a13ae000 rw-p 00003000 08:06 523713                     /usr/lib/libXau.so.6.0.0
7fd8a13ae000-7fd8a13be000 r-xp 00000000 08:06 526584                     /usr/lib/libavahi-client.so.3.2.9
7fd8a13be000-7fd8a15bd000 ---p 00010000 08:06 526584                     /usr/lib/libavahi-client.so.3.2.9
7fd8a15bd000-7fd8a15be000 r--p 0000f000 08:06 526584                     /usr/lib/libavahi-client.so.3.2.9
7fd8a15be000-7fd8a15bf000 rw-p 00010000 08:06 526584                     /usr/lib/libavahi-client.so.3.2.9
7fd8a15bf000-7fd8a15cb000 r-xp 00000000 08:06 527596                     /usr/lib/libavahi-common.so.3.5.3
7fd8a15cb000-7fd8a17ca000 ---p 0000c000 08:06 527596                     /usr/lib/libavahi-common.so.3.5.3
7fd8a17ca000-7fd8a17cb000 r--p 0000b000 08:06 527596                     /usr/lib/libavahi-common.so.3.5.3
7fd8a17cb000-7fd8a17cc000 rw-p 0000c000 08:06 527596                     /usr/lib/libavahi-common.so.3.5.3
7fd8a17cc000-7fd8a18be000 r-xp 00000000 08:06 528636                     /usr/lib/libgnutls.so.28.8.1
7fd8a18be000-7fd8a1abe000 ---p 000f2000 08:06 528636                     /usr/lib/libgnutls.so.28.8.1
7fd8a1abe000-7fd8a1ac6000 r--p 000f2000 08:06 528636                     /usr/lib/libgnutls.so.28.8.1
7fd8a1ac6000-7fd8a1ac8000 rw-p 000fa000 08:06 528636                     /usr/lib/libgnutls.so.28.8.1
7fd8a1ac8000-7fd8a1ac9000 rw-p 00000000 00:00 0 
7fd8a1ac9000-7fd8a1b0a000 r-xp 00000000 08:06 533554                     /usr/lib/libgssapi_krb5.so.2.2
7fd8a1b0a000-7fd8a1d0a000 ---p 00041000 08:06 533554                     /usr/lib/libgssapi_krb5.so.2.2
7fd8a1d0a000-7fd8a1d0b000 r--p 00041000 08:06 533554                     /usr/lib/libgssapi_krb5.so.2.2
7fd8a1d0b000-7fd8a1d0d000 rw-p 00042000 08:06 533554                     /usr/lib/libgssapi_krb5.so.2.2
7fd8a1d0d000-7fd8a1d66000 r-xp 00000000 08:06 531196                     /usr/lib/libpcre.so.1.0.0
7fd8a1d66000-7fd8a1f65000 ---p 00059000 08:06 531196                     /usr/lib/libpcre.so.1.0.0
7fd8a1f65000-7fd8a1f66000 r--p 00058000 08:06 531196                     /usr/lib/libpcre.so.1.0.0
7fd8a1f66000-7fd8a1f67000 rw-p 00059000 08:06 531196                     /usr/lib/libpcre.so.1.0.0
7fd8a1f67000-7fd8a1f6e000 r-xp 00000000 08:06 533126                     /usr/lib/libffi.so.6.0.0
7fd8a1f6e000-7fd8a216d000 ---p 00007000 08:06 533126                     /usr/lib/libffi.so.6.0.0
7fd8a216d000-7fd8a216e000 r--p 00006000 08:06 533126                     /usr/lib/libffi.so.6.0.0
7fd8a216e000-7fd8a216f000 rw-p 00007000 08:06 533126                     /usr/lib/libffi.so.6.0.0
7fd8a216f000-7fd8a2197000 r-xp 00000000 08:06 534280                     /usr/lib/libexpat.so.1.6.0
7fd8a2197000-7fd8a2396000 ---p 00028000 08:06 534280                     /usr/lib/libexpat.so.1.6.0
7fd8a2396000-7fd8a2398000 r--p 00027000 08:06 534280                     /usr/lib/libexpat.so.1.6.0
7fd8a2398000-7fd8a2399000 rw-p 00029000 08:06 534280                     /usr/lib/libexpat.so.1.6.0
7fd8a2399000-7fd8a23a8000 r-xp 00000000 08:06 535331                     /usr/lib/libbz2.so.1.0.6
7fd8a23a8000-7fd8a25a7000 ---p 0000f000 08:06 535331                     /usr/lib/libbz2.so.1.0.6
7fd8a25a7000-7fd8a25a9000 rw-p 0000e000 08:06 535331                     /usr/lib/libbz2.so.1.0.6
7fd8a25a9000-7fd8a262a000 r-xp 00000000 08:06 528735                     /usr/lib/libpixman-1.so.0.24.4
7fd8a262a000-7fd8a282a000 ---p 00081000 08:06 528735                     /usr/lib/libpixman-1.so.0.24.4
7fd8a282a000-7fd8a2830000 r--p 00081000 08:06 528735                     /usr/lib/libpixman-1.so.0.24.4
7fd8a2830000-7fd8a2831000 rw-p 00087000 08:06 528735                     /usr/lib/libpixman-1.so.0.24.4
7fd8a2831000-7fd8a285d000 r-xp 00000000 08:06 528725                     /usr/lib/libpng15.so.15.10.0
7fd8a285d000-7fd8a2a5c000 ---p 0002c000 08:06 528725                     /usr/lib/libpng15.so.15.10.0
7fd8a2a5c000-7fd8a2a5d000 r--p 0002b000 08:06 528725                     /usr/lib/libpng15.so.15.10.0
7fd8a2a5d000-7fd8a2a5e000 rw-p 0002c000 08:06 528725                     /usr/lib/libpng15.so.15.10.0
7fd8a2a5e000-7fd8a2a71000 r-xp 00000000 08:06 1332                       /lib/libresolv-2.15.so
7fd8a2a71000-7fd8a2c71000 ---p 00013000 08:06 1332                       /lib/libresolv-2.15.so
7fd8a2c71000-7fd8a2c72000 r--p 00013000 08:06 1332                       /lib/libresolv-2.15.so
7fd8a2c72000-7fd8a2c73000 rw-p 00014000 08:06 1332                       /lib/libresolv-2.15.so
7fd8a2c73000-7fd8a2c75000 rw-p 00000000 00:00 0 
7fd8a2c75000-7fd8a2c77000 r-xp 00000000 08:06 533292                     /usr/lib/libXdamage.so.1.1.0
7fd8a2c77000-7fd8a2e76000 ---p 00002000 08:06 533292                     /usr/lib/libXdamage.so.1.1.0
7fd8a2e76000-7fd8a2e77000 r--p 00001000 08:06 533292                     /usr/lib/libXdamage.so.1.1.0
7fd8a2e77000-7fd8a2e78000 rw-p 00002000 08:06 533292                     /usr/lib/libXdamage.so.1.1.0
7fd8a2e78000-7fd8a2e7a000 r-xp 00000000 08:06 523753                     /usr/lib/libXcomposite.so.1.0.0
7fd8a2e7a000-7fd8a3079000 ---p 00002000 08:06 523753                     /usr/lib/libXcomposite.so.1.0.0
7fd8a3079000-7fd8a307a000 r--p 00001000 08:06 523753                     /usr/lib/libXcomposite.so.1.0.0
7fd8a307a000-7fd8a307b000 rw-p 00002000 08:06 523753                     /usr/lib/libXcomposite.so.1.0.0
7fd8a307b000-7fd8a3084000 r-xp 00000000 08:06 531336                     /usr/lib/libXcursor.so.1.0.2
7fd8a3084000-7fd8a3283000 ---p 00009000 08:06 531336                     /usr/lib/libXcursor.so.1.0.2
7fd8a3283000-7fd8a3284000 r--p 00008000 08:06 531336                     /usr/lib/libXcursor.so.1.0.2
7fd8a3284000-7fd8a3285000 rw-p 00009000 08:06 531336                     /usr/lib/libXcursor.so.1.0.2
7fd8a3285000-7fd8a328d000 r-xp 00000000 08:06 533170                     /usr/lib/libXrandr.so.2.2.0
7fd8a328d000-7fd8a348c000 ---p 00008000 08:06 533170                     /usr/lib/libXrandr.so.2.2.0
7fd8a348c000-7fd8a348d000 r--p 00007000 08:06 533170                     /usr/lib/libXrandr.so.2.2.0
7fd8a348d000-7fd8a348e000 rw-p 00008000 08:06 533170                     /usr/lib/libXrandr.so.2.2.0
7fd8a348e000-7fd8a3490000 r-xp 00000000 08:06 523766                     /usr/lib/libXinerama.so.1.0.0
7fd8a3490000-7fd8a368f000 ---p 00002000 08:06 523766                     /usr/lib/libXinerama.so.1.0.0
7fd8a368f000-7fd8a3690000 r--p 00001000 08:06 523766                     /usr/lib/libXinerama.so.1.0.0
7fd8a3690000-7fd8a3691000 rw-p 00002000 08:06 523766                     /usr/lib/libXinerama.so.1.0.0
7fd8a3691000-7fd8a3696000 r-xp 00000000 08:06 523749                     /usr/lib/libXfixes.so.3.1.0
7fd8a3696000-7fd8a3896000 ---p 00005000 08:06 523749                     /usr/lib/libXfixes.so.3.1.0
7fd8a3896000-7fd8a3897000 r--p 00005000 08:06 523749                     /usr/lib/libXfixes.so.3.1.0
7fd8a3897000-7fd8a3898000 rw-p 00006000 08:06 523749                     /usr/lib/libXfixes.so.3.1.0
7fd8a3898000-7fd8a38b5000 r-xp 00000000 08:06 533661                     /usr/lib/libxcb.so.1.1.0
7fd8a38b5000-7fd8a3ab5000 ---p 0001d000 08:06 533661                     /usr/lib/libxcb.so.1.1.0
7fd8a3ab5000-7fd8a3ab6000 rw-p 0001d000 08:06 533661                     /usr/lib/libxcb.so.1.1.0
7fd8a3ab6000-7fd8a3b08000 r-xp 00000000 08:06 528718                     /usr/lib/libcups.so.2
7fd8a3b08000-7fd8a3d07000 ---p 00052000 08:06 528718                     /usr/lib/libcups.so.2
7fd8a3d07000-7fd8a3d0b000 r--p 00051000 08:06 528718                     /usr/lib/libcups.so.2
7fd8a3d0b000-7fd8a3d0c000 rw-p 00055000 08:06 528718                     /usr/lib/libcups.so.2
7fd8a3d0c000-7fd8a3dfe000 r-xp 00000000 08:06 528627                     /usr/lib/libglib-2.0.so.0.3200.2
7fd8a3dfe000-7fd8a3ffd000 ---p 000f2000 08:06 528627                     /usr/lib/libglib-2.0.so.0.3200.2
7fd8a3ffd000-7fd8a3ffe000 r--p 000f1000 08:06 528627                     /usr/lib/libglib-2.0.so.0.3200.2
7fd8a3ffe000-7fd8a3fff000 rw-p 000f2000 08:06 528627                     /usr/lib/libglib-2.0.so.0.3200.2
7fd8a3fff000-7fd8a4000000 rw-p 00000000 00:00 0 
7fd8a4000000-7fd8a4021000 rw-p 00000000 00:00 0 
7fd8a4021000-7fd8a8000000 ---p 00000000 00:00 0 
7fd8a8029000-7fd8a8069000 rw-s 00030000 00:05 1869                       /dev/ati/card1
7fd8a8069000-7fd8a80e9000 rw-p 00000000 00:00 0 
7fd8a80e9000-7fd8a80ea000 r-xp 00000000 08:06 528965                     /usr/lib/libgthread-2.0.so.0.3200.2
7fd8a80ea000-7fd8a82e9000 ---p 00001000 08:06 528965                     /usr/lib/libgthread-2.0.so.0.3200.2
7fd8a82e9000-7fd8a82ea000 r--p 00000000 08:06 528965                     /usr/lib/libgthread-2.0.so.0.3200.2
7fd8a82ea000-7fd8a82eb000 rw-p 00001000 08:06 528965                     /usr/lib/libgthread-2.0.so.0.3200.2
7fd8a82eb000-7fd8a82ee000 r-xp 00000000 08:06 528923                     /usr/lib/libgmodule-2.0.so.0.3200.2
7fd8a82ee000-7fd8a84ed000 ---p 00003000 08:06 528923                     /usr/lib/libgmodule-2.0.so.0.3200.2
7fd8a84ed000-7fd8a84ee000 r--p 00002000 08:06 528923                     /usr/lib/libgmodule-2.0.so.0.3200.2
7fd8a84ee000-7fd8a84ef000 rw-p 00003000 08:06 528923                     /usr/lib/libgmodule-2.0.so.0.3200.2
7fd8a84ef000-7fd8a853b000 r-xp 00000000 08:06 528966                     /usr/lib/libgobject-2.0.so.0.3200.2
7fd8a853b000-7fd8a873b000 ---p 0004c000 08:06 528966                     /usr/lib/libgobject-2.0.so.0.3200.2
7fd8a873b000-7fd8a873c000 r--p 0004c000 08:06 528966                     /usr/lib/libgobject-2.0.so.0.3200.2
7fd8a873c000-7fd8a873d000 rw-p 0004d000 08:06 528966                     /usr/lib/libgobject-2.0.so.0.3200.2
7fd8a873d000-7fd8a8771000 r-xp 00000000 08:06 534580                     /usr/lib/libfontconfig.so.1.4.4
7fd8a8771000-7fd8a8971000 ---p 00034000 08:06 534580                     /usr/lib/libfontconfig.so.1.4.4
7fd8a8971000-7fd8a8972000 r--p 00034000 08:06 534580                     /usr/lib/libfontconfig.so.1.4.4
7fd8a8972000-7fd8a8973000 rw-p 00035000 08:06 534580                     /usr/lib/libfontconfig.so.1.4.4
7fd8a8973000-7fd8a8a0c000 r-xp 00000000 08:06 533427                     /usr/lib/libfreetype.so.6.8.1
7fd8a8a0c000-7fd8a8c0b000 ---p 00099000 08:06 533427                     /usr/lib/libfreetype.so.6.8.1
7fd8a8c0b000-7fd8a8c11000 r--p 00098000 08:06 533427                     /usr/lib/libfreetype.so.6.8.1
7fd8a8c11000-7fd8a8c12000 rw-p 0009e000 08:06 533427                     /usr/lib/libfreetype.so.6.8.1
7fd8a8c12000-7fd8a8c5a000 r-xp 00000000 08:06 533234                     /usr/lib/libpango-1.0.so.0.3000.0
7fd8a8c5a000-7fd8a8e5a000 ---p 00048000 08:06 533234                     /usr/lib/libpango-1.0.so.0.3000.0
7fd8a8e5a000-7fd8a8e5c000 r--p 00048000 08:06 533234                     /usr/lib/libpango-1.0.so.0.3000.0
7fd8a8e5c000-7fd8a8e5d000 rw-p 0004a000 08:06 533234                     /usr/lib/libpango-1.0.so.0.3000.0
7fd8a8e5d000-7fd8a8f04000 r-xp 00000000 08:06 531350                     /usr/lib/libcairo.so.2.11000.2
7fd8a8f04000-7fd8a9103000 ---p 000a7000 08:06 531350                     /usr/lib/libcairo.so.2.11000.2
7fd8a9103000-7fd8a9105000 r--p 000a6000 08:06 531350                     /usr/lib/libcairo.so.2.11000.2
7fd8a9105000-7fd8a9106000 rw-p 000a8000 08:06 531350                     /usr/lib/libcairo.so.2.11000.2
7fd8a9106000-7fd8a9109000 rw-p 00000000 00:00 0 
7fd8a9109000-7fd8a912a000 r-xp 00000000 08:06 532661                     /usr/lib/libgdk_pixbuf-2.0.so.0.2600.1
7fd8a912a000-7fd8a9329000 ---p 00021000 08:06 532661                     /usr/lib/libgdk_pixbuf-2.0.so.0.2600.1
7fd8a9329000-7fd8a932a000 r--p 00020000 08:06 532661                     /usr/lib/libgdk_pixbuf-2.0.so.0.2600.1
7fd8a932a000-7fd8a932b000 rw-p 00021000 08:06 532661                     /usr/lib/libgdk_pixbuf-2.0.so.0.2600.1
7fd8a932b000-7fd8a9336000 r-xp 00000000 08:06 533238                     /usr/lib/libpangocairo-1.0.so.0.3000.0
7fd8a9336000-7fd8a9536000 ---p 0000b000 08:06 533238                     /usr/lib/libpangocairo-1.0.so.0.3000.0
7fd8a9536000-7fd8a9537000 r--p 0000b000 08:06 533238                     /usr/lib/libpangocairo-1.0.so.0.3000.0
7fd8a9537000-7fd8a9538000 rw-p 0000c000 08:06 533238                     /usr/lib/libpangocairo-1.0.so.0.3000.0
7fd8a9538000-7fd8a9563000 r-xp 00000000 08:06 533236                     /usr/lib/libpangoft2-1.0.so.0.3000.0
7fd8a9563000-7fd8a9763000 ---p 0002b000 08:06 533236                     /usr/lib/libpangoft2-1.0.so.0.3000.0
7fd8a9763000-7fd8a9764000 r--p 0002b000 08:06 533236                     /usr/lib/libpangoft2-1.0.so.0.3000.0
7fd8a9764000-7fd8a9765000 rw-p 0002c000 08:06 533236                     /usr/lib/libpangoft2-1.0.so.0.3000.0
7fd8a9765000-7fd8a98aa000 r-xp 00000000 08:06 528967                     /usr/lib/libgio-2.0.so.0.3200.2
7fd8a98aa000-7fd8a9aa9000 ---p 00145000 08:06 528967                     /usr/lib/libgio-2.0.so.0.3200.2
7fd8a9aa9000-7fd8a9aad000 r--p 00144000 08:06 528967                     /usr/lib/libgio-2.0.so.0.3200.2
7fd8a9aad000-7fd8a9aaf000 rw-p 00148000 08:06 528967                     /usr/lib/libgio-2.0.so.0.3200.2
7fd8a9aaf000-7fd8a9ab1000 rw-p 00000000 00:00 0 
7fd8a9ab1000-7fd8a9ad1000 r-xp 00000000 08:06 533187                     /usr/lib/libatk-1.0.so.0.20409.1
7fd8a9ad1000-7fd8a9cd1000 ---p 00020000 08:06 533187                     /usr/lib/libatk-1.0.so.0.20409.1
7fd8a9cd1000-7fd8a9cd3000 r--p 00020000 08:06 533187                     /usr/lib/libatk-1.0.so.0.20409.1
7fd8a9cd3000-7fd8a9cd4000 rw-p 00022000 08:06 533187                     /usr/lib/libatk-1.0.so.0.20409.1
7fd8a9cd4000-7fd8a9d81000 r-xp 00000000 08:06 523419                     /usr/lib/libgdk-x11-2.0.so.0.2400.10
7fd8a9d81000-7fd8a9f81000 ---p 000ad000 08:06 523419                     /usr/lib/libgdk-x11-2.0.so.0.2400.10
7fd8a9f81000-7fd8a9f85000 r--p 000ad000 08:06 523419                     /usr/lib/libgdk-x11-2.0.so.0.2400.10
7fd8a9f85000-7fd8a9f87000 rw-p 000b1000 08:06 523419                     /usr/lib/libgdk-x11-2.0.so.0.2400.10
7fd8a9f87000-7fd8aa3a9000 r-xp 00000000 08:06 523420                     /usr/lib/libgtk-x11-2.0.so.0.2400.10
7fd8aa3a9000-7fd8aa5a9000 ---p 00422000 08:06 523420                     /usr/lib/libgtk-x11-2.0.so.0.2400.10
7fd8aa5a9000-7fd8aa5b0000 r--p 00422000 08:06 523420                     /usr/lib/libgtk-x11-2.0.so.0.2400.10
7fd8aa5b0000-7fd8aa5b4000 rw-p 00429000 08:06 523420                     /usr/lib/libgtk-x11-2.0.so.0.2400.10
7fd8aa5b4000-7fd8aa5b6000 rw-p 00000000 00:00 0 
7fd8aa5b6000-7fd8aa5c4000 r-xp 00000000 08:06 532665                     /usr/lib/libXi.so.6.1.0
7fd8aa5c4000-7fd8aa7c3000 ---p 0000e000 08:06 532665                     /usr/lib/libXi.so.6.1.0
7fd8aa7c3000-7fd8aa7c4000 rw-p 0000d000 08:06 532665                     /usr/lib/libXi.so.6.1.0
7fd8aa7c4000-7fd8aa7c9000 r-xp 00000000 08:06 523793                     /usr/lib/libXtst.so.6.1.0
7fd8aa7c9000-7fd8aa9c9000 ---p 00005000 08:06 523793                     /usr/lib/libXtst.so.6.1.0
7fd8aa9c9000-7fd8aa9ca000 r--p 00005000 08:06 523793                     /usr/lib/libXtst.so.6.1.0
7fd8aa9ca000-7fd8aa9cb000 rw-p 00006000 08:06 523793                     /usr/lib/libXtst.so.6.1.0
7fd8aa9cb000-7fd8aa9d5000 r-xp 00000000 08:06 529110                     /usr/lib/libXrender.so.1.3.0
7fd8aa9d5000-7fd8aabd4000 ---p 0000a000 08:06 529110                     /usr/lib/libXrender.so.1.3.0
7fd8aabd4000-7fd8aabd5000 r--p 00009000 08:06 529110                     /usr/lib/libXrender.so.1.3.0
7fd8aabd5000-7fd8aabd6000 rw-p 0000a000 08:06 529110                     /usr/lib/libXrender.so.1.3.0
7fd8aabd6000-7fd8aad0a000 r-xp 00000000 08:06 531386                     /usr/lib/libX11.so.6.3.0
7fd8aad0a000-7fd8aaf0a000 ---p 00134000 08:06 531386                     /usr/lib/libX11.so.6.3.0
7fd8aaf0a000-7fd8aaf0b000 r--p 00134000 08:06 531386                     /usr/lib/libX11.so.6.3.0
7fd8aaf0b000-7fd8aaf10000 rw-p 00135000 08:06 531386                     /usr/lib/libX11.so.6.3.0
7fd8aaf10000-7fd8aaf22000 r-xp 00000000 08:06 523664                     /usr/lib/libXext.so.6.4.0
7fd8aaf22000-7fd8ab121000 ---p 00012000 08:06 523664                     /usr/lib/libXext.so.6.4.0
7fd8ab121000-7fd8ab122000 r--p 00011000 08:06 523664                     /usr/lib/libXext.so.6.4.0
7fd8ab122000-7fd8ab123000 rw-p 00012000 08:06 523664                     /usr/lib/libXext.so.6.4.0
7fd8ab123000-7fd8ab175000 r-xp 00000000 08:06 533913                     /usr/lib/jvm/java-7-openjdk/jre/lib/amd64/xawt/libmawt.so
7fd8ab175000-7fd8ab374000 ---p 00052000 08:06 533913                     /usr/lib/jvm/java-7-openjdk/jre/lib/amd64/xawt/libmawt.so
7fd8ab374000-7fd8ab378000 rw-p 00051000 08:06 533913                     /usr/lib/jvm/java-7-openjdk/jre/lib/amd64/xawt/libmawt.so
7fd8ab378000-7fd8ab379000 rw-p 00000000 00:00 0 
7fd8ab379000-7fd8ab41b000 r-xp 00000000 08:06 525820                     /usr/lib/jvm/java-7-openjdk/jre/lib/amd64/libawt.so
7fd8ab41b000-7fd8ab61b000 ---p 000a2000 08:06 525820                     /usr/lib/jvm/java-7-openjdk/jre/lib/amd64/libawt.so
7fd8ab61b000-7fd8ab627000 rw-p 000a2000 08:06 525820                     /usr/lib/jvm/java-7-openjdk/jre/lib/amd64/libawt.so
7fd8ab627000-7fd8ab64b000 rw-p 00000000 00:00 0 
7fd8ab64b000-7fd8ab64e000 r--s 0000f000 08:06 526356                     /usr/lib/jvm/java-7-openjdk/jre/lib/ext/pulse-java.jar
7fd8ab64e000-7fd8ab64f000 ---p 00000000 00:00 0 
7fd8ab64f000-7fd8ab74f000 rw-p 00000000 00:00 0 
7fd8ab74f000-7fd8ab752000 ---p 00000000 00:00 0 
7fd8ab752000-7fd8ab850000 rw-p 00000000 00:00 0 
7fd8ab850000-7fd8ab853000 ---p 00000000 00:00 0 
7fd8ab853000-7fd8ab951000 rw-p 00000000 00:00 0 
7fd8ab951000-7fd8ab954000 ---p 00000000 00:00 0 
7fd8ab954000-7fd8aba52000 rw-p 00000000 00:00 0 
7fd8aba52000-7fd8aba55000 ---p 00000000 00:00 0 
7fd8aba55000-7fd8abb53000 rw-p 00000000 00:00 0 
7fd8abb53000-7fd8abeff000 r--p 00000000 08:06 536728                     /usr/lib/locale/locale-archive
7fd8abeff000-7fd8abf02000 ---p 00000000 00:00 0 
7fd8abf02000-7fd8ac000000 rw-p 00000000 00:00 0 
7fd8ac000000-7fd8ac021000 rw-p 00000000 00:00 0 
7fd8ac021000-7fd8b0000000 ---p 00000000 00:00 0 
7fd8b0022000-7fd8b0025000 ---p 00000000 00:00 0 
7fd8b0025000-7fd8b0123000 rw-p 00000000 00:00 0 
7fd8b0123000-7fd8b0124000 ---p 00000000 00:00 0 
7fd8b0124000-7fd8b0729000 rw-p 00000000 00:00 0 
7fd8b0729000-7fd8b08d8000 r--s 03e7b000 08:06 524045                     /usr/lib/jvm/java-7-openjdk/jre/lib/rt.jar
7fd8b08d8000-7fd8b08d9000 ---p 00000000 00:00 0 
7fd8b08d9000-7fd8b09d9000 rw-p 00000000 00:00 0 
7fd8b09d9000-7fd8b09da000 ---p 00000000 00:00 0 
7fd8b09da000-7fd8b0b2d000 rw-p 00000000 00:00 0 
7fd8b0b2d000-7fd8b1000000 rw-p 00000000 00:00 0 
7fd8b1000000-7fd8b1270000 rwxp 00000000 00:00 0 
7fd8b1270000-7fd8b44da000 rw-p 00000000 00:00 0 
7fd8b44da000-7fd8b8000000 ---p 00000000 00:00 0 
7fd8b8017000-7fd8b8020000 r--s 00263000 08:06 523786                     /usr/lib/jvm/java-7-openjdk/jre/lib/resources.jar
7fd8b8020000-7fd8b80fc000 rw-p 00000000 00:00 0 
7fd8b80fc000-7fd8b80fd000 ---p 00000000 00:00 0 
7fd8b80fd000-7fd8b81fd000 rw-p 00000000 00:00 0 
7fd8b81fd000-7fd8b81fe000 ---p 00000000 00:00 0 
7fd8b81fe000-7fd8b8309000 rw-p 00000000 00:00 0 
7fd8b8309000-7fd8b8351000 rw-p 00000000 00:00 0 
7fd8b8351000-7fd8b835c000 rw-p 00000000 00:00 0 
7fd8b835c000-7fd8b83a4000 rw-p 00000000 00:00 0 
7fd8b83a4000-7fd8b83f7000 rw-p 00000000 00:00 0 
7fd8b83f7000-7fd8b88c9000 rw-p 00000000 00:00 0 
7fd8b88c9000-7fd8b88f3000 rw-p 00000000 00:00 0 
7fd8b88f3000-7fd8b8b5c000 rw-p 00000000 00:00 0 
7fd8b8b5c000-7fd8b8b5d000 rw-p 00000000 00:00 0 
7fd8b8b5d000-7fd8b8b65000 r-xp 00000000 08:06 525197                     /usr/lib/jvm/java-7-openjdk/jre/lib/amd64/libzip.so
7fd8b8b65000-7fd8b8d64000 ---p 00008000 08:06 525197                     /usr/lib/jvm/java-7-openjdk/jre/lib/amd64/libzip.so
7fd8b8d64000-7fd8b8d65000 rw-p 00007000 08:06 525197                     /usr/lib/jvm/java-7-openjdk/jre/lib/amd64/libzip.so
7fd8b8d65000-7fd8b8d71000 r-xp 00000000 08:06 1309                       /lib/libnss_files-2.15.so
7fd8b8d71000-7fd8b8f70000 ---p 0000c000 08:06 1309                       /lib/libnss_files-2.15.so
7fd8b8f70000-7fd8b8f71000 r--p 0000b000 08:06 1309                       /lib/libnss_files-2.15.so
7fd8b8f71000-7fd8b8f72000 rw-p 0000c000 08:06 1309                       /lib/libnss_files-2.15.so
7fd8b8f72000-7fd8b8f9b000 r-xp 00000000 08:06 525207                     /usr/lib/jvm/java-7-openjdk/jre/lib/amd64/libjava.so
7fd8b8f9b000-7fd8b919a000 ---p 00029000 08:06 525207                     /usr/lib/jvm/java-7-openjdk/jre/lib/amd64/libjava.so
7fd8b919a000-7fd8b919c000 rw-p 00028000 08:06 525207                     /usr/lib/jvm/java-7-openjdk/jre/lib/amd64/libjava.so
7fd8b919c000-7fd8b91aa000 r-xp 00000000 08:06 525194                     /usr/lib/jvm/java-7-openjdk/jre/lib/amd64/libverify.so
7fd8b91aa000-7fd8b93a9000 ---p 0000e000 08:06 525194                     /usr/lib/jvm/java-7-openjdk/jre/lib/amd64/libverify.so
7fd8b93a9000-7fd8b93ab000 rw-p 0000d000 08:06 525194                     /usr/lib/jvm/java-7-openjdk/jre/lib/amd64/libverify.so
7fd8b93ab000-7fd8b93b2000 r-xp 00000000 08:06 1288                       /lib/librt-2.15.so
7fd8b93b2000-7fd8b95b1000 ---p 00007000 08:06 1288                       /lib/librt-2.15.so
7fd8b95b1000-7fd8b95b2000 r--p 00006000 08:06 1288                       /lib/librt-2.15.so
7fd8b95b2000-7fd8b95b3000 rw-p 00007000 08:06 1288                       /lib/librt-2.15.so
7fd8b95b3000-7fd8b95c8000 r-xp 00000000 08:06 526089                     /usr/lib/libgcc_s.so.1
7fd8b95c8000-7fd8b97c7000 ---p 00015000 08:06 526089                     /usr/lib/libgcc_s.so.1
7fd8b97c7000-7fd8b97c8000 rw-p 00014000 08:06 526089                     /usr/lib/libgcc_s.so.1
7fd8b97c8000-7fd8b98bb000 r-xp 00000000 08:06 1293                       /lib/libm-2.15.so
7fd8b98bb000-7fd8b9abb000 ---p 000f3000 08:06 1293                       /lib/libm-2.15.so
7fd8b9abb000-7fd8b9abc000 r--p 000f3000 08:06 1293                       /lib/libm-2.15.so
7fd8b9abc000-7fd8b9abd000 rw-p 000f4000 08:06 1293                       /lib/libm-2.15.so
7fd8b9abd000-7fd8b9ba2000 r-xp 00000000 08:06 526567                     /usr/lib/libstdc++.so.6.0.17
7fd8b9ba2000-7fd8b9da2000 ---p 000e5000 08:06 526567                     /usr/lib/libstdc++.so.6.0.17
7fd8b9da2000-7fd8b9daa000 r--p 000e5000 08:06 526567                     /usr/lib/libstdc++.so.6.0.17
7fd8b9daa000-7fd8b9dac000 rw-p 000ed000 08:06 526567                     /usr/lib/libstdc++.so.6.0.17
7fd8b9dac000-7fd8b9dc1000 rw-p 00000000 00:00 0 
7fd8b9dc1000-7fd8ba754000 r-xp 00000000 08:06 525849                     /usr/lib/jvm/java-7-openjdk/jre/lib/amd64/server/libjvm.so
7fd8ba754000-7fd8ba954000 ---p 00993000 08:06 525849                     /usr/lib/jvm/java-7-openjdk/jre/lib/amd64/server/libjvm.so
7fd8ba954000-7fd8ba9f0000 rw-p 00993000 08:06 525849                     /usr/lib/jvm/java-7-openjdk/jre/lib/amd64/server/libjvm.so
7fd8ba9f0000-7fd8baa1a000 rw-p 00000000 00:00 0 
7fd8baa1a000-7fd8babb1000 r-xp 00000000 08:06 1304                       /lib/libc-2.15.so
7fd8babb1000-7fd8badb1000 ---p 00197000 08:06 1304                       /lib/libc-2.15.so
7fd8badb1000-7fd8badb5000 r--p 00197000 08:06 1304                       /lib/libc-2.15.so
7fd8badb5000-7fd8badb7000 rw-p 0019b000 08:06 1304                       /lib/libc-2.15.so
7fd8badb7000-7fd8badbb000 rw-p 00000000 00:00 0 
7fd8badbb000-7fd8badbe000 r-xp 00000000 08:06 1292                       /lib/libdl-2.15.so
7fd8badbe000-7fd8bafbd000 ---p 00003000 08:06 1292                       /lib/libdl-2.15.so
7fd8bafbd000-7fd8bafbe000 r--p 00002000 08:06 1292                       /lib/libdl-2.15.so
7fd8bafbe000-7fd8bafbf000 rw-p 00003000 08:06 1292                       /lib/libdl-2.15.so
7fd8bafbf000-7fd8bafd4000 r-xp 00000000 08:06 528979                     /usr/lib/libz.so.1.2.7
7fd8bafd4000-7fd8bb1d3000 ---p 00015000 08:06 528979                     /usr/lib/libz.so.1.2.7
7fd8bb1d3000-7fd8bb1d4000 r--p 00014000 08:06 528979                     /usr/lib/libz.so.1.2.7
7fd8bb1d4000-7fd8bb1d5000 rw-p 00015000 08:06 528979                     /usr/lib/libz.so.1.2.7
7fd8bb1d5000-7fd8bb1e1000 r-xp 00000000 08:06 526062                     /usr/lib/jvm/java-7-openjdk/jre/lib/amd64/jli/libjli.so
7fd8bb1e1000-7fd8bb3e1000 ---p 0000c000 08:06 526062                     /usr/lib/jvm/java-7-openjdk/jre/lib/amd64/jli/libjli.so
7fd8bb3e1000-7fd8bb3e2000 rw-p 0000c000 08:06 526062                     /usr/lib/jvm/java-7-openjdk/jre/lib/amd64/jli/libjli.so
7fd8bb3e2000-7fd8bb3f9000 r-xp 00000000 08:06 929                        /lib/libpthread-2.15.so
7fd8bb3f9000-7fd8bb5f8000 ---p 00017000 08:06 929                        /lib/libpthread-2.15.so
7fd8bb5f8000-7fd8bb5f9000 r--p 00016000 08:06 929                        /lib/libpthread-2.15.so
7fd8bb5f9000-7fd8bb5fa000 rw-p 00017000 08:06 929                        /lib/libpthread-2.15.so
7fd8bb5fa000-7fd8bb5fe000 rw-p 00000000 00:00 0 
7fd8bb5fe000-7fd8bb61f000 r-xp 00000000 08:06 1312                       /lib/ld-2.15.so
7fd8bb624000-7fd8bb628000 r--s 000a0000 08:06 523715                     /usr/lib/jvm/java-7-openjdk/jre/lib/jsse.jar
7fd8bb628000-7fd8bb632000 rw-p 00000000 00:00 0 
7fd8bb632000-7fd8bb6e8000 rw-p 00000000 00:00 0 
7fd8bb6e8000-7fd8bb6eb000 ---p 00000000 00:00 0 
7fd8bb6eb000-7fd8bb7ee000 rw-p 00000000 00:00 0 
7fd8bb7f0000-7fd8bb7f1000 r--s 00000000 00:11 27270                      /home/tobi/.fontconfig/5604230ae2129cf9aeedc64ab4ef6938-le64.cache-3
7fd8bb7f1000-7fd8bb7f2000 rw-s 00005000 00:05 1869                       /dev/ati/card1
7fd8bb7f2000-7fd8bb812000 rw-s feae0000 00:05 1869                       /dev/ati/card1
7fd8bb812000-7fd8bb814000 rw-s 00002000 00:05 1869                       /dev/ati/card1
7fd8bb814000-7fd8bb81c000 rw-s 00000000 08:06 392931                     /tmp/hsperfdata_tobi/9955 (deleted)
7fd8bb81c000-7fd8bb81d000 rw-p 00000000 00:00 0 
7fd8bb81d000-7fd8bb81e000 ---p 00000000 00:00 0 
7fd8bb81e000-7fd8bb81f000 rw-p 00000000 00:00 0 
7fd8bb81f000-7fd8bb820000 r--p 00021000 08:06 1312                       /lib/ld-2.15.so
7fd8bb820000-7fd8bb821000 rw-p 00022000 08:06 1312                       /lib/ld-2.15.so
7fd8bb821000-7fd8bb822000 rw-p 00000000 00:00 0 
7fff45ae5000-7fff45b06000 rw-p 00000000 00:00 0                          [stack]
7fff45b7c000-7fff45b7d000 r-xp 00000000 00:00 0                          [vdso]
ffffffffff600000-ffffffffff601000 r-xp 00000000 00:00 0                  [vsyscall]

VM Arguments:
jvm_args: -Dsun.java2d.opengl=True -Dfile.encoding=UTF-8 
java_command: bombi.BombiGui
Launcher Type: SUN_STANDARD

Environment Variables:
JAVA_HOME=/usr/lib/jvm/java-7-openjdk
PATH=/usr/local/bin:/usr/bin:/bin:/usr/local/sbin:/usr/sbin:/sbin:/opt/android-sdk/platform-tools:/opt/android-sdk/tools:/usr/bin/vendor_perl:/usr/bin/core_perl:/opt/qt/bin
SHELL=/bin/bash
DISPLAY=:0.0

Signal Handlers:
SIGSEGV: [libjvm.so+0x807d30], sa_mask[0]=0x7ffbfeff, sa_flags=0x10000004
SIGBUS: [libjvm.so+0x807d30], sa_mask[0]=0x7ffbfeff, sa_flags=0x10000004
SIGFPE: [libjvm.so+0x6ac970], sa_mask[0]=0x7ffbfeff, sa_flags=0x10000004
SIGPIPE: [libjvm.so+0x6ac970], sa_mask[0]=0x7ffbfeff, sa_flags=0x10000004
SIGXFSZ: [libjvm.so+0x6ac970], sa_mask[0]=0x7ffbfeff, sa_flags=0x10000004
SIGILL: [libjvm.so+0x6ac970], sa_mask[0]=0x7ffbfeff, sa_flags=0x10000004
SIGUSR1: SIG_DFL, sa_mask[0]=0x00000000, sa_flags=0x00000000
SIGUSR2: [libjvm.so+0x6acd40], sa_mask[0]=0x00000004, sa_flags=0x10000004
SIGHUP: [libjvm.so+0x6ace80], sa_mask[0]=0x7ffbfeff, sa_flags=0x10000004
SIGINT: [libjvm.so+0x6ace80], sa_mask[0]=0x7ffbfeff, sa_flags=0x10000004
SIGTERM: [libjvm.so+0x6ace80], sa_mask[0]=0x7ffbfeff, sa_flags=0x10000004
SIGQUIT: [libjvm.so+0x6ace80], sa_mask[0]=0x7ffbfeff, sa_flags=0x10000004


---------------  S Y S T E M  ---------------

OS:Linux
uname:Linux 3.3.5-1-ARCH #1 SMP PREEMPT Mon May 7 19:57:51 CEST 2012 x86_64
libc:glibc 2.15 NPTL 2.15 
rlimit: STACK 8192k, CORE 0k, NPROC 125839, NOFILE 4096, AS infinity
load average:1.02 1.08 1.13

/proc/meminfo:
MemTotal:       16180360 kB
MemFree:        11872268 kB
Buffers:          242424 kB
Cached:          2295892 kB
SwapCached:            0 kB
Active:          1728668 kB
Inactive:        1911316 kB
Active(anon):    1102060 kB
Inactive(anon):    32052 kB
Active(file):     626608 kB
Inactive(file):  1879264 kB
Unevictable:           0 kB
Mlocked:               0 kB
SwapTotal:             0 kB
SwapFree:              0 kB
Dirty:               232 kB
Writeback:             0 kB
AnonPages:       1095040 kB
Mapped:           256684 kB
Shmem:             32456 kB
Slab:             311272 kB
SReclaimable:     278908 kB
SUnreclaim:        32364 kB
KernelStack:        3944 kB
PageTables:        36496 kB
NFS_Unstable:          0 kB
Bounce:                0 kB
WritebackTmp:          0 kB
CommitLimit:     8090180 kB
Committed_AS:    2769212 kB
VmallocTotal:   34359738367 kB
VmallocUsed:      362644 kB
VmallocChunk:   34359373835 kB
HardwareCorrupted:     0 kB
AnonHugePages:    700416 kB
HugePages_Total:       0
HugePages_Free:        0
HugePages_Rsvd:        0
HugePages_Surp:        0
Hugepagesize:       2048 kB
DirectMap4k:      111104 kB
DirectMap2M:     5916672 kB
DirectMap1G:    10485760 kB


CPU:total 4 (4 cores per cpu, 1 threads per core) family 16 model 5 stepping 2, cmov, cx8, fxsr, mmx, sse, sse2, sse3, popcnt, mmxext, 3dnowpref, lzcnt, sse4a

/proc/cpuinfo:
processor	: 0
vendor_id	: AuthenticAMD
cpu family	: 16
model		: 5
model name	: AMD Athlon(tm) II X4 620 Processor
stepping	: 2
microcode	: 0x10000c6
cpu MHz		: 800.000
cache size	: 512 KB
physical id	: 0
siblings	: 4
core id		: 0
cpu cores	: 4
apicid		: 0
initial apicid	: 0
fpu		: yes
fpu_exception	: yes
cpuid level	: 5
wp		: yes
flags		: fpu vme de pse tsc msr pae mce cx8 apic sep mtrr pge mca cmov pat pse36 clflush mmx fxsr sse sse2 ht syscall nx mmxext fxsr_opt pdpe1gb rdtscp lm 3dnowext 3dnow constant_tsc rep_good nopl nonstop_tsc extd_apicid pni monitor cx16 popcnt lahf_lm cmp_legacy svm extapic cr8_legacy abm sse4a misalignsse 3dnowprefetch osvw ibs skinit wdt nodeid_msr npt lbrv svm_lock nrip_save
bogomips	: 5225.76
TLB size	: 1024 4K pages
clflush size	: 64
cache_alignment	: 64
address sizes	: 48 bits physical, 48 bits virtual
power management: ts ttp tm stc 100mhzsteps hwpstate

processor	: 1
vendor_id	: AuthenticAMD
cpu family	: 16
model		: 5
model name	: AMD Athlon(tm) II X4 620 Processor
stepping	: 2
microcode	: 0x10000c6
cpu MHz		: 2600.000
cache size	: 512 KB
physical id	: 0
siblings	: 4
core id		: 1
cpu cores	: 4
apicid		: 1
initial apicid	: 1
fpu		: yes
fpu_exception	: yes
cpuid level	: 5
wp		: yes
flags		: fpu vme de pse tsc msr pae mce cx8 apic sep mtrr pge mca cmov pat pse36 clflush mmx fxsr sse sse2 ht syscall nx mmxext fxsr_opt pdpe1gb rdtscp lm 3dnowext 3dnow constant_tsc rep_good nopl nonstop_tsc extd_apicid pni monitor cx16 popcnt lahf_lm cmp_legacy svm extapic cr8_legacy abm sse4a misalignsse 3dnowprefetch osvw ibs skinit wdt nodeid_msr npt lbrv svm_lock nrip_save
bogomips	: 5225.76
TLB size	: 1024 4K pages
clflush size	: 64
cache_alignment	: 64
address sizes	: 48 bits physical, 48 bits virtual
power management: ts ttp tm stc 100mhzsteps hwpstate

processor	: 2
vendor_id	: AuthenticAMD
cpu family	: 16
model		: 5
model name	: AMD Athlon(tm) II X4 620 Processor
stepping	: 2
microcode	: 0x10000c6
cpu MHz		: 1400.000
cache size	: 512 KB
physical id	: 0
siblings	: 4
core id		: 2
cpu cores	: 4
apicid		: 2
initial apicid	: 2
fpu		: yes
fpu_exception	: yes
cpuid level	: 5
wp		: yes
flags		: fpu vme de pse tsc msr pae mce cx8 apic sep mtrr pge mca cmov pat pse36 clflush mmx fxsr sse sse2 ht syscall nx mmxext fxsr_opt pdpe1gb rdtscp lm 3dnowext 3dnow constant_tsc rep_good nopl nonstop_tsc extd_apicid pni monitor cx16 popcnt lahf_lm cmp_legacy svm extapic cr8_legacy abm sse4a misalignsse 3dnowprefetch osvw ibs skinit wdt nodeid_msr npt lbrv svm_lock nrip_save
bogomips	: 5225.76
TLB size	: 1024 4K pages
clflush size	: 64
cache_alignment	: 64
address sizes	: 48 bits physical, 48 bits virtual
power management: ts ttp tm stc 100mhzsteps hwpstate

processor	: 3
vendor_id	: AuthenticAMD
cpu family	: 16
model		: 5
model name	: AMD Athlon(tm) II X4 620 Processor
stepping	: 2
microcode	: 0x10000c6
cpu MHz		: 800.000
cache size	: 512 KB
physical id	: 0
siblings	: 4
core id		: 3
cpu cores	: 4
apicid		: 3
initial apicid	: 3
fpu		: yes
fpu_exception	: yes
cpuid level	: 5
wp		: yes
flags		: fpu vme de pse tsc msr pae mce cx8 apic sep mtrr pge mca cmov pat pse36 clflush mmx fxsr sse sse2 ht syscall nx mmxext fxsr_opt pdpe1gb rdtscp lm 3dnowext 3dnow constant_tsc rep_good nopl nonstop_tsc extd_apicid pni monitor cx16 popcnt lahf_lm cmp_legacy svm extapic cr8_legacy abm sse4a misalignsse 3dnowprefetch osvw ibs skinit wdt nodeid_msr npt lbrv svm_lock nrip_save
bogomips	: 5225.76
TLB size	: 1024 4K pages
clflush size	: 64
cache_alignment	: 64
address sizes	: 48 bits physical, 48 bits virtual
power management: ts ttp tm stc 100mhzsteps hwpstate



Memory: 4k page, physical 16180360k(11872268k free), swap 0k(0k free)

vm_info: OpenJDK 64-Bit Server VM (22.0-b10) for linux-amd64 JRE (1.7.0_03-b147), built on Mar  6 2012 20:02:29 by "nobody" with gcc 4.6.3

time: Thu May 10 19:38:17 2012
elapsed time: 6 seconds

