#
# A fatal error has been detected by the Java Runtime Environment:
#
#  SIGSEGV (0xb) at pc=0x00007f26f35c32a8, pid=10165, tid=139805358798592
#
# JRE version: 7.0_03-b147
# Java VM: OpenJDK 64-Bit Server VM (22.0-b10 mixed mode linux-amd64 compressed oops)
# Derivative: IcedTea7 2.1
# Distribution: Custom build (Tue Mar  6 19:52:34 UTC 2012)
# Problematic frame:
# C  [libX11.so.6+0x382a8]  XQueryExtension+0x28
#
# Failed to write core dump. Core dumps have been disabled. To enable core dumping, try "ulimit -c unlimited" before starting Java again
#
# If you would like to submit a bug report, please include
# instructions on how to reproduce the bug and visit:
#   http://icedtea.classpath.org/bugzilla
#

---------------  T H R E A D  ---------------

Current thread (0x00007f26fc09d000):  VMThread [stack: 0x00007f26f8afb000,0x00007f26f8bfc000] [id=10175]

siginfo:si_signo=SIGSEGV: si_errno=0, si_code=1 (SEGV_MAPERR), si_addr=0xfffffffffc1c7ea8

Registers:
RAX=0x00007f26d40008c0, RBX=0xfffffffffc1c7540, RCX=0x00007f26f8bfa848, RDX=0x00007f26f8bfa844
RSP=0x00007f26f8bfa7e0, RBP=0x00007f26e3e8d932, RSI=0x00007f26e3e8d932, RDI=0xfffffffffc1c7540
R8 =0x00007f26f8bfa84c, R9 =0x0000000000000000, R10=0x00007f26f8bfa6a0, R11=0x00007f27033e5ad0
R12=0x0000000000000000, R13=0x00007f26e3e8d932, R14=0x00007f26d40008c0, R15=0x0000000000000000
RIP=0x00007f26f35c32a8, EFLAGS=0x0000000000010202, CSGSFS=0x0000000000000033, ERR=0x0000000000000005
  TRAPNO=0x000000000000000e

Top of Stack: (sp=0x00007f26f8bfa7e0)
0x00007f26f8bfa7e0:   00007f26f9005250 00007f26f8bfa850
0x00007f26f8bfa7f0:   00007f26f8bfa851 00007f2703faa3da
0x00007f26f8bfa800:   00007f26e0be8440 fffffffffc1c7540
0x00007f26f8bfa810:   00007f26e3e8d932 0000000000000000
0x00007f26f8bfa820:   00007f26e3e8d932 00007f26d40008c0
0x00007f26f8bfa830:   0000000000000000 00007f26f35b7285
0x00007f26f8bfa840:   0000000000000000 00007f270342ab20
0x00007f26f8bfa850:   00007f26e3fc6520 fffffffffc1c7540
0x00007f26f8bfa860:   00007f26fc1cfda0 00007f26f38d3b1b
0x00007f26f8bfa870:   00007f2600000005 0000001100000000
0x00007f26f8bfa880:   00007f2600000005 0000000000000000
0x00007f26f8bfa890:   00007f26f8bfa900 fffffffffc1c7540
0x00007f26f8bfa8a0:   00007f26f8bfaa78 00007f26f8bfab90
0x00007f26f8bfa8b0:   00007f26e3fdfd50 00007f26e3e34119
0x00007f26f8bfa8c0:   0000000000000000 00007f26fc1cfe50
0x00007f26f8bfa8d0:   00007f26f8bfa900 00007f26e8324008
0x00007f26f8bfa8e0:   00007f26f8bfaa78 00007f26f8bfab90
0x00007f26f8bfa8f0:   00000000ffffffff 00007f26e3e2ab42
0x00007f26f8bfa900:   00007f26f8bfac00 00007f26e3e8d8b1
0x00007f26f8bfa910:   00007f26f8bfac00 00007f2703fa0f5f
0x00007f26f8bfa920:   00007f27041b5170 00007f27041b5700
0x00007f26f8bfa930:   00007f2704181000 00007f26fc005900
0x00007f26f8bfa940:   00007f26fc00a110 00007f26fc17b100
0x00007f26f8bfa950:   00007f26fc17c580 00007f26fc17cf10
0x00007f26f8bfa960:   00007f26fc17d420 00007f26fc17ca20
0x00007f26f8bfa970:   00007f26fc17d930 00007f26fc17e840
0x00007f26f8bfa980:   00007f26fc17e330 00007f26fc17ed50
0x00007f26f8bfa990:   00007f26fc17f250 00007f26fc17f740
0x00007f26f8bfa9a0:   00007f26fc180160 00007f26fc181aa0
0x00007f26f8bfa9b0:   00007f26fc182c00 00007f26fc183100
0x00007f26f8bfa9c0:   00007f26fc1835f0 00007f26fc17c0e0
0x00007f26f8bfa9d0:   00007f26fc183af0 00007f26fc184000 

Instructions: (pc=0x00007f26f35c32a8)
0x00007f26f35c3288:   24 d8 48 89 fb 4c 89 64 24 e0 4c 89 6c 24 e8 48
0x00007f26f35c3298:   89 f5 4c 89 74 24 f0 4c 89 7c 24 f8 48 83 ec 58
0x00007f26f35c32a8:   48 8b 87 68 09 00 00 49 89 d4 49 89 cd 4d 89 c6
0x00007f26f35c32b8:   48 85 c0 74 02 ff 10 ba 08 00 00 00 be 62 00 00 

Register to memory mapping:

RAX=0x00007f26d40008c0 is an unknown value
RBX=0xfffffffffc1c7540 is an unknown value
RCX=0x00007f26f8bfa848 is an unknown value
RDX=0x00007f26f8bfa844 is an unknown value
RSP=0x00007f26f8bfa7e0 is an unknown value
RBP=0x00007f26e3e8d932: <offset 0x96932> in /usr/lib/libGL.so.1 at 0x00007f26e3df7000
RSI=0x00007f26e3e8d932: <offset 0x96932> in /usr/lib/libGL.so.1 at 0x00007f26e3df7000
RDI=0xfffffffffc1c7540 is an unknown value
R8 =0x00007f26f8bfa84c is an unknown value
R9 =0x0000000000000000 is an unknown value
R10=0x00007f26f8bfa6a0 is an unknown value
R11=0x00007f27033e5ad0: __cxa_finalize+0 in /lib/libc.so.6 at 0x00007f27033ae000
R12=0x0000000000000000 is an unknown value
R13=0x00007f26e3e8d932: <offset 0x96932> in /usr/lib/libGL.so.1 at 0x00007f26e3df7000
R14=0x00007f26d40008c0 is an unknown value
R15=0x0000000000000000 is an unknown value


Stack: [0x00007f26f8afb000,0x00007f26f8bfc000],  sp=0x00007f26f8bfa7e0,  free space=1021k
Native frames: (J=compiled Java code, j=interpreted, Vv=VM code, C=native code)
C  [libX11.so.6+0x382a8]  XQueryExtension+0x28

VM_Operation (0x00007f26e0be6ee0): Exit, mode: safepoint, requested by thread 0x00007f26fc4ce800


---------------  P R O C E S S  ---------------

Java Threads: ( => current thread )
  0x00007f26fc006000 JavaThread "DestroyJavaVM" [_thread_blocked, id=10170, stack(0x00007f270407c000,0x00007f270417d000)]
  0x00007f26fc4d2000 JavaThread "Thread-0" [_thread_blocked, id=10188, stack(0x00007f26e09e8000,0x00007f26e0ae9000)]
  0x00007f26fc4ce800 JavaThread "AWT-EventQueue-0" [_thread_blocked, id=10187, stack(0x00007f26e0ae9000,0x00007f26e0bea000)]
  0x00007f26fc4cc000 JavaThread "AWT-Shutdown" [_thread_blocked, id=10186, stack(0x00007f26e0bea000,0x00007f26e0ceb000)]
  0x00007f26fc437000 JavaThread "AWT-XAWT" daemon [_thread_blocked, id=10185, stack(0x00007f26e0e09000,0x00007f26e0f0a000)]
  0x00007f26fc3ed000 JavaThread "Java2D Disposer" daemon [_thread_blocked, id=10184, stack(0x00007f26e0f0a000,0x00007f26e100b000)]
  0x00007f26fc3ea800 JavaThread "Java2D Queue Flusher" daemon [_thread_blocked, id=10183, stack(0x00007f26e100b000,0x00007f26e110c000)]
  0x00007f26fc106000 JavaThread "Service Thread" daemon [_thread_blocked, id=10181, stack(0x00007f26f8149000,0x00007f26f824a000)]
  0x00007f26fc103800 JavaThread "C2 CompilerThread1" daemon [_thread_blocked, id=10180, stack(0x00007f26f824a000,0x00007f26f834b000)]
  0x00007f26fc101000 JavaThread "C2 CompilerThread0" daemon [_thread_blocked, id=10179, stack(0x00007f26f834b000,0x00007f26f844c000)]
  0x00007f26fc0fe800 JavaThread "Signal Dispatcher" daemon [_thread_blocked, id=10178, stack(0x00007f26f844c000,0x00007f26f854d000)]
  0x00007f26fc0a8000 JavaThread "Finalizer" daemon [_thread_blocked, id=10177, stack(0x00007f26f88f9000,0x00007f26f89fa000)]
  0x00007f26fc0a5800 JavaThread "Reference Handler" daemon [_thread_blocked, id=10176, stack(0x00007f26f89fa000,0x00007f26f8afb000)]

Other Threads:
=>0x00007f26fc09d000 VMThread [stack: 0x00007f26f8afb000,0x00007f26f8bfc000] [id=10175]

VM state:at safepoint (shutting down)

VM Mutex/Monitor currently owned by a thread:  ([mutex/lock_event])
[0x00007f26fc003f50] Threads_lock - owner thread: 0x00007f26fc09d000

Heap
 PSYoungGen      total 73792K, used 33059K [0x00000007adab0000, 0x00000007b2d00000, 0x0000000800000000)
  eden space 63296K, 52% used [0x00000007adab0000,0x00000007afaf8ee8,0x00000007b1880000)
  from space 10496K, 0% used [0x00000007b22c0000,0x00000007b22c0000,0x00000007b2d00000)
  to   space 10496K, 0% used [0x00000007b1880000,0x00000007b1880000,0x00000007b22c0000)
 PSOldGen        total 168576K, used 0K [0x0000000709000000, 0x00000007134a0000, 0x00000007adab0000)
  object space 168576K, 0% used [0x0000000709000000,0x0000000709000000,0x00000007134a0000)
 PSPermGen       total 21248K, used 10741K [0x00000006fea00000, 0x00000006ffec0000, 0x0000000709000000)
  object space 21248K, 50% used [0x00000006fea00000,0x00000006ff47d448,0x00000006ffec0000)

Code Cache  [0x00007f26f9000000, 0x00007f26f9270000, 0x00007f26fc000000)
 total_blobs=510 nmethods=74 adapters=390 free_code_cache=48424Kb largest_free_block=49565824

Dynamic libraries:
00400000-00401000 r-xp 00000000 08:06 533859                             /usr/lib/jvm/java-7-openjdk/jre/bin/java
00600000-00601000 rw-p 00000000 08:06 533859                             /usr/lib/jvm/java-7-openjdk/jre/bin/java
00e5c000-00e7d000 rw-p 00000000 00:00 0                                  [heap]
6fea00000-6ffec0000 rw-p 00000000 00:00 0 
6ffec0000-709000000 rw-p 00000000 00:00 0 
709000000-7134a0000 rw-p 00000000 00:00 0 
7134a0000-7adab0000 rw-p 00000000 00:00 0 
7adab0000-7b2d00000 rw-p 00000000 00:00 0 
7b2d00000-800000000 rw-p 00000000 00:00 0 
7f2694000000-7f2694021000 rw-p 00000000 00:00 0 
7f2694021000-7f2698000000 ---p 00000000 00:00 0 
7f269c000000-7f269c021000 rw-p 00000000 00:00 0 
7f269c021000-7f26a0000000 ---p 00000000 00:00 0 
7f26a3bfd000-7f26a3c00000 ---p 00000000 00:00 0 
7f26a3c00000-7f26a3cfe000 rw-p 00000000 00:00 0 
7f26a3cfe000-7f26a3d01000 ---p 00000000 00:00 0 
7f26a3d01000-7f26a3dff000 rw-p 00000000 00:00 0 
7f26a3dff000-7f26a4000000 rw-s d561b000 00:05 1869                       /dev/ati/card1
7f26a4000000-7f26a4192000 rw-p 00000000 00:00 0 
7f26a4192000-7f26a8000000 ---p 00000000 00:00 0 
7f26a8000000-7f26a8132000 rw-p 00000000 00:00 0 
7f26a8132000-7f26ac000000 ---p 00000000 00:00 0 
7f26ac000000-7f26ac021000 rw-p 00000000 00:00 0 
7f26ac021000-7f26b0000000 ---p 00000000 00:00 0 
7f26b0000000-7f26b0021000 rw-p 00000000 00:00 0 
7f26b0021000-7f26b4000000 ---p 00000000 00:00 0 
7f26b4000000-7f26b4913000 rw-p 00000000 00:00 0 
7f26b4913000-7f26b8000000 ---p 00000000 00:00 0 
7f26b8000000-7f26b8021000 rw-p 00000000 00:00 0 
7f26b8021000-7f26bc000000 ---p 00000000 00:00 0 
7f26bc000000-7f26bc021000 rw-p 00000000 00:00 0 
7f26bc021000-7f26c0000000 ---p 00000000 00:00 0 
7f26c0000000-7f26c0021000 rw-p 00000000 00:00 0 
7f26c0021000-7f26c4000000 ---p 00000000 00:00 0 
7f26c4000000-7f26c44f7000 rw-p 00000000 00:00 0 
7f26c44f7000-7f26c8000000 ---p 00000000 00:00 0 
7f26c8000000-7f26c8398000 rw-p 00000000 00:00 0 
7f26c8398000-7f26cc000000 ---p 00000000 00:00 0 
7f26cc000000-7f26cc021000 rw-p 00000000 00:00 0 
7f26cc021000-7f26d0000000 ---p 00000000 00:00 0 
7f26d0000000-7f26d0021000 rw-p 00000000 00:00 0 
7f26d0021000-7f26d4000000 ---p 00000000 00:00 0 
7f26d4000000-7f26d4021000 rw-p 00000000 00:00 0 
7f26d4021000-7f26d8000000 ---p 00000000 00:00 0 
7f26d8000000-7f26d8021000 rw-p 00000000 00:00 0 
7f26d8021000-7f26dc000000 ---p 00000000 00:00 0 
7f26dc000000-7f26dc021000 rw-p 00000000 00:00 0 
7f26dc021000-7f26e0000000 ---p 00000000 00:00 0 
7f26e0083000-7f26e0284000 rw-s d541b000 00:05 1869                       /dev/ati/card1
7f26e0284000-7f26e0294000 r-xp 00000000 08:06 525189                     /usr/lib/jvm/java-7-openjdk/jre/lib/amd64/libnio.so
7f26e0294000-7f26e0494000 ---p 00010000 08:06 525189                     /usr/lib/jvm/java-7-openjdk/jre/lib/amd64/libnio.so
7f26e0494000-7f26e0495000 rw-p 00010000 08:06 525189                     /usr/lib/jvm/java-7-openjdk/jre/lib/amd64/libnio.so
7f26e0495000-7f26e04aa000 r-xp 00000000 08:06 525188                     /usr/lib/jvm/java-7-openjdk/jre/lib/amd64/libnet.so
7f26e04aa000-7f26e06aa000 ---p 00015000 08:06 525188                     /usr/lib/jvm/java-7-openjdk/jre/lib/amd64/libnet.so
7f26e06aa000-7f26e06ab000 rw-p 00015000 08:06 525188                     /usr/lib/jvm/java-7-openjdk/jre/lib/amd64/libnet.so
7f26e06ab000-7f26e06e5000 r-xp 00000000 08:06 525196                     /usr/lib/jvm/java-7-openjdk/jre/lib/amd64/libfontmanager.so
7f26e06e5000-7f26e08e5000 ---p 0003a000 08:06 525196                     /usr/lib/jvm/java-7-openjdk/jre/lib/amd64/libfontmanager.so
7f26e08e5000-7f26e08e8000 rw-p 0003a000 08:06 525196                     /usr/lib/jvm/java-7-openjdk/jre/lib/amd64/libfontmanager.so
7f26e08e8000-7f26e09e8000 rw-s 05b2d000 00:05 1869                       /dev/ati/card1
7f26e09e8000-7f26e09eb000 ---p 00000000 00:00 0 
7f26e09eb000-7f26e0ae9000 rw-p 00000000 00:00 0 
7f26e0ae9000-7f26e0aec000 ---p 00000000 00:00 0 
7f26e0aec000-7f26e0bea000 rw-p 00000000 00:00 0 
7f26e0bea000-7f26e0bed000 ---p 00000000 00:00 0 
7f26e0bed000-7f26e0ceb000 rw-p 00000000 00:00 0 
7f26e0ceb000-7f26e0d01000 r--s 00000000 08:07 22836                      /var/cache/fontconfig/8d4af663993b81a124ee82e610bb31f9-le64.cache-3
7f26e0d01000-7f26e0d0a000 r--s 00000000 08:07 26938                      /var/cache/fontconfig/d62e99ef547d1d24cdb1bd22ec1a2976-le64.cache-3
7f26e0d0a000-7f26e0d4f000 r--s 00000000 08:07 26937                      /var/cache/fontconfig/f6b893a7224233d96cb72fd88691c0b4-le64.cache-3
7f26e0d4f000-7f26e0dac000 r--s 00000000 08:07 26936                      /var/cache/fontconfig/17090aa38d5c6f09fb8c5c354938f1d7-le64.cache-3
7f26e0dac000-7f26e0e09000 r--s 00000000 08:07 26934                      /var/cache/fontconfig/df311e82a1a24c41a75c2c930223552e-le64.cache-3
7f26e0e09000-7f26e0e0c000 ---p 00000000 00:00 0 
7f26e0e0c000-7f26e0f0a000 rw-p 00000000 00:00 0 
7f26e0f0a000-7f26e0f0d000 ---p 00000000 00:00 0 
7f26e0f0d000-7f26e100b000 rw-p 00000000 00:00 0 
7f26e100b000-7f26e100e000 ---p 00000000 00:00 0 
7f26e100e000-7f26e1154000 rw-p 00000000 00:00 0 
7f26e1154000-7f26e1854000 rw-s 00006000 00:05 1869                       /dev/ati/card1
7f26e1854000-7f26e19d4000 rw-p 00000000 00:00 0 
7f26e19d4000-7f26e1a0f000 r-xp 00000000 08:06 527355                     /usr/lib/libatiadlxx.so
7f26e1a0f000-7f26e1b0f000 ---p 0003b000 08:06 527355                     /usr/lib/libatiadlxx.so
7f26e1b0f000-7f26e1b18000 rw-p 0003b000 08:06 527355                     /usr/lib/libatiadlxx.so
7f26e1b18000-7f26e1b29000 rw-p 00000000 00:00 0 
7f26e1b29000-7f26e3a83000 r-xp 00000000 08:06 527438                     /usr/lib/xorg/modules/dri/fglrx_dri.so
7f26e3a83000-7f26e3b83000 ---p 01f5a000 08:06 527438                     /usr/lib/xorg/modules/dri/fglrx_dri.so
7f26e3b83000-7f26e3cd1000 rwxp 01f5a000 08:06 527438                     /usr/lib/xorg/modules/dri/fglrx_dri.so
7f26e3cd1000-7f26e3df7000 rwxp 00000000 00:00 0 
7f26e3df7000-7f26e3eba000 r-xp 00000000 08:06 531369                     /usr/lib/fglrx/fglrx-libGL.so.1.2
7f26e3eba000-7f26e3fb9000 ---p 000c3000 08:06 531369                     /usr/lib/fglrx/fglrx-libGL.so.1.2
7f26e3fb9000-7f26e3fe0000 rwxp 000c2000 08:06 531369                     /usr/lib/fglrx/fglrx-libGL.so.1.2
7f26e3fe0000-7f26e4000000 rwxp 00000000 00:00 0 
7f26e4000000-7f26e4021000 rw-p 00000000 00:00 0 
7f26e4021000-7f26e8000000 ---p 00000000 00:00 0 
7f26e801a000-7f26e80e2000 rw-p 00000000 00:00 0 
7f26e80e2000-7f26e8124000 r-xp 00000000 08:06 527897                     /usr/lib/libdbus-1.so.3.5.9
7f26e8124000-7f26e8324000 ---p 00042000 08:06 527897                     /usr/lib/libdbus-1.so.3.5.9
7f26e8324000-7f26e8326000 rw-p 00042000 08:06 527897                     /usr/lib/libdbus-1.so.3.5.9
7f26e8326000-7f26e8337000 r-xp 00000000 08:06 533797                     /usr/lib/libp11-kit.so.0.0.0
7f26e8337000-7f26e8536000 ---p 00011000 08:06 533797                     /usr/lib/libp11-kit.so.0.0.0
7f26e8536000-7f26e8537000 r--p 00010000 08:06 533797                     /usr/lib/libp11-kit.so.0.0.0
7f26e8537000-7f26e8538000 rw-p 00011000 08:06 533797                     /usr/lib/libp11-kit.so.0.0.0
7f26e8538000-7f26e859d000 r-xp 00000000 08:06 527102                     /usr/lib/libgmp.so.10.0.5
7f26e859d000-7f26e879d000 ---p 00065000 08:06 527102                     /usr/lib/libgmp.so.10.0.5
7f26e879d000-7f26e879e000 r--p 00065000 08:06 527102                     /usr/lib/libgmp.so.10.0.5
7f26e879e000-7f26e87a7000 rw-p 00066000 08:06 527102                     /usr/lib/libgmp.so.10.0.5
7f26e87a7000-7f26e87b9000 r-xp 00000000 08:06 533726                     /usr/lib/libhogweed.so.2.1
7f26e87b9000-7f26e89b8000 ---p 00012000 08:06 533726                     /usr/lib/libhogweed.so.2.1
7f26e89b8000-7f26e89b9000 r--p 00011000 08:06 533726                     /usr/lib/libhogweed.so.2.1
7f26e89b9000-7f26e89ba000 rw-p 00012000 08:06 533726                     /usr/lib/libhogweed.so.2.1
7f26e89ba000-7f26e89df000 r-xp 00000000 08:06 531660                     /usr/lib/libnettle.so.4.3
7f26e89df000-7f26e8bdf000 ---p 00025000 08:06 531660                     /usr/lib/libnettle.so.4.3
7f26e8bdf000-7f26e8be0000 r--p 00025000 08:06 531660                     /usr/lib/libnettle.so.4.3
7f26e8be0000-7f26e8be1000 rw-p 00026000 08:06 531660                     /usr/lib/libnettle.so.4.3
7f26e8be1000-7f26e8bf1000 r-xp 00000000 08:06 523686                     /usr/lib/libtasn1.so.3.1.15
7f26e8bf1000-7f26e8df0000 ---p 00010000 08:06 523686                     /usr/lib/libtasn1.so.3.1.15
7f26e8df0000-7f26e8df1000 r--p 0000f000 08:06 523686                     /usr/lib/libtasn1.so.3.1.15
7f26e8df1000-7f26e8df2000 rw-p 00010000 08:06 523686                     /usr/lib/libtasn1.so.3.1.15
7f26e8df2000-7f26e8df5000 r-xp 00000000 08:06 536931                     /usr/lib/libkeyutils.so.1.4
7f26e8df5000-7f26e8ff4000 ---p 00003000 08:06 536931                     /usr/lib/libkeyutils.so.1.4
7f26e8ff4000-7f26e8ff5000 r--p 00002000 08:06 536931                     /usr/lib/libkeyutils.so.1.4
7f26e8ff5000-7f26e8ff6000 rw-p 00003000 08:06 536931                     /usr/lib/libkeyutils.so.1.4
7f26e8ff6000-7f26e8fff000 r-xp 00000000 08:06 529619                     /usr/lib/libkrb5support.so.0.1
7f26e8fff000-7f26e91fe000 ---p 00009000 08:06 529619                     /usr/lib/libkrb5support.so.0.1
7f26e91fe000-7f26e91ff000 r--p 00008000 08:06 529619                     /usr/lib/libkrb5support.so.0.1
7f26e91ff000-7f26e9200000 rw-p 00009000 08:06 529619                     /usr/lib/libkrb5support.so.0.1
7f26e9200000-7f26e9203000 r-xp 00000000 08:06 524071                     /usr/lib/libcom_err.so.2.1
7f26e9203000-7f26e9402000 ---p 00003000 08:06 524071                     /usr/lib/libcom_err.so.2.1
7f26e9402000-7f26e9403000 r--p 00002000 08:06 524071                     /usr/lib/libcom_err.so.2.1
7f26e9403000-7f26e9404000 rw-p 00003000 08:06 524071                     /usr/lib/libcom_err.so.2.1
7f26e9404000-7f26e942c000 r-xp 00000000 08:06 533131                     /usr/lib/libk5crypto.so.3.1
7f26e942c000-7f26e962c000 ---p 00028000 08:06 533131                     /usr/lib/libk5crypto.so.3.1
7f26e962c000-7f26e962d000 r--p 00028000 08:06 533131                     /usr/lib/libk5crypto.so.3.1
7f26e962d000-7f26e962e000 rw-p 00029000 08:06 533131                     /usr/lib/libk5crypto.so.3.1
7f26e962e000-7f26e962f000 rw-p 00000000 00:00 0 
7f26e962f000-7f26e9707000 r-xp 00000000 08:06 527453                     /usr/lib/libkrb5.so.3.3
7f26e9707000-7f26e9907000 ---p 000d8000 08:06 527453                     /usr/lib/libkrb5.so.3.3
7f26e9907000-7f26e9911000 r--p 000d8000 08:06 527453                     /usr/lib/libkrb5.so.3.3
7f26e9911000-7f26e9913000 rw-p 000e2000 08:06 527453                     /usr/lib/libkrb5.so.3.3
7f26e9913000-7f26e9918000 r-xp 00000000 08:06 523755                     /usr/lib/libXdmcp.so.6.0.0
7f26e9918000-7f26e9b17000 ---p 00005000 08:06 523755                     /usr/lib/libXdmcp.so.6.0.0
7f26e9b17000-7f26e9b18000 r--p 00004000 08:06 523755                     /usr/lib/libXdmcp.so.6.0.0
7f26e9b18000-7f26e9b19000 rw-p 00005000 08:06 523755                     /usr/lib/libXdmcp.so.6.0.0
7f26e9b19000-7f26e9b1b000 r-xp 00000000 08:06 523713                     /usr/lib/libXau.so.6.0.0
7f26e9b1b000-7f26e9d1b000 ---p 00002000 08:06 523713                     /usr/lib/libXau.so.6.0.0
7f26e9d1b000-7f26e9d1c000 r--p 00002000 08:06 523713                     /usr/lib/libXau.so.6.0.0
7f26e9d1c000-7f26e9d1d000 rw-p 00003000 08:06 523713                     /usr/lib/libXau.so.6.0.0
7f26e9d1d000-7f26e9d2d000 r-xp 00000000 08:06 526584                     /usr/lib/libavahi-client.so.3.2.9
7f26e9d2d000-7f26e9f2c000 ---p 00010000 08:06 526584                     /usr/lib/libavahi-client.so.3.2.9
7f26e9f2c000-7f26e9f2d000 r--p 0000f000 08:06 526584                     /usr/lib/libavahi-client.so.3.2.9
7f26e9f2d000-7f26e9f2e000 rw-p 00010000 08:06 526584                     /usr/lib/libavahi-client.so.3.2.9
7f26e9f2e000-7f26e9f3a000 r-xp 00000000 08:06 527596                     /usr/lib/libavahi-common.so.3.5.3
7f26e9f3a000-7f26ea139000 ---p 0000c000 08:06 527596                     /usr/lib/libavahi-common.so.3.5.3
7f26ea139000-7f26ea13a000 r--p 0000b000 08:06 527596                     /usr/lib/libavahi-common.so.3.5.3
7f26ea13a000-7f26ea13b000 rw-p 0000c000 08:06 527596                     /usr/lib/libavahi-common.so.3.5.3
7f26ea13b000-7f26ea22d000 r-xp 00000000 08:06 528636                     /usr/lib/libgnutls.so.28.8.1
7f26ea22d000-7f26ea42d000 ---p 000f2000 08:06 528636                     /usr/lib/libgnutls.so.28.8.1
7f26ea42d000-7f26ea435000 r--p 000f2000 08:06 528636                     /usr/lib/libgnutls.so.28.8.1
7f26ea435000-7f26ea437000 rw-p 000fa000 08:06 528636                     /usr/lib/libgnutls.so.28.8.1
7f26ea437000-7f26ea438000 rw-p 00000000 00:00 0 
7f26ea438000-7f26ea479000 r-xp 00000000 08:06 533554                     /usr/lib/libgssapi_krb5.so.2.2
7f26ea479000-7f26ea679000 ---p 00041000 08:06 533554                     /usr/lib/libgssapi_krb5.so.2.2
7f26ea679000-7f26ea67a000 r--p 00041000 08:06 533554                     /usr/lib/libgssapi_krb5.so.2.2
7f26ea67a000-7f26ea67c000 rw-p 00042000 08:06 533554                     /usr/lib/libgssapi_krb5.so.2.2
7f26ea67c000-7f26ea6d5000 r-xp 00000000 08:06 531196                     /usr/lib/libpcre.so.1.0.0
7f26ea6d5000-7f26ea8d4000 ---p 00059000 08:06 531196                     /usr/lib/libpcre.so.1.0.0
7f26ea8d4000-7f26ea8d5000 r--p 00058000 08:06 531196                     /usr/lib/libpcre.so.1.0.0
7f26ea8d5000-7f26ea8d6000 rw-p 00059000 08:06 531196                     /usr/lib/libpcre.so.1.0.0
7f26ea8d6000-7f26ea8dd000 r-xp 00000000 08:06 533126                     /usr/lib/libffi.so.6.0.0
7f26ea8dd000-7f26eaadc000 ---p 00007000 08:06 533126                     /usr/lib/libffi.so.6.0.0
7f26eaadc000-7f26eaadd000 r--p 00006000 08:06 533126                     /usr/lib/libffi.so.6.0.0
7f26eaadd000-7f26eaade000 rw-p 00007000 08:06 533126                     /usr/lib/libffi.so.6.0.0
7f26eaade000-7f26eab06000 r-xp 00000000 08:06 534280                     /usr/lib/libexpat.so.1.6.0
7f26eab06000-7f26ead05000 ---p 00028000 08:06 534280                     /usr/lib/libexpat.so.1.6.0
7f26ead05000-7f26ead07000 r--p 00027000 08:06 534280                     /usr/lib/libexpat.so.1.6.0
7f26ead07000-7f26ead08000 rw-p 00029000 08:06 534280                     /usr/lib/libexpat.so.1.6.0
7f26ead08000-7f26ead17000 r-xp 00000000 08:06 535331                     /usr/lib/libbz2.so.1.0.6
7f26ead17000-7f26eaf16000 ---p 0000f000 08:06 535331                     /usr/lib/libbz2.so.1.0.6
7f26eaf16000-7f26eaf18000 rw-p 0000e000 08:06 535331                     /usr/lib/libbz2.so.1.0.6
7f26eaf18000-7f26eaf99000 r-xp 00000000 08:06 528735                     /usr/lib/libpixman-1.so.0.24.4
7f26eaf99000-7f26eb199000 ---p 00081000 08:06 528735                     /usr/lib/libpixman-1.so.0.24.4
7f26eb199000-7f26eb19f000 r--p 00081000 08:06 528735                     /usr/lib/libpixman-1.so.0.24.4
7f26eb19f000-7f26eb1a0000 rw-p 00087000 08:06 528735                     /usr/lib/libpixman-1.so.0.24.4
7f26eb1a0000-7f26eb1cc000 r-xp 00000000 08:06 528725                     /usr/lib/libpng15.so.15.10.0
7f26eb1cc000-7f26eb3cb000 ---p 0002c000 08:06 528725                     /usr/lib/libpng15.so.15.10.0
7f26eb3cb000-7f26eb3cc000 r--p 0002b000 08:06 528725                     /usr/lib/libpng15.so.15.10.0
7f26eb3cc000-7f26eb3cd000 rw-p 0002c000 08:06 528725                     /usr/lib/libpng15.so.15.10.0
7f26eb3cd000-7f26eb3e0000 r-xp 00000000 08:06 1332                       /lib/libresolv-2.15.so
7f26eb3e0000-7f26eb5e0000 ---p 00013000 08:06 1332                       /lib/libresolv-2.15.so
7f26eb5e0000-7f26eb5e1000 r--p 00013000 08:06 1332                       /lib/libresolv-2.15.so
7f26eb5e1000-7f26eb5e2000 rw-p 00014000 08:06 1332                       /lib/libresolv-2.15.so
7f26eb5e2000-7f26eb5e4000 rw-p 00000000 00:00 0 
7f26eb5e4000-7f26eb5e6000 r-xp 00000000 08:06 533292                     /usr/lib/libXdamage.so.1.1.0
7f26eb5e6000-7f26eb7e5000 ---p 00002000 08:06 533292                     /usr/lib/libXdamage.so.1.1.0
7f26eb7e5000-7f26eb7e6000 r--p 00001000 08:06 533292                     /usr/lib/libXdamage.so.1.1.0
7f26eb7e6000-7f26eb7e7000 rw-p 00002000 08:06 533292                     /usr/lib/libXdamage.so.1.1.0
7f26eb7e7000-7f26eb7e9000 r-xp 00000000 08:06 523753                     /usr/lib/libXcomposite.so.1.0.0
7f26eb7e9000-7f26eb9e8000 ---p 00002000 08:06 523753                     /usr/lib/libXcomposite.so.1.0.0
7f26eb9e8000-7f26eb9e9000 r--p 00001000 08:06 523753                     /usr/lib/libXcomposite.so.1.0.0
7f26eb9e9000-7f26eb9ea000 rw-p 00002000 08:06 523753                     /usr/lib/libXcomposite.so.1.0.0
7f26eb9ea000-7f26eb9f3000 r-xp 00000000 08:06 531336                     /usr/lib/libXcursor.so.1.0.2
7f26eb9f3000-7f26ebbf2000 ---p 00009000 08:06 531336                     /usr/lib/libXcursor.so.1.0.2
7f26ebbf2000-7f26ebbf3000 r--p 00008000 08:06 531336                     /usr/lib/libXcursor.so.1.0.2
7f26ebbf3000-7f26ebbf4000 rw-p 00009000 08:06 531336                     /usr/lib/libXcursor.so.1.0.2
7f26ebbf4000-7f26ebbfc000 r-xp 00000000 08:06 533170                     /usr/lib/libXrandr.so.2.2.0
7f26ebbfc000-7f26ebdfb000 ---p 00008000 08:06 533170                     /usr/lib/libXrandr.so.2.2.0
7f26ebdfb000-7f26ebdfc000 r--p 00007000 08:06 533170                     /usr/lib/libXrandr.so.2.2.0
7f26ebdfc000-7f26ebdfd000 rw-p 00008000 08:06 533170                     /usr/lib/libXrandr.so.2.2.0
7f26ebdfd000-7f26ebdff000 r-xp 00000000 08:06 523766                     /usr/lib/libXinerama.so.1.0.0
7f26ebdff000-7f26ebffe000 ---p 00002000 08:06 523766                     /usr/lib/libXinerama.so.1.0.0
7f26ebffe000-7f26ebfff000 r--p 00001000 08:06 523766                     /usr/lib/libXinerama.so.1.0.0
7f26ebfff000-7f26ec000000 rw-p 00002000 08:06 523766                     /usr/lib/libXinerama.so.1.0.0
7f26ec000000-7f26ec021000 rw-p 00000000 00:00 0 
7f26ec021000-7f26f0000000 ---p 00000000 00:00 0 
7f26f0026000-7f26f002d000 r-xp 00000000 08:06 526968                     /usr/lib/libatiuki.so.1.0
7f26f002d000-7f26f012d000 ---p 00007000 08:06 526968                     /usr/lib/libatiuki.so.1.0
7f26f012d000-7f26f012e000 rw-p 00007000 08:06 526968                     /usr/lib/libatiuki.so.1.0
7f26f012e000-7f26f012f000 rw-p 00000000 00:00 0 
7f26f012f000-7f26f0134000 r-xp 00000000 08:06 523749                     /usr/lib/libXfixes.so.3.1.0
7f26f0134000-7f26f0334000 ---p 00005000 08:06 523749                     /usr/lib/libXfixes.so.3.1.0
7f26f0334000-7f26f0335000 r--p 00005000 08:06 523749                     /usr/lib/libXfixes.so.3.1.0
7f26f0335000-7f26f0336000 rw-p 00006000 08:06 523749                     /usr/lib/libXfixes.so.3.1.0
7f26f0336000-7f26f0353000 r-xp 00000000 08:06 533661                     /usr/lib/libxcb.so.1.1.0
7f26f0353000-7f26f0553000 ---p 0001d000 08:06 533661                     /usr/lib/libxcb.so.1.1.0
7f26f0553000-7f26f0554000 rw-p 0001d000 08:06 533661                     /usr/lib/libxcb.so.1.1.0
7f26f0554000-7f26f05a6000 r-xp 00000000 08:06 528718                     /usr/lib/libcups.so.2
7f26f05a6000-7f26f07a5000 ---p 00052000 08:06 528718                     /usr/lib/libcups.so.2
7f26f07a5000-7f26f07a9000 r--p 00051000 08:06 528718                     /usr/lib/libcups.so.2
7f26f07a9000-7f26f07aa000 rw-p 00055000 08:06 528718                     /usr/lib/libcups.so.2
7f26f07aa000-7f26f089c000 r-xp 00000000 08:06 528627                     /usr/lib/libglib-2.0.so.0.3200.2
7f26f089c000-7f26f0a9b000 ---p 000f2000 08:06 528627                     /usr/lib/libglib-2.0.so.0.3200.2
7f26f0a9b000-7f26f0a9c000 r--p 000f1000 08:06 528627                     /usr/lib/libglib-2.0.so.0.3200.2
7f26f0a9c000-7f26f0a9d000 rw-p 000f2000 08:06 528627                     /usr/lib/libglib-2.0.so.0.3200.2
7f26f0a9d000-7f26f0a9e000 rw-p 00000000 00:00 0 
7f26f0a9e000-7f26f0a9f000 r-xp 00000000 08:06 528965                     /usr/lib/libgthread-2.0.so.0.3200.2
7f26f0a9f000-7f26f0c9e000 ---p 00001000 08:06 528965                     /usr/lib/libgthread-2.0.so.0.3200.2
7f26f0c9e000-7f26f0c9f000 r--p 00000000 08:06 528965                     /usr/lib/libgthread-2.0.so.0.3200.2
7f26f0c9f000-7f26f0ca0000 rw-p 00001000 08:06 528965                     /usr/lib/libgthread-2.0.so.0.3200.2
7f26f0ca0000-7f26f0ca3000 r-xp 00000000 08:06 528923                     /usr/lib/libgmodule-2.0.so.0.3200.2
7f26f0ca3000-7f26f0ea2000 ---p 00003000 08:06 528923                     /usr/lib/libgmodule-2.0.so.0.3200.2
7f26f0ea2000-7f26f0ea3000 r--p 00002000 08:06 528923                     /usr/lib/libgmodule-2.0.so.0.3200.2
7f26f0ea3000-7f26f0ea4000 rw-p 00003000 08:06 528923                     /usr/lib/libgmodule-2.0.so.0.3200.2
7f26f0ea4000-7f26f0ef0000 r-xp 00000000 08:06 528966                     /usr/lib/libgobject-2.0.so.0.3200.2
7f26f0ef0000-7f26f10f0000 ---p 0004c000 08:06 528966                     /usr/lib/libgobject-2.0.so.0.3200.2
7f26f10f0000-7f26f10f1000 r--p 0004c000 08:06 528966                     /usr/lib/libgobject-2.0.so.0.3200.2
7f26f10f1000-7f26f10f2000 rw-p 0004d000 08:06 528966                     /usr/lib/libgobject-2.0.so.0.3200.2
7f26f10f2000-7f26f1126000 r-xp 00000000 08:06 534580                     /usr/lib/libfontconfig.so.1.4.4
7f26f1126000-7f26f1326000 ---p 00034000 08:06 534580                     /usr/lib/libfontconfig.so.1.4.4
7f26f1326000-7f26f1327000 r--p 00034000 08:06 534580                     /usr/lib/libfontconfig.so.1.4.4
7f26f1327000-7f26f1328000 rw-p 00035000 08:06 534580                     /usr/lib/libfontconfig.so.1.4.4
7f26f1328000-7f26f13c1000 r-xp 00000000 08:06 533427                     /usr/lib/libfreetype.so.6.8.1
7f26f13c1000-7f26f15c0000 ---p 00099000 08:06 533427                     /usr/lib/libfreetype.so.6.8.1
7f26f15c0000-7f26f15c6000 r--p 00098000 08:06 533427                     /usr/lib/libfreetype.so.6.8.1
7f26f15c6000-7f26f15c7000 rw-p 0009e000 08:06 533427                     /usr/lib/libfreetype.so.6.8.1
7f26f15c7000-7f26f160f000 r-xp 00000000 08:06 533234                     /usr/lib/libpango-1.0.so.0.3000.0
7f26f160f000-7f26f180f000 ---p 00048000 08:06 533234                     /usr/lib/libpango-1.0.so.0.3000.0
7f26f180f000-7f26f1811000 r--p 00048000 08:06 533234                     /usr/lib/libpango-1.0.so.0.3000.0
7f26f1811000-7f26f1812000 rw-p 0004a000 08:06 533234                     /usr/lib/libpango-1.0.so.0.3000.0
7f26f1812000-7f26f18b9000 r-xp 00000000 08:06 531350                     /usr/lib/libcairo.so.2.11000.2
7f26f18b9000-7f26f1ab8000 ---p 000a7000 08:06 531350                     /usr/lib/libcairo.so.2.11000.2
7f26f1ab8000-7f26f1aba000 r--p 000a6000 08:06 531350                     /usr/lib/libcairo.so.2.11000.2
7f26f1aba000-7f26f1abb000 rw-p 000a8000 08:06 531350                     /usr/lib/libcairo.so.2.11000.2
7f26f1abb000-7f26f1abe000 rw-p 00000000 00:00 0 
7f26f1abe000-7f26f1adf000 r-xp 00000000 08:06 532661                     /usr/lib/libgdk_pixbuf-2.0.so.0.2600.1
7f26f1adf000-7f26f1cde000 ---p 00021000 08:06 532661                     /usr/lib/libgdk_pixbuf-2.0.so.0.2600.1
7f26f1cde000-7f26f1cdf000 r--p 00020000 08:06 532661                     /usr/lib/libgdk_pixbuf-2.0.so.0.2600.1
7f26f1cdf000-7f26f1ce0000 rw-p 00021000 08:06 532661                     /usr/lib/libgdk_pixbuf-2.0.so.0.2600.1
7f26f1ce0000-7f26f1ceb000 r-xp 00000000 08:06 533238                     /usr/lib/libpangocairo-1.0.so.0.3000.0
7f26f1ceb000-7f26f1eeb000 ---p 0000b000 08:06 533238                     /usr/lib/libpangocairo-1.0.so.0.3000.0
7f26f1eeb000-7f26f1eec000 r--p 0000b000 08:06 533238                     /usr/lib/libpangocairo-1.0.so.0.3000.0
7f26f1eec000-7f26f1eed000 rw-p 0000c000 08:06 533238                     /usr/lib/libpangocairo-1.0.so.0.3000.0
7f26f1eed000-7f26f1f18000 r-xp 00000000 08:06 533236                     /usr/lib/libpangoft2-1.0.so.0.3000.0
7f26f1f18000-7f26f2118000 ---p 0002b000 08:06 533236                     /usr/lib/libpangoft2-1.0.so.0.3000.0
7f26f2118000-7f26f2119000 r--p 0002b000 08:06 533236                     /usr/lib/libpangoft2-1.0.so.0.3000.0
7f26f2119000-7f26f211a000 rw-p 0002c000 08:06 533236                     /usr/lib/libpangoft2-1.0.so.0.3000.0
7f26f211a000-7f26f225f000 r-xp 00000000 08:06 528967                     /usr/lib/libgio-2.0.so.0.3200.2
7f26f225f000-7f26f245e000 ---p 00145000 08:06 528967                     /usr/lib/libgio-2.0.so.0.3200.2
7f26f245e000-7f26f2462000 r--p 00144000 08:06 528967                     /usr/lib/libgio-2.0.so.0.3200.2
7f26f2462000-7f26f2464000 rw-p 00148000 08:06 528967                     /usr/lib/libgio-2.0.so.0.3200.2
7f26f2464000-7f26f2466000 rw-p 00000000 00:00 0 
7f26f2466000-7f26f2486000 r-xp 00000000 08:06 533187                     /usr/lib/libatk-1.0.so.0.20409.1
7f26f2486000-7f26f2686000 ---p 00020000 08:06 533187                     /usr/lib/libatk-1.0.so.0.20409.1
7f26f2686000-7f26f2688000 r--p 00020000 08:06 533187                     /usr/lib/libatk-1.0.so.0.20409.1
7f26f2688000-7f26f2689000 rw-p 00022000 08:06 533187                     /usr/lib/libatk-1.0.so.0.20409.1
7f26f2689000-7f26f2736000 r-xp 00000000 08:06 523419                     /usr/lib/libgdk-x11-2.0.so.0.2400.10
7f26f2736000-7f26f2936000 ---p 000ad000 08:06 523419                     /usr/lib/libgdk-x11-2.0.so.0.2400.10
7f26f2936000-7f26f293a000 r--p 000ad000 08:06 523419                     /usr/lib/libgdk-x11-2.0.so.0.2400.10
7f26f293a000-7f26f293c000 rw-p 000b1000 08:06 523419                     /usr/lib/libgdk-x11-2.0.so.0.2400.10
7f26f293c000-7f26f2d5e000 r-xp 00000000 08:06 523420                     /usr/lib/libgtk-x11-2.0.so.0.2400.10
7f26f2d5e000-7f26f2f5e000 ---p 00422000 08:06 523420                     /usr/lib/libgtk-x11-2.0.so.0.2400.10
7f26f2f5e000-7f26f2f65000 r--p 00422000 08:06 523420                     /usr/lib/libgtk-x11-2.0.so.0.2400.10
7f26f2f65000-7f26f2f69000 rw-p 00429000 08:06 523420                     /usr/lib/libgtk-x11-2.0.so.0.2400.10
7f26f2f69000-7f26f2f6b000 rw-p 00000000 00:00 0 
7f26f2f6b000-7f26f2f79000 r-xp 00000000 08:06 532665                     /usr/lib/libXi.so.6.1.0
7f26f2f79000-7f26f3178000 ---p 0000e000 08:06 532665                     /usr/lib/libXi.so.6.1.0
7f26f3178000-7f26f3179000 rw-p 0000d000 08:06 532665                     /usr/lib/libXi.so.6.1.0
7f26f3179000-7f26f317e000 r-xp 00000000 08:06 523793                     /usr/lib/libXtst.so.6.1.0
7f26f317e000-7f26f337e000 ---p 00005000 08:06 523793                     /usr/lib/libXtst.so.6.1.0
7f26f337e000-7f26f337f000 r--p 00005000 08:06 523793                     /usr/lib/libXtst.so.6.1.0
7f26f337f000-7f26f3380000 rw-p 00006000 08:06 523793                     /usr/lib/libXtst.so.6.1.0
7f26f3380000-7f26f338a000 r-xp 00000000 08:06 529110                     /usr/lib/libXrender.so.1.3.0
7f26f338a000-7f26f3589000 ---p 0000a000 08:06 529110                     /usr/lib/libXrender.so.1.3.0
7f26f3589000-7f26f358a000 r--p 00009000 08:06 529110                     /usr/lib/libXrender.so.1.3.0
7f26f358a000-7f26f358b000 rw-p 0000a000 08:06 529110                     /usr/lib/libXrender.so.1.3.0
7f26f358b000-7f26f36bf000 r-xp 00000000 08:06 531386                     /usr/lib/libX11.so.6.3.0
7f26f36bf000-7f26f38bf000 ---p 00134000 08:06 531386                     /usr/lib/libX11.so.6.3.0
7f26f38bf000-7f26f38c0000 r--p 00134000 08:06 531386                     /usr/lib/libX11.so.6.3.0
7f26f38c0000-7f26f38c5000 rw-p 00135000 08:06 531386                     /usr/lib/libX11.so.6.3.0
7f26f38c5000-7f26f38d7000 r-xp 00000000 08:06 523664                     /usr/lib/libXext.so.6.4.0
7f26f38d7000-7f26f3ad6000 ---p 00012000 08:06 523664                     /usr/lib/libXext.so.6.4.0
7f26f3ad6000-7f26f3ad7000 r--p 00011000 08:06 523664                     /usr/lib/libXext.so.6.4.0
7f26f3ad7000-7f26f3ad8000 rw-p 00012000 08:06 523664                     /usr/lib/libXext.so.6.4.0
7f26f3ad8000-7f26f3b2a000 r-xp 00000000 08:06 533913                     /usr/lib/jvm/java-7-openjdk/jre/lib/amd64/xawt/libmawt.so
7f26f3b2a000-7f26f3d29000 ---p 00052000 08:06 533913                     /usr/lib/jvm/java-7-openjdk/jre/lib/amd64/xawt/libmawt.so
7f26f3d29000-7f26f3d2d000 rw-p 00051000 08:06 533913                     /usr/lib/jvm/java-7-openjdk/jre/lib/amd64/xawt/libmawt.so
7f26f3d2d000-7f26f3d2e000 rw-p 00000000 00:00 0 
7f26f3d2e000-7f26f3dd0000 r-xp 00000000 08:06 525820                     /usr/lib/jvm/java-7-openjdk/jre/lib/amd64/libawt.so
7f26f3dd0000-7f26f3fd0000 ---p 000a2000 08:06 525820                     /usr/lib/jvm/java-7-openjdk/jre/lib/amd64/libawt.so
7f26f3fd0000-7f26f3fdc000 rw-p 000a2000 08:06 525820                     /usr/lib/jvm/java-7-openjdk/jre/lib/amd64/libawt.so
7f26f3fdc000-7f26f4000000 rw-p 00000000 00:00 0 
7f26f4000000-7f26f4021000 rw-p 00000000 00:00 0 
7f26f4021000-7f26f8000000 ---p 00000000 00:00 0 
7f26f8005000-7f26f8045000 rw-s 00030000 00:05 1869                       /dev/ati/card1
7f26f8045000-7f26f8048000 r--s 0000f000 08:06 526356                     /usr/lib/jvm/java-7-openjdk/jre/lib/ext/pulse-java.jar
7f26f8048000-7f26f8049000 ---p 00000000 00:00 0 
7f26f8049000-7f26f8149000 rw-p 00000000 00:00 0 
7f26f8149000-7f26f814c000 ---p 00000000 00:00 0 
7f26f814c000-7f26f824a000 rw-p 00000000 00:00 0 
7f26f824a000-7f26f824d000 ---p 00000000 00:00 0 
7f26f824d000-7f26f834b000 rw-p 00000000 00:00 0 
7f26f834b000-7f26f834e000 ---p 00000000 00:00 0 
7f26f834e000-7f26f844c000 rw-p 00000000 00:00 0 
7f26f844c000-7f26f844f000 ---p 00000000 00:00 0 
7f26f844f000-7f26f854d000 rw-p 00000000 00:00 0 
7f26f854d000-7f26f88f9000 r--p 00000000 08:06 536728                     /usr/lib/locale/locale-archive
7f26f88f9000-7f26f88fc000 ---p 00000000 00:00 0 
7f26f88fc000-7f26f89fa000 rw-p 00000000 00:00 0 
7f26f89fa000-7f26f89fd000 ---p 00000000 00:00 0 
7f26f89fd000-7f26f8afb000 rw-p 00000000 00:00 0 
7f26f8afb000-7f26f8afc000 ---p 00000000 00:00 0 
7f26f8afc000-7f26f9000000 rw-p 00000000 00:00 0 
7f26f9000000-7f26f9270000 rwxp 00000000 00:00 0 
7f26f9270000-7f26fc4da000 rw-p 00000000 00:00 0 
7f26fc4da000-7f2700000000 ---p 00000000 00:00 0 
7f2700020000-7f2700024000 r--s 000a0000 08:06 523715                     /usr/lib/jvm/java-7-openjdk/jre/lib/jsse.jar
7f2700024000-7f2700191000 rw-p 00000000 00:00 0 
7f2700191000-7f2700340000 r--s 03e7b000 08:06 524045                     /usr/lib/jvm/java-7-openjdk/jre/lib/rt.jar
7f2700340000-7f2700368000 rw-p 00000000 00:00 0 
7f2700368000-7f2700369000 ---p 00000000 00:00 0 
7f2700369000-7f2700469000 rw-p 00000000 00:00 0 
7f2700469000-7f270046a000 ---p 00000000 00:00 0 
7f270046a000-7f270056a000 rw-p 00000000 00:00 0 
7f270056a000-7f270056b000 ---p 00000000 00:00 0 
7f270056b000-7f270066b000 rw-p 00000000 00:00 0 
7f270066b000-7f270066c000 ---p 00000000 00:00 0 
7f270066c000-7f2700777000 rw-p 00000000 00:00 0 
7f2700777000-7f27007bf000 rw-p 00000000 00:00 0 
7f27007bf000-7f2700812000 rw-p 00000000 00:00 0 
7f2700812000-7f2700ce5000 rw-p 00000000 00:00 0 
7f2700ce5000-7f2700cf0000 rw-p 00000000 00:00 0 
7f2700cf0000-7f2700d38000 rw-p 00000000 00:00 0 
7f2700d38000-7f2700d8b000 rw-p 00000000 00:00 0 
7f2700d8b000-7f270125d000 rw-p 00000000 00:00 0 
7f270125d000-7f2701287000 rw-p 00000000 00:00 0 
7f2701287000-7f27014f0000 rw-p 00000000 00:00 0 
7f27014f0000-7f27014f1000 rw-p 00000000 00:00 0 
7f27014f1000-7f27014f9000 r-xp 00000000 08:06 525197                     /usr/lib/jvm/java-7-openjdk/jre/lib/amd64/libzip.so
7f27014f9000-7f27016f8000 ---p 00008000 08:06 525197                     /usr/lib/jvm/java-7-openjdk/jre/lib/amd64/libzip.so
7f27016f8000-7f27016f9000 rw-p 00007000 08:06 525197                     /usr/lib/jvm/java-7-openjdk/jre/lib/amd64/libzip.so
7f27016f9000-7f2701705000 r-xp 00000000 08:06 1309                       /lib/libnss_files-2.15.so
7f2701705000-7f2701904000 ---p 0000c000 08:06 1309                       /lib/libnss_files-2.15.so
7f2701904000-7f2701905000 r--p 0000b000 08:06 1309                       /lib/libnss_files-2.15.so
7f2701905000-7f2701906000 rw-p 0000c000 08:06 1309                       /lib/libnss_files-2.15.so
7f2701906000-7f270192f000 r-xp 00000000 08:06 525207                     /usr/lib/jvm/java-7-openjdk/jre/lib/amd64/libjava.so
7f270192f000-7f2701b2e000 ---p 00029000 08:06 525207                     /usr/lib/jvm/java-7-openjdk/jre/lib/amd64/libjava.so
7f2701b2e000-7f2701b30000 rw-p 00028000 08:06 525207                     /usr/lib/jvm/java-7-openjdk/jre/lib/amd64/libjava.so
7f2701b30000-7f2701b3e000 r-xp 00000000 08:06 525194                     /usr/lib/jvm/java-7-openjdk/jre/lib/amd64/libverify.so
7f2701b3e000-7f2701d3d000 ---p 0000e000 08:06 525194                     /usr/lib/jvm/java-7-openjdk/jre/lib/amd64/libverify.so
7f2701d3d000-7f2701d3f000 rw-p 0000d000 08:06 525194                     /usr/lib/jvm/java-7-openjdk/jre/lib/amd64/libverify.so
7f2701d3f000-7f2701d46000 r-xp 00000000 08:06 1288                       /lib/librt-2.15.so
7f2701d46000-7f2701f45000 ---p 00007000 08:06 1288                       /lib/librt-2.15.so
7f2701f45000-7f2701f46000 r--p 00006000 08:06 1288                       /lib/librt-2.15.so
7f2701f46000-7f2701f47000 rw-p 00007000 08:06 1288                       /lib/librt-2.15.so
7f2701f47000-7f2701f5c000 r-xp 00000000 08:06 526089                     /usr/lib/libgcc_s.so.1
7f2701f5c000-7f270215b000 ---p 00015000 08:06 526089                     /usr/lib/libgcc_s.so.1
7f270215b000-7f270215c000 rw-p 00014000 08:06 526089                     /usr/lib/libgcc_s.so.1
7f270215c000-7f270224f000 r-xp 00000000 08:06 1293                       /lib/libm-2.15.so
7f270224f000-7f270244f000 ---p 000f3000 08:06 1293                       /lib/libm-2.15.so
7f270244f000-7f2702450000 r--p 000f3000 08:06 1293                       /lib/libm-2.15.so
7f2702450000-7f2702451000 rw-p 000f4000 08:06 1293                       /lib/libm-2.15.so
7f2702451000-7f2702536000 r-xp 00000000 08:06 526567                     /usr/lib/libstdc++.so.6.0.17
7f2702536000-7f2702736000 ---p 000e5000 08:06 526567                     /usr/lib/libstdc++.so.6.0.17
7f2702736000-7f270273e000 r--p 000e5000 08:06 526567                     /usr/lib/libstdc++.so.6.0.17
7f270273e000-7f2702740000 rw-p 000ed000 08:06 526567                     /usr/lib/libstdc++.so.6.0.17
7f2702740000-7f2702755000 rw-p 00000000 00:00 0 
7f2702755000-7f27030e8000 r-xp 00000000 08:06 525849                     /usr/lib/jvm/java-7-openjdk/jre/lib/amd64/server/libjvm.so
7f27030e8000-7f27032e8000 ---p 00993000 08:06 525849                     /usr/lib/jvm/java-7-openjdk/jre/lib/amd64/server/libjvm.so
7f27032e8000-7f2703384000 rw-p 00993000 08:06 525849                     /usr/lib/jvm/java-7-openjdk/jre/lib/amd64/server/libjvm.so
7f2703384000-7f27033ae000 rw-p 00000000 00:00 0 
7f27033ae000-7f2703545000 r-xp 00000000 08:06 1304                       /lib/libc-2.15.so
7f2703545000-7f2703745000 ---p 00197000 08:06 1304                       /lib/libc-2.15.so
7f2703745000-7f2703749000 r--p 00197000 08:06 1304                       /lib/libc-2.15.so
7f2703749000-7f270374b000 rw-p 0019b000 08:06 1304                       /lib/libc-2.15.so
7f270374b000-7f270374f000 rw-p 00000000 00:00 0 
7f270374f000-7f2703752000 r-xp 00000000 08:06 1292                       /lib/libdl-2.15.so
7f2703752000-7f2703951000 ---p 00003000 08:06 1292                       /lib/libdl-2.15.so
7f2703951000-7f2703952000 r--p 00002000 08:06 1292                       /lib/libdl-2.15.so
7f2703952000-7f2703953000 rw-p 00003000 08:06 1292                       /lib/libdl-2.15.so
7f2703953000-7f2703968000 r-xp 00000000 08:06 528979                     /usr/lib/libz.so.1.2.7
7f2703968000-7f2703b67000 ---p 00015000 08:06 528979                     /usr/lib/libz.so.1.2.7
7f2703b67000-7f2703b68000 r--p 00014000 08:06 528979                     /usr/lib/libz.so.1.2.7
7f2703b68000-7f2703b69000 rw-p 00015000 08:06 528979                     /usr/lib/libz.so.1.2.7
7f2703b69000-7f2703b75000 r-xp 00000000 08:06 526062                     /usr/lib/jvm/java-7-openjdk/jre/lib/amd64/jli/libjli.so
7f2703b75000-7f2703d75000 ---p 0000c000 08:06 526062                     /usr/lib/jvm/java-7-openjdk/jre/lib/amd64/jli/libjli.so
7f2703d75000-7f2703d76000 rw-p 0000c000 08:06 526062                     /usr/lib/jvm/java-7-openjdk/jre/lib/amd64/jli/libjli.so
7f2703d76000-7f2703d8d000 r-xp 00000000 08:06 929                        /lib/libpthread-2.15.so
7f2703d8d000-7f2703f8c000 ---p 00017000 08:06 929                        /lib/libpthread-2.15.so
7f2703f8c000-7f2703f8d000 r--p 00016000 08:06 929                        /lib/libpthread-2.15.so
7f2703f8d000-7f2703f8e000 rw-p 00017000 08:06 929                        /lib/libpthread-2.15.so
7f2703f8e000-7f2703f92000 rw-p 00000000 00:00 0 
7f2703f92000-7f2703fb3000 r-xp 00000000 08:06 1312                       /lib/ld-2.15.so
7f2703fb3000-7f2703fbc000 r--s 00263000 08:06 523786                     /usr/lib/jvm/java-7-openjdk/jre/lib/resources.jar
7f2703fbc000-7f2703fc6000 rw-p 00000000 00:00 0 
7f2703fc6000-7f270407c000 rw-p 00000000 00:00 0 
7f270407c000-7f270407f000 ---p 00000000 00:00 0 
7f270407f000-7f2704182000 rw-p 00000000 00:00 0 
7f2704184000-7f2704185000 r--s 00000000 00:11 27270                      /home/tobi/.fontconfig/5604230ae2129cf9aeedc64ab4ef6938-le64.cache-3
7f2704185000-7f2704186000 rw-s 00005000 00:05 1869                       /dev/ati/card1
7f2704186000-7f27041a6000 rw-s feae0000 00:05 1869                       /dev/ati/card1
7f27041a6000-7f27041a8000 rw-s 00002000 00:05 1869                       /dev/ati/card1
7f27041a8000-7f27041b0000 rw-s 00000000 08:06 392931                     /tmp/hsperfdata_tobi/10165 (deleted)
7f27041b0000-7f27041b1000 rw-p 00000000 00:00 0 
7f27041b1000-7f27041b2000 ---p 00000000 00:00 0 
7f27041b2000-7f27041b3000 rw-p 00000000 00:00 0 
7f27041b3000-7f27041b4000 r--p 00021000 08:06 1312                       /lib/ld-2.15.so
7f27041b4000-7f27041b5000 rw-p 00022000 08:06 1312                       /lib/ld-2.15.so
7f27041b5000-7f27041b6000 rw-p 00000000 00:00 0 
7fff9f990000-7fff9f9b1000 rw-p 00000000 00:00 0                          [stack]
7fff9f9ff000-7fff9fa00000 r-xp 00000000 00:00 0                          [vdso]
ffffffffff600000-ffffffffff601000 r-xp 00000000 00:00 0                  [vsyscall]

VM Arguments:
jvm_args: -Dsun.java2d.opengl=True -Dfile.encoding=UTF-8 
java_command: bombi.BombiGui
Launcher Type: SUN_STANDARD

Environment Variables:
JAVA_HOME=/usr/lib/jvm/java-7-openjdk
PATH=/usr/local/bin:/usr/bin:/bin:/usr/local/sbin:/usr/sbin:/sbin:/opt/android-sdk/platform-tools:/opt/android-sdk/tools:/usr/bin/vendor_perl:/usr/bin/core_perl:/opt/qt/bin
SHELL=/bin/bash
DISPLAY=:0.0

Signal Handlers:
SIGSEGV: [libjvm.so+0x807d30], sa_mask[0]=0x7ffbfeff, sa_flags=0x10000004
SIGBUS: [libjvm.so+0x807d30], sa_mask[0]=0x7ffbfeff, sa_flags=0x10000004
SIGFPE: [libjvm.so+0x6ac970], sa_mask[0]=0x7ffbfeff, sa_flags=0x10000004
SIGPIPE: [libjvm.so+0x6ac970], sa_mask[0]=0x7ffbfeff, sa_flags=0x10000004
SIGXFSZ: [libjvm.so+0x6ac970], sa_mask[0]=0x7ffbfeff, sa_flags=0x10000004
SIGILL: [libjvm.so+0x6ac970], sa_mask[0]=0x7ffbfeff, sa_flags=0x10000004
SIGUSR1: SIG_DFL, sa_mask[0]=0x00000000, sa_flags=0x00000000
SIGUSR2: [libjvm.so+0x6acd40], sa_mask[0]=0x00000004, sa_flags=0x10000004
SIGHUP: [libjvm.so+0x6ace80], sa_mask[0]=0x7ffbfeff, sa_flags=0x10000004
SIGINT: [libjvm.so+0x6ace80], sa_mask[0]=0x7ffbfeff, sa_flags=0x10000004
SIGTERM: [libjvm.so+0x6ace80], sa_mask[0]=0x7ffbfeff, sa_flags=0x10000004
SIGQUIT: [libjvm.so+0x6ace80], sa_mask[0]=0x7ffbfeff, sa_flags=0x10000004


---------------  S Y S T E M  ---------------

OS:Linux
uname:Linux 3.3.5-1-ARCH #1 SMP PREEMPT Mon May 7 19:57:51 CEST 2012 x86_64
libc:glibc 2.15 NPTL 2.15 
rlimit: STACK 8192k, CORE 0k, NPROC 125839, NOFILE 4096, AS infinity
load average:1.07 1.08 1.12

/proc/meminfo:
MemTotal:       16180360 kB
MemFree:        11894564 kB
Buffers:          242544 kB
Cached:          2298652 kB
SwapCached:            0 kB
Active:          1712460 kB
Inactive:        1912816 kB
Active(anon):    1084516 kB
Inactive(anon):    32056 kB
Active(file):     627944 kB
Inactive(file):  1880760 kB
Unevictable:           0 kB
Mlocked:               0 kB
SwapTotal:             0 kB
SwapFree:              0 kB
Dirty:               376 kB
Writeback:             0 kB
AnonPages:       1086352 kB
Mapped:           252788 kB
Shmem:             32460 kB
Slab:             311328 kB
SReclaimable:     278952 kB
SUnreclaim:        32376 kB
KernelStack:        3992 kB
PageTables:        36492 kB
NFS_Unstable:          0 kB
Bounce:                0 kB
WritebackTmp:          0 kB
CommitLimit:     8090180 kB
Committed_AS:    2770380 kB
VmallocTotal:   34359738367 kB
VmallocUsed:      362644 kB
VmallocChunk:   34359373835 kB
HardwareCorrupted:     0 kB
AnonHugePages:    688128 kB
HugePages_Total:       0
HugePages_Free:        0
HugePages_Rsvd:        0
HugePages_Surp:        0
Hugepagesize:       2048 kB
DirectMap4k:      111104 kB
DirectMap2M:     5916672 kB
DirectMap1G:    10485760 kB


CPU:total 4 (4 cores per cpu, 1 threads per core) family 16 model 5 stepping 2, cmov, cx8, fxsr, mmx, sse, sse2, sse3, popcnt, mmxext, 3dnowpref, lzcnt, sse4a

/proc/cpuinfo:
processor	: 0
vendor_id	: AuthenticAMD
cpu family	: 16
model		: 5
model name	: AMD Athlon(tm) II X4 620 Processor
stepping	: 2
microcode	: 0x10000c6
cpu MHz		: 800.000
cache size	: 512 KB
physical id	: 0
siblings	: 4
core id		: 0
cpu cores	: 4
apicid		: 0
initial apicid	: 0
fpu		: yes
fpu_exception	: yes
cpuid level	: 5
wp		: yes
flags		: fpu vme de pse tsc msr pae mce cx8 apic sep mtrr pge mca cmov pat pse36 clflush mmx fxsr sse sse2 ht syscall nx mmxext fxsr_opt pdpe1gb rdtscp lm 3dnowext 3dnow constant_tsc rep_good nopl nonstop_tsc extd_apicid pni monitor cx16 popcnt lahf_lm cmp_legacy svm extapic cr8_legacy abm sse4a misalignsse 3dnowprefetch osvw ibs skinit wdt nodeid_msr npt lbrv svm_lock nrip_save
bogomips	: 5225.76
TLB size	: 1024 4K pages
clflush size	: 64
cache_alignment	: 64
address sizes	: 48 bits physical, 48 bits virtual
power management: ts ttp tm stc 100mhzsteps hwpstate

processor	: 1
vendor_id	: AuthenticAMD
cpu family	: 16
model		: 5
model name	: AMD Athlon(tm) II X4 620 Processor
stepping	: 2
microcode	: 0x10000c6
cpu MHz		: 2600.000
cache size	: 512 KB
physical id	: 0
siblings	: 4
core id		: 1
cpu cores	: 4
apicid		: 1
initial apicid	: 1
fpu		: yes
fpu_exception	: yes
cpuid level	: 5
wp		: yes
flags		: fpu vme de pse tsc msr pae mce cx8 apic sep mtrr pge mca cmov pat pse36 clflush mmx fxsr sse sse2 ht syscall nx mmxext fxsr_opt pdpe1gb rdtscp lm 3dnowext 3dnow constant_tsc rep_good nopl nonstop_tsc extd_apicid pni monitor cx16 popcnt lahf_lm cmp_legacy svm extapic cr8_legacy abm sse4a misalignsse 3dnowprefetch osvw ibs skinit wdt nodeid_msr npt lbrv svm_lock nrip_save
bogomips	: 5225.76
TLB size	: 1024 4K pages
clflush size	: 64
cache_alignment	: 64
address sizes	: 48 bits physical, 48 bits virtual
power management: ts ttp tm stc 100mhzsteps hwpstate

processor	: 2
vendor_id	: AuthenticAMD
cpu family	: 16
model		: 5
model name	: AMD Athlon(tm) II X4 620 Processor
stepping	: 2
microcode	: 0x10000c6
cpu MHz		: 800.000
cache size	: 512 KB
physical id	: 0
siblings	: 4
core id		: 2
cpu cores	: 4
apicid		: 2
initial apicid	: 2
fpu		: yes
fpu_exception	: yes
cpuid level	: 5
wp		: yes
flags		: fpu vme de pse tsc msr pae mce cx8 apic sep mtrr pge mca cmov pat pse36 clflush mmx fxsr sse sse2 ht syscall nx mmxext fxsr_opt pdpe1gb rdtscp lm 3dnowext 3dnow constant_tsc rep_good nopl nonstop_tsc extd_apicid pni monitor cx16 popcnt lahf_lm cmp_legacy svm extapic cr8_legacy abm sse4a misalignsse 3dnowprefetch osvw ibs skinit wdt nodeid_msr npt lbrv svm_lock nrip_save
bogomips	: 5225.76
TLB size	: 1024 4K pages
clflush size	: 64
cache_alignment	: 64
address sizes	: 48 bits physical, 48 bits virtual
power management: ts ttp tm stc 100mhzsteps hwpstate

processor	: 3
vendor_id	: AuthenticAMD
cpu family	: 16
model		: 5
model name	: AMD Athlon(tm) II X4 620 Processor
stepping	: 2
microcode	: 0x10000c6
cpu MHz		: 800.000
cache size	: 512 KB
physical id	: 0
siblings	: 4
core id		: 3
cpu cores	: 4
apicid		: 3
initial apicid	: 3
fpu		: yes
fpu_exception	: yes
cpuid level	: 5
wp		: yes
flags		: fpu vme de pse tsc msr pae mce cx8 apic sep mtrr pge mca cmov pat pse36 clflush mmx fxsr sse sse2 ht syscall nx mmxext fxsr_opt pdpe1gb rdtscp lm 3dnowext 3dnow constant_tsc rep_good nopl nonstop_tsc extd_apicid pni monitor cx16 popcnt lahf_lm cmp_legacy svm extapic cr8_legacy abm sse4a misalignsse 3dnowprefetch osvw ibs skinit wdt nodeid_msr npt lbrv svm_lock nrip_save
bogomips	: 5225.76
TLB size	: 1024 4K pages
clflush size	: 64
cache_alignment	: 64
address sizes	: 48 bits physical, 48 bits virtual
power management: ts ttp tm stc 100mhzsteps hwpstate



Memory: 4k page, physical 16180360k(11894564k free), swap 0k(0k free)

vm_info: OpenJDK 64-Bit Server VM (22.0-b10) for linux-amd64 JRE (1.7.0_03-b147), built on Mar  6 2012 20:02:29 by "nobody" with gcc 4.6.3

time: Thu May 10 19:40:51 2012
elapsed time: 3 seconds

