#
# A fatal error has been detected by the Java Runtime Environment:
#
#  SIGSEGV (0xb) at pc=0x00007f538bcfe2a8, pid=6252, tid=139997149591296
#
# JRE version: 7.0_03-b147
# Java VM: OpenJDK 64-Bit Server VM (22.0-b10 mixed mode linux-amd64 compressed oops)
# Derivative: IcedTea7 2.1
# Distribution: Custom build (Tue Mar  6 19:52:34 UTC 2012)
# Problematic frame:
# C  [libX11.so.6+0x382a8]  XQueryExtension+0x28
#
# Failed to write core dump. Core dumps have been disabled. To enable core dumping, try "ulimit -c unlimited" before starting Java again
#
# If you would like to submit a bug report, please include
# instructions on how to reproduce the bug and visit:
#   http://icedtea.classpath.org/bugzilla
#

---------------  T H R E A D  ---------------

Current thread (0x00007f539c09d000):  VMThread [stack: 0x00007f53a04ef000,0x00007f53a05f0000] [id=6265]

siginfo:si_signo=SIGSEGV: si_errno=0, si_code=1 (SEGV_MAPERR), si_addr=0xffffffff9c1c8d98

Registers:
RAX=0x00007f537c0008c0, RBX=0xffffffff9c1c8430, RCX=0x00007f53a05ee8b8, RDX=0x00007f53a05ee8b4
RSP=0x00007f53a05ee850, RBP=0x00007f5360580932, RSI=0x00007f5360580932, RDI=0xffffffff9c1c8430
R8 =0x00007f53a05ee8bc, R9 =0x0000000000000000, R10=0x00007f53a05ee710, R11=0x00007f53a3db5ad0
R12=0x0000000000000000, R13=0x00007f5360580932, R14=0x00007f537c0008c0, R15=0x0000000000000000
RIP=0x00007f538bcfe2a8, EFLAGS=0x0000000000010206, CSGSFS=0x0000000000000033, ERR=0x0000000000000005
  TRAPNO=0x000000000000000e

Top of Stack: (sp=0x00007f53a05ee850)
0x00007f53a05ee850:   00007f53a05ee870 00007f53a05ee8c8
0x00007f53a05ee860:   00007f53a05ee8c9 00007f53a497a3da
0x00007f53a05ee870:   00007f53a05ee8f0 ffffffff9c1c8430
0x00007f53a05ee880:   00007f5360580932 0000000000000000
0x00007f53a05ee890:   00007f5360580932 00007f537c0008c0
0x00007f53a05ee8a0:   0000000000000000 00007f538bcf2285
0x00007f53a05ee8b0:   0000000000000000 00007f53a3dfab20
0x00007f53a05ee8c0:   00007f53606b9520 ffffffff9c1c8430
0x00007f53a05ee8d0:   00007f539c1d0c90 00007f5398221b1b
0x00007f53a05ee8e0:   00007f5300000005 0000001100000000
0x00007f53a05ee8f0:   00007f5300000005 0000000000000000
0x00007f53a05ee900:   00007f53a05ee970 ffffffff9c1c8430
0x00007f53a05ee910:   00007f53a05eeaf8 00007f53a05eec10
0x00007f53a05ee920:   00007f53606d2d50 00007f5360527119
0x00007f53a05ee930:   0000000000000000 00007f539c1d0d40
0x00007f53a05ee940:   00007f53a05ee970 00007f5360935008
0x00007f53a05ee950:   00007f53a05eeaf8 00007f53a05eec10
0x00007f53a05ee960:   00000000ffffffff 00007f536051db42
0x00007f53a05ee970:   00007f53a05eec80 00007f53605808b1
0x00007f53a05ee980:   00007f53a05eec80 00007f53a4970f5f
0x00007f53a05ee990:   00007f53a4b85170 00007f53a4b85700
0x00007f53a05ee9a0:   00007f53a4b51000 00007f539c005900
0x00007f53a05ee9b0:   00007f539c00a110 00007f539c17b2a0
0x00007f53a05ee9c0:   00007f539c17c720 00007f539c17d0b0
0x00007f53a05ee9d0:   00007f539c17d5c0 00007f539c17cbc0
0x00007f53a05ee9e0:   00007f539c17dad0 00007f539c17e9e0
0x00007f53a05ee9f0:   00007f539c17e4d0 00007f539c17eef0
0x00007f53a05eea00:   00007f539c17f3f0 00007f539c17f8e0
0x00007f53a05eea10:   00007f539c180300 00007f539c181c40
0x00007f53a05eea20:   00007f539c182da0 00007f539c1832a0
0x00007f53a05eea30:   00007f539c183790 00007f539c17c280
0x00007f53a05eea40:   00007f539c183c90 00007f539c1841a0 

Instructions: (pc=0x00007f538bcfe2a8)
0x00007f538bcfe288:   24 d8 48 89 fb 4c 89 64 24 e0 4c 89 6c 24 e8 48
0x00007f538bcfe298:   89 f5 4c 89 74 24 f0 4c 89 7c 24 f8 48 83 ec 58
0x00007f538bcfe2a8:   48 8b 87 68 09 00 00 49 89 d4 49 89 cd 4d 89 c6
0x00007f538bcfe2b8:   48 85 c0 74 02 ff 10 ba 08 00 00 00 be 62 00 00 

Register to memory mapping:

RAX=0x00007f537c0008c0 is an unknown value
RBX=0xffffffff9c1c8430 is an unknown value
RCX=0x00007f53a05ee8b8 is an unknown value
RDX=0x00007f53a05ee8b4 is an unknown value
RSP=0x00007f53a05ee850 is an unknown value
RBP=0x00007f5360580932: <offset 0x96932> in /usr/lib/libGL.so.1 at 0x00007f53604ea000
RSI=0x00007f5360580932: <offset 0x96932> in /usr/lib/libGL.so.1 at 0x00007f53604ea000
RDI=0xffffffff9c1c8430 is an unknown value
R8 =0x00007f53a05ee8bc is an unknown value
R9 =0x0000000000000000 is an unknown value
R10=0x00007f53a05ee710 is an unknown value
R11=0x00007f53a3db5ad0: __cxa_finalize+0 in /lib/libc.so.6 at 0x00007f53a3d7e000
R12=0x0000000000000000 is an unknown value
R13=0x00007f5360580932: <offset 0x96932> in /usr/lib/libGL.so.1 at 0x00007f53604ea000
R14=0x00007f537c0008c0 is an unknown value
R15=0x0000000000000000 is an unknown value


Stack: [0x00007f53a04ef000,0x00007f53a05f0000],  sp=0x00007f53a05ee850,  free space=1022k
Native frames: (J=compiled Java code, j=interpreted, Vv=VM code, C=native code)
C  [libX11.so.6+0x382a8]  XQueryExtension+0x28

VM_Operation (0x00007f535d18ff60): Exit, mode: safepoint, requested by thread 0x00007f539c4dc800


---------------  P R O C E S S  ---------------

Java Threads: ( => current thread )
  0x00007f539c006000 JavaThread "DestroyJavaVM" [_thread_blocked, id=6259, stack(0x00007f53a4a4c000,0x00007f53a4b4d000)]
  0x00007f539c4bd000 JavaThread "Thread-0" [_thread_blocked, id=6278, stack(0x00007f535cf91000,0x00007f535d092000)]
  0x00007f539c4dc800 JavaThread "AWT-EventQueue-0" [_thread_blocked, id=6277, stack(0x00007f535d092000,0x00007f535d193000)]
  0x00007f539c4db000 JavaThread "AWT-Shutdown" [_thread_blocked, id=6276, stack(0x00007f535d193000,0x00007f535d294000)]
  0x00007f539c440000 JavaThread "AWT-XAWT" daemon [_thread_blocked, id=6275, stack(0x00007f535d3b3000,0x00007f535d4b4000)]
  0x00007f539c3f6000 JavaThread "Java2D Disposer" daemon [_thread_blocked, id=6274, stack(0x00007f535d4b4000,0x00007f535d5b5000)]
  0x00007f539c3f3800 JavaThread "Java2D Queue Flusher" daemon [_thread_blocked, id=6273, stack(0x00007f535d63d000,0x00007f535d73e000)]
  0x00007f539c106000 JavaThread "Service Thread" daemon [_thread_blocked, id=6271, stack(0x00007f5398a52000,0x00007f5398b53000)]
  0x00007f539c103800 JavaThread "C2 CompilerThread1" daemon [_thread_blocked, id=6270, stack(0x00007f5398b53000,0x00007f5398c54000)]
  0x00007f539c101000 JavaThread "C2 CompilerThread0" daemon [_thread_blocked, id=6269, stack(0x00007f53a00eb000,0x00007f53a01ec000)]
  0x00007f539c0fe800 JavaThread "Signal Dispatcher" daemon [_thread_blocked, id=6268, stack(0x00007f53a01ec000,0x00007f53a02ed000)]
  0x00007f539c0a8000 JavaThread "Finalizer" daemon [_thread_blocked, id=6267, stack(0x00007f53a02ed000,0x00007f53a03ee000)]
  0x00007f539c0a5800 JavaThread "Reference Handler" daemon [_thread_blocked, id=6266, stack(0x00007f53a03ee000,0x00007f53a04ef000)]

Other Threads:
=>0x00007f539c09d000 VMThread [stack: 0x00007f53a04ef000,0x00007f53a05f0000] [id=6265]

VM state:at safepoint (shutting down)

VM Mutex/Monitor currently owned by a thread:  ([mutex/lock_event])
[0x00007f539c003f50] Threads_lock - owner thread: 0x00007f539c09d000

Heap
 PSYoungGen      total 73792K, used 26725K [0x00000007adab0000, 0x00000007b2d00000, 0x0000000800000000)
  eden space 63296K, 42% used [0x00000007adab0000,0x00000007af4c95c8,0x00000007b1880000)
  from space 10496K, 0% used [0x00000007b22c0000,0x00000007b22c0000,0x00000007b2d00000)
  to   space 10496K, 0% used [0x00000007b1880000,0x00000007b1880000,0x00000007b22c0000)
 PSOldGen        total 168576K, used 0K [0x0000000709000000, 0x00000007134a0000, 0x00000007adab0000)
  object space 168576K, 0% used [0x0000000709000000,0x0000000709000000,0x00000007134a0000)
 PSPermGen       total 21248K, used 10575K [0x00000006fea00000, 0x00000006ffec0000, 0x0000000709000000)
  object space 21248K, 49% used [0x00000006fea00000,0x00000006ff453f30,0x00000006ffec0000)

Code Cache  [0x00007f5399000000, 0x00007f5399270000, 0x00007f539c000000)
 total_blobs=505 nmethods=73 adapters=386 free_code_cache=48430Kb largest_free_block=49573056

Dynamic libraries:
00400000-00401000 r-xp 00000000 08:06 533859                             /usr/lib/jvm/java-7-openjdk/jre/bin/java
00600000-00601000 rw-p 00000000 08:06 533859                             /usr/lib/jvm/java-7-openjdk/jre/bin/java
01d85000-01da6000 rw-p 00000000 00:00 0                                  [heap]
6fea00000-6ffec0000 rw-p 00000000 00:00 0 
6ffec0000-709000000 rw-p 00000000 00:00 0 
709000000-7134a0000 rw-p 00000000 00:00 0 
7134a0000-7adab0000 rw-p 00000000 00:00 0 
7adab0000-7b2d00000 rw-p 00000000 00:00 0 
7b2d00000-800000000 rw-p 00000000 00:00 0 
7f5340000000-7f53400f9000 rw-p 00000000 00:00 0 
7f53400f9000-7f5344000000 ---p 00000000 00:00 0 
7f5344000000-7f5344021000 rw-p 00000000 00:00 0 
7f5344021000-7f5348000000 ---p 00000000 00:00 0 
7f5348000000-7f5348021000 rw-p 00000000 00:00 0 
7f5348021000-7f534c000000 ---p 00000000 00:00 0 
7f534c000000-7f534c182000 rw-p 00000000 00:00 0 
7f534c182000-7f5350000000 ---p 00000000 00:00 0 
7f5350000000-7f5350021000 rw-p 00000000 00:00 0 
7f5350021000-7f5354000000 ---p 00000000 00:00 0 
7f5354000000-7f5354021000 rw-p 00000000 00:00 0 
7f5354021000-7f5358000000 ---p 00000000 00:00 0 
7f5358000000-7f5358919000 rw-p 00000000 00:00 0 
7f5358919000-7f535c000000 ---p 00000000 00:00 0 
7f535c22a000-7f535c22d000 ---p 00000000 00:00 0 
7f535c22d000-7f535c32b000 rw-p 00000000 00:00 0 
7f535c32b000-7f535c32e000 ---p 00000000 00:00 0 
7f535c32e000-7f535c42c000 rw-p 00000000 00:00 0 
7f535c42c000-7f535c62c000 rw-s d6c85000 00:05 10083                      /dev/ati/card1
7f535c62c000-7f535c82d000 rw-s d3fe8000 00:05 10083                      /dev/ati/card1
7f535c82d000-7f535c83d000 r-xp 00000000 08:06 525189                     /usr/lib/jvm/java-7-openjdk/jre/lib/amd64/libnio.so
7f535c83d000-7f535ca3d000 ---p 00010000 08:06 525189                     /usr/lib/jvm/java-7-openjdk/jre/lib/amd64/libnio.so
7f535ca3d000-7f535ca3e000 rw-p 00010000 08:06 525189                     /usr/lib/jvm/java-7-openjdk/jre/lib/amd64/libnio.so
7f535ca3e000-7f535ca53000 r-xp 00000000 08:06 525188                     /usr/lib/jvm/java-7-openjdk/jre/lib/amd64/libnet.so
7f535ca53000-7f535cc53000 ---p 00015000 08:06 525188                     /usr/lib/jvm/java-7-openjdk/jre/lib/amd64/libnet.so
7f535cc53000-7f535cc54000 rw-p 00015000 08:06 525188                     /usr/lib/jvm/java-7-openjdk/jre/lib/amd64/libnet.so
7f535cc54000-7f535cc8e000 r-xp 00000000 08:06 525196                     /usr/lib/jvm/java-7-openjdk/jre/lib/amd64/libfontmanager.so
7f535cc8e000-7f535ce8e000 ---p 0003a000 08:06 525196                     /usr/lib/jvm/java-7-openjdk/jre/lib/amd64/libfontmanager.so
7f535ce8e000-7f535ce91000 rw-p 0003a000 08:06 525196                     /usr/lib/jvm/java-7-openjdk/jre/lib/amd64/libfontmanager.so
7f535ce91000-7f535cf91000 rw-s 0b2b3000 00:05 10083                      /dev/ati/card1
7f535cf91000-7f535cf94000 ---p 00000000 00:00 0 
7f535cf94000-7f535d092000 rw-p 00000000 00:00 0 
7f535d092000-7f535d095000 ---p 00000000 00:00 0 
7f535d095000-7f535d193000 rw-p 00000000 00:00 0 
7f535d193000-7f535d196000 ---p 00000000 00:00 0 
7f535d196000-7f535d294000 rw-p 00000000 00:00 0 
7f535d294000-7f535d295000 r--s 00000000 00:11 27270                      /home/tobi/.fontconfig/5604230ae2129cf9aeedc64ab4ef6938-le64.cache-3
7f535d295000-7f535d2ab000 r--s 00000000 08:07 22836                      /var/cache/fontconfig/8d4af663993b81a124ee82e610bb31f9-le64.cache-3
7f535d2ab000-7f535d2b4000 r--s 00000000 08:07 26938                      /var/cache/fontconfig/d62e99ef547d1d24cdb1bd22ec1a2976-le64.cache-3
7f535d2b4000-7f535d2f9000 r--s 00000000 08:07 26937                      /var/cache/fontconfig/f6b893a7224233d96cb72fd88691c0b4-le64.cache-3
7f535d2f9000-7f535d356000 r--s 00000000 08:07 26936                      /var/cache/fontconfig/17090aa38d5c6f09fb8c5c354938f1d7-le64.cache-3
7f535d356000-7f535d3b3000 r--s 00000000 08:07 26934                      /var/cache/fontconfig/df311e82a1a24c41a75c2c930223552e-le64.cache-3
7f535d3b3000-7f535d3b6000 ---p 00000000 00:00 0 
7f535d3b6000-7f535d4b4000 rw-p 00000000 00:00 0 
7f535d4b4000-7f535d4b7000 ---p 00000000 00:00 0 
7f535d4b7000-7f535d5fd000 rw-p 00000000 00:00 0 
7f535d5fd000-7f535d63d000 rw-s 00030000 00:05 10083                      /dev/ati/card1
7f535d63d000-7f535d640000 ---p 00000000 00:00 0 
7f535d640000-7f535d73e000 rw-p 00000000 00:00 0 
7f535d73e000-7f535de3e000 rw-s 00006000 00:05 10083                      /dev/ati/card1
7f535de3e000-7f535dfbe000 rw-p 00000000 00:00 0 
7f535dfbe000-7f535dff9000 r-xp 00000000 08:06 527355                     /usr/lib/libatiadlxx.so
7f535dff9000-7f535e0f9000 ---p 0003b000 08:06 527355                     /usr/lib/libatiadlxx.so
7f535e0f9000-7f535e102000 rw-p 0003b000 08:06 527355                     /usr/lib/libatiadlxx.so
7f535e102000-7f535e113000 rw-p 00000000 00:00 0 
7f535e113000-7f535e11a000 r-xp 00000000 08:06 526968                     /usr/lib/libatiuki.so.1.0
7f535e11a000-7f535e21a000 ---p 00007000 08:06 526968                     /usr/lib/libatiuki.so.1.0
7f535e21a000-7f535e21b000 rw-p 00007000 08:06 526968                     /usr/lib/libatiuki.so.1.0
7f535e21b000-7f535e21c000 rw-p 00000000 00:00 0 
7f535e21c000-7f5360176000 r-xp 00000000 08:06 527438                     /usr/lib/xorg/modules/dri/fglrx_dri.so
7f5360176000-7f5360276000 ---p 01f5a000 08:06 527438                     /usr/lib/xorg/modules/dri/fglrx_dri.so
7f5360276000-7f53603c4000 rwxp 01f5a000 08:06 527438                     /usr/lib/xorg/modules/dri/fglrx_dri.so
7f53603c4000-7f53604ea000 rwxp 00000000 00:00 0 
7f53604ea000-7f53605ad000 r-xp 00000000 08:06 531369                     /usr/lib/fglrx/fglrx-libGL.so.1.2
7f53605ad000-7f53606ac000 ---p 000c3000 08:06 531369                     /usr/lib/fglrx/fglrx-libGL.so.1.2
7f53606ac000-7f53606d3000 rwxp 000c2000 08:06 531369                     /usr/lib/fglrx/fglrx-libGL.so.1.2
7f53606d3000-7f53606f3000 rwxp 00000000 00:00 0 
7f53606f3000-7f5360735000 r-xp 00000000 08:06 527897                     /usr/lib/libdbus-1.so.3.5.9
7f5360735000-7f5360935000 ---p 00042000 08:06 527897                     /usr/lib/libdbus-1.so.3.5.9
7f5360935000-7f5360937000 rw-p 00042000 08:06 527897                     /usr/lib/libdbus-1.so.3.5.9
7f5360937000-7f5360948000 r-xp 00000000 08:06 533797                     /usr/lib/libp11-kit.so.0.0.0
7f5360948000-7f5360b47000 ---p 00011000 08:06 533797                     /usr/lib/libp11-kit.so.0.0.0
7f5360b47000-7f5360b48000 r--p 00010000 08:06 533797                     /usr/lib/libp11-kit.so.0.0.0
7f5360b48000-7f5360b49000 rw-p 00011000 08:06 533797                     /usr/lib/libp11-kit.so.0.0.0
7f5360b49000-7f5360bae000 r-xp 00000000 08:06 527102                     /usr/lib/libgmp.so.10.0.5
7f5360bae000-7f5360dae000 ---p 00065000 08:06 527102                     /usr/lib/libgmp.so.10.0.5
7f5360dae000-7f5360daf000 r--p 00065000 08:06 527102                     /usr/lib/libgmp.so.10.0.5
7f5360daf000-7f5360db8000 rw-p 00066000 08:06 527102                     /usr/lib/libgmp.so.10.0.5
7f5360db8000-7f5360dca000 r-xp 00000000 08:06 533726                     /usr/lib/libhogweed.so.2.1
7f5360dca000-7f5360fc9000 ---p 00012000 08:06 533726                     /usr/lib/libhogweed.so.2.1
7f5360fc9000-7f5360fca000 r--p 00011000 08:06 533726                     /usr/lib/libhogweed.so.2.1
7f5360fca000-7f5360fcb000 rw-p 00012000 08:06 533726                     /usr/lib/libhogweed.so.2.1
7f5360fcb000-7f5360ff0000 r-xp 00000000 08:06 531660                     /usr/lib/libnettle.so.4.3
7f5360ff0000-7f53611f0000 ---p 00025000 08:06 531660                     /usr/lib/libnettle.so.4.3
7f53611f0000-7f53611f1000 r--p 00025000 08:06 531660                     /usr/lib/libnettle.so.4.3
7f53611f1000-7f53611f2000 rw-p 00026000 08:06 531660                     /usr/lib/libnettle.so.4.3
7f53611f2000-7f5361202000 r-xp 00000000 08:06 523686                     /usr/lib/libtasn1.so.3.1.15
7f5361202000-7f5361401000 ---p 00010000 08:06 523686                     /usr/lib/libtasn1.so.3.1.15
7f5361401000-7f5361402000 r--p 0000f000 08:06 523686                     /usr/lib/libtasn1.so.3.1.15
7f5361402000-7f5361403000 rw-p 00010000 08:06 523686                     /usr/lib/libtasn1.so.3.1.15
7f5361403000-7f5361406000 r-xp 00000000 08:06 536931                     /usr/lib/libkeyutils.so.1.4
7f5361406000-7f5361605000 ---p 00003000 08:06 536931                     /usr/lib/libkeyutils.so.1.4
7f5361605000-7f5361606000 r--p 00002000 08:06 536931                     /usr/lib/libkeyutils.so.1.4
7f5361606000-7f5361607000 rw-p 00003000 08:06 536931                     /usr/lib/libkeyutils.so.1.4
7f5361607000-7f5361610000 r-xp 00000000 08:06 529619                     /usr/lib/libkrb5support.so.0.1
7f5361610000-7f536180f000 ---p 00009000 08:06 529619                     /usr/lib/libkrb5support.so.0.1
7f536180f000-7f5361810000 r--p 00008000 08:06 529619                     /usr/lib/libkrb5support.so.0.1
7f5361810000-7f5361811000 rw-p 00009000 08:06 529619                     /usr/lib/libkrb5support.so.0.1
7f5361811000-7f5361814000 r-xp 00000000 08:06 524071                     /usr/lib/libcom_err.so.2.1
7f5361814000-7f5361a13000 ---p 00003000 08:06 524071                     /usr/lib/libcom_err.so.2.1
7f5361a13000-7f5361a14000 r--p 00002000 08:06 524071                     /usr/lib/libcom_err.so.2.1
7f5361a14000-7f5361a15000 rw-p 00003000 08:06 524071                     /usr/lib/libcom_err.so.2.1
7f5361a15000-7f5361a3d000 r-xp 00000000 08:06 533131                     /usr/lib/libk5crypto.so.3.1
7f5361a3d000-7f5361c3d000 ---p 00028000 08:06 533131                     /usr/lib/libk5crypto.so.3.1
7f5361c3d000-7f5361c3e000 r--p 00028000 08:06 533131                     /usr/lib/libk5crypto.so.3.1
7f5361c3e000-7f5361c3f000 rw-p 00029000 08:06 533131                     /usr/lib/libk5crypto.so.3.1
7f5361c3f000-7f5361c40000 rw-p 00000000 00:00 0 
7f5361c40000-7f5361d18000 r-xp 00000000 08:06 527453                     /usr/lib/libkrb5.so.3.3
7f5361d18000-7f5361f18000 ---p 000d8000 08:06 527453                     /usr/lib/libkrb5.so.3.3
7f5361f18000-7f5361f22000 r--p 000d8000 08:06 527453                     /usr/lib/libkrb5.so.3.3
7f5361f22000-7f5361f24000 rw-p 000e2000 08:06 527453                     /usr/lib/libkrb5.so.3.3
7f5361f24000-7f5361f29000 r-xp 00000000 08:06 523755                     /usr/lib/libXdmcp.so.6.0.0
7f5361f29000-7f5362128000 ---p 00005000 08:06 523755                     /usr/lib/libXdmcp.so.6.0.0
7f5362128000-7f5362129000 r--p 00004000 08:06 523755                     /usr/lib/libXdmcp.so.6.0.0
7f5362129000-7f536212a000 rw-p 00005000 08:06 523755                     /usr/lib/libXdmcp.so.6.0.0
7f536212a000-7f536212c000 r-xp 00000000 08:06 523713                     /usr/lib/libXau.so.6.0.0
7f536212c000-7f536232c000 ---p 00002000 08:06 523713                     /usr/lib/libXau.so.6.0.0
7f536232c000-7f536232d000 r--p 00002000 08:06 523713                     /usr/lib/libXau.so.6.0.0
7f536232d000-7f536232e000 rw-p 00003000 08:06 523713                     /usr/lib/libXau.so.6.0.0
7f536232e000-7f536233e000 r-xp 00000000 08:06 526584                     /usr/lib/libavahi-client.so.3.2.9
7f536233e000-7f536253d000 ---p 00010000 08:06 526584                     /usr/lib/libavahi-client.so.3.2.9
7f536253d000-7f536253e000 r--p 0000f000 08:06 526584                     /usr/lib/libavahi-client.so.3.2.9
7f536253e000-7f536253f000 rw-p 00010000 08:06 526584                     /usr/lib/libavahi-client.so.3.2.9
7f536253f000-7f536254b000 r-xp 00000000 08:06 527596                     /usr/lib/libavahi-common.so.3.5.3
7f536254b000-7f536274a000 ---p 0000c000 08:06 527596                     /usr/lib/libavahi-common.so.3.5.3
7f536274a000-7f536274b000 r--p 0000b000 08:06 527596                     /usr/lib/libavahi-common.so.3.5.3
7f536274b000-7f536274c000 rw-p 0000c000 08:06 527596                     /usr/lib/libavahi-common.so.3.5.3
7f536274c000-7f536283e000 r-xp 00000000 08:06 528636                     /usr/lib/libgnutls.so.28.8.1
7f536283e000-7f5362a3e000 ---p 000f2000 08:06 528636                     /usr/lib/libgnutls.so.28.8.1
7f5362a3e000-7f5362a46000 r--p 000f2000 08:06 528636                     /usr/lib/libgnutls.so.28.8.1
7f5362a46000-7f5362a48000 rw-p 000fa000 08:06 528636                     /usr/lib/libgnutls.so.28.8.1
7f5362a48000-7f5362a49000 rw-p 00000000 00:00 0 
7f5362a49000-7f5362a8a000 r-xp 00000000 08:06 533554                     /usr/lib/libgssapi_krb5.so.2.2
7f5362a8a000-7f5362c8a000 ---p 00041000 08:06 533554                     /usr/lib/libgssapi_krb5.so.2.2
7f5362c8a000-7f5362c8b000 r--p 00041000 08:06 533554                     /usr/lib/libgssapi_krb5.so.2.2
7f5362c8b000-7f5362c8d000 rw-p 00042000 08:06 533554                     /usr/lib/libgssapi_krb5.so.2.2
7f5362c8d000-7f5362cb5000 r-xp 00000000 08:06 534280                     /usr/lib/libexpat.so.1.6.0
7f5362cb5000-7f5362eb4000 ---p 00028000 08:06 534280                     /usr/lib/libexpat.so.1.6.0
7f5362eb4000-7f5362eb6000 r--p 00027000 08:06 534280                     /usr/lib/libexpat.so.1.6.0
7f5362eb6000-7f5362eb7000 rw-p 00029000 08:06 534280                     /usr/lib/libexpat.so.1.6.0
7f5362eb7000-7f5362ec6000 r-xp 00000000 08:06 535331                     /usr/lib/libbz2.so.1.0.6
7f5362ec6000-7f53630c5000 ---p 0000f000 08:06 535331                     /usr/lib/libbz2.so.1.0.6
7f53630c5000-7f53630c7000 rw-p 0000e000 08:06 535331                     /usr/lib/libbz2.so.1.0.6
7f53630c7000-7f53630cf000 r-xp 00000000 08:06 534957                     /usr/lib/libxcb-render.so.0.0.0
7f53630cf000-7f53632cf000 ---p 00008000 08:06 534957                     /usr/lib/libxcb-render.so.0.0.0
7f53632cf000-7f53632d0000 rw-p 00008000 08:06 534957                     /usr/lib/libxcb-render.so.0.0.0
7f53632d0000-7f53632d2000 r-xp 00000000 08:06 530934                     /usr/lib/libxcb-shm.so.0.0.0
7f53632d2000-7f53634d1000 ---p 00002000 08:06 530934                     /usr/lib/libxcb-shm.so.0.0.0
7f53634d1000-7f53634d2000 rw-p 00001000 08:06 530934                     /usr/lib/libxcb-shm.so.0.0.0
7f53634d2000-7f5363553000 r-xp 00000000 08:06 528735                     /usr/lib/libpixman-1.so.0.24.4
7f5363553000-7f5363753000 ---p 00081000 08:06 528735                     /usr/lib/libpixman-1.so.0.24.4
7f5363753000-7f5363759000 r--p 00081000 08:06 528735                     /usr/lib/libpixman-1.so.0.24.4
7f5363759000-7f536375a000 rw-p 00087000 08:06 528735                     /usr/lib/libpixman-1.so.0.24.4
7f536375a000-7f5363786000 r-xp 00000000 08:06 528725                     /usr/lib/libpng15.so.15.10.0
7f5363786000-7f5363985000 ---p 0002c000 08:06 528725                     /usr/lib/libpng15.so.15.10.0
7f5363985000-7f5363986000 r--p 0002b000 08:06 528725                     /usr/lib/libpng15.so.15.10.0
7f5363986000-7f5363987000 rw-p 0002c000 08:06 528725                     /usr/lib/libpng15.so.15.10.0
7f5363987000-7f536399a000 r-xp 00000000 08:06 1332                       /lib/libresolv-2.15.so
7f536399a000-7f5363b9a000 ---p 00013000 08:06 1332                       /lib/libresolv-2.15.so
7f5363b9a000-7f5363b9b000 r--p 00013000 08:06 1332                       /lib/libresolv-2.15.so
7f5363b9b000-7f5363b9c000 rw-p 00014000 08:06 1332                       /lib/libresolv-2.15.so
7f5363b9c000-7f5363b9e000 rw-p 00000000 00:00 0 
7f5363b9e000-7f5363bf7000 r-xp 00000000 08:06 531196                     /usr/lib/libpcre.so.1.0.0
7f5363bf7000-7f5363df6000 ---p 00059000 08:06 531196                     /usr/lib/libpcre.so.1.0.0
7f5363df6000-7f5363df7000 r--p 00058000 08:06 531196                     /usr/lib/libpcre.so.1.0.0
7f5363df7000-7f5363df8000 rw-p 00059000 08:06 531196                     /usr/lib/libpcre.so.1.0.0
7f5363df8000-7f5363dff000 r-xp 00000000 08:06 533126                     /usr/lib/libffi.so.6.0.0
7f5363dff000-7f5363ffe000 ---p 00007000 08:06 533126                     /usr/lib/libffi.so.6.0.0
7f5363ffe000-7f5363fff000 r--p 00006000 08:06 533126                     /usr/lib/libffi.so.6.0.0
7f5363fff000-7f5364000000 rw-p 00007000 08:06 533126                     /usr/lib/libffi.so.6.0.0
7f5364000000-7f5364021000 rw-p 00000000 00:00 0 
7f5364021000-7f5368000000 ---p 00000000 00:00 0 
7f5368000000-7f5368021000 rw-p 00000000 00:00 0 
7f5368021000-7f536c000000 ---p 00000000 00:00 0 
7f536c000000-7f536c391000 rw-p 00000000 00:00 0 
7f536c391000-7f5370000000 ---p 00000000 00:00 0 
7f5370000000-7f53704fb000 rw-p 00000000 00:00 0 
7f53704fb000-7f5374000000 ---p 00000000 00:00 0 
7f5374000000-7f5374021000 rw-p 00000000 00:00 0 
7f5374021000-7f5378000000 ---p 00000000 00:00 0 
7f5378000000-7f5378021000 rw-p 00000000 00:00 0 
7f5378021000-7f537c000000 ---p 00000000 00:00 0 
7f537c000000-7f537c021000 rw-p 00000000 00:00 0 
7f537c021000-7f5380000000 ---p 00000000 00:00 0 
7f5380000000-7f5380021000 rw-p 00000000 00:00 0 
7f5380021000-7f5384000000 ---p 00000000 00:00 0 
7f5384000000-7f5384021000 rw-p 00000000 00:00 0 
7f5384021000-7f5388000000 ---p 00000000 00:00 0 
7f538800d000-7f538800f000 r-xp 00000000 08:06 533292                     /usr/lib/libXdamage.so.1.1.0
7f538800f000-7f538820e000 ---p 00002000 08:06 533292                     /usr/lib/libXdamage.so.1.1.0
7f538820e000-7f538820f000 r--p 00001000 08:06 533292                     /usr/lib/libXdamage.so.1.1.0
7f538820f000-7f5388210000 rw-p 00002000 08:06 533292                     /usr/lib/libXdamage.so.1.1.0
7f5388210000-7f5388212000 r-xp 00000000 08:06 523753                     /usr/lib/libXcomposite.so.1.0.0
7f5388212000-7f5388411000 ---p 00002000 08:06 523753                     /usr/lib/libXcomposite.so.1.0.0
7f5388411000-7f5388412000 r--p 00001000 08:06 523753                     /usr/lib/libXcomposite.so.1.0.0
7f5388412000-7f5388413000 rw-p 00002000 08:06 523753                     /usr/lib/libXcomposite.so.1.0.0
7f5388413000-7f538841c000 r-xp 00000000 08:06 531336                     /usr/lib/libXcursor.so.1.0.2
7f538841c000-7f538861b000 ---p 00009000 08:06 531336                     /usr/lib/libXcursor.so.1.0.2
7f538861b000-7f538861c000 r--p 00008000 08:06 531336                     /usr/lib/libXcursor.so.1.0.2
7f538861c000-7f538861d000 rw-p 00009000 08:06 531336                     /usr/lib/libXcursor.so.1.0.2
7f538861d000-7f5388625000 r-xp 00000000 08:06 533170                     /usr/lib/libXrandr.so.2.2.0
7f5388625000-7f5388824000 ---p 00008000 08:06 533170                     /usr/lib/libXrandr.so.2.2.0
7f5388824000-7f5388825000 r--p 00007000 08:06 533170                     /usr/lib/libXrandr.so.2.2.0
7f5388825000-7f5388826000 rw-p 00008000 08:06 533170                     /usr/lib/libXrandr.so.2.2.0
7f5388826000-7f5388828000 r-xp 00000000 08:06 523766                     /usr/lib/libXinerama.so.1.0.0
7f5388828000-7f5388a27000 ---p 00002000 08:06 523766                     /usr/lib/libXinerama.so.1.0.0
7f5388a27000-7f5388a28000 r--p 00001000 08:06 523766                     /usr/lib/libXinerama.so.1.0.0
7f5388a28000-7f5388a29000 rw-p 00002000 08:06 523766                     /usr/lib/libXinerama.so.1.0.0
7f5388a29000-7f5388a2e000 r-xp 00000000 08:06 523749                     /usr/lib/libXfixes.so.3.1.0
7f5388a2e000-7f5388c2e000 ---p 00005000 08:06 523749                     /usr/lib/libXfixes.so.3.1.0
7f5388c2e000-7f5388c2f000 r--p 00005000 08:06 523749                     /usr/lib/libXfixes.so.3.1.0
7f5388c2f000-7f5388c30000 rw-p 00006000 08:06 523749                     /usr/lib/libXfixes.so.3.1.0
7f5388c30000-7f5388c4d000 r-xp 00000000 08:06 533661                     /usr/lib/libxcb.so.1.1.0
7f5388c4d000-7f5388e4d000 ---p 0001d000 08:06 533661                     /usr/lib/libxcb.so.1.1.0
7f5388e4d000-7f5388e4e000 rw-p 0001d000 08:06 533661                     /usr/lib/libxcb.so.1.1.0
7f5388e4e000-7f5388ea0000 r-xp 00000000 08:06 527907                     /usr/lib/libcups.so.2
7f5388ea0000-7f53890a0000 ---p 00052000 08:06 527907                     /usr/lib/libcups.so.2
7f53890a0000-7f53890a4000 r--p 00052000 08:06 527907                     /usr/lib/libcups.so.2
7f53890a4000-7f53890a5000 rw-p 00056000 08:06 527907                     /usr/lib/libcups.so.2
7f53890a5000-7f5389197000 r-xp 00000000 08:06 528037                     /usr/lib/libglib-2.0.so.0.3200.3
7f5389197000-7f5389396000 ---p 000f2000 08:06 528037                     /usr/lib/libglib-2.0.so.0.3200.3
7f5389396000-7f5389397000 r--p 000f1000 08:06 528037                     /usr/lib/libglib-2.0.so.0.3200.3
7f5389397000-7f5389398000 rw-p 000f2000 08:06 528037                     /usr/lib/libglib-2.0.so.0.3200.3
7f5389398000-7f5389399000 rw-p 00000000 00:00 0 
7f5389399000-7f538939a000 r-xp 00000000 08:06 528046                     /usr/lib/libgthread-2.0.so.0.3200.3
7f538939a000-7f5389599000 ---p 00001000 08:06 528046                     /usr/lib/libgthread-2.0.so.0.3200.3
7f5389599000-7f538959a000 r--p 00000000 08:06 528046                     /usr/lib/libgthread-2.0.so.0.3200.3
7f538959a000-7f538959b000 rw-p 00001000 08:06 528046                     /usr/lib/libgthread-2.0.so.0.3200.3
7f538959b000-7f538959e000 r-xp 00000000 08:06 528042                     /usr/lib/libgmodule-2.0.so.0.3200.3
7f538959e000-7f538979d000 ---p 00003000 08:06 528042                     /usr/lib/libgmodule-2.0.so.0.3200.3
7f538979d000-7f538979e000 r--p 00002000 08:06 528042                     /usr/lib/libgmodule-2.0.so.0.3200.3
7f538979e000-7f538979f000 rw-p 00003000 08:06 528042                     /usr/lib/libgmodule-2.0.so.0.3200.3
7f538979f000-7f53897eb000 r-xp 00000000 08:06 528048                     /usr/lib/libgobject-2.0.so.0.3200.3
7f53897eb000-7f53899eb000 ---p 0004c000 08:06 528048                     /usr/lib/libgobject-2.0.so.0.3200.3
7f53899eb000-7f53899ec000 r--p 0004c000 08:06 528048                     /usr/lib/libgobject-2.0.so.0.3200.3
7f53899ec000-7f53899ed000 rw-p 0004d000 08:06 528048                     /usr/lib/libgobject-2.0.so.0.3200.3
7f53899ed000-7f5389a21000 r-xp 00000000 08:06 534580                     /usr/lib/libfontconfig.so.1.4.4
7f5389a21000-7f5389c21000 ---p 00034000 08:06 534580                     /usr/lib/libfontconfig.so.1.4.4
7f5389c21000-7f5389c22000 r--p 00034000 08:06 534580                     /usr/lib/libfontconfig.so.1.4.4
7f5389c22000-7f5389c23000 rw-p 00035000 08:06 534580                     /usr/lib/libfontconfig.so.1.4.4
7f5389c23000-7f5389cbc000 r-xp 00000000 08:06 533427                     /usr/lib/libfreetype.so.6.8.1
7f5389cbc000-7f5389ebb000 ---p 00099000 08:06 533427                     /usr/lib/libfreetype.so.6.8.1
7f5389ebb000-7f5389ec1000 r--p 00098000 08:06 533427                     /usr/lib/libfreetype.so.6.8.1
7f5389ec1000-7f5389ec2000 rw-p 0009e000 08:06 533427                     /usr/lib/libfreetype.so.6.8.1
7f5389ec2000-7f5389f0a000 r-xp 00000000 08:06 533234                     /usr/lib/libpango-1.0.so.0.3000.0
7f5389f0a000-7f538a10a000 ---p 00048000 08:06 533234                     /usr/lib/libpango-1.0.so.0.3000.0
7f538a10a000-7f538a10c000 r--p 00048000 08:06 533234                     /usr/lib/libpango-1.0.so.0.3000.0
7f538a10c000-7f538a10d000 rw-p 0004a000 08:06 533234                     /usr/lib/libpango-1.0.so.0.3000.0
7f538a10d000-7f538a1fd000 r-xp 00000000 08:06 527614                     /usr/lib/libcairo.so.2.11200.2
7f538a1fd000-7f538a3fd000 ---p 000f0000 08:06 527614                     /usr/lib/libcairo.so.2.11200.2
7f538a3fd000-7f538a401000 rw-p 000f0000 08:06 527614                     /usr/lib/libcairo.so.2.11200.2
7f538a401000-7f538a402000 rw-p 00000000 00:00 0 
7f538a402000-7f538a423000 r-xp 00000000 08:06 532661                     /usr/lib/libgdk_pixbuf-2.0.so.0.2600.1
7f538a423000-7f538a622000 ---p 00021000 08:06 532661                     /usr/lib/libgdk_pixbuf-2.0.so.0.2600.1
7f538a622000-7f538a623000 r--p 00020000 08:06 532661                     /usr/lib/libgdk_pixbuf-2.0.so.0.2600.1
7f538a623000-7f538a624000 rw-p 00021000 08:06 532661                     /usr/lib/libgdk_pixbuf-2.0.so.0.2600.1
7f538a624000-7f538a62f000 r-xp 00000000 08:06 533238                     /usr/lib/libpangocairo-1.0.so.0.3000.0
7f538a62f000-7f538a82f000 ---p 0000b000 08:06 533238                     /usr/lib/libpangocairo-1.0.so.0.3000.0
7f538a82f000-7f538a830000 r--p 0000b000 08:06 533238                     /usr/lib/libpangocairo-1.0.so.0.3000.0
7f538a830000-7f538a831000 rw-p 0000c000 08:06 533238                     /usr/lib/libpangocairo-1.0.so.0.3000.0
7f538a831000-7f538a85c000 r-xp 00000000 08:06 533236                     /usr/lib/libpangoft2-1.0.so.0.3000.0
7f538a85c000-7f538aa5c000 ---p 0002b000 08:06 533236                     /usr/lib/libpangoft2-1.0.so.0.3000.0
7f538aa5c000-7f538aa5d000 r--p 0002b000 08:06 533236                     /usr/lib/libpangoft2-1.0.so.0.3000.0
7f538aa5d000-7f538aa5e000 rw-p 0002c000 08:06 533236                     /usr/lib/libpangoft2-1.0.so.0.3000.0
7f538aa5e000-7f538aba3000 r-xp 00000000 08:06 528051                     /usr/lib/libgio-2.0.so.0.3200.3
7f538aba3000-7f538ada3000 ---p 00145000 08:06 528051                     /usr/lib/libgio-2.0.so.0.3200.3
7f538ada3000-7f538ada7000 r--p 00145000 08:06 528051                     /usr/lib/libgio-2.0.so.0.3200.3
7f538ada7000-7f538ada9000 rw-p 00149000 08:06 528051                     /usr/lib/libgio-2.0.so.0.3200.3
7f538ada9000-7f538adab000 rw-p 00000000 00:00 0 
7f538adab000-7f538adcb000 r-xp 00000000 08:06 533187                     /usr/lib/libatk-1.0.so.0.20409.1
7f538adcb000-7f538afcb000 ---p 00020000 08:06 533187                     /usr/lib/libatk-1.0.so.0.20409.1
7f538afcb000-7f538afcd000 r--p 00020000 08:06 533187                     /usr/lib/libatk-1.0.so.0.20409.1
7f538afcd000-7f538afce000 rw-p 00022000 08:06 533187                     /usr/lib/libatk-1.0.so.0.20409.1
7f538afce000-7f538b07b000 r-xp 00000000 08:06 523419                     /usr/lib/libgdk-x11-2.0.so.0.2400.10
7f538b07b000-7f538b27b000 ---p 000ad000 08:06 523419                     /usr/lib/libgdk-x11-2.0.so.0.2400.10
7f538b27b000-7f538b27f000 r--p 000ad000 08:06 523419                     /usr/lib/libgdk-x11-2.0.so.0.2400.10
7f538b27f000-7f538b281000 rw-p 000b1000 08:06 523419                     /usr/lib/libgdk-x11-2.0.so.0.2400.10
7f538b281000-7f538b6a3000 r-xp 00000000 08:06 523420                     /usr/lib/libgtk-x11-2.0.so.0.2400.10
7f538b6a3000-7f538b8a3000 ---p 00422000 08:06 523420                     /usr/lib/libgtk-x11-2.0.so.0.2400.10
7f538b8a3000-7f538b8aa000 r--p 00422000 08:06 523420                     /usr/lib/libgtk-x11-2.0.so.0.2400.10
7f538b8aa000-7f538b8ae000 rw-p 00429000 08:06 523420                     /usr/lib/libgtk-x11-2.0.so.0.2400.10
7f538b8ae000-7f538b8b0000 rw-p 00000000 00:00 0 
7f538b8b0000-7f538b8be000 r-xp 00000000 08:06 526751                     /usr/lib/libXi.so.6.1.0
7f538b8be000-7f538babd000 ---p 0000e000 08:06 526751                     /usr/lib/libXi.so.6.1.0
7f538babd000-7f538babe000 r--p 0000d000 08:06 526751                     /usr/lib/libXi.so.6.1.0
7f538babe000-7f538babf000 rw-p 0000e000 08:06 526751                     /usr/lib/libXi.so.6.1.0
7f538babf000-7f538bac4000 r-xp 00000000 08:06 523793                     /usr/lib/libXtst.so.6.1.0
7f538bac4000-7f538bcc4000 ---p 00005000 08:06 523793                     /usr/lib/libXtst.so.6.1.0
7f538bcc4000-7f538bcc5000 r--p 00005000 08:06 523793                     /usr/lib/libXtst.so.6.1.0
7f538bcc5000-7f538bcc6000 rw-p 00006000 08:06 523793                     /usr/lib/libXtst.so.6.1.0
7f538bcc6000-7f538bdfa000 r-xp 00000000 08:06 531386                     /usr/lib/libX11.so.6.3.0
7f538bdfa000-7f538bffa000 ---p 00134000 08:06 531386                     /usr/lib/libX11.so.6.3.0
7f538bffa000-7f538bffb000 r--p 00134000 08:06 531386                     /usr/lib/libX11.so.6.3.0
7f538bffb000-7f538c000000 rw-p 00135000 08:06 531386                     /usr/lib/libX11.so.6.3.0
7f538c000000-7f538c021000 rw-p 00000000 00:00 0 
7f538c021000-7f5390000000 ---p 00000000 00:00 0 
7f5390000000-7f5390021000 rw-p 00000000 00:00 0 
7f5390021000-7f5394000000 ---p 00000000 00:00 0 
7f5394000000-7f5394021000 rw-p 00000000 00:00 0 
7f5394021000-7f5398000000 ---p 00000000 00:00 0 
7f5398008000-7f5398012000 r-xp 00000000 08:06 529110                     /usr/lib/libXrender.so.1.3.0
7f5398012000-7f5398211000 ---p 0000a000 08:06 529110                     /usr/lib/libXrender.so.1.3.0
7f5398211000-7f5398212000 r--p 00009000 08:06 529110                     /usr/lib/libXrender.so.1.3.0
7f5398212000-7f5398213000 rw-p 0000a000 08:06 529110                     /usr/lib/libXrender.so.1.3.0
7f5398213000-7f5398225000 r-xp 00000000 08:06 523664                     /usr/lib/libXext.so.6.4.0
7f5398225000-7f5398424000 ---p 00012000 08:06 523664                     /usr/lib/libXext.so.6.4.0
7f5398424000-7f5398425000 r--p 00011000 08:06 523664                     /usr/lib/libXext.so.6.4.0
7f5398425000-7f5398426000 rw-p 00012000 08:06 523664                     /usr/lib/libXext.so.6.4.0
7f5398426000-7f5398478000 r-xp 00000000 08:06 533913                     /usr/lib/jvm/java-7-openjdk/jre/lib/amd64/xawt/libmawt.so
7f5398478000-7f5398677000 ---p 00052000 08:06 533913                     /usr/lib/jvm/java-7-openjdk/jre/lib/amd64/xawt/libmawt.so
7f5398677000-7f539867b000 rw-p 00051000 08:06 533913                     /usr/lib/jvm/java-7-openjdk/jre/lib/amd64/xawt/libmawt.so
7f539867b000-7f539867c000 rw-p 00000000 00:00 0 
7f539867c000-7f539871e000 r-xp 00000000 08:06 525820                     /usr/lib/jvm/java-7-openjdk/jre/lib/amd64/libawt.so
7f539871e000-7f539891e000 ---p 000a2000 08:06 525820                     /usr/lib/jvm/java-7-openjdk/jre/lib/amd64/libawt.so
7f539891e000-7f539892a000 rw-p 000a2000 08:06 525820                     /usr/lib/jvm/java-7-openjdk/jre/lib/amd64/libawt.so
7f539892a000-7f539894e000 rw-p 00000000 00:00 0 
7f539894e000-7f5398951000 r--s 0000f000 08:06 526356                     /usr/lib/jvm/java-7-openjdk/jre/lib/ext/pulse-java.jar
7f5398951000-7f5398952000 ---p 00000000 00:00 0 
7f5398952000-7f5398a52000 rw-p 00000000 00:00 0 
7f5398a52000-7f5398a55000 ---p 00000000 00:00 0 
7f5398a55000-7f5398b53000 rw-p 00000000 00:00 0 
7f5398b53000-7f5398b56000 ---p 00000000 00:00 0 
7f5398b56000-7f5398c54000 rw-p 00000000 00:00 0 
7f5398c54000-7f5399000000 r--p 00000000 08:06 536728                     /usr/lib/locale/locale-archive
7f5399000000-7f5399270000 rwxp 00000000 00:00 0 
7f5399270000-7f539c4e7000 rw-p 00000000 00:00 0 
7f539c4e7000-7f53a0000000 ---p 00000000 00:00 0 
7f53a001a000-7f53a0023000 r--s 00263000 08:06 523786                     /usr/lib/jvm/java-7-openjdk/jre/lib/resources.jar
7f53a0023000-7f53a00eb000 rw-p 00000000 00:00 0 
7f53a00eb000-7f53a00ee000 ---p 00000000 00:00 0 
7f53a00ee000-7f53a01ec000 rw-p 00000000 00:00 0 
7f53a01ec000-7f53a01ef000 ---p 00000000 00:00 0 
7f53a01ef000-7f53a02ed000 rw-p 00000000 00:00 0 
7f53a02ed000-7f53a02f0000 ---p 00000000 00:00 0 
7f53a02f0000-7f53a03ee000 rw-p 00000000 00:00 0 
7f53a03ee000-7f53a03f1000 ---p 00000000 00:00 0 
7f53a03f1000-7f53a04ef000 rw-p 00000000 00:00 0 
7f53a04ef000-7f53a04f0000 ---p 00000000 00:00 0 
7f53a04f0000-7f53a0b61000 rw-p 00000000 00:00 0 
7f53a0b61000-7f53a0d10000 r--s 03e7b000 08:06 524045                     /usr/lib/jvm/java-7-openjdk/jre/lib/rt.jar
7f53a0d10000-7f53a0d38000 rw-p 00000000 00:00 0 
7f53a0d38000-7f53a0d39000 ---p 00000000 00:00 0 
7f53a0d39000-7f53a0e39000 rw-p 00000000 00:00 0 
7f53a0e39000-7f53a0e3a000 ---p 00000000 00:00 0 
7f53a0e3a000-7f53a0f3a000 rw-p 00000000 00:00 0 
7f53a0f3a000-7f53a0f3b000 ---p 00000000 00:00 0 
7f53a0f3b000-7f53a103b000 rw-p 00000000 00:00 0 
7f53a103b000-7f53a103c000 ---p 00000000 00:00 0 
7f53a103c000-7f53a1147000 rw-p 00000000 00:00 0 
7f53a1147000-7f53a118f000 rw-p 00000000 00:00 0 
7f53a118f000-7f53a11e2000 rw-p 00000000 00:00 0 
7f53a11e2000-7f53a16b5000 rw-p 00000000 00:00 0 
7f53a16b5000-7f53a16c0000 rw-p 00000000 00:00 0 
7f53a16c0000-7f53a1708000 rw-p 00000000 00:00 0 
7f53a1708000-7f53a175b000 rw-p 00000000 00:00 0 
7f53a175b000-7f53a1c2d000 rw-p 00000000 00:00 0 
7f53a1c2d000-7f53a1c57000 rw-p 00000000 00:00 0 
7f53a1c57000-7f53a1ec0000 rw-p 00000000 00:00 0 
7f53a1ec0000-7f53a1ec1000 rw-p 00000000 00:00 0 
7f53a1ec1000-7f53a1ec9000 r-xp 00000000 08:06 525197                     /usr/lib/jvm/java-7-openjdk/jre/lib/amd64/libzip.so
7f53a1ec9000-7f53a20c8000 ---p 00008000 08:06 525197                     /usr/lib/jvm/java-7-openjdk/jre/lib/amd64/libzip.so
7f53a20c8000-7f53a20c9000 rw-p 00007000 08:06 525197                     /usr/lib/jvm/java-7-openjdk/jre/lib/amd64/libzip.so
7f53a20c9000-7f53a20d5000 r-xp 00000000 08:06 1309                       /lib/libnss_files-2.15.so
7f53a20d5000-7f53a22d4000 ---p 0000c000 08:06 1309                       /lib/libnss_files-2.15.so
7f53a22d4000-7f53a22d5000 r--p 0000b000 08:06 1309                       /lib/libnss_files-2.15.so
7f53a22d5000-7f53a22d6000 rw-p 0000c000 08:06 1309                       /lib/libnss_files-2.15.so
7f53a22d6000-7f53a22ff000 r-xp 00000000 08:06 525207                     /usr/lib/jvm/java-7-openjdk/jre/lib/amd64/libjava.so
7f53a22ff000-7f53a24fe000 ---p 00029000 08:06 525207                     /usr/lib/jvm/java-7-openjdk/jre/lib/amd64/libjava.so
7f53a24fe000-7f53a2500000 rw-p 00028000 08:06 525207                     /usr/lib/jvm/java-7-openjdk/jre/lib/amd64/libjava.so
7f53a2500000-7f53a250e000 r-xp 00000000 08:06 525194                     /usr/lib/jvm/java-7-openjdk/jre/lib/amd64/libverify.so
7f53a250e000-7f53a270d000 ---p 0000e000 08:06 525194                     /usr/lib/jvm/java-7-openjdk/jre/lib/amd64/libverify.so
7f53a270d000-7f53a270f000 rw-p 0000d000 08:06 525194                     /usr/lib/jvm/java-7-openjdk/jre/lib/amd64/libverify.so
7f53a270f000-7f53a2716000 r-xp 00000000 08:06 1288                       /lib/librt-2.15.so
7f53a2716000-7f53a2915000 ---p 00007000 08:06 1288                       /lib/librt-2.15.so
7f53a2915000-7f53a2916000 r--p 00006000 08:06 1288                       /lib/librt-2.15.so
7f53a2916000-7f53a2917000 rw-p 00007000 08:06 1288                       /lib/librt-2.15.so
7f53a2917000-7f53a292c000 r-xp 00000000 08:06 526089                     /usr/lib/libgcc_s.so.1
7f53a292c000-7f53a2b2b000 ---p 00015000 08:06 526089                     /usr/lib/libgcc_s.so.1
7f53a2b2b000-7f53a2b2c000 rw-p 00014000 08:06 526089                     /usr/lib/libgcc_s.so.1
7f53a2b2c000-7f53a2c1f000 r-xp 00000000 08:06 1293                       /lib/libm-2.15.so
7f53a2c1f000-7f53a2e1f000 ---p 000f3000 08:06 1293                       /lib/libm-2.15.so
7f53a2e1f000-7f53a2e20000 r--p 000f3000 08:06 1293                       /lib/libm-2.15.so
7f53a2e20000-7f53a2e21000 rw-p 000f4000 08:06 1293                       /lib/libm-2.15.so
7f53a2e21000-7f53a2f06000 r-xp 00000000 08:06 526567                     /usr/lib/libstdc++.so.6.0.17
7f53a2f06000-7f53a3106000 ---p 000e5000 08:06 526567                     /usr/lib/libstdc++.so.6.0.17
7f53a3106000-7f53a310e000 r--p 000e5000 08:06 526567                     /usr/lib/libstdc++.so.6.0.17
7f53a310e000-7f53a3110000 rw-p 000ed000 08:06 526567                     /usr/lib/libstdc++.so.6.0.17
7f53a3110000-7f53a3125000 rw-p 00000000 00:00 0 
7f53a3125000-7f53a3ab8000 r-xp 00000000 08:06 525849                     /usr/lib/jvm/java-7-openjdk/jre/lib/amd64/server/libjvm.so
7f53a3ab8000-7f53a3cb8000 ---p 00993000 08:06 525849                     /usr/lib/jvm/java-7-openjdk/jre/lib/amd64/server/libjvm.so
7f53a3cb8000-7f53a3d54000 rw-p 00993000 08:06 525849                     /usr/lib/jvm/java-7-openjdk/jre/lib/amd64/server/libjvm.so
7f53a3d54000-7f53a3d7e000 rw-p 00000000 00:00 0 
7f53a3d7e000-7f53a3f15000 r-xp 00000000 08:06 1304                       /lib/libc-2.15.so
7f53a3f15000-7f53a4115000 ---p 00197000 08:06 1304                       /lib/libc-2.15.so
7f53a4115000-7f53a4119000 r--p 00197000 08:06 1304                       /lib/libc-2.15.so
7f53a4119000-7f53a411b000 rw-p 0019b000 08:06 1304                       /lib/libc-2.15.so
7f53a411b000-7f53a411f000 rw-p 00000000 00:00 0 
7f53a411f000-7f53a4122000 r-xp 00000000 08:06 1292                       /lib/libdl-2.15.so
7f53a4122000-7f53a4321000 ---p 00003000 08:06 1292                       /lib/libdl-2.15.so
7f53a4321000-7f53a4322000 r--p 00002000 08:06 1292                       /lib/libdl-2.15.so
7f53a4322000-7f53a4323000 rw-p 00003000 08:06 1292                       /lib/libdl-2.15.so
7f53a4323000-7f53a4338000 r-xp 00000000 08:06 528979                     /usr/lib/libz.so.1.2.7
7f53a4338000-7f53a4537000 ---p 00015000 08:06 528979                     /usr/lib/libz.so.1.2.7
7f53a4537000-7f53a4538000 r--p 00014000 08:06 528979                     /usr/lib/libz.so.1.2.7
7f53a4538000-7f53a4539000 rw-p 00015000 08:06 528979                     /usr/lib/libz.so.1.2.7
7f53a4539000-7f53a4545000 r-xp 00000000 08:06 526062                     /usr/lib/jvm/java-7-openjdk/jre/lib/amd64/jli/libjli.so
7f53a4545000-7f53a4745000 ---p 0000c000 08:06 526062                     /usr/lib/jvm/java-7-openjdk/jre/lib/amd64/jli/libjli.so
7f53a4745000-7f53a4746000 rw-p 0000c000 08:06 526062                     /usr/lib/jvm/java-7-openjdk/jre/lib/amd64/jli/libjli.so
7f53a4746000-7f53a475d000 r-xp 00000000 08:06 929                        /lib/libpthread-2.15.so
7f53a475d000-7f53a495c000 ---p 00017000 08:06 929                        /lib/libpthread-2.15.so
7f53a495c000-7f53a495d000 r--p 00016000 08:06 929                        /lib/libpthread-2.15.so
7f53a495d000-7f53a495e000 rw-p 00017000 08:06 929                        /lib/libpthread-2.15.so
7f53a495e000-7f53a4962000 rw-p 00000000 00:00 0 
7f53a4962000-7f53a4983000 r-xp 00000000 08:06 1312                       /lib/ld-2.15.so
7f53a4988000-7f53a498c000 r--s 000a0000 08:06 523715                     /usr/lib/jvm/java-7-openjdk/jre/lib/jsse.jar
7f53a498c000-7f53a4996000 rw-p 00000000 00:00 0 
7f53a4996000-7f53a4a4c000 rw-p 00000000 00:00 0 
7f53a4a4c000-7f53a4a4f000 ---p 00000000 00:00 0 
7f53a4a4f000-7f53a4b52000 rw-p 00000000 00:00 0 
7f53a4b55000-7f53a4b56000 rw-s 00005000 00:05 10083                      /dev/ati/card1
7f53a4b56000-7f53a4b76000 rw-s feae0000 00:05 10083                      /dev/ati/card1
7f53a4b76000-7f53a4b78000 rw-s 00002000 00:05 10083                      /dev/ati/card1
7f53a4b78000-7f53a4b80000 rw-s 00000000 08:06 527843                     /tmp/hsperfdata_tobi/6252 (deleted)
7f53a4b80000-7f53a4b81000 rw-p 00000000 00:00 0 
7f53a4b81000-7f53a4b82000 ---p 00000000 00:00 0 
7f53a4b82000-7f53a4b83000 rw-p 00000000 00:00 0 
7f53a4b83000-7f53a4b84000 r--p 00021000 08:06 1312                       /lib/ld-2.15.so
7f53a4b84000-7f53a4b85000 rw-p 00022000 08:06 1312                       /lib/ld-2.15.so
7f53a4b85000-7f53a4b86000 rw-p 00000000 00:00 0 
7fff35e4e000-7fff35e6f000 rw-p 00000000 00:00 0                          [stack]
7fff35e94000-7fff35e95000 r-xp 00000000 00:00 0                          [vdso]
ffffffffff600000-ffffffffff601000 r-xp 00000000 00:00 0                  [vsyscall]

VM Arguments:
jvm_args: -Dsun.java2d.opengl=True -Dfile.encoding=UTF-8 
java_command: bombi.BombiGui
Launcher Type: SUN_STANDARD

Environment Variables:
JAVA_HOME=/usr/lib/jvm/java-7-openjdk
PATH=/usr/local/bin:/usr/bin:/bin:/usr/local/sbin:/usr/sbin:/sbin:/opt/android-sdk/platform-tools:/opt/android-sdk/tools:/usr/bin/vendor_perl:/usr/bin/core_perl
SHELL=/bin/bash
DISPLAY=:0.0

Signal Handlers:
SIGSEGV: [libjvm.so+0x807d30], sa_mask[0]=0x7ffbfeff, sa_flags=0x10000004
SIGBUS: [libjvm.so+0x807d30], sa_mask[0]=0x7ffbfeff, sa_flags=0x10000004
SIGFPE: [libjvm.so+0x6ac970], sa_mask[0]=0x7ffbfeff, sa_flags=0x10000004
SIGPIPE: [libjvm.so+0x6ac970], sa_mask[0]=0x7ffbfeff, sa_flags=0x10000004
SIGXFSZ: [libjvm.so+0x6ac970], sa_mask[0]=0x7ffbfeff, sa_flags=0x10000004
SIGILL: [libjvm.so+0x6ac970], sa_mask[0]=0x7ffbfeff, sa_flags=0x10000004
SIGUSR1: SIG_DFL, sa_mask[0]=0x00000000, sa_flags=0x00000000
SIGUSR2: [libjvm.so+0x6acd40], sa_mask[0]=0x00000004, sa_flags=0x10000004
SIGHUP: [libjvm.so+0x6ace80], sa_mask[0]=0x7ffbfeff, sa_flags=0x10000004
SIGINT: [libjvm.so+0x6ace80], sa_mask[0]=0x7ffbfeff, sa_flags=0x10000004
SIGTERM: [libjvm.so+0x6ace80], sa_mask[0]=0x7ffbfeff, sa_flags=0x10000004
SIGQUIT: [libjvm.so+0x6ace80], sa_mask[0]=0x7ffbfeff, sa_flags=0x10000004


---------------  S Y S T E M  ---------------

OS:Linux
uname:Linux 3.3.6-1-ARCH #1 SMP PREEMPT Sun May 13 10:52:32 CEST 2012 x86_64
libc:glibc 2.15 NPTL 2.15 
rlimit: STACK 8192k, CORE 0k, NPROC 125839, NOFILE 4096, AS infinity
load average:1.48 1.38 1.41

/proc/meminfo:
MemTotal:       16180360 kB
MemFree:         8111744 kB
Buffers:         1683272 kB
Cached:          3952712 kB
SwapCached:            0 kB
Active:          2937568 kB
Inactive:        4385704 kB
Active(anon):    1688252 kB
Inactive(anon):    54112 kB
Active(file):    1249316 kB
Inactive(file):  4331592 kB
Unevictable:           0 kB
Mlocked:               0 kB
SwapTotal:             0 kB
SwapFree:              0 kB
Dirty:               272 kB
Writeback:             0 kB
AnonPages:       1682988 kB
Mapped:           339000 kB
Shmem:             55084 kB
Slab:             351484 kB
SReclaimable:     318032 kB
SUnreclaim:        33452 kB
KernelStack:        4448 kB
PageTables:        41032 kB
NFS_Unstable:          0 kB
Bounce:                0 kB
WritebackTmp:          0 kB
CommitLimit:     8090180 kB
Committed_AS:    3720404 kB
VmallocTotal:   34359738367 kB
VmallocUsed:      361360 kB
VmallocChunk:   34359373283 kB
HardwareCorrupted:     0 kB
AnonHugePages:    931840 kB
HugePages_Total:       0
HugePages_Free:        0
HugePages_Rsvd:        0
HugePages_Surp:        0
Hugepagesize:       2048 kB
DirectMap4k:      125440 kB
DirectMap2M:     7999488 kB
DirectMap1G:     8388608 kB


CPU:total 4 (4 cores per cpu, 1 threads per core) family 16 model 5 stepping 2, cmov, cx8, fxsr, mmx, sse, sse2, sse3, popcnt, mmxext, 3dnowpref, lzcnt, sse4a

/proc/cpuinfo:
processor	: 0
vendor_id	: AuthenticAMD
cpu family	: 16
model		: 5
model name	: AMD Athlon(tm) II X4 620 Processor
stepping	: 2
microcode	: 0x10000c6
cpu MHz		: 2600.000
cache size	: 512 KB
physical id	: 0
siblings	: 4
core id		: 0
cpu cores	: 4
apicid		: 0
initial apicid	: 0
fpu		: yes
fpu_exception	: yes
cpuid level	: 5
wp		: yes
flags		: fpu vme de pse tsc msr pae mce cx8 apic sep mtrr pge mca cmov pat pse36 clflush mmx fxsr sse sse2 ht syscall nx mmxext fxsr_opt pdpe1gb rdtscp lm 3dnowext 3dnow constant_tsc rep_good nopl nonstop_tsc extd_apicid pni monitor cx16 popcnt lahf_lm cmp_legacy svm extapic cr8_legacy abm sse4a misalignsse 3dnowprefetch osvw ibs skinit wdt nodeid_msr npt lbrv svm_lock nrip_save
bogomips	: 5225.31
TLB size	: 1024 4K pages
clflush size	: 64
cache_alignment	: 64
address sizes	: 48 bits physical, 48 bits virtual
power management: ts ttp tm stc 100mhzsteps hwpstate

processor	: 1
vendor_id	: AuthenticAMD
cpu family	: 16
model		: 5
model name	: AMD Athlon(tm) II X4 620 Processor
stepping	: 2
microcode	: 0x10000c6
cpu MHz		: 2600.000
cache size	: 512 KB
physical id	: 0
siblings	: 4
core id		: 1
cpu cores	: 4
apicid		: 1
initial apicid	: 1
fpu		: yes
fpu_exception	: yes
cpuid level	: 5
wp		: yes
flags		: fpu vme de pse tsc msr pae mce cx8 apic sep mtrr pge mca cmov pat pse36 clflush mmx fxsr sse sse2 ht syscall nx mmxext fxsr_opt pdpe1gb rdtscp lm 3dnowext 3dnow constant_tsc rep_good nopl nonstop_tsc extd_apicid pni monitor cx16 popcnt lahf_lm cmp_legacy svm extapic cr8_legacy abm sse4a misalignsse 3dnowprefetch osvw ibs skinit wdt nodeid_msr npt lbrv svm_lock nrip_save
bogomips	: 5225.31
TLB size	: 1024 4K pages
clflush size	: 64
cache_alignment	: 64
address sizes	: 48 bits physical, 48 bits virtual
power management: ts ttp tm stc 100mhzsteps hwpstate

processor	: 2
vendor_id	: AuthenticAMD
cpu family	: 16
model		: 5
model name	: AMD Athlon(tm) II X4 620 Processor
stepping	: 2
microcode	: 0x10000c6
cpu MHz		: 2600.000
cache size	: 512 KB
physical id	: 0
siblings	: 4
core id		: 2
cpu cores	: 4
apicid		: 2
initial apicid	: 2
fpu		: yes
fpu_exception	: yes
cpuid level	: 5
wp		: yes
flags		: fpu vme de pse tsc msr pae mce cx8 apic sep mtrr pge mca cmov pat pse36 clflush mmx fxsr sse sse2 ht syscall nx mmxext fxsr_opt pdpe1gb rdtscp lm 3dnowext 3dnow constant_tsc rep_good nopl nonstop_tsc extd_apicid pni monitor cx16 popcnt lahf_lm cmp_legacy svm extapic cr8_legacy abm sse4a misalignsse 3dnowprefetch osvw ibs skinit wdt nodeid_msr npt lbrv svm_lock nrip_save
bogomips	: 5225.31
TLB size	: 1024 4K pages
clflush size	: 64
cache_alignment	: 64
address sizes	: 48 bits physical, 48 bits virtual
power management: ts ttp tm stc 100mhzsteps hwpstate

processor	: 3
vendor_id	: AuthenticAMD
cpu family	: 16
model		: 5
model name	: AMD Athlon(tm) II X4 620 Processor
stepping	: 2
microcode	: 0x10000c6
cpu MHz		: 1900.000
cache size	: 512 KB
physical id	: 0
siblings	: 4
core id		: 3
cpu cores	: 4
apicid		: 3
initial apicid	: 3
fpu		: yes
fpu_exception	: yes
cpuid level	: 5
wp		: yes
flags		: fpu vme de pse tsc msr pae mce cx8 apic sep mtrr pge mca cmov pat pse36 clflush mmx fxsr sse sse2 ht syscall nx mmxext fxsr_opt pdpe1gb rdtscp lm 3dnowext 3dnow constant_tsc rep_good nopl nonstop_tsc extd_apicid pni monitor cx16 popcnt lahf_lm cmp_legacy svm extapic cr8_legacy abm sse4a misalignsse 3dnowprefetch osvw ibs skinit wdt nodeid_msr npt lbrv svm_lock nrip_save
bogomips	: 5225.31
TLB size	: 1024 4K pages
clflush size	: 64
cache_alignment	: 64
address sizes	: 48 bits physical, 48 bits virtual
power management: ts ttp tm stc 100mhzsteps hwpstate



Memory: 4k page, physical 16180360k(8111744k free), swap 0k(0k free)

vm_info: OpenJDK 64-Bit Server VM (22.0-b10) for linux-amd64 JRE (1.7.0_03-b147), built on Mar  6 2012 20:02:29 by "nobody" with gcc 4.6.3

time: Fri May 18 20:51:03 2012
elapsed time: 2 seconds

